[2022-10-12T20:46:16.249-0500] {taskinstance.py:1165} INFO - Dependencies all met for <TaskInstance: DesafioAirflow.sqlite_csv scheduled__2022-10-11T21:17:19.235697+00:00 [queued]>
[2022-10-12T20:46:16.303-0500] {taskinstance.py:1165} INFO - Dependencies all met for <TaskInstance: DesafioAirflow.sqlite_csv scheduled__2022-10-11T21:17:19.235697+00:00 [queued]>
[2022-10-12T20:46:16.304-0500] {taskinstance.py:1362} INFO - 
--------------------------------------------------------------------------------
[2022-10-12T20:46:16.304-0500] {taskinstance.py:1363} INFO - Starting attempt 3 of 4
[2022-10-12T20:46:16.304-0500] {taskinstance.py:1364} INFO - 
--------------------------------------------------------------------------------
[2022-10-12T20:46:16.321-0500] {taskinstance.py:1383} INFO - Executing <Task(PythonOperator): sqlite_csv> on 2022-10-11 21:17:19.235697+00:00
[2022-10-12T20:46:16.323-0500] {standard_task_runner.py:54} INFO - Started process 189905 to run task
[2022-10-12T20:46:16.326-0500] {standard_task_runner.py:82} INFO - Running: ['airflow', 'tasks', 'run', 'DesafioAirflow', 'sqlite_csv', 'scheduled__2022-10-11T21:17:19.235697+00:00', '--job-id', '16', '--raw', '--subdir', 'DAGS_FOLDER/elt_dag.py', '--cfg-path', '/tmp/tmpnr5a7yx9']
[2022-10-12T20:46:16.327-0500] {standard_task_runner.py:83} INFO - Job 16: Subtask sqlite_csv
[2022-10-12T20:46:16.328-0500] {dagbag.py:525} INFO - Filling up the DagBag from /home/gabsiston/Documentos/projetos/airflow-data/dags/elt_dag.py
[2022-10-12T20:46:16.766-0500] {task_command.py:384} INFO - Running <TaskInstance: DesafioAirflow.sqlite_csv scheduled__2022-10-11T21:17:19.235697+00:00 [running]> on host linux-gabi
[2022-10-12T20:46:16.818-0500] {taskinstance.py:1590} INFO - Exporting the following env vars:
AIRFLOW_CTX_DAG_EMAIL=gabriela.siston@indicium.tech
AIRFLOW_CTX_DAG_OWNER=airflow
AIRFLOW_CTX_DAG_ID=DesafioAirflow
AIRFLOW_CTX_TASK_ID=sqlite_csv
AIRFLOW_CTX_EXECUTION_DATE=2022-10-11T21:17:19.235697+00:00
AIRFLOW_CTX_TRY_NUMBER=3
AIRFLOW_CTX_DAG_RUN_ID=scheduled__2022-10-11T21:17:19.235697+00:00
[2022-10-12T20:46:16.838-0500] {python.py:177} INFO - Done. Returned value was: None
[2022-10-12T20:46:16.842-0500] {taskinstance.py:1401} INFO - Marking task as SUCCESS. dag_id=DesafioAirflow, task_id=sqlite_csv, execution_date=20221011T211719, start_date=20221013T014616, end_date=20221013T014616
[2022-10-12T20:46:16.899-0500] {local_task_job.py:164} INFO - Task exited with return code 0
[2022-10-12T20:46:16.913-0500] {local_task_job.py:273} INFO - 0 downstream tasks scheduled from follow-on schedule check
