[2022-10-12T21:06:42.008-0500] {taskinstance.py:1165} INFO - Dependencies all met for <TaskInstance: DesafioAirflow.export_output scheduled__2022-10-11T21:17:19.235697+00:00 [queued]>
[2022-10-12T21:06:42.064-0500] {taskinstance.py:1165} INFO - Dependencies all met for <TaskInstance: DesafioAirflow.export_output scheduled__2022-10-11T21:17:19.235697+00:00 [queued]>
[2022-10-12T21:06:42.064-0500] {taskinstance.py:1362} INFO - 
--------------------------------------------------------------------------------
[2022-10-12T21:06:42.064-0500] {taskinstance.py:1363} INFO - Starting attempt 1 of 2
[2022-10-12T21:06:42.064-0500] {taskinstance.py:1364} INFO - 
--------------------------------------------------------------------------------
[2022-10-12T21:06:42.087-0500] {taskinstance.py:1383} INFO - Executing <Task(PythonOperator): export_output> on 2022-10-11 21:17:19.235697+00:00
[2022-10-12T21:06:42.089-0500] {standard_task_runner.py:54} INFO - Started process 194551 to run task
[2022-10-12T21:06:42.092-0500] {standard_task_runner.py:82} INFO - Running: ['airflow', 'tasks', 'run', 'DesafioAirflow', 'export_output', 'scheduled__2022-10-11T21:17:19.235697+00:00', '--job-id', '18', '--raw', '--subdir', 'DAGS_FOLDER/elt_dag.py', '--cfg-path', '/tmp/tmptiu9ne0h']
[2022-10-12T21:06:42.093-0500] {standard_task_runner.py:83} INFO - Job 18: Subtask export_output
[2022-10-12T21:06:42.095-0500] {dagbag.py:525} INFO - Filling up the DagBag from /home/gabsiston/Documentos/projetos/airflow-data/dags/elt_dag.py
[2022-10-12T21:06:42.523-0500] {task_command.py:384} INFO - Running <TaskInstance: DesafioAirflow.export_output scheduled__2022-10-11T21:17:19.235697+00:00 [running]> on host linux-gabi
[2022-10-12T21:06:42.583-0500] {taskinstance.py:1590} INFO - Exporting the following env vars:
AIRFLOW_CTX_DAG_EMAIL=gabriela.siston@indicium.tech
AIRFLOW_CTX_DAG_OWNER=airflow
AIRFLOW_CTX_DAG_ID=DesafioAirflow
AIRFLOW_CTX_TASK_ID=export_output
AIRFLOW_CTX_EXECUTION_DATE=2022-10-11T21:17:19.235697+00:00
AIRFLOW_CTX_TRY_NUMBER=1
AIRFLOW_CTX_DAG_RUN_ID=scheduled__2022-10-11T21:17:19.235697+00:00
[2022-10-12T21:06:42.599-0500] {python.py:177} INFO - Done. Returned value was: None
[2022-10-12T21:06:42.606-0500] {taskinstance.py:1401} INFO - Marking task as SUCCESS. dag_id=DesafioAirflow, task_id=export_output, execution_date=20221011T211719, start_date=20221013T020642, end_date=20221013T020642
[2022-10-12T21:06:42.664-0500] {local_task_job.py:164} INFO - Task exited with return code 0
[2022-10-12T21:06:42.683-0500] {local_task_job.py:273} INFO - 0 downstream tasks scheduled from follow-on schedule check
