[2022-10-11T20:25:35.164-0500] {processor.py:156} INFO - Started process (PID=7905) to work on /home/gabsiston/Documentos/projetos/airflow-data/venv/lib/python3.8/site-packages/airflow/example_dags/example_short_circuit_decorator.py
[2022-10-11T20:25:35.164-0500] {processor.py:758} INFO - Processing file /home/gabsiston/Documentos/projetos/airflow-data/venv/lib/python3.8/site-packages/airflow/example_dags/example_short_circuit_decorator.py for tasks to queue
[2022-10-11T20:25:35.165-0500] {logging_mixin.py:117} INFO - [2022-10-11T20:25:35.165-0500] {dagbag.py:525} INFO - Filling up the DagBag from /home/gabsiston/Documentos/projetos/airflow-data/venv/lib/python3.8/site-packages/airflow/example_dags/example_short_circuit_decorator.py
[2022-10-11T20:25:35.181-0500] {processor.py:768} INFO - DAG(s) dict_keys(['example_short_circuit_decorator']) retrieved from /home/gabsiston/Documentos/projetos/airflow-data/venv/lib/python3.8/site-packages/airflow/example_dags/example_short_circuit_decorator.py
[2022-10-11T20:25:35.297-0500] {logging_mixin.py:117} INFO - [2022-10-11T20:25:35.297-0500] {manager.py:507} INFO - Created Permission View: can read on DAG:example_short_circuit_decorator
[2022-10-11T20:25:35.315-0500] {logging_mixin.py:117} INFO - [2022-10-11T20:25:35.314-0500] {manager.py:507} INFO - Created Permission View: can edit on DAG:example_short_circuit_decorator
[2022-10-11T20:25:35.329-0500] {logging_mixin.py:117} INFO - [2022-10-11T20:25:35.329-0500] {manager.py:507} INFO - Created Permission View: can delete on DAG:example_short_circuit_decorator
[2022-10-11T20:25:35.329-0500] {logging_mixin.py:117} INFO - [2022-10-11T20:25:35.329-0500] {dag.py:2573} INFO - Sync 1 DAGs
[2022-10-11T20:25:35.344-0500] {logging_mixin.py:117} INFO - [2022-10-11T20:25:35.343-0500] {dag.py:2594} INFO - Creating ORM DAG for example_short_circuit_decorator
[2022-10-11T20:25:35.356-0500] {logging_mixin.py:117} INFO - [2022-10-11T20:25:35.356-0500] {dag.py:3324} INFO - Setting next_dagrun for example_short_circuit_decorator to 2022-10-11T01:25:35.355760+00:00, run_after=2022-10-12T01:25:35.355760+00:00
[2022-10-11T20:25:35.386-0500] {processor.py:178} INFO - Processing /home/gabsiston/Documentos/projetos/airflow-data/venv/lib/python3.8/site-packages/airflow/example_dags/example_short_circuit_decorator.py took 0.224 seconds
[2022-10-11T20:26:14.322-0500] {processor.py:156} INFO - Started process (PID=8369) to work on /home/gabsiston/Documentos/projetos/airflow-data/venv/lib/python3.8/site-packages/airflow/example_dags/example_short_circuit_decorator.py
[2022-10-11T20:26:14.325-0500] {processor.py:758} INFO - Processing file /home/gabsiston/Documentos/projetos/airflow-data/venv/lib/python3.8/site-packages/airflow/example_dags/example_short_circuit_decorator.py for tasks to queue
[2022-10-11T20:26:14.326-0500] {logging_mixin.py:117} INFO - [2022-10-11T20:26:14.326-0500] {dagbag.py:525} INFO - Filling up the DagBag from /home/gabsiston/Documentos/projetos/airflow-data/venv/lib/python3.8/site-packages/airflow/example_dags/example_short_circuit_decorator.py
[2022-10-11T20:26:14.379-0500] {processor.py:768} INFO - DAG(s) dict_keys(['example_short_circuit_decorator']) retrieved from /home/gabsiston/Documentos/projetos/airflow-data/venv/lib/python3.8/site-packages/airflow/example_dags/example_short_circuit_decorator.py
[2022-10-11T20:26:14.421-0500] {logging_mixin.py:117} INFO - [2022-10-11T20:26:14.421-0500] {dag.py:2573} INFO - Sync 1 DAGs
[2022-10-11T20:26:14.449-0500] {logging_mixin.py:117} INFO - [2022-10-11T20:26:14.449-0500] {dag.py:3324} INFO - Setting next_dagrun for example_short_circuit_decorator to 2022-10-11T01:26:14.449083+00:00, run_after=2022-10-12T01:26:14.449083+00:00
[2022-10-11T20:26:14.482-0500] {processor.py:178} INFO - Processing /home/gabsiston/Documentos/projetos/airflow-data/venv/lib/python3.8/site-packages/airflow/example_dags/example_short_circuit_decorator.py took 0.164 seconds
[2022-10-11T20:26:50.164-0500] {processor.py:156} INFO - Started process (PID=8825) to work on /home/gabsiston/Documentos/projetos/airflow-data/venv/lib/python3.8/site-packages/airflow/example_dags/example_short_circuit_decorator.py
[2022-10-11T20:26:50.166-0500] {processor.py:758} INFO - Processing file /home/gabsiston/Documentos/projetos/airflow-data/venv/lib/python3.8/site-packages/airflow/example_dags/example_short_circuit_decorator.py for tasks to queue
[2022-10-11T20:26:50.167-0500] {logging_mixin.py:117} INFO - [2022-10-11T20:26:50.167-0500] {dagbag.py:525} INFO - Filling up the DagBag from /home/gabsiston/Documentos/projetos/airflow-data/venv/lib/python3.8/site-packages/airflow/example_dags/example_short_circuit_decorator.py
[2022-10-11T20:26:50.202-0500] {processor.py:768} INFO - DAG(s) dict_keys(['example_short_circuit_decorator']) retrieved from /home/gabsiston/Documentos/projetos/airflow-data/venv/lib/python3.8/site-packages/airflow/example_dags/example_short_circuit_decorator.py
[2022-10-11T20:26:50.237-0500] {logging_mixin.py:117} INFO - [2022-10-11T20:26:50.237-0500] {dag.py:2573} INFO - Sync 1 DAGs
[2022-10-11T20:26:50.268-0500] {logging_mixin.py:117} INFO - [2022-10-11T20:26:50.267-0500] {dag.py:3324} INFO - Setting next_dagrun for example_short_circuit_decorator to 2022-10-11T01:26:50.267313+00:00, run_after=2022-10-12T01:26:50.267313+00:00
[2022-10-11T20:26:50.305-0500] {processor.py:178} INFO - Processing /home/gabsiston/Documentos/projetos/airflow-data/venv/lib/python3.8/site-packages/airflow/example_dags/example_short_circuit_decorator.py took 0.145 seconds
[2022-10-11T20:27:24.912-0500] {processor.py:156} INFO - Started process (PID=9434) to work on /home/gabsiston/Documentos/projetos/airflow-data/venv/lib/python3.8/site-packages/airflow/example_dags/example_short_circuit_decorator.py
[2022-10-11T20:27:24.914-0500] {processor.py:758} INFO - Processing file /home/gabsiston/Documentos/projetos/airflow-data/venv/lib/python3.8/site-packages/airflow/example_dags/example_short_circuit_decorator.py for tasks to queue
[2022-10-11T20:27:24.915-0500] {logging_mixin.py:117} INFO - [2022-10-11T20:27:24.915-0500] {dagbag.py:525} INFO - Filling up the DagBag from /home/gabsiston/Documentos/projetos/airflow-data/venv/lib/python3.8/site-packages/airflow/example_dags/example_short_circuit_decorator.py
[2022-10-11T20:27:24.945-0500] {processor.py:768} INFO - DAG(s) dict_keys(['example_short_circuit_decorator']) retrieved from /home/gabsiston/Documentos/projetos/airflow-data/venv/lib/python3.8/site-packages/airflow/example_dags/example_short_circuit_decorator.py
[2022-10-11T20:27:24.967-0500] {logging_mixin.py:117} INFO - [2022-10-11T20:27:24.966-0500] {dag.py:2573} INFO - Sync 1 DAGs
[2022-10-11T20:27:24.984-0500] {logging_mixin.py:117} INFO - [2022-10-11T20:27:24.984-0500] {dag.py:3324} INFO - Setting next_dagrun for example_short_circuit_decorator to 2022-10-11T01:27:24.984497+00:00, run_after=2022-10-12T01:27:24.984497+00:00
[2022-10-11T20:27:25.017-0500] {processor.py:178} INFO - Processing /home/gabsiston/Documentos/projetos/airflow-data/venv/lib/python3.8/site-packages/airflow/example_dags/example_short_circuit_decorator.py took 0.109 seconds
[2022-10-11T20:28:01.289-0500] {processor.py:156} INFO - Started process (PID=9625) to work on /home/gabsiston/Documentos/projetos/airflow-data/venv/lib/python3.8/site-packages/airflow/example_dags/example_short_circuit_decorator.py
[2022-10-11T20:28:01.290-0500] {processor.py:758} INFO - Processing file /home/gabsiston/Documentos/projetos/airflow-data/venv/lib/python3.8/site-packages/airflow/example_dags/example_short_circuit_decorator.py for tasks to queue
[2022-10-11T20:28:01.290-0500] {logging_mixin.py:117} INFO - [2022-10-11T20:28:01.290-0500] {dagbag.py:525} INFO - Filling up the DagBag from /home/gabsiston/Documentos/projetos/airflow-data/venv/lib/python3.8/site-packages/airflow/example_dags/example_short_circuit_decorator.py
[2022-10-11T20:28:01.311-0500] {processor.py:768} INFO - DAG(s) dict_keys(['example_short_circuit_decorator']) retrieved from /home/gabsiston/Documentos/projetos/airflow-data/venv/lib/python3.8/site-packages/airflow/example_dags/example_short_circuit_decorator.py
[2022-10-11T20:28:01.331-0500] {logging_mixin.py:117} INFO - [2022-10-11T20:28:01.331-0500] {dag.py:2573} INFO - Sync 1 DAGs
[2022-10-11T20:28:01.348-0500] {logging_mixin.py:117} INFO - [2022-10-11T20:28:01.348-0500] {dag.py:3324} INFO - Setting next_dagrun for example_short_circuit_decorator to 2022-10-11T01:28:01.348295+00:00, run_after=2022-10-12T01:28:01.348295+00:00
[2022-10-11T20:28:01.373-0500] {processor.py:178} INFO - Processing /home/gabsiston/Documentos/projetos/airflow-data/venv/lib/python3.8/site-packages/airflow/example_dags/example_short_circuit_decorator.py took 0.087 seconds
[2022-10-11T20:28:38.550-0500] {processor.py:156} INFO - Started process (PID=9989) to work on /home/gabsiston/Documentos/projetos/airflow-data/venv/lib/python3.8/site-packages/airflow/example_dags/example_short_circuit_decorator.py
[2022-10-11T20:28:38.552-0500] {processor.py:758} INFO - Processing file /home/gabsiston/Documentos/projetos/airflow-data/venv/lib/python3.8/site-packages/airflow/example_dags/example_short_circuit_decorator.py for tasks to queue
[2022-10-11T20:28:38.553-0500] {logging_mixin.py:117} INFO - [2022-10-11T20:28:38.553-0500] {dagbag.py:525} INFO - Filling up the DagBag from /home/gabsiston/Documentos/projetos/airflow-data/venv/lib/python3.8/site-packages/airflow/example_dags/example_short_circuit_decorator.py
[2022-10-11T20:28:38.575-0500] {processor.py:768} INFO - DAG(s) dict_keys(['example_short_circuit_decorator']) retrieved from /home/gabsiston/Documentos/projetos/airflow-data/venv/lib/python3.8/site-packages/airflow/example_dags/example_short_circuit_decorator.py
[2022-10-11T20:28:38.603-0500] {logging_mixin.py:117} INFO - [2022-10-11T20:28:38.603-0500] {dag.py:2573} INFO - Sync 1 DAGs
[2022-10-11T20:28:38.624-0500] {logging_mixin.py:117} INFO - [2022-10-11T20:28:38.624-0500] {dag.py:3324} INFO - Setting next_dagrun for example_short_circuit_decorator to 2022-10-11T01:28:38.623962+00:00, run_after=2022-10-12T01:28:38.623962+00:00
[2022-10-11T20:28:38.647-0500] {processor.py:178} INFO - Processing /home/gabsiston/Documentos/projetos/airflow-data/venv/lib/python3.8/site-packages/airflow/example_dags/example_short_circuit_decorator.py took 0.100 seconds
[2022-10-11T20:29:16.243-0500] {processor.py:156} INFO - Started process (PID=10250) to work on /home/gabsiston/Documentos/projetos/airflow-data/venv/lib/python3.8/site-packages/airflow/example_dags/example_short_circuit_decorator.py
[2022-10-11T20:29:16.245-0500] {processor.py:758} INFO - Processing file /home/gabsiston/Documentos/projetos/airflow-data/venv/lib/python3.8/site-packages/airflow/example_dags/example_short_circuit_decorator.py for tasks to queue
[2022-10-11T20:29:16.246-0500] {logging_mixin.py:117} INFO - [2022-10-11T20:29:16.245-0500] {dagbag.py:525} INFO - Filling up the DagBag from /home/gabsiston/Documentos/projetos/airflow-data/venv/lib/python3.8/site-packages/airflow/example_dags/example_short_circuit_decorator.py
[2022-10-11T20:29:16.275-0500] {processor.py:768} INFO - DAG(s) dict_keys(['example_short_circuit_decorator']) retrieved from /home/gabsiston/Documentos/projetos/airflow-data/venv/lib/python3.8/site-packages/airflow/example_dags/example_short_circuit_decorator.py
[2022-10-11T20:29:16.295-0500] {logging_mixin.py:117} INFO - [2022-10-11T20:29:16.295-0500] {dag.py:2573} INFO - Sync 1 DAGs
[2022-10-11T20:29:16.312-0500] {logging_mixin.py:117} INFO - [2022-10-11T20:29:16.312-0500] {dag.py:3324} INFO - Setting next_dagrun for example_short_circuit_decorator to 2022-10-11T01:29:16.311852+00:00, run_after=2022-10-12T01:29:16.311852+00:00
[2022-10-11T20:29:16.332-0500] {processor.py:178} INFO - Processing /home/gabsiston/Documentos/projetos/airflow-data/venv/lib/python3.8/site-packages/airflow/example_dags/example_short_circuit_decorator.py took 0.092 seconds
[2022-10-11T20:29:52.650-0500] {processor.py:156} INFO - Started process (PID=10437) to work on /home/gabsiston/Documentos/projetos/airflow-data/venv/lib/python3.8/site-packages/airflow/example_dags/example_short_circuit_decorator.py
[2022-10-11T20:29:52.654-0500] {processor.py:758} INFO - Processing file /home/gabsiston/Documentos/projetos/airflow-data/venv/lib/python3.8/site-packages/airflow/example_dags/example_short_circuit_decorator.py for tasks to queue
[2022-10-11T20:29:52.655-0500] {logging_mixin.py:117} INFO - [2022-10-11T20:29:52.655-0500] {dagbag.py:525} INFO - Filling up the DagBag from /home/gabsiston/Documentos/projetos/airflow-data/venv/lib/python3.8/site-packages/airflow/example_dags/example_short_circuit_decorator.py
[2022-10-11T20:29:52.686-0500] {processor.py:768} INFO - DAG(s) dict_keys(['example_short_circuit_decorator']) retrieved from /home/gabsiston/Documentos/projetos/airflow-data/venv/lib/python3.8/site-packages/airflow/example_dags/example_short_circuit_decorator.py
[2022-10-11T20:29:52.706-0500] {logging_mixin.py:117} INFO - [2022-10-11T20:29:52.706-0500] {dag.py:2573} INFO - Sync 1 DAGs
[2022-10-11T20:29:52.721-0500] {logging_mixin.py:117} INFO - [2022-10-11T20:29:52.721-0500] {dag.py:3324} INFO - Setting next_dagrun for example_short_circuit_decorator to 2022-10-11T01:29:52.721272+00:00, run_after=2022-10-12T01:29:52.721272+00:00
[2022-10-11T20:29:52.751-0500] {processor.py:178} INFO - Processing /home/gabsiston/Documentos/projetos/airflow-data/venv/lib/python3.8/site-packages/airflow/example_dags/example_short_circuit_decorator.py took 0.109 seconds
[2022-10-11T20:30:33.109-0500] {processor.py:156} INFO - Started process (PID=10705) to work on /home/gabsiston/Documentos/projetos/airflow-data/venv/lib/python3.8/site-packages/airflow/example_dags/example_short_circuit_decorator.py
[2022-10-11T20:30:33.112-0500] {processor.py:758} INFO - Processing file /home/gabsiston/Documentos/projetos/airflow-data/venv/lib/python3.8/site-packages/airflow/example_dags/example_short_circuit_decorator.py for tasks to queue
[2022-10-11T20:30:33.113-0500] {logging_mixin.py:117} INFO - [2022-10-11T20:30:33.113-0500] {dagbag.py:525} INFO - Filling up the DagBag from /home/gabsiston/Documentos/projetos/airflow-data/venv/lib/python3.8/site-packages/airflow/example_dags/example_short_circuit_decorator.py
[2022-10-11T20:30:33.144-0500] {processor.py:768} INFO - DAG(s) dict_keys(['example_short_circuit_decorator']) retrieved from /home/gabsiston/Documentos/projetos/airflow-data/venv/lib/python3.8/site-packages/airflow/example_dags/example_short_circuit_decorator.py
[2022-10-11T20:30:33.167-0500] {logging_mixin.py:117} INFO - [2022-10-11T20:30:33.167-0500] {dag.py:2573} INFO - Sync 1 DAGs
[2022-10-11T20:30:33.186-0500] {logging_mixin.py:117} INFO - [2022-10-11T20:30:33.186-0500] {dag.py:3324} INFO - Setting next_dagrun for example_short_circuit_decorator to 2022-10-11T01:30:33.185955+00:00, run_after=2022-10-12T01:30:33.185955+00:00
[2022-10-11T20:30:33.209-0500] {processor.py:178} INFO - Processing /home/gabsiston/Documentos/projetos/airflow-data/venv/lib/python3.8/site-packages/airflow/example_dags/example_short_circuit_decorator.py took 0.105 seconds
[2022-10-11T20:31:10.960-0500] {processor.py:156} INFO - Started process (PID=10925) to work on /home/gabsiston/Documentos/projetos/airflow-data/venv/lib/python3.8/site-packages/airflow/example_dags/example_short_circuit_decorator.py
[2022-10-11T20:31:10.962-0500] {processor.py:758} INFO - Processing file /home/gabsiston/Documentos/projetos/airflow-data/venv/lib/python3.8/site-packages/airflow/example_dags/example_short_circuit_decorator.py for tasks to queue
[2022-10-11T20:31:10.962-0500] {logging_mixin.py:117} INFO - [2022-10-11T20:31:10.962-0500] {dagbag.py:525} INFO - Filling up the DagBag from /home/gabsiston/Documentos/projetos/airflow-data/venv/lib/python3.8/site-packages/airflow/example_dags/example_short_circuit_decorator.py
[2022-10-11T20:31:10.990-0500] {processor.py:768} INFO - DAG(s) dict_keys(['example_short_circuit_decorator']) retrieved from /home/gabsiston/Documentos/projetos/airflow-data/venv/lib/python3.8/site-packages/airflow/example_dags/example_short_circuit_decorator.py
[2022-10-11T20:31:11.011-0500] {logging_mixin.py:117} INFO - [2022-10-11T20:31:11.011-0500] {dag.py:2573} INFO - Sync 1 DAGs
[2022-10-11T20:31:11.029-0500] {logging_mixin.py:117} INFO - [2022-10-11T20:31:11.029-0500] {dag.py:3324} INFO - Setting next_dagrun for example_short_circuit_decorator to 2022-10-11T01:31:11.029375+00:00, run_after=2022-10-12T01:31:11.029375+00:00
[2022-10-11T20:31:11.051-0500] {processor.py:178} INFO - Processing /home/gabsiston/Documentos/projetos/airflow-data/venv/lib/python3.8/site-packages/airflow/example_dags/example_short_circuit_decorator.py took 0.094 seconds
[2022-10-11T20:31:48.441-0500] {processor.py:156} INFO - Started process (PID=11310) to work on /home/gabsiston/Documentos/projetos/airflow-data/venv/lib/python3.8/site-packages/airflow/example_dags/example_short_circuit_decorator.py
[2022-10-11T20:31:48.442-0500] {processor.py:758} INFO - Processing file /home/gabsiston/Documentos/projetos/airflow-data/venv/lib/python3.8/site-packages/airflow/example_dags/example_short_circuit_decorator.py for tasks to queue
[2022-10-11T20:31:48.443-0500] {logging_mixin.py:117} INFO - [2022-10-11T20:31:48.443-0500] {dagbag.py:525} INFO - Filling up the DagBag from /home/gabsiston/Documentos/projetos/airflow-data/venv/lib/python3.8/site-packages/airflow/example_dags/example_short_circuit_decorator.py
[2022-10-11T20:31:48.460-0500] {processor.py:768} INFO - DAG(s) dict_keys(['example_short_circuit_decorator']) retrieved from /home/gabsiston/Documentos/projetos/airflow-data/venv/lib/python3.8/site-packages/airflow/example_dags/example_short_circuit_decorator.py
[2022-10-11T20:31:48.476-0500] {logging_mixin.py:117} INFO - [2022-10-11T20:31:48.476-0500] {dag.py:2573} INFO - Sync 1 DAGs
[2022-10-11T20:31:48.490-0500] {logging_mixin.py:117} INFO - [2022-10-11T20:31:48.490-0500] {dag.py:3324} INFO - Setting next_dagrun for example_short_circuit_decorator to 2022-10-11T01:31:48.489885+00:00, run_after=2022-10-12T01:31:48.489885+00:00
[2022-10-11T20:31:48.509-0500] {processor.py:178} INFO - Processing /home/gabsiston/Documentos/projetos/airflow-data/venv/lib/python3.8/site-packages/airflow/example_dags/example_short_circuit_decorator.py took 0.070 seconds
[2022-10-11T20:32:26.069-0500] {processor.py:156} INFO - Started process (PID=11506) to work on /home/gabsiston/Documentos/projetos/airflow-data/venv/lib/python3.8/site-packages/airflow/example_dags/example_short_circuit_decorator.py
[2022-10-11T20:32:26.071-0500] {processor.py:758} INFO - Processing file /home/gabsiston/Documentos/projetos/airflow-data/venv/lib/python3.8/site-packages/airflow/example_dags/example_short_circuit_decorator.py for tasks to queue
[2022-10-11T20:32:26.072-0500] {logging_mixin.py:117} INFO - [2022-10-11T20:32:26.072-0500] {dagbag.py:525} INFO - Filling up the DagBag from /home/gabsiston/Documentos/projetos/airflow-data/venv/lib/python3.8/site-packages/airflow/example_dags/example_short_circuit_decorator.py
[2022-10-11T20:32:26.093-0500] {processor.py:768} INFO - DAG(s) dict_keys(['example_short_circuit_decorator']) retrieved from /home/gabsiston/Documentos/projetos/airflow-data/venv/lib/python3.8/site-packages/airflow/example_dags/example_short_circuit_decorator.py
[2022-10-11T20:32:26.111-0500] {logging_mixin.py:117} INFO - [2022-10-11T20:32:26.111-0500] {dag.py:2573} INFO - Sync 1 DAGs
[2022-10-11T20:32:26.127-0500] {logging_mixin.py:117} INFO - [2022-10-11T20:32:26.127-0500] {dag.py:3324} INFO - Setting next_dagrun for example_short_circuit_decorator to 2022-10-11T01:32:26.127120+00:00, run_after=2022-10-12T01:32:26.127120+00:00
[2022-10-11T20:32:26.149-0500] {processor.py:178} INFO - Processing /home/gabsiston/Documentos/projetos/airflow-data/venv/lib/python3.8/site-packages/airflow/example_dags/example_short_circuit_decorator.py took 0.083 seconds
[2022-10-11T20:33:03.669-0500] {processor.py:156} INFO - Started process (PID=12011) to work on /home/gabsiston/Documentos/projetos/airflow-data/venv/lib/python3.8/site-packages/airflow/example_dags/example_short_circuit_decorator.py
[2022-10-11T20:33:03.671-0500] {processor.py:758} INFO - Processing file /home/gabsiston/Documentos/projetos/airflow-data/venv/lib/python3.8/site-packages/airflow/example_dags/example_short_circuit_decorator.py for tasks to queue
[2022-10-11T20:33:03.672-0500] {logging_mixin.py:117} INFO - [2022-10-11T20:33:03.672-0500] {dagbag.py:525} INFO - Filling up the DagBag from /home/gabsiston/Documentos/projetos/airflow-data/venv/lib/python3.8/site-packages/airflow/example_dags/example_short_circuit_decorator.py
[2022-10-11T20:33:03.696-0500] {processor.py:768} INFO - DAG(s) dict_keys(['example_short_circuit_decorator']) retrieved from /home/gabsiston/Documentos/projetos/airflow-data/venv/lib/python3.8/site-packages/airflow/example_dags/example_short_circuit_decorator.py
[2022-10-11T20:33:03.716-0500] {logging_mixin.py:117} INFO - [2022-10-11T20:33:03.716-0500] {dag.py:2573} INFO - Sync 1 DAGs
[2022-10-11T20:33:03.732-0500] {logging_mixin.py:117} INFO - [2022-10-11T20:33:03.732-0500] {dag.py:3324} INFO - Setting next_dagrun for example_short_circuit_decorator to 2022-10-11T01:33:03.732201+00:00, run_after=2022-10-12T01:33:03.732201+00:00
[2022-10-11T20:33:03.753-0500] {processor.py:178} INFO - Processing /home/gabsiston/Documentos/projetos/airflow-data/venv/lib/python3.8/site-packages/airflow/example_dags/example_short_circuit_decorator.py took 0.087 seconds
[2022-10-11T20:33:41.520-0500] {processor.py:156} INFO - Started process (PID=12219) to work on /home/gabsiston/Documentos/projetos/airflow-data/venv/lib/python3.8/site-packages/airflow/example_dags/example_short_circuit_decorator.py
[2022-10-11T20:33:41.521-0500] {processor.py:758} INFO - Processing file /home/gabsiston/Documentos/projetos/airflow-data/venv/lib/python3.8/site-packages/airflow/example_dags/example_short_circuit_decorator.py for tasks to queue
[2022-10-11T20:33:41.522-0500] {logging_mixin.py:117} INFO - [2022-10-11T20:33:41.522-0500] {dagbag.py:525} INFO - Filling up the DagBag from /home/gabsiston/Documentos/projetos/airflow-data/venv/lib/python3.8/site-packages/airflow/example_dags/example_short_circuit_decorator.py
[2022-10-11T20:33:41.543-0500] {processor.py:768} INFO - DAG(s) dict_keys(['example_short_circuit_decorator']) retrieved from /home/gabsiston/Documentos/projetos/airflow-data/venv/lib/python3.8/site-packages/airflow/example_dags/example_short_circuit_decorator.py
[2022-10-11T20:33:41.563-0500] {logging_mixin.py:117} INFO - [2022-10-11T20:33:41.563-0500] {dag.py:2573} INFO - Sync 1 DAGs
[2022-10-11T20:33:41.578-0500] {logging_mixin.py:117} INFO - [2022-10-11T20:33:41.577-0500] {dag.py:3324} INFO - Setting next_dagrun for example_short_circuit_decorator to 2022-10-11T01:33:41.577794+00:00, run_after=2022-10-12T01:33:41.577794+00:00
[2022-10-11T20:33:41.599-0500] {processor.py:178} INFO - Processing /home/gabsiston/Documentos/projetos/airflow-data/venv/lib/python3.8/site-packages/airflow/example_dags/example_short_circuit_decorator.py took 0.080 seconds
[2022-10-11T20:34:17.773-0500] {processor.py:156} INFO - Started process (PID=12399) to work on /home/gabsiston/Documentos/projetos/airflow-data/venv/lib/python3.8/site-packages/airflow/example_dags/example_short_circuit_decorator.py
[2022-10-11T20:34:17.775-0500] {processor.py:758} INFO - Processing file /home/gabsiston/Documentos/projetos/airflow-data/venv/lib/python3.8/site-packages/airflow/example_dags/example_short_circuit_decorator.py for tasks to queue
[2022-10-11T20:34:17.776-0500] {logging_mixin.py:117} INFO - [2022-10-11T20:34:17.776-0500] {dagbag.py:525} INFO - Filling up the DagBag from /home/gabsiston/Documentos/projetos/airflow-data/venv/lib/python3.8/site-packages/airflow/example_dags/example_short_circuit_decorator.py
[2022-10-11T20:34:17.805-0500] {processor.py:768} INFO - DAG(s) dict_keys(['example_short_circuit_decorator']) retrieved from /home/gabsiston/Documentos/projetos/airflow-data/venv/lib/python3.8/site-packages/airflow/example_dags/example_short_circuit_decorator.py
[2022-10-11T20:34:17.825-0500] {logging_mixin.py:117} INFO - [2022-10-11T20:34:17.825-0500] {dag.py:2573} INFO - Sync 1 DAGs
[2022-10-11T20:34:17.841-0500] {logging_mixin.py:117} INFO - [2022-10-11T20:34:17.841-0500] {dag.py:3324} INFO - Setting next_dagrun for example_short_circuit_decorator to 2022-10-11T01:34:17.841117+00:00, run_after=2022-10-12T01:34:17.841117+00:00
[2022-10-11T20:34:17.869-0500] {processor.py:178} INFO - Processing /home/gabsiston/Documentos/projetos/airflow-data/venv/lib/python3.8/site-packages/airflow/example_dags/example_short_circuit_decorator.py took 0.099 seconds
[2022-10-11T20:34:57.827-0500] {processor.py:156} INFO - Started process (PID=12618) to work on /home/gabsiston/Documentos/projetos/airflow-data/venv/lib/python3.8/site-packages/airflow/example_dags/example_short_circuit_decorator.py
[2022-10-11T20:34:57.829-0500] {processor.py:758} INFO - Processing file /home/gabsiston/Documentos/projetos/airflow-data/venv/lib/python3.8/site-packages/airflow/example_dags/example_short_circuit_decorator.py for tasks to queue
[2022-10-11T20:34:57.830-0500] {logging_mixin.py:117} INFO - [2022-10-11T20:34:57.830-0500] {dagbag.py:525} INFO - Filling up the DagBag from /home/gabsiston/Documentos/projetos/airflow-data/venv/lib/python3.8/site-packages/airflow/example_dags/example_short_circuit_decorator.py
[2022-10-11T20:34:57.851-0500] {processor.py:768} INFO - DAG(s) dict_keys(['example_short_circuit_decorator']) retrieved from /home/gabsiston/Documentos/projetos/airflow-data/venv/lib/python3.8/site-packages/airflow/example_dags/example_short_circuit_decorator.py
[2022-10-11T20:34:57.870-0500] {logging_mixin.py:117} INFO - [2022-10-11T20:34:57.870-0500] {dag.py:2573} INFO - Sync 1 DAGs
[2022-10-11T20:34:57.884-0500] {logging_mixin.py:117} INFO - [2022-10-11T20:34:57.884-0500] {dag.py:3324} INFO - Setting next_dagrun for example_short_circuit_decorator to 2022-10-11T01:34:57.883879+00:00, run_after=2022-10-12T01:34:57.883879+00:00
[2022-10-11T20:34:57.905-0500] {processor.py:178} INFO - Processing /home/gabsiston/Documentos/projetos/airflow-data/venv/lib/python3.8/site-packages/airflow/example_dags/example_short_circuit_decorator.py took 0.080 seconds
[2022-10-11T20:35:33.257-0500] {processor.py:156} INFO - Started process (PID=12861) to work on /home/gabsiston/Documentos/projetos/airflow-data/venv/lib/python3.8/site-packages/airflow/example_dags/example_short_circuit_decorator.py
[2022-10-11T20:35:33.260-0500] {processor.py:758} INFO - Processing file /home/gabsiston/Documentos/projetos/airflow-data/venv/lib/python3.8/site-packages/airflow/example_dags/example_short_circuit_decorator.py for tasks to queue
[2022-10-11T20:35:33.261-0500] {logging_mixin.py:117} INFO - [2022-10-11T20:35:33.261-0500] {dagbag.py:525} INFO - Filling up the DagBag from /home/gabsiston/Documentos/projetos/airflow-data/venv/lib/python3.8/site-packages/airflow/example_dags/example_short_circuit_decorator.py
[2022-10-11T20:35:33.290-0500] {processor.py:768} INFO - DAG(s) dict_keys(['example_short_circuit_decorator']) retrieved from /home/gabsiston/Documentos/projetos/airflow-data/venv/lib/python3.8/site-packages/airflow/example_dags/example_short_circuit_decorator.py
[2022-10-11T20:35:33.310-0500] {logging_mixin.py:117} INFO - [2022-10-11T20:35:33.310-0500] {dag.py:2573} INFO - Sync 1 DAGs
[2022-10-11T20:35:33.326-0500] {logging_mixin.py:117} INFO - [2022-10-11T20:35:33.326-0500] {dag.py:3324} INFO - Setting next_dagrun for example_short_circuit_decorator to 2022-10-11T01:35:33.326160+00:00, run_after=2022-10-12T01:35:33.326160+00:00
[2022-10-11T20:35:33.349-0500] {processor.py:178} INFO - Processing /home/gabsiston/Documentos/projetos/airflow-data/venv/lib/python3.8/site-packages/airflow/example_dags/example_short_circuit_decorator.py took 0.095 seconds
[2022-10-11T20:36:13.717-0500] {processor.py:156} INFO - Started process (PID=13102) to work on /home/gabsiston/Documentos/projetos/airflow-data/venv/lib/python3.8/site-packages/airflow/example_dags/example_short_circuit_decorator.py
[2022-10-11T20:36:13.719-0500] {processor.py:758} INFO - Processing file /home/gabsiston/Documentos/projetos/airflow-data/venv/lib/python3.8/site-packages/airflow/example_dags/example_short_circuit_decorator.py for tasks to queue
[2022-10-11T20:36:13.720-0500] {logging_mixin.py:117} INFO - [2022-10-11T20:36:13.720-0500] {dagbag.py:525} INFO - Filling up the DagBag from /home/gabsiston/Documentos/projetos/airflow-data/venv/lib/python3.8/site-packages/airflow/example_dags/example_short_circuit_decorator.py
[2022-10-11T20:36:13.741-0500] {processor.py:768} INFO - DAG(s) dict_keys(['example_short_circuit_decorator']) retrieved from /home/gabsiston/Documentos/projetos/airflow-data/venv/lib/python3.8/site-packages/airflow/example_dags/example_short_circuit_decorator.py
[2022-10-11T20:36:13.758-0500] {logging_mixin.py:117} INFO - [2022-10-11T20:36:13.758-0500] {dag.py:2573} INFO - Sync 1 DAGs
[2022-10-11T20:36:13.773-0500] {logging_mixin.py:117} INFO - [2022-10-11T20:36:13.773-0500] {dag.py:3324} INFO - Setting next_dagrun for example_short_circuit_decorator to 2022-10-11T01:36:13.773439+00:00, run_after=2022-10-12T01:36:13.773439+00:00
[2022-10-11T20:36:13.792-0500] {processor.py:178} INFO - Processing /home/gabsiston/Documentos/projetos/airflow-data/venv/lib/python3.8/site-packages/airflow/example_dags/example_short_circuit_decorator.py took 0.078 seconds
[2022-10-11T20:36:57.867-0500] {processor.py:156} INFO - Started process (PID=13518) to work on /home/gabsiston/Documentos/projetos/airflow-data/venv/lib/python3.8/site-packages/airflow/example_dags/example_short_circuit_decorator.py
[2022-10-11T20:36:57.870-0500] {processor.py:758} INFO - Processing file /home/gabsiston/Documentos/projetos/airflow-data/venv/lib/python3.8/site-packages/airflow/example_dags/example_short_circuit_decorator.py for tasks to queue
[2022-10-11T20:36:57.872-0500] {logging_mixin.py:117} INFO - [2022-10-11T20:36:57.871-0500] {dagbag.py:525} INFO - Filling up the DagBag from /home/gabsiston/Documentos/projetos/airflow-data/venv/lib/python3.8/site-packages/airflow/example_dags/example_short_circuit_decorator.py
[2022-10-11T20:36:57.899-0500] {processor.py:768} INFO - DAG(s) dict_keys(['example_short_circuit_decorator']) retrieved from /home/gabsiston/Documentos/projetos/airflow-data/venv/lib/python3.8/site-packages/airflow/example_dags/example_short_circuit_decorator.py
[2022-10-11T20:36:57.918-0500] {logging_mixin.py:117} INFO - [2022-10-11T20:36:57.918-0500] {dag.py:2573} INFO - Sync 1 DAGs
[2022-10-11T20:36:57.934-0500] {logging_mixin.py:117} INFO - [2022-10-11T20:36:57.934-0500] {dag.py:3324} INFO - Setting next_dagrun for example_short_circuit_decorator to 2022-10-11T01:36:57.934292+00:00, run_after=2022-10-12T01:36:57.934292+00:00
[2022-10-11T20:36:57.955-0500] {processor.py:178} INFO - Processing /home/gabsiston/Documentos/projetos/airflow-data/venv/lib/python3.8/site-packages/airflow/example_dags/example_short_circuit_decorator.py took 0.097 seconds
