[2022-10-11T20:25:30.238-0500] {processor.py:156} INFO - Started process (PID=7855) to work on /home/gabsiston/Documentos/projetos/airflow-data/venv/lib/python3.8/site-packages/airflow/example_dags/example_python_operator.py
[2022-10-11T20:25:30.238-0500] {processor.py:758} INFO - Processing file /home/gabsiston/Documentos/projetos/airflow-data/venv/lib/python3.8/site-packages/airflow/example_dags/example_python_operator.py for tasks to queue
[2022-10-11T20:25:30.239-0500] {logging_mixin.py:117} INFO - [2022-10-11T20:25:30.239-0500] {dagbag.py:525} INFO - Filling up the DagBag from /home/gabsiston/Documentos/projetos/airflow-data/venv/lib/python3.8/site-packages/airflow/example_dags/example_python_operator.py
[2022-10-11T20:25:30.258-0500] {processor.py:768} INFO - DAG(s) dict_keys(['example_python_operator']) retrieved from /home/gabsiston/Documentos/projetos/airflow-data/venv/lib/python3.8/site-packages/airflow/example_dags/example_python_operator.py
[2022-10-11T20:25:30.348-0500] {logging_mixin.py:117} INFO - [2022-10-11T20:25:30.347-0500] {manager.py:507} INFO - Created Permission View: can read on DAG:example_python_operator
[2022-10-11T20:25:30.363-0500] {logging_mixin.py:117} INFO - [2022-10-11T20:25:30.362-0500] {manager.py:507} INFO - Created Permission View: can edit on DAG:example_python_operator
[2022-10-11T20:25:30.374-0500] {logging_mixin.py:117} INFO - [2022-10-11T20:25:30.374-0500] {manager.py:507} INFO - Created Permission View: can delete on DAG:example_python_operator
[2022-10-11T20:25:30.374-0500] {logging_mixin.py:117} INFO - [2022-10-11T20:25:30.374-0500] {dag.py:2573} INFO - Sync 1 DAGs
[2022-10-11T20:25:30.383-0500] {logging_mixin.py:117} INFO - [2022-10-11T20:25:30.383-0500] {dag.py:2594} INFO - Creating ORM DAG for example_python_operator
[2022-10-11T20:25:30.390-0500] {logging_mixin.py:117} INFO - [2022-10-11T20:25:30.390-0500] {dag.py:3324} INFO - Setting next_dagrun for example_python_operator to None, run_after=None
[2022-10-11T20:25:30.413-0500] {processor.py:178} INFO - Processing /home/gabsiston/Documentos/projetos/airflow-data/venv/lib/python3.8/site-packages/airflow/example_dags/example_python_operator.py took 0.177 seconds
[2022-10-11T20:26:10.303-0500] {processor.py:156} INFO - Started process (PID=8298) to work on /home/gabsiston/Documentos/projetos/airflow-data/venv/lib/python3.8/site-packages/airflow/example_dags/example_python_operator.py
[2022-10-11T20:26:10.303-0500] {processor.py:758} INFO - Processing file /home/gabsiston/Documentos/projetos/airflow-data/venv/lib/python3.8/site-packages/airflow/example_dags/example_python_operator.py for tasks to queue
[2022-10-11T20:26:10.304-0500] {logging_mixin.py:117} INFO - [2022-10-11T20:26:10.304-0500] {dagbag.py:525} INFO - Filling up the DagBag from /home/gabsiston/Documentos/projetos/airflow-data/venv/lib/python3.8/site-packages/airflow/example_dags/example_python_operator.py
[2022-10-11T20:26:10.323-0500] {processor.py:768} INFO - DAG(s) dict_keys(['example_python_operator']) retrieved from /home/gabsiston/Documentos/projetos/airflow-data/venv/lib/python3.8/site-packages/airflow/example_dags/example_python_operator.py
[2022-10-11T20:26:10.342-0500] {logging_mixin.py:117} INFO - [2022-10-11T20:26:10.342-0500] {dag.py:2573} INFO - Sync 1 DAGs
[2022-10-11T20:26:10.357-0500] {logging_mixin.py:117} INFO - [2022-10-11T20:26:10.357-0500] {dag.py:3324} INFO - Setting next_dagrun for example_python_operator to None, run_after=None
[2022-10-11T20:26:10.379-0500] {processor.py:178} INFO - Processing /home/gabsiston/Documentos/projetos/airflow-data/venv/lib/python3.8/site-packages/airflow/example_dags/example_python_operator.py took 0.079 seconds
[2022-10-11T20:26:45.665-0500] {processor.py:156} INFO - Started process (PID=8779) to work on /home/gabsiston/Documentos/projetos/airflow-data/venv/lib/python3.8/site-packages/airflow/example_dags/example_python_operator.py
[2022-10-11T20:26:45.667-0500] {processor.py:758} INFO - Processing file /home/gabsiston/Documentos/projetos/airflow-data/venv/lib/python3.8/site-packages/airflow/example_dags/example_python_operator.py for tasks to queue
[2022-10-11T20:26:45.667-0500] {logging_mixin.py:117} INFO - [2022-10-11T20:26:45.667-0500] {dagbag.py:525} INFO - Filling up the DagBag from /home/gabsiston/Documentos/projetos/airflow-data/venv/lib/python3.8/site-packages/airflow/example_dags/example_python_operator.py
[2022-10-11T20:26:45.684-0500] {processor.py:768} INFO - DAG(s) dict_keys(['example_python_operator']) retrieved from /home/gabsiston/Documentos/projetos/airflow-data/venv/lib/python3.8/site-packages/airflow/example_dags/example_python_operator.py
[2022-10-11T20:26:45.702-0500] {logging_mixin.py:117} INFO - [2022-10-11T20:26:45.701-0500] {dag.py:2573} INFO - Sync 1 DAGs
[2022-10-11T20:26:45.715-0500] {logging_mixin.py:117} INFO - [2022-10-11T20:26:45.715-0500] {dag.py:3324} INFO - Setting next_dagrun for example_python_operator to None, run_after=None
[2022-10-11T20:26:45.734-0500] {processor.py:178} INFO - Processing /home/gabsiston/Documentos/projetos/airflow-data/venv/lib/python3.8/site-packages/airflow/example_dags/example_python_operator.py took 0.071 seconds
[2022-10-11T20:27:20.781-0500] {processor.py:156} INFO - Started process (PID=9408) to work on /home/gabsiston/Documentos/projetos/airflow-data/venv/lib/python3.8/site-packages/airflow/example_dags/example_python_operator.py
[2022-10-11T20:27:20.782-0500] {processor.py:758} INFO - Processing file /home/gabsiston/Documentos/projetos/airflow-data/venv/lib/python3.8/site-packages/airflow/example_dags/example_python_operator.py for tasks to queue
[2022-10-11T20:27:20.783-0500] {logging_mixin.py:117} INFO - [2022-10-11T20:27:20.783-0500] {dagbag.py:525} INFO - Filling up the DagBag from /home/gabsiston/Documentos/projetos/airflow-data/venv/lib/python3.8/site-packages/airflow/example_dags/example_python_operator.py
[2022-10-11T20:27:20.805-0500] {processor.py:768} INFO - DAG(s) dict_keys(['example_python_operator']) retrieved from /home/gabsiston/Documentos/projetos/airflow-data/venv/lib/python3.8/site-packages/airflow/example_dags/example_python_operator.py
[2022-10-11T20:27:20.824-0500] {logging_mixin.py:117} INFO - [2022-10-11T20:27:20.824-0500] {dag.py:2573} INFO - Sync 1 DAGs
[2022-10-11T20:27:20.841-0500] {logging_mixin.py:117} INFO - [2022-10-11T20:27:20.841-0500] {dag.py:3324} INFO - Setting next_dagrun for example_python_operator to None, run_after=None
[2022-10-11T20:27:20.865-0500] {processor.py:178} INFO - Processing /home/gabsiston/Documentos/projetos/airflow-data/venv/lib/python3.8/site-packages/airflow/example_dags/example_python_operator.py took 0.086 seconds
[2022-10-11T20:27:57.972-0500] {processor.py:156} INFO - Started process (PID=9606) to work on /home/gabsiston/Documentos/projetos/airflow-data/venv/lib/python3.8/site-packages/airflow/example_dags/example_python_operator.py
[2022-10-11T20:27:57.972-0500] {processor.py:758} INFO - Processing file /home/gabsiston/Documentos/projetos/airflow-data/venv/lib/python3.8/site-packages/airflow/example_dags/example_python_operator.py for tasks to queue
[2022-10-11T20:27:57.973-0500] {logging_mixin.py:117} INFO - [2022-10-11T20:27:57.973-0500] {dagbag.py:525} INFO - Filling up the DagBag from /home/gabsiston/Documentos/projetos/airflow-data/venv/lib/python3.8/site-packages/airflow/example_dags/example_python_operator.py
[2022-10-11T20:27:57.992-0500] {processor.py:768} INFO - DAG(s) dict_keys(['example_python_operator']) retrieved from /home/gabsiston/Documentos/projetos/airflow-data/venv/lib/python3.8/site-packages/airflow/example_dags/example_python_operator.py
[2022-10-11T20:27:58.008-0500] {logging_mixin.py:117} INFO - [2022-10-11T20:27:58.008-0500] {dag.py:2573} INFO - Sync 1 DAGs
[2022-10-11T20:27:58.021-0500] {logging_mixin.py:117} INFO - [2022-10-11T20:27:58.020-0500] {dag.py:3324} INFO - Setting next_dagrun for example_python_operator to None, run_after=None
[2022-10-11T20:27:58.041-0500] {processor.py:178} INFO - Processing /home/gabsiston/Documentos/projetos/airflow-data/venv/lib/python3.8/site-packages/airflow/example_dags/example_python_operator.py took 0.071 seconds
[2022-10-11T20:28:34.445-0500] {processor.py:156} INFO - Started process (PID=9959) to work on /home/gabsiston/Documentos/projetos/airflow-data/venv/lib/python3.8/site-packages/airflow/example_dags/example_python_operator.py
[2022-10-11T20:28:34.447-0500] {processor.py:758} INFO - Processing file /home/gabsiston/Documentos/projetos/airflow-data/venv/lib/python3.8/site-packages/airflow/example_dags/example_python_operator.py for tasks to queue
[2022-10-11T20:28:34.448-0500] {logging_mixin.py:117} INFO - [2022-10-11T20:28:34.448-0500] {dagbag.py:525} INFO - Filling up the DagBag from /home/gabsiston/Documentos/projetos/airflow-data/venv/lib/python3.8/site-packages/airflow/example_dags/example_python_operator.py
[2022-10-11T20:28:34.480-0500] {processor.py:768} INFO - DAG(s) dict_keys(['example_python_operator']) retrieved from /home/gabsiston/Documentos/projetos/airflow-data/venv/lib/python3.8/site-packages/airflow/example_dags/example_python_operator.py
[2022-10-11T20:28:34.509-0500] {logging_mixin.py:117} INFO - [2022-10-11T20:28:34.509-0500] {dag.py:2573} INFO - Sync 1 DAGs
[2022-10-11T20:28:34.526-0500] {logging_mixin.py:117} INFO - [2022-10-11T20:28:34.526-0500] {dag.py:3324} INFO - Setting next_dagrun for example_python_operator to None, run_after=None
[2022-10-11T20:28:34.552-0500] {processor.py:178} INFO - Processing /home/gabsiston/Documentos/projetos/airflow-data/venv/lib/python3.8/site-packages/airflow/example_dags/example_python_operator.py took 0.110 seconds
[2022-10-11T20:29:11.451-0500] {processor.py:156} INFO - Started process (PID=10225) to work on /home/gabsiston/Documentos/projetos/airflow-data/venv/lib/python3.8/site-packages/airflow/example_dags/example_python_operator.py
[2022-10-11T20:29:11.453-0500] {processor.py:758} INFO - Processing file /home/gabsiston/Documentos/projetos/airflow-data/venv/lib/python3.8/site-packages/airflow/example_dags/example_python_operator.py for tasks to queue
[2022-10-11T20:29:11.454-0500] {logging_mixin.py:117} INFO - [2022-10-11T20:29:11.454-0500] {dagbag.py:525} INFO - Filling up the DagBag from /home/gabsiston/Documentos/projetos/airflow-data/venv/lib/python3.8/site-packages/airflow/example_dags/example_python_operator.py
[2022-10-11T20:29:11.480-0500] {processor.py:768} INFO - DAG(s) dict_keys(['example_python_operator']) retrieved from /home/gabsiston/Documentos/projetos/airflow-data/venv/lib/python3.8/site-packages/airflow/example_dags/example_python_operator.py
[2022-10-11T20:29:11.499-0500] {logging_mixin.py:117} INFO - [2022-10-11T20:29:11.499-0500] {dag.py:2573} INFO - Sync 1 DAGs
[2022-10-11T20:29:11.516-0500] {logging_mixin.py:117} INFO - [2022-10-11T20:29:11.515-0500] {dag.py:3324} INFO - Setting next_dagrun for example_python_operator to None, run_after=None
[2022-10-11T20:29:11.536-0500] {processor.py:178} INFO - Processing /home/gabsiston/Documentos/projetos/airflow-data/venv/lib/python3.8/site-packages/airflow/example_dags/example_python_operator.py took 0.088 seconds
[2022-10-11T20:29:48.639-0500] {processor.py:156} INFO - Started process (PID=10417) to work on /home/gabsiston/Documentos/projetos/airflow-data/venv/lib/python3.8/site-packages/airflow/example_dags/example_python_operator.py
[2022-10-11T20:29:48.642-0500] {processor.py:758} INFO - Processing file /home/gabsiston/Documentos/projetos/airflow-data/venv/lib/python3.8/site-packages/airflow/example_dags/example_python_operator.py for tasks to queue
[2022-10-11T20:29:48.644-0500] {logging_mixin.py:117} INFO - [2022-10-11T20:29:48.644-0500] {dagbag.py:525} INFO - Filling up the DagBag from /home/gabsiston/Documentos/projetos/airflow-data/venv/lib/python3.8/site-packages/airflow/example_dags/example_python_operator.py
[2022-10-11T20:29:48.690-0500] {processor.py:768} INFO - DAG(s) dict_keys(['example_python_operator']) retrieved from /home/gabsiston/Documentos/projetos/airflow-data/venv/lib/python3.8/site-packages/airflow/example_dags/example_python_operator.py
[2022-10-11T20:29:48.711-0500] {logging_mixin.py:117} INFO - [2022-10-11T20:29:48.711-0500] {dag.py:2573} INFO - Sync 1 DAGs
[2022-10-11T20:29:48.726-0500] {logging_mixin.py:117} INFO - [2022-10-11T20:29:48.726-0500] {dag.py:3324} INFO - Setting next_dagrun for example_python_operator to None, run_after=None
[2022-10-11T20:29:48.748-0500] {processor.py:178} INFO - Processing /home/gabsiston/Documentos/projetos/airflow-data/venv/lib/python3.8/site-packages/airflow/example_dags/example_python_operator.py took 0.111 seconds
[2022-10-11T20:30:25.989-0500] {processor.py:156} INFO - Started process (PID=10661) to work on /home/gabsiston/Documentos/projetos/airflow-data/venv/lib/python3.8/site-packages/airflow/example_dags/example_python_operator.py
[2022-10-11T20:30:25.993-0500] {processor.py:758} INFO - Processing file /home/gabsiston/Documentos/projetos/airflow-data/venv/lib/python3.8/site-packages/airflow/example_dags/example_python_operator.py for tasks to queue
[2022-10-11T20:30:25.994-0500] {logging_mixin.py:117} INFO - [2022-10-11T20:30:25.994-0500] {dagbag.py:525} INFO - Filling up the DagBag from /home/gabsiston/Documentos/projetos/airflow-data/venv/lib/python3.8/site-packages/airflow/example_dags/example_python_operator.py
[2022-10-11T20:30:26.031-0500] {processor.py:768} INFO - DAG(s) dict_keys(['example_python_operator']) retrieved from /home/gabsiston/Documentos/projetos/airflow-data/venv/lib/python3.8/site-packages/airflow/example_dags/example_python_operator.py
[2022-10-11T20:30:26.052-0500] {logging_mixin.py:117} INFO - [2022-10-11T20:30:26.052-0500] {dag.py:2573} INFO - Sync 1 DAGs
[2022-10-11T20:30:26.067-0500] {logging_mixin.py:117} INFO - [2022-10-11T20:30:26.067-0500] {dag.py:3324} INFO - Setting next_dagrun for example_python_operator to None, run_after=None
[2022-10-11T20:30:26.088-0500] {processor.py:178} INFO - Processing /home/gabsiston/Documentos/projetos/airflow-data/venv/lib/python3.8/site-packages/airflow/example_dags/example_python_operator.py took 0.107 seconds
[2022-10-11T20:31:01.815-0500] {processor.py:156} INFO - Started process (PID=10873) to work on /home/gabsiston/Documentos/projetos/airflow-data/venv/lib/python3.8/site-packages/airflow/example_dags/example_python_operator.py
[2022-10-11T20:31:01.818-0500] {processor.py:758} INFO - Processing file /home/gabsiston/Documentos/projetos/airflow-data/venv/lib/python3.8/site-packages/airflow/example_dags/example_python_operator.py for tasks to queue
[2022-10-11T20:31:01.818-0500] {logging_mixin.py:117} INFO - [2022-10-11T20:31:01.818-0500] {dagbag.py:525} INFO - Filling up the DagBag from /home/gabsiston/Documentos/projetos/airflow-data/venv/lib/python3.8/site-packages/airflow/example_dags/example_python_operator.py
[2022-10-11T20:31:01.847-0500] {processor.py:768} INFO - DAG(s) dict_keys(['example_python_operator']) retrieved from /home/gabsiston/Documentos/projetos/airflow-data/venv/lib/python3.8/site-packages/airflow/example_dags/example_python_operator.py
[2022-10-11T20:31:01.866-0500] {logging_mixin.py:117} INFO - [2022-10-11T20:31:01.866-0500] {dag.py:2573} INFO - Sync 1 DAGs
[2022-10-11T20:31:01.882-0500] {logging_mixin.py:117} INFO - [2022-10-11T20:31:01.882-0500] {dag.py:3324} INFO - Setting next_dagrun for example_python_operator to None, run_after=None
[2022-10-11T20:31:01.903-0500] {processor.py:178} INFO - Processing /home/gabsiston/Documentos/projetos/airflow-data/venv/lib/python3.8/site-packages/airflow/example_dags/example_python_operator.py took 0.091 seconds
[2022-10-11T20:31:41.707-0500] {processor.py:156} INFO - Started process (PID=11237) to work on /home/gabsiston/Documentos/projetos/airflow-data/venv/lib/python3.8/site-packages/airflow/example_dags/example_python_operator.py
[2022-10-11T20:31:41.710-0500] {processor.py:758} INFO - Processing file /home/gabsiston/Documentos/projetos/airflow-data/venv/lib/python3.8/site-packages/airflow/example_dags/example_python_operator.py for tasks to queue
[2022-10-11T20:31:41.712-0500] {logging_mixin.py:117} INFO - [2022-10-11T20:31:41.711-0500] {dagbag.py:525} INFO - Filling up the DagBag from /home/gabsiston/Documentos/projetos/airflow-data/venv/lib/python3.8/site-packages/airflow/example_dags/example_python_operator.py
[2022-10-11T20:31:41.742-0500] {processor.py:768} INFO - DAG(s) dict_keys(['example_python_operator']) retrieved from /home/gabsiston/Documentos/projetos/airflow-data/venv/lib/python3.8/site-packages/airflow/example_dags/example_python_operator.py
[2022-10-11T20:31:41.766-0500] {logging_mixin.py:117} INFO - [2022-10-11T20:31:41.766-0500] {dag.py:2573} INFO - Sync 1 DAGs
[2022-10-11T20:31:41.784-0500] {logging_mixin.py:117} INFO - [2022-10-11T20:31:41.784-0500] {dag.py:3324} INFO - Setting next_dagrun for example_python_operator to None, run_after=None
[2022-10-11T20:31:41.816-0500] {processor.py:178} INFO - Processing /home/gabsiston/Documentos/projetos/airflow-data/venv/lib/python3.8/site-packages/airflow/example_dags/example_python_operator.py took 0.117 seconds
[2022-10-11T20:32:19.632-0500] {processor.py:156} INFO - Started process (PID=11469) to work on /home/gabsiston/Documentos/projetos/airflow-data/venv/lib/python3.8/site-packages/airflow/example_dags/example_python_operator.py
[2022-10-11T20:32:19.632-0500] {processor.py:758} INFO - Processing file /home/gabsiston/Documentos/projetos/airflow-data/venv/lib/python3.8/site-packages/airflow/example_dags/example_python_operator.py for tasks to queue
[2022-10-11T20:32:19.633-0500] {logging_mixin.py:117} INFO - [2022-10-11T20:32:19.633-0500] {dagbag.py:525} INFO - Filling up the DagBag from /home/gabsiston/Documentos/projetos/airflow-data/venv/lib/python3.8/site-packages/airflow/example_dags/example_python_operator.py
[2022-10-11T20:32:19.651-0500] {processor.py:768} INFO - DAG(s) dict_keys(['example_python_operator']) retrieved from /home/gabsiston/Documentos/projetos/airflow-data/venv/lib/python3.8/site-packages/airflow/example_dags/example_python_operator.py
[2022-10-11T20:32:19.667-0500] {logging_mixin.py:117} INFO - [2022-10-11T20:32:19.667-0500] {dag.py:2573} INFO - Sync 1 DAGs
[2022-10-11T20:32:19.683-0500] {logging_mixin.py:117} INFO - [2022-10-11T20:32:19.683-0500] {dag.py:3324} INFO - Setting next_dagrun for example_python_operator to None, run_after=None
[2022-10-11T20:32:19.706-0500] {processor.py:178} INFO - Processing /home/gabsiston/Documentos/projetos/airflow-data/venv/lib/python3.8/site-packages/airflow/example_dags/example_python_operator.py took 0.076 seconds
[2022-10-11T20:32:57.499-0500] {processor.py:156} INFO - Started process (PID=11951) to work on /home/gabsiston/Documentos/projetos/airflow-data/venv/lib/python3.8/site-packages/airflow/example_dags/example_python_operator.py
[2022-10-11T20:32:57.502-0500] {processor.py:758} INFO - Processing file /home/gabsiston/Documentos/projetos/airflow-data/venv/lib/python3.8/site-packages/airflow/example_dags/example_python_operator.py for tasks to queue
[2022-10-11T20:32:57.504-0500] {logging_mixin.py:117} INFO - [2022-10-11T20:32:57.504-0500] {dagbag.py:525} INFO - Filling up the DagBag from /home/gabsiston/Documentos/projetos/airflow-data/venv/lib/python3.8/site-packages/airflow/example_dags/example_python_operator.py
[2022-10-11T20:32:57.543-0500] {processor.py:768} INFO - DAG(s) dict_keys(['example_python_operator']) retrieved from /home/gabsiston/Documentos/projetos/airflow-data/venv/lib/python3.8/site-packages/airflow/example_dags/example_python_operator.py
[2022-10-11T20:32:57.564-0500] {logging_mixin.py:117} INFO - [2022-10-11T20:32:57.563-0500] {dag.py:2573} INFO - Sync 1 DAGs
[2022-10-11T20:32:57.580-0500] {logging_mixin.py:117} INFO - [2022-10-11T20:32:57.580-0500] {dag.py:3324} INFO - Setting next_dagrun for example_python_operator to None, run_after=None
[2022-10-11T20:32:57.602-0500] {processor.py:178} INFO - Processing /home/gabsiston/Documentos/projetos/airflow-data/venv/lib/python3.8/site-packages/airflow/example_dags/example_python_operator.py took 0.105 seconds
[2022-10-11T20:33:33.673-0500] {processor.py:156} INFO - Started process (PID=12176) to work on /home/gabsiston/Documentos/projetos/airflow-data/venv/lib/python3.8/site-packages/airflow/example_dags/example_python_operator.py
[2022-10-11T20:33:33.675-0500] {processor.py:758} INFO - Processing file /home/gabsiston/Documentos/projetos/airflow-data/venv/lib/python3.8/site-packages/airflow/example_dags/example_python_operator.py for tasks to queue
[2022-10-11T20:33:33.676-0500] {logging_mixin.py:117} INFO - [2022-10-11T20:33:33.676-0500] {dagbag.py:525} INFO - Filling up the DagBag from /home/gabsiston/Documentos/projetos/airflow-data/venv/lib/python3.8/site-packages/airflow/example_dags/example_python_operator.py
[2022-10-11T20:33:33.702-0500] {processor.py:768} INFO - DAG(s) dict_keys(['example_python_operator']) retrieved from /home/gabsiston/Documentos/projetos/airflow-data/venv/lib/python3.8/site-packages/airflow/example_dags/example_python_operator.py
[2022-10-11T20:33:33.723-0500] {logging_mixin.py:117} INFO - [2022-10-11T20:33:33.723-0500] {dag.py:2573} INFO - Sync 1 DAGs
[2022-10-11T20:33:33.738-0500] {logging_mixin.py:117} INFO - [2022-10-11T20:33:33.738-0500] {dag.py:3324} INFO - Setting next_dagrun for example_python_operator to None, run_after=None
[2022-10-11T20:33:33.759-0500] {processor.py:178} INFO - Processing /home/gabsiston/Documentos/projetos/airflow-data/venv/lib/python3.8/site-packages/airflow/example_dags/example_python_operator.py took 0.089 seconds
[2022-10-11T20:34:09.757-0500] {processor.py:156} INFO - Started process (PID=12355) to work on /home/gabsiston/Documentos/projetos/airflow-data/venv/lib/python3.8/site-packages/airflow/example_dags/example_python_operator.py
[2022-10-11T20:34:09.761-0500] {processor.py:758} INFO - Processing file /home/gabsiston/Documentos/projetos/airflow-data/venv/lib/python3.8/site-packages/airflow/example_dags/example_python_operator.py for tasks to queue
[2022-10-11T20:34:09.763-0500] {logging_mixin.py:117} INFO - [2022-10-11T20:34:09.762-0500] {dagbag.py:525} INFO - Filling up the DagBag from /home/gabsiston/Documentos/projetos/airflow-data/venv/lib/python3.8/site-packages/airflow/example_dags/example_python_operator.py
[2022-10-11T20:34:09.797-0500] {processor.py:768} INFO - DAG(s) dict_keys(['example_python_operator']) retrieved from /home/gabsiston/Documentos/projetos/airflow-data/venv/lib/python3.8/site-packages/airflow/example_dags/example_python_operator.py
[2022-10-11T20:34:09.817-0500] {logging_mixin.py:117} INFO - [2022-10-11T20:34:09.817-0500] {dag.py:2573} INFO - Sync 1 DAGs
[2022-10-11T20:34:09.831-0500] {logging_mixin.py:117} INFO - [2022-10-11T20:34:09.831-0500] {dag.py:3324} INFO - Setting next_dagrun for example_python_operator to None, run_after=None
[2022-10-11T20:34:09.855-0500] {processor.py:178} INFO - Processing /home/gabsiston/Documentos/projetos/airflow-data/venv/lib/python3.8/site-packages/airflow/example_dags/example_python_operator.py took 0.106 seconds
[2022-10-11T20:34:46.153-0500] {processor.py:156} INFO - Started process (PID=12563) to work on /home/gabsiston/Documentos/projetos/airflow-data/venv/lib/python3.8/site-packages/airflow/example_dags/example_python_operator.py
[2022-10-11T20:34:46.153-0500] {processor.py:758} INFO - Processing file /home/gabsiston/Documentos/projetos/airflow-data/venv/lib/python3.8/site-packages/airflow/example_dags/example_python_operator.py for tasks to queue
[2022-10-11T20:34:46.154-0500] {logging_mixin.py:117} INFO - [2022-10-11T20:34:46.154-0500] {dagbag.py:525} INFO - Filling up the DagBag from /home/gabsiston/Documentos/projetos/airflow-data/venv/lib/python3.8/site-packages/airflow/example_dags/example_python_operator.py
[2022-10-11T20:34:46.173-0500] {processor.py:768} INFO - DAG(s) dict_keys(['example_python_operator']) retrieved from /home/gabsiston/Documentos/projetos/airflow-data/venv/lib/python3.8/site-packages/airflow/example_dags/example_python_operator.py
[2022-10-11T20:34:46.190-0500] {logging_mixin.py:117} INFO - [2022-10-11T20:34:46.190-0500] {dag.py:2573} INFO - Sync 1 DAGs
[2022-10-11T20:34:46.203-0500] {logging_mixin.py:117} INFO - [2022-10-11T20:34:46.203-0500] {dag.py:3324} INFO - Setting next_dagrun for example_python_operator to None, run_after=None
[2022-10-11T20:34:46.237-0500] {processor.py:178} INFO - Processing /home/gabsiston/Documentos/projetos/airflow-data/venv/lib/python3.8/site-packages/airflow/example_dags/example_python_operator.py took 0.086 seconds
[2022-10-11T20:35:23.951-0500] {processor.py:156} INFO - Started process (PID=12811) to work on /home/gabsiston/Documentos/projetos/airflow-data/venv/lib/python3.8/site-packages/airflow/example_dags/example_python_operator.py
[2022-10-11T20:35:23.953-0500] {processor.py:758} INFO - Processing file /home/gabsiston/Documentos/projetos/airflow-data/venv/lib/python3.8/site-packages/airflow/example_dags/example_python_operator.py for tasks to queue
[2022-10-11T20:35:23.953-0500] {logging_mixin.py:117} INFO - [2022-10-11T20:35:23.953-0500] {dagbag.py:525} INFO - Filling up the DagBag from /home/gabsiston/Documentos/projetos/airflow-data/venv/lib/python3.8/site-packages/airflow/example_dags/example_python_operator.py
[2022-10-11T20:35:23.978-0500] {processor.py:768} INFO - DAG(s) dict_keys(['example_python_operator']) retrieved from /home/gabsiston/Documentos/projetos/airflow-data/venv/lib/python3.8/site-packages/airflow/example_dags/example_python_operator.py
[2022-10-11T20:35:23.997-0500] {logging_mixin.py:117} INFO - [2022-10-11T20:35:23.997-0500] {dag.py:2573} INFO - Sync 1 DAGs
[2022-10-11T20:35:24.011-0500] {logging_mixin.py:117} INFO - [2022-10-11T20:35:24.011-0500] {dag.py:3324} INFO - Setting next_dagrun for example_python_operator to None, run_after=None
[2022-10-11T20:35:24.033-0500] {processor.py:178} INFO - Processing /home/gabsiston/Documentos/projetos/airflow-data/venv/lib/python3.8/site-packages/airflow/example_dags/example_python_operator.py took 0.085 seconds
[2022-10-11T20:35:58.524-0500] {processor.py:156} INFO - Started process (PID=12992) to work on /home/gabsiston/Documentos/projetos/airflow-data/venv/lib/python3.8/site-packages/airflow/example_dags/example_python_operator.py
[2022-10-11T20:35:58.528-0500] {processor.py:758} INFO - Processing file /home/gabsiston/Documentos/projetos/airflow-data/venv/lib/python3.8/site-packages/airflow/example_dags/example_python_operator.py for tasks to queue
[2022-10-11T20:35:58.529-0500] {logging_mixin.py:117} INFO - [2022-10-11T20:35:58.529-0500] {dagbag.py:525} INFO - Filling up the DagBag from /home/gabsiston/Documentos/projetos/airflow-data/venv/lib/python3.8/site-packages/airflow/example_dags/example_python_operator.py
[2022-10-11T20:35:58.565-0500] {processor.py:768} INFO - DAG(s) dict_keys(['example_python_operator']) retrieved from /home/gabsiston/Documentos/projetos/airflow-data/venv/lib/python3.8/site-packages/airflow/example_dags/example_python_operator.py
[2022-10-11T20:35:58.583-0500] {logging_mixin.py:117} INFO - [2022-10-11T20:35:58.583-0500] {dag.py:2573} INFO - Sync 1 DAGs
[2022-10-11T20:35:58.598-0500] {logging_mixin.py:117} INFO - [2022-10-11T20:35:58.598-0500] {dag.py:3324} INFO - Setting next_dagrun for example_python_operator to None, run_after=None
[2022-10-11T20:35:58.617-0500] {processor.py:178} INFO - Processing /home/gabsiston/Documentos/projetos/airflow-data/venv/lib/python3.8/site-packages/airflow/example_dags/example_python_operator.py took 0.102 seconds
[2022-10-11T20:36:38.948-0500] {processor.py:156} INFO - Started process (PID=13429) to work on /home/gabsiston/Documentos/projetos/airflow-data/venv/lib/python3.8/site-packages/airflow/example_dags/example_python_operator.py
[2022-10-11T20:36:38.948-0500] {processor.py:758} INFO - Processing file /home/gabsiston/Documentos/projetos/airflow-data/venv/lib/python3.8/site-packages/airflow/example_dags/example_python_operator.py for tasks to queue
[2022-10-11T20:36:38.949-0500] {logging_mixin.py:117} INFO - [2022-10-11T20:36:38.949-0500] {dagbag.py:525} INFO - Filling up the DagBag from /home/gabsiston/Documentos/projetos/airflow-data/venv/lib/python3.8/site-packages/airflow/example_dags/example_python_operator.py
[2022-10-11T20:36:38.969-0500] {processor.py:768} INFO - DAG(s) dict_keys(['example_python_operator']) retrieved from /home/gabsiston/Documentos/projetos/airflow-data/venv/lib/python3.8/site-packages/airflow/example_dags/example_python_operator.py
[2022-10-11T20:36:38.989-0500] {logging_mixin.py:117} INFO - [2022-10-11T20:36:38.989-0500] {dag.py:2573} INFO - Sync 1 DAGs
[2022-10-11T20:36:39.008-0500] {logging_mixin.py:117} INFO - [2022-10-11T20:36:39.007-0500] {dag.py:3324} INFO - Setting next_dagrun for example_python_operator to None, run_after=None
[2022-10-11T20:36:39.037-0500] {processor.py:178} INFO - Processing /home/gabsiston/Documentos/projetos/airflow-data/venv/lib/python3.8/site-packages/airflow/example_dags/example_python_operator.py took 0.091 seconds
