[2022-10-11T20:25:24.654-0500] {processor.py:156} INFO - Started process (PID=7824) to work on /home/gabsiston/Documentos/projetos/airflow-data/venv/lib/python3.8/site-packages/airflow/example_dags/example_kubernetes_executor.py
[2022-10-11T20:25:24.655-0500] {processor.py:758} INFO - Processing file /home/gabsiston/Documentos/projetos/airflow-data/venv/lib/python3.8/site-packages/airflow/example_dags/example_kubernetes_executor.py for tasks to queue
[2022-10-11T20:25:24.655-0500] {logging_mixin.py:117} INFO - [2022-10-11T20:25:24.655-0500] {dagbag.py:525} INFO - Filling up the DagBag from /home/gabsiston/Documentos/projetos/airflow-data/venv/lib/python3.8/site-packages/airflow/example_dags/example_kubernetes_executor.py
[2022-10-11T20:25:24.665-0500] {logging_mixin.py:117} INFO - [2022-10-11T20:25:24.665-0500] {example_kubernetes_executor.py:41} WARNING - The example_kubernetes_executor example DAG requires the kubernetes provider. Please install it with: pip install apache-airflow[cncf.kubernetes]
[2022-10-11T20:25:24.666-0500] {processor.py:770} WARNING - No viable dags retrieved from /home/gabsiston/Documentos/projetos/airflow-data/venv/lib/python3.8/site-packages/airflow/example_dags/example_kubernetes_executor.py
[2022-10-11T20:25:24.671-0500] {processor.py:178} INFO - Processing /home/gabsiston/Documentos/projetos/airflow-data/venv/lib/python3.8/site-packages/airflow/example_dags/example_kubernetes_executor.py took 0.019 seconds
[2022-10-11T20:26:05.060-0500] {processor.py:156} INFO - Started process (PID=8188) to work on /home/gabsiston/Documentos/projetos/airflow-data/venv/lib/python3.8/site-packages/airflow/example_dags/example_kubernetes_executor.py
[2022-10-11T20:26:05.060-0500] {processor.py:758} INFO - Processing file /home/gabsiston/Documentos/projetos/airflow-data/venv/lib/python3.8/site-packages/airflow/example_dags/example_kubernetes_executor.py for tasks to queue
[2022-10-11T20:26:05.061-0500] {logging_mixin.py:117} INFO - [2022-10-11T20:26:05.061-0500] {dagbag.py:525} INFO - Filling up the DagBag from /home/gabsiston/Documentos/projetos/airflow-data/venv/lib/python3.8/site-packages/airflow/example_dags/example_kubernetes_executor.py
[2022-10-11T20:26:05.076-0500] {logging_mixin.py:117} INFO - [2022-10-11T20:26:05.076-0500] {example_kubernetes_executor.py:41} WARNING - The example_kubernetes_executor example DAG requires the kubernetes provider. Please install it with: pip install apache-airflow[cncf.kubernetes]
[2022-10-11T20:26:05.076-0500] {processor.py:770} WARNING - No viable dags retrieved from /home/gabsiston/Documentos/projetos/airflow-data/venv/lib/python3.8/site-packages/airflow/example_dags/example_kubernetes_executor.py
[2022-10-11T20:26:05.084-0500] {processor.py:178} INFO - Processing /home/gabsiston/Documentos/projetos/airflow-data/venv/lib/python3.8/site-packages/airflow/example_dags/example_kubernetes_executor.py took 0.027 seconds
[2022-10-11T20:26:40.515-0500] {processor.py:156} INFO - Started process (PID=8718) to work on /home/gabsiston/Documentos/projetos/airflow-data/venv/lib/python3.8/site-packages/airflow/example_dags/example_kubernetes_executor.py
[2022-10-11T20:26:40.517-0500] {processor.py:758} INFO - Processing file /home/gabsiston/Documentos/projetos/airflow-data/venv/lib/python3.8/site-packages/airflow/example_dags/example_kubernetes_executor.py for tasks to queue
[2022-10-11T20:26:40.518-0500] {logging_mixin.py:117} INFO - [2022-10-11T20:26:40.518-0500] {dagbag.py:525} INFO - Filling up the DagBag from /home/gabsiston/Documentos/projetos/airflow-data/venv/lib/python3.8/site-packages/airflow/example_dags/example_kubernetes_executor.py
[2022-10-11T20:26:40.528-0500] {logging_mixin.py:117} INFO - [2022-10-11T20:26:40.527-0500] {example_kubernetes_executor.py:41} WARNING - The example_kubernetes_executor example DAG requires the kubernetes provider. Please install it with: pip install apache-airflow[cncf.kubernetes]
[2022-10-11T20:26:40.528-0500] {processor.py:770} WARNING - No viable dags retrieved from /home/gabsiston/Documentos/projetos/airflow-data/venv/lib/python3.8/site-packages/airflow/example_dags/example_kubernetes_executor.py
[2022-10-11T20:26:40.534-0500] {processor.py:178} INFO - Processing /home/gabsiston/Documentos/projetos/airflow-data/venv/lib/python3.8/site-packages/airflow/example_dags/example_kubernetes_executor.py took 0.020 seconds
[2022-10-11T20:27:16.287-0500] {processor.py:156} INFO - Started process (PID=9370) to work on /home/gabsiston/Documentos/projetos/airflow-data/venv/lib/python3.8/site-packages/airflow/example_dags/example_kubernetes_executor.py
[2022-10-11T20:27:16.289-0500] {processor.py:758} INFO - Processing file /home/gabsiston/Documentos/projetos/airflow-data/venv/lib/python3.8/site-packages/airflow/example_dags/example_kubernetes_executor.py for tasks to queue
[2022-10-11T20:27:16.290-0500] {logging_mixin.py:117} INFO - [2022-10-11T20:27:16.290-0500] {dagbag.py:525} INFO - Filling up the DagBag from /home/gabsiston/Documentos/projetos/airflow-data/venv/lib/python3.8/site-packages/airflow/example_dags/example_kubernetes_executor.py
[2022-10-11T20:27:16.301-0500] {logging_mixin.py:117} INFO - [2022-10-11T20:27:16.301-0500] {example_kubernetes_executor.py:41} WARNING - The example_kubernetes_executor example DAG requires the kubernetes provider. Please install it with: pip install apache-airflow[cncf.kubernetes]
[2022-10-11T20:27:16.301-0500] {processor.py:770} WARNING - No viable dags retrieved from /home/gabsiston/Documentos/projetos/airflow-data/venv/lib/python3.8/site-packages/airflow/example_dags/example_kubernetes_executor.py
[2022-10-11T20:27:16.309-0500] {processor.py:178} INFO - Processing /home/gabsiston/Documentos/projetos/airflow-data/venv/lib/python3.8/site-packages/airflow/example_dags/example_kubernetes_executor.py took 0.024 seconds
[2022-10-11T20:27:52.903-0500] {processor.py:156} INFO - Started process (PID=9583) to work on /home/gabsiston/Documentos/projetos/airflow-data/venv/lib/python3.8/site-packages/airflow/example_dags/example_kubernetes_executor.py
[2022-10-11T20:27:52.906-0500] {processor.py:758} INFO - Processing file /home/gabsiston/Documentos/projetos/airflow-data/venv/lib/python3.8/site-packages/airflow/example_dags/example_kubernetes_executor.py for tasks to queue
[2022-10-11T20:27:52.908-0500] {logging_mixin.py:117} INFO - [2022-10-11T20:27:52.907-0500] {dagbag.py:525} INFO - Filling up the DagBag from /home/gabsiston/Documentos/projetos/airflow-data/venv/lib/python3.8/site-packages/airflow/example_dags/example_kubernetes_executor.py
[2022-10-11T20:27:52.928-0500] {logging_mixin.py:117} INFO - [2022-10-11T20:27:52.927-0500] {example_kubernetes_executor.py:41} WARNING - The example_kubernetes_executor example DAG requires the kubernetes provider. Please install it with: pip install apache-airflow[cncf.kubernetes]
[2022-10-11T20:27:52.928-0500] {processor.py:770} WARNING - No viable dags retrieved from /home/gabsiston/Documentos/projetos/airflow-data/venv/lib/python3.8/site-packages/airflow/example_dags/example_kubernetes_executor.py
[2022-10-11T20:27:52.936-0500] {processor.py:178} INFO - Processing /home/gabsiston/Documentos/projetos/airflow-data/venv/lib/python3.8/site-packages/airflow/example_dags/example_kubernetes_executor.py took 0.043 seconds
[2022-10-11T20:28:29.476-0500] {processor.py:156} INFO - Started process (PID=9909) to work on /home/gabsiston/Documentos/projetos/airflow-data/venv/lib/python3.8/site-packages/airflow/example_dags/example_kubernetes_executor.py
[2022-10-11T20:28:29.477-0500] {processor.py:758} INFO - Processing file /home/gabsiston/Documentos/projetos/airflow-data/venv/lib/python3.8/site-packages/airflow/example_dags/example_kubernetes_executor.py for tasks to queue
[2022-10-11T20:28:29.478-0500] {logging_mixin.py:117} INFO - [2022-10-11T20:28:29.478-0500] {dagbag.py:525} INFO - Filling up the DagBag from /home/gabsiston/Documentos/projetos/airflow-data/venv/lib/python3.8/site-packages/airflow/example_dags/example_kubernetes_executor.py
[2022-10-11T20:28:29.489-0500] {logging_mixin.py:117} INFO - [2022-10-11T20:28:29.489-0500] {example_kubernetes_executor.py:41} WARNING - The example_kubernetes_executor example DAG requires the kubernetes provider. Please install it with: pip install apache-airflow[cncf.kubernetes]
[2022-10-11T20:28:29.489-0500] {processor.py:770} WARNING - No viable dags retrieved from /home/gabsiston/Documentos/projetos/airflow-data/venv/lib/python3.8/site-packages/airflow/example_dags/example_kubernetes_executor.py
[2022-10-11T20:28:29.495-0500] {processor.py:178} INFO - Processing /home/gabsiston/Documentos/projetos/airflow-data/venv/lib/python3.8/site-packages/airflow/example_dags/example_kubernetes_executor.py took 0.021 seconds
[2022-10-11T20:29:06.262-0500] {processor.py:156} INFO - Started process (PID=10201) to work on /home/gabsiston/Documentos/projetos/airflow-data/venv/lib/python3.8/site-packages/airflow/example_dags/example_kubernetes_executor.py
[2022-10-11T20:29:06.264-0500] {processor.py:758} INFO - Processing file /home/gabsiston/Documentos/projetos/airflow-data/venv/lib/python3.8/site-packages/airflow/example_dags/example_kubernetes_executor.py for tasks to queue
[2022-10-11T20:29:06.264-0500] {logging_mixin.py:117} INFO - [2022-10-11T20:29:06.264-0500] {dagbag.py:525} INFO - Filling up the DagBag from /home/gabsiston/Documentos/projetos/airflow-data/venv/lib/python3.8/site-packages/airflow/example_dags/example_kubernetes_executor.py
[2022-10-11T20:29:06.277-0500] {logging_mixin.py:117} INFO - [2022-10-11T20:29:06.276-0500] {example_kubernetes_executor.py:41} WARNING - The example_kubernetes_executor example DAG requires the kubernetes provider. Please install it with: pip install apache-airflow[cncf.kubernetes]
[2022-10-11T20:29:06.277-0500] {processor.py:770} WARNING - No viable dags retrieved from /home/gabsiston/Documentos/projetos/airflow-data/venv/lib/python3.8/site-packages/airflow/example_dags/example_kubernetes_executor.py
[2022-10-11T20:29:06.284-0500] {processor.py:178} INFO - Processing /home/gabsiston/Documentos/projetos/airflow-data/venv/lib/python3.8/site-packages/airflow/example_dags/example_kubernetes_executor.py took 0.024 seconds
[2022-10-11T20:29:43.337-0500] {processor.py:156} INFO - Started process (PID=10391) to work on /home/gabsiston/Documentos/projetos/airflow-data/venv/lib/python3.8/site-packages/airflow/example_dags/example_kubernetes_executor.py
[2022-10-11T20:29:43.339-0500] {processor.py:758} INFO - Processing file /home/gabsiston/Documentos/projetos/airflow-data/venv/lib/python3.8/site-packages/airflow/example_dags/example_kubernetes_executor.py for tasks to queue
[2022-10-11T20:29:43.339-0500] {logging_mixin.py:117} INFO - [2022-10-11T20:29:43.339-0500] {dagbag.py:525} INFO - Filling up the DagBag from /home/gabsiston/Documentos/projetos/airflow-data/venv/lib/python3.8/site-packages/airflow/example_dags/example_kubernetes_executor.py
[2022-10-11T20:29:43.354-0500] {logging_mixin.py:117} INFO - [2022-10-11T20:29:43.354-0500] {example_kubernetes_executor.py:41} WARNING - The example_kubernetes_executor example DAG requires the kubernetes provider. Please install it with: pip install apache-airflow[cncf.kubernetes]
[2022-10-11T20:29:43.354-0500] {processor.py:770} WARNING - No viable dags retrieved from /home/gabsiston/Documentos/projetos/airflow-data/venv/lib/python3.8/site-packages/airflow/example_dags/example_kubernetes_executor.py
[2022-10-11T20:29:43.362-0500] {processor.py:178} INFO - Processing /home/gabsiston/Documentos/projetos/airflow-data/venv/lib/python3.8/site-packages/airflow/example_dags/example_kubernetes_executor.py took 0.028 seconds
[2022-10-11T20:30:21.364-0500] {processor.py:156} INFO - Started process (PID=10637) to work on /home/gabsiston/Documentos/projetos/airflow-data/venv/lib/python3.8/site-packages/airflow/example_dags/example_kubernetes_executor.py
[2022-10-11T20:30:21.366-0500] {processor.py:758} INFO - Processing file /home/gabsiston/Documentos/projetos/airflow-data/venv/lib/python3.8/site-packages/airflow/example_dags/example_kubernetes_executor.py for tasks to queue
[2022-10-11T20:30:21.367-0500] {logging_mixin.py:117} INFO - [2022-10-11T20:30:21.367-0500] {dagbag.py:525} INFO - Filling up the DagBag from /home/gabsiston/Documentos/projetos/airflow-data/venv/lib/python3.8/site-packages/airflow/example_dags/example_kubernetes_executor.py
[2022-10-11T20:30:21.379-0500] {logging_mixin.py:117} INFO - [2022-10-11T20:30:21.378-0500] {example_kubernetes_executor.py:41} WARNING - The example_kubernetes_executor example DAG requires the kubernetes provider. Please install it with: pip install apache-airflow[cncf.kubernetes]
[2022-10-11T20:30:21.379-0500] {processor.py:770} WARNING - No viable dags retrieved from /home/gabsiston/Documentos/projetos/airflow-data/venv/lib/python3.8/site-packages/airflow/example_dags/example_kubernetes_executor.py
[2022-10-11T20:30:21.385-0500] {processor.py:178} INFO - Processing /home/gabsiston/Documentos/projetos/airflow-data/venv/lib/python3.8/site-packages/airflow/example_dags/example_kubernetes_executor.py took 0.023 seconds
[2022-10-11T20:30:56.581-0500] {processor.py:156} INFO - Started process (PID=10845) to work on /home/gabsiston/Documentos/projetos/airflow-data/venv/lib/python3.8/site-packages/airflow/example_dags/example_kubernetes_executor.py
[2022-10-11T20:30:56.583-0500] {processor.py:758} INFO - Processing file /home/gabsiston/Documentos/projetos/airflow-data/venv/lib/python3.8/site-packages/airflow/example_dags/example_kubernetes_executor.py for tasks to queue
[2022-10-11T20:30:56.584-0500] {logging_mixin.py:117} INFO - [2022-10-11T20:30:56.583-0500] {dagbag.py:525} INFO - Filling up the DagBag from /home/gabsiston/Documentos/projetos/airflow-data/venv/lib/python3.8/site-packages/airflow/example_dags/example_kubernetes_executor.py
[2022-10-11T20:30:56.599-0500] {logging_mixin.py:117} INFO - [2022-10-11T20:30:56.599-0500] {example_kubernetes_executor.py:41} WARNING - The example_kubernetes_executor example DAG requires the kubernetes provider. Please install it with: pip install apache-airflow[cncf.kubernetes]
[2022-10-11T20:30:56.599-0500] {processor.py:770} WARNING - No viable dags retrieved from /home/gabsiston/Documentos/projetos/airflow-data/venv/lib/python3.8/site-packages/airflow/example_dags/example_kubernetes_executor.py
[2022-10-11T20:30:56.607-0500] {processor.py:178} INFO - Processing /home/gabsiston/Documentos/projetos/airflow-data/venv/lib/python3.8/site-packages/airflow/example_dags/example_kubernetes_executor.py took 0.029 seconds
[2022-10-11T20:31:31.706-0500] {processor.py:156} INFO - Started process (PID=11169) to work on /home/gabsiston/Documentos/projetos/airflow-data/venv/lib/python3.8/site-packages/airflow/example_dags/example_kubernetes_executor.py
[2022-10-11T20:31:31.707-0500] {processor.py:758} INFO - Processing file /home/gabsiston/Documentos/projetos/airflow-data/venv/lib/python3.8/site-packages/airflow/example_dags/example_kubernetes_executor.py for tasks to queue
[2022-10-11T20:31:31.708-0500] {logging_mixin.py:117} INFO - [2022-10-11T20:31:31.708-0500] {dagbag.py:525} INFO - Filling up the DagBag from /home/gabsiston/Documentos/projetos/airflow-data/venv/lib/python3.8/site-packages/airflow/example_dags/example_kubernetes_executor.py
[2022-10-11T20:31:31.721-0500] {logging_mixin.py:117} INFO - [2022-10-11T20:31:31.721-0500] {example_kubernetes_executor.py:41} WARNING - The example_kubernetes_executor example DAG requires the kubernetes provider. Please install it with: pip install apache-airflow[cncf.kubernetes]
[2022-10-11T20:31:31.721-0500] {processor.py:770} WARNING - No viable dags retrieved from /home/gabsiston/Documentos/projetos/airflow-data/venv/lib/python3.8/site-packages/airflow/example_dags/example_kubernetes_executor.py
[2022-10-11T20:31:31.728-0500] {processor.py:178} INFO - Processing /home/gabsiston/Documentos/projetos/airflow-data/venv/lib/python3.8/site-packages/airflow/example_dags/example_kubernetes_executor.py took 0.025 seconds
[2022-10-11T20:32:10.506-0500] {processor.py:156} INFO - Started process (PID=11416) to work on /home/gabsiston/Documentos/projetos/airflow-data/venv/lib/python3.8/site-packages/airflow/example_dags/example_kubernetes_executor.py
[2022-10-11T20:32:10.509-0500] {processor.py:758} INFO - Processing file /home/gabsiston/Documentos/projetos/airflow-data/venv/lib/python3.8/site-packages/airflow/example_dags/example_kubernetes_executor.py for tasks to queue
[2022-10-11T20:32:10.510-0500] {logging_mixin.py:117} INFO - [2022-10-11T20:32:10.510-0500] {dagbag.py:525} INFO - Filling up the DagBag from /home/gabsiston/Documentos/projetos/airflow-data/venv/lib/python3.8/site-packages/airflow/example_dags/example_kubernetes_executor.py
[2022-10-11T20:32:10.532-0500] {logging_mixin.py:117} INFO - [2022-10-11T20:32:10.531-0500] {example_kubernetes_executor.py:41} WARNING - The example_kubernetes_executor example DAG requires the kubernetes provider. Please install it with: pip install apache-airflow[cncf.kubernetes]
[2022-10-11T20:32:10.532-0500] {processor.py:770} WARNING - No viable dags retrieved from /home/gabsiston/Documentos/projetos/airflow-data/venv/lib/python3.8/site-packages/airflow/example_dags/example_kubernetes_executor.py
[2022-10-11T20:32:10.539-0500] {processor.py:178} INFO - Processing /home/gabsiston/Documentos/projetos/airflow-data/venv/lib/python3.8/site-packages/airflow/example_dags/example_kubernetes_executor.py took 0.040 seconds
[2022-10-11T20:32:46.909-0500] {processor.py:156} INFO - Started process (PID=11823) to work on /home/gabsiston/Documentos/projetos/airflow-data/venv/lib/python3.8/site-packages/airflow/example_dags/example_kubernetes_executor.py
[2022-10-11T20:32:46.910-0500] {processor.py:758} INFO - Processing file /home/gabsiston/Documentos/projetos/airflow-data/venv/lib/python3.8/site-packages/airflow/example_dags/example_kubernetes_executor.py for tasks to queue
[2022-10-11T20:32:46.910-0500] {logging_mixin.py:117} INFO - [2022-10-11T20:32:46.910-0500] {dagbag.py:525} INFO - Filling up the DagBag from /home/gabsiston/Documentos/projetos/airflow-data/venv/lib/python3.8/site-packages/airflow/example_dags/example_kubernetes_executor.py
[2022-10-11T20:32:46.923-0500] {logging_mixin.py:117} INFO - [2022-10-11T20:32:46.923-0500] {example_kubernetes_executor.py:41} WARNING - The example_kubernetes_executor example DAG requires the kubernetes provider. Please install it with: pip install apache-airflow[cncf.kubernetes]
[2022-10-11T20:32:46.923-0500] {processor.py:770} WARNING - No viable dags retrieved from /home/gabsiston/Documentos/projetos/airflow-data/venv/lib/python3.8/site-packages/airflow/example_dags/example_kubernetes_executor.py
[2022-10-11T20:32:46.931-0500] {processor.py:178} INFO - Processing /home/gabsiston/Documentos/projetos/airflow-data/venv/lib/python3.8/site-packages/airflow/example_dags/example_kubernetes_executor.py took 0.025 seconds
[2022-10-11T20:33:22.179-0500] {processor.py:156} INFO - Started process (PID=12116) to work on /home/gabsiston/Documentos/projetos/airflow-data/venv/lib/python3.8/site-packages/airflow/example_dags/example_kubernetes_executor.py
[2022-10-11T20:33:22.181-0500] {processor.py:758} INFO - Processing file /home/gabsiston/Documentos/projetos/airflow-data/venv/lib/python3.8/site-packages/airflow/example_dags/example_kubernetes_executor.py for tasks to queue
[2022-10-11T20:33:22.182-0500] {logging_mixin.py:117} INFO - [2022-10-11T20:33:22.182-0500] {dagbag.py:525} INFO - Filling up the DagBag from /home/gabsiston/Documentos/projetos/airflow-data/venv/lib/python3.8/site-packages/airflow/example_dags/example_kubernetes_executor.py
[2022-10-11T20:33:22.196-0500] {logging_mixin.py:117} INFO - [2022-10-11T20:33:22.196-0500] {example_kubernetes_executor.py:41} WARNING - The example_kubernetes_executor example DAG requires the kubernetes provider. Please install it with: pip install apache-airflow[cncf.kubernetes]
[2022-10-11T20:33:22.196-0500] {processor.py:770} WARNING - No viable dags retrieved from /home/gabsiston/Documentos/projetos/airflow-data/venv/lib/python3.8/site-packages/airflow/example_dags/example_kubernetes_executor.py
[2022-10-11T20:33:22.205-0500] {processor.py:178} INFO - Processing /home/gabsiston/Documentos/projetos/airflow-data/venv/lib/python3.8/site-packages/airflow/example_dags/example_kubernetes_executor.py took 0.028 seconds
[2022-10-11T20:34:00.443-0500] {processor.py:156} INFO - Started process (PID=12311) to work on /home/gabsiston/Documentos/projetos/airflow-data/venv/lib/python3.8/site-packages/airflow/example_dags/example_kubernetes_executor.py
[2022-10-11T20:34:00.445-0500] {processor.py:758} INFO - Processing file /home/gabsiston/Documentos/projetos/airflow-data/venv/lib/python3.8/site-packages/airflow/example_dags/example_kubernetes_executor.py for tasks to queue
[2022-10-11T20:34:00.446-0500] {logging_mixin.py:117} INFO - [2022-10-11T20:34:00.446-0500] {dagbag.py:525} INFO - Filling up the DagBag from /home/gabsiston/Documentos/projetos/airflow-data/venv/lib/python3.8/site-packages/airflow/example_dags/example_kubernetes_executor.py
[2022-10-11T20:34:00.459-0500] {logging_mixin.py:117} INFO - [2022-10-11T20:34:00.459-0500] {example_kubernetes_executor.py:41} WARNING - The example_kubernetes_executor example DAG requires the kubernetes provider. Please install it with: pip install apache-airflow[cncf.kubernetes]
[2022-10-11T20:34:00.459-0500] {processor.py:770} WARNING - No viable dags retrieved from /home/gabsiston/Documentos/projetos/airflow-data/venv/lib/python3.8/site-packages/airflow/example_dags/example_kubernetes_executor.py
[2022-10-11T20:34:00.467-0500] {processor.py:178} INFO - Processing /home/gabsiston/Documentos/projetos/airflow-data/venv/lib/python3.8/site-packages/airflow/example_dags/example_kubernetes_executor.py took 0.028 seconds
[2022-10-11T20:34:35.762-0500] {processor.py:156} INFO - Started process (PID=12492) to work on /home/gabsiston/Documentos/projetos/airflow-data/venv/lib/python3.8/site-packages/airflow/example_dags/example_kubernetes_executor.py
[2022-10-11T20:34:35.764-0500] {processor.py:758} INFO - Processing file /home/gabsiston/Documentos/projetos/airflow-data/venv/lib/python3.8/site-packages/airflow/example_dags/example_kubernetes_executor.py for tasks to queue
[2022-10-11T20:34:35.765-0500] {logging_mixin.py:117} INFO - [2022-10-11T20:34:35.765-0500] {dagbag.py:525} INFO - Filling up the DagBag from /home/gabsiston/Documentos/projetos/airflow-data/venv/lib/python3.8/site-packages/airflow/example_dags/example_kubernetes_executor.py
[2022-10-11T20:34:35.784-0500] {logging_mixin.py:117} INFO - [2022-10-11T20:34:35.783-0500] {example_kubernetes_executor.py:41} WARNING - The example_kubernetes_executor example DAG requires the kubernetes provider. Please install it with: pip install apache-airflow[cncf.kubernetes]
[2022-10-11T20:34:35.784-0500] {processor.py:770} WARNING - No viable dags retrieved from /home/gabsiston/Documentos/projetos/airflow-data/venv/lib/python3.8/site-packages/airflow/example_dags/example_kubernetes_executor.py
[2022-10-11T20:34:35.791-0500] {processor.py:178} INFO - Processing /home/gabsiston/Documentos/projetos/airflow-data/venv/lib/python3.8/site-packages/airflow/example_dags/example_kubernetes_executor.py took 0.034 seconds
[2022-10-11T20:35:08.738-0500] {processor.py:156} INFO - Started process (PID=12725) to work on /home/gabsiston/Documentos/projetos/airflow-data/venv/lib/python3.8/site-packages/airflow/example_dags/example_kubernetes_executor.py
[2022-10-11T20:35:08.739-0500] {processor.py:758} INFO - Processing file /home/gabsiston/Documentos/projetos/airflow-data/venv/lib/python3.8/site-packages/airflow/example_dags/example_kubernetes_executor.py for tasks to queue
[2022-10-11T20:35:08.739-0500] {logging_mixin.py:117} INFO - [2022-10-11T20:35:08.739-0500] {dagbag.py:525} INFO - Filling up the DagBag from /home/gabsiston/Documentos/projetos/airflow-data/venv/lib/python3.8/site-packages/airflow/example_dags/example_kubernetes_executor.py
[2022-10-11T20:35:08.751-0500] {logging_mixin.py:117} INFO - [2022-10-11T20:35:08.751-0500] {example_kubernetes_executor.py:41} WARNING - The example_kubernetes_executor example DAG requires the kubernetes provider. Please install it with: pip install apache-airflow[cncf.kubernetes]
[2022-10-11T20:35:08.751-0500] {processor.py:770} WARNING - No viable dags retrieved from /home/gabsiston/Documentos/projetos/airflow-data/venv/lib/python3.8/site-packages/airflow/example_dags/example_kubernetes_executor.py
[2022-10-11T20:35:08.757-0500] {processor.py:178} INFO - Processing /home/gabsiston/Documentos/projetos/airflow-data/venv/lib/python3.8/site-packages/airflow/example_dags/example_kubernetes_executor.py took 0.021 seconds
[2022-10-11T20:35:44.490-0500] {processor.py:156} INFO - Started process (PID=12918) to work on /home/gabsiston/Documentos/projetos/airflow-data/venv/lib/python3.8/site-packages/airflow/example_dags/example_kubernetes_executor.py
[2022-10-11T20:35:44.492-0500] {processor.py:758} INFO - Processing file /home/gabsiston/Documentos/projetos/airflow-data/venv/lib/python3.8/site-packages/airflow/example_dags/example_kubernetes_executor.py for tasks to queue
[2022-10-11T20:35:44.492-0500] {logging_mixin.py:117} INFO - [2022-10-11T20:35:44.492-0500] {dagbag.py:525} INFO - Filling up the DagBag from /home/gabsiston/Documentos/projetos/airflow-data/venv/lib/python3.8/site-packages/airflow/example_dags/example_kubernetes_executor.py
[2022-10-11T20:35:44.502-0500] {logging_mixin.py:117} INFO - [2022-10-11T20:35:44.502-0500] {example_kubernetes_executor.py:41} WARNING - The example_kubernetes_executor example DAG requires the kubernetes provider. Please install it with: pip install apache-airflow[cncf.kubernetes]
[2022-10-11T20:35:44.502-0500] {processor.py:770} WARNING - No viable dags retrieved from /home/gabsiston/Documentos/projetos/airflow-data/venv/lib/python3.8/site-packages/airflow/example_dags/example_kubernetes_executor.py
[2022-10-11T20:35:44.508-0500] {processor.py:178} INFO - Processing /home/gabsiston/Documentos/projetos/airflow-data/venv/lib/python3.8/site-packages/airflow/example_dags/example_kubernetes_executor.py took 0.020 seconds
[2022-10-11T20:36:21.087-0500] {processor.py:156} INFO - Started process (PID=13241) to work on /home/gabsiston/Documentos/projetos/airflow-data/venv/lib/python3.8/site-packages/airflow/example_dags/example_kubernetes_executor.py
[2022-10-11T20:36:21.090-0500] {processor.py:758} INFO - Processing file /home/gabsiston/Documentos/projetos/airflow-data/venv/lib/python3.8/site-packages/airflow/example_dags/example_kubernetes_executor.py for tasks to queue
[2022-10-11T20:36:21.091-0500] {logging_mixin.py:117} INFO - [2022-10-11T20:36:21.091-0500] {dagbag.py:525} INFO - Filling up the DagBag from /home/gabsiston/Documentos/projetos/airflow-data/venv/lib/python3.8/site-packages/airflow/example_dags/example_kubernetes_executor.py
[2022-10-11T20:36:21.110-0500] {logging_mixin.py:117} INFO - [2022-10-11T20:36:21.110-0500] {example_kubernetes_executor.py:41} WARNING - The example_kubernetes_executor example DAG requires the kubernetes provider. Please install it with: pip install apache-airflow[cncf.kubernetes]
[2022-10-11T20:36:21.110-0500] {processor.py:770} WARNING - No viable dags retrieved from /home/gabsiston/Documentos/projetos/airflow-data/venv/lib/python3.8/site-packages/airflow/example_dags/example_kubernetes_executor.py
[2022-10-11T20:36:21.117-0500] {processor.py:178} INFO - Processing /home/gabsiston/Documentos/projetos/airflow-data/venv/lib/python3.8/site-packages/airflow/example_dags/example_kubernetes_executor.py took 0.036 seconds
[2022-10-11T20:36:56.674-0500] {processor.py:156} INFO - Started process (PID=13514) to work on /home/gabsiston/Documentos/projetos/airflow-data/venv/lib/python3.8/site-packages/airflow/example_dags/example_kubernetes_executor.py
[2022-10-11T20:36:56.675-0500] {processor.py:758} INFO - Processing file /home/gabsiston/Documentos/projetos/airflow-data/venv/lib/python3.8/site-packages/airflow/example_dags/example_kubernetes_executor.py for tasks to queue
[2022-10-11T20:36:56.676-0500] {logging_mixin.py:117} INFO - [2022-10-11T20:36:56.676-0500] {dagbag.py:525} INFO - Filling up the DagBag from /home/gabsiston/Documentos/projetos/airflow-data/venv/lib/python3.8/site-packages/airflow/example_dags/example_kubernetes_executor.py
[2022-10-11T20:36:56.689-0500] {logging_mixin.py:117} INFO - [2022-10-11T20:36:56.689-0500] {example_kubernetes_executor.py:41} WARNING - The example_kubernetes_executor example DAG requires the kubernetes provider. Please install it with: pip install apache-airflow[cncf.kubernetes]
[2022-10-11T20:36:56.690-0500] {processor.py:770} WARNING - No viable dags retrieved from /home/gabsiston/Documentos/projetos/airflow-data/venv/lib/python3.8/site-packages/airflow/example_dags/example_kubernetes_executor.py
[2022-10-11T20:36:56.697-0500] {processor.py:178} INFO - Processing /home/gabsiston/Documentos/projetos/airflow-data/venv/lib/python3.8/site-packages/airflow/example_dags/example_kubernetes_executor.py took 0.026 seconds
