[2022-10-11T20:25:48.160-0500] {processor.py:156} INFO - Started process (PID=8036) to work on /home/gabsiston/Documentos/projetos/airflow-data/venv/lib/python3.8/site-packages/airflow/example_dags/example_task_group_decorator.py
[2022-10-11T20:25:48.161-0500] {processor.py:758} INFO - Processing file /home/gabsiston/Documentos/projetos/airflow-data/venv/lib/python3.8/site-packages/airflow/example_dags/example_task_group_decorator.py for tasks to queue
[2022-10-11T20:25:48.161-0500] {logging_mixin.py:117} INFO - [2022-10-11T20:25:48.161-0500] {dagbag.py:525} INFO - Filling up the DagBag from /home/gabsiston/Documentos/projetos/airflow-data/venv/lib/python3.8/site-packages/airflow/example_dags/example_task_group_decorator.py
[2022-10-11T20:25:48.189-0500] {processor.py:768} INFO - DAG(s) dict_keys(['example_task_group_decorator']) retrieved from /home/gabsiston/Documentos/projetos/airflow-data/venv/lib/python3.8/site-packages/airflow/example_dags/example_task_group_decorator.py
[2022-10-11T20:25:48.286-0500] {logging_mixin.py:117} INFO - [2022-10-11T20:25:48.286-0500] {manager.py:507} INFO - Created Permission View: can read on DAG:example_task_group_decorator
[2022-10-11T20:25:48.300-0500] {logging_mixin.py:117} INFO - [2022-10-11T20:25:48.300-0500] {manager.py:507} INFO - Created Permission View: can edit on DAG:example_task_group_decorator
[2022-10-11T20:25:48.314-0500] {logging_mixin.py:117} INFO - [2022-10-11T20:25:48.313-0500] {manager.py:507} INFO - Created Permission View: can delete on DAG:example_task_group_decorator
[2022-10-11T20:25:48.314-0500] {logging_mixin.py:117} INFO - [2022-10-11T20:25:48.314-0500] {dag.py:2573} INFO - Sync 1 DAGs
[2022-10-11T20:25:48.324-0500] {logging_mixin.py:117} INFO - [2022-10-11T20:25:48.324-0500] {dag.py:2594} INFO - Creating ORM DAG for example_task_group_decorator
[2022-10-11T20:25:48.332-0500] {logging_mixin.py:117} INFO - [2022-10-11T20:25:48.332-0500] {dag.py:3324} INFO - Setting next_dagrun for example_task_group_decorator to 2022-10-11T01:25:48.332426+00:00, run_after=2022-10-12T01:25:48.332426+00:00
[2022-10-11T20:25:48.356-0500] {processor.py:178} INFO - Processing /home/gabsiston/Documentos/projetos/airflow-data/venv/lib/python3.8/site-packages/airflow/example_dags/example_task_group_decorator.py took 0.199 seconds
[2022-10-11T20:26:24.769-0500] {processor.py:156} INFO - Started process (PID=8475) to work on /home/gabsiston/Documentos/projetos/airflow-data/venv/lib/python3.8/site-packages/airflow/example_dags/example_task_group_decorator.py
[2022-10-11T20:26:24.770-0500] {processor.py:758} INFO - Processing file /home/gabsiston/Documentos/projetos/airflow-data/venv/lib/python3.8/site-packages/airflow/example_dags/example_task_group_decorator.py for tasks to queue
[2022-10-11T20:26:24.770-0500] {logging_mixin.py:117} INFO - [2022-10-11T20:26:24.770-0500] {dagbag.py:525} INFO - Filling up the DagBag from /home/gabsiston/Documentos/projetos/airflow-data/venv/lib/python3.8/site-packages/airflow/example_dags/example_task_group_decorator.py
[2022-10-11T20:26:24.814-0500] {processor.py:768} INFO - DAG(s) dict_keys(['example_task_group_decorator']) retrieved from /home/gabsiston/Documentos/projetos/airflow-data/venv/lib/python3.8/site-packages/airflow/example_dags/example_task_group_decorator.py
[2022-10-11T20:26:24.973-0500] {logging_mixin.py:117} INFO - [2022-10-11T20:26:24.973-0500] {dag.py:2573} INFO - Sync 1 DAGs
[2022-10-11T20:26:24.999-0500] {logging_mixin.py:117} INFO - [2022-10-11T20:26:24.999-0500] {dag.py:3324} INFO - Setting next_dagrun for example_task_group_decorator to 2022-10-11T01:26:24.998943+00:00, run_after=2022-10-12T01:26:24.998943+00:00
[2022-10-11T20:26:25.038-0500] {processor.py:178} INFO - Processing /home/gabsiston/Documentos/projetos/airflow-data/venv/lib/python3.8/site-packages/airflow/example_dags/example_task_group_decorator.py took 0.273 seconds
[2022-10-11T20:26:59.163-0500] {processor.py:156} INFO - Started process (PID=9027) to work on /home/gabsiston/Documentos/projetos/airflow-data/venv/lib/python3.8/site-packages/airflow/example_dags/example_task_group_decorator.py
[2022-10-11T20:26:59.165-0500] {processor.py:758} INFO - Processing file /home/gabsiston/Documentos/projetos/airflow-data/venv/lib/python3.8/site-packages/airflow/example_dags/example_task_group_decorator.py for tasks to queue
[2022-10-11T20:26:59.166-0500] {logging_mixin.py:117} INFO - [2022-10-11T20:26:59.165-0500] {dagbag.py:525} INFO - Filling up the DagBag from /home/gabsiston/Documentos/projetos/airflow-data/venv/lib/python3.8/site-packages/airflow/example_dags/example_task_group_decorator.py
[2022-10-11T20:26:59.197-0500] {processor.py:768} INFO - DAG(s) dict_keys(['example_task_group_decorator']) retrieved from /home/gabsiston/Documentos/projetos/airflow-data/venv/lib/python3.8/site-packages/airflow/example_dags/example_task_group_decorator.py
[2022-10-11T20:26:59.221-0500] {logging_mixin.py:117} INFO - [2022-10-11T20:26:59.221-0500] {dag.py:2573} INFO - Sync 1 DAGs
[2022-10-11T20:26:59.238-0500] {logging_mixin.py:117} INFO - [2022-10-11T20:26:59.238-0500] {dag.py:3324} INFO - Setting next_dagrun for example_task_group_decorator to 2022-10-11T01:26:59.238594+00:00, run_after=2022-10-12T01:26:59.238594+00:00
[2022-10-11T20:26:59.264-0500] {processor.py:178} INFO - Processing /home/gabsiston/Documentos/projetos/airflow-data/venv/lib/python3.8/site-packages/airflow/example_dags/example_task_group_decorator.py took 0.103 seconds
[2022-10-11T20:27:38.644-0500] {processor.py:156} INFO - Started process (PID=9503) to work on /home/gabsiston/Documentos/projetos/airflow-data/venv/lib/python3.8/site-packages/airflow/example_dags/example_task_group_decorator.py
[2022-10-11T20:27:38.647-0500] {processor.py:758} INFO - Processing file /home/gabsiston/Documentos/projetos/airflow-data/venv/lib/python3.8/site-packages/airflow/example_dags/example_task_group_decorator.py for tasks to queue
[2022-10-11T20:27:38.649-0500] {logging_mixin.py:117} INFO - [2022-10-11T20:27:38.648-0500] {dagbag.py:525} INFO - Filling up the DagBag from /home/gabsiston/Documentos/projetos/airflow-data/venv/lib/python3.8/site-packages/airflow/example_dags/example_task_group_decorator.py
[2022-10-11T20:27:38.685-0500] {processor.py:768} INFO - DAG(s) dict_keys(['example_task_group_decorator']) retrieved from /home/gabsiston/Documentos/projetos/airflow-data/venv/lib/python3.8/site-packages/airflow/example_dags/example_task_group_decorator.py
[2022-10-11T20:27:38.706-0500] {logging_mixin.py:117} INFO - [2022-10-11T20:27:38.706-0500] {dag.py:2573} INFO - Sync 1 DAGs
[2022-10-11T20:27:38.722-0500] {logging_mixin.py:117} INFO - [2022-10-11T20:27:38.722-0500] {dag.py:3324} INFO - Setting next_dagrun for example_task_group_decorator to 2022-10-11T01:27:38.721844+00:00, run_after=2022-10-12T01:27:38.721844+00:00
[2022-10-11T20:27:38.743-0500] {processor.py:178} INFO - Processing /home/gabsiston/Documentos/projetos/airflow-data/venv/lib/python3.8/site-packages/airflow/example_dags/example_task_group_decorator.py took 0.108 seconds
[2022-10-11T20:28:20.484-0500] {processor.py:156} INFO - Started process (PID=9865) to work on /home/gabsiston/Documentos/projetos/airflow-data/venv/lib/python3.8/site-packages/airflow/example_dags/example_task_group_decorator.py
[2022-10-11T20:28:20.487-0500] {processor.py:758} INFO - Processing file /home/gabsiston/Documentos/projetos/airflow-data/venv/lib/python3.8/site-packages/airflow/example_dags/example_task_group_decorator.py for tasks to queue
[2022-10-11T20:28:20.488-0500] {logging_mixin.py:117} INFO - [2022-10-11T20:28:20.488-0500] {dagbag.py:525} INFO - Filling up the DagBag from /home/gabsiston/Documentos/projetos/airflow-data/venv/lib/python3.8/site-packages/airflow/example_dags/example_task_group_decorator.py
[2022-10-11T20:28:20.528-0500] {processor.py:768} INFO - DAG(s) dict_keys(['example_task_group_decorator']) retrieved from /home/gabsiston/Documentos/projetos/airflow-data/venv/lib/python3.8/site-packages/airflow/example_dags/example_task_group_decorator.py
[2022-10-11T20:28:20.549-0500] {logging_mixin.py:117} INFO - [2022-10-11T20:28:20.549-0500] {dag.py:2573} INFO - Sync 1 DAGs
[2022-10-11T20:28:20.564-0500] {logging_mixin.py:117} INFO - [2022-10-11T20:28:20.564-0500] {dag.py:3324} INFO - Setting next_dagrun for example_task_group_decorator to 2022-10-11T01:28:20.564556+00:00, run_after=2022-10-12T01:28:20.564556+00:00
[2022-10-11T20:28:20.585-0500] {processor.py:178} INFO - Processing /home/gabsiston/Documentos/projetos/airflow-data/venv/lib/python3.8/site-packages/airflow/example_dags/example_task_group_decorator.py took 0.105 seconds
[2022-10-11T20:29:03.514-0500] {processor.py:156} INFO - Started process (PID=10179) to work on /home/gabsiston/Documentos/projetos/airflow-data/venv/lib/python3.8/site-packages/airflow/example_dags/example_task_group_decorator.py
[2022-10-11T20:29:03.516-0500] {processor.py:758} INFO - Processing file /home/gabsiston/Documentos/projetos/airflow-data/venv/lib/python3.8/site-packages/airflow/example_dags/example_task_group_decorator.py for tasks to queue
[2022-10-11T20:29:03.516-0500] {logging_mixin.py:117} INFO - [2022-10-11T20:29:03.516-0500] {dagbag.py:525} INFO - Filling up the DagBag from /home/gabsiston/Documentos/projetos/airflow-data/venv/lib/python3.8/site-packages/airflow/example_dags/example_task_group_decorator.py
[2022-10-11T20:29:03.544-0500] {processor.py:768} INFO - DAG(s) dict_keys(['example_task_group_decorator']) retrieved from /home/gabsiston/Documentos/projetos/airflow-data/venv/lib/python3.8/site-packages/airflow/example_dags/example_task_group_decorator.py
[2022-10-11T20:29:03.564-0500] {logging_mixin.py:117} INFO - [2022-10-11T20:29:03.564-0500] {dag.py:2573} INFO - Sync 1 DAGs
[2022-10-11T20:29:03.581-0500] {logging_mixin.py:117} INFO - [2022-10-11T20:29:03.581-0500] {dag.py:3324} INFO - Setting next_dagrun for example_task_group_decorator to 2022-10-11T01:29:03.580878+00:00, run_after=2022-10-12T01:29:03.580878+00:00
[2022-10-11T20:29:03.603-0500] {processor.py:178} INFO - Processing /home/gabsiston/Documentos/projetos/airflow-data/venv/lib/python3.8/site-packages/airflow/example_dags/example_task_group_decorator.py took 0.092 seconds
[2022-10-11T20:29:40.344-0500] {processor.py:156} INFO - Started process (PID=10374) to work on /home/gabsiston/Documentos/projetos/airflow-data/venv/lib/python3.8/site-packages/airflow/example_dags/example_task_group_decorator.py
[2022-10-11T20:29:40.346-0500] {processor.py:758} INFO - Processing file /home/gabsiston/Documentos/projetos/airflow-data/venv/lib/python3.8/site-packages/airflow/example_dags/example_task_group_decorator.py for tasks to queue
[2022-10-11T20:29:40.346-0500] {logging_mixin.py:117} INFO - [2022-10-11T20:29:40.346-0500] {dagbag.py:525} INFO - Filling up the DagBag from /home/gabsiston/Documentos/projetos/airflow-data/venv/lib/python3.8/site-packages/airflow/example_dags/example_task_group_decorator.py
[2022-10-11T20:29:40.371-0500] {processor.py:768} INFO - DAG(s) dict_keys(['example_task_group_decorator']) retrieved from /home/gabsiston/Documentos/projetos/airflow-data/venv/lib/python3.8/site-packages/airflow/example_dags/example_task_group_decorator.py
[2022-10-11T20:29:40.389-0500] {logging_mixin.py:117} INFO - [2022-10-11T20:29:40.389-0500] {dag.py:2573} INFO - Sync 1 DAGs
[2022-10-11T20:29:40.404-0500] {logging_mixin.py:117} INFO - [2022-10-11T20:29:40.404-0500] {dag.py:3324} INFO - Setting next_dagrun for example_task_group_decorator to 2022-10-11T01:29:40.403835+00:00, run_after=2022-10-12T01:29:40.403835+00:00
[2022-10-11T20:29:40.424-0500] {processor.py:178} INFO - Processing /home/gabsiston/Documentos/projetos/airflow-data/venv/lib/python3.8/site-packages/airflow/example_dags/example_task_group_decorator.py took 0.083 seconds
[2022-10-11T20:30:18.857-0500] {processor.py:156} INFO - Started process (PID=10622) to work on /home/gabsiston/Documentos/projetos/airflow-data/venv/lib/python3.8/site-packages/airflow/example_dags/example_task_group_decorator.py
[2022-10-11T20:30:18.859-0500] {processor.py:758} INFO - Processing file /home/gabsiston/Documentos/projetos/airflow-data/venv/lib/python3.8/site-packages/airflow/example_dags/example_task_group_decorator.py for tasks to queue
[2022-10-11T20:30:18.859-0500] {logging_mixin.py:117} INFO - [2022-10-11T20:30:18.859-0500] {dagbag.py:525} INFO - Filling up the DagBag from /home/gabsiston/Documentos/projetos/airflow-data/venv/lib/python3.8/site-packages/airflow/example_dags/example_task_group_decorator.py
[2022-10-11T20:30:18.891-0500] {processor.py:768} INFO - DAG(s) dict_keys(['example_task_group_decorator']) retrieved from /home/gabsiston/Documentos/projetos/airflow-data/venv/lib/python3.8/site-packages/airflow/example_dags/example_task_group_decorator.py
[2022-10-11T20:30:18.922-0500] {logging_mixin.py:117} INFO - [2022-10-11T20:30:18.921-0500] {dag.py:2573} INFO - Sync 1 DAGs
[2022-10-11T20:30:18.936-0500] {logging_mixin.py:117} INFO - [2022-10-11T20:30:18.936-0500] {dag.py:3324} INFO - Setting next_dagrun for example_task_group_decorator to 2022-10-11T01:30:18.936072+00:00, run_after=2022-10-12T01:30:18.936072+00:00
[2022-10-11T20:30:18.956-0500] {processor.py:178} INFO - Processing /home/gabsiston/Documentos/projetos/airflow-data/venv/lib/python3.8/site-packages/airflow/example_dags/example_task_group_decorator.py took 0.102 seconds
[2022-10-11T20:30:55.306-0500] {processor.py:156} INFO - Started process (PID=10840) to work on /home/gabsiston/Documentos/projetos/airflow-data/venv/lib/python3.8/site-packages/airflow/example_dags/example_task_group_decorator.py
[2022-10-11T20:30:55.307-0500] {processor.py:758} INFO - Processing file /home/gabsiston/Documentos/projetos/airflow-data/venv/lib/python3.8/site-packages/airflow/example_dags/example_task_group_decorator.py for tasks to queue
[2022-10-11T20:30:55.308-0500] {logging_mixin.py:117} INFO - [2022-10-11T20:30:55.308-0500] {dagbag.py:525} INFO - Filling up the DagBag from /home/gabsiston/Documentos/projetos/airflow-data/venv/lib/python3.8/site-packages/airflow/example_dags/example_task_group_decorator.py
[2022-10-11T20:30:55.334-0500] {processor.py:768} INFO - DAG(s) dict_keys(['example_task_group_decorator']) retrieved from /home/gabsiston/Documentos/projetos/airflow-data/venv/lib/python3.8/site-packages/airflow/example_dags/example_task_group_decorator.py
[2022-10-11T20:30:55.363-0500] {logging_mixin.py:117} INFO - [2022-10-11T20:30:55.363-0500] {dag.py:2573} INFO - Sync 1 DAGs
[2022-10-11T20:30:55.384-0500] {logging_mixin.py:117} INFO - [2022-10-11T20:30:55.384-0500] {dag.py:3324} INFO - Setting next_dagrun for example_task_group_decorator to 2022-10-11T01:30:55.384630+00:00, run_after=2022-10-12T01:30:55.384630+00:00
[2022-10-11T20:30:55.407-0500] {processor.py:178} INFO - Processing /home/gabsiston/Documentos/projetos/airflow-data/venv/lib/python3.8/site-packages/airflow/example_dags/example_task_group_decorator.py took 0.104 seconds
[2022-10-11T20:31:33.412-0500] {processor.py:156} INFO - Started process (PID=11178) to work on /home/gabsiston/Documentos/projetos/airflow-data/venv/lib/python3.8/site-packages/airflow/example_dags/example_task_group_decorator.py
[2022-10-11T20:31:33.416-0500] {processor.py:758} INFO - Processing file /home/gabsiston/Documentos/projetos/airflow-data/venv/lib/python3.8/site-packages/airflow/example_dags/example_task_group_decorator.py for tasks to queue
[2022-10-11T20:31:33.418-0500] {logging_mixin.py:117} INFO - [2022-10-11T20:31:33.417-0500] {dagbag.py:525} INFO - Filling up the DagBag from /home/gabsiston/Documentos/projetos/airflow-data/venv/lib/python3.8/site-packages/airflow/example_dags/example_task_group_decorator.py
[2022-10-11T20:31:33.458-0500] {processor.py:768} INFO - DAG(s) dict_keys(['example_task_group_decorator']) retrieved from /home/gabsiston/Documentos/projetos/airflow-data/venv/lib/python3.8/site-packages/airflow/example_dags/example_task_group_decorator.py
[2022-10-11T20:31:33.477-0500] {logging_mixin.py:117} INFO - [2022-10-11T20:31:33.477-0500] {dag.py:2573} INFO - Sync 1 DAGs
[2022-10-11T20:31:33.492-0500] {logging_mixin.py:117} INFO - [2022-10-11T20:31:33.492-0500] {dag.py:3324} INFO - Setting next_dagrun for example_task_group_decorator to 2022-10-11T01:31:33.491853+00:00, run_after=2022-10-12T01:31:33.491853+00:00
[2022-10-11T20:31:33.522-0500] {processor.py:178} INFO - Processing /home/gabsiston/Documentos/projetos/airflow-data/venv/lib/python3.8/site-packages/airflow/example_dags/example_task_group_decorator.py took 0.118 seconds
[2022-10-11T20:32:12.065-0500] {processor.py:156} INFO - Started process (PID=11428) to work on /home/gabsiston/Documentos/projetos/airflow-data/venv/lib/python3.8/site-packages/airflow/example_dags/example_task_group_decorator.py
[2022-10-11T20:32:12.067-0500] {processor.py:758} INFO - Processing file /home/gabsiston/Documentos/projetos/airflow-data/venv/lib/python3.8/site-packages/airflow/example_dags/example_task_group_decorator.py for tasks to queue
[2022-10-11T20:32:12.068-0500] {logging_mixin.py:117} INFO - [2022-10-11T20:32:12.068-0500] {dagbag.py:525} INFO - Filling up the DagBag from /home/gabsiston/Documentos/projetos/airflow-data/venv/lib/python3.8/site-packages/airflow/example_dags/example_task_group_decorator.py
[2022-10-11T20:32:12.100-0500] {processor.py:768} INFO - DAG(s) dict_keys(['example_task_group_decorator']) retrieved from /home/gabsiston/Documentos/projetos/airflow-data/venv/lib/python3.8/site-packages/airflow/example_dags/example_task_group_decorator.py
[2022-10-11T20:32:12.121-0500] {logging_mixin.py:117} INFO - [2022-10-11T20:32:12.121-0500] {dag.py:2573} INFO - Sync 1 DAGs
[2022-10-11T20:32:12.138-0500] {logging_mixin.py:117} INFO - [2022-10-11T20:32:12.138-0500] {dag.py:3324} INFO - Setting next_dagrun for example_task_group_decorator to 2022-10-11T01:32:12.137859+00:00, run_after=2022-10-12T01:32:12.137859+00:00
[2022-10-11T20:32:12.167-0500] {processor.py:178} INFO - Processing /home/gabsiston/Documentos/projetos/airflow-data/venv/lib/python3.8/site-packages/airflow/example_dags/example_task_group_decorator.py took 0.104 seconds
[2022-10-11T20:32:54.657-0500] {processor.py:156} INFO - Started process (PID=11912) to work on /home/gabsiston/Documentos/projetos/airflow-data/venv/lib/python3.8/site-packages/airflow/example_dags/example_task_group_decorator.py
[2022-10-11T20:32:54.659-0500] {processor.py:758} INFO - Processing file /home/gabsiston/Documentos/projetos/airflow-data/venv/lib/python3.8/site-packages/airflow/example_dags/example_task_group_decorator.py for tasks to queue
[2022-10-11T20:32:54.660-0500] {logging_mixin.py:117} INFO - [2022-10-11T20:32:54.660-0500] {dagbag.py:525} INFO - Filling up the DagBag from /home/gabsiston/Documentos/projetos/airflow-data/venv/lib/python3.8/site-packages/airflow/example_dags/example_task_group_decorator.py
[2022-10-11T20:32:54.686-0500] {processor.py:768} INFO - DAG(s) dict_keys(['example_task_group_decorator']) retrieved from /home/gabsiston/Documentos/projetos/airflow-data/venv/lib/python3.8/site-packages/airflow/example_dags/example_task_group_decorator.py
[2022-10-11T20:32:54.705-0500] {logging_mixin.py:117} INFO - [2022-10-11T20:32:54.704-0500] {dag.py:2573} INFO - Sync 1 DAGs
[2022-10-11T20:32:54.719-0500] {logging_mixin.py:117} INFO - [2022-10-11T20:32:54.719-0500] {dag.py:3324} INFO - Setting next_dagrun for example_task_group_decorator to 2022-10-11T01:32:54.719706+00:00, run_after=2022-10-12T01:32:54.719706+00:00
[2022-10-11T20:32:54.740-0500] {processor.py:178} INFO - Processing /home/gabsiston/Documentos/projetos/airflow-data/venv/lib/python3.8/site-packages/airflow/example_dags/example_task_group_decorator.py took 0.085 seconds
[2022-10-11T20:33:35.256-0500] {processor.py:156} INFO - Started process (PID=12187) to work on /home/gabsiston/Documentos/projetos/airflow-data/venv/lib/python3.8/site-packages/airflow/example_dags/example_task_group_decorator.py
[2022-10-11T20:33:35.258-0500] {processor.py:758} INFO - Processing file /home/gabsiston/Documentos/projetos/airflow-data/venv/lib/python3.8/site-packages/airflow/example_dags/example_task_group_decorator.py for tasks to queue
[2022-10-11T20:33:35.260-0500] {logging_mixin.py:117} INFO - [2022-10-11T20:33:35.259-0500] {dagbag.py:525} INFO - Filling up the DagBag from /home/gabsiston/Documentos/projetos/airflow-data/venv/lib/python3.8/site-packages/airflow/example_dags/example_task_group_decorator.py
[2022-10-11T20:33:35.297-0500] {processor.py:768} INFO - DAG(s) dict_keys(['example_task_group_decorator']) retrieved from /home/gabsiston/Documentos/projetos/airflow-data/venv/lib/python3.8/site-packages/airflow/example_dags/example_task_group_decorator.py
[2022-10-11T20:33:35.317-0500] {logging_mixin.py:117} INFO - [2022-10-11T20:33:35.317-0500] {dag.py:2573} INFO - Sync 1 DAGs
[2022-10-11T20:33:35.332-0500] {logging_mixin.py:117} INFO - [2022-10-11T20:33:35.332-0500] {dag.py:3324} INFO - Setting next_dagrun for example_task_group_decorator to 2022-10-11T01:33:35.332100+00:00, run_after=2022-10-12T01:33:35.332100+00:00
[2022-10-11T20:33:35.353-0500] {processor.py:178} INFO - Processing /home/gabsiston/Documentos/projetos/airflow-data/venv/lib/python3.8/site-packages/airflow/example_dags/example_task_group_decorator.py took 0.102 seconds
[2022-10-11T20:34:12.102-0500] {processor.py:156} INFO - Started process (PID=12365) to work on /home/gabsiston/Documentos/projetos/airflow-data/venv/lib/python3.8/site-packages/airflow/example_dags/example_task_group_decorator.py
[2022-10-11T20:34:12.104-0500] {processor.py:758} INFO - Processing file /home/gabsiston/Documentos/projetos/airflow-data/venv/lib/python3.8/site-packages/airflow/example_dags/example_task_group_decorator.py for tasks to queue
[2022-10-11T20:34:12.105-0500] {logging_mixin.py:117} INFO - [2022-10-11T20:34:12.105-0500] {dagbag.py:525} INFO - Filling up the DagBag from /home/gabsiston/Documentos/projetos/airflow-data/venv/lib/python3.8/site-packages/airflow/example_dags/example_task_group_decorator.py
[2022-10-11T20:34:12.138-0500] {processor.py:768} INFO - DAG(s) dict_keys(['example_task_group_decorator']) retrieved from /home/gabsiston/Documentos/projetos/airflow-data/venv/lib/python3.8/site-packages/airflow/example_dags/example_task_group_decorator.py
[2022-10-11T20:34:12.159-0500] {logging_mixin.py:117} INFO - [2022-10-11T20:34:12.159-0500] {dag.py:2573} INFO - Sync 1 DAGs
[2022-10-11T20:34:12.174-0500] {logging_mixin.py:117} INFO - [2022-10-11T20:34:12.174-0500] {dag.py:3324} INFO - Setting next_dagrun for example_task_group_decorator to 2022-10-11T01:34:12.173987+00:00, run_after=2022-10-12T01:34:12.173987+00:00
[2022-10-11T20:34:12.201-0500] {processor.py:178} INFO - Processing /home/gabsiston/Documentos/projetos/airflow-data/venv/lib/python3.8/site-packages/airflow/example_dags/example_task_group_decorator.py took 0.102 seconds
[2022-10-11T20:34:54.201-0500] {processor.py:156} INFO - Started process (PID=12602) to work on /home/gabsiston/Documentos/projetos/airflow-data/venv/lib/python3.8/site-packages/airflow/example_dags/example_task_group_decorator.py
[2022-10-11T20:34:54.205-0500] {processor.py:758} INFO - Processing file /home/gabsiston/Documentos/projetos/airflow-data/venv/lib/python3.8/site-packages/airflow/example_dags/example_task_group_decorator.py for tasks to queue
[2022-10-11T20:34:54.207-0500] {logging_mixin.py:117} INFO - [2022-10-11T20:34:54.207-0500] {dagbag.py:525} INFO - Filling up the DagBag from /home/gabsiston/Documentos/projetos/airflow-data/venv/lib/python3.8/site-packages/airflow/example_dags/example_task_group_decorator.py
[2022-10-11T20:34:54.248-0500] {processor.py:768} INFO - DAG(s) dict_keys(['example_task_group_decorator']) retrieved from /home/gabsiston/Documentos/projetos/airflow-data/venv/lib/python3.8/site-packages/airflow/example_dags/example_task_group_decorator.py
[2022-10-11T20:34:54.268-0500] {logging_mixin.py:117} INFO - [2022-10-11T20:34:54.268-0500] {dag.py:2573} INFO - Sync 1 DAGs
[2022-10-11T20:34:54.282-0500] {logging_mixin.py:117} INFO - [2022-10-11T20:34:54.282-0500] {dag.py:3324} INFO - Setting next_dagrun for example_task_group_decorator to 2022-10-11T01:34:54.282655+00:00, run_after=2022-10-12T01:34:54.282655+00:00
[2022-10-11T20:34:54.312-0500] {processor.py:178} INFO - Processing /home/gabsiston/Documentos/projetos/airflow-data/venv/lib/python3.8/site-packages/airflow/example_dags/example_task_group_decorator.py took 0.119 seconds
[2022-10-11T20:35:30.382-0500] {processor.py:156} INFO - Started process (PID=12847) to work on /home/gabsiston/Documentos/projetos/airflow-data/venv/lib/python3.8/site-packages/airflow/example_dags/example_task_group_decorator.py
[2022-10-11T20:35:30.382-0500] {processor.py:758} INFO - Processing file /home/gabsiston/Documentos/projetos/airflow-data/venv/lib/python3.8/site-packages/airflow/example_dags/example_task_group_decorator.py for tasks to queue
[2022-10-11T20:35:30.383-0500] {logging_mixin.py:117} INFO - [2022-10-11T20:35:30.383-0500] {dagbag.py:525} INFO - Filling up the DagBag from /home/gabsiston/Documentos/projetos/airflow-data/venv/lib/python3.8/site-packages/airflow/example_dags/example_task_group_decorator.py
[2022-10-11T20:35:30.405-0500] {processor.py:768} INFO - DAG(s) dict_keys(['example_task_group_decorator']) retrieved from /home/gabsiston/Documentos/projetos/airflow-data/venv/lib/python3.8/site-packages/airflow/example_dags/example_task_group_decorator.py
[2022-10-11T20:35:30.422-0500] {logging_mixin.py:117} INFO - [2022-10-11T20:35:30.422-0500] {dag.py:2573} INFO - Sync 1 DAGs
[2022-10-11T20:35:30.435-0500] {logging_mixin.py:117} INFO - [2022-10-11T20:35:30.435-0500] {dag.py:3324} INFO - Setting next_dagrun for example_task_group_decorator to 2022-10-11T01:35:30.435516+00:00, run_after=2022-10-12T01:35:30.435516+00:00
[2022-10-11T20:35:30.468-0500] {processor.py:178} INFO - Processing /home/gabsiston/Documentos/projetos/airflow-data/venv/lib/python3.8/site-packages/airflow/example_dags/example_task_group_decorator.py took 0.088 seconds
[2022-10-11T20:36:08.304-0500] {processor.py:156} INFO - Started process (PID=13041) to work on /home/gabsiston/Documentos/projetos/airflow-data/venv/lib/python3.8/site-packages/airflow/example_dags/example_task_group_decorator.py
[2022-10-11T20:36:08.306-0500] {processor.py:758} INFO - Processing file /home/gabsiston/Documentos/projetos/airflow-data/venv/lib/python3.8/site-packages/airflow/example_dags/example_task_group_decorator.py for tasks to queue
[2022-10-11T20:36:08.307-0500] {logging_mixin.py:117} INFO - [2022-10-11T20:36:08.307-0500] {dagbag.py:525} INFO - Filling up the DagBag from /home/gabsiston/Documentos/projetos/airflow-data/venv/lib/python3.8/site-packages/airflow/example_dags/example_task_group_decorator.py
[2022-10-11T20:36:08.339-0500] {processor.py:768} INFO - DAG(s) dict_keys(['example_task_group_decorator']) retrieved from /home/gabsiston/Documentos/projetos/airflow-data/venv/lib/python3.8/site-packages/airflow/example_dags/example_task_group_decorator.py
[2022-10-11T20:36:08.357-0500] {logging_mixin.py:117} INFO - [2022-10-11T20:36:08.357-0500] {dag.py:2573} INFO - Sync 1 DAGs
[2022-10-11T20:36:08.371-0500] {logging_mixin.py:117} INFO - [2022-10-11T20:36:08.371-0500] {dag.py:3324} INFO - Setting next_dagrun for example_task_group_decorator to 2022-10-11T01:36:08.371483+00:00, run_after=2022-10-12T01:36:08.371483+00:00
[2022-10-11T20:36:08.398-0500] {processor.py:178} INFO - Processing /home/gabsiston/Documentos/projetos/airflow-data/venv/lib/python3.8/site-packages/airflow/example_dags/example_task_group_decorator.py took 0.098 seconds
[2022-10-11T20:36:50.149-0500] {processor.py:156} INFO - Started process (PID=13482) to work on /home/gabsiston/Documentos/projetos/airflow-data/venv/lib/python3.8/site-packages/airflow/example_dags/example_task_group_decorator.py
[2022-10-11T20:36:50.151-0500] {processor.py:758} INFO - Processing file /home/gabsiston/Documentos/projetos/airflow-data/venv/lib/python3.8/site-packages/airflow/example_dags/example_task_group_decorator.py for tasks to queue
[2022-10-11T20:36:50.152-0500] {logging_mixin.py:117} INFO - [2022-10-11T20:36:50.152-0500] {dagbag.py:525} INFO - Filling up the DagBag from /home/gabsiston/Documentos/projetos/airflow-data/venv/lib/python3.8/site-packages/airflow/example_dags/example_task_group_decorator.py
[2022-10-11T20:36:50.188-0500] {processor.py:768} INFO - DAG(s) dict_keys(['example_task_group_decorator']) retrieved from /home/gabsiston/Documentos/projetos/airflow-data/venv/lib/python3.8/site-packages/airflow/example_dags/example_task_group_decorator.py
[2022-10-11T20:36:50.211-0500] {logging_mixin.py:117} INFO - [2022-10-11T20:36:50.211-0500] {dag.py:2573} INFO - Sync 1 DAGs
[2022-10-11T20:36:50.231-0500] {logging_mixin.py:117} INFO - [2022-10-11T20:36:50.231-0500] {dag.py:3324} INFO - Setting next_dagrun for example_task_group_decorator to 2022-10-11T01:36:50.231158+00:00, run_after=2022-10-12T01:36:50.231158+00:00
[2022-10-11T20:36:50.263-0500] {processor.py:178} INFO - Processing /home/gabsiston/Documentos/projetos/airflow-data/venv/lib/python3.8/site-packages/airflow/example_dags/example_task_group_decorator.py took 0.119 seconds
