[2022-10-11T20:25:23.323-0500] {processor.py:156} INFO - Started process (PID=7812) to work on /home/gabsiston/Documentos/projetos/airflow-data/venv/lib/python3.8/site-packages/airflow/example_dags/example_external_task_marker_dag.py
[2022-10-11T20:25:23.324-0500] {processor.py:758} INFO - Processing file /home/gabsiston/Documentos/projetos/airflow-data/venv/lib/python3.8/site-packages/airflow/example_dags/example_external_task_marker_dag.py for tasks to queue
[2022-10-11T20:25:23.324-0500] {logging_mixin.py:117} INFO - [2022-10-11T20:25:23.324-0500] {dagbag.py:525} INFO - Filling up the DagBag from /home/gabsiston/Documentos/projetos/airflow-data/venv/lib/python3.8/site-packages/airflow/example_dags/example_external_task_marker_dag.py
[2022-10-11T20:25:23.334-0500] {processor.py:768} INFO - DAG(s) dict_keys(['example_external_task_marker_child', 'example_external_task_marker_parent']) retrieved from /home/gabsiston/Documentos/projetos/airflow-data/venv/lib/python3.8/site-packages/airflow/example_dags/example_external_task_marker_dag.py
[2022-10-11T20:25:23.461-0500] {logging_mixin.py:117} INFO - [2022-10-11T20:25:23.461-0500] {manager.py:507} INFO - Created Permission View: can read on DAG:example_external_task_marker_child
[2022-10-11T20:25:23.473-0500] {logging_mixin.py:117} INFO - [2022-10-11T20:25:23.473-0500] {manager.py:507} INFO - Created Permission View: can edit on DAG:example_external_task_marker_child
[2022-10-11T20:25:23.485-0500] {logging_mixin.py:117} INFO - [2022-10-11T20:25:23.484-0500] {manager.py:507} INFO - Created Permission View: can delete on DAG:example_external_task_marker_child
[2022-10-11T20:25:23.507-0500] {logging_mixin.py:117} INFO - [2022-10-11T20:25:23.507-0500] {manager.py:507} INFO - Created Permission View: can read on DAG:example_external_task_marker_parent
[2022-10-11T20:25:23.518-0500] {logging_mixin.py:117} INFO - [2022-10-11T20:25:23.518-0500] {manager.py:507} INFO - Created Permission View: can edit on DAG:example_external_task_marker_parent
[2022-10-11T20:25:23.529-0500] {logging_mixin.py:117} INFO - [2022-10-11T20:25:23.529-0500] {manager.py:507} INFO - Created Permission View: can delete on DAG:example_external_task_marker_parent
[2022-10-11T20:25:23.529-0500] {logging_mixin.py:117} INFO - [2022-10-11T20:25:23.529-0500] {dag.py:2573} INFO - Sync 2 DAGs
[2022-10-11T20:25:23.536-0500] {logging_mixin.py:117} INFO - [2022-10-11T20:25:23.536-0500] {dag.py:2594} INFO - Creating ORM DAG for example_external_task_marker_child
[2022-10-11T20:25:23.536-0500] {logging_mixin.py:117} INFO - [2022-10-11T20:25:23.536-0500] {dag.py:2594} INFO - Creating ORM DAG for example_external_task_marker_parent
[2022-10-11T20:25:23.542-0500] {logging_mixin.py:117} INFO - [2022-10-11T20:25:23.542-0500] {dag.py:3324} INFO - Setting next_dagrun for example_external_task_marker_child to None, run_after=None
[2022-10-11T20:25:23.543-0500] {logging_mixin.py:117} INFO - [2022-10-11T20:25:23.543-0500] {dag.py:3324} INFO - Setting next_dagrun for example_external_task_marker_parent to None, run_after=None
[2022-10-11T20:25:23.564-0500] {processor.py:178} INFO - Processing /home/gabsiston/Documentos/projetos/airflow-data/venv/lib/python3.8/site-packages/airflow/example_dags/example_external_task_marker_dag.py took 0.243 seconds
[2022-10-11T20:26:03.806-0500] {processor.py:156} INFO - Started process (PID=8160) to work on /home/gabsiston/Documentos/projetos/airflow-data/venv/lib/python3.8/site-packages/airflow/example_dags/example_external_task_marker_dag.py
[2022-10-11T20:26:03.809-0500] {processor.py:758} INFO - Processing file /home/gabsiston/Documentos/projetos/airflow-data/venv/lib/python3.8/site-packages/airflow/example_dags/example_external_task_marker_dag.py for tasks to queue
[2022-10-11T20:26:03.809-0500] {logging_mixin.py:117} INFO - [2022-10-11T20:26:03.809-0500] {dagbag.py:525} INFO - Filling up the DagBag from /home/gabsiston/Documentos/projetos/airflow-data/venv/lib/python3.8/site-packages/airflow/example_dags/example_external_task_marker_dag.py
[2022-10-11T20:26:03.825-0500] {processor.py:768} INFO - DAG(s) dict_keys(['example_external_task_marker_parent', 'example_external_task_marker_child']) retrieved from /home/gabsiston/Documentos/projetos/airflow-data/venv/lib/python3.8/site-packages/airflow/example_dags/example_external_task_marker_dag.py
[2022-10-11T20:26:03.912-0500] {logging_mixin.py:117} INFO - [2022-10-11T20:26:03.912-0500] {dag.py:2573} INFO - Sync 2 DAGs
[2022-10-11T20:26:03.931-0500] {logging_mixin.py:117} INFO - [2022-10-11T20:26:03.931-0500] {dag.py:3324} INFO - Setting next_dagrun for example_external_task_marker_child to None, run_after=None
[2022-10-11T20:26:03.933-0500] {logging_mixin.py:117} INFO - [2022-10-11T20:26:03.933-0500] {dag.py:3324} INFO - Setting next_dagrun for example_external_task_marker_parent to None, run_after=None
[2022-10-11T20:26:03.958-0500] {processor.py:178} INFO - Processing /home/gabsiston/Documentos/projetos/airflow-data/venv/lib/python3.8/site-packages/airflow/example_dags/example_external_task_marker_dag.py took 0.155 seconds
[2022-10-11T20:26:40.134-0500] {processor.py:156} INFO - Started process (PID=8709) to work on /home/gabsiston/Documentos/projetos/airflow-data/venv/lib/python3.8/site-packages/airflow/example_dags/example_external_task_marker_dag.py
[2022-10-11T20:26:40.136-0500] {processor.py:758} INFO - Processing file /home/gabsiston/Documentos/projetos/airflow-data/venv/lib/python3.8/site-packages/airflow/example_dags/example_external_task_marker_dag.py for tasks to queue
[2022-10-11T20:26:40.136-0500] {logging_mixin.py:117} INFO - [2022-10-11T20:26:40.136-0500] {dagbag.py:525} INFO - Filling up the DagBag from /home/gabsiston/Documentos/projetos/airflow-data/venv/lib/python3.8/site-packages/airflow/example_dags/example_external_task_marker_dag.py
[2022-10-11T20:26:40.148-0500] {processor.py:768} INFO - DAG(s) dict_keys(['example_external_task_marker_child', 'example_external_task_marker_parent']) retrieved from /home/gabsiston/Documentos/projetos/airflow-data/venv/lib/python3.8/site-packages/airflow/example_dags/example_external_task_marker_dag.py
[2022-10-11T20:26:40.207-0500] {logging_mixin.py:117} INFO - [2022-10-11T20:26:40.207-0500] {dag.py:2573} INFO - Sync 2 DAGs
[2022-10-11T20:26:40.227-0500] {logging_mixin.py:117} INFO - [2022-10-11T20:26:40.227-0500] {dag.py:3324} INFO - Setting next_dagrun for example_external_task_marker_child to None, run_after=None
[2022-10-11T20:26:40.230-0500] {logging_mixin.py:117} INFO - [2022-10-11T20:26:40.230-0500] {dag.py:3324} INFO - Setting next_dagrun for example_external_task_marker_parent to None, run_after=None
[2022-10-11T20:26:40.252-0500] {processor.py:178} INFO - Processing /home/gabsiston/Documentos/projetos/airflow-data/venv/lib/python3.8/site-packages/airflow/example_dags/example_external_task_marker_dag.py took 0.121 seconds
[2022-10-11T20:27:15.046-0500] {processor.py:156} INFO - Started process (PID=9363) to work on /home/gabsiston/Documentos/projetos/airflow-data/venv/lib/python3.8/site-packages/airflow/example_dags/example_external_task_marker_dag.py
[2022-10-11T20:27:15.048-0500] {processor.py:758} INFO - Processing file /home/gabsiston/Documentos/projetos/airflow-data/venv/lib/python3.8/site-packages/airflow/example_dags/example_external_task_marker_dag.py for tasks to queue
[2022-10-11T20:27:15.048-0500] {logging_mixin.py:117} INFO - [2022-10-11T20:27:15.048-0500] {dagbag.py:525} INFO - Filling up the DagBag from /home/gabsiston/Documentos/projetos/airflow-data/venv/lib/python3.8/site-packages/airflow/example_dags/example_external_task_marker_dag.py
[2022-10-11T20:27:15.061-0500] {processor.py:768} INFO - DAG(s) dict_keys(['example_external_task_marker_child', 'example_external_task_marker_parent']) retrieved from /home/gabsiston/Documentos/projetos/airflow-data/venv/lib/python3.8/site-packages/airflow/example_dags/example_external_task_marker_dag.py
[2022-10-11T20:27:15.133-0500] {logging_mixin.py:117} INFO - [2022-10-11T20:27:15.133-0500] {dag.py:2573} INFO - Sync 2 DAGs
[2022-10-11T20:27:15.150-0500] {logging_mixin.py:117} INFO - [2022-10-11T20:27:15.150-0500] {dag.py:3324} INFO - Setting next_dagrun for example_external_task_marker_child to None, run_after=None
[2022-10-11T20:27:15.152-0500] {logging_mixin.py:117} INFO - [2022-10-11T20:27:15.152-0500] {dag.py:3324} INFO - Setting next_dagrun for example_external_task_marker_parent to None, run_after=None
[2022-10-11T20:27:15.178-0500] {processor.py:178} INFO - Processing /home/gabsiston/Documentos/projetos/airflow-data/venv/lib/python3.8/site-packages/airflow/example_dags/example_external_task_marker_dag.py took 0.134 seconds
[2022-10-11T20:27:52.414-0500] {processor.py:156} INFO - Started process (PID=9579) to work on /home/gabsiston/Documentos/projetos/airflow-data/venv/lib/python3.8/site-packages/airflow/example_dags/example_external_task_marker_dag.py
[2022-10-11T20:27:52.416-0500] {processor.py:758} INFO - Processing file /home/gabsiston/Documentos/projetos/airflow-data/venv/lib/python3.8/site-packages/airflow/example_dags/example_external_task_marker_dag.py for tasks to queue
[2022-10-11T20:27:52.417-0500] {logging_mixin.py:117} INFO - [2022-10-11T20:27:52.417-0500] {dagbag.py:525} INFO - Filling up the DagBag from /home/gabsiston/Documentos/projetos/airflow-data/venv/lib/python3.8/site-packages/airflow/example_dags/example_external_task_marker_dag.py
[2022-10-11T20:27:52.444-0500] {processor.py:768} INFO - DAG(s) dict_keys(['example_external_task_marker_parent', 'example_external_task_marker_child']) retrieved from /home/gabsiston/Documentos/projetos/airflow-data/venv/lib/python3.8/site-packages/airflow/example_dags/example_external_task_marker_dag.py
[2022-10-11T20:27:52.514-0500] {logging_mixin.py:117} INFO - [2022-10-11T20:27:52.514-0500] {dag.py:2573} INFO - Sync 2 DAGs
[2022-10-11T20:27:52.529-0500] {logging_mixin.py:117} INFO - [2022-10-11T20:27:52.529-0500] {dag.py:3324} INFO - Setting next_dagrun for example_external_task_marker_child to None, run_after=None
[2022-10-11T20:27:52.533-0500] {logging_mixin.py:117} INFO - [2022-10-11T20:27:52.533-0500] {dag.py:3324} INFO - Setting next_dagrun for example_external_task_marker_parent to None, run_after=None
[2022-10-11T20:27:52.554-0500] {processor.py:178} INFO - Processing /home/gabsiston/Documentos/projetos/airflow-data/venv/lib/python3.8/site-packages/airflow/example_dags/example_external_task_marker_dag.py took 0.143 seconds
[2022-10-11T20:28:29.169-0500] {processor.py:156} INFO - Started process (PID=9906) to work on /home/gabsiston/Documentos/projetos/airflow-data/venv/lib/python3.8/site-packages/airflow/example_dags/example_external_task_marker_dag.py
[2022-10-11T20:28:29.171-0500] {processor.py:758} INFO - Processing file /home/gabsiston/Documentos/projetos/airflow-data/venv/lib/python3.8/site-packages/airflow/example_dags/example_external_task_marker_dag.py for tasks to queue
[2022-10-11T20:28:29.172-0500] {logging_mixin.py:117} INFO - [2022-10-11T20:28:29.172-0500] {dagbag.py:525} INFO - Filling up the DagBag from /home/gabsiston/Documentos/projetos/airflow-data/venv/lib/python3.8/site-packages/airflow/example_dags/example_external_task_marker_dag.py
[2022-10-11T20:28:29.186-0500] {processor.py:768} INFO - DAG(s) dict_keys(['example_external_task_marker_child', 'example_external_task_marker_parent']) retrieved from /home/gabsiston/Documentos/projetos/airflow-data/venv/lib/python3.8/site-packages/airflow/example_dags/example_external_task_marker_dag.py
[2022-10-11T20:28:29.251-0500] {logging_mixin.py:117} INFO - [2022-10-11T20:28:29.250-0500] {dag.py:2573} INFO - Sync 2 DAGs
[2022-10-11T20:28:29.265-0500] {logging_mixin.py:117} INFO - [2022-10-11T20:28:29.264-0500] {dag.py:3324} INFO - Setting next_dagrun for example_external_task_marker_child to None, run_after=None
[2022-10-11T20:28:29.267-0500] {logging_mixin.py:117} INFO - [2022-10-11T20:28:29.266-0500] {dag.py:3324} INFO - Setting next_dagrun for example_external_task_marker_parent to None, run_after=None
[2022-10-11T20:28:29.284-0500] {processor.py:178} INFO - Processing /home/gabsiston/Documentos/projetos/airflow-data/venv/lib/python3.8/site-packages/airflow/example_dags/example_external_task_marker_dag.py took 0.117 seconds
[2022-10-11T20:29:05.896-0500] {processor.py:156} INFO - Started process (PID=10196) to work on /home/gabsiston/Documentos/projetos/airflow-data/venv/lib/python3.8/site-packages/airflow/example_dags/example_external_task_marker_dag.py
[2022-10-11T20:29:05.896-0500] {processor.py:758} INFO - Processing file /home/gabsiston/Documentos/projetos/airflow-data/venv/lib/python3.8/site-packages/airflow/example_dags/example_external_task_marker_dag.py for tasks to queue
[2022-10-11T20:29:05.897-0500] {logging_mixin.py:117} INFO - [2022-10-11T20:29:05.897-0500] {dagbag.py:525} INFO - Filling up the DagBag from /home/gabsiston/Documentos/projetos/airflow-data/venv/lib/python3.8/site-packages/airflow/example_dags/example_external_task_marker_dag.py
[2022-10-11T20:29:05.907-0500] {processor.py:768} INFO - DAG(s) dict_keys(['example_external_task_marker_child', 'example_external_task_marker_parent']) retrieved from /home/gabsiston/Documentos/projetos/airflow-data/venv/lib/python3.8/site-packages/airflow/example_dags/example_external_task_marker_dag.py
[2022-10-11T20:29:05.962-0500] {logging_mixin.py:117} INFO - [2022-10-11T20:29:05.962-0500] {dag.py:2573} INFO - Sync 2 DAGs
[2022-10-11T20:29:05.975-0500] {logging_mixin.py:117} INFO - [2022-10-11T20:29:05.975-0500] {dag.py:3324} INFO - Setting next_dagrun for example_external_task_marker_child to None, run_after=None
[2022-10-11T20:29:05.977-0500] {logging_mixin.py:117} INFO - [2022-10-11T20:29:05.976-0500] {dag.py:3324} INFO - Setting next_dagrun for example_external_task_marker_parent to None, run_after=None
[2022-10-11T20:29:05.996-0500] {processor.py:178} INFO - Processing /home/gabsiston/Documentos/projetos/airflow-data/venv/lib/python3.8/site-packages/airflow/example_dags/example_external_task_marker_dag.py took 0.102 seconds
[2022-10-11T20:29:42.072-0500] {processor.py:156} INFO - Started process (PID=10382) to work on /home/gabsiston/Documentos/projetos/airflow-data/venv/lib/python3.8/site-packages/airflow/example_dags/example_external_task_marker_dag.py
[2022-10-11T20:29:42.075-0500] {processor.py:758} INFO - Processing file /home/gabsiston/Documentos/projetos/airflow-data/venv/lib/python3.8/site-packages/airflow/example_dags/example_external_task_marker_dag.py for tasks to queue
[2022-10-11T20:29:42.077-0500] {logging_mixin.py:117} INFO - [2022-10-11T20:29:42.076-0500] {dagbag.py:525} INFO - Filling up the DagBag from /home/gabsiston/Documentos/projetos/airflow-data/venv/lib/python3.8/site-packages/airflow/example_dags/example_external_task_marker_dag.py
[2022-10-11T20:29:42.095-0500] {processor.py:768} INFO - DAG(s) dict_keys(['example_external_task_marker_child', 'example_external_task_marker_parent']) retrieved from /home/gabsiston/Documentos/projetos/airflow-data/venv/lib/python3.8/site-packages/airflow/example_dags/example_external_task_marker_dag.py
[2022-10-11T20:29:42.170-0500] {logging_mixin.py:117} INFO - [2022-10-11T20:29:42.170-0500] {dag.py:2573} INFO - Sync 2 DAGs
[2022-10-11T20:29:42.183-0500] {logging_mixin.py:117} INFO - [2022-10-11T20:29:42.183-0500] {dag.py:3324} INFO - Setting next_dagrun for example_external_task_marker_child to None, run_after=None
[2022-10-11T20:29:42.185-0500] {logging_mixin.py:117} INFO - [2022-10-11T20:29:42.185-0500] {dag.py:3324} INFO - Setting next_dagrun for example_external_task_marker_parent to None, run_after=None
[2022-10-11T20:29:42.205-0500] {processor.py:178} INFO - Processing /home/gabsiston/Documentos/projetos/airflow-data/venv/lib/python3.8/site-packages/airflow/example_dags/example_external_task_marker_dag.py took 0.144 seconds
[2022-10-11T20:30:20.104-0500] {processor.py:156} INFO - Started process (PID=10628) to work on /home/gabsiston/Documentos/projetos/airflow-data/venv/lib/python3.8/site-packages/airflow/example_dags/example_external_task_marker_dag.py
[2022-10-11T20:30:20.106-0500] {processor.py:758} INFO - Processing file /home/gabsiston/Documentos/projetos/airflow-data/venv/lib/python3.8/site-packages/airflow/example_dags/example_external_task_marker_dag.py for tasks to queue
[2022-10-11T20:30:20.107-0500] {logging_mixin.py:117} INFO - [2022-10-11T20:30:20.106-0500] {dagbag.py:525} INFO - Filling up the DagBag from /home/gabsiston/Documentos/projetos/airflow-data/venv/lib/python3.8/site-packages/airflow/example_dags/example_external_task_marker_dag.py
[2022-10-11T20:30:20.124-0500] {processor.py:768} INFO - DAG(s) dict_keys(['example_external_task_marker_parent', 'example_external_task_marker_child']) retrieved from /home/gabsiston/Documentos/projetos/airflow-data/venv/lib/python3.8/site-packages/airflow/example_dags/example_external_task_marker_dag.py
[2022-10-11T20:30:20.196-0500] {logging_mixin.py:117} INFO - [2022-10-11T20:30:20.195-0500] {dag.py:2573} INFO - Sync 2 DAGs
[2022-10-11T20:30:20.213-0500] {logging_mixin.py:117} INFO - [2022-10-11T20:30:20.213-0500] {dag.py:3324} INFO - Setting next_dagrun for example_external_task_marker_child to None, run_after=None
[2022-10-11T20:30:20.215-0500] {logging_mixin.py:117} INFO - [2022-10-11T20:30:20.215-0500] {dag.py:3324} INFO - Setting next_dagrun for example_external_task_marker_parent to None, run_after=None
[2022-10-11T20:30:20.234-0500] {processor.py:178} INFO - Processing /home/gabsiston/Documentos/projetos/airflow-data/venv/lib/python3.8/site-packages/airflow/example_dags/example_external_task_marker_dag.py took 0.133 seconds
[2022-10-11T20:30:54.732-0500] {processor.py:156} INFO - Started process (PID=10834) to work on /home/gabsiston/Documentos/projetos/airflow-data/venv/lib/python3.8/site-packages/airflow/example_dags/example_external_task_marker_dag.py
[2022-10-11T20:30:54.734-0500] {processor.py:758} INFO - Processing file /home/gabsiston/Documentos/projetos/airflow-data/venv/lib/python3.8/site-packages/airflow/example_dags/example_external_task_marker_dag.py for tasks to queue
[2022-10-11T20:30:54.735-0500] {logging_mixin.py:117} INFO - [2022-10-11T20:30:54.735-0500] {dagbag.py:525} INFO - Filling up the DagBag from /home/gabsiston/Documentos/projetos/airflow-data/venv/lib/python3.8/site-packages/airflow/example_dags/example_external_task_marker_dag.py
[2022-10-11T20:30:54.750-0500] {processor.py:768} INFO - DAG(s) dict_keys(['example_external_task_marker_child', 'example_external_task_marker_parent']) retrieved from /home/gabsiston/Documentos/projetos/airflow-data/venv/lib/python3.8/site-packages/airflow/example_dags/example_external_task_marker_dag.py
[2022-10-11T20:30:54.832-0500] {logging_mixin.py:117} INFO - [2022-10-11T20:30:54.832-0500] {dag.py:2573} INFO - Sync 2 DAGs
[2022-10-11T20:30:54.849-0500] {logging_mixin.py:117} INFO - [2022-10-11T20:30:54.849-0500] {dag.py:3324} INFO - Setting next_dagrun for example_external_task_marker_child to None, run_after=None
[2022-10-11T20:30:54.852-0500] {logging_mixin.py:117} INFO - [2022-10-11T20:30:54.852-0500] {dag.py:3324} INFO - Setting next_dagrun for example_external_task_marker_parent to None, run_after=None
[2022-10-11T20:30:54.877-0500] {processor.py:178} INFO - Processing /home/gabsiston/Documentos/projetos/airflow-data/venv/lib/python3.8/site-packages/airflow/example_dags/example_external_task_marker_dag.py took 0.147 seconds
[2022-10-11T20:31:31.113-0500] {processor.py:156} INFO - Started process (PID=11164) to work on /home/gabsiston/Documentos/projetos/airflow-data/venv/lib/python3.8/site-packages/airflow/example_dags/example_external_task_marker_dag.py
[2022-10-11T20:31:31.114-0500] {processor.py:758} INFO - Processing file /home/gabsiston/Documentos/projetos/airflow-data/venv/lib/python3.8/site-packages/airflow/example_dags/example_external_task_marker_dag.py for tasks to queue
[2022-10-11T20:31:31.114-0500] {logging_mixin.py:117} INFO - [2022-10-11T20:31:31.114-0500] {dagbag.py:525} INFO - Filling up the DagBag from /home/gabsiston/Documentos/projetos/airflow-data/venv/lib/python3.8/site-packages/airflow/example_dags/example_external_task_marker_dag.py
[2022-10-11T20:31:31.125-0500] {processor.py:768} INFO - DAG(s) dict_keys(['example_external_task_marker_child', 'example_external_task_marker_parent']) retrieved from /home/gabsiston/Documentos/projetos/airflow-data/venv/lib/python3.8/site-packages/airflow/example_dags/example_external_task_marker_dag.py
[2022-10-11T20:31:31.182-0500] {logging_mixin.py:117} INFO - [2022-10-11T20:31:31.181-0500] {dag.py:2573} INFO - Sync 2 DAGs
[2022-10-11T20:31:31.194-0500] {logging_mixin.py:117} INFO - [2022-10-11T20:31:31.194-0500] {dag.py:3324} INFO - Setting next_dagrun for example_external_task_marker_child to None, run_after=None
[2022-10-11T20:31:31.196-0500] {logging_mixin.py:117} INFO - [2022-10-11T20:31:31.196-0500] {dag.py:3324} INFO - Setting next_dagrun for example_external_task_marker_parent to None, run_after=None
[2022-10-11T20:31:31.217-0500] {processor.py:178} INFO - Processing /home/gabsiston/Documentos/projetos/airflow-data/venv/lib/python3.8/site-packages/airflow/example_dags/example_external_task_marker_dag.py took 0.106 seconds
[2022-10-11T20:32:09.260-0500] {processor.py:156} INFO - Started process (PID=11409) to work on /home/gabsiston/Documentos/projetos/airflow-data/venv/lib/python3.8/site-packages/airflow/example_dags/example_external_task_marker_dag.py
[2022-10-11T20:32:09.264-0500] {processor.py:758} INFO - Processing file /home/gabsiston/Documentos/projetos/airflow-data/venv/lib/python3.8/site-packages/airflow/example_dags/example_external_task_marker_dag.py for tasks to queue
[2022-10-11T20:32:09.266-0500] {logging_mixin.py:117} INFO - [2022-10-11T20:32:09.265-0500] {dagbag.py:525} INFO - Filling up the DagBag from /home/gabsiston/Documentos/projetos/airflow-data/venv/lib/python3.8/site-packages/airflow/example_dags/example_external_task_marker_dag.py
[2022-10-11T20:32:09.287-0500] {processor.py:768} INFO - DAG(s) dict_keys(['example_external_task_marker_parent', 'example_external_task_marker_child']) retrieved from /home/gabsiston/Documentos/projetos/airflow-data/venv/lib/python3.8/site-packages/airflow/example_dags/example_external_task_marker_dag.py
[2022-10-11T20:32:09.363-0500] {logging_mixin.py:117} INFO - [2022-10-11T20:32:09.362-0500] {dag.py:2573} INFO - Sync 2 DAGs
[2022-10-11T20:32:09.379-0500] {logging_mixin.py:117} INFO - [2022-10-11T20:32:09.379-0500] {dag.py:3324} INFO - Setting next_dagrun for example_external_task_marker_child to None, run_after=None
[2022-10-11T20:32:09.381-0500] {logging_mixin.py:117} INFO - [2022-10-11T20:32:09.381-0500] {dag.py:3324} INFO - Setting next_dagrun for example_external_task_marker_parent to None, run_after=None
[2022-10-11T20:32:09.406-0500] {processor.py:178} INFO - Processing /home/gabsiston/Documentos/projetos/airflow-data/venv/lib/python3.8/site-packages/airflow/example_dags/example_external_task_marker_dag.py took 0.155 seconds
[2022-10-11T20:32:45.678-0500] {processor.py:156} INFO - Started process (PID=11817) to work on /home/gabsiston/Documentos/projetos/airflow-data/venv/lib/python3.8/site-packages/airflow/example_dags/example_external_task_marker_dag.py
[2022-10-11T20:32:45.680-0500] {processor.py:758} INFO - Processing file /home/gabsiston/Documentos/projetos/airflow-data/venv/lib/python3.8/site-packages/airflow/example_dags/example_external_task_marker_dag.py for tasks to queue
[2022-10-11T20:32:45.681-0500] {logging_mixin.py:117} INFO - [2022-10-11T20:32:45.681-0500] {dagbag.py:525} INFO - Filling up the DagBag from /home/gabsiston/Documentos/projetos/airflow-data/venv/lib/python3.8/site-packages/airflow/example_dags/example_external_task_marker_dag.py
[2022-10-11T20:32:45.702-0500] {processor.py:768} INFO - DAG(s) dict_keys(['example_external_task_marker_child', 'example_external_task_marker_parent']) retrieved from /home/gabsiston/Documentos/projetos/airflow-data/venv/lib/python3.8/site-packages/airflow/example_dags/example_external_task_marker_dag.py
[2022-10-11T20:32:45.796-0500] {logging_mixin.py:117} INFO - [2022-10-11T20:32:45.796-0500] {dag.py:2573} INFO - Sync 2 DAGs
[2022-10-11T20:32:45.816-0500] {logging_mixin.py:117} INFO - [2022-10-11T20:32:45.816-0500] {dag.py:3324} INFO - Setting next_dagrun for example_external_task_marker_child to None, run_after=None
[2022-10-11T20:32:45.818-0500] {logging_mixin.py:117} INFO - [2022-10-11T20:32:45.818-0500] {dag.py:3324} INFO - Setting next_dagrun for example_external_task_marker_parent to None, run_after=None
[2022-10-11T20:32:45.844-0500] {processor.py:178} INFO - Processing /home/gabsiston/Documentos/projetos/airflow-data/venv/lib/python3.8/site-packages/airflow/example_dags/example_external_task_marker_dag.py took 0.172 seconds
[2022-10-11T20:33:20.927-0500] {processor.py:156} INFO - Started process (PID=12111) to work on /home/gabsiston/Documentos/projetos/airflow-data/venv/lib/python3.8/site-packages/airflow/example_dags/example_external_task_marker_dag.py
[2022-10-11T20:33:20.928-0500] {processor.py:758} INFO - Processing file /home/gabsiston/Documentos/projetos/airflow-data/venv/lib/python3.8/site-packages/airflow/example_dags/example_external_task_marker_dag.py for tasks to queue
[2022-10-11T20:33:20.929-0500] {logging_mixin.py:117} INFO - [2022-10-11T20:33:20.929-0500] {dagbag.py:525} INFO - Filling up the DagBag from /home/gabsiston/Documentos/projetos/airflow-data/venv/lib/python3.8/site-packages/airflow/example_dags/example_external_task_marker_dag.py
[2022-10-11T20:33:20.944-0500] {processor.py:768} INFO - DAG(s) dict_keys(['example_external_task_marker_parent', 'example_external_task_marker_child']) retrieved from /home/gabsiston/Documentos/projetos/airflow-data/venv/lib/python3.8/site-packages/airflow/example_dags/example_external_task_marker_dag.py
[2022-10-11T20:33:21.010-0500] {logging_mixin.py:117} INFO - [2022-10-11T20:33:21.009-0500] {dag.py:2573} INFO - Sync 2 DAGs
[2022-10-11T20:33:21.025-0500] {logging_mixin.py:117} INFO - [2022-10-11T20:33:21.025-0500] {dag.py:3324} INFO - Setting next_dagrun for example_external_task_marker_child to None, run_after=None
[2022-10-11T20:33:21.027-0500] {logging_mixin.py:117} INFO - [2022-10-11T20:33:21.027-0500] {dag.py:3324} INFO - Setting next_dagrun for example_external_task_marker_parent to None, run_after=None
[2022-10-11T20:33:21.047-0500] {processor.py:178} INFO - Processing /home/gabsiston/Documentos/projetos/airflow-data/venv/lib/python3.8/site-packages/airflow/example_dags/example_external_task_marker_dag.py took 0.123 seconds
[2022-10-11T20:33:55.295-0500] {processor.py:156} INFO - Started process (PID=12285) to work on /home/gabsiston/Documentos/projetos/airflow-data/venv/lib/python3.8/site-packages/airflow/example_dags/example_external_task_marker_dag.py
[2022-10-11T20:33:55.297-0500] {processor.py:758} INFO - Processing file /home/gabsiston/Documentos/projetos/airflow-data/venv/lib/python3.8/site-packages/airflow/example_dags/example_external_task_marker_dag.py for tasks to queue
[2022-10-11T20:33:55.298-0500] {logging_mixin.py:117} INFO - [2022-10-11T20:33:55.298-0500] {dagbag.py:525} INFO - Filling up the DagBag from /home/gabsiston/Documentos/projetos/airflow-data/venv/lib/python3.8/site-packages/airflow/example_dags/example_external_task_marker_dag.py
[2022-10-11T20:33:55.313-0500] {processor.py:768} INFO - DAG(s) dict_keys(['example_external_task_marker_parent', 'example_external_task_marker_child']) retrieved from /home/gabsiston/Documentos/projetos/airflow-data/venv/lib/python3.8/site-packages/airflow/example_dags/example_external_task_marker_dag.py
[2022-10-11T20:33:55.378-0500] {logging_mixin.py:117} INFO - [2022-10-11T20:33:55.378-0500] {dag.py:2573} INFO - Sync 2 DAGs
[2022-10-11T20:33:55.391-0500] {logging_mixin.py:117} INFO - [2022-10-11T20:33:55.391-0500] {dag.py:3324} INFO - Setting next_dagrun for example_external_task_marker_child to None, run_after=None
[2022-10-11T20:33:55.393-0500] {logging_mixin.py:117} INFO - [2022-10-11T20:33:55.393-0500] {dag.py:3324} INFO - Setting next_dagrun for example_external_task_marker_parent to None, run_after=None
[2022-10-11T20:33:55.412-0500] {processor.py:178} INFO - Processing /home/gabsiston/Documentos/projetos/airflow-data/venv/lib/python3.8/site-packages/airflow/example_dags/example_external_task_marker_dag.py took 0.120 seconds
[2022-10-11T20:34:30.575-0500] {processor.py:156} INFO - Started process (PID=12468) to work on /home/gabsiston/Documentos/projetos/airflow-data/venv/lib/python3.8/site-packages/airflow/example_dags/example_external_task_marker_dag.py
[2022-10-11T20:34:30.578-0500] {processor.py:758} INFO - Processing file /home/gabsiston/Documentos/projetos/airflow-data/venv/lib/python3.8/site-packages/airflow/example_dags/example_external_task_marker_dag.py for tasks to queue
[2022-10-11T20:34:30.578-0500] {logging_mixin.py:117} INFO - [2022-10-11T20:34:30.578-0500] {dagbag.py:525} INFO - Filling up the DagBag from /home/gabsiston/Documentos/projetos/airflow-data/venv/lib/python3.8/site-packages/airflow/example_dags/example_external_task_marker_dag.py
[2022-10-11T20:34:30.595-0500] {processor.py:768} INFO - DAG(s) dict_keys(['example_external_task_marker_parent', 'example_external_task_marker_child']) retrieved from /home/gabsiston/Documentos/projetos/airflow-data/venv/lib/python3.8/site-packages/airflow/example_dags/example_external_task_marker_dag.py
[2022-10-11T20:34:30.666-0500] {logging_mixin.py:117} INFO - [2022-10-11T20:34:30.666-0500] {dag.py:2573} INFO - Sync 2 DAGs
[2022-10-11T20:34:30.681-0500] {logging_mixin.py:117} INFO - [2022-10-11T20:34:30.681-0500] {dag.py:3324} INFO - Setting next_dagrun for example_external_task_marker_child to None, run_after=None
[2022-10-11T20:34:30.683-0500] {logging_mixin.py:117} INFO - [2022-10-11T20:34:30.683-0500] {dag.py:3324} INFO - Setting next_dagrun for example_external_task_marker_parent to None, run_after=None
[2022-10-11T20:34:30.703-0500] {processor.py:178} INFO - Processing /home/gabsiston/Documentos/projetos/airflow-data/venv/lib/python3.8/site-packages/airflow/example_dags/example_external_task_marker_dag.py took 0.130 seconds
[2022-10-11T20:35:05.960-0500] {processor.py:156} INFO - Started process (PID=12657) to work on /home/gabsiston/Documentos/projetos/airflow-data/venv/lib/python3.8/site-packages/airflow/example_dags/example_external_task_marker_dag.py
[2022-10-11T20:35:05.962-0500] {processor.py:758} INFO - Processing file /home/gabsiston/Documentos/projetos/airflow-data/venv/lib/python3.8/site-packages/airflow/example_dags/example_external_task_marker_dag.py for tasks to queue
[2022-10-11T20:35:05.963-0500] {logging_mixin.py:117} INFO - [2022-10-11T20:35:05.963-0500] {dagbag.py:525} INFO - Filling up the DagBag from /home/gabsiston/Documentos/projetos/airflow-data/venv/lib/python3.8/site-packages/airflow/example_dags/example_external_task_marker_dag.py
[2022-10-11T20:35:05.978-0500] {processor.py:768} INFO - DAG(s) dict_keys(['example_external_task_marker_parent', 'example_external_task_marker_child']) retrieved from /home/gabsiston/Documentos/projetos/airflow-data/venv/lib/python3.8/site-packages/airflow/example_dags/example_external_task_marker_dag.py
[2022-10-11T20:35:06.042-0500] {logging_mixin.py:117} INFO - [2022-10-11T20:35:06.041-0500] {dag.py:2573} INFO - Sync 2 DAGs
[2022-10-11T20:35:06.054-0500] {logging_mixin.py:117} INFO - [2022-10-11T20:35:06.054-0500] {dag.py:3324} INFO - Setting next_dagrun for example_external_task_marker_child to None, run_after=None
[2022-10-11T20:35:06.056-0500] {logging_mixin.py:117} INFO - [2022-10-11T20:35:06.056-0500] {dag.py:3324} INFO - Setting next_dagrun for example_external_task_marker_parent to None, run_after=None
[2022-10-11T20:35:06.077-0500] {processor.py:178} INFO - Processing /home/gabsiston/Documentos/projetos/airflow-data/venv/lib/python3.8/site-packages/airflow/example_dags/example_external_task_marker_dag.py took 0.119 seconds
[2022-10-11T20:35:43.259-0500] {processor.py:156} INFO - Started process (PID=12911) to work on /home/gabsiston/Documentos/projetos/airflow-data/venv/lib/python3.8/site-packages/airflow/example_dags/example_external_task_marker_dag.py
[2022-10-11T20:35:43.262-0500] {processor.py:758} INFO - Processing file /home/gabsiston/Documentos/projetos/airflow-data/venv/lib/python3.8/site-packages/airflow/example_dags/example_external_task_marker_dag.py for tasks to queue
[2022-10-11T20:35:43.262-0500] {logging_mixin.py:117} INFO - [2022-10-11T20:35:43.262-0500] {dagbag.py:525} INFO - Filling up the DagBag from /home/gabsiston/Documentos/projetos/airflow-data/venv/lib/python3.8/site-packages/airflow/example_dags/example_external_task_marker_dag.py
[2022-10-11T20:35:43.279-0500] {processor.py:768} INFO - DAG(s) dict_keys(['example_external_task_marker_parent', 'example_external_task_marker_child']) retrieved from /home/gabsiston/Documentos/projetos/airflow-data/venv/lib/python3.8/site-packages/airflow/example_dags/example_external_task_marker_dag.py
[2022-10-11T20:35:43.345-0500] {logging_mixin.py:117} INFO - [2022-10-11T20:35:43.345-0500] {dag.py:2573} INFO - Sync 2 DAGs
[2022-10-11T20:35:43.359-0500] {logging_mixin.py:117} INFO - [2022-10-11T20:35:43.359-0500] {dag.py:3324} INFO - Setting next_dagrun for example_external_task_marker_child to None, run_after=None
[2022-10-11T20:35:43.361-0500] {logging_mixin.py:117} INFO - [2022-10-11T20:35:43.360-0500] {dag.py:3324} INFO - Setting next_dagrun for example_external_task_marker_parent to None, run_after=None
[2022-10-11T20:35:43.378-0500] {processor.py:178} INFO - Processing /home/gabsiston/Documentos/projetos/airflow-data/venv/lib/python3.8/site-packages/airflow/example_dags/example_external_task_marker_dag.py took 0.122 seconds
[2022-10-11T20:36:19.811-0500] {processor.py:156} INFO - Started process (PID=13233) to work on /home/gabsiston/Documentos/projetos/airflow-data/venv/lib/python3.8/site-packages/airflow/example_dags/example_external_task_marker_dag.py
[2022-10-11T20:36:19.813-0500] {processor.py:758} INFO - Processing file /home/gabsiston/Documentos/projetos/airflow-data/venv/lib/python3.8/site-packages/airflow/example_dags/example_external_task_marker_dag.py for tasks to queue
[2022-10-11T20:36:19.813-0500] {logging_mixin.py:117} INFO - [2022-10-11T20:36:19.813-0500] {dagbag.py:525} INFO - Filling up the DagBag from /home/gabsiston/Documentos/projetos/airflow-data/venv/lib/python3.8/site-packages/airflow/example_dags/example_external_task_marker_dag.py
[2022-10-11T20:36:19.829-0500] {processor.py:768} INFO - DAG(s) dict_keys(['example_external_task_marker_child', 'example_external_task_marker_parent']) retrieved from /home/gabsiston/Documentos/projetos/airflow-data/venv/lib/python3.8/site-packages/airflow/example_dags/example_external_task_marker_dag.py
[2022-10-11T20:36:19.923-0500] {logging_mixin.py:117} INFO - [2022-10-11T20:36:19.923-0500] {dag.py:2573} INFO - Sync 2 DAGs
[2022-10-11T20:36:19.953-0500] {logging_mixin.py:117} INFO - [2022-10-11T20:36:19.953-0500] {dag.py:3324} INFO - Setting next_dagrun for example_external_task_marker_child to None, run_after=None
[2022-10-11T20:36:19.956-0500] {logging_mixin.py:117} INFO - [2022-10-11T20:36:19.956-0500] {dag.py:3324} INFO - Setting next_dagrun for example_external_task_marker_parent to None, run_after=None
[2022-10-11T20:36:19.985-0500] {processor.py:178} INFO - Processing /home/gabsiston/Documentos/projetos/airflow-data/venv/lib/python3.8/site-packages/airflow/example_dags/example_external_task_marker_dag.py took 0.177 seconds
[2022-10-11T20:36:55.423-0500] {processor.py:156} INFO - Started process (PID=13508) to work on /home/gabsiston/Documentos/projetos/airflow-data/venv/lib/python3.8/site-packages/airflow/example_dags/example_external_task_marker_dag.py
[2022-10-11T20:36:55.426-0500] {processor.py:758} INFO - Processing file /home/gabsiston/Documentos/projetos/airflow-data/venv/lib/python3.8/site-packages/airflow/example_dags/example_external_task_marker_dag.py for tasks to queue
[2022-10-11T20:36:55.428-0500] {logging_mixin.py:117} INFO - [2022-10-11T20:36:55.428-0500] {dagbag.py:525} INFO - Filling up the DagBag from /home/gabsiston/Documentos/projetos/airflow-data/venv/lib/python3.8/site-packages/airflow/example_dags/example_external_task_marker_dag.py
[2022-10-11T20:36:55.449-0500] {processor.py:768} INFO - DAG(s) dict_keys(['example_external_task_marker_child', 'example_external_task_marker_parent']) retrieved from /home/gabsiston/Documentos/projetos/airflow-data/venv/lib/python3.8/site-packages/airflow/example_dags/example_external_task_marker_dag.py
[2022-10-11T20:36:55.514-0500] {logging_mixin.py:117} INFO - [2022-10-11T20:36:55.514-0500] {dag.py:2573} INFO - Sync 2 DAGs
[2022-10-11T20:36:55.527-0500] {logging_mixin.py:117} INFO - [2022-10-11T20:36:55.527-0500] {dag.py:3324} INFO - Setting next_dagrun for example_external_task_marker_child to None, run_after=None
[2022-10-11T20:36:55.529-0500] {logging_mixin.py:117} INFO - [2022-10-11T20:36:55.529-0500] {dag.py:3324} INFO - Setting next_dagrun for example_external_task_marker_parent to None, run_after=None
[2022-10-11T20:36:55.554-0500] {processor.py:178} INFO - Processing /home/gabsiston/Documentos/projetos/airflow-data/venv/lib/python3.8/site-packages/airflow/example_dags/example_external_task_marker_dag.py took 0.140 seconds
