[2022-10-11T20:25:41.574-0500] {processor.py:156} INFO - Started process (PID=7967) to work on /home/gabsiston/Documentos/projetos/airflow-data/venv/lib/python3.8/site-packages/airflow/example_dags/example_branch_python_dop_operator_3.py
[2022-10-11T20:25:41.575-0500] {processor.py:758} INFO - Processing file /home/gabsiston/Documentos/projetos/airflow-data/venv/lib/python3.8/site-packages/airflow/example_dags/example_branch_python_dop_operator_3.py for tasks to queue
[2022-10-11T20:25:41.575-0500] {logging_mixin.py:117} INFO - [2022-10-11T20:25:41.575-0500] {dagbag.py:525} INFO - Filling up the DagBag from /home/gabsiston/Documentos/projetos/airflow-data/venv/lib/python3.8/site-packages/airflow/example_dags/example_branch_python_dop_operator_3.py
[2022-10-11T20:25:41.593-0500] {processor.py:768} INFO - DAG(s) dict_keys(['example_branch_dop_operator_v3']) retrieved from /home/gabsiston/Documentos/projetos/airflow-data/venv/lib/python3.8/site-packages/airflow/example_dags/example_branch_python_dop_operator_3.py
[2022-10-11T20:25:41.683-0500] {logging_mixin.py:117} INFO - [2022-10-11T20:25:41.683-0500] {manager.py:507} INFO - Created Permission View: can read on DAG:example_branch_dop_operator_v3
[2022-10-11T20:25:41.696-0500] {logging_mixin.py:117} INFO - [2022-10-11T20:25:41.696-0500] {manager.py:507} INFO - Created Permission View: can edit on DAG:example_branch_dop_operator_v3
[2022-10-11T20:25:41.707-0500] {logging_mixin.py:117} INFO - [2022-10-11T20:25:41.707-0500] {manager.py:507} INFO - Created Permission View: can delete on DAG:example_branch_dop_operator_v3
[2022-10-11T20:25:41.707-0500] {logging_mixin.py:117} INFO - [2022-10-11T20:25:41.707-0500] {dag.py:2573} INFO - Sync 1 DAGs
[2022-10-11T20:25:41.715-0500] {logging_mixin.py:117} INFO - [2022-10-11T20:25:41.715-0500] {dag.py:2594} INFO - Creating ORM DAG for example_branch_dop_operator_v3
[2022-10-11T20:25:41.727-0500] {logging_mixin.py:117} INFO - [2022-10-11T20:25:41.727-0500] {dag.py:3324} INFO - Setting next_dagrun for example_branch_dop_operator_v3 to 2022-10-12T01:24:00+00:00, run_after=2022-10-12T01:25:00+00:00
[2022-10-11T20:25:41.749-0500] {processor.py:178} INFO - Processing /home/gabsiston/Documentos/projetos/airflow-data/venv/lib/python3.8/site-packages/airflow/example_dags/example_branch_python_dop_operator_3.py took 0.176 seconds
[2022-10-11T20:26:19.585-0500] {processor.py:156} INFO - Started process (PID=8402) to work on /home/gabsiston/Documentos/projetos/airflow-data/venv/lib/python3.8/site-packages/airflow/example_dags/example_branch_python_dop_operator_3.py
[2022-10-11T20:26:19.587-0500] {processor.py:758} INFO - Processing file /home/gabsiston/Documentos/projetos/airflow-data/venv/lib/python3.8/site-packages/airflow/example_dags/example_branch_python_dop_operator_3.py for tasks to queue
[2022-10-11T20:26:19.587-0500] {logging_mixin.py:117} INFO - [2022-10-11T20:26:19.587-0500] {dagbag.py:525} INFO - Filling up the DagBag from /home/gabsiston/Documentos/projetos/airflow-data/venv/lib/python3.8/site-packages/airflow/example_dags/example_branch_python_dop_operator_3.py
[2022-10-11T20:26:19.605-0500] {processor.py:768} INFO - DAG(s) dict_keys(['example_branch_dop_operator_v3']) retrieved from /home/gabsiston/Documentos/projetos/airflow-data/venv/lib/python3.8/site-packages/airflow/example_dags/example_branch_python_dop_operator_3.py
[2022-10-11T20:26:19.624-0500] {logging_mixin.py:117} INFO - [2022-10-11T20:26:19.624-0500] {dag.py:2573} INFO - Sync 1 DAGs
[2022-10-11T20:26:19.644-0500] {logging_mixin.py:117} INFO - [2022-10-11T20:26:19.644-0500] {dag.py:3324} INFO - Setting next_dagrun for example_branch_dop_operator_v3 to 2022-10-12T01:25:00+00:00, run_after=2022-10-12T01:26:00+00:00
[2022-10-11T20:26:19.667-0500] {processor.py:178} INFO - Processing /home/gabsiston/Documentos/projetos/airflow-data/venv/lib/python3.8/site-packages/airflow/example_dags/example_branch_python_dop_operator_3.py took 0.085 seconds
[2022-10-11T20:26:54.625-0500] {processor.py:156} INFO - Started process (PID=8932) to work on /home/gabsiston/Documentos/projetos/airflow-data/venv/lib/python3.8/site-packages/airflow/example_dags/example_branch_python_dop_operator_3.py
[2022-10-11T20:26:54.627-0500] {processor.py:758} INFO - Processing file /home/gabsiston/Documentos/projetos/airflow-data/venv/lib/python3.8/site-packages/airflow/example_dags/example_branch_python_dop_operator_3.py for tasks to queue
[2022-10-11T20:26:54.627-0500] {logging_mixin.py:117} INFO - [2022-10-11T20:26:54.627-0500] {dagbag.py:525} INFO - Filling up the DagBag from /home/gabsiston/Documentos/projetos/airflow-data/venv/lib/python3.8/site-packages/airflow/example_dags/example_branch_python_dop_operator_3.py
[2022-10-11T20:26:54.648-0500] {processor.py:768} INFO - DAG(s) dict_keys(['example_branch_dop_operator_v3']) retrieved from /home/gabsiston/Documentos/projetos/airflow-data/venv/lib/python3.8/site-packages/airflow/example_dags/example_branch_python_dop_operator_3.py
[2022-10-11T20:26:54.669-0500] {logging_mixin.py:117} INFO - [2022-10-11T20:26:54.669-0500] {dag.py:2573} INFO - Sync 1 DAGs
[2022-10-11T20:26:54.691-0500] {logging_mixin.py:117} INFO - [2022-10-11T20:26:54.690-0500] {dag.py:3324} INFO - Setting next_dagrun for example_branch_dop_operator_v3 to 2022-10-12T01:25:00+00:00, run_after=2022-10-12T01:26:00+00:00
[2022-10-11T20:26:54.715-0500] {processor.py:178} INFO - Processing /home/gabsiston/Documentos/projetos/airflow-data/venv/lib/python3.8/site-packages/airflow/example_dags/example_branch_python_dop_operator_3.py took 0.093 seconds
[2022-10-11T20:27:30.742-0500] {processor.py:156} INFO - Started process (PID=9462) to work on /home/gabsiston/Documentos/projetos/airflow-data/venv/lib/python3.8/site-packages/airflow/example_dags/example_branch_python_dop_operator_3.py
[2022-10-11T20:27:30.743-0500] {processor.py:758} INFO - Processing file /home/gabsiston/Documentos/projetos/airflow-data/venv/lib/python3.8/site-packages/airflow/example_dags/example_branch_python_dop_operator_3.py for tasks to queue
[2022-10-11T20:27:30.743-0500] {logging_mixin.py:117} INFO - [2022-10-11T20:27:30.743-0500] {dagbag.py:525} INFO - Filling up the DagBag from /home/gabsiston/Documentos/projetos/airflow-data/venv/lib/python3.8/site-packages/airflow/example_dags/example_branch_python_dop_operator_3.py
[2022-10-11T20:27:30.760-0500] {processor.py:768} INFO - DAG(s) dict_keys(['example_branch_dop_operator_v3']) retrieved from /home/gabsiston/Documentos/projetos/airflow-data/venv/lib/python3.8/site-packages/airflow/example_dags/example_branch_python_dop_operator_3.py
[2022-10-11T20:27:30.775-0500] {logging_mixin.py:117} INFO - [2022-10-11T20:27:30.775-0500] {dag.py:2573} INFO - Sync 1 DAGs
[2022-10-11T20:27:30.791-0500] {logging_mixin.py:117} INFO - [2022-10-11T20:27:30.791-0500] {dag.py:3324} INFO - Setting next_dagrun for example_branch_dop_operator_v3 to 2022-10-12T01:26:00+00:00, run_after=2022-10-12T01:27:00+00:00
[2022-10-11T20:27:30.819-0500] {processor.py:178} INFO - Processing /home/gabsiston/Documentos/projetos/airflow-data/venv/lib/python3.8/site-packages/airflow/example_dags/example_branch_python_dop_operator_3.py took 0.079 seconds
[2022-10-11T20:28:07.288-0500] {processor.py:156} INFO - Started process (PID=9689) to work on /home/gabsiston/Documentos/projetos/airflow-data/venv/lib/python3.8/site-packages/airflow/example_dags/example_branch_python_dop_operator_3.py
[2022-10-11T20:28:07.292-0500] {processor.py:758} INFO - Processing file /home/gabsiston/Documentos/projetos/airflow-data/venv/lib/python3.8/site-packages/airflow/example_dags/example_branch_python_dop_operator_3.py for tasks to queue
[2022-10-11T20:28:07.294-0500] {logging_mixin.py:117} INFO - [2022-10-11T20:28:07.294-0500] {dagbag.py:525} INFO - Filling up the DagBag from /home/gabsiston/Documentos/projetos/airflow-data/venv/lib/python3.8/site-packages/airflow/example_dags/example_branch_python_dop_operator_3.py
[2022-10-11T20:28:07.323-0500] {processor.py:768} INFO - DAG(s) dict_keys(['example_branch_dop_operator_v3']) retrieved from /home/gabsiston/Documentos/projetos/airflow-data/venv/lib/python3.8/site-packages/airflow/example_dags/example_branch_python_dop_operator_3.py
[2022-10-11T20:28:07.341-0500] {logging_mixin.py:117} INFO - [2022-10-11T20:28:07.341-0500] {dag.py:2573} INFO - Sync 1 DAGs
[2022-10-11T20:28:07.362-0500] {logging_mixin.py:117} INFO - [2022-10-11T20:28:07.362-0500] {dag.py:3324} INFO - Setting next_dagrun for example_branch_dop_operator_v3 to 2022-10-12T01:27:00+00:00, run_after=2022-10-12T01:28:00+00:00
[2022-10-11T20:28:07.385-0500] {processor.py:178} INFO - Processing /home/gabsiston/Documentos/projetos/airflow-data/venv/lib/python3.8/site-packages/airflow/example_dags/example_branch_python_dop_operator_3.py took 0.105 seconds
[2022-10-11T20:28:46.591-0500] {processor.py:156} INFO - Started process (PID=10051) to work on /home/gabsiston/Documentos/projetos/airflow-data/venv/lib/python3.8/site-packages/airflow/example_dags/example_branch_python_dop_operator_3.py
[2022-10-11T20:28:46.593-0500] {processor.py:758} INFO - Processing file /home/gabsiston/Documentos/projetos/airflow-data/venv/lib/python3.8/site-packages/airflow/example_dags/example_branch_python_dop_operator_3.py for tasks to queue
[2022-10-11T20:28:46.594-0500] {logging_mixin.py:117} INFO - [2022-10-11T20:28:46.594-0500] {dagbag.py:525} INFO - Filling up the DagBag from /home/gabsiston/Documentos/projetos/airflow-data/venv/lib/python3.8/site-packages/airflow/example_dags/example_branch_python_dop_operator_3.py
[2022-10-11T20:28:46.614-0500] {processor.py:768} INFO - DAG(s) dict_keys(['example_branch_dop_operator_v3']) retrieved from /home/gabsiston/Documentos/projetos/airflow-data/venv/lib/python3.8/site-packages/airflow/example_dags/example_branch_python_dop_operator_3.py
[2022-10-11T20:28:46.632-0500] {logging_mixin.py:117} INFO - [2022-10-11T20:28:46.631-0500] {dag.py:2573} INFO - Sync 1 DAGs
[2022-10-11T20:28:46.650-0500] {logging_mixin.py:117} INFO - [2022-10-11T20:28:46.650-0500] {dag.py:3324} INFO - Setting next_dagrun for example_branch_dop_operator_v3 to 2022-10-12T01:27:00+00:00, run_after=2022-10-12T01:28:00+00:00
[2022-10-11T20:28:46.679-0500] {processor.py:178} INFO - Processing /home/gabsiston/Documentos/projetos/airflow-data/venv/lib/python3.8/site-packages/airflow/example_dags/example_branch_python_dop_operator_3.py took 0.090 seconds
[2022-10-11T20:29:23.964-0500] {processor.py:156} INFO - Started process (PID=10286) to work on /home/gabsiston/Documentos/projetos/airflow-data/venv/lib/python3.8/site-packages/airflow/example_dags/example_branch_python_dop_operator_3.py
[2022-10-11T20:29:23.966-0500] {processor.py:758} INFO - Processing file /home/gabsiston/Documentos/projetos/airflow-data/venv/lib/python3.8/site-packages/airflow/example_dags/example_branch_python_dop_operator_3.py for tasks to queue
[2022-10-11T20:29:23.967-0500] {logging_mixin.py:117} INFO - [2022-10-11T20:29:23.966-0500] {dagbag.py:525} INFO - Filling up the DagBag from /home/gabsiston/Documentos/projetos/airflow-data/venv/lib/python3.8/site-packages/airflow/example_dags/example_branch_python_dop_operator_3.py
[2022-10-11T20:29:23.995-0500] {processor.py:768} INFO - DAG(s) dict_keys(['example_branch_dop_operator_v3']) retrieved from /home/gabsiston/Documentos/projetos/airflow-data/venv/lib/python3.8/site-packages/airflow/example_dags/example_branch_python_dop_operator_3.py
[2022-10-11T20:29:24.014-0500] {logging_mixin.py:117} INFO - [2022-10-11T20:29:24.014-0500] {dag.py:2573} INFO - Sync 1 DAGs
[2022-10-11T20:29:24.034-0500] {logging_mixin.py:117} INFO - [2022-10-11T20:29:24.034-0500] {dag.py:3324} INFO - Setting next_dagrun for example_branch_dop_operator_v3 to 2022-10-12T01:28:00+00:00, run_after=2022-10-12T01:29:00+00:00
[2022-10-11T20:29:24.055-0500] {processor.py:178} INFO - Processing /home/gabsiston/Documentos/projetos/airflow-data/venv/lib/python3.8/site-packages/airflow/example_dags/example_branch_python_dop_operator_3.py took 0.094 seconds
[2022-10-11T20:30:01.306-0500] {processor.py:156} INFO - Started process (PID=10476) to work on /home/gabsiston/Documentos/projetos/airflow-data/venv/lib/python3.8/site-packages/airflow/example_dags/example_branch_python_dop_operator_3.py
[2022-10-11T20:30:01.306-0500] {processor.py:758} INFO - Processing file /home/gabsiston/Documentos/projetos/airflow-data/venv/lib/python3.8/site-packages/airflow/example_dags/example_branch_python_dop_operator_3.py for tasks to queue
[2022-10-11T20:30:01.307-0500] {logging_mixin.py:117} INFO - [2022-10-11T20:30:01.307-0500] {dagbag.py:525} INFO - Filling up the DagBag from /home/gabsiston/Documentos/projetos/airflow-data/venv/lib/python3.8/site-packages/airflow/example_dags/example_branch_python_dop_operator_3.py
[2022-10-11T20:30:01.323-0500] {processor.py:768} INFO - DAG(s) dict_keys(['example_branch_dop_operator_v3']) retrieved from /home/gabsiston/Documentos/projetos/airflow-data/venv/lib/python3.8/site-packages/airflow/example_dags/example_branch_python_dop_operator_3.py
[2022-10-11T20:30:01.339-0500] {logging_mixin.py:117} INFO - [2022-10-11T20:30:01.339-0500] {dag.py:2573} INFO - Sync 1 DAGs
[2022-10-11T20:30:01.355-0500] {logging_mixin.py:117} INFO - [2022-10-11T20:30:01.355-0500] {dag.py:3324} INFO - Setting next_dagrun for example_branch_dop_operator_v3 to 2022-10-12T01:29:00+00:00, run_after=2022-10-12T01:30:00+00:00
[2022-10-11T20:30:01.375-0500] {processor.py:178} INFO - Processing /home/gabsiston/Documentos/projetos/airflow-data/venv/lib/python3.8/site-packages/airflow/example_dags/example_branch_python_dop_operator_3.py took 0.071 seconds
[2022-10-11T20:30:42.107-0500] {processor.py:156} INFO - Started process (PID=10749) to work on /home/gabsiston/Documentos/projetos/airflow-data/venv/lib/python3.8/site-packages/airflow/example_dags/example_branch_python_dop_operator_3.py
[2022-10-11T20:30:42.109-0500] {processor.py:758} INFO - Processing file /home/gabsiston/Documentos/projetos/airflow-data/venv/lib/python3.8/site-packages/airflow/example_dags/example_branch_python_dop_operator_3.py for tasks to queue
[2022-10-11T20:30:42.110-0500] {logging_mixin.py:117} INFO - [2022-10-11T20:30:42.109-0500] {dagbag.py:525} INFO - Filling up the DagBag from /home/gabsiston/Documentos/projetos/airflow-data/venv/lib/python3.8/site-packages/airflow/example_dags/example_branch_python_dop_operator_3.py
[2022-10-11T20:30:42.131-0500] {processor.py:768} INFO - DAG(s) dict_keys(['example_branch_dop_operator_v3']) retrieved from /home/gabsiston/Documentos/projetos/airflow-data/venv/lib/python3.8/site-packages/airflow/example_dags/example_branch_python_dop_operator_3.py
[2022-10-11T20:30:42.151-0500] {logging_mixin.py:117} INFO - [2022-10-11T20:30:42.150-0500] {dag.py:2573} INFO - Sync 1 DAGs
[2022-10-11T20:30:42.170-0500] {logging_mixin.py:117} INFO - [2022-10-11T20:30:42.170-0500] {dag.py:3324} INFO - Setting next_dagrun for example_branch_dop_operator_v3 to 2022-10-12T01:29:00+00:00, run_after=2022-10-12T01:30:00+00:00
[2022-10-11T20:30:42.190-0500] {processor.py:178} INFO - Processing /home/gabsiston/Documentos/projetos/airflow-data/venv/lib/python3.8/site-packages/airflow/example_dags/example_branch_python_dop_operator_3.py took 0.088 seconds
[2022-10-11T20:31:18.549-0500] {processor.py:156} INFO - Started process (PID=11039) to work on /home/gabsiston/Documentos/projetos/airflow-data/venv/lib/python3.8/site-packages/airflow/example_dags/example_branch_python_dop_operator_3.py
[2022-10-11T20:31:18.551-0500] {processor.py:758} INFO - Processing file /home/gabsiston/Documentos/projetos/airflow-data/venv/lib/python3.8/site-packages/airflow/example_dags/example_branch_python_dop_operator_3.py for tasks to queue
[2022-10-11T20:31:18.553-0500] {logging_mixin.py:117} INFO - [2022-10-11T20:31:18.552-0500] {dagbag.py:525} INFO - Filling up the DagBag from /home/gabsiston/Documentos/projetos/airflow-data/venv/lib/python3.8/site-packages/airflow/example_dags/example_branch_python_dop_operator_3.py
[2022-10-11T20:31:18.578-0500] {processor.py:768} INFO - DAG(s) dict_keys(['example_branch_dop_operator_v3']) retrieved from /home/gabsiston/Documentos/projetos/airflow-data/venv/lib/python3.8/site-packages/airflow/example_dags/example_branch_python_dop_operator_3.py
[2022-10-11T20:31:18.596-0500] {logging_mixin.py:117} INFO - [2022-10-11T20:31:18.596-0500] {dag.py:2573} INFO - Sync 1 DAGs
[2022-10-11T20:31:18.613-0500] {logging_mixin.py:117} INFO - [2022-10-11T20:31:18.613-0500] {dag.py:3324} INFO - Setting next_dagrun for example_branch_dop_operator_v3 to 2022-10-12T01:30:00+00:00, run_after=2022-10-12T01:31:00+00:00
[2022-10-11T20:31:18.633-0500] {processor.py:178} INFO - Processing /home/gabsiston/Documentos/projetos/airflow-data/venv/lib/python3.8/site-packages/airflow/example_dags/example_branch_python_dop_operator_3.py took 0.092 seconds
[2022-10-11T20:31:55.683-0500] {processor.py:156} INFO - Started process (PID=11347) to work on /home/gabsiston/Documentos/projetos/airflow-data/venv/lib/python3.8/site-packages/airflow/example_dags/example_branch_python_dop_operator_3.py
[2022-10-11T20:31:55.686-0500] {processor.py:758} INFO - Processing file /home/gabsiston/Documentos/projetos/airflow-data/venv/lib/python3.8/site-packages/airflow/example_dags/example_branch_python_dop_operator_3.py for tasks to queue
[2022-10-11T20:31:55.686-0500] {logging_mixin.py:117} INFO - [2022-10-11T20:31:55.686-0500] {dagbag.py:525} INFO - Filling up the DagBag from /home/gabsiston/Documentos/projetos/airflow-data/venv/lib/python3.8/site-packages/airflow/example_dags/example_branch_python_dop_operator_3.py
[2022-10-11T20:31:55.714-0500] {processor.py:768} INFO - DAG(s) dict_keys(['example_branch_dop_operator_v3']) retrieved from /home/gabsiston/Documentos/projetos/airflow-data/venv/lib/python3.8/site-packages/airflow/example_dags/example_branch_python_dop_operator_3.py
[2022-10-11T20:31:55.734-0500] {logging_mixin.py:117} INFO - [2022-10-11T20:31:55.733-0500] {dag.py:2573} INFO - Sync 1 DAGs
[2022-10-11T20:31:55.752-0500] {logging_mixin.py:117} INFO - [2022-10-11T20:31:55.752-0500] {dag.py:3324} INFO - Setting next_dagrun for example_branch_dop_operator_v3 to 2022-10-12T01:30:00+00:00, run_after=2022-10-12T01:31:00+00:00
[2022-10-11T20:31:55.774-0500] {processor.py:178} INFO - Processing /home/gabsiston/Documentos/projetos/airflow-data/venv/lib/python3.8/site-packages/airflow/example_dags/example_branch_python_dop_operator_3.py took 0.094 seconds
[2022-10-11T20:32:33.813-0500] {processor.py:156} INFO - Started process (PID=11598) to work on /home/gabsiston/Documentos/projetos/airflow-data/venv/lib/python3.8/site-packages/airflow/example_dags/example_branch_python_dop_operator_3.py
[2022-10-11T20:32:33.815-0500] {processor.py:758} INFO - Processing file /home/gabsiston/Documentos/projetos/airflow-data/venv/lib/python3.8/site-packages/airflow/example_dags/example_branch_python_dop_operator_3.py for tasks to queue
[2022-10-11T20:32:33.816-0500] {logging_mixin.py:117} INFO - [2022-10-11T20:32:33.816-0500] {dagbag.py:525} INFO - Filling up the DagBag from /home/gabsiston/Documentos/projetos/airflow-data/venv/lib/python3.8/site-packages/airflow/example_dags/example_branch_python_dop_operator_3.py
[2022-10-11T20:32:33.836-0500] {processor.py:768} INFO - DAG(s) dict_keys(['example_branch_dop_operator_v3']) retrieved from /home/gabsiston/Documentos/projetos/airflow-data/venv/lib/python3.8/site-packages/airflow/example_dags/example_branch_python_dop_operator_3.py
[2022-10-11T20:32:33.855-0500] {logging_mixin.py:117} INFO - [2022-10-11T20:32:33.855-0500] {dag.py:2573} INFO - Sync 1 DAGs
[2022-10-11T20:32:33.874-0500] {logging_mixin.py:117} INFO - [2022-10-11T20:32:33.874-0500] {dag.py:3324} INFO - Setting next_dagrun for example_branch_dop_operator_v3 to 2022-10-12T01:31:00+00:00, run_after=2022-10-12T01:32:00+00:00
[2022-10-11T20:32:33.896-0500] {processor.py:178} INFO - Processing /home/gabsiston/Documentos/projetos/airflow-data/venv/lib/python3.8/site-packages/airflow/example_dags/example_branch_python_dop_operator_3.py took 0.085 seconds
[2022-10-11T20:33:10.414-0500] {processor.py:156} INFO - Started process (PID=12045) to work on /home/gabsiston/Documentos/projetos/airflow-data/venv/lib/python3.8/site-packages/airflow/example_dags/example_branch_python_dop_operator_3.py
[2022-10-11T20:33:10.418-0500] {processor.py:758} INFO - Processing file /home/gabsiston/Documentos/projetos/airflow-data/venv/lib/python3.8/site-packages/airflow/example_dags/example_branch_python_dop_operator_3.py for tasks to queue
[2022-10-11T20:33:10.420-0500] {logging_mixin.py:117} INFO - [2022-10-11T20:33:10.419-0500] {dagbag.py:525} INFO - Filling up the DagBag from /home/gabsiston/Documentos/projetos/airflow-data/venv/lib/python3.8/site-packages/airflow/example_dags/example_branch_python_dop_operator_3.py
[2022-10-11T20:33:10.449-0500] {processor.py:768} INFO - DAG(s) dict_keys(['example_branch_dop_operator_v3']) retrieved from /home/gabsiston/Documentos/projetos/airflow-data/venv/lib/python3.8/site-packages/airflow/example_dags/example_branch_python_dop_operator_3.py
[2022-10-11T20:33:10.468-0500] {logging_mixin.py:117} INFO - [2022-10-11T20:33:10.468-0500] {dag.py:2573} INFO - Sync 1 DAGs
[2022-10-11T20:33:10.488-0500] {logging_mixin.py:117} INFO - [2022-10-11T20:33:10.488-0500] {dag.py:3324} INFO - Setting next_dagrun for example_branch_dop_operator_v3 to 2022-10-12T01:32:00+00:00, run_after=2022-10-12T01:33:00+00:00
[2022-10-11T20:33:10.519-0500] {processor.py:178} INFO - Processing /home/gabsiston/Documentos/projetos/airflow-data/venv/lib/python3.8/site-packages/airflow/example_dags/example_branch_python_dop_operator_3.py took 0.113 seconds
[2022-10-11T20:33:50.347-0500] {processor.py:156} INFO - Started process (PID=12261) to work on /home/gabsiston/Documentos/projetos/airflow-data/venv/lib/python3.8/site-packages/airflow/example_dags/example_branch_python_dop_operator_3.py
[2022-10-11T20:33:50.349-0500] {processor.py:758} INFO - Processing file /home/gabsiston/Documentos/projetos/airflow-data/venv/lib/python3.8/site-packages/airflow/example_dags/example_branch_python_dop_operator_3.py for tasks to queue
[2022-10-11T20:33:50.350-0500] {logging_mixin.py:117} INFO - [2022-10-11T20:33:50.350-0500] {dagbag.py:525} INFO - Filling up the DagBag from /home/gabsiston/Documentos/projetos/airflow-data/venv/lib/python3.8/site-packages/airflow/example_dags/example_branch_python_dop_operator_3.py
[2022-10-11T20:33:50.379-0500] {processor.py:768} INFO - DAG(s) dict_keys(['example_branch_dop_operator_v3']) retrieved from /home/gabsiston/Documentos/projetos/airflow-data/venv/lib/python3.8/site-packages/airflow/example_dags/example_branch_python_dop_operator_3.py
[2022-10-11T20:33:50.399-0500] {logging_mixin.py:117} INFO - [2022-10-11T20:33:50.399-0500] {dag.py:2573} INFO - Sync 1 DAGs
[2022-10-11T20:33:50.418-0500] {logging_mixin.py:117} INFO - [2022-10-11T20:33:50.418-0500] {dag.py:3324} INFO - Setting next_dagrun for example_branch_dop_operator_v3 to 2022-10-12T01:32:00+00:00, run_after=2022-10-12T01:33:00+00:00
[2022-10-11T20:33:50.445-0500] {processor.py:178} INFO - Processing /home/gabsiston/Documentos/projetos/airflow-data/venv/lib/python3.8/site-packages/airflow/example_dags/example_branch_python_dop_operator_3.py took 0.101 seconds
[2022-10-11T20:34:31.813-0500] {processor.py:156} INFO - Started process (PID=12472) to work on /home/gabsiston/Documentos/projetos/airflow-data/venv/lib/python3.8/site-packages/airflow/example_dags/example_branch_python_dop_operator_3.py
[2022-10-11T20:34:31.813-0500] {processor.py:758} INFO - Processing file /home/gabsiston/Documentos/projetos/airflow-data/venv/lib/python3.8/site-packages/airflow/example_dags/example_branch_python_dop_operator_3.py for tasks to queue
[2022-10-11T20:34:31.814-0500] {logging_mixin.py:117} INFO - [2022-10-11T20:34:31.814-0500] {dagbag.py:525} INFO - Filling up the DagBag from /home/gabsiston/Documentos/projetos/airflow-data/venv/lib/python3.8/site-packages/airflow/example_dags/example_branch_python_dop_operator_3.py
[2022-10-11T20:34:31.835-0500] {processor.py:768} INFO - DAG(s) dict_keys(['example_branch_dop_operator_v3']) retrieved from /home/gabsiston/Documentos/projetos/airflow-data/venv/lib/python3.8/site-packages/airflow/example_dags/example_branch_python_dop_operator_3.py
[2022-10-11T20:34:31.853-0500] {logging_mixin.py:117} INFO - [2022-10-11T20:34:31.853-0500] {dag.py:2573} INFO - Sync 1 DAGs
[2022-10-11T20:34:31.871-0500] {logging_mixin.py:117} INFO - [2022-10-11T20:34:31.871-0500] {dag.py:3324} INFO - Setting next_dagrun for example_branch_dop_operator_v3 to 2022-10-12T01:33:00+00:00, run_after=2022-10-12T01:34:00+00:00
[2022-10-11T20:34:31.889-0500] {processor.py:178} INFO - Processing /home/gabsiston/Documentos/projetos/airflow-data/venv/lib/python3.8/site-packages/airflow/example_dags/example_branch_python_dop_operator_3.py took 0.079 seconds
[2022-10-11T20:35:11.057-0500] {processor.py:156} INFO - Started process (PID=12736) to work on /home/gabsiston/Documentos/projetos/airflow-data/venv/lib/python3.8/site-packages/airflow/example_dags/example_branch_python_dop_operator_3.py
[2022-10-11T20:35:11.059-0500] {processor.py:758} INFO - Processing file /home/gabsiston/Documentos/projetos/airflow-data/venv/lib/python3.8/site-packages/airflow/example_dags/example_branch_python_dop_operator_3.py for tasks to queue
[2022-10-11T20:35:11.060-0500] {logging_mixin.py:117} INFO - [2022-10-11T20:35:11.060-0500] {dagbag.py:525} INFO - Filling up the DagBag from /home/gabsiston/Documentos/projetos/airflow-data/venv/lib/python3.8/site-packages/airflow/example_dags/example_branch_python_dop_operator_3.py
[2022-10-11T20:35:11.081-0500] {processor.py:768} INFO - DAG(s) dict_keys(['example_branch_dop_operator_v3']) retrieved from /home/gabsiston/Documentos/projetos/airflow-data/venv/lib/python3.8/site-packages/airflow/example_dags/example_branch_python_dop_operator_3.py
[2022-10-11T20:35:11.100-0500] {logging_mixin.py:117} INFO - [2022-10-11T20:35:11.099-0500] {dag.py:2573} INFO - Sync 1 DAGs
[2022-10-11T20:35:11.118-0500] {logging_mixin.py:117} INFO - [2022-10-11T20:35:11.118-0500] {dag.py:3324} INFO - Setting next_dagrun for example_branch_dop_operator_v3 to 2022-10-12T01:34:00+00:00, run_after=2022-10-12T01:35:00+00:00
[2022-10-11T20:35:11.139-0500] {processor.py:178} INFO - Processing /home/gabsiston/Documentos/projetos/airflow-data/venv/lib/python3.8/site-packages/airflow/example_dags/example_branch_python_dop_operator_3.py took 0.084 seconds
[2022-10-11T20:35:47.623-0500] {processor.py:156} INFO - Started process (PID=12935) to work on /home/gabsiston/Documentos/projetos/airflow-data/venv/lib/python3.8/site-packages/airflow/example_dags/example_branch_python_dop_operator_3.py
[2022-10-11T20:35:47.626-0500] {processor.py:758} INFO - Processing file /home/gabsiston/Documentos/projetos/airflow-data/venv/lib/python3.8/site-packages/airflow/example_dags/example_branch_python_dop_operator_3.py for tasks to queue
[2022-10-11T20:35:47.627-0500] {logging_mixin.py:117} INFO - [2022-10-11T20:35:47.626-0500] {dagbag.py:525} INFO - Filling up the DagBag from /home/gabsiston/Documentos/projetos/airflow-data/venv/lib/python3.8/site-packages/airflow/example_dags/example_branch_python_dop_operator_3.py
[2022-10-11T20:35:47.649-0500] {processor.py:768} INFO - DAG(s) dict_keys(['example_branch_dop_operator_v3']) retrieved from /home/gabsiston/Documentos/projetos/airflow-data/venv/lib/python3.8/site-packages/airflow/example_dags/example_branch_python_dop_operator_3.py
[2022-10-11T20:35:47.667-0500] {logging_mixin.py:117} INFO - [2022-10-11T20:35:47.667-0500] {dag.py:2573} INFO - Sync 1 DAGs
[2022-10-11T20:35:47.685-0500] {logging_mixin.py:117} INFO - [2022-10-11T20:35:47.685-0500] {dag.py:3324} INFO - Setting next_dagrun for example_branch_dop_operator_v3 to 2022-10-12T01:34:00+00:00, run_after=2022-10-12T01:35:00+00:00
[2022-10-11T20:35:47.714-0500] {processor.py:178} INFO - Processing /home/gabsiston/Documentos/projetos/airflow-data/venv/lib/python3.8/site-packages/airflow/example_dags/example_branch_python_dop_operator_3.py took 0.095 seconds
[2022-10-11T20:36:29.952-0500] {processor.py:156} INFO - Started process (PID=13359) to work on /home/gabsiston/Documentos/projetos/airflow-data/venv/lib/python3.8/site-packages/airflow/example_dags/example_branch_python_dop_operator_3.py
[2022-10-11T20:36:29.954-0500] {processor.py:758} INFO - Processing file /home/gabsiston/Documentos/projetos/airflow-data/venv/lib/python3.8/site-packages/airflow/example_dags/example_branch_python_dop_operator_3.py for tasks to queue
[2022-10-11T20:36:29.955-0500] {logging_mixin.py:117} INFO - [2022-10-11T20:36:29.955-0500] {dagbag.py:525} INFO - Filling up the DagBag from /home/gabsiston/Documentos/projetos/airflow-data/venv/lib/python3.8/site-packages/airflow/example_dags/example_branch_python_dop_operator_3.py
[2022-10-11T20:36:29.982-0500] {processor.py:768} INFO - DAG(s) dict_keys(['example_branch_dop_operator_v3']) retrieved from /home/gabsiston/Documentos/projetos/airflow-data/venv/lib/python3.8/site-packages/airflow/example_dags/example_branch_python_dop_operator_3.py
[2022-10-11T20:36:30.001-0500] {logging_mixin.py:117} INFO - [2022-10-11T20:36:30.001-0500] {dag.py:2573} INFO - Sync 1 DAGs
[2022-10-11T20:36:30.024-0500] {logging_mixin.py:117} INFO - [2022-10-11T20:36:30.023-0500] {dag.py:3324} INFO - Setting next_dagrun for example_branch_dop_operator_v3 to 2022-10-12T01:35:00+00:00, run_after=2022-10-12T01:36:00+00:00
[2022-10-11T20:36:30.056-0500] {processor.py:178} INFO - Processing /home/gabsiston/Documentos/projetos/airflow-data/venv/lib/python3.8/site-packages/airflow/example_dags/example_branch_python_dop_operator_3.py took 0.106 seconds
