[2022-10-11T20:25:08.627-0500] {processor.py:156} INFO - Started process (PID=7623) to work on /home/gabsiston/Documentos/projetos/airflow-data/venv/lib/python3.8/site-packages/airflow/example_dags/example_sla_dag.py
[2022-10-11T20:25:08.628-0500] {processor.py:758} INFO - Processing file /home/gabsiston/Documentos/projetos/airflow-data/venv/lib/python3.8/site-packages/airflow/example_dags/example_sla_dag.py for tasks to queue
[2022-10-11T20:25:08.629-0500] {logging_mixin.py:117} INFO - [2022-10-11T20:25:08.629-0500] {dagbag.py:525} INFO - Filling up the DagBag from /home/gabsiston/Documentos/projetos/airflow-data/venv/lib/python3.8/site-packages/airflow/example_dags/example_sla_dag.py
[2022-10-11T20:25:08.679-0500] {processor.py:768} INFO - DAG(s) dict_keys(['example_sla_dag']) retrieved from /home/gabsiston/Documentos/projetos/airflow-data/venv/lib/python3.8/site-packages/airflow/example_dags/example_sla_dag.py
[2022-10-11T20:25:08.906-0500] {logging_mixin.py:117} INFO - [2022-10-11T20:25:08.906-0500] {manager.py:507} INFO - Created Permission View: can read on DAG:example_sla_dag
[2022-10-11T20:25:08.928-0500] {logging_mixin.py:117} INFO - [2022-10-11T20:25:08.928-0500] {manager.py:507} INFO - Created Permission View: can edit on DAG:example_sla_dag
[2022-10-11T20:25:08.945-0500] {logging_mixin.py:117} INFO - [2022-10-11T20:25:08.945-0500] {manager.py:507} INFO - Created Permission View: can delete on DAG:example_sla_dag
[2022-10-11T20:25:08.946-0500] {logging_mixin.py:117} INFO - [2022-10-11T20:25:08.946-0500] {dag.py:2573} INFO - Sync 1 DAGs
[2022-10-11T20:25:08.961-0500] {logging_mixin.py:117} INFO - [2022-10-11T20:25:08.961-0500] {dag.py:2594} INFO - Creating ORM DAG for example_sla_dag
[2022-10-11T20:25:08.976-0500] {logging_mixin.py:117} INFO - [2022-10-11T20:25:08.976-0500] {dag.py:3324} INFO - Setting next_dagrun for example_sla_dag to 2022-10-12T01:22:00+00:00, run_after=2022-10-12T01:24:00+00:00
[2022-10-11T20:25:09.000-0500] {processor.py:178} INFO - Processing /home/gabsiston/Documentos/projetos/airflow-data/venv/lib/python3.8/site-packages/airflow/example_dags/example_sla_dag.py took 0.378 seconds
[2022-10-11T20:25:51.770-0500] {processor.py:156} INFO - Started process (PID=8091) to work on /home/gabsiston/Documentos/projetos/airflow-data/venv/lib/python3.8/site-packages/airflow/example_dags/example_sla_dag.py
[2022-10-11T20:25:51.772-0500] {processor.py:758} INFO - Processing file /home/gabsiston/Documentos/projetos/airflow-data/venv/lib/python3.8/site-packages/airflow/example_dags/example_sla_dag.py for tasks to queue
[2022-10-11T20:25:51.773-0500] {logging_mixin.py:117} INFO - [2022-10-11T20:25:51.773-0500] {dagbag.py:525} INFO - Filling up the DagBag from /home/gabsiston/Documentos/projetos/airflow-data/venv/lib/python3.8/site-packages/airflow/example_dags/example_sla_dag.py
[2022-10-11T20:25:51.790-0500] {processor.py:768} INFO - DAG(s) dict_keys(['example_sla_dag']) retrieved from /home/gabsiston/Documentos/projetos/airflow-data/venv/lib/python3.8/site-packages/airflow/example_dags/example_sla_dag.py
[2022-10-11T20:25:51.807-0500] {logging_mixin.py:117} INFO - [2022-10-11T20:25:51.807-0500] {dag.py:2573} INFO - Sync 1 DAGs
[2022-10-11T20:25:51.824-0500] {logging_mixin.py:117} INFO - [2022-10-11T20:25:51.824-0500] {dag.py:3324} INFO - Setting next_dagrun for example_sla_dag to 2022-10-12T01:22:00+00:00, run_after=2022-10-12T01:24:00+00:00
[2022-10-11T20:25:51.844-0500] {processor.py:178} INFO - Processing /home/gabsiston/Documentos/projetos/airflow-data/venv/lib/python3.8/site-packages/airflow/example_dags/example_sla_dag.py took 0.076 seconds
[2022-10-11T20:26:27.617-0500] {processor.py:156} INFO - Started process (PID=8539) to work on /home/gabsiston/Documentos/projetos/airflow-data/venv/lib/python3.8/site-packages/airflow/example_dags/example_sla_dag.py
[2022-10-11T20:26:27.619-0500] {processor.py:758} INFO - Processing file /home/gabsiston/Documentos/projetos/airflow-data/venv/lib/python3.8/site-packages/airflow/example_dags/example_sla_dag.py for tasks to queue
[2022-10-11T20:26:27.619-0500] {logging_mixin.py:117} INFO - [2022-10-11T20:26:27.619-0500] {dagbag.py:525} INFO - Filling up the DagBag from /home/gabsiston/Documentos/projetos/airflow-data/venv/lib/python3.8/site-packages/airflow/example_dags/example_sla_dag.py
[2022-10-11T20:26:27.641-0500] {processor.py:768} INFO - DAG(s) dict_keys(['example_sla_dag']) retrieved from /home/gabsiston/Documentos/projetos/airflow-data/venv/lib/python3.8/site-packages/airflow/example_dags/example_sla_dag.py
[2022-10-11T20:26:27.663-0500] {logging_mixin.py:117} INFO - [2022-10-11T20:26:27.663-0500] {dag.py:2573} INFO - Sync 1 DAGs
[2022-10-11T20:26:27.685-0500] {logging_mixin.py:117} INFO - [2022-10-11T20:26:27.684-0500] {dag.py:3324} INFO - Setting next_dagrun for example_sla_dag to 2022-10-12T01:24:00+00:00, run_after=2022-10-12T01:26:00+00:00
[2022-10-11T20:26:27.704-0500] {processor.py:178} INFO - Processing /home/gabsiston/Documentos/projetos/airflow-data/venv/lib/python3.8/site-packages/airflow/example_dags/example_sla_dag.py took 0.090 seconds
[2022-10-11T20:27:02.389-0500] {processor.py:156} INFO - Started process (PID=9073) to work on /home/gabsiston/Documentos/projetos/airflow-data/venv/lib/python3.8/site-packages/airflow/example_dags/example_sla_dag.py
[2022-10-11T20:27:02.391-0500] {processor.py:758} INFO - Processing file /home/gabsiston/Documentos/projetos/airflow-data/venv/lib/python3.8/site-packages/airflow/example_dags/example_sla_dag.py for tasks to queue
[2022-10-11T20:27:02.391-0500] {logging_mixin.py:117} INFO - [2022-10-11T20:27:02.391-0500] {dagbag.py:525} INFO - Filling up the DagBag from /home/gabsiston/Documentos/projetos/airflow-data/venv/lib/python3.8/site-packages/airflow/example_dags/example_sla_dag.py
[2022-10-11T20:27:02.410-0500] {processor.py:768} INFO - DAG(s) dict_keys(['example_sla_dag']) retrieved from /home/gabsiston/Documentos/projetos/airflow-data/venv/lib/python3.8/site-packages/airflow/example_dags/example_sla_dag.py
[2022-10-11T20:27:02.429-0500] {logging_mixin.py:117} INFO - [2022-10-11T20:27:02.428-0500] {dag.py:2573} INFO - Sync 1 DAGs
[2022-10-11T20:27:02.447-0500] {logging_mixin.py:117} INFO - [2022-10-11T20:27:02.447-0500] {dag.py:3324} INFO - Setting next_dagrun for example_sla_dag to 2022-10-12T01:24:00+00:00, run_after=2022-10-12T01:26:00+00:00
[2022-10-11T20:27:02.467-0500] {processor.py:178} INFO - Processing /home/gabsiston/Documentos/projetos/airflow-data/venv/lib/python3.8/site-packages/airflow/example_dags/example_sla_dag.py took 0.080 seconds
[2022-10-11T20:27:35.986-0500] {processor.py:156} INFO - Started process (PID=9489) to work on /home/gabsiston/Documentos/projetos/airflow-data/venv/lib/python3.8/site-packages/airflow/example_dags/example_sla_dag.py
[2022-10-11T20:27:35.989-0500] {processor.py:758} INFO - Processing file /home/gabsiston/Documentos/projetos/airflow-data/venv/lib/python3.8/site-packages/airflow/example_dags/example_sla_dag.py for tasks to queue
[2022-10-11T20:27:35.990-0500] {logging_mixin.py:117} INFO - [2022-10-11T20:27:35.990-0500] {dagbag.py:525} INFO - Filling up the DagBag from /home/gabsiston/Documentos/projetos/airflow-data/venv/lib/python3.8/site-packages/airflow/example_dags/example_sla_dag.py
[2022-10-11T20:27:36.018-0500] {processor.py:768} INFO - DAG(s) dict_keys(['example_sla_dag']) retrieved from /home/gabsiston/Documentos/projetos/airflow-data/venv/lib/python3.8/site-packages/airflow/example_dags/example_sla_dag.py
[2022-10-11T20:27:36.038-0500] {logging_mixin.py:117} INFO - [2022-10-11T20:27:36.038-0500] {dag.py:2573} INFO - Sync 1 DAGs
[2022-10-11T20:27:36.059-0500] {logging_mixin.py:117} INFO - [2022-10-11T20:27:36.058-0500] {dag.py:3324} INFO - Setting next_dagrun for example_sla_dag to 2022-10-12T01:24:00+00:00, run_after=2022-10-12T01:26:00+00:00
[2022-10-11T20:27:36.089-0500] {processor.py:178} INFO - Processing /home/gabsiston/Documentos/projetos/airflow-data/venv/lib/python3.8/site-packages/airflow/example_dags/example_sla_dag.py took 0.111 seconds
[2022-10-11T20:28:10.302-0500] {processor.py:156} INFO - Started process (PID=9761) to work on /home/gabsiston/Documentos/projetos/airflow-data/venv/lib/python3.8/site-packages/airflow/example_dags/example_sla_dag.py
[2022-10-11T20:28:10.304-0500] {processor.py:758} INFO - Processing file /home/gabsiston/Documentos/projetos/airflow-data/venv/lib/python3.8/site-packages/airflow/example_dags/example_sla_dag.py for tasks to queue
[2022-10-11T20:28:10.305-0500] {logging_mixin.py:117} INFO - [2022-10-11T20:28:10.305-0500] {dagbag.py:525} INFO - Filling up the DagBag from /home/gabsiston/Documentos/projetos/airflow-data/venv/lib/python3.8/site-packages/airflow/example_dags/example_sla_dag.py
[2022-10-11T20:28:10.329-0500] {processor.py:768} INFO - DAG(s) dict_keys(['example_sla_dag']) retrieved from /home/gabsiston/Documentos/projetos/airflow-data/venv/lib/python3.8/site-packages/airflow/example_dags/example_sla_dag.py
[2022-10-11T20:28:10.348-0500] {logging_mixin.py:117} INFO - [2022-10-11T20:28:10.348-0500] {dag.py:2573} INFO - Sync 1 DAGs
[2022-10-11T20:28:10.365-0500] {logging_mixin.py:117} INFO - [2022-10-11T20:28:10.365-0500] {dag.py:3324} INFO - Setting next_dagrun for example_sla_dag to 2022-10-12T01:26:00+00:00, run_after=2022-10-12T01:28:00+00:00
[2022-10-11T20:28:10.395-0500] {processor.py:178} INFO - Processing /home/gabsiston/Documentos/projetos/airflow-data/venv/lib/python3.8/site-packages/airflow/example_dags/example_sla_dag.py took 0.096 seconds
[2022-10-11T20:28:45.439-0500] {processor.py:156} INFO - Started process (PID=10044) to work on /home/gabsiston/Documentos/projetos/airflow-data/venv/lib/python3.8/site-packages/airflow/example_dags/example_sla_dag.py
[2022-10-11T20:28:45.441-0500] {processor.py:758} INFO - Processing file /home/gabsiston/Documentos/projetos/airflow-data/venv/lib/python3.8/site-packages/airflow/example_dags/example_sla_dag.py for tasks to queue
[2022-10-11T20:28:45.442-0500] {logging_mixin.py:117} INFO - [2022-10-11T20:28:45.442-0500] {dagbag.py:525} INFO - Filling up the DagBag from /home/gabsiston/Documentos/projetos/airflow-data/venv/lib/python3.8/site-packages/airflow/example_dags/example_sla_dag.py
[2022-10-11T20:28:45.464-0500] {processor.py:768} INFO - DAG(s) dict_keys(['example_sla_dag']) retrieved from /home/gabsiston/Documentos/projetos/airflow-data/venv/lib/python3.8/site-packages/airflow/example_dags/example_sla_dag.py
[2022-10-11T20:28:45.483-0500] {logging_mixin.py:117} INFO - [2022-10-11T20:28:45.483-0500] {dag.py:2573} INFO - Sync 1 DAGs
[2022-10-11T20:28:45.502-0500] {logging_mixin.py:117} INFO - [2022-10-11T20:28:45.502-0500] {dag.py:3324} INFO - Setting next_dagrun for example_sla_dag to 2022-10-12T01:26:00+00:00, run_after=2022-10-12T01:28:00+00:00
[2022-10-11T20:28:45.521-0500] {processor.py:178} INFO - Processing /home/gabsiston/Documentos/projetos/airflow-data/venv/lib/python3.8/site-packages/airflow/example_dags/example_sla_dag.py took 0.085 seconds
[2022-10-11T20:29:21.634-0500] {processor.py:156} INFO - Started process (PID=10277) to work on /home/gabsiston/Documentos/projetos/airflow-data/venv/lib/python3.8/site-packages/airflow/example_dags/example_sla_dag.py
[2022-10-11T20:29:21.637-0500] {processor.py:758} INFO - Processing file /home/gabsiston/Documentos/projetos/airflow-data/venv/lib/python3.8/site-packages/airflow/example_dags/example_sla_dag.py for tasks to queue
[2022-10-11T20:29:21.637-0500] {logging_mixin.py:117} INFO - [2022-10-11T20:29:21.637-0500] {dagbag.py:525} INFO - Filling up the DagBag from /home/gabsiston/Documentos/projetos/airflow-data/venv/lib/python3.8/site-packages/airflow/example_dags/example_sla_dag.py
[2022-10-11T20:29:21.658-0500] {processor.py:768} INFO - DAG(s) dict_keys(['example_sla_dag']) retrieved from /home/gabsiston/Documentos/projetos/airflow-data/venv/lib/python3.8/site-packages/airflow/example_dags/example_sla_dag.py
[2022-10-11T20:29:21.678-0500] {logging_mixin.py:117} INFO - [2022-10-11T20:29:21.677-0500] {dag.py:2573} INFO - Sync 1 DAGs
[2022-10-11T20:29:21.697-0500] {logging_mixin.py:117} INFO - [2022-10-11T20:29:21.697-0500] {dag.py:3324} INFO - Setting next_dagrun for example_sla_dag to 2022-10-12T01:26:00+00:00, run_after=2022-10-12T01:28:00+00:00
[2022-10-11T20:29:21.730-0500] {processor.py:178} INFO - Processing /home/gabsiston/Documentos/projetos/airflow-data/venv/lib/python3.8/site-packages/airflow/example_dags/example_sla_dag.py took 0.099 seconds
[2022-10-11T20:29:57.894-0500] {processor.py:156} INFO - Started process (PID=10459) to work on /home/gabsiston/Documentos/projetos/airflow-data/venv/lib/python3.8/site-packages/airflow/example_dags/example_sla_dag.py
[2022-10-11T20:29:57.896-0500] {processor.py:758} INFO - Processing file /home/gabsiston/Documentos/projetos/airflow-data/venv/lib/python3.8/site-packages/airflow/example_dags/example_sla_dag.py for tasks to queue
[2022-10-11T20:29:57.897-0500] {logging_mixin.py:117} INFO - [2022-10-11T20:29:57.897-0500] {dagbag.py:525} INFO - Filling up the DagBag from /home/gabsiston/Documentos/projetos/airflow-data/venv/lib/python3.8/site-packages/airflow/example_dags/example_sla_dag.py
[2022-10-11T20:29:57.921-0500] {processor.py:768} INFO - DAG(s) dict_keys(['example_sla_dag']) retrieved from /home/gabsiston/Documentos/projetos/airflow-data/venv/lib/python3.8/site-packages/airflow/example_dags/example_sla_dag.py
[2022-10-11T20:29:57.943-0500] {logging_mixin.py:117} INFO - [2022-10-11T20:29:57.943-0500] {dag.py:2573} INFO - Sync 1 DAGs
[2022-10-11T20:29:57.963-0500] {logging_mixin.py:117} INFO - [2022-10-11T20:29:57.963-0500] {dag.py:3324} INFO - Setting next_dagrun for example_sla_dag to 2022-10-12T01:26:00+00:00, run_after=2022-10-12T01:28:00+00:00
[2022-10-11T20:29:57.987-0500] {processor.py:178} INFO - Processing /home/gabsiston/Documentos/projetos/airflow-data/venv/lib/python3.8/site-packages/airflow/example_dags/example_sla_dag.py took 0.096 seconds
[2022-10-11T20:30:30.469-0500] {processor.py:156} INFO - Started process (PID=10690) to work on /home/gabsiston/Documentos/projetos/airflow-data/venv/lib/python3.8/site-packages/airflow/example_dags/example_sla_dag.py
[2022-10-11T20:30:30.473-0500] {processor.py:758} INFO - Processing file /home/gabsiston/Documentos/projetos/airflow-data/venv/lib/python3.8/site-packages/airflow/example_dags/example_sla_dag.py for tasks to queue
[2022-10-11T20:30:30.475-0500] {logging_mixin.py:117} INFO - [2022-10-11T20:30:30.474-0500] {dagbag.py:525} INFO - Filling up the DagBag from /home/gabsiston/Documentos/projetos/airflow-data/venv/lib/python3.8/site-packages/airflow/example_dags/example_sla_dag.py
[2022-10-11T20:30:30.505-0500] {processor.py:768} INFO - DAG(s) dict_keys(['example_sla_dag']) retrieved from /home/gabsiston/Documentos/projetos/airflow-data/venv/lib/python3.8/site-packages/airflow/example_dags/example_sla_dag.py
[2022-10-11T20:30:30.525-0500] {logging_mixin.py:117} INFO - [2022-10-11T20:30:30.524-0500] {dag.py:2573} INFO - Sync 1 DAGs
[2022-10-11T20:30:30.543-0500] {logging_mixin.py:117} INFO - [2022-10-11T20:30:30.543-0500] {dag.py:3324} INFO - Setting next_dagrun for example_sla_dag to 2022-10-12T01:28:00+00:00, run_after=2022-10-12T01:30:00+00:00
[2022-10-11T20:30:30.565-0500] {processor.py:178} INFO - Processing /home/gabsiston/Documentos/projetos/airflow-data/venv/lib/python3.8/site-packages/airflow/example_dags/example_sla_dag.py took 0.105 seconds
[2022-10-11T20:31:04.833-0500] {processor.py:156} INFO - Started process (PID=10888) to work on /home/gabsiston/Documentos/projetos/airflow-data/venv/lib/python3.8/site-packages/airflow/example_dags/example_sla_dag.py
[2022-10-11T20:31:04.835-0500] {processor.py:758} INFO - Processing file /home/gabsiston/Documentos/projetos/airflow-data/venv/lib/python3.8/site-packages/airflow/example_dags/example_sla_dag.py for tasks to queue
[2022-10-11T20:31:04.836-0500] {logging_mixin.py:117} INFO - [2022-10-11T20:31:04.836-0500] {dagbag.py:525} INFO - Filling up the DagBag from /home/gabsiston/Documentos/projetos/airflow-data/venv/lib/python3.8/site-packages/airflow/example_dags/example_sla_dag.py
[2022-10-11T20:31:04.854-0500] {processor.py:768} INFO - DAG(s) dict_keys(['example_sla_dag']) retrieved from /home/gabsiston/Documentos/projetos/airflow-data/venv/lib/python3.8/site-packages/airflow/example_dags/example_sla_dag.py
[2022-10-11T20:31:04.871-0500] {logging_mixin.py:117} INFO - [2022-10-11T20:31:04.871-0500] {dag.py:2573} INFO - Sync 1 DAGs
[2022-10-11T20:31:04.887-0500] {logging_mixin.py:117} INFO - [2022-10-11T20:31:04.887-0500] {dag.py:3324} INFO - Setting next_dagrun for example_sla_dag to 2022-10-12T01:28:00+00:00, run_after=2022-10-12T01:30:00+00:00
[2022-10-11T20:31:04.908-0500] {processor.py:178} INFO - Processing /home/gabsiston/Documentos/projetos/airflow-data/venv/lib/python3.8/site-packages/airflow/example_dags/example_sla_dag.py took 0.077 seconds
[2022-10-11T20:31:42.030-0500] {processor.py:156} INFO - Started process (PID=11270) to work on /home/gabsiston/Documentos/projetos/airflow-data/venv/lib/python3.8/site-packages/airflow/example_dags/example_sla_dag.py
[2022-10-11T20:31:42.032-0500] {processor.py:758} INFO - Processing file /home/gabsiston/Documentos/projetos/airflow-data/venv/lib/python3.8/site-packages/airflow/example_dags/example_sla_dag.py for tasks to queue
[2022-10-11T20:31:42.032-0500] {logging_mixin.py:117} INFO - [2022-10-11T20:31:42.032-0500] {dagbag.py:525} INFO - Filling up the DagBag from /home/gabsiston/Documentos/projetos/airflow-data/venv/lib/python3.8/site-packages/airflow/example_dags/example_sla_dag.py
[2022-10-11T20:31:42.049-0500] {processor.py:768} INFO - DAG(s) dict_keys(['example_sla_dag']) retrieved from /home/gabsiston/Documentos/projetos/airflow-data/venv/lib/python3.8/site-packages/airflow/example_dags/example_sla_dag.py
[2022-10-11T20:31:42.066-0500] {logging_mixin.py:117} INFO - [2022-10-11T20:31:42.066-0500] {dag.py:2573} INFO - Sync 1 DAGs
[2022-10-11T20:31:42.082-0500] {logging_mixin.py:117} INFO - [2022-10-11T20:31:42.082-0500] {dag.py:3324} INFO - Setting next_dagrun for example_sla_dag to 2022-10-12T01:28:00+00:00, run_after=2022-10-12T01:30:00+00:00
[2022-10-11T20:31:42.101-0500] {processor.py:178} INFO - Processing /home/gabsiston/Documentos/projetos/airflow-data/venv/lib/python3.8/site-packages/airflow/example_dags/example_sla_dag.py took 0.073 seconds
[2022-10-11T20:32:14.130-0500] {processor.py:156} INFO - Started process (PID=11438) to work on /home/gabsiston/Documentos/projetos/airflow-data/venv/lib/python3.8/site-packages/airflow/example_dags/example_sla_dag.py
[2022-10-11T20:32:14.132-0500] {processor.py:758} INFO - Processing file /home/gabsiston/Documentos/projetos/airflow-data/venv/lib/python3.8/site-packages/airflow/example_dags/example_sla_dag.py for tasks to queue
[2022-10-11T20:32:14.133-0500] {logging_mixin.py:117} INFO - [2022-10-11T20:32:14.132-0500] {dagbag.py:525} INFO - Filling up the DagBag from /home/gabsiston/Documentos/projetos/airflow-data/venv/lib/python3.8/site-packages/airflow/example_dags/example_sla_dag.py
[2022-10-11T20:32:14.155-0500] {processor.py:768} INFO - DAG(s) dict_keys(['example_sla_dag']) retrieved from /home/gabsiston/Documentos/projetos/airflow-data/venv/lib/python3.8/site-packages/airflow/example_dags/example_sla_dag.py
[2022-10-11T20:32:14.174-0500] {logging_mixin.py:117} INFO - [2022-10-11T20:32:14.174-0500] {dag.py:2573} INFO - Sync 1 DAGs
[2022-10-11T20:32:14.194-0500] {logging_mixin.py:117} INFO - [2022-10-11T20:32:14.194-0500] {dag.py:3324} INFO - Setting next_dagrun for example_sla_dag to 2022-10-12T01:30:00+00:00, run_after=2022-10-12T01:32:00+00:00
[2022-10-11T20:32:14.215-0500] {processor.py:178} INFO - Processing /home/gabsiston/Documentos/projetos/airflow-data/venv/lib/python3.8/site-packages/airflow/example_dags/example_sla_dag.py took 0.088 seconds
[2022-10-11T20:32:49.674-0500] {processor.py:156} INFO - Started process (PID=11836) to work on /home/gabsiston/Documentos/projetos/airflow-data/venv/lib/python3.8/site-packages/airflow/example_dags/example_sla_dag.py
[2022-10-11T20:32:49.676-0500] {processor.py:758} INFO - Processing file /home/gabsiston/Documentos/projetos/airflow-data/venv/lib/python3.8/site-packages/airflow/example_dags/example_sla_dag.py for tasks to queue
[2022-10-11T20:32:49.678-0500] {logging_mixin.py:117} INFO - [2022-10-11T20:32:49.677-0500] {dagbag.py:525} INFO - Filling up the DagBag from /home/gabsiston/Documentos/projetos/airflow-data/venv/lib/python3.8/site-packages/airflow/example_dags/example_sla_dag.py
[2022-10-11T20:32:49.710-0500] {processor.py:768} INFO - DAG(s) dict_keys(['example_sla_dag']) retrieved from /home/gabsiston/Documentos/projetos/airflow-data/venv/lib/python3.8/site-packages/airflow/example_dags/example_sla_dag.py
[2022-10-11T20:32:49.731-0500] {logging_mixin.py:117} INFO - [2022-10-11T20:32:49.731-0500] {dag.py:2573} INFO - Sync 1 DAGs
[2022-10-11T20:32:49.753-0500] {logging_mixin.py:117} INFO - [2022-10-11T20:32:49.753-0500] {dag.py:3324} INFO - Setting next_dagrun for example_sla_dag to 2022-10-12T01:30:00+00:00, run_after=2022-10-12T01:32:00+00:00
[2022-10-11T20:32:49.785-0500] {processor.py:178} INFO - Processing /home/gabsiston/Documentos/projetos/airflow-data/venv/lib/python3.8/site-packages/airflow/example_dags/example_sla_dag.py took 0.117 seconds
[2022-10-11T20:33:25.102-0500] {processor.py:156} INFO - Started process (PID=12133) to work on /home/gabsiston/Documentos/projetos/airflow-data/venv/lib/python3.8/site-packages/airflow/example_dags/example_sla_dag.py
[2022-10-11T20:33:25.104-0500] {processor.py:758} INFO - Processing file /home/gabsiston/Documentos/projetos/airflow-data/venv/lib/python3.8/site-packages/airflow/example_dags/example_sla_dag.py for tasks to queue
[2022-10-11T20:33:25.105-0500] {logging_mixin.py:117} INFO - [2022-10-11T20:33:25.105-0500] {dagbag.py:525} INFO - Filling up the DagBag from /home/gabsiston/Documentos/projetos/airflow-data/venv/lib/python3.8/site-packages/airflow/example_dags/example_sla_dag.py
[2022-10-11T20:33:25.127-0500] {processor.py:768} INFO - DAG(s) dict_keys(['example_sla_dag']) retrieved from /home/gabsiston/Documentos/projetos/airflow-data/venv/lib/python3.8/site-packages/airflow/example_dags/example_sla_dag.py
[2022-10-11T20:33:25.147-0500] {logging_mixin.py:117} INFO - [2022-10-11T20:33:25.147-0500] {dag.py:2573} INFO - Sync 1 DAGs
[2022-10-11T20:33:25.165-0500] {logging_mixin.py:117} INFO - [2022-10-11T20:33:25.165-0500] {dag.py:3324} INFO - Setting next_dagrun for example_sla_dag to 2022-10-12T01:30:00+00:00, run_after=2022-10-12T01:32:00+00:00
[2022-10-11T20:33:25.186-0500] {processor.py:178} INFO - Processing /home/gabsiston/Documentos/projetos/airflow-data/venv/lib/python3.8/site-packages/airflow/example_dags/example_sla_dag.py took 0.087 seconds
[2022-10-11T20:33:59.293-0500] {processor.py:156} INFO - Started process (PID=12305) to work on /home/gabsiston/Documentos/projetos/airflow-data/venv/lib/python3.8/site-packages/airflow/example_dags/example_sla_dag.py
[2022-10-11T20:33:59.296-0500] {processor.py:758} INFO - Processing file /home/gabsiston/Documentos/projetos/airflow-data/venv/lib/python3.8/site-packages/airflow/example_dags/example_sla_dag.py for tasks to queue
[2022-10-11T20:33:59.296-0500] {logging_mixin.py:117} INFO - [2022-10-11T20:33:59.296-0500] {dagbag.py:525} INFO - Filling up the DagBag from /home/gabsiston/Documentos/projetos/airflow-data/venv/lib/python3.8/site-packages/airflow/example_dags/example_sla_dag.py
[2022-10-11T20:33:59.319-0500] {processor.py:768} INFO - DAG(s) dict_keys(['example_sla_dag']) retrieved from /home/gabsiston/Documentos/projetos/airflow-data/venv/lib/python3.8/site-packages/airflow/example_dags/example_sla_dag.py
[2022-10-11T20:33:59.338-0500] {logging_mixin.py:117} INFO - [2022-10-11T20:33:59.338-0500] {dag.py:2573} INFO - Sync 1 DAGs
[2022-10-11T20:33:59.356-0500] {logging_mixin.py:117} INFO - [2022-10-11T20:33:59.356-0500] {dag.py:3324} INFO - Setting next_dagrun for example_sla_dag to 2022-10-12T01:30:00+00:00, run_after=2022-10-12T01:32:00+00:00
[2022-10-11T20:33:59.375-0500] {processor.py:178} INFO - Processing /home/gabsiston/Documentos/projetos/airflow-data/venv/lib/python3.8/site-packages/airflow/example_dags/example_sla_dag.py took 0.084 seconds
[2022-10-11T20:34:34.613-0500] {processor.py:156} INFO - Started process (PID=12487) to work on /home/gabsiston/Documentos/projetos/airflow-data/venv/lib/python3.8/site-packages/airflow/example_dags/example_sla_dag.py
[2022-10-11T20:34:34.615-0500] {processor.py:758} INFO - Processing file /home/gabsiston/Documentos/projetos/airflow-data/venv/lib/python3.8/site-packages/airflow/example_dags/example_sla_dag.py for tasks to queue
[2022-10-11T20:34:34.616-0500] {logging_mixin.py:117} INFO - [2022-10-11T20:34:34.616-0500] {dagbag.py:525} INFO - Filling up the DagBag from /home/gabsiston/Documentos/projetos/airflow-data/venv/lib/python3.8/site-packages/airflow/example_dags/example_sla_dag.py
[2022-10-11T20:34:34.639-0500] {processor.py:768} INFO - DAG(s) dict_keys(['example_sla_dag']) retrieved from /home/gabsiston/Documentos/projetos/airflow-data/venv/lib/python3.8/site-packages/airflow/example_dags/example_sla_dag.py
[2022-10-11T20:34:34.659-0500] {logging_mixin.py:117} INFO - [2022-10-11T20:34:34.659-0500] {dag.py:2573} INFO - Sync 1 DAGs
[2022-10-11T20:34:34.677-0500] {logging_mixin.py:117} INFO - [2022-10-11T20:34:34.677-0500] {dag.py:3324} INFO - Setting next_dagrun for example_sla_dag to 2022-10-12T01:32:00+00:00, run_after=2022-10-12T01:34:00+00:00
[2022-10-11T20:34:34.705-0500] {processor.py:178} INFO - Processing /home/gabsiston/Documentos/projetos/airflow-data/venv/lib/python3.8/site-packages/airflow/example_dags/example_sla_dag.py took 0.095 seconds
[2022-10-11T20:35:08.393-0500] {processor.py:156} INFO - Started process (PID=12690) to work on /home/gabsiston/Documentos/projetos/airflow-data/venv/lib/python3.8/site-packages/airflow/example_dags/example_sla_dag.py
[2022-10-11T20:35:08.395-0500] {processor.py:758} INFO - Processing file /home/gabsiston/Documentos/projetos/airflow-data/venv/lib/python3.8/site-packages/airflow/example_dags/example_sla_dag.py for tasks to queue
[2022-10-11T20:35:08.395-0500] {logging_mixin.py:117} INFO - [2022-10-11T20:35:08.395-0500] {dagbag.py:525} INFO - Filling up the DagBag from /home/gabsiston/Documentos/projetos/airflow-data/venv/lib/python3.8/site-packages/airflow/example_dags/example_sla_dag.py
[2022-10-11T20:35:08.421-0500] {processor.py:768} INFO - DAG(s) dict_keys(['example_sla_dag']) retrieved from /home/gabsiston/Documentos/projetos/airflow-data/venv/lib/python3.8/site-packages/airflow/example_dags/example_sla_dag.py
[2022-10-11T20:35:08.441-0500] {logging_mixin.py:117} INFO - [2022-10-11T20:35:08.441-0500] {dag.py:2573} INFO - Sync 1 DAGs
[2022-10-11T20:35:08.461-0500] {logging_mixin.py:117} INFO - [2022-10-11T20:35:08.461-0500] {dag.py:3324} INFO - Setting next_dagrun for example_sla_dag to 2022-10-12T01:32:00+00:00, run_after=2022-10-12T01:34:00+00:00
[2022-10-11T20:35:08.482-0500] {processor.py:178} INFO - Processing /home/gabsiston/Documentos/projetos/airflow-data/venv/lib/python3.8/site-packages/airflow/example_dags/example_sla_dag.py took 0.092 seconds
[2022-10-11T20:35:42.434-0500] {processor.py:156} INFO - Started process (PID=12906) to work on /home/gabsiston/Documentos/projetos/airflow-data/venv/lib/python3.8/site-packages/airflow/example_dags/example_sla_dag.py
[2022-10-11T20:35:42.435-0500] {processor.py:758} INFO - Processing file /home/gabsiston/Documentos/projetos/airflow-data/venv/lib/python3.8/site-packages/airflow/example_dags/example_sla_dag.py for tasks to queue
[2022-10-11T20:35:42.436-0500] {logging_mixin.py:117} INFO - [2022-10-11T20:35:42.436-0500] {dagbag.py:525} INFO - Filling up the DagBag from /home/gabsiston/Documentos/projetos/airflow-data/venv/lib/python3.8/site-packages/airflow/example_dags/example_sla_dag.py
[2022-10-11T20:35:42.454-0500] {processor.py:768} INFO - DAG(s) dict_keys(['example_sla_dag']) retrieved from /home/gabsiston/Documentos/projetos/airflow-data/venv/lib/python3.8/site-packages/airflow/example_dags/example_sla_dag.py
[2022-10-11T20:35:42.471-0500] {logging_mixin.py:117} INFO - [2022-10-11T20:35:42.471-0500] {dag.py:2573} INFO - Sync 1 DAGs
[2022-10-11T20:35:42.487-0500] {logging_mixin.py:117} INFO - [2022-10-11T20:35:42.487-0500] {dag.py:3324} INFO - Setting next_dagrun for example_sla_dag to 2022-10-12T01:32:00+00:00, run_after=2022-10-12T01:34:00+00:00
[2022-10-11T20:35:42.508-0500] {processor.py:178} INFO - Processing /home/gabsiston/Documentos/projetos/airflow-data/venv/lib/python3.8/site-packages/airflow/example_dags/example_sla_dag.py took 0.076 seconds
[2022-10-11T20:36:17.721-0500] {processor.py:156} INFO - Started process (PID=13152) to work on /home/gabsiston/Documentos/projetos/airflow-data/venv/lib/python3.8/site-packages/airflow/example_dags/example_sla_dag.py
[2022-10-11T20:36:17.723-0500] {processor.py:758} INFO - Processing file /home/gabsiston/Documentos/projetos/airflow-data/venv/lib/python3.8/site-packages/airflow/example_dags/example_sla_dag.py for tasks to queue
[2022-10-11T20:36:17.723-0500] {logging_mixin.py:117} INFO - [2022-10-11T20:36:17.723-0500] {dagbag.py:525} INFO - Filling up the DagBag from /home/gabsiston/Documentos/projetos/airflow-data/venv/lib/python3.8/site-packages/airflow/example_dags/example_sla_dag.py
[2022-10-11T20:36:17.753-0500] {processor.py:768} INFO - DAG(s) dict_keys(['example_sla_dag']) retrieved from /home/gabsiston/Documentos/projetos/airflow-data/venv/lib/python3.8/site-packages/airflow/example_dags/example_sla_dag.py
[2022-10-11T20:36:17.839-0500] {logging_mixin.py:117} INFO - [2022-10-11T20:36:17.839-0500] {dag.py:2573} INFO - Sync 1 DAGs
[2022-10-11T20:36:17.893-0500] {logging_mixin.py:117} INFO - [2022-10-11T20:36:17.893-0500] {dag.py:3324} INFO - Setting next_dagrun for example_sla_dag to 2022-10-12T01:34:00+00:00, run_after=2022-10-12T01:36:00+00:00
[2022-10-11T20:36:17.969-0500] {processor.py:178} INFO - Processing /home/gabsiston/Documentos/projetos/airflow-data/venv/lib/python3.8/site-packages/airflow/example_dags/example_sla_dag.py took 0.251 seconds
[2022-10-11T20:36:52.573-0500] {processor.py:156} INFO - Started process (PID=13491) to work on /home/gabsiston/Documentos/projetos/airflow-data/venv/lib/python3.8/site-packages/airflow/example_dags/example_sla_dag.py
[2022-10-11T20:36:52.575-0500] {processor.py:758} INFO - Processing file /home/gabsiston/Documentos/projetos/airflow-data/venv/lib/python3.8/site-packages/airflow/example_dags/example_sla_dag.py for tasks to queue
[2022-10-11T20:36:52.576-0500] {logging_mixin.py:117} INFO - [2022-10-11T20:36:52.575-0500] {dagbag.py:525} INFO - Filling up the DagBag from /home/gabsiston/Documentos/projetos/airflow-data/venv/lib/python3.8/site-packages/airflow/example_dags/example_sla_dag.py
[2022-10-11T20:36:52.598-0500] {processor.py:768} INFO - DAG(s) dict_keys(['example_sla_dag']) retrieved from /home/gabsiston/Documentos/projetos/airflow-data/venv/lib/python3.8/site-packages/airflow/example_dags/example_sla_dag.py
[2022-10-11T20:36:52.617-0500] {logging_mixin.py:117} INFO - [2022-10-11T20:36:52.617-0500] {dag.py:2573} INFO - Sync 1 DAGs
[2022-10-11T20:36:52.636-0500] {logging_mixin.py:117} INFO - [2022-10-11T20:36:52.636-0500] {dag.py:3324} INFO - Setting next_dagrun for example_sla_dag to 2022-10-12T01:34:00+00:00, run_after=2022-10-12T01:36:00+00:00
[2022-10-11T20:36:52.657-0500] {processor.py:178} INFO - Processing /home/gabsiston/Documentos/projetos/airflow-data/venv/lib/python3.8/site-packages/airflow/example_dags/example_sla_dag.py took 0.087 seconds
