[2022-10-11T20:25:40.341-0500] {processor.py:156} INFO - Started process (PID=7958) to work on /home/gabsiston/Documentos/projetos/airflow-data/venv/lib/python3.8/site-packages/airflow/example_dags/example_xcom.py
[2022-10-11T20:25:40.341-0500] {processor.py:758} INFO - Processing file /home/gabsiston/Documentos/projetos/airflow-data/venv/lib/python3.8/site-packages/airflow/example_dags/example_xcom.py for tasks to queue
[2022-10-11T20:25:40.342-0500] {logging_mixin.py:117} INFO - [2022-10-11T20:25:40.341-0500] {dagbag.py:525} INFO - Filling up the DagBag from /home/gabsiston/Documentos/projetos/airflow-data/venv/lib/python3.8/site-packages/airflow/example_dags/example_xcom.py
[2022-10-11T20:25:40.359-0500] {processor.py:768} INFO - DAG(s) dict_keys(['example_xcom']) retrieved from /home/gabsiston/Documentos/projetos/airflow-data/venv/lib/python3.8/site-packages/airflow/example_dags/example_xcom.py
[2022-10-11T20:25:40.444-0500] {logging_mixin.py:117} INFO - [2022-10-11T20:25:40.444-0500] {manager.py:507} INFO - Created Permission View: can read on DAG:example_xcom
[2022-10-11T20:25:40.456-0500] {logging_mixin.py:117} INFO - [2022-10-11T20:25:40.456-0500] {manager.py:507} INFO - Created Permission View: can edit on DAG:example_xcom
[2022-10-11T20:25:40.467-0500] {logging_mixin.py:117} INFO - [2022-10-11T20:25:40.467-0500] {manager.py:507} INFO - Created Permission View: can delete on DAG:example_xcom
[2022-10-11T20:25:40.467-0500] {logging_mixin.py:117} INFO - [2022-10-11T20:25:40.467-0500] {dag.py:2573} INFO - Sync 1 DAGs
[2022-10-11T20:25:40.474-0500] {logging_mixin.py:117} INFO - [2022-10-11T20:25:40.474-0500] {dag.py:2594} INFO - Creating ORM DAG for example_xcom
[2022-10-11T20:25:40.480-0500] {logging_mixin.py:117} INFO - [2022-10-11T20:25:40.480-0500] {dag.py:3324} INFO - Setting next_dagrun for example_xcom to 2021-01-01T00:00:00+00:00, run_after=2021-01-01T00:00:00+00:00
[2022-10-11T20:25:40.500-0500] {processor.py:178} INFO - Processing /home/gabsiston/Documentos/projetos/airflow-data/venv/lib/python3.8/site-packages/airflow/example_dags/example_xcom.py took 0.162 seconds
[2022-10-11T20:26:18.615-0500] {processor.py:156} INFO - Started process (PID=8400) to work on /home/gabsiston/Documentos/projetos/airflow-data/venv/lib/python3.8/site-packages/airflow/example_dags/example_xcom.py
[2022-10-11T20:26:18.617-0500] {processor.py:758} INFO - Processing file /home/gabsiston/Documentos/projetos/airflow-data/venv/lib/python3.8/site-packages/airflow/example_dags/example_xcom.py for tasks to queue
[2022-10-11T20:26:18.617-0500] {logging_mixin.py:117} INFO - [2022-10-11T20:26:18.617-0500] {dagbag.py:525} INFO - Filling up the DagBag from /home/gabsiston/Documentos/projetos/airflow-data/venv/lib/python3.8/site-packages/airflow/example_dags/example_xcom.py
[2022-10-11T20:26:18.635-0500] {processor.py:768} INFO - DAG(s) dict_keys(['example_xcom']) retrieved from /home/gabsiston/Documentos/projetos/airflow-data/venv/lib/python3.8/site-packages/airflow/example_dags/example_xcom.py
[2022-10-11T20:26:18.653-0500] {logging_mixin.py:117} INFO - [2022-10-11T20:26:18.653-0500] {dag.py:2573} INFO - Sync 1 DAGs
[2022-10-11T20:26:18.667-0500] {logging_mixin.py:117} INFO - [2022-10-11T20:26:18.666-0500] {dag.py:3324} INFO - Setting next_dagrun for example_xcom to 2021-01-01T00:00:00+00:00, run_after=2021-01-01T00:00:00+00:00
[2022-10-11T20:26:18.686-0500] {processor.py:178} INFO - Processing /home/gabsiston/Documentos/projetos/airflow-data/venv/lib/python3.8/site-packages/airflow/example_dags/example_xcom.py took 0.073 seconds
[2022-10-11T20:26:53.491-0500] {processor.py:156} INFO - Started process (PID=8907) to work on /home/gabsiston/Documentos/projetos/airflow-data/venv/lib/python3.8/site-packages/airflow/example_dags/example_xcom.py
[2022-10-11T20:26:53.493-0500] {processor.py:758} INFO - Processing file /home/gabsiston/Documentos/projetos/airflow-data/venv/lib/python3.8/site-packages/airflow/example_dags/example_xcom.py for tasks to queue
[2022-10-11T20:26:53.494-0500] {logging_mixin.py:117} INFO - [2022-10-11T20:26:53.494-0500] {dagbag.py:525} INFO - Filling up the DagBag from /home/gabsiston/Documentos/projetos/airflow-data/venv/lib/python3.8/site-packages/airflow/example_dags/example_xcom.py
[2022-10-11T20:26:53.517-0500] {processor.py:768} INFO - DAG(s) dict_keys(['example_xcom']) retrieved from /home/gabsiston/Documentos/projetos/airflow-data/venv/lib/python3.8/site-packages/airflow/example_dags/example_xcom.py
[2022-10-11T20:26:53.539-0500] {logging_mixin.py:117} INFO - [2022-10-11T20:26:53.539-0500] {dag.py:2573} INFO - Sync 1 DAGs
[2022-10-11T20:26:53.556-0500] {logging_mixin.py:117} INFO - [2022-10-11T20:26:53.556-0500] {dag.py:3324} INFO - Setting next_dagrun for example_xcom to 2021-01-01T00:00:00+00:00, run_after=2021-01-01T00:00:00+00:00
[2022-10-11T20:26:53.579-0500] {processor.py:178} INFO - Processing /home/gabsiston/Documentos/projetos/airflow-data/venv/lib/python3.8/site-packages/airflow/example_dags/example_xcom.py took 0.090 seconds
[2022-10-11T20:27:29.609-0500] {processor.py:156} INFO - Started process (PID=9456) to work on /home/gabsiston/Documentos/projetos/airflow-data/venv/lib/python3.8/site-packages/airflow/example_dags/example_xcom.py
[2022-10-11T20:27:29.611-0500] {processor.py:758} INFO - Processing file /home/gabsiston/Documentos/projetos/airflow-data/venv/lib/python3.8/site-packages/airflow/example_dags/example_xcom.py for tasks to queue
[2022-10-11T20:27:29.611-0500] {logging_mixin.py:117} INFO - [2022-10-11T20:27:29.611-0500] {dagbag.py:525} INFO - Filling up the DagBag from /home/gabsiston/Documentos/projetos/airflow-data/venv/lib/python3.8/site-packages/airflow/example_dags/example_xcom.py
[2022-10-11T20:27:29.633-0500] {processor.py:768} INFO - DAG(s) dict_keys(['example_xcom']) retrieved from /home/gabsiston/Documentos/projetos/airflow-data/venv/lib/python3.8/site-packages/airflow/example_dags/example_xcom.py
[2022-10-11T20:27:29.653-0500] {logging_mixin.py:117} INFO - [2022-10-11T20:27:29.653-0500] {dag.py:2573} INFO - Sync 1 DAGs
[2022-10-11T20:27:29.669-0500] {logging_mixin.py:117} INFO - [2022-10-11T20:27:29.668-0500] {dag.py:3324} INFO - Setting next_dagrun for example_xcom to 2021-01-01T00:00:00+00:00, run_after=2021-01-01T00:00:00+00:00
[2022-10-11T20:27:29.692-0500] {processor.py:178} INFO - Processing /home/gabsiston/Documentos/projetos/airflow-data/venv/lib/python3.8/site-packages/airflow/example_dags/example_xcom.py took 0.086 seconds
[2022-10-11T20:28:06.106-0500] {processor.py:156} INFO - Started process (PID=9678) to work on /home/gabsiston/Documentos/projetos/airflow-data/venv/lib/python3.8/site-packages/airflow/example_dags/example_xcom.py
[2022-10-11T20:28:06.109-0500] {processor.py:758} INFO - Processing file /home/gabsiston/Documentos/projetos/airflow-data/venv/lib/python3.8/site-packages/airflow/example_dags/example_xcom.py for tasks to queue
[2022-10-11T20:28:06.110-0500] {logging_mixin.py:117} INFO - [2022-10-11T20:28:06.110-0500] {dagbag.py:525} INFO - Filling up the DagBag from /home/gabsiston/Documentos/projetos/airflow-data/venv/lib/python3.8/site-packages/airflow/example_dags/example_xcom.py
[2022-10-11T20:28:06.138-0500] {processor.py:768} INFO - DAG(s) dict_keys(['example_xcom']) retrieved from /home/gabsiston/Documentos/projetos/airflow-data/venv/lib/python3.8/site-packages/airflow/example_dags/example_xcom.py
[2022-10-11T20:28:06.157-0500] {logging_mixin.py:117} INFO - [2022-10-11T20:28:06.157-0500] {dag.py:2573} INFO - Sync 1 DAGs
[2022-10-11T20:28:06.171-0500] {logging_mixin.py:117} INFO - [2022-10-11T20:28:06.171-0500] {dag.py:3324} INFO - Setting next_dagrun for example_xcom to 2021-01-01T00:00:00+00:00, run_after=2021-01-01T00:00:00+00:00
[2022-10-11T20:28:06.203-0500] {processor.py:178} INFO - Processing /home/gabsiston/Documentos/projetos/airflow-data/venv/lib/python3.8/site-packages/airflow/example_dags/example_xcom.py took 0.105 seconds
[2022-10-11T20:28:42.679-0500] {processor.py:156} INFO - Started process (PID=10031) to work on /home/gabsiston/Documentos/projetos/airflow-data/venv/lib/python3.8/site-packages/airflow/example_dags/example_xcom.py
[2022-10-11T20:28:42.681-0500] {processor.py:758} INFO - Processing file /home/gabsiston/Documentos/projetos/airflow-data/venv/lib/python3.8/site-packages/airflow/example_dags/example_xcom.py for tasks to queue
[2022-10-11T20:28:42.682-0500] {logging_mixin.py:117} INFO - [2022-10-11T20:28:42.682-0500] {dagbag.py:525} INFO - Filling up the DagBag from /home/gabsiston/Documentos/projetos/airflow-data/venv/lib/python3.8/site-packages/airflow/example_dags/example_xcom.py
[2022-10-11T20:28:42.708-0500] {processor.py:768} INFO - DAG(s) dict_keys(['example_xcom']) retrieved from /home/gabsiston/Documentos/projetos/airflow-data/venv/lib/python3.8/site-packages/airflow/example_dags/example_xcom.py
[2022-10-11T20:28:42.729-0500] {logging_mixin.py:117} INFO - [2022-10-11T20:28:42.729-0500] {dag.py:2573} INFO - Sync 1 DAGs
[2022-10-11T20:28:42.746-0500] {logging_mixin.py:117} INFO - [2022-10-11T20:28:42.746-0500] {dag.py:3324} INFO - Setting next_dagrun for example_xcom to 2021-01-01T00:00:00+00:00, run_after=2021-01-01T00:00:00+00:00
[2022-10-11T20:28:42.768-0500] {processor.py:178} INFO - Processing /home/gabsiston/Documentos/projetos/airflow-data/venv/lib/python3.8/site-packages/airflow/example_dags/example_xcom.py took 0.092 seconds
[2022-10-11T20:29:22.912-0500] {processor.py:156} INFO - Started process (PID=10282) to work on /home/gabsiston/Documentos/projetos/airflow-data/venv/lib/python3.8/site-packages/airflow/example_dags/example_xcom.py
[2022-10-11T20:29:22.914-0500] {processor.py:758} INFO - Processing file /home/gabsiston/Documentos/projetos/airflow-data/venv/lib/python3.8/site-packages/airflow/example_dags/example_xcom.py for tasks to queue
[2022-10-11T20:29:22.916-0500] {logging_mixin.py:117} INFO - [2022-10-11T20:29:22.915-0500] {dagbag.py:525} INFO - Filling up the DagBag from /home/gabsiston/Documentos/projetos/airflow-data/venv/lib/python3.8/site-packages/airflow/example_dags/example_xcom.py
[2022-10-11T20:29:22.943-0500] {processor.py:768} INFO - DAG(s) dict_keys(['example_xcom']) retrieved from /home/gabsiston/Documentos/projetos/airflow-data/venv/lib/python3.8/site-packages/airflow/example_dags/example_xcom.py
[2022-10-11T20:29:22.963-0500] {logging_mixin.py:117} INFO - [2022-10-11T20:29:22.963-0500] {dag.py:2573} INFO - Sync 1 DAGs
[2022-10-11T20:29:22.979-0500] {logging_mixin.py:117} INFO - [2022-10-11T20:29:22.979-0500] {dag.py:3324} INFO - Setting next_dagrun for example_xcom to 2021-01-01T00:00:00+00:00, run_after=2021-01-01T00:00:00+00:00
[2022-10-11T20:29:23.002-0500] {processor.py:178} INFO - Processing /home/gabsiston/Documentos/projetos/airflow-data/venv/lib/python3.8/site-packages/airflow/example_dags/example_xcom.py took 0.100 seconds
[2022-10-11T20:30:00.286-0500] {processor.py:156} INFO - Started process (PID=10471) to work on /home/gabsiston/Documentos/projetos/airflow-data/venv/lib/python3.8/site-packages/airflow/example_dags/example_xcom.py
[2022-10-11T20:30:00.288-0500] {processor.py:758} INFO - Processing file /home/gabsiston/Documentos/projetos/airflow-data/venv/lib/python3.8/site-packages/airflow/example_dags/example_xcom.py for tasks to queue
[2022-10-11T20:30:00.289-0500] {logging_mixin.py:117} INFO - [2022-10-11T20:30:00.289-0500] {dagbag.py:525} INFO - Filling up the DagBag from /home/gabsiston/Documentos/projetos/airflow-data/venv/lib/python3.8/site-packages/airflow/example_dags/example_xcom.py
[2022-10-11T20:30:00.321-0500] {processor.py:768} INFO - DAG(s) dict_keys(['example_xcom']) retrieved from /home/gabsiston/Documentos/projetos/airflow-data/venv/lib/python3.8/site-packages/airflow/example_dags/example_xcom.py
[2022-10-11T20:30:00.340-0500] {logging_mixin.py:117} INFO - [2022-10-11T20:30:00.340-0500] {dag.py:2573} INFO - Sync 1 DAGs
[2022-10-11T20:30:00.357-0500] {logging_mixin.py:117} INFO - [2022-10-11T20:30:00.357-0500] {dag.py:3324} INFO - Setting next_dagrun for example_xcom to 2021-01-01T00:00:00+00:00, run_after=2021-01-01T00:00:00+00:00
[2022-10-11T20:30:00.378-0500] {processor.py:178} INFO - Processing /home/gabsiston/Documentos/projetos/airflow-data/venv/lib/python3.8/site-packages/airflow/example_dags/example_xcom.py took 0.096 seconds
[2022-10-11T20:30:41.086-0500] {processor.py:156} INFO - Started process (PID=10745) to work on /home/gabsiston/Documentos/projetos/airflow-data/venv/lib/python3.8/site-packages/airflow/example_dags/example_xcom.py
[2022-10-11T20:30:41.087-0500] {processor.py:758} INFO - Processing file /home/gabsiston/Documentos/projetos/airflow-data/venv/lib/python3.8/site-packages/airflow/example_dags/example_xcom.py for tasks to queue
[2022-10-11T20:30:41.088-0500] {logging_mixin.py:117} INFO - [2022-10-11T20:30:41.088-0500] {dagbag.py:525} INFO - Filling up the DagBag from /home/gabsiston/Documentos/projetos/airflow-data/venv/lib/python3.8/site-packages/airflow/example_dags/example_xcom.py
[2022-10-11T20:30:41.106-0500] {processor.py:768} INFO - DAG(s) dict_keys(['example_xcom']) retrieved from /home/gabsiston/Documentos/projetos/airflow-data/venv/lib/python3.8/site-packages/airflow/example_dags/example_xcom.py
[2022-10-11T20:30:41.123-0500] {logging_mixin.py:117} INFO - [2022-10-11T20:30:41.123-0500] {dag.py:2573} INFO - Sync 1 DAGs
[2022-10-11T20:30:41.136-0500] {logging_mixin.py:117} INFO - [2022-10-11T20:30:41.136-0500] {dag.py:3324} INFO - Setting next_dagrun for example_xcom to 2021-01-01T00:00:00+00:00, run_after=2021-01-01T00:00:00+00:00
[2022-10-11T20:30:41.167-0500] {processor.py:178} INFO - Processing /home/gabsiston/Documentos/projetos/airflow-data/venv/lib/python3.8/site-packages/airflow/example_dags/example_xcom.py took 0.082 seconds
[2022-10-11T20:31:17.380-0500] {processor.py:156} INFO - Started process (PID=11033) to work on /home/gabsiston/Documentos/projetos/airflow-data/venv/lib/python3.8/site-packages/airflow/example_dags/example_xcom.py
[2022-10-11T20:31:17.382-0500] {processor.py:758} INFO - Processing file /home/gabsiston/Documentos/projetos/airflow-data/venv/lib/python3.8/site-packages/airflow/example_dags/example_xcom.py for tasks to queue
[2022-10-11T20:31:17.383-0500] {logging_mixin.py:117} INFO - [2022-10-11T20:31:17.383-0500] {dagbag.py:525} INFO - Filling up the DagBag from /home/gabsiston/Documentos/projetos/airflow-data/venv/lib/python3.8/site-packages/airflow/example_dags/example_xcom.py
[2022-10-11T20:31:17.412-0500] {processor.py:768} INFO - DAG(s) dict_keys(['example_xcom']) retrieved from /home/gabsiston/Documentos/projetos/airflow-data/venv/lib/python3.8/site-packages/airflow/example_dags/example_xcom.py
[2022-10-11T20:31:17.432-0500] {logging_mixin.py:117} INFO - [2022-10-11T20:31:17.432-0500] {dag.py:2573} INFO - Sync 1 DAGs
[2022-10-11T20:31:17.448-0500] {logging_mixin.py:117} INFO - [2022-10-11T20:31:17.448-0500] {dag.py:3324} INFO - Setting next_dagrun for example_xcom to 2021-01-01T00:00:00+00:00, run_after=2021-01-01T00:00:00+00:00
[2022-10-11T20:31:17.471-0500] {processor.py:178} INFO - Processing /home/gabsiston/Documentos/projetos/airflow-data/venv/lib/python3.8/site-packages/airflow/example_dags/example_xcom.py took 0.093 seconds
[2022-10-11T20:31:54.893-0500] {processor.py:156} INFO - Started process (PID=11342) to work on /home/gabsiston/Documentos/projetos/airflow-data/venv/lib/python3.8/site-packages/airflow/example_dags/example_xcom.py
[2022-10-11T20:31:54.896-0500] {processor.py:758} INFO - Processing file /home/gabsiston/Documentos/projetos/airflow-data/venv/lib/python3.8/site-packages/airflow/example_dags/example_xcom.py for tasks to queue
[2022-10-11T20:31:54.898-0500] {logging_mixin.py:117} INFO - [2022-10-11T20:31:54.897-0500] {dagbag.py:525} INFO - Filling up the DagBag from /home/gabsiston/Documentos/projetos/airflow-data/venv/lib/python3.8/site-packages/airflow/example_dags/example_xcom.py
[2022-10-11T20:31:54.924-0500] {processor.py:768} INFO - DAG(s) dict_keys(['example_xcom']) retrieved from /home/gabsiston/Documentos/projetos/airflow-data/venv/lib/python3.8/site-packages/airflow/example_dags/example_xcom.py
[2022-10-11T20:31:54.943-0500] {logging_mixin.py:117} INFO - [2022-10-11T20:31:54.943-0500] {dag.py:2573} INFO - Sync 1 DAGs
[2022-10-11T20:31:54.957-0500] {logging_mixin.py:117} INFO - [2022-10-11T20:31:54.957-0500] {dag.py:3324} INFO - Setting next_dagrun for example_xcom to 2021-01-01T00:00:00+00:00, run_after=2021-01-01T00:00:00+00:00
[2022-10-11T20:31:54.978-0500] {processor.py:178} INFO - Processing /home/gabsiston/Documentos/projetos/airflow-data/venv/lib/python3.8/site-packages/airflow/example_dags/example_xcom.py took 0.093 seconds
[2022-10-11T20:32:32.679-0500] {processor.py:156} INFO - Started process (PID=11565) to work on /home/gabsiston/Documentos/projetos/airflow-data/venv/lib/python3.8/site-packages/airflow/example_dags/example_xcom.py
[2022-10-11T20:32:32.681-0500] {processor.py:758} INFO - Processing file /home/gabsiston/Documentos/projetos/airflow-data/venv/lib/python3.8/site-packages/airflow/example_dags/example_xcom.py for tasks to queue
[2022-10-11T20:32:32.682-0500] {logging_mixin.py:117} INFO - [2022-10-11T20:32:32.681-0500] {dagbag.py:525} INFO - Filling up the DagBag from /home/gabsiston/Documentos/projetos/airflow-data/venv/lib/python3.8/site-packages/airflow/example_dags/example_xcom.py
[2022-10-11T20:32:32.704-0500] {processor.py:768} INFO - DAG(s) dict_keys(['example_xcom']) retrieved from /home/gabsiston/Documentos/projetos/airflow-data/venv/lib/python3.8/site-packages/airflow/example_dags/example_xcom.py
[2022-10-11T20:32:32.724-0500] {logging_mixin.py:117} INFO - [2022-10-11T20:32:32.723-0500] {dag.py:2573} INFO - Sync 1 DAGs
[2022-10-11T20:32:32.740-0500] {logging_mixin.py:117} INFO - [2022-10-11T20:32:32.740-0500] {dag.py:3324} INFO - Setting next_dagrun for example_xcom to 2021-01-01T00:00:00+00:00, run_after=2021-01-01T00:00:00+00:00
[2022-10-11T20:32:32.761-0500] {processor.py:178} INFO - Processing /home/gabsiston/Documentos/projetos/airflow-data/venv/lib/python3.8/site-packages/airflow/example_dags/example_xcom.py took 0.085 seconds
[2022-10-11T20:33:09.482-0500] {processor.py:156} INFO - Started process (PID=12042) to work on /home/gabsiston/Documentos/projetos/airflow-data/venv/lib/python3.8/site-packages/airflow/example_dags/example_xcom.py
[2022-10-11T20:33:09.485-0500] {processor.py:758} INFO - Processing file /home/gabsiston/Documentos/projetos/airflow-data/venv/lib/python3.8/site-packages/airflow/example_dags/example_xcom.py for tasks to queue
[2022-10-11T20:33:09.487-0500] {logging_mixin.py:117} INFO - [2022-10-11T20:33:09.487-0500] {dagbag.py:525} INFO - Filling up the DagBag from /home/gabsiston/Documentos/projetos/airflow-data/venv/lib/python3.8/site-packages/airflow/example_dags/example_xcom.py
[2022-10-11T20:33:09.528-0500] {processor.py:768} INFO - DAG(s) dict_keys(['example_xcom']) retrieved from /home/gabsiston/Documentos/projetos/airflow-data/venv/lib/python3.8/site-packages/airflow/example_dags/example_xcom.py
[2022-10-11T20:33:09.549-0500] {logging_mixin.py:117} INFO - [2022-10-11T20:33:09.548-0500] {dag.py:2573} INFO - Sync 1 DAGs
[2022-10-11T20:33:09.565-0500] {logging_mixin.py:117} INFO - [2022-10-11T20:33:09.565-0500] {dag.py:3324} INFO - Setting next_dagrun for example_xcom to 2021-01-01T00:00:00+00:00, run_after=2021-01-01T00:00:00+00:00
[2022-10-11T20:33:09.585-0500] {processor.py:178} INFO - Processing /home/gabsiston/Documentos/projetos/airflow-data/venv/lib/python3.8/site-packages/airflow/example_dags/example_xcom.py took 0.106 seconds
[2022-10-11T20:33:49.109-0500] {processor.py:156} INFO - Started process (PID=12256) to work on /home/gabsiston/Documentos/projetos/airflow-data/venv/lib/python3.8/site-packages/airflow/example_dags/example_xcom.py
[2022-10-11T20:33:49.112-0500] {processor.py:758} INFO - Processing file /home/gabsiston/Documentos/projetos/airflow-data/venv/lib/python3.8/site-packages/airflow/example_dags/example_xcom.py for tasks to queue
[2022-10-11T20:33:49.112-0500] {logging_mixin.py:117} INFO - [2022-10-11T20:33:49.112-0500] {dagbag.py:525} INFO - Filling up the DagBag from /home/gabsiston/Documentos/projetos/airflow-data/venv/lib/python3.8/site-packages/airflow/example_dags/example_xcom.py
[2022-10-11T20:33:49.136-0500] {processor.py:768} INFO - DAG(s) dict_keys(['example_xcom']) retrieved from /home/gabsiston/Documentos/projetos/airflow-data/venv/lib/python3.8/site-packages/airflow/example_dags/example_xcom.py
[2022-10-11T20:33:49.156-0500] {logging_mixin.py:117} INFO - [2022-10-11T20:33:49.156-0500] {dag.py:2573} INFO - Sync 1 DAGs
[2022-10-11T20:33:49.172-0500] {logging_mixin.py:117} INFO - [2022-10-11T20:33:49.171-0500] {dag.py:3324} INFO - Setting next_dagrun for example_xcom to 2021-01-01T00:00:00+00:00, run_after=2021-01-01T00:00:00+00:00
[2022-10-11T20:33:49.200-0500] {processor.py:178} INFO - Processing /home/gabsiston/Documentos/projetos/airflow-data/venv/lib/python3.8/site-packages/airflow/example_dags/example_xcom.py took 0.094 seconds
[2022-10-11T20:34:25.426-0500] {processor.py:156} INFO - Started process (PID=12439) to work on /home/gabsiston/Documentos/projetos/airflow-data/venv/lib/python3.8/site-packages/airflow/example_dags/example_xcom.py
[2022-10-11T20:34:25.429-0500] {processor.py:758} INFO - Processing file /home/gabsiston/Documentos/projetos/airflow-data/venv/lib/python3.8/site-packages/airflow/example_dags/example_xcom.py for tasks to queue
[2022-10-11T20:34:25.431-0500] {logging_mixin.py:117} INFO - [2022-10-11T20:34:25.430-0500] {dagbag.py:525} INFO - Filling up the DagBag from /home/gabsiston/Documentos/projetos/airflow-data/venv/lib/python3.8/site-packages/airflow/example_dags/example_xcom.py
[2022-10-11T20:34:25.476-0500] {processor.py:768} INFO - DAG(s) dict_keys(['example_xcom']) retrieved from /home/gabsiston/Documentos/projetos/airflow-data/venv/lib/python3.8/site-packages/airflow/example_dags/example_xcom.py
[2022-10-11T20:34:25.496-0500] {logging_mixin.py:117} INFO - [2022-10-11T20:34:25.495-0500] {dag.py:2573} INFO - Sync 1 DAGs
[2022-10-11T20:34:25.511-0500] {logging_mixin.py:117} INFO - [2022-10-11T20:34:25.511-0500] {dag.py:3324} INFO - Setting next_dagrun for example_xcom to 2021-01-01T00:00:00+00:00, run_after=2021-01-01T00:00:00+00:00
[2022-10-11T20:34:25.533-0500] {processor.py:178} INFO - Processing /home/gabsiston/Documentos/projetos/airflow-data/venv/lib/python3.8/site-packages/airflow/example_dags/example_xcom.py took 0.109 seconds
[2022-10-11T20:35:06.466-0500] {processor.py:156} INFO - Started process (PID=12661) to work on /home/gabsiston/Documentos/projetos/airflow-data/venv/lib/python3.8/site-packages/airflow/example_dags/example_xcom.py
[2022-10-11T20:35:06.468-0500] {processor.py:758} INFO - Processing file /home/gabsiston/Documentos/projetos/airflow-data/venv/lib/python3.8/site-packages/airflow/example_dags/example_xcom.py for tasks to queue
[2022-10-11T20:35:06.468-0500] {logging_mixin.py:117} INFO - [2022-10-11T20:35:06.468-0500] {dagbag.py:525} INFO - Filling up the DagBag from /home/gabsiston/Documentos/projetos/airflow-data/venv/lib/python3.8/site-packages/airflow/example_dags/example_xcom.py
[2022-10-11T20:35:06.489-0500] {processor.py:768} INFO - DAG(s) dict_keys(['example_xcom']) retrieved from /home/gabsiston/Documentos/projetos/airflow-data/venv/lib/python3.8/site-packages/airflow/example_dags/example_xcom.py
[2022-10-11T20:35:06.507-0500] {logging_mixin.py:117} INFO - [2022-10-11T20:35:06.507-0500] {dag.py:2573} INFO - Sync 1 DAGs
[2022-10-11T20:35:06.522-0500] {logging_mixin.py:117} INFO - [2022-10-11T20:35:06.522-0500] {dag.py:3324} INFO - Setting next_dagrun for example_xcom to 2021-01-01T00:00:00+00:00, run_after=2021-01-01T00:00:00+00:00
[2022-10-11T20:35:06.541-0500] {processor.py:178} INFO - Processing /home/gabsiston/Documentos/projetos/airflow-data/venv/lib/python3.8/site-packages/airflow/example_dags/example_xcom.py took 0.078 seconds
[2022-10-11T20:35:46.453-0500] {processor.py:156} INFO - Started process (PID=12926) to work on /home/gabsiston/Documentos/projetos/airflow-data/venv/lib/python3.8/site-packages/airflow/example_dags/example_xcom.py
[2022-10-11T20:35:46.455-0500] {processor.py:758} INFO - Processing file /home/gabsiston/Documentos/projetos/airflow-data/venv/lib/python3.8/site-packages/airflow/example_dags/example_xcom.py for tasks to queue
[2022-10-11T20:35:46.456-0500] {logging_mixin.py:117} INFO - [2022-10-11T20:35:46.456-0500] {dagbag.py:525} INFO - Filling up the DagBag from /home/gabsiston/Documentos/projetos/airflow-data/venv/lib/python3.8/site-packages/airflow/example_dags/example_xcom.py
[2022-10-11T20:35:46.479-0500] {processor.py:768} INFO - DAG(s) dict_keys(['example_xcom']) retrieved from /home/gabsiston/Documentos/projetos/airflow-data/venv/lib/python3.8/site-packages/airflow/example_dags/example_xcom.py
[2022-10-11T20:35:46.499-0500] {logging_mixin.py:117} INFO - [2022-10-11T20:35:46.499-0500] {dag.py:2573} INFO - Sync 1 DAGs
[2022-10-11T20:35:46.515-0500] {logging_mixin.py:117} INFO - [2022-10-11T20:35:46.515-0500] {dag.py:3324} INFO - Setting next_dagrun for example_xcom to 2021-01-01T00:00:00+00:00, run_after=2021-01-01T00:00:00+00:00
[2022-10-11T20:35:46.536-0500] {processor.py:178} INFO - Processing /home/gabsiston/Documentos/projetos/airflow-data/venv/lib/python3.8/site-packages/airflow/example_dags/example_xcom.py took 0.086 seconds
[2022-10-11T20:36:24.515-0500] {processor.py:156} INFO - Started process (PID=13305) to work on /home/gabsiston/Documentos/projetos/airflow-data/venv/lib/python3.8/site-packages/airflow/example_dags/example_xcom.py
[2022-10-11T20:36:24.518-0500] {processor.py:758} INFO - Processing file /home/gabsiston/Documentos/projetos/airflow-data/venv/lib/python3.8/site-packages/airflow/example_dags/example_xcom.py for tasks to queue
[2022-10-11T20:36:24.519-0500] {logging_mixin.py:117} INFO - [2022-10-11T20:36:24.519-0500] {dagbag.py:525} INFO - Filling up the DagBag from /home/gabsiston/Documentos/projetos/airflow-data/venv/lib/python3.8/site-packages/airflow/example_dags/example_xcom.py
[2022-10-11T20:36:24.548-0500] {processor.py:768} INFO - DAG(s) dict_keys(['example_xcom']) retrieved from /home/gabsiston/Documentos/projetos/airflow-data/venv/lib/python3.8/site-packages/airflow/example_dags/example_xcom.py
[2022-10-11T20:36:24.570-0500] {logging_mixin.py:117} INFO - [2022-10-11T20:36:24.569-0500] {dag.py:2573} INFO - Sync 1 DAGs
[2022-10-11T20:36:24.589-0500] {logging_mixin.py:117} INFO - [2022-10-11T20:36:24.588-0500] {dag.py:3324} INFO - Setting next_dagrun for example_xcom to 2021-01-01T00:00:00+00:00, run_after=2021-01-01T00:00:00+00:00
[2022-10-11T20:36:24.610-0500] {processor.py:178} INFO - Processing /home/gabsiston/Documentos/projetos/airflow-data/venv/lib/python3.8/site-packages/airflow/example_dags/example_xcom.py took 0.104 seconds
[2022-10-11T20:37:06.928-0500] {processor.py:156} INFO - Started process (PID=13569) to work on /home/gabsiston/Documentos/projetos/airflow-data/venv/lib/python3.8/site-packages/airflow/example_dags/example_xcom.py
[2022-10-11T20:37:06.928-0500] {processor.py:758} INFO - Processing file /home/gabsiston/Documentos/projetos/airflow-data/venv/lib/python3.8/site-packages/airflow/example_dags/example_xcom.py for tasks to queue
[2022-10-11T20:37:06.929-0500] {logging_mixin.py:117} INFO - [2022-10-11T20:37:06.929-0500] {dagbag.py:525} INFO - Filling up the DagBag from /home/gabsiston/Documentos/projetos/airflow-data/venv/lib/python3.8/site-packages/airflow/example_dags/example_xcom.py
[2022-10-11T20:37:06.946-0500] {processor.py:768} INFO - DAG(s) dict_keys(['example_xcom']) retrieved from /home/gabsiston/Documentos/projetos/airflow-data/venv/lib/python3.8/site-packages/airflow/example_dags/example_xcom.py
[2022-10-11T20:37:06.964-0500] {logging_mixin.py:117} INFO - [2022-10-11T20:37:06.964-0500] {dag.py:2573} INFO - Sync 1 DAGs
[2022-10-11T20:37:06.978-0500] {logging_mixin.py:117} INFO - [2022-10-11T20:37:06.978-0500] {dag.py:3324} INFO - Setting next_dagrun for example_xcom to 2021-01-01T00:00:00+00:00, run_after=2021-01-01T00:00:00+00:00
[2022-10-11T20:37:07.007-0500] {processor.py:178} INFO - Processing /home/gabsiston/Documentos/projetos/airflow-data/venv/lib/python3.8/site-packages/airflow/example_dags/example_xcom.py took 0.081 seconds
