[2022-10-11T20:25:32.688-0500] {processor.py:156} INFO - Started process (PID=7887) to work on /home/gabsiston/Documentos/projetos/airflow-data/venv/lib/python3.8/site-packages/airflow/example_dags/example_nested_branch_dag.py
[2022-10-11T20:25:32.689-0500] {processor.py:758} INFO - Processing file /home/gabsiston/Documentos/projetos/airflow-data/venv/lib/python3.8/site-packages/airflow/example_dags/example_nested_branch_dag.py for tasks to queue
[2022-10-11T20:25:32.690-0500] {logging_mixin.py:117} INFO - [2022-10-11T20:25:32.689-0500] {dagbag.py:525} INFO - Filling up the DagBag from /home/gabsiston/Documentos/projetos/airflow-data/venv/lib/python3.8/site-packages/airflow/example_dags/example_nested_branch_dag.py
[2022-10-11T20:25:32.708-0500] {processor.py:768} INFO - DAG(s) dict_keys(['example_nested_branch_dag']) retrieved from /home/gabsiston/Documentos/projetos/airflow-data/venv/lib/python3.8/site-packages/airflow/example_dags/example_nested_branch_dag.py
[2022-10-11T20:25:32.797-0500] {logging_mixin.py:117} INFO - [2022-10-11T20:25:32.797-0500] {manager.py:507} INFO - Created Permission View: can read on DAG:example_nested_branch_dag
[2022-10-11T20:25:32.809-0500] {logging_mixin.py:117} INFO - [2022-10-11T20:25:32.809-0500] {manager.py:507} INFO - Created Permission View: can edit on DAG:example_nested_branch_dag
[2022-10-11T20:25:32.820-0500] {logging_mixin.py:117} INFO - [2022-10-11T20:25:32.820-0500] {manager.py:507} INFO - Created Permission View: can delete on DAG:example_nested_branch_dag
[2022-10-11T20:25:32.820-0500] {logging_mixin.py:117} INFO - [2022-10-11T20:25:32.820-0500] {dag.py:2573} INFO - Sync 1 DAGs
[2022-10-11T20:25:32.828-0500] {logging_mixin.py:117} INFO - [2022-10-11T20:25:32.828-0500] {dag.py:2594} INFO - Creating ORM DAG for example_nested_branch_dag
[2022-10-11T20:25:32.836-0500] {logging_mixin.py:117} INFO - [2022-10-11T20:25:32.836-0500] {dag.py:3324} INFO - Setting next_dagrun for example_nested_branch_dag to 2022-10-11T00:00:00+00:00, run_after=2022-10-12T00:00:00+00:00
[2022-10-11T20:25:32.856-0500] {processor.py:178} INFO - Processing /home/gabsiston/Documentos/projetos/airflow-data/venv/lib/python3.8/site-packages/airflow/example_dags/example_nested_branch_dag.py took 0.169 seconds
[2022-10-11T20:26:12.671-0500] {processor.py:156} INFO - Started process (PID=8336) to work on /home/gabsiston/Documentos/projetos/airflow-data/venv/lib/python3.8/site-packages/airflow/example_dags/example_nested_branch_dag.py
[2022-10-11T20:26:12.673-0500] {processor.py:758} INFO - Processing file /home/gabsiston/Documentos/projetos/airflow-data/venv/lib/python3.8/site-packages/airflow/example_dags/example_nested_branch_dag.py for tasks to queue
[2022-10-11T20:26:12.673-0500] {logging_mixin.py:117} INFO - [2022-10-11T20:26:12.673-0500] {dagbag.py:525} INFO - Filling up the DagBag from /home/gabsiston/Documentos/projetos/airflow-data/venv/lib/python3.8/site-packages/airflow/example_dags/example_nested_branch_dag.py
[2022-10-11T20:26:12.692-0500] {processor.py:768} INFO - DAG(s) dict_keys(['example_nested_branch_dag']) retrieved from /home/gabsiston/Documentos/projetos/airflow-data/venv/lib/python3.8/site-packages/airflow/example_dags/example_nested_branch_dag.py
[2022-10-11T20:26:12.711-0500] {logging_mixin.py:117} INFO - [2022-10-11T20:26:12.711-0500] {dag.py:2573} INFO - Sync 1 DAGs
[2022-10-11T20:26:12.728-0500] {logging_mixin.py:117} INFO - [2022-10-11T20:26:12.728-0500] {dag.py:3324} INFO - Setting next_dagrun for example_nested_branch_dag to 2022-10-11T00:00:00+00:00, run_after=2022-10-12T00:00:00+00:00
[2022-10-11T20:26:12.750-0500] {processor.py:178} INFO - Processing /home/gabsiston/Documentos/projetos/airflow-data/venv/lib/python3.8/site-packages/airflow/example_dags/example_nested_branch_dag.py took 0.081 seconds
[2022-10-11T20:26:47.889-0500] {processor.py:156} INFO - Started process (PID=8801) to work on /home/gabsiston/Documentos/projetos/airflow-data/venv/lib/python3.8/site-packages/airflow/example_dags/example_nested_branch_dag.py
[2022-10-11T20:26:47.891-0500] {processor.py:758} INFO - Processing file /home/gabsiston/Documentos/projetos/airflow-data/venv/lib/python3.8/site-packages/airflow/example_dags/example_nested_branch_dag.py for tasks to queue
[2022-10-11T20:26:47.892-0500] {logging_mixin.py:117} INFO - [2022-10-11T20:26:47.892-0500] {dagbag.py:525} INFO - Filling up the DagBag from /home/gabsiston/Documentos/projetos/airflow-data/venv/lib/python3.8/site-packages/airflow/example_dags/example_nested_branch_dag.py
[2022-10-11T20:26:47.913-0500] {processor.py:768} INFO - DAG(s) dict_keys(['example_nested_branch_dag']) retrieved from /home/gabsiston/Documentos/projetos/airflow-data/venv/lib/python3.8/site-packages/airflow/example_dags/example_nested_branch_dag.py
[2022-10-11T20:26:47.935-0500] {logging_mixin.py:117} INFO - [2022-10-11T20:26:47.935-0500] {dag.py:2573} INFO - Sync 1 DAGs
[2022-10-11T20:26:47.953-0500] {logging_mixin.py:117} INFO - [2022-10-11T20:26:47.953-0500] {dag.py:3324} INFO - Setting next_dagrun for example_nested_branch_dag to 2022-10-11T00:00:00+00:00, run_after=2022-10-12T00:00:00+00:00
[2022-10-11T20:26:47.975-0500] {processor.py:178} INFO - Processing /home/gabsiston/Documentos/projetos/airflow-data/venv/lib/python3.8/site-packages/airflow/example_dags/example_nested_branch_dag.py took 0.088 seconds
[2022-10-11T20:27:22.624-0500] {processor.py:156} INFO - Started process (PID=9421) to work on /home/gabsiston/Documentos/projetos/airflow-data/venv/lib/python3.8/site-packages/airflow/example_dags/example_nested_branch_dag.py
[2022-10-11T20:27:22.625-0500] {processor.py:758} INFO - Processing file /home/gabsiston/Documentos/projetos/airflow-data/venv/lib/python3.8/site-packages/airflow/example_dags/example_nested_branch_dag.py for tasks to queue
[2022-10-11T20:27:22.626-0500] {logging_mixin.py:117} INFO - [2022-10-11T20:27:22.626-0500] {dagbag.py:525} INFO - Filling up the DagBag from /home/gabsiston/Documentos/projetos/airflow-data/venv/lib/python3.8/site-packages/airflow/example_dags/example_nested_branch_dag.py
[2022-10-11T20:27:22.647-0500] {processor.py:768} INFO - DAG(s) dict_keys(['example_nested_branch_dag']) retrieved from /home/gabsiston/Documentos/projetos/airflow-data/venv/lib/python3.8/site-packages/airflow/example_dags/example_nested_branch_dag.py
[2022-10-11T20:27:22.666-0500] {logging_mixin.py:117} INFO - [2022-10-11T20:27:22.666-0500] {dag.py:2573} INFO - Sync 1 DAGs
[2022-10-11T20:27:22.683-0500] {logging_mixin.py:117} INFO - [2022-10-11T20:27:22.683-0500] {dag.py:3324} INFO - Setting next_dagrun for example_nested_branch_dag to 2022-10-11T00:00:00+00:00, run_after=2022-10-12T00:00:00+00:00
[2022-10-11T20:27:22.710-0500] {processor.py:178} INFO - Processing /home/gabsiston/Documentos/projetos/airflow-data/venv/lib/python3.8/site-packages/airflow/example_dags/example_nested_branch_dag.py took 0.089 seconds
[2022-10-11T20:27:59.017-0500] {processor.py:156} INFO - Started process (PID=9616) to work on /home/gabsiston/Documentos/projetos/airflow-data/venv/lib/python3.8/site-packages/airflow/example_dags/example_nested_branch_dag.py
[2022-10-11T20:27:59.018-0500] {processor.py:758} INFO - Processing file /home/gabsiston/Documentos/projetos/airflow-data/venv/lib/python3.8/site-packages/airflow/example_dags/example_nested_branch_dag.py for tasks to queue
[2022-10-11T20:27:59.018-0500] {logging_mixin.py:117} INFO - [2022-10-11T20:27:59.018-0500] {dagbag.py:525} INFO - Filling up the DagBag from /home/gabsiston/Documentos/projetos/airflow-data/venv/lib/python3.8/site-packages/airflow/example_dags/example_nested_branch_dag.py
[2022-10-11T20:27:59.042-0500] {processor.py:768} INFO - DAG(s) dict_keys(['example_nested_branch_dag']) retrieved from /home/gabsiston/Documentos/projetos/airflow-data/venv/lib/python3.8/site-packages/airflow/example_dags/example_nested_branch_dag.py
[2022-10-11T20:27:59.061-0500] {logging_mixin.py:117} INFO - [2022-10-11T20:27:59.061-0500] {dag.py:2573} INFO - Sync 1 DAGs
[2022-10-11T20:27:59.079-0500] {logging_mixin.py:117} INFO - [2022-10-11T20:27:59.079-0500] {dag.py:3324} INFO - Setting next_dagrun for example_nested_branch_dag to 2022-10-11T00:00:00+00:00, run_after=2022-10-12T00:00:00+00:00
[2022-10-11T20:27:59.100-0500] {processor.py:178} INFO - Processing /home/gabsiston/Documentos/projetos/airflow-data/venv/lib/python3.8/site-packages/airflow/example_dags/example_nested_branch_dag.py took 0.085 seconds
[2022-10-11T20:28:36.156-0500] {processor.py:156} INFO - Started process (PID=9977) to work on /home/gabsiston/Documentos/projetos/airflow-data/venv/lib/python3.8/site-packages/airflow/example_dags/example_nested_branch_dag.py
[2022-10-11T20:28:36.158-0500] {processor.py:758} INFO - Processing file /home/gabsiston/Documentos/projetos/airflow-data/venv/lib/python3.8/site-packages/airflow/example_dags/example_nested_branch_dag.py for tasks to queue
[2022-10-11T20:28:36.159-0500] {logging_mixin.py:117} INFO - [2022-10-11T20:28:36.159-0500] {dagbag.py:525} INFO - Filling up the DagBag from /home/gabsiston/Documentos/projetos/airflow-data/venv/lib/python3.8/site-packages/airflow/example_dags/example_nested_branch_dag.py
[2022-10-11T20:28:36.181-0500] {processor.py:768} INFO - DAG(s) dict_keys(['example_nested_branch_dag']) retrieved from /home/gabsiston/Documentos/projetos/airflow-data/venv/lib/python3.8/site-packages/airflow/example_dags/example_nested_branch_dag.py
[2022-10-11T20:28:36.200-0500] {logging_mixin.py:117} INFO - [2022-10-11T20:28:36.200-0500] {dag.py:2573} INFO - Sync 1 DAGs
[2022-10-11T20:28:36.221-0500] {logging_mixin.py:117} INFO - [2022-10-11T20:28:36.221-0500] {dag.py:3324} INFO - Setting next_dagrun for example_nested_branch_dag to 2022-10-11T00:00:00+00:00, run_after=2022-10-12T00:00:00+00:00
[2022-10-11T20:28:36.252-0500] {processor.py:178} INFO - Processing /home/gabsiston/Documentos/projetos/airflow-data/venv/lib/python3.8/site-packages/airflow/example_dags/example_nested_branch_dag.py took 0.099 seconds
[2022-10-11T20:29:13.854-0500] {processor.py:156} INFO - Started process (PID=10238) to work on /home/gabsiston/Documentos/projetos/airflow-data/venv/lib/python3.8/site-packages/airflow/example_dags/example_nested_branch_dag.py
[2022-10-11T20:29:13.856-0500] {processor.py:758} INFO - Processing file /home/gabsiston/Documentos/projetos/airflow-data/venv/lib/python3.8/site-packages/airflow/example_dags/example_nested_branch_dag.py for tasks to queue
[2022-10-11T20:29:13.857-0500] {logging_mixin.py:117} INFO - [2022-10-11T20:29:13.857-0500] {dagbag.py:525} INFO - Filling up the DagBag from /home/gabsiston/Documentos/projetos/airflow-data/venv/lib/python3.8/site-packages/airflow/example_dags/example_nested_branch_dag.py
[2022-10-11T20:29:13.891-0500] {processor.py:768} INFO - DAG(s) dict_keys(['example_nested_branch_dag']) retrieved from /home/gabsiston/Documentos/projetos/airflow-data/venv/lib/python3.8/site-packages/airflow/example_dags/example_nested_branch_dag.py
[2022-10-11T20:29:13.910-0500] {logging_mixin.py:117} INFO - [2022-10-11T20:29:13.910-0500] {dag.py:2573} INFO - Sync 1 DAGs
[2022-10-11T20:29:13.927-0500] {logging_mixin.py:117} INFO - [2022-10-11T20:29:13.927-0500] {dag.py:3324} INFO - Setting next_dagrun for example_nested_branch_dag to 2022-10-11T00:00:00+00:00, run_after=2022-10-12T00:00:00+00:00
[2022-10-11T20:29:13.948-0500] {processor.py:178} INFO - Processing /home/gabsiston/Documentos/projetos/airflow-data/venv/lib/python3.8/site-packages/airflow/example_dags/example_nested_branch_dag.py took 0.097 seconds
[2022-10-11T20:29:51.066-0500] {processor.py:156} INFO - Started process (PID=10427) to work on /home/gabsiston/Documentos/projetos/airflow-data/venv/lib/python3.8/site-packages/airflow/example_dags/example_nested_branch_dag.py
[2022-10-11T20:29:51.070-0500] {processor.py:758} INFO - Processing file /home/gabsiston/Documentos/projetos/airflow-data/venv/lib/python3.8/site-packages/airflow/example_dags/example_nested_branch_dag.py for tasks to queue
[2022-10-11T20:29:51.072-0500] {logging_mixin.py:117} INFO - [2022-10-11T20:29:51.071-0500] {dagbag.py:525} INFO - Filling up the DagBag from /home/gabsiston/Documentos/projetos/airflow-data/venv/lib/python3.8/site-packages/airflow/example_dags/example_nested_branch_dag.py
[2022-10-11T20:29:51.100-0500] {processor.py:768} INFO - DAG(s) dict_keys(['example_nested_branch_dag']) retrieved from /home/gabsiston/Documentos/projetos/airflow-data/venv/lib/python3.8/site-packages/airflow/example_dags/example_nested_branch_dag.py
[2022-10-11T20:29:51.121-0500] {logging_mixin.py:117} INFO - [2022-10-11T20:29:51.121-0500] {dag.py:2573} INFO - Sync 1 DAGs
[2022-10-11T20:29:51.138-0500] {logging_mixin.py:117} INFO - [2022-10-11T20:29:51.138-0500] {dag.py:3324} INFO - Setting next_dagrun for example_nested_branch_dag to 2022-10-11T00:00:00+00:00, run_after=2022-10-12T00:00:00+00:00
[2022-10-11T20:29:51.159-0500] {processor.py:178} INFO - Processing /home/gabsiston/Documentos/projetos/airflow-data/venv/lib/python3.8/site-packages/airflow/example_dags/example_nested_branch_dag.py took 0.101 seconds
[2022-10-11T20:30:31.698-0500] {processor.py:156} INFO - Started process (PID=10695) to work on /home/gabsiston/Documentos/projetos/airflow-data/venv/lib/python3.8/site-packages/airflow/example_dags/example_nested_branch_dag.py
[2022-10-11T20:30:31.700-0500] {processor.py:758} INFO - Processing file /home/gabsiston/Documentos/projetos/airflow-data/venv/lib/python3.8/site-packages/airflow/example_dags/example_nested_branch_dag.py for tasks to queue
[2022-10-11T20:30:31.701-0500] {logging_mixin.py:117} INFO - [2022-10-11T20:30:31.701-0500] {dagbag.py:525} INFO - Filling up the DagBag from /home/gabsiston/Documentos/projetos/airflow-data/venv/lib/python3.8/site-packages/airflow/example_dags/example_nested_branch_dag.py
[2022-10-11T20:30:31.726-0500] {processor.py:768} INFO - DAG(s) dict_keys(['example_nested_branch_dag']) retrieved from /home/gabsiston/Documentos/projetos/airflow-data/venv/lib/python3.8/site-packages/airflow/example_dags/example_nested_branch_dag.py
[2022-10-11T20:30:31.747-0500] {logging_mixin.py:117} INFO - [2022-10-11T20:30:31.747-0500] {dag.py:2573} INFO - Sync 1 DAGs
[2022-10-11T20:30:31.764-0500] {logging_mixin.py:117} INFO - [2022-10-11T20:30:31.763-0500] {dag.py:3324} INFO - Setting next_dagrun for example_nested_branch_dag to 2022-10-11T00:00:00+00:00, run_after=2022-10-12T00:00:00+00:00
[2022-10-11T20:30:31.785-0500] {processor.py:178} INFO - Processing /home/gabsiston/Documentos/projetos/airflow-data/venv/lib/python3.8/site-packages/airflow/example_dags/example_nested_branch_dag.py took 0.090 seconds
[2022-10-11T20:31:06.958-0500] {processor.py:156} INFO - Started process (PID=10902) to work on /home/gabsiston/Documentos/projetos/airflow-data/venv/lib/python3.8/site-packages/airflow/example_dags/example_nested_branch_dag.py
[2022-10-11T20:31:06.959-0500] {processor.py:758} INFO - Processing file /home/gabsiston/Documentos/projetos/airflow-data/venv/lib/python3.8/site-packages/airflow/example_dags/example_nested_branch_dag.py for tasks to queue
[2022-10-11T20:31:06.960-0500] {logging_mixin.py:117} INFO - [2022-10-11T20:31:06.960-0500] {dagbag.py:525} INFO - Filling up the DagBag from /home/gabsiston/Documentos/projetos/airflow-data/venv/lib/python3.8/site-packages/airflow/example_dags/example_nested_branch_dag.py
[2022-10-11T20:31:06.993-0500] {processor.py:768} INFO - DAG(s) dict_keys(['example_nested_branch_dag']) retrieved from /home/gabsiston/Documentos/projetos/airflow-data/venv/lib/python3.8/site-packages/airflow/example_dags/example_nested_branch_dag.py
[2022-10-11T20:31:07.016-0500] {logging_mixin.py:117} INFO - [2022-10-11T20:31:07.016-0500] {dag.py:2573} INFO - Sync 1 DAGs
[2022-10-11T20:31:07.034-0500] {logging_mixin.py:117} INFO - [2022-10-11T20:31:07.034-0500] {dag.py:3324} INFO - Setting next_dagrun for example_nested_branch_dag to 2022-10-11T00:00:00+00:00, run_after=2022-10-12T00:00:00+00:00
[2022-10-11T20:31:07.056-0500] {processor.py:178} INFO - Processing /home/gabsiston/Documentos/projetos/airflow-data/venv/lib/python3.8/site-packages/airflow/example_dags/example_nested_branch_dag.py took 0.102 seconds
[2022-10-11T20:31:46.053-0500] {processor.py:156} INFO - Started process (PID=11293) to work on /home/gabsiston/Documentos/projetos/airflow-data/venv/lib/python3.8/site-packages/airflow/example_dags/example_nested_branch_dag.py
[2022-10-11T20:31:46.055-0500] {processor.py:758} INFO - Processing file /home/gabsiston/Documentos/projetos/airflow-data/venv/lib/python3.8/site-packages/airflow/example_dags/example_nested_branch_dag.py for tasks to queue
[2022-10-11T20:31:46.056-0500] {logging_mixin.py:117} INFO - [2022-10-11T20:31:46.056-0500] {dagbag.py:525} INFO - Filling up the DagBag from /home/gabsiston/Documentos/projetos/airflow-data/venv/lib/python3.8/site-packages/airflow/example_dags/example_nested_branch_dag.py
[2022-10-11T20:31:46.081-0500] {processor.py:768} INFO - DAG(s) dict_keys(['example_nested_branch_dag']) retrieved from /home/gabsiston/Documentos/projetos/airflow-data/venv/lib/python3.8/site-packages/airflow/example_dags/example_nested_branch_dag.py
[2022-10-11T20:31:46.101-0500] {logging_mixin.py:117} INFO - [2022-10-11T20:31:46.101-0500] {dag.py:2573} INFO - Sync 1 DAGs
[2022-10-11T20:31:46.118-0500] {logging_mixin.py:117} INFO - [2022-10-11T20:31:46.118-0500] {dag.py:3324} INFO - Setting next_dagrun for example_nested_branch_dag to 2022-10-11T00:00:00+00:00, run_after=2022-10-12T00:00:00+00:00
[2022-10-11T20:31:46.141-0500] {processor.py:178} INFO - Processing /home/gabsiston/Documentos/projetos/airflow-data/venv/lib/python3.8/site-packages/airflow/example_dags/example_nested_branch_dag.py took 0.091 seconds
[2022-10-11T20:32:24.295-0500] {processor.py:156} INFO - Started process (PID=11496) to work on /home/gabsiston/Documentos/projetos/airflow-data/venv/lib/python3.8/site-packages/airflow/example_dags/example_nested_branch_dag.py
[2022-10-11T20:32:24.299-0500] {processor.py:758} INFO - Processing file /home/gabsiston/Documentos/projetos/airflow-data/venv/lib/python3.8/site-packages/airflow/example_dags/example_nested_branch_dag.py for tasks to queue
[2022-10-11T20:32:24.300-0500] {logging_mixin.py:117} INFO - [2022-10-11T20:32:24.300-0500] {dagbag.py:525} INFO - Filling up the DagBag from /home/gabsiston/Documentos/projetos/airflow-data/venv/lib/python3.8/site-packages/airflow/example_dags/example_nested_branch_dag.py
[2022-10-11T20:32:24.335-0500] {processor.py:768} INFO - DAG(s) dict_keys(['example_nested_branch_dag']) retrieved from /home/gabsiston/Documentos/projetos/airflow-data/venv/lib/python3.8/site-packages/airflow/example_dags/example_nested_branch_dag.py
[2022-10-11T20:32:24.354-0500] {logging_mixin.py:117} INFO - [2022-10-11T20:32:24.354-0500] {dag.py:2573} INFO - Sync 1 DAGs
[2022-10-11T20:32:24.371-0500] {logging_mixin.py:117} INFO - [2022-10-11T20:32:24.371-0500] {dag.py:3324} INFO - Setting next_dagrun for example_nested_branch_dag to 2022-10-11T00:00:00+00:00, run_after=2022-10-12T00:00:00+00:00
[2022-10-11T20:32:24.393-0500] {processor.py:178} INFO - Processing /home/gabsiston/Documentos/projetos/airflow-data/venv/lib/python3.8/site-packages/airflow/example_dags/example_nested_branch_dag.py took 0.105 seconds
[2022-10-11T20:32:59.865-0500] {processor.py:156} INFO - Started process (PID=11991) to work on /home/gabsiston/Documentos/projetos/airflow-data/venv/lib/python3.8/site-packages/airflow/example_dags/example_nested_branch_dag.py
[2022-10-11T20:32:59.865-0500] {processor.py:758} INFO - Processing file /home/gabsiston/Documentos/projetos/airflow-data/venv/lib/python3.8/site-packages/airflow/example_dags/example_nested_branch_dag.py for tasks to queue
[2022-10-11T20:32:59.866-0500] {logging_mixin.py:117} INFO - [2022-10-11T20:32:59.865-0500] {dagbag.py:525} INFO - Filling up the DagBag from /home/gabsiston/Documentos/projetos/airflow-data/venv/lib/python3.8/site-packages/airflow/example_dags/example_nested_branch_dag.py
[2022-10-11T20:32:59.883-0500] {processor.py:768} INFO - DAG(s) dict_keys(['example_nested_branch_dag']) retrieved from /home/gabsiston/Documentos/projetos/airflow-data/venv/lib/python3.8/site-packages/airflow/example_dags/example_nested_branch_dag.py
[2022-10-11T20:32:59.899-0500] {logging_mixin.py:117} INFO - [2022-10-11T20:32:59.899-0500] {dag.py:2573} INFO - Sync 1 DAGs
[2022-10-11T20:32:59.916-0500] {logging_mixin.py:117} INFO - [2022-10-11T20:32:59.916-0500] {dag.py:3324} INFO - Setting next_dagrun for example_nested_branch_dag to 2022-10-11T00:00:00+00:00, run_after=2022-10-12T00:00:00+00:00
[2022-10-11T20:32:59.937-0500] {processor.py:178} INFO - Processing /home/gabsiston/Documentos/projetos/airflow-data/venv/lib/python3.8/site-packages/airflow/example_dags/example_nested_branch_dag.py took 0.075 seconds
[2022-10-11T20:33:39.822-0500] {processor.py:156} INFO - Started process (PID=12210) to work on /home/gabsiston/Documentos/projetos/airflow-data/venv/lib/python3.8/site-packages/airflow/example_dags/example_nested_branch_dag.py
[2022-10-11T20:33:39.824-0500] {processor.py:758} INFO - Processing file /home/gabsiston/Documentos/projetos/airflow-data/venv/lib/python3.8/site-packages/airflow/example_dags/example_nested_branch_dag.py for tasks to queue
[2022-10-11T20:33:39.826-0500] {logging_mixin.py:117} INFO - [2022-10-11T20:33:39.825-0500] {dagbag.py:525} INFO - Filling up the DagBag from /home/gabsiston/Documentos/projetos/airflow-data/venv/lib/python3.8/site-packages/airflow/example_dags/example_nested_branch_dag.py
[2022-10-11T20:33:39.861-0500] {processor.py:768} INFO - DAG(s) dict_keys(['example_nested_branch_dag']) retrieved from /home/gabsiston/Documentos/projetos/airflow-data/venv/lib/python3.8/site-packages/airflow/example_dags/example_nested_branch_dag.py
[2022-10-11T20:33:39.880-0500] {logging_mixin.py:117} INFO - [2022-10-11T20:33:39.880-0500] {dag.py:2573} INFO - Sync 1 DAGs
[2022-10-11T20:33:39.896-0500] {logging_mixin.py:117} INFO - [2022-10-11T20:33:39.896-0500] {dag.py:3324} INFO - Setting next_dagrun for example_nested_branch_dag to 2022-10-11T00:00:00+00:00, run_after=2022-10-12T00:00:00+00:00
[2022-10-11T20:33:39.916-0500] {processor.py:178} INFO - Processing /home/gabsiston/Documentos/projetos/airflow-data/venv/lib/python3.8/site-packages/airflow/example_dags/example_nested_branch_dag.py took 0.099 seconds
[2022-10-11T20:34:15.980-0500] {processor.py:156} INFO - Started process (PID=12387) to work on /home/gabsiston/Documentos/projetos/airflow-data/venv/lib/python3.8/site-packages/airflow/example_dags/example_nested_branch_dag.py
[2022-10-11T20:34:15.982-0500] {processor.py:758} INFO - Processing file /home/gabsiston/Documentos/projetos/airflow-data/venv/lib/python3.8/site-packages/airflow/example_dags/example_nested_branch_dag.py for tasks to queue
[2022-10-11T20:34:15.983-0500] {logging_mixin.py:117} INFO - [2022-10-11T20:34:15.983-0500] {dagbag.py:525} INFO - Filling up the DagBag from /home/gabsiston/Documentos/projetos/airflow-data/venv/lib/python3.8/site-packages/airflow/example_dags/example_nested_branch_dag.py
[2022-10-11T20:34:16.009-0500] {processor.py:768} INFO - DAG(s) dict_keys(['example_nested_branch_dag']) retrieved from /home/gabsiston/Documentos/projetos/airflow-data/venv/lib/python3.8/site-packages/airflow/example_dags/example_nested_branch_dag.py
[2022-10-11T20:34:16.029-0500] {logging_mixin.py:117} INFO - [2022-10-11T20:34:16.029-0500] {dag.py:2573} INFO - Sync 1 DAGs
[2022-10-11T20:34:16.045-0500] {logging_mixin.py:117} INFO - [2022-10-11T20:34:16.045-0500] {dag.py:3324} INFO - Setting next_dagrun for example_nested_branch_dag to 2022-10-11T00:00:00+00:00, run_after=2022-10-12T00:00:00+00:00
[2022-10-11T20:34:16.076-0500] {processor.py:178} INFO - Processing /home/gabsiston/Documentos/projetos/airflow-data/venv/lib/python3.8/site-packages/airflow/example_dags/example_nested_branch_dag.py took 0.099 seconds
[2022-10-11T20:34:52.450-0500] {processor.py:156} INFO - Started process (PID=12592) to work on /home/gabsiston/Documentos/projetos/airflow-data/venv/lib/python3.8/site-packages/airflow/example_dags/example_nested_branch_dag.py
[2022-10-11T20:34:52.452-0500] {processor.py:758} INFO - Processing file /home/gabsiston/Documentos/projetos/airflow-data/venv/lib/python3.8/site-packages/airflow/example_dags/example_nested_branch_dag.py for tasks to queue
[2022-10-11T20:34:52.453-0500] {logging_mixin.py:117} INFO - [2022-10-11T20:34:52.453-0500] {dagbag.py:525} INFO - Filling up the DagBag from /home/gabsiston/Documentos/projetos/airflow-data/venv/lib/python3.8/site-packages/airflow/example_dags/example_nested_branch_dag.py
[2022-10-11T20:34:52.476-0500] {processor.py:768} INFO - DAG(s) dict_keys(['example_nested_branch_dag']) retrieved from /home/gabsiston/Documentos/projetos/airflow-data/venv/lib/python3.8/site-packages/airflow/example_dags/example_nested_branch_dag.py
[2022-10-11T20:34:52.496-0500] {logging_mixin.py:117} INFO - [2022-10-11T20:34:52.496-0500] {dag.py:2573} INFO - Sync 1 DAGs
[2022-10-11T20:34:52.513-0500] {logging_mixin.py:117} INFO - [2022-10-11T20:34:52.513-0500] {dag.py:3324} INFO - Setting next_dagrun for example_nested_branch_dag to 2022-10-11T00:00:00+00:00, run_after=2022-10-12T00:00:00+00:00
[2022-10-11T20:34:52.534-0500] {processor.py:178} INFO - Processing /home/gabsiston/Documentos/projetos/airflow-data/venv/lib/python3.8/site-packages/airflow/example_dags/example_nested_branch_dag.py took 0.086 seconds
[2022-10-11T20:35:28.119-0500] {processor.py:156} INFO - Started process (PID=12834) to work on /home/gabsiston/Documentos/projetos/airflow-data/venv/lib/python3.8/site-packages/airflow/example_dags/example_nested_branch_dag.py
[2022-10-11T20:35:28.121-0500] {processor.py:758} INFO - Processing file /home/gabsiston/Documentos/projetos/airflow-data/venv/lib/python3.8/site-packages/airflow/example_dags/example_nested_branch_dag.py for tasks to queue
[2022-10-11T20:35:28.122-0500] {logging_mixin.py:117} INFO - [2022-10-11T20:35:28.122-0500] {dagbag.py:525} INFO - Filling up the DagBag from /home/gabsiston/Documentos/projetos/airflow-data/venv/lib/python3.8/site-packages/airflow/example_dags/example_nested_branch_dag.py
[2022-10-11T20:35:28.143-0500] {processor.py:768} INFO - DAG(s) dict_keys(['example_nested_branch_dag']) retrieved from /home/gabsiston/Documentos/projetos/airflow-data/venv/lib/python3.8/site-packages/airflow/example_dags/example_nested_branch_dag.py
[2022-10-11T20:35:28.162-0500] {logging_mixin.py:117} INFO - [2022-10-11T20:35:28.162-0500] {dag.py:2573} INFO - Sync 1 DAGs
[2022-10-11T20:35:28.177-0500] {logging_mixin.py:117} INFO - [2022-10-11T20:35:28.177-0500] {dag.py:3324} INFO - Setting next_dagrun for example_nested_branch_dag to 2022-10-11T00:00:00+00:00, run_after=2022-10-12T00:00:00+00:00
[2022-10-11T20:35:28.197-0500] {processor.py:178} INFO - Processing /home/gabsiston/Documentos/projetos/airflow-data/venv/lib/python3.8/site-packages/airflow/example_dags/example_nested_branch_dag.py took 0.080 seconds
[2022-10-11T20:36:06.860-0500] {processor.py:156} INFO - Started process (PID=13030) to work on /home/gabsiston/Documentos/projetos/airflow-data/venv/lib/python3.8/site-packages/airflow/example_dags/example_nested_branch_dag.py
[2022-10-11T20:36:06.862-0500] {processor.py:758} INFO - Processing file /home/gabsiston/Documentos/projetos/airflow-data/venv/lib/python3.8/site-packages/airflow/example_dags/example_nested_branch_dag.py for tasks to queue
[2022-10-11T20:36:06.863-0500] {logging_mixin.py:117} INFO - [2022-10-11T20:36:06.863-0500] {dagbag.py:525} INFO - Filling up the DagBag from /home/gabsiston/Documentos/projetos/airflow-data/venv/lib/python3.8/site-packages/airflow/example_dags/example_nested_branch_dag.py
[2022-10-11T20:36:06.887-0500] {processor.py:768} INFO - DAG(s) dict_keys(['example_nested_branch_dag']) retrieved from /home/gabsiston/Documentos/projetos/airflow-data/venv/lib/python3.8/site-packages/airflow/example_dags/example_nested_branch_dag.py
[2022-10-11T20:36:06.906-0500] {logging_mixin.py:117} INFO - [2022-10-11T20:36:06.906-0500] {dag.py:2573} INFO - Sync 1 DAGs
[2022-10-11T20:36:06.926-0500] {logging_mixin.py:117} INFO - [2022-10-11T20:36:06.925-0500] {dag.py:3324} INFO - Setting next_dagrun for example_nested_branch_dag to 2022-10-11T00:00:00+00:00, run_after=2022-10-12T00:00:00+00:00
[2022-10-11T20:36:06.964-0500] {processor.py:178} INFO - Processing /home/gabsiston/Documentos/projetos/airflow-data/venv/lib/python3.8/site-packages/airflow/example_dags/example_nested_branch_dag.py took 0.107 seconds
[2022-10-11T20:36:48.722-0500] {processor.py:156} INFO - Started process (PID=13471) to work on /home/gabsiston/Documentos/projetos/airflow-data/venv/lib/python3.8/site-packages/airflow/example_dags/example_nested_branch_dag.py
[2022-10-11T20:36:48.723-0500] {processor.py:758} INFO - Processing file /home/gabsiston/Documentos/projetos/airflow-data/venv/lib/python3.8/site-packages/airflow/example_dags/example_nested_branch_dag.py for tasks to queue
[2022-10-11T20:36:48.723-0500] {logging_mixin.py:117} INFO - [2022-10-11T20:36:48.723-0500] {dagbag.py:525} INFO - Filling up the DagBag from /home/gabsiston/Documentos/projetos/airflow-data/venv/lib/python3.8/site-packages/airflow/example_dags/example_nested_branch_dag.py
[2022-10-11T20:36:48.743-0500] {processor.py:768} INFO - DAG(s) dict_keys(['example_nested_branch_dag']) retrieved from /home/gabsiston/Documentos/projetos/airflow-data/venv/lib/python3.8/site-packages/airflow/example_dags/example_nested_branch_dag.py
[2022-10-11T20:36:48.761-0500] {logging_mixin.py:117} INFO - [2022-10-11T20:36:48.761-0500] {dag.py:2573} INFO - Sync 1 DAGs
[2022-10-11T20:36:48.779-0500] {logging_mixin.py:117} INFO - [2022-10-11T20:36:48.778-0500] {dag.py:3324} INFO - Setting next_dagrun for example_nested_branch_dag to 2022-10-11T00:00:00+00:00, run_after=2022-10-12T00:00:00+00:00
[2022-10-11T20:36:48.802-0500] {processor.py:178} INFO - Processing /home/gabsiston/Documentos/projetos/airflow-data/venv/lib/python3.8/site-packages/airflow/example_dags/example_nested_branch_dag.py took 0.082 seconds
