[2022-10-11T20:25:21.971-0500] {processor.py:156} INFO - Started process (PID=7807) to work on /home/gabsiston/Documentos/projetos/airflow-data/venv/lib/python3.8/site-packages/airflow/example_dags/example_branch_operator_decorator.py
[2022-10-11T20:25:21.971-0500] {processor.py:758} INFO - Processing file /home/gabsiston/Documentos/projetos/airflow-data/venv/lib/python3.8/site-packages/airflow/example_dags/example_branch_operator_decorator.py for tasks to queue
[2022-10-11T20:25:21.972-0500] {logging_mixin.py:117} INFO - [2022-10-11T20:25:21.972-0500] {dagbag.py:525} INFO - Filling up the DagBag from /home/gabsiston/Documentos/projetos/airflow-data/venv/lib/python3.8/site-packages/airflow/example_dags/example_branch_operator_decorator.py
[2022-10-11T20:25:22.001-0500] {processor.py:768} INFO - DAG(s) dict_keys(['example_branch_python_operator_decorator']) retrieved from /home/gabsiston/Documentos/projetos/airflow-data/venv/lib/python3.8/site-packages/airflow/example_dags/example_branch_operator_decorator.py
[2022-10-11T20:25:22.134-0500] {logging_mixin.py:117} INFO - [2022-10-11T20:25:22.134-0500] {manager.py:507} INFO - Created Permission View: can read on DAG:example_branch_python_operator_decorator
[2022-10-11T20:25:22.154-0500] {logging_mixin.py:117} INFO - [2022-10-11T20:25:22.153-0500] {manager.py:507} INFO - Created Permission View: can edit on DAG:example_branch_python_operator_decorator
[2022-10-11T20:25:22.170-0500] {logging_mixin.py:117} INFO - [2022-10-11T20:25:22.169-0500] {manager.py:507} INFO - Created Permission View: can delete on DAG:example_branch_python_operator_decorator
[2022-10-11T20:25:22.170-0500] {logging_mixin.py:117} INFO - [2022-10-11T20:25:22.170-0500] {dag.py:2573} INFO - Sync 1 DAGs
[2022-10-11T20:25:22.182-0500] {logging_mixin.py:117} INFO - [2022-10-11T20:25:22.182-0500] {dag.py:2594} INFO - Creating ORM DAG for example_branch_python_operator_decorator
[2022-10-11T20:25:22.195-0500] {logging_mixin.py:117} INFO - [2022-10-11T20:25:22.195-0500] {dag.py:3324} INFO - Setting next_dagrun for example_branch_python_operator_decorator to 2022-10-11T00:00:00+00:00, run_after=2022-10-12T00:00:00+00:00
[2022-10-11T20:25:22.224-0500] {processor.py:178} INFO - Processing /home/gabsiston/Documentos/projetos/airflow-data/venv/lib/python3.8/site-packages/airflow/example_dags/example_branch_operator_decorator.py took 0.256 seconds
[2022-10-11T20:26:03.304-0500] {processor.py:156} INFO - Started process (PID=8153) to work on /home/gabsiston/Documentos/projetos/airflow-data/venv/lib/python3.8/site-packages/airflow/example_dags/example_branch_operator_decorator.py
[2022-10-11T20:26:03.306-0500] {processor.py:758} INFO - Processing file /home/gabsiston/Documentos/projetos/airflow-data/venv/lib/python3.8/site-packages/airflow/example_dags/example_branch_operator_decorator.py for tasks to queue
[2022-10-11T20:26:03.306-0500] {logging_mixin.py:117} INFO - [2022-10-11T20:26:03.306-0500] {dagbag.py:525} INFO - Filling up the DagBag from /home/gabsiston/Documentos/projetos/airflow-data/venv/lib/python3.8/site-packages/airflow/example_dags/example_branch_operator_decorator.py
[2022-10-11T20:26:03.327-0500] {processor.py:768} INFO - DAG(s) dict_keys(['example_branch_python_operator_decorator']) retrieved from /home/gabsiston/Documentos/projetos/airflow-data/venv/lib/python3.8/site-packages/airflow/example_dags/example_branch_operator_decorator.py
[2022-10-11T20:26:03.348-0500] {logging_mixin.py:117} INFO - [2022-10-11T20:26:03.348-0500] {dag.py:2573} INFO - Sync 1 DAGs
[2022-10-11T20:26:03.366-0500] {logging_mixin.py:117} INFO - [2022-10-11T20:26:03.366-0500] {dag.py:3324} INFO - Setting next_dagrun for example_branch_python_operator_decorator to 2022-10-11T00:00:00+00:00, run_after=2022-10-12T00:00:00+00:00
[2022-10-11T20:26:03.387-0500] {processor.py:178} INFO - Processing /home/gabsiston/Documentos/projetos/airflow-data/venv/lib/python3.8/site-packages/airflow/example_dags/example_branch_operator_decorator.py took 0.085 seconds
[2022-10-11T20:26:38.895-0500] {processor.py:156} INFO - Started process (PID=8694) to work on /home/gabsiston/Documentos/projetos/airflow-data/venv/lib/python3.8/site-packages/airflow/example_dags/example_branch_operator_decorator.py
[2022-10-11T20:26:38.897-0500] {processor.py:758} INFO - Processing file /home/gabsiston/Documentos/projetos/airflow-data/venv/lib/python3.8/site-packages/airflow/example_dags/example_branch_operator_decorator.py for tasks to queue
[2022-10-11T20:26:38.898-0500] {logging_mixin.py:117} INFO - [2022-10-11T20:26:38.898-0500] {dagbag.py:525} INFO - Filling up the DagBag from /home/gabsiston/Documentos/projetos/airflow-data/venv/lib/python3.8/site-packages/airflow/example_dags/example_branch_operator_decorator.py
[2022-10-11T20:26:38.934-0500] {processor.py:768} INFO - DAG(s) dict_keys(['example_branch_python_operator_decorator']) retrieved from /home/gabsiston/Documentos/projetos/airflow-data/venv/lib/python3.8/site-packages/airflow/example_dags/example_branch_operator_decorator.py
[2022-10-11T20:26:38.970-0500] {logging_mixin.py:117} INFO - [2022-10-11T20:26:38.970-0500] {dag.py:2573} INFO - Sync 1 DAGs
[2022-10-11T20:26:38.999-0500] {logging_mixin.py:117} INFO - [2022-10-11T20:26:38.999-0500] {dag.py:3324} INFO - Setting next_dagrun for example_branch_python_operator_decorator to 2022-10-11T00:00:00+00:00, run_after=2022-10-12T00:00:00+00:00
[2022-10-11T20:26:39.031-0500] {processor.py:178} INFO - Processing /home/gabsiston/Documentos/projetos/airflow-data/venv/lib/python3.8/site-packages/airflow/example_dags/example_branch_operator_decorator.py took 0.140 seconds
[2022-10-11T20:27:13.811-0500] {processor.py:156} INFO - Started process (PID=9331) to work on /home/gabsiston/Documentos/projetos/airflow-data/venv/lib/python3.8/site-packages/airflow/example_dags/example_branch_operator_decorator.py
[2022-10-11T20:27:13.813-0500] {processor.py:758} INFO - Processing file /home/gabsiston/Documentos/projetos/airflow-data/venv/lib/python3.8/site-packages/airflow/example_dags/example_branch_operator_decorator.py for tasks to queue
[2022-10-11T20:27:13.813-0500] {logging_mixin.py:117} INFO - [2022-10-11T20:27:13.813-0500] {dagbag.py:525} INFO - Filling up the DagBag from /home/gabsiston/Documentos/projetos/airflow-data/venv/lib/python3.8/site-packages/airflow/example_dags/example_branch_operator_decorator.py
[2022-10-11T20:27:13.835-0500] {processor.py:768} INFO - DAG(s) dict_keys(['example_branch_python_operator_decorator']) retrieved from /home/gabsiston/Documentos/projetos/airflow-data/venv/lib/python3.8/site-packages/airflow/example_dags/example_branch_operator_decorator.py
[2022-10-11T20:27:13.856-0500] {logging_mixin.py:117} INFO - [2022-10-11T20:27:13.856-0500] {dag.py:2573} INFO - Sync 1 DAGs
[2022-10-11T20:27:13.873-0500] {logging_mixin.py:117} INFO - [2022-10-11T20:27:13.873-0500] {dag.py:3324} INFO - Setting next_dagrun for example_branch_python_operator_decorator to 2022-10-11T00:00:00+00:00, run_after=2022-10-12T00:00:00+00:00
[2022-10-11T20:27:13.909-0500] {processor.py:178} INFO - Processing /home/gabsiston/Documentos/projetos/airflow-data/venv/lib/python3.8/site-packages/airflow/example_dags/example_branch_operator_decorator.py took 0.101 seconds
[2022-10-11T20:27:51.168-0500] {processor.py:156} INFO - Started process (PID=9574) to work on /home/gabsiston/Documentos/projetos/airflow-data/venv/lib/python3.8/site-packages/airflow/example_dags/example_branch_operator_decorator.py
[2022-10-11T20:27:51.171-0500] {processor.py:758} INFO - Processing file /home/gabsiston/Documentos/projetos/airflow-data/venv/lib/python3.8/site-packages/airflow/example_dags/example_branch_operator_decorator.py for tasks to queue
[2022-10-11T20:27:51.171-0500] {logging_mixin.py:117} INFO - [2022-10-11T20:27:51.171-0500] {dagbag.py:525} INFO - Filling up the DagBag from /home/gabsiston/Documentos/projetos/airflow-data/venv/lib/python3.8/site-packages/airflow/example_dags/example_branch_operator_decorator.py
[2022-10-11T20:27:51.196-0500] {processor.py:768} INFO - DAG(s) dict_keys(['example_branch_python_operator_decorator']) retrieved from /home/gabsiston/Documentos/projetos/airflow-data/venv/lib/python3.8/site-packages/airflow/example_dags/example_branch_operator_decorator.py
[2022-10-11T20:27:51.218-0500] {logging_mixin.py:117} INFO - [2022-10-11T20:27:51.218-0500] {dag.py:2573} INFO - Sync 1 DAGs
[2022-10-11T20:27:51.238-0500] {logging_mixin.py:117} INFO - [2022-10-11T20:27:51.237-0500] {dag.py:3324} INFO - Setting next_dagrun for example_branch_python_operator_decorator to 2022-10-11T00:00:00+00:00, run_after=2022-10-12T00:00:00+00:00
[2022-10-11T20:27:51.262-0500] {processor.py:178} INFO - Processing /home/gabsiston/Documentos/projetos/airflow-data/venv/lib/python3.8/site-packages/airflow/example_dags/example_branch_operator_decorator.py took 0.096 seconds
[2022-10-11T20:28:28.028-0500] {processor.py:156} INFO - Started process (PID=9900) to work on /home/gabsiston/Documentos/projetos/airflow-data/venv/lib/python3.8/site-packages/airflow/example_dags/example_branch_operator_decorator.py
[2022-10-11T20:28:28.030-0500] {processor.py:758} INFO - Processing file /home/gabsiston/Documentos/projetos/airflow-data/venv/lib/python3.8/site-packages/airflow/example_dags/example_branch_operator_decorator.py for tasks to queue
[2022-10-11T20:28:28.030-0500] {logging_mixin.py:117} INFO - [2022-10-11T20:28:28.030-0500] {dagbag.py:525} INFO - Filling up the DagBag from /home/gabsiston/Documentos/projetos/airflow-data/venv/lib/python3.8/site-packages/airflow/example_dags/example_branch_operator_decorator.py
[2022-10-11T20:28:28.052-0500] {processor.py:768} INFO - DAG(s) dict_keys(['example_branch_python_operator_decorator']) retrieved from /home/gabsiston/Documentos/projetos/airflow-data/venv/lib/python3.8/site-packages/airflow/example_dags/example_branch_operator_decorator.py
[2022-10-11T20:28:28.071-0500] {logging_mixin.py:117} INFO - [2022-10-11T20:28:28.071-0500] {dag.py:2573} INFO - Sync 1 DAGs
[2022-10-11T20:28:28.088-0500] {logging_mixin.py:117} INFO - [2022-10-11T20:28:28.088-0500] {dag.py:3324} INFO - Setting next_dagrun for example_branch_python_operator_decorator to 2022-10-11T00:00:00+00:00, run_after=2022-10-12T00:00:00+00:00
[2022-10-11T20:28:28.106-0500] {processor.py:178} INFO - Processing /home/gabsiston/Documentos/projetos/airflow-data/venv/lib/python3.8/site-packages/airflow/example_dags/example_branch_operator_decorator.py took 0.081 seconds
[2022-10-11T20:29:04.676-0500] {processor.py:156} INFO - Started process (PID=10189) to work on /home/gabsiston/Documentos/projetos/airflow-data/venv/lib/python3.8/site-packages/airflow/example_dags/example_branch_operator_decorator.py
[2022-10-11T20:29:04.680-0500] {processor.py:758} INFO - Processing file /home/gabsiston/Documentos/projetos/airflow-data/venv/lib/python3.8/site-packages/airflow/example_dags/example_branch_operator_decorator.py for tasks to queue
[2022-10-11T20:29:04.682-0500] {logging_mixin.py:117} INFO - [2022-10-11T20:29:04.681-0500] {dagbag.py:525} INFO - Filling up the DagBag from /home/gabsiston/Documentos/projetos/airflow-data/venv/lib/python3.8/site-packages/airflow/example_dags/example_branch_operator_decorator.py
[2022-10-11T20:29:04.719-0500] {processor.py:768} INFO - DAG(s) dict_keys(['example_branch_python_operator_decorator']) retrieved from /home/gabsiston/Documentos/projetos/airflow-data/venv/lib/python3.8/site-packages/airflow/example_dags/example_branch_operator_decorator.py
[2022-10-11T20:29:04.739-0500] {logging_mixin.py:117} INFO - [2022-10-11T20:29:04.739-0500] {dag.py:2573} INFO - Sync 1 DAGs
[2022-10-11T20:29:04.756-0500] {logging_mixin.py:117} INFO - [2022-10-11T20:29:04.756-0500] {dag.py:3324} INFO - Setting next_dagrun for example_branch_python_operator_decorator to 2022-10-11T00:00:00+00:00, run_after=2022-10-12T00:00:00+00:00
[2022-10-11T20:29:04.777-0500] {processor.py:178} INFO - Processing /home/gabsiston/Documentos/projetos/airflow-data/venv/lib/python3.8/site-packages/airflow/example_dags/example_branch_operator_decorator.py took 0.109 seconds
[2022-10-11T20:29:40.808-0500] {processor.py:156} INFO - Started process (PID=10378) to work on /home/gabsiston/Documentos/projetos/airflow-data/venv/lib/python3.8/site-packages/airflow/example_dags/example_branch_operator_decorator.py
[2022-10-11T20:29:40.811-0500] {processor.py:758} INFO - Processing file /home/gabsiston/Documentos/projetos/airflow-data/venv/lib/python3.8/site-packages/airflow/example_dags/example_branch_operator_decorator.py for tasks to queue
[2022-10-11T20:29:40.813-0500] {logging_mixin.py:117} INFO - [2022-10-11T20:29:40.813-0500] {dagbag.py:525} INFO - Filling up the DagBag from /home/gabsiston/Documentos/projetos/airflow-data/venv/lib/python3.8/site-packages/airflow/example_dags/example_branch_operator_decorator.py
[2022-10-11T20:29:40.848-0500] {processor.py:768} INFO - DAG(s) dict_keys(['example_branch_python_operator_decorator']) retrieved from /home/gabsiston/Documentos/projetos/airflow-data/venv/lib/python3.8/site-packages/airflow/example_dags/example_branch_operator_decorator.py
[2022-10-11T20:29:40.869-0500] {logging_mixin.py:117} INFO - [2022-10-11T20:29:40.869-0500] {dag.py:2573} INFO - Sync 1 DAGs
[2022-10-11T20:29:40.887-0500] {logging_mixin.py:117} INFO - [2022-10-11T20:29:40.887-0500] {dag.py:3324} INFO - Setting next_dagrun for example_branch_python_operator_decorator to 2022-10-11T00:00:00+00:00, run_after=2022-10-12T00:00:00+00:00
[2022-10-11T20:29:40.909-0500] {processor.py:178} INFO - Processing /home/gabsiston/Documentos/projetos/airflow-data/venv/lib/python3.8/site-packages/airflow/example_dags/example_branch_operator_decorator.py took 0.112 seconds
[2022-10-11T20:30:17.103-0500] {processor.py:156} INFO - Started process (PID=10613) to work on /home/gabsiston/Documentos/projetos/airflow-data/venv/lib/python3.8/site-packages/airflow/example_dags/example_branch_operator_decorator.py
[2022-10-11T20:30:17.103-0500] {processor.py:758} INFO - Processing file /home/gabsiston/Documentos/projetos/airflow-data/venv/lib/python3.8/site-packages/airflow/example_dags/example_branch_operator_decorator.py for tasks to queue
[2022-10-11T20:30:17.104-0500] {logging_mixin.py:117} INFO - [2022-10-11T20:30:17.104-0500] {dagbag.py:525} INFO - Filling up the DagBag from /home/gabsiston/Documentos/projetos/airflow-data/venv/lib/python3.8/site-packages/airflow/example_dags/example_branch_operator_decorator.py
[2022-10-11T20:30:17.121-0500] {processor.py:768} INFO - DAG(s) dict_keys(['example_branch_python_operator_decorator']) retrieved from /home/gabsiston/Documentos/projetos/airflow-data/venv/lib/python3.8/site-packages/airflow/example_dags/example_branch_operator_decorator.py
[2022-10-11T20:30:17.138-0500] {logging_mixin.py:117} INFO - [2022-10-11T20:30:17.138-0500] {dag.py:2573} INFO - Sync 1 DAGs
[2022-10-11T20:30:17.152-0500] {logging_mixin.py:117} INFO - [2022-10-11T20:30:17.152-0500] {dag.py:3324} INFO - Setting next_dagrun for example_branch_python_operator_decorator to 2022-10-11T00:00:00+00:00, run_after=2022-10-12T00:00:00+00:00
[2022-10-11T20:30:17.172-0500] {processor.py:178} INFO - Processing /home/gabsiston/Documentos/projetos/airflow-data/venv/lib/python3.8/site-packages/airflow/example_dags/example_branch_operator_decorator.py took 0.071 seconds
[2022-10-11T20:30:53.500-0500] {processor.py:156} INFO - Started process (PID=10829) to work on /home/gabsiston/Documentos/projetos/airflow-data/venv/lib/python3.8/site-packages/airflow/example_dags/example_branch_operator_decorator.py
[2022-10-11T20:30:53.501-0500] {processor.py:758} INFO - Processing file /home/gabsiston/Documentos/projetos/airflow-data/venv/lib/python3.8/site-packages/airflow/example_dags/example_branch_operator_decorator.py for tasks to queue
[2022-10-11T20:30:53.502-0500] {logging_mixin.py:117} INFO - [2022-10-11T20:30:53.502-0500] {dagbag.py:525} INFO - Filling up the DagBag from /home/gabsiston/Documentos/projetos/airflow-data/venv/lib/python3.8/site-packages/airflow/example_dags/example_branch_operator_decorator.py
[2022-10-11T20:30:53.536-0500] {processor.py:768} INFO - DAG(s) dict_keys(['example_branch_python_operator_decorator']) retrieved from /home/gabsiston/Documentos/projetos/airflow-data/venv/lib/python3.8/site-packages/airflow/example_dags/example_branch_operator_decorator.py
[2022-10-11T20:30:53.559-0500] {logging_mixin.py:117} INFO - [2022-10-11T20:30:53.559-0500] {dag.py:2573} INFO - Sync 1 DAGs
[2022-10-11T20:30:53.579-0500] {logging_mixin.py:117} INFO - [2022-10-11T20:30:53.579-0500] {dag.py:3324} INFO - Setting next_dagrun for example_branch_python_operator_decorator to 2022-10-11T00:00:00+00:00, run_after=2022-10-12T00:00:00+00:00
[2022-10-11T20:30:53.610-0500] {processor.py:178} INFO - Processing /home/gabsiston/Documentos/projetos/airflow-data/venv/lib/python3.8/site-packages/airflow/example_dags/example_branch_operator_decorator.py took 0.114 seconds
[2022-10-11T20:31:29.979-0500] {processor.py:156} INFO - Started process (PID=11158) to work on /home/gabsiston/Documentos/projetos/airflow-data/venv/lib/python3.8/site-packages/airflow/example_dags/example_branch_operator_decorator.py
[2022-10-11T20:31:29.981-0500] {processor.py:758} INFO - Processing file /home/gabsiston/Documentos/projetos/airflow-data/venv/lib/python3.8/site-packages/airflow/example_dags/example_branch_operator_decorator.py for tasks to queue
[2022-10-11T20:31:29.981-0500] {logging_mixin.py:117} INFO - [2022-10-11T20:31:29.981-0500] {dagbag.py:525} INFO - Filling up the DagBag from /home/gabsiston/Documentos/projetos/airflow-data/venv/lib/python3.8/site-packages/airflow/example_dags/example_branch_operator_decorator.py
[2022-10-11T20:31:29.999-0500] {processor.py:768} INFO - DAG(s) dict_keys(['example_branch_python_operator_decorator']) retrieved from /home/gabsiston/Documentos/projetos/airflow-data/venv/lib/python3.8/site-packages/airflow/example_dags/example_branch_operator_decorator.py
[2022-10-11T20:31:30.016-0500] {logging_mixin.py:117} INFO - [2022-10-11T20:31:30.016-0500] {dag.py:2573} INFO - Sync 1 DAGs
[2022-10-11T20:31:30.031-0500] {logging_mixin.py:117} INFO - [2022-10-11T20:31:30.031-0500] {dag.py:3324} INFO - Setting next_dagrun for example_branch_python_operator_decorator to 2022-10-11T00:00:00+00:00, run_after=2022-10-12T00:00:00+00:00
[2022-10-11T20:31:30.051-0500] {processor.py:178} INFO - Processing /home/gabsiston/Documentos/projetos/airflow-data/venv/lib/python3.8/site-packages/airflow/example_dags/example_branch_operator_decorator.py took 0.074 seconds
[2022-10-11T20:32:07.995-0500] {processor.py:156} INFO - Started process (PID=11405) to work on /home/gabsiston/Documentos/projetos/airflow-data/venv/lib/python3.8/site-packages/airflow/example_dags/example_branch_operator_decorator.py
[2022-10-11T20:32:07.999-0500] {processor.py:758} INFO - Processing file /home/gabsiston/Documentos/projetos/airflow-data/venv/lib/python3.8/site-packages/airflow/example_dags/example_branch_operator_decorator.py for tasks to queue
[2022-10-11T20:32:08.001-0500] {logging_mixin.py:117} INFO - [2022-10-11T20:32:08.000-0500] {dagbag.py:525} INFO - Filling up the DagBag from /home/gabsiston/Documentos/projetos/airflow-data/venv/lib/python3.8/site-packages/airflow/example_dags/example_branch_operator_decorator.py
[2022-10-11T20:32:08.036-0500] {processor.py:768} INFO - DAG(s) dict_keys(['example_branch_python_operator_decorator']) retrieved from /home/gabsiston/Documentos/projetos/airflow-data/venv/lib/python3.8/site-packages/airflow/example_dags/example_branch_operator_decorator.py
[2022-10-11T20:32:08.056-0500] {logging_mixin.py:117} INFO - [2022-10-11T20:32:08.056-0500] {dag.py:2573} INFO - Sync 1 DAGs
[2022-10-11T20:32:08.075-0500] {logging_mixin.py:117} INFO - [2022-10-11T20:32:08.075-0500] {dag.py:3324} INFO - Setting next_dagrun for example_branch_python_operator_decorator to 2022-10-11T00:00:00+00:00, run_after=2022-10-12T00:00:00+00:00
[2022-10-11T20:32:08.096-0500] {processor.py:178} INFO - Processing /home/gabsiston/Documentos/projetos/airflow-data/venv/lib/python3.8/site-packages/airflow/example_dags/example_branch_operator_decorator.py took 0.109 seconds
[2022-10-11T20:32:44.505-0500] {processor.py:156} INFO - Started process (PID=11779) to work on /home/gabsiston/Documentos/projetos/airflow-data/venv/lib/python3.8/site-packages/airflow/example_dags/example_branch_operator_decorator.py
[2022-10-11T20:32:44.507-0500] {processor.py:758} INFO - Processing file /home/gabsiston/Documentos/projetos/airflow-data/venv/lib/python3.8/site-packages/airflow/example_dags/example_branch_operator_decorator.py for tasks to queue
[2022-10-11T20:32:44.508-0500] {logging_mixin.py:117} INFO - [2022-10-11T20:32:44.508-0500] {dagbag.py:525} INFO - Filling up the DagBag from /home/gabsiston/Documentos/projetos/airflow-data/venv/lib/python3.8/site-packages/airflow/example_dags/example_branch_operator_decorator.py
[2022-10-11T20:32:44.534-0500] {processor.py:768} INFO - DAG(s) dict_keys(['example_branch_python_operator_decorator']) retrieved from /home/gabsiston/Documentos/projetos/airflow-data/venv/lib/python3.8/site-packages/airflow/example_dags/example_branch_operator_decorator.py
[2022-10-11T20:32:44.555-0500] {logging_mixin.py:117} INFO - [2022-10-11T20:32:44.555-0500] {dag.py:2573} INFO - Sync 1 DAGs
[2022-10-11T20:32:44.575-0500] {logging_mixin.py:117} INFO - [2022-10-11T20:32:44.575-0500] {dag.py:3324} INFO - Setting next_dagrun for example_branch_python_operator_decorator to 2022-10-11T00:00:00+00:00, run_after=2022-10-12T00:00:00+00:00
[2022-10-11T20:32:44.597-0500] {processor.py:178} INFO - Processing /home/gabsiston/Documentos/projetos/airflow-data/venv/lib/python3.8/site-packages/airflow/example_dags/example_branch_operator_decorator.py took 0.094 seconds
[2022-10-11T20:33:20.420-0500] {processor.py:156} INFO - Started process (PID=12104) to work on /home/gabsiston/Documentos/projetos/airflow-data/venv/lib/python3.8/site-packages/airflow/example_dags/example_branch_operator_decorator.py
[2022-10-11T20:33:20.421-0500] {processor.py:758} INFO - Processing file /home/gabsiston/Documentos/projetos/airflow-data/venv/lib/python3.8/site-packages/airflow/example_dags/example_branch_operator_decorator.py for tasks to queue
[2022-10-11T20:33:20.421-0500] {logging_mixin.py:117} INFO - [2022-10-11T20:33:20.421-0500] {dagbag.py:525} INFO - Filling up the DagBag from /home/gabsiston/Documentos/projetos/airflow-data/venv/lib/python3.8/site-packages/airflow/example_dags/example_branch_operator_decorator.py
[2022-10-11T20:33:20.438-0500] {processor.py:768} INFO - DAG(s) dict_keys(['example_branch_python_operator_decorator']) retrieved from /home/gabsiston/Documentos/projetos/airflow-data/venv/lib/python3.8/site-packages/airflow/example_dags/example_branch_operator_decorator.py
[2022-10-11T20:33:20.455-0500] {logging_mixin.py:117} INFO - [2022-10-11T20:33:20.455-0500] {dag.py:2573} INFO - Sync 1 DAGs
[2022-10-11T20:33:20.470-0500] {logging_mixin.py:117} INFO - [2022-10-11T20:33:20.470-0500] {dag.py:3324} INFO - Setting next_dagrun for example_branch_python_operator_decorator to 2022-10-11T00:00:00+00:00, run_after=2022-10-12T00:00:00+00:00
[2022-10-11T20:33:20.512-0500] {processor.py:178} INFO - Processing /home/gabsiston/Documentos/projetos/airflow-data/venv/lib/python3.8/site-packages/airflow/example_dags/example_branch_operator_decorator.py took 0.094 seconds
[2022-10-11T20:33:54.156-0500] {processor.py:156} INFO - Started process (PID=12280) to work on /home/gabsiston/Documentos/projetos/airflow-data/venv/lib/python3.8/site-packages/airflow/example_dags/example_branch_operator_decorator.py
[2022-10-11T20:33:54.158-0500] {processor.py:758} INFO - Processing file /home/gabsiston/Documentos/projetos/airflow-data/venv/lib/python3.8/site-packages/airflow/example_dags/example_branch_operator_decorator.py for tasks to queue
[2022-10-11T20:33:54.159-0500] {logging_mixin.py:117} INFO - [2022-10-11T20:33:54.159-0500] {dagbag.py:525} INFO - Filling up the DagBag from /home/gabsiston/Documentos/projetos/airflow-data/venv/lib/python3.8/site-packages/airflow/example_dags/example_branch_operator_decorator.py
[2022-10-11T20:33:54.184-0500] {processor.py:768} INFO - DAG(s) dict_keys(['example_branch_python_operator_decorator']) retrieved from /home/gabsiston/Documentos/projetos/airflow-data/venv/lib/python3.8/site-packages/airflow/example_dags/example_branch_operator_decorator.py
[2022-10-11T20:33:54.204-0500] {logging_mixin.py:117} INFO - [2022-10-11T20:33:54.204-0500] {dag.py:2573} INFO - Sync 1 DAGs
[2022-10-11T20:33:54.220-0500] {logging_mixin.py:117} INFO - [2022-10-11T20:33:54.220-0500] {dag.py:3324} INFO - Setting next_dagrun for example_branch_python_operator_decorator to 2022-10-11T00:00:00+00:00, run_after=2022-10-12T00:00:00+00:00
[2022-10-11T20:33:54.240-0500] {processor.py:178} INFO - Processing /home/gabsiston/Documentos/projetos/airflow-data/venv/lib/python3.8/site-packages/airflow/example_dags/example_branch_operator_decorator.py took 0.086 seconds
[2022-10-11T20:34:29.437-0500] {processor.py:156} INFO - Started process (PID=12463) to work on /home/gabsiston/Documentos/projetos/airflow-data/venv/lib/python3.8/site-packages/airflow/example_dags/example_branch_operator_decorator.py
[2022-10-11T20:34:29.439-0500] {processor.py:758} INFO - Processing file /home/gabsiston/Documentos/projetos/airflow-data/venv/lib/python3.8/site-packages/airflow/example_dags/example_branch_operator_decorator.py for tasks to queue
[2022-10-11T20:34:29.440-0500] {logging_mixin.py:117} INFO - [2022-10-11T20:34:29.439-0500] {dagbag.py:525} INFO - Filling up the DagBag from /home/gabsiston/Documentos/projetos/airflow-data/venv/lib/python3.8/site-packages/airflow/example_dags/example_branch_operator_decorator.py
[2022-10-11T20:34:29.470-0500] {processor.py:768} INFO - DAG(s) dict_keys(['example_branch_python_operator_decorator']) retrieved from /home/gabsiston/Documentos/projetos/airflow-data/venv/lib/python3.8/site-packages/airflow/example_dags/example_branch_operator_decorator.py
[2022-10-11T20:34:29.490-0500] {logging_mixin.py:117} INFO - [2022-10-11T20:34:29.490-0500] {dag.py:2573} INFO - Sync 1 DAGs
[2022-10-11T20:34:29.507-0500] {logging_mixin.py:117} INFO - [2022-10-11T20:34:29.507-0500] {dag.py:3324} INFO - Setting next_dagrun for example_branch_python_operator_decorator to 2022-10-11T00:00:00+00:00, run_after=2022-10-12T00:00:00+00:00
[2022-10-11T20:34:29.527-0500] {processor.py:178} INFO - Processing /home/gabsiston/Documentos/projetos/airflow-data/venv/lib/python3.8/site-packages/airflow/example_dags/example_branch_operator_decorator.py took 0.093 seconds
[2022-10-11T20:35:04.708-0500] {processor.py:156} INFO - Started process (PID=12653) to work on /home/gabsiston/Documentos/projetos/airflow-data/venv/lib/python3.8/site-packages/airflow/example_dags/example_branch_operator_decorator.py
[2022-10-11T20:35:04.712-0500] {processor.py:758} INFO - Processing file /home/gabsiston/Documentos/projetos/airflow-data/venv/lib/python3.8/site-packages/airflow/example_dags/example_branch_operator_decorator.py for tasks to queue
[2022-10-11T20:35:04.713-0500] {logging_mixin.py:117} INFO - [2022-10-11T20:35:04.713-0500] {dagbag.py:525} INFO - Filling up the DagBag from /home/gabsiston/Documentos/projetos/airflow-data/venv/lib/python3.8/site-packages/airflow/example_dags/example_branch_operator_decorator.py
[2022-10-11T20:35:04.747-0500] {processor.py:768} INFO - DAG(s) dict_keys(['example_branch_python_operator_decorator']) retrieved from /home/gabsiston/Documentos/projetos/airflow-data/venv/lib/python3.8/site-packages/airflow/example_dags/example_branch_operator_decorator.py
[2022-10-11T20:35:04.767-0500] {logging_mixin.py:117} INFO - [2022-10-11T20:35:04.767-0500] {dag.py:2573} INFO - Sync 1 DAGs
[2022-10-11T20:35:04.782-0500] {logging_mixin.py:117} INFO - [2022-10-11T20:35:04.782-0500] {dag.py:3324} INFO - Setting next_dagrun for example_branch_python_operator_decorator to 2022-10-11T00:00:00+00:00, run_after=2022-10-12T00:00:00+00:00
[2022-10-11T20:35:04.803-0500] {processor.py:178} INFO - Processing /home/gabsiston/Documentos/projetos/airflow-data/venv/lib/python3.8/site-packages/airflow/example_dags/example_branch_operator_decorator.py took 0.103 seconds
[2022-10-11T20:35:39.028-0500] {processor.py:156} INFO - Started process (PID=12890) to work on /home/gabsiston/Documentos/projetos/airflow-data/venv/lib/python3.8/site-packages/airflow/example_dags/example_branch_operator_decorator.py
[2022-10-11T20:35:39.030-0500] {processor.py:758} INFO - Processing file /home/gabsiston/Documentos/projetos/airflow-data/venv/lib/python3.8/site-packages/airflow/example_dags/example_branch_operator_decorator.py for tasks to queue
[2022-10-11T20:35:39.031-0500] {logging_mixin.py:117} INFO - [2022-10-11T20:35:39.031-0500] {dagbag.py:525} INFO - Filling up the DagBag from /home/gabsiston/Documentos/projetos/airflow-data/venv/lib/python3.8/site-packages/airflow/example_dags/example_branch_operator_decorator.py
[2022-10-11T20:35:39.059-0500] {processor.py:768} INFO - DAG(s) dict_keys(['example_branch_python_operator_decorator']) retrieved from /home/gabsiston/Documentos/projetos/airflow-data/venv/lib/python3.8/site-packages/airflow/example_dags/example_branch_operator_decorator.py
[2022-10-11T20:35:39.085-0500] {logging_mixin.py:117} INFO - [2022-10-11T20:35:39.085-0500] {dag.py:2573} INFO - Sync 1 DAGs
[2022-10-11T20:35:39.105-0500] {logging_mixin.py:117} INFO - [2022-10-11T20:35:39.105-0500] {dag.py:3324} INFO - Setting next_dagrun for example_branch_python_operator_decorator to 2022-10-11T00:00:00+00:00, run_after=2022-10-12T00:00:00+00:00
[2022-10-11T20:35:39.132-0500] {processor.py:178} INFO - Processing /home/gabsiston/Documentos/projetos/airflow-data/venv/lib/python3.8/site-packages/airflow/example_dags/example_branch_operator_decorator.py took 0.109 seconds
[2022-10-11T20:36:18.546-0500] {processor.py:156} INFO - Started process (PID=13194) to work on /home/gabsiston/Documentos/projetos/airflow-data/venv/lib/python3.8/site-packages/airflow/example_dags/example_branch_operator_decorator.py
[2022-10-11T20:36:18.547-0500] {processor.py:758} INFO - Processing file /home/gabsiston/Documentos/projetos/airflow-data/venv/lib/python3.8/site-packages/airflow/example_dags/example_branch_operator_decorator.py for tasks to queue
[2022-10-11T20:36:18.548-0500] {logging_mixin.py:117} INFO - [2022-10-11T20:36:18.548-0500] {dagbag.py:525} INFO - Filling up the DagBag from /home/gabsiston/Documentos/projetos/airflow-data/venv/lib/python3.8/site-packages/airflow/example_dags/example_branch_operator_decorator.py
[2022-10-11T20:36:18.589-0500] {processor.py:768} INFO - DAG(s) dict_keys(['example_branch_python_operator_decorator']) retrieved from /home/gabsiston/Documentos/projetos/airflow-data/venv/lib/python3.8/site-packages/airflow/example_dags/example_branch_operator_decorator.py
[2022-10-11T20:36:18.623-0500] {logging_mixin.py:117} INFO - [2022-10-11T20:36:18.623-0500] {dag.py:2573} INFO - Sync 1 DAGs
[2022-10-11T20:36:18.657-0500] {logging_mixin.py:117} INFO - [2022-10-11T20:36:18.657-0500] {dag.py:3324} INFO - Setting next_dagrun for example_branch_python_operator_decorator to 2022-10-11T00:00:00+00:00, run_after=2022-10-12T00:00:00+00:00
[2022-10-11T20:36:18.693-0500] {processor.py:178} INFO - Processing /home/gabsiston/Documentos/projetos/airflow-data/venv/lib/python3.8/site-packages/airflow/example_dags/example_branch_operator_decorator.py took 0.150 seconds
[2022-10-11T20:36:54.144-0500] {processor.py:156} INFO - Started process (PID=13500) to work on /home/gabsiston/Documentos/projetos/airflow-data/venv/lib/python3.8/site-packages/airflow/example_dags/example_branch_operator_decorator.py
[2022-10-11T20:36:54.146-0500] {processor.py:758} INFO - Processing file /home/gabsiston/Documentos/projetos/airflow-data/venv/lib/python3.8/site-packages/airflow/example_dags/example_branch_operator_decorator.py for tasks to queue
[2022-10-11T20:36:54.147-0500] {logging_mixin.py:117} INFO - [2022-10-11T20:36:54.147-0500] {dagbag.py:525} INFO - Filling up the DagBag from /home/gabsiston/Documentos/projetos/airflow-data/venv/lib/python3.8/site-packages/airflow/example_dags/example_branch_operator_decorator.py
[2022-10-11T20:36:54.175-0500] {processor.py:768} INFO - DAG(s) dict_keys(['example_branch_python_operator_decorator']) retrieved from /home/gabsiston/Documentos/projetos/airflow-data/venv/lib/python3.8/site-packages/airflow/example_dags/example_branch_operator_decorator.py
[2022-10-11T20:36:54.197-0500] {logging_mixin.py:117} INFO - [2022-10-11T20:36:54.197-0500] {dag.py:2573} INFO - Sync 1 DAGs
[2022-10-11T20:36:54.224-0500] {logging_mixin.py:117} INFO - [2022-10-11T20:36:54.224-0500] {dag.py:3324} INFO - Setting next_dagrun for example_branch_python_operator_decorator to 2022-10-11T00:00:00+00:00, run_after=2022-10-12T00:00:00+00:00
[2022-10-11T20:36:54.252-0500] {processor.py:178} INFO - Processing /home/gabsiston/Documentos/projetos/airflow-data/venv/lib/python3.8/site-packages/airflow/example_dags/example_branch_operator_decorator.py took 0.111 seconds
