[2022-10-11T20:25:13.717-0500] {processor.py:156} INFO - Started process (PID=7716) to work on /home/gabsiston/Documentos/projetos/airflow-data/venv/lib/python3.8/site-packages/airflow/example_dags/example_skip_dag.py
[2022-10-11T20:25:13.717-0500] {processor.py:758} INFO - Processing file /home/gabsiston/Documentos/projetos/airflow-data/venv/lib/python3.8/site-packages/airflow/example_dags/example_skip_dag.py for tasks to queue
[2022-10-11T20:25:13.718-0500] {logging_mixin.py:117} INFO - [2022-10-11T20:25:13.718-0500] {dagbag.py:525} INFO - Filling up the DagBag from /home/gabsiston/Documentos/projetos/airflow-data/venv/lib/python3.8/site-packages/airflow/example_dags/example_skip_dag.py
[2022-10-11T20:25:13.727-0500] {processor.py:768} INFO - DAG(s) dict_keys(['example_skip_dag']) retrieved from /home/gabsiston/Documentos/projetos/airflow-data/venv/lib/python3.8/site-packages/airflow/example_dags/example_skip_dag.py
[2022-10-11T20:25:13.811-0500] {logging_mixin.py:117} INFO - [2022-10-11T20:25:13.811-0500] {manager.py:507} INFO - Created Permission View: can read on DAG:example_skip_dag
[2022-10-11T20:25:13.823-0500] {logging_mixin.py:117} INFO - [2022-10-11T20:25:13.822-0500] {manager.py:507} INFO - Created Permission View: can edit on DAG:example_skip_dag
[2022-10-11T20:25:13.833-0500] {logging_mixin.py:117} INFO - [2022-10-11T20:25:13.833-0500] {manager.py:507} INFO - Created Permission View: can delete on DAG:example_skip_dag
[2022-10-11T20:25:13.834-0500] {logging_mixin.py:117} INFO - [2022-10-11T20:25:13.834-0500] {dag.py:2573} INFO - Sync 1 DAGs
[2022-10-11T20:25:13.843-0500] {logging_mixin.py:117} INFO - [2022-10-11T20:25:13.842-0500] {dag.py:2594} INFO - Creating ORM DAG for example_skip_dag
[2022-10-11T20:25:13.852-0500] {logging_mixin.py:117} INFO - [2022-10-11T20:25:13.852-0500] {dag.py:3324} INFO - Setting next_dagrun for example_skip_dag to 2022-10-11T01:25:13.852386+00:00, run_after=2022-10-12T01:25:13.852386+00:00
[2022-10-11T20:25:13.873-0500] {processor.py:178} INFO - Processing /home/gabsiston/Documentos/projetos/airflow-data/venv/lib/python3.8/site-packages/airflow/example_dags/example_skip_dag.py took 0.158 seconds
[2022-10-11T20:25:55.793-0500] {processor.py:156} INFO - Started process (PID=8111) to work on /home/gabsiston/Documentos/projetos/airflow-data/venv/lib/python3.8/site-packages/airflow/example_dags/example_skip_dag.py
[2022-10-11T20:25:55.795-0500] {processor.py:758} INFO - Processing file /home/gabsiston/Documentos/projetos/airflow-data/venv/lib/python3.8/site-packages/airflow/example_dags/example_skip_dag.py for tasks to queue
[2022-10-11T20:25:55.796-0500] {logging_mixin.py:117} INFO - [2022-10-11T20:25:55.796-0500] {dagbag.py:525} INFO - Filling up the DagBag from /home/gabsiston/Documentos/projetos/airflow-data/venv/lib/python3.8/site-packages/airflow/example_dags/example_skip_dag.py
[2022-10-11T20:25:55.807-0500] {processor.py:768} INFO - DAG(s) dict_keys(['example_skip_dag']) retrieved from /home/gabsiston/Documentos/projetos/airflow-data/venv/lib/python3.8/site-packages/airflow/example_dags/example_skip_dag.py
[2022-10-11T20:25:55.828-0500] {logging_mixin.py:117} INFO - [2022-10-11T20:25:55.828-0500] {dag.py:2573} INFO - Sync 1 DAGs
[2022-10-11T20:25:55.847-0500] {logging_mixin.py:117} INFO - [2022-10-11T20:25:55.847-0500] {dag.py:3324} INFO - Setting next_dagrun for example_skip_dag to 2022-10-11T01:25:55.846796+00:00, run_after=2022-10-12T01:25:55.846796+00:00
[2022-10-11T20:25:55.871-0500] {processor.py:178} INFO - Processing /home/gabsiston/Documentos/projetos/airflow-data/venv/lib/python3.8/site-packages/airflow/example_dags/example_skip_dag.py took 0.081 seconds
[2022-10-11T20:26:31.378-0500] {processor.py:156} INFO - Started process (PID=8600) to work on /home/gabsiston/Documentos/projetos/airflow-data/venv/lib/python3.8/site-packages/airflow/example_dags/example_skip_dag.py
[2022-10-11T20:26:31.380-0500] {processor.py:758} INFO - Processing file /home/gabsiston/Documentos/projetos/airflow-data/venv/lib/python3.8/site-packages/airflow/example_dags/example_skip_dag.py for tasks to queue
[2022-10-11T20:26:31.381-0500] {logging_mixin.py:117} INFO - [2022-10-11T20:26:31.380-0500] {dagbag.py:525} INFO - Filling up the DagBag from /home/gabsiston/Documentos/projetos/airflow-data/venv/lib/python3.8/site-packages/airflow/example_dags/example_skip_dag.py
[2022-10-11T20:26:31.394-0500] {processor.py:768} INFO - DAG(s) dict_keys(['example_skip_dag']) retrieved from /home/gabsiston/Documentos/projetos/airflow-data/venv/lib/python3.8/site-packages/airflow/example_dags/example_skip_dag.py
[2022-10-11T20:26:31.421-0500] {logging_mixin.py:117} INFO - [2022-10-11T20:26:31.421-0500] {dag.py:2573} INFO - Sync 1 DAGs
[2022-10-11T20:26:31.442-0500] {logging_mixin.py:117} INFO - [2022-10-11T20:26:31.442-0500] {dag.py:3324} INFO - Setting next_dagrun for example_skip_dag to 2022-10-11T01:26:31.442008+00:00, run_after=2022-10-12T01:26:31.442008+00:00
[2022-10-11T20:26:31.469-0500] {processor.py:178} INFO - Processing /home/gabsiston/Documentos/projetos/airflow-data/venv/lib/python3.8/site-packages/airflow/example_dags/example_skip_dag.py took 0.094 seconds
[2022-10-11T20:27:06.390-0500] {processor.py:156} INFO - Started process (PID=9117) to work on /home/gabsiston/Documentos/projetos/airflow-data/venv/lib/python3.8/site-packages/airflow/example_dags/example_skip_dag.py
[2022-10-11T20:27:06.392-0500] {processor.py:758} INFO - Processing file /home/gabsiston/Documentos/projetos/airflow-data/venv/lib/python3.8/site-packages/airflow/example_dags/example_skip_dag.py for tasks to queue
[2022-10-11T20:27:06.392-0500] {logging_mixin.py:117} INFO - [2022-10-11T20:27:06.392-0500] {dagbag.py:525} INFO - Filling up the DagBag from /home/gabsiston/Documentos/projetos/airflow-data/venv/lib/python3.8/site-packages/airflow/example_dags/example_skip_dag.py
[2022-10-11T20:27:06.404-0500] {processor.py:768} INFO - DAG(s) dict_keys(['example_skip_dag']) retrieved from /home/gabsiston/Documentos/projetos/airflow-data/venv/lib/python3.8/site-packages/airflow/example_dags/example_skip_dag.py
[2022-10-11T20:27:06.426-0500] {logging_mixin.py:117} INFO - [2022-10-11T20:27:06.426-0500] {dag.py:2573} INFO - Sync 1 DAGs
[2022-10-11T20:27:06.442-0500] {logging_mixin.py:117} INFO - [2022-10-11T20:27:06.442-0500] {dag.py:3324} INFO - Setting next_dagrun for example_skip_dag to 2022-10-11T01:27:06.442616+00:00, run_after=2022-10-12T01:27:06.442616+00:00
[2022-10-11T20:27:06.463-0500] {processor.py:178} INFO - Processing /home/gabsiston/Documentos/projetos/airflow-data/venv/lib/python3.8/site-packages/airflow/example_dags/example_skip_dag.py took 0.075 seconds
[2022-10-11T20:27:42.866-0500] {processor.py:156} INFO - Started process (PID=9528) to work on /home/gabsiston/Documentos/projetos/airflow-data/venv/lib/python3.8/site-packages/airflow/example_dags/example_skip_dag.py
[2022-10-11T20:27:42.867-0500] {processor.py:758} INFO - Processing file /home/gabsiston/Documentos/projetos/airflow-data/venv/lib/python3.8/site-packages/airflow/example_dags/example_skip_dag.py for tasks to queue
[2022-10-11T20:27:42.867-0500] {logging_mixin.py:117} INFO - [2022-10-11T20:27:42.867-0500] {dagbag.py:525} INFO - Filling up the DagBag from /home/gabsiston/Documentos/projetos/airflow-data/venv/lib/python3.8/site-packages/airflow/example_dags/example_skip_dag.py
[2022-10-11T20:27:42.878-0500] {processor.py:768} INFO - DAG(s) dict_keys(['example_skip_dag']) retrieved from /home/gabsiston/Documentos/projetos/airflow-data/venv/lib/python3.8/site-packages/airflow/example_dags/example_skip_dag.py
[2022-10-11T20:27:42.896-0500] {logging_mixin.py:117} INFO - [2022-10-11T20:27:42.896-0500] {dag.py:2573} INFO - Sync 1 DAGs
[2022-10-11T20:27:42.911-0500] {logging_mixin.py:117} INFO - [2022-10-11T20:27:42.910-0500] {dag.py:3324} INFO - Setting next_dagrun for example_skip_dag to 2022-10-11T01:27:42.910703+00:00, run_after=2022-10-12T01:27:42.910703+00:00
[2022-10-11T20:27:42.932-0500] {processor.py:178} INFO - Processing /home/gabsiston/Documentos/projetos/airflow-data/venv/lib/python3.8/site-packages/airflow/example_dags/example_skip_dag.py took 0.068 seconds
[2022-10-11T20:28:18.628-0500] {processor.py:156} INFO - Started process (PID=9854) to work on /home/gabsiston/Documentos/projetos/airflow-data/venv/lib/python3.8/site-packages/airflow/example_dags/example_skip_dag.py
[2022-10-11T20:28:18.631-0500] {processor.py:758} INFO - Processing file /home/gabsiston/Documentos/projetos/airflow-data/venv/lib/python3.8/site-packages/airflow/example_dags/example_skip_dag.py for tasks to queue
[2022-10-11T20:28:18.631-0500] {logging_mixin.py:117} INFO - [2022-10-11T20:28:18.631-0500] {dagbag.py:525} INFO - Filling up the DagBag from /home/gabsiston/Documentos/projetos/airflow-data/venv/lib/python3.8/site-packages/airflow/example_dags/example_skip_dag.py
[2022-10-11T20:28:18.645-0500] {processor.py:768} INFO - DAG(s) dict_keys(['example_skip_dag']) retrieved from /home/gabsiston/Documentos/projetos/airflow-data/venv/lib/python3.8/site-packages/airflow/example_dags/example_skip_dag.py
[2022-10-11T20:28:18.666-0500] {logging_mixin.py:117} INFO - [2022-10-11T20:28:18.666-0500] {dag.py:2573} INFO - Sync 1 DAGs
[2022-10-11T20:28:18.681-0500] {logging_mixin.py:117} INFO - [2022-10-11T20:28:18.681-0500] {dag.py:3324} INFO - Setting next_dagrun for example_skip_dag to 2022-10-11T01:28:18.681268+00:00, run_after=2022-10-12T01:28:18.681268+00:00
[2022-10-11T20:28:18.711-0500] {processor.py:178} INFO - Processing /home/gabsiston/Documentos/projetos/airflow-data/venv/lib/python3.8/site-packages/airflow/example_dags/example_skip_dag.py took 0.085 seconds
[2022-10-11T20:28:53.791-0500] {processor.py:156} INFO - Started process (PID=10093) to work on /home/gabsiston/Documentos/projetos/airflow-data/venv/lib/python3.8/site-packages/airflow/example_dags/example_skip_dag.py
[2022-10-11T20:28:53.792-0500] {processor.py:758} INFO - Processing file /home/gabsiston/Documentos/projetos/airflow-data/venv/lib/python3.8/site-packages/airflow/example_dags/example_skip_dag.py for tasks to queue
[2022-10-11T20:28:53.793-0500] {logging_mixin.py:117} INFO - [2022-10-11T20:28:53.792-0500] {dagbag.py:525} INFO - Filling up the DagBag from /home/gabsiston/Documentos/projetos/airflow-data/venv/lib/python3.8/site-packages/airflow/example_dags/example_skip_dag.py
[2022-10-11T20:28:53.807-0500] {processor.py:768} INFO - DAG(s) dict_keys(['example_skip_dag']) retrieved from /home/gabsiston/Documentos/projetos/airflow-data/venv/lib/python3.8/site-packages/airflow/example_dags/example_skip_dag.py
[2022-10-11T20:28:53.828-0500] {logging_mixin.py:117} INFO - [2022-10-11T20:28:53.828-0500] {dag.py:2573} INFO - Sync 1 DAGs
[2022-10-11T20:28:53.843-0500] {logging_mixin.py:117} INFO - [2022-10-11T20:28:53.843-0500] {dag.py:3324} INFO - Setting next_dagrun for example_skip_dag to 2022-10-11T01:28:53.843640+00:00, run_after=2022-10-12T01:28:53.843640+00:00
[2022-10-11T20:28:53.866-0500] {processor.py:178} INFO - Processing /home/gabsiston/Documentos/projetos/airflow-data/venv/lib/python3.8/site-packages/airflow/example_dags/example_skip_dag.py took 0.078 seconds
[2022-10-11T20:29:30.644-0500] {processor.py:156} INFO - Started process (PID=10323) to work on /home/gabsiston/Documentos/projetos/airflow-data/venv/lib/python3.8/site-packages/airflow/example_dags/example_skip_dag.py
[2022-10-11T20:29:30.647-0500] {processor.py:758} INFO - Processing file /home/gabsiston/Documentos/projetos/airflow-data/venv/lib/python3.8/site-packages/airflow/example_dags/example_skip_dag.py for tasks to queue
[2022-10-11T20:29:30.649-0500] {logging_mixin.py:117} INFO - [2022-10-11T20:29:30.648-0500] {dagbag.py:525} INFO - Filling up the DagBag from /home/gabsiston/Documentos/projetos/airflow-data/venv/lib/python3.8/site-packages/airflow/example_dags/example_skip_dag.py
[2022-10-11T20:29:30.668-0500] {processor.py:768} INFO - DAG(s) dict_keys(['example_skip_dag']) retrieved from /home/gabsiston/Documentos/projetos/airflow-data/venv/lib/python3.8/site-packages/airflow/example_dags/example_skip_dag.py
[2022-10-11T20:29:30.688-0500] {logging_mixin.py:117} INFO - [2022-10-11T20:29:30.688-0500] {dag.py:2573} INFO - Sync 1 DAGs
[2022-10-11T20:29:30.706-0500] {logging_mixin.py:117} INFO - [2022-10-11T20:29:30.706-0500] {dag.py:3324} INFO - Setting next_dagrun for example_skip_dag to 2022-10-11T01:29:30.706092+00:00, run_after=2022-10-12T01:29:30.706092+00:00
[2022-10-11T20:29:30.731-0500] {processor.py:178} INFO - Processing /home/gabsiston/Documentos/projetos/airflow-data/venv/lib/python3.8/site-packages/airflow/example_dags/example_skip_dag.py took 0.091 seconds
[2022-10-11T20:30:06.303-0500] {processor.py:156} INFO - Started process (PID=10505) to work on /home/gabsiston/Documentos/projetos/airflow-data/venv/lib/python3.8/site-packages/airflow/example_dags/example_skip_dag.py
[2022-10-11T20:30:06.304-0500] {processor.py:758} INFO - Processing file /home/gabsiston/Documentos/projetos/airflow-data/venv/lib/python3.8/site-packages/airflow/example_dags/example_skip_dag.py for tasks to queue
[2022-10-11T20:30:06.304-0500] {logging_mixin.py:117} INFO - [2022-10-11T20:30:06.304-0500] {dagbag.py:525} INFO - Filling up the DagBag from /home/gabsiston/Documentos/projetos/airflow-data/venv/lib/python3.8/site-packages/airflow/example_dags/example_skip_dag.py
[2022-10-11T20:30:06.316-0500] {processor.py:768} INFO - DAG(s) dict_keys(['example_skip_dag']) retrieved from /home/gabsiston/Documentos/projetos/airflow-data/venv/lib/python3.8/site-packages/airflow/example_dags/example_skip_dag.py
[2022-10-11T20:30:06.335-0500] {logging_mixin.py:117} INFO - [2022-10-11T20:30:06.335-0500] {dag.py:2573} INFO - Sync 1 DAGs
[2022-10-11T20:30:06.350-0500] {logging_mixin.py:117} INFO - [2022-10-11T20:30:06.350-0500] {dag.py:3324} INFO - Setting next_dagrun for example_skip_dag to 2022-10-11T01:30:06.350582+00:00, run_after=2022-10-12T01:30:06.350582+00:00
[2022-10-11T20:30:06.372-0500] {processor.py:178} INFO - Processing /home/gabsiston/Documentos/projetos/airflow-data/venv/lib/python3.8/site-packages/airflow/example_dags/example_skip_dag.py took 0.071 seconds
[2022-10-11T20:30:39.607-0500] {processor.py:156} INFO - Started process (PID=10737) to work on /home/gabsiston/Documentos/projetos/airflow-data/venv/lib/python3.8/site-packages/airflow/example_dags/example_skip_dag.py
[2022-10-11T20:30:39.609-0500] {processor.py:758} INFO - Processing file /home/gabsiston/Documentos/projetos/airflow-data/venv/lib/python3.8/site-packages/airflow/example_dags/example_skip_dag.py for tasks to queue
[2022-10-11T20:30:39.610-0500] {logging_mixin.py:117} INFO - [2022-10-11T20:30:39.610-0500] {dagbag.py:525} INFO - Filling up the DagBag from /home/gabsiston/Documentos/projetos/airflow-data/venv/lib/python3.8/site-packages/airflow/example_dags/example_skip_dag.py
[2022-10-11T20:30:39.632-0500] {processor.py:768} INFO - DAG(s) dict_keys(['example_skip_dag']) retrieved from /home/gabsiston/Documentos/projetos/airflow-data/venv/lib/python3.8/site-packages/airflow/example_dags/example_skip_dag.py
[2022-10-11T20:30:39.656-0500] {logging_mixin.py:117} INFO - [2022-10-11T20:30:39.655-0500] {dag.py:2573} INFO - Sync 1 DAGs
[2022-10-11T20:30:39.673-0500] {logging_mixin.py:117} INFO - [2022-10-11T20:30:39.673-0500] {dag.py:3324} INFO - Setting next_dagrun for example_skip_dag to 2022-10-11T01:30:39.673437+00:00, run_after=2022-10-12T01:30:39.673437+00:00
[2022-10-11T20:30:39.705-0500] {processor.py:178} INFO - Processing /home/gabsiston/Documentos/projetos/airflow-data/venv/lib/python3.8/site-packages/airflow/example_dags/example_skip_dag.py took 0.101 seconds
[2022-10-11T20:31:15.407-0500] {processor.py:156} INFO - Started process (PID=11023) to work on /home/gabsiston/Documentos/projetos/airflow-data/venv/lib/python3.8/site-packages/airflow/example_dags/example_skip_dag.py
[2022-10-11T20:31:15.408-0500] {processor.py:758} INFO - Processing file /home/gabsiston/Documentos/projetos/airflow-data/venv/lib/python3.8/site-packages/airflow/example_dags/example_skip_dag.py for tasks to queue
[2022-10-11T20:31:15.409-0500] {logging_mixin.py:117} INFO - [2022-10-11T20:31:15.409-0500] {dagbag.py:525} INFO - Filling up the DagBag from /home/gabsiston/Documentos/projetos/airflow-data/venv/lib/python3.8/site-packages/airflow/example_dags/example_skip_dag.py
[2022-10-11T20:31:15.419-0500] {processor.py:768} INFO - DAG(s) dict_keys(['example_skip_dag']) retrieved from /home/gabsiston/Documentos/projetos/airflow-data/venv/lib/python3.8/site-packages/airflow/example_dags/example_skip_dag.py
[2022-10-11T20:31:15.436-0500] {logging_mixin.py:117} INFO - [2022-10-11T20:31:15.436-0500] {dag.py:2573} INFO - Sync 1 DAGs
[2022-10-11T20:31:15.449-0500] {logging_mixin.py:117} INFO - [2022-10-11T20:31:15.449-0500] {dag.py:3324} INFO - Setting next_dagrun for example_skip_dag to 2022-10-11T01:31:15.449437+00:00, run_after=2022-10-12T01:31:15.449437+00:00
[2022-10-11T20:31:15.476-0500] {processor.py:178} INFO - Processing /home/gabsiston/Documentos/projetos/airflow-data/venv/lib/python3.8/site-packages/airflow/example_dags/example_skip_dag.py took 0.070 seconds
[2022-10-11T20:31:50.710-0500] {processor.py:156} INFO - Started process (PID=11322) to work on /home/gabsiston/Documentos/projetos/airflow-data/venv/lib/python3.8/site-packages/airflow/example_dags/example_skip_dag.py
[2022-10-11T20:31:50.712-0500] {processor.py:758} INFO - Processing file /home/gabsiston/Documentos/projetos/airflow-data/venv/lib/python3.8/site-packages/airflow/example_dags/example_skip_dag.py for tasks to queue
[2022-10-11T20:31:50.712-0500] {logging_mixin.py:117} INFO - [2022-10-11T20:31:50.712-0500] {dagbag.py:525} INFO - Filling up the DagBag from /home/gabsiston/Documentos/projetos/airflow-data/venv/lib/python3.8/site-packages/airflow/example_dags/example_skip_dag.py
[2022-10-11T20:31:50.724-0500] {processor.py:768} INFO - DAG(s) dict_keys(['example_skip_dag']) retrieved from /home/gabsiston/Documentos/projetos/airflow-data/venv/lib/python3.8/site-packages/airflow/example_dags/example_skip_dag.py
[2022-10-11T20:31:50.743-0500] {logging_mixin.py:117} INFO - [2022-10-11T20:31:50.743-0500] {dag.py:2573} INFO - Sync 1 DAGs
[2022-10-11T20:31:50.760-0500] {logging_mixin.py:117} INFO - [2022-10-11T20:31:50.759-0500] {dag.py:3324} INFO - Setting next_dagrun for example_skip_dag to 2022-10-11T01:31:50.759668+00:00, run_after=2022-10-12T01:31:50.759668+00:00
[2022-10-11T20:31:50.781-0500] {processor.py:178} INFO - Processing /home/gabsiston/Documentos/projetos/airflow-data/venv/lib/python3.8/site-packages/airflow/example_dags/example_skip_dag.py took 0.073 seconds
[2022-10-11T20:32:27.199-0500] {processor.py:156} INFO - Started process (PID=11513) to work on /home/gabsiston/Documentos/projetos/airflow-data/venv/lib/python3.8/site-packages/airflow/example_dags/example_skip_dag.py
[2022-10-11T20:32:27.201-0500] {processor.py:758} INFO - Processing file /home/gabsiston/Documentos/projetos/airflow-data/venv/lib/python3.8/site-packages/airflow/example_dags/example_skip_dag.py for tasks to queue
[2022-10-11T20:32:27.202-0500] {logging_mixin.py:117} INFO - [2022-10-11T20:32:27.202-0500] {dagbag.py:525} INFO - Filling up the DagBag from /home/gabsiston/Documentos/projetos/airflow-data/venv/lib/python3.8/site-packages/airflow/example_dags/example_skip_dag.py
[2022-10-11T20:32:27.218-0500] {processor.py:768} INFO - DAG(s) dict_keys(['example_skip_dag']) retrieved from /home/gabsiston/Documentos/projetos/airflow-data/venv/lib/python3.8/site-packages/airflow/example_dags/example_skip_dag.py
[2022-10-11T20:32:27.244-0500] {logging_mixin.py:117} INFO - [2022-10-11T20:32:27.244-0500] {dag.py:2573} INFO - Sync 1 DAGs
[2022-10-11T20:32:27.267-0500] {logging_mixin.py:117} INFO - [2022-10-11T20:32:27.267-0500] {dag.py:3324} INFO - Setting next_dagrun for example_skip_dag to 2022-10-11T01:32:27.267016+00:00, run_after=2022-10-12T01:32:27.267016+00:00
[2022-10-11T20:32:27.288-0500] {processor.py:178} INFO - Processing /home/gabsiston/Documentos/projetos/airflow-data/venv/lib/python3.8/site-packages/airflow/example_dags/example_skip_dag.py took 0.092 seconds
[2022-10-11T20:33:00.063-0500] {processor.py:156} INFO - Started process (PID=11993) to work on /home/gabsiston/Documentos/projetos/airflow-data/venv/lib/python3.8/site-packages/airflow/example_dags/example_skip_dag.py
[2022-10-11T20:33:00.064-0500] {processor.py:758} INFO - Processing file /home/gabsiston/Documentos/projetos/airflow-data/venv/lib/python3.8/site-packages/airflow/example_dags/example_skip_dag.py for tasks to queue
[2022-10-11T20:33:00.064-0500] {logging_mixin.py:117} INFO - [2022-10-11T20:33:00.064-0500] {dagbag.py:525} INFO - Filling up the DagBag from /home/gabsiston/Documentos/projetos/airflow-data/venv/lib/python3.8/site-packages/airflow/example_dags/example_skip_dag.py
[2022-10-11T20:33:00.075-0500] {processor.py:768} INFO - DAG(s) dict_keys(['example_skip_dag']) retrieved from /home/gabsiston/Documentos/projetos/airflow-data/venv/lib/python3.8/site-packages/airflow/example_dags/example_skip_dag.py
[2022-10-11T20:33:00.095-0500] {logging_mixin.py:117} INFO - [2022-10-11T20:33:00.094-0500] {dag.py:2573} INFO - Sync 1 DAGs
[2022-10-11T20:33:00.110-0500] {logging_mixin.py:117} INFO - [2022-10-11T20:33:00.110-0500] {dag.py:3324} INFO - Setting next_dagrun for example_skip_dag to 2022-10-11T01:33:00.109936+00:00, run_after=2022-10-12T01:33:00.109936+00:00
[2022-10-11T20:33:00.129-0500] {processor.py:178} INFO - Processing /home/gabsiston/Documentos/projetos/airflow-data/venv/lib/python3.8/site-packages/airflow/example_dags/example_skip_dag.py took 0.068 seconds
[2022-10-11T20:33:36.380-0500] {processor.py:156} INFO - Started process (PID=12191) to work on /home/gabsiston/Documentos/projetos/airflow-data/venv/lib/python3.8/site-packages/airflow/example_dags/example_skip_dag.py
[2022-10-11T20:33:36.383-0500] {processor.py:758} INFO - Processing file /home/gabsiston/Documentos/projetos/airflow-data/venv/lib/python3.8/site-packages/airflow/example_dags/example_skip_dag.py for tasks to queue
[2022-10-11T20:33:36.383-0500] {logging_mixin.py:117} INFO - [2022-10-11T20:33:36.383-0500] {dagbag.py:525} INFO - Filling up the DagBag from /home/gabsiston/Documentos/projetos/airflow-data/venv/lib/python3.8/site-packages/airflow/example_dags/example_skip_dag.py
[2022-10-11T20:33:36.401-0500] {processor.py:768} INFO - DAG(s) dict_keys(['example_skip_dag']) retrieved from /home/gabsiston/Documentos/projetos/airflow-data/venv/lib/python3.8/site-packages/airflow/example_dags/example_skip_dag.py
[2022-10-11T20:33:36.424-0500] {logging_mixin.py:117} INFO - [2022-10-11T20:33:36.424-0500] {dag.py:2573} INFO - Sync 1 DAGs
[2022-10-11T20:33:36.442-0500] {logging_mixin.py:117} INFO - [2022-10-11T20:33:36.441-0500] {dag.py:3324} INFO - Setting next_dagrun for example_skip_dag to 2022-10-11T01:33:36.441772+00:00, run_after=2022-10-12T01:33:36.441772+00:00
[2022-10-11T20:33:36.462-0500] {processor.py:178} INFO - Processing /home/gabsiston/Documentos/projetos/airflow-data/venv/lib/python3.8/site-packages/airflow/example_dags/example_skip_dag.py took 0.086 seconds
[2022-10-11T20:34:12.614-0500] {processor.py:156} INFO - Started process (PID=12373) to work on /home/gabsiston/Documentos/projetos/airflow-data/venv/lib/python3.8/site-packages/airflow/example_dags/example_skip_dag.py
[2022-10-11T20:34:12.615-0500] {processor.py:758} INFO - Processing file /home/gabsiston/Documentos/projetos/airflow-data/venv/lib/python3.8/site-packages/airflow/example_dags/example_skip_dag.py for tasks to queue
[2022-10-11T20:34:12.615-0500] {logging_mixin.py:117} INFO - [2022-10-11T20:34:12.615-0500] {dagbag.py:525} INFO - Filling up the DagBag from /home/gabsiston/Documentos/projetos/airflow-data/venv/lib/python3.8/site-packages/airflow/example_dags/example_skip_dag.py
[2022-10-11T20:34:12.625-0500] {processor.py:768} INFO - DAG(s) dict_keys(['example_skip_dag']) retrieved from /home/gabsiston/Documentos/projetos/airflow-data/venv/lib/python3.8/site-packages/airflow/example_dags/example_skip_dag.py
[2022-10-11T20:34:12.642-0500] {logging_mixin.py:117} INFO - [2022-10-11T20:34:12.642-0500] {dag.py:2573} INFO - Sync 1 DAGs
[2022-10-11T20:34:12.655-0500] {logging_mixin.py:117} INFO - [2022-10-11T20:34:12.655-0500] {dag.py:3324} INFO - Setting next_dagrun for example_skip_dag to 2022-10-11T01:34:12.655390+00:00, run_after=2022-10-12T01:34:12.655390+00:00
[2022-10-11T20:34:12.695-0500] {processor.py:178} INFO - Processing /home/gabsiston/Documentos/projetos/airflow-data/venv/lib/python3.8/site-packages/airflow/example_dags/example_skip_dag.py took 0.082 seconds
[2022-10-11T20:34:47.962-0500] {processor.py:156} INFO - Started process (PID=12571) to work on /home/gabsiston/Documentos/projetos/airflow-data/venv/lib/python3.8/site-packages/airflow/example_dags/example_skip_dag.py
[2022-10-11T20:34:47.963-0500] {processor.py:758} INFO - Processing file /home/gabsiston/Documentos/projetos/airflow-data/venv/lib/python3.8/site-packages/airflow/example_dags/example_skip_dag.py for tasks to queue
[2022-10-11T20:34:47.964-0500] {logging_mixin.py:117} INFO - [2022-10-11T20:34:47.964-0500] {dagbag.py:525} INFO - Filling up the DagBag from /home/gabsiston/Documentos/projetos/airflow-data/venv/lib/python3.8/site-packages/airflow/example_dags/example_skip_dag.py
[2022-10-11T20:34:47.981-0500] {processor.py:768} INFO - DAG(s) dict_keys(['example_skip_dag']) retrieved from /home/gabsiston/Documentos/projetos/airflow-data/venv/lib/python3.8/site-packages/airflow/example_dags/example_skip_dag.py
[2022-10-11T20:34:48.006-0500] {logging_mixin.py:117} INFO - [2022-10-11T20:34:48.006-0500] {dag.py:2573} INFO - Sync 1 DAGs
[2022-10-11T20:34:48.023-0500] {logging_mixin.py:117} INFO - [2022-10-11T20:34:48.023-0500] {dag.py:3324} INFO - Setting next_dagrun for example_skip_dag to 2022-10-11T01:34:48.023537+00:00, run_after=2022-10-12T01:34:48.023537+00:00
[2022-10-11T20:34:48.045-0500] {processor.py:178} INFO - Processing /home/gabsiston/Documentos/projetos/airflow-data/venv/lib/python3.8/site-packages/airflow/example_dags/example_skip_dag.py took 0.086 seconds
[2022-10-11T20:35:19.655-0500] {processor.py:156} INFO - Started process (PID=12786) to work on /home/gabsiston/Documentos/projetos/airflow-data/venv/lib/python3.8/site-packages/airflow/example_dags/example_skip_dag.py
[2022-10-11T20:35:19.658-0500] {processor.py:758} INFO - Processing file /home/gabsiston/Documentos/projetos/airflow-data/venv/lib/python3.8/site-packages/airflow/example_dags/example_skip_dag.py for tasks to queue
[2022-10-11T20:35:19.659-0500] {logging_mixin.py:117} INFO - [2022-10-11T20:35:19.659-0500] {dagbag.py:525} INFO - Filling up the DagBag from /home/gabsiston/Documentos/projetos/airflow-data/venv/lib/python3.8/site-packages/airflow/example_dags/example_skip_dag.py
[2022-10-11T20:35:19.687-0500] {processor.py:768} INFO - DAG(s) dict_keys(['example_skip_dag']) retrieved from /home/gabsiston/Documentos/projetos/airflow-data/venv/lib/python3.8/site-packages/airflow/example_dags/example_skip_dag.py
[2022-10-11T20:35:19.710-0500] {logging_mixin.py:117} INFO - [2022-10-11T20:35:19.710-0500] {dag.py:2573} INFO - Sync 1 DAGs
[2022-10-11T20:35:19.726-0500] {logging_mixin.py:117} INFO - [2022-10-11T20:35:19.726-0500] {dag.py:3324} INFO - Setting next_dagrun for example_skip_dag to 2022-10-11T01:35:19.725974+00:00, run_after=2022-10-12T01:35:19.725974+00:00
[2022-10-11T20:35:19.755-0500] {processor.py:178} INFO - Processing /home/gabsiston/Documentos/projetos/airflow-data/venv/lib/python3.8/site-packages/airflow/example_dags/example_skip_dag.py took 0.104 seconds
[2022-10-11T20:35:55.311-0500] {processor.py:156} INFO - Started process (PID=12971) to work on /home/gabsiston/Documentos/projetos/airflow-data/venv/lib/python3.8/site-packages/airflow/example_dags/example_skip_dag.py
[2022-10-11T20:35:55.313-0500] {processor.py:758} INFO - Processing file /home/gabsiston/Documentos/projetos/airflow-data/venv/lib/python3.8/site-packages/airflow/example_dags/example_skip_dag.py for tasks to queue
[2022-10-11T20:35:55.313-0500] {logging_mixin.py:117} INFO - [2022-10-11T20:35:55.313-0500] {dagbag.py:525} INFO - Filling up the DagBag from /home/gabsiston/Documentos/projetos/airflow-data/venv/lib/python3.8/site-packages/airflow/example_dags/example_skip_dag.py
[2022-10-11T20:35:55.323-0500] {processor.py:768} INFO - DAG(s) dict_keys(['example_skip_dag']) retrieved from /home/gabsiston/Documentos/projetos/airflow-data/venv/lib/python3.8/site-packages/airflow/example_dags/example_skip_dag.py
[2022-10-11T20:35:55.340-0500] {logging_mixin.py:117} INFO - [2022-10-11T20:35:55.340-0500] {dag.py:2573} INFO - Sync 1 DAGs
[2022-10-11T20:35:55.353-0500] {logging_mixin.py:117} INFO - [2022-10-11T20:35:55.353-0500] {dag.py:3324} INFO - Setting next_dagrun for example_skip_dag to 2022-10-11T01:35:55.353524+00:00, run_after=2022-10-12T01:35:55.353524+00:00
[2022-10-11T20:35:55.372-0500] {processor.py:178} INFO - Processing /home/gabsiston/Documentos/projetos/airflow-data/venv/lib/python3.8/site-packages/airflow/example_dags/example_skip_dag.py took 0.063 seconds
[2022-10-11T20:36:28.476-0500] {processor.py:156} INFO - Started process (PID=13349) to work on /home/gabsiston/Documentos/projetos/airflow-data/venv/lib/python3.8/site-packages/airflow/example_dags/example_skip_dag.py
[2022-10-11T20:36:28.478-0500] {processor.py:758} INFO - Processing file /home/gabsiston/Documentos/projetos/airflow-data/venv/lib/python3.8/site-packages/airflow/example_dags/example_skip_dag.py for tasks to queue
[2022-10-11T20:36:28.478-0500] {logging_mixin.py:117} INFO - [2022-10-11T20:36:28.478-0500] {dagbag.py:525} INFO - Filling up the DagBag from /home/gabsiston/Documentos/projetos/airflow-data/venv/lib/python3.8/site-packages/airflow/example_dags/example_skip_dag.py
[2022-10-11T20:36:28.489-0500] {processor.py:768} INFO - DAG(s) dict_keys(['example_skip_dag']) retrieved from /home/gabsiston/Documentos/projetos/airflow-data/venv/lib/python3.8/site-packages/airflow/example_dags/example_skip_dag.py
[2022-10-11T20:36:28.508-0500] {logging_mixin.py:117} INFO - [2022-10-11T20:36:28.507-0500] {dag.py:2573} INFO - Sync 1 DAGs
[2022-10-11T20:36:28.522-0500] {logging_mixin.py:117} INFO - [2022-10-11T20:36:28.522-0500] {dag.py:3324} INFO - Setting next_dagrun for example_skip_dag to 2022-10-11T01:36:28.522695+00:00, run_after=2022-10-12T01:36:28.522695+00:00
[2022-10-11T20:36:28.542-0500] {processor.py:178} INFO - Processing /home/gabsiston/Documentos/projetos/airflow-data/venv/lib/python3.8/site-packages/airflow/example_dags/example_skip_dag.py took 0.068 seconds
[2022-10-11T20:37:02.842-0500] {processor.py:156} INFO - Started process (PID=13547) to work on /home/gabsiston/Documentos/projetos/airflow-data/venv/lib/python3.8/site-packages/airflow/example_dags/example_skip_dag.py
[2022-10-11T20:37:02.844-0500] {processor.py:758} INFO - Processing file /home/gabsiston/Documentos/projetos/airflow-data/venv/lib/python3.8/site-packages/airflow/example_dags/example_skip_dag.py for tasks to queue
[2022-10-11T20:37:02.844-0500] {logging_mixin.py:117} INFO - [2022-10-11T20:37:02.844-0500] {dagbag.py:525} INFO - Filling up the DagBag from /home/gabsiston/Documentos/projetos/airflow-data/venv/lib/python3.8/site-packages/airflow/example_dags/example_skip_dag.py
[2022-10-11T20:37:02.856-0500] {processor.py:768} INFO - DAG(s) dict_keys(['example_skip_dag']) retrieved from /home/gabsiston/Documentos/projetos/airflow-data/venv/lib/python3.8/site-packages/airflow/example_dags/example_skip_dag.py
[2022-10-11T20:37:02.875-0500] {logging_mixin.py:117} INFO - [2022-10-11T20:37:02.875-0500] {dag.py:2573} INFO - Sync 1 DAGs
[2022-10-11T20:37:02.892-0500] {logging_mixin.py:117} INFO - [2022-10-11T20:37:02.892-0500] {dag.py:3324} INFO - Setting next_dagrun for example_skip_dag to 2022-10-11T01:37:02.892002+00:00, run_after=2022-10-12T01:37:02.892002+00:00
[2022-10-11T20:37:02.913-0500] {processor.py:178} INFO - Processing /home/gabsiston/Documentos/projetos/airflow-data/venv/lib/python3.8/site-packages/airflow/example_dags/example_skip_dag.py took 0.075 seconds
