[2022-10-11T20:25:10.068-0500] {processor.py:156} INFO - Started process (PID=7655) to work on /home/gabsiston/Documentos/projetos/airflow-data/venv/lib/python3.8/site-packages/airflow/example_dags/example_trigger_controller_dag.py
[2022-10-11T20:25:10.069-0500] {processor.py:758} INFO - Processing file /home/gabsiston/Documentos/projetos/airflow-data/venv/lib/python3.8/site-packages/airflow/example_dags/example_trigger_controller_dag.py for tasks to queue
[2022-10-11T20:25:10.070-0500] {logging_mixin.py:117} INFO - [2022-10-11T20:25:10.070-0500] {dagbag.py:525} INFO - Filling up the DagBag from /home/gabsiston/Documentos/projetos/airflow-data/venv/lib/python3.8/site-packages/airflow/example_dags/example_trigger_controller_dag.py
[2022-10-11T20:25:10.083-0500] {processor.py:768} INFO - DAG(s) dict_keys(['example_trigger_controller_dag']) retrieved from /home/gabsiston/Documentos/projetos/airflow-data/venv/lib/python3.8/site-packages/airflow/example_dags/example_trigger_controller_dag.py
[2022-10-11T20:25:10.221-0500] {logging_mixin.py:117} INFO - [2022-10-11T20:25:10.221-0500] {manager.py:507} INFO - Created Permission View: can read on DAG:example_trigger_controller_dag
[2022-10-11T20:25:10.236-0500] {logging_mixin.py:117} INFO - [2022-10-11T20:25:10.236-0500] {manager.py:507} INFO - Created Permission View: can edit on DAG:example_trigger_controller_dag
[2022-10-11T20:25:10.250-0500] {logging_mixin.py:117} INFO - [2022-10-11T20:25:10.249-0500] {manager.py:507} INFO - Created Permission View: can delete on DAG:example_trigger_controller_dag
[2022-10-11T20:25:10.250-0500] {logging_mixin.py:117} INFO - [2022-10-11T20:25:10.250-0500] {dag.py:2573} INFO - Sync 1 DAGs
[2022-10-11T20:25:10.262-0500] {logging_mixin.py:117} INFO - [2022-10-11T20:25:10.262-0500] {dag.py:2594} INFO - Creating ORM DAG for example_trigger_controller_dag
[2022-10-11T20:25:10.274-0500] {logging_mixin.py:117} INFO - [2022-10-11T20:25:10.274-0500] {dag.py:3324} INFO - Setting next_dagrun for example_trigger_controller_dag to 2021-01-01T00:00:00+00:00, run_after=2021-01-01T00:00:00+00:00
[2022-10-11T20:25:10.305-0500] {processor.py:178} INFO - Processing /home/gabsiston/Documentos/projetos/airflow-data/venv/lib/python3.8/site-packages/airflow/example_dags/example_trigger_controller_dag.py took 0.239 seconds
[2022-10-11T20:25:52.906-0500] {processor.py:156} INFO - Started process (PID=8092) to work on /home/gabsiston/Documentos/projetos/airflow-data/venv/lib/python3.8/site-packages/airflow/example_dags/example_trigger_controller_dag.py
[2022-10-11T20:25:52.908-0500] {processor.py:758} INFO - Processing file /home/gabsiston/Documentos/projetos/airflow-data/venv/lib/python3.8/site-packages/airflow/example_dags/example_trigger_controller_dag.py for tasks to queue
[2022-10-11T20:25:52.908-0500] {logging_mixin.py:117} INFO - [2022-10-11T20:25:52.908-0500] {dagbag.py:525} INFO - Filling up the DagBag from /home/gabsiston/Documentos/projetos/airflow-data/venv/lib/python3.8/site-packages/airflow/example_dags/example_trigger_controller_dag.py
[2022-10-11T20:25:52.918-0500] {processor.py:768} INFO - DAG(s) dict_keys(['example_trigger_controller_dag']) retrieved from /home/gabsiston/Documentos/projetos/airflow-data/venv/lib/python3.8/site-packages/airflow/example_dags/example_trigger_controller_dag.py
[2022-10-11T20:25:52.937-0500] {logging_mixin.py:117} INFO - [2022-10-11T20:25:52.937-0500] {dag.py:2573} INFO - Sync 1 DAGs
[2022-10-11T20:25:52.955-0500] {logging_mixin.py:117} INFO - [2022-10-11T20:25:52.954-0500] {dag.py:3324} INFO - Setting next_dagrun for example_trigger_controller_dag to 2021-01-01T00:00:00+00:00, run_after=2021-01-01T00:00:00+00:00
[2022-10-11T20:25:52.976-0500] {processor.py:178} INFO - Processing /home/gabsiston/Documentos/projetos/airflow-data/venv/lib/python3.8/site-packages/airflow/example_dags/example_trigger_controller_dag.py took 0.072 seconds
[2022-10-11T20:26:28.755-0500] {processor.py:156} INFO - Started process (PID=8550) to work on /home/gabsiston/Documentos/projetos/airflow-data/venv/lib/python3.8/site-packages/airflow/example_dags/example_trigger_controller_dag.py
[2022-10-11T20:26:28.757-0500] {processor.py:758} INFO - Processing file /home/gabsiston/Documentos/projetos/airflow-data/venv/lib/python3.8/site-packages/airflow/example_dags/example_trigger_controller_dag.py for tasks to queue
[2022-10-11T20:26:28.758-0500] {logging_mixin.py:117} INFO - [2022-10-11T20:26:28.758-0500] {dagbag.py:525} INFO - Filling up the DagBag from /home/gabsiston/Documentos/projetos/airflow-data/venv/lib/python3.8/site-packages/airflow/example_dags/example_trigger_controller_dag.py
[2022-10-11T20:26:28.768-0500] {processor.py:768} INFO - DAG(s) dict_keys(['example_trigger_controller_dag']) retrieved from /home/gabsiston/Documentos/projetos/airflow-data/venv/lib/python3.8/site-packages/airflow/example_dags/example_trigger_controller_dag.py
[2022-10-11T20:26:28.788-0500] {logging_mixin.py:117} INFO - [2022-10-11T20:26:28.788-0500] {dag.py:2573} INFO - Sync 1 DAGs
[2022-10-11T20:26:28.805-0500] {logging_mixin.py:117} INFO - [2022-10-11T20:26:28.805-0500] {dag.py:3324} INFO - Setting next_dagrun for example_trigger_controller_dag to 2021-01-01T00:00:00+00:00, run_after=2021-01-01T00:00:00+00:00
[2022-10-11T20:26:28.827-0500] {processor.py:178} INFO - Processing /home/gabsiston/Documentos/projetos/airflow-data/venv/lib/python3.8/site-packages/airflow/example_dags/example_trigger_controller_dag.py took 0.074 seconds
[2022-10-11T20:27:03.527-0500] {processor.py:156} INFO - Started process (PID=9089) to work on /home/gabsiston/Documentos/projetos/airflow-data/venv/lib/python3.8/site-packages/airflow/example_dags/example_trigger_controller_dag.py
[2022-10-11T20:27:03.529-0500] {processor.py:758} INFO - Processing file /home/gabsiston/Documentos/projetos/airflow-data/venv/lib/python3.8/site-packages/airflow/example_dags/example_trigger_controller_dag.py for tasks to queue
[2022-10-11T20:27:03.529-0500] {logging_mixin.py:117} INFO - [2022-10-11T20:27:03.529-0500] {dagbag.py:525} INFO - Filling up the DagBag from /home/gabsiston/Documentos/projetos/airflow-data/venv/lib/python3.8/site-packages/airflow/example_dags/example_trigger_controller_dag.py
[2022-10-11T20:27:03.539-0500] {processor.py:768} INFO - DAG(s) dict_keys(['example_trigger_controller_dag']) retrieved from /home/gabsiston/Documentos/projetos/airflow-data/venv/lib/python3.8/site-packages/airflow/example_dags/example_trigger_controller_dag.py
[2022-10-11T20:27:03.560-0500] {logging_mixin.py:117} INFO - [2022-10-11T20:27:03.560-0500] {dag.py:2573} INFO - Sync 1 DAGs
[2022-10-11T20:27:03.576-0500] {logging_mixin.py:117} INFO - [2022-10-11T20:27:03.576-0500] {dag.py:3324} INFO - Setting next_dagrun for example_trigger_controller_dag to 2021-01-01T00:00:00+00:00, run_after=2021-01-01T00:00:00+00:00
[2022-10-11T20:27:03.597-0500] {processor.py:178} INFO - Processing /home/gabsiston/Documentos/projetos/airflow-data/venv/lib/python3.8/site-packages/airflow/example_dags/example_trigger_controller_dag.py took 0.072 seconds
[2022-10-11T20:27:39.872-0500] {processor.py:156} INFO - Started process (PID=9506) to work on /home/gabsiston/Documentos/projetos/airflow-data/venv/lib/python3.8/site-packages/airflow/example_dags/example_trigger_controller_dag.py
[2022-10-11T20:27:39.874-0500] {processor.py:758} INFO - Processing file /home/gabsiston/Documentos/projetos/airflow-data/venv/lib/python3.8/site-packages/airflow/example_dags/example_trigger_controller_dag.py for tasks to queue
[2022-10-11T20:27:39.874-0500] {logging_mixin.py:117} INFO - [2022-10-11T20:27:39.874-0500] {dagbag.py:525} INFO - Filling up the DagBag from /home/gabsiston/Documentos/projetos/airflow-data/venv/lib/python3.8/site-packages/airflow/example_dags/example_trigger_controller_dag.py
[2022-10-11T20:27:39.888-0500] {processor.py:768} INFO - DAG(s) dict_keys(['example_trigger_controller_dag']) retrieved from /home/gabsiston/Documentos/projetos/airflow-data/venv/lib/python3.8/site-packages/airflow/example_dags/example_trigger_controller_dag.py
[2022-10-11T20:27:39.912-0500] {logging_mixin.py:117} INFO - [2022-10-11T20:27:39.912-0500] {dag.py:2573} INFO - Sync 1 DAGs
[2022-10-11T20:27:39.927-0500] {logging_mixin.py:117} INFO - [2022-10-11T20:27:39.927-0500] {dag.py:3324} INFO - Setting next_dagrun for example_trigger_controller_dag to 2021-01-01T00:00:00+00:00, run_after=2021-01-01T00:00:00+00:00
[2022-10-11T20:27:39.950-0500] {processor.py:178} INFO - Processing /home/gabsiston/Documentos/projetos/airflow-data/venv/lib/python3.8/site-packages/airflow/example_dags/example_trigger_controller_dag.py took 0.082 seconds
[2022-10-11T20:28:15.218-0500] {processor.py:156} INFO - Started process (PID=9837) to work on /home/gabsiston/Documentos/projetos/airflow-data/venv/lib/python3.8/site-packages/airflow/example_dags/example_trigger_controller_dag.py
[2022-10-11T20:28:15.219-0500] {processor.py:758} INFO - Processing file /home/gabsiston/Documentos/projetos/airflow-data/venv/lib/python3.8/site-packages/airflow/example_dags/example_trigger_controller_dag.py for tasks to queue
[2022-10-11T20:28:15.220-0500] {logging_mixin.py:117} INFO - [2022-10-11T20:28:15.219-0500] {dagbag.py:525} INFO - Filling up the DagBag from /home/gabsiston/Documentos/projetos/airflow-data/venv/lib/python3.8/site-packages/airflow/example_dags/example_trigger_controller_dag.py
[2022-10-11T20:28:15.229-0500] {processor.py:768} INFO - DAG(s) dict_keys(['example_trigger_controller_dag']) retrieved from /home/gabsiston/Documentos/projetos/airflow-data/venv/lib/python3.8/site-packages/airflow/example_dags/example_trigger_controller_dag.py
[2022-10-11T20:28:15.247-0500] {logging_mixin.py:117} INFO - [2022-10-11T20:28:15.247-0500] {dag.py:2573} INFO - Sync 1 DAGs
[2022-10-11T20:28:15.260-0500] {logging_mixin.py:117} INFO - [2022-10-11T20:28:15.260-0500] {dag.py:3324} INFO - Setting next_dagrun for example_trigger_controller_dag to 2021-01-01T00:00:00+00:00, run_after=2021-01-01T00:00:00+00:00
[2022-10-11T20:28:15.290-0500] {processor.py:178} INFO - Processing /home/gabsiston/Documentos/projetos/airflow-data/venv/lib/python3.8/site-packages/airflow/example_dags/example_trigger_controller_dag.py took 0.074 seconds
[2022-10-11T20:28:50.608-0500] {processor.py:156} INFO - Started process (PID=10077) to work on /home/gabsiston/Documentos/projetos/airflow-data/venv/lib/python3.8/site-packages/airflow/example_dags/example_trigger_controller_dag.py
[2022-10-11T20:28:50.612-0500] {processor.py:758} INFO - Processing file /home/gabsiston/Documentos/projetos/airflow-data/venv/lib/python3.8/site-packages/airflow/example_dags/example_trigger_controller_dag.py for tasks to queue
[2022-10-11T20:28:50.613-0500] {logging_mixin.py:117} INFO - [2022-10-11T20:28:50.613-0500] {dagbag.py:525} INFO - Filling up the DagBag from /home/gabsiston/Documentos/projetos/airflow-data/venv/lib/python3.8/site-packages/airflow/example_dags/example_trigger_controller_dag.py
[2022-10-11T20:28:50.637-0500] {processor.py:768} INFO - DAG(s) dict_keys(['example_trigger_controller_dag']) retrieved from /home/gabsiston/Documentos/projetos/airflow-data/venv/lib/python3.8/site-packages/airflow/example_dags/example_trigger_controller_dag.py
[2022-10-11T20:28:50.659-0500] {logging_mixin.py:117} INFO - [2022-10-11T20:28:50.659-0500] {dag.py:2573} INFO - Sync 1 DAGs
[2022-10-11T20:28:50.675-0500] {logging_mixin.py:117} INFO - [2022-10-11T20:28:50.675-0500] {dag.py:3324} INFO - Setting next_dagrun for example_trigger_controller_dag to 2021-01-01T00:00:00+00:00, run_after=2021-01-01T00:00:00+00:00
[2022-10-11T20:28:50.702-0500] {processor.py:178} INFO - Processing /home/gabsiston/Documentos/projetos/airflow-data/venv/lib/python3.8/site-packages/airflow/example_dags/example_trigger_controller_dag.py took 0.103 seconds
[2022-10-11T20:29:28.034-0500] {processor.py:156} INFO - Started process (PID=10309) to work on /home/gabsiston/Documentos/projetos/airflow-data/venv/lib/python3.8/site-packages/airflow/example_dags/example_trigger_controller_dag.py
[2022-10-11T20:29:28.036-0500] {processor.py:758} INFO - Processing file /home/gabsiston/Documentos/projetos/airflow-data/venv/lib/python3.8/site-packages/airflow/example_dags/example_trigger_controller_dag.py for tasks to queue
[2022-10-11T20:29:28.037-0500] {logging_mixin.py:117} INFO - [2022-10-11T20:29:28.036-0500] {dagbag.py:525} INFO - Filling up the DagBag from /home/gabsiston/Documentos/projetos/airflow-data/venv/lib/python3.8/site-packages/airflow/example_dags/example_trigger_controller_dag.py
[2022-10-11T20:29:28.051-0500] {processor.py:768} INFO - DAG(s) dict_keys(['example_trigger_controller_dag']) retrieved from /home/gabsiston/Documentos/projetos/airflow-data/venv/lib/python3.8/site-packages/airflow/example_dags/example_trigger_controller_dag.py
[2022-10-11T20:29:28.075-0500] {logging_mixin.py:117} INFO - [2022-10-11T20:29:28.075-0500] {dag.py:2573} INFO - Sync 1 DAGs
[2022-10-11T20:29:28.092-0500] {logging_mixin.py:117} INFO - [2022-10-11T20:29:28.091-0500] {dag.py:3324} INFO - Setting next_dagrun for example_trigger_controller_dag to 2021-01-01T00:00:00+00:00, run_after=2021-01-01T00:00:00+00:00
[2022-10-11T20:29:28.113-0500] {processor.py:178} INFO - Processing /home/gabsiston/Documentos/projetos/airflow-data/venv/lib/python3.8/site-packages/airflow/example_dags/example_trigger_controller_dag.py took 0.083 seconds
[2022-10-11T20:30:03.177-0500] {processor.py:156} INFO - Started process (PID=10489) to work on /home/gabsiston/Documentos/projetos/airflow-data/venv/lib/python3.8/site-packages/airflow/example_dags/example_trigger_controller_dag.py
[2022-10-11T20:30:03.180-0500] {processor.py:758} INFO - Processing file /home/gabsiston/Documentos/projetos/airflow-data/venv/lib/python3.8/site-packages/airflow/example_dags/example_trigger_controller_dag.py for tasks to queue
[2022-10-11T20:30:03.183-0500] {logging_mixin.py:117} INFO - [2022-10-11T20:30:03.182-0500] {dagbag.py:525} INFO - Filling up the DagBag from /home/gabsiston/Documentos/projetos/airflow-data/venv/lib/python3.8/site-packages/airflow/example_dags/example_trigger_controller_dag.py
[2022-10-11T20:30:03.206-0500] {processor.py:768} INFO - DAG(s) dict_keys(['example_trigger_controller_dag']) retrieved from /home/gabsiston/Documentos/projetos/airflow-data/venv/lib/python3.8/site-packages/airflow/example_dags/example_trigger_controller_dag.py
[2022-10-11T20:30:03.229-0500] {logging_mixin.py:117} INFO - [2022-10-11T20:30:03.228-0500] {dag.py:2573} INFO - Sync 1 DAGs
[2022-10-11T20:30:03.247-0500] {logging_mixin.py:117} INFO - [2022-10-11T20:30:03.247-0500] {dag.py:3324} INFO - Setting next_dagrun for example_trigger_controller_dag to 2021-01-01T00:00:00+00:00, run_after=2021-01-01T00:00:00+00:00
[2022-10-11T20:30:03.271-0500] {processor.py:178} INFO - Processing /home/gabsiston/Documentos/projetos/airflow-data/venv/lib/python3.8/site-packages/airflow/example_dags/example_trigger_controller_dag.py took 0.103 seconds
[2022-10-11T20:30:36.737-0500] {processor.py:156} INFO - Started process (PID=10722) to work on /home/gabsiston/Documentos/projetos/airflow-data/venv/lib/python3.8/site-packages/airflow/example_dags/example_trigger_controller_dag.py
[2022-10-11T20:30:36.739-0500] {processor.py:758} INFO - Processing file /home/gabsiston/Documentos/projetos/airflow-data/venv/lib/python3.8/site-packages/airflow/example_dags/example_trigger_controller_dag.py for tasks to queue
[2022-10-11T20:30:36.740-0500] {logging_mixin.py:117} INFO - [2022-10-11T20:30:36.739-0500] {dagbag.py:525} INFO - Filling up the DagBag from /home/gabsiston/Documentos/projetos/airflow-data/venv/lib/python3.8/site-packages/airflow/example_dags/example_trigger_controller_dag.py
[2022-10-11T20:30:36.751-0500] {processor.py:768} INFO - DAG(s) dict_keys(['example_trigger_controller_dag']) retrieved from /home/gabsiston/Documentos/projetos/airflow-data/venv/lib/python3.8/site-packages/airflow/example_dags/example_trigger_controller_dag.py
[2022-10-11T20:30:36.777-0500] {logging_mixin.py:117} INFO - [2022-10-11T20:30:36.777-0500] {dag.py:2573} INFO - Sync 1 DAGs
[2022-10-11T20:30:36.795-0500] {logging_mixin.py:117} INFO - [2022-10-11T20:30:36.795-0500] {dag.py:3324} INFO - Setting next_dagrun for example_trigger_controller_dag to 2021-01-01T00:00:00+00:00, run_after=2021-01-01T00:00:00+00:00
[2022-10-11T20:30:36.817-0500] {processor.py:178} INFO - Processing /home/gabsiston/Documentos/projetos/airflow-data/venv/lib/python3.8/site-packages/airflow/example_dags/example_trigger_controller_dag.py took 0.084 seconds
[2022-10-11T20:31:08.985-0500] {processor.py:156} INFO - Started process (PID=10916) to work on /home/gabsiston/Documentos/projetos/airflow-data/venv/lib/python3.8/site-packages/airflow/example_dags/example_trigger_controller_dag.py
[2022-10-11T20:31:08.987-0500] {processor.py:758} INFO - Processing file /home/gabsiston/Documentos/projetos/airflow-data/venv/lib/python3.8/site-packages/airflow/example_dags/example_trigger_controller_dag.py for tasks to queue
[2022-10-11T20:31:08.988-0500] {logging_mixin.py:117} INFO - [2022-10-11T20:31:08.988-0500] {dagbag.py:525} INFO - Filling up the DagBag from /home/gabsiston/Documentos/projetos/airflow-data/venv/lib/python3.8/site-packages/airflow/example_dags/example_trigger_controller_dag.py
[2022-10-11T20:31:09.003-0500] {processor.py:768} INFO - DAG(s) dict_keys(['example_trigger_controller_dag']) retrieved from /home/gabsiston/Documentos/projetos/airflow-data/venv/lib/python3.8/site-packages/airflow/example_dags/example_trigger_controller_dag.py
[2022-10-11T20:31:09.027-0500] {logging_mixin.py:117} INFO - [2022-10-11T20:31:09.026-0500] {dag.py:2573} INFO - Sync 1 DAGs
[2022-10-11T20:31:09.045-0500] {logging_mixin.py:117} INFO - [2022-10-11T20:31:09.044-0500] {dag.py:3324} INFO - Setting next_dagrun for example_trigger_controller_dag to 2021-01-01T00:00:00+00:00, run_after=2021-01-01T00:00:00+00:00
[2022-10-11T20:31:09.075-0500] {processor.py:178} INFO - Processing /home/gabsiston/Documentos/projetos/airflow-data/venv/lib/python3.8/site-packages/airflow/example_dags/example_trigger_controller_dag.py took 0.094 seconds
[2022-10-11T20:31:43.180-0500] {processor.py:156} INFO - Started process (PID=11277) to work on /home/gabsiston/Documentos/projetos/airflow-data/venv/lib/python3.8/site-packages/airflow/example_dags/example_trigger_controller_dag.py
[2022-10-11T20:31:43.181-0500] {processor.py:758} INFO - Processing file /home/gabsiston/Documentos/projetos/airflow-data/venv/lib/python3.8/site-packages/airflow/example_dags/example_trigger_controller_dag.py for tasks to queue
[2022-10-11T20:31:43.181-0500] {logging_mixin.py:117} INFO - [2022-10-11T20:31:43.181-0500] {dagbag.py:525} INFO - Filling up the DagBag from /home/gabsiston/Documentos/projetos/airflow-data/venv/lib/python3.8/site-packages/airflow/example_dags/example_trigger_controller_dag.py
[2022-10-11T20:31:43.189-0500] {processor.py:768} INFO - DAG(s) dict_keys(['example_trigger_controller_dag']) retrieved from /home/gabsiston/Documentos/projetos/airflow-data/venv/lib/python3.8/site-packages/airflow/example_dags/example_trigger_controller_dag.py
[2022-10-11T20:31:43.205-0500] {logging_mixin.py:117} INFO - [2022-10-11T20:31:43.205-0500] {dag.py:2573} INFO - Sync 1 DAGs
[2022-10-11T20:31:43.218-0500] {logging_mixin.py:117} INFO - [2022-10-11T20:31:43.218-0500] {dag.py:3324} INFO - Setting next_dagrun for example_trigger_controller_dag to 2021-01-01T00:00:00+00:00, run_after=2021-01-01T00:00:00+00:00
[2022-10-11T20:31:43.244-0500] {processor.py:178} INFO - Processing /home/gabsiston/Documentos/projetos/airflow-data/venv/lib/python3.8/site-packages/airflow/example_dags/example_trigger_controller_dag.py took 0.066 seconds
[2022-10-11T20:32:20.763-0500] {processor.py:156} INFO - Started process (PID=11475) to work on /home/gabsiston/Documentos/projetos/airflow-data/venv/lib/python3.8/site-packages/airflow/example_dags/example_trigger_controller_dag.py
[2022-10-11T20:32:20.764-0500] {processor.py:758} INFO - Processing file /home/gabsiston/Documentos/projetos/airflow-data/venv/lib/python3.8/site-packages/airflow/example_dags/example_trigger_controller_dag.py for tasks to queue
[2022-10-11T20:32:20.764-0500] {logging_mixin.py:117} INFO - [2022-10-11T20:32:20.764-0500] {dagbag.py:525} INFO - Filling up the DagBag from /home/gabsiston/Documentos/projetos/airflow-data/venv/lib/python3.8/site-packages/airflow/example_dags/example_trigger_controller_dag.py
[2022-10-11T20:32:20.773-0500] {processor.py:768} INFO - DAG(s) dict_keys(['example_trigger_controller_dag']) retrieved from /home/gabsiston/Documentos/projetos/airflow-data/venv/lib/python3.8/site-packages/airflow/example_dags/example_trigger_controller_dag.py
[2022-10-11T20:32:20.792-0500] {logging_mixin.py:117} INFO - [2022-10-11T20:32:20.792-0500] {dag.py:2573} INFO - Sync 1 DAGs
[2022-10-11T20:32:20.806-0500] {logging_mixin.py:117} INFO - [2022-10-11T20:32:20.806-0500] {dag.py:3324} INFO - Setting next_dagrun for example_trigger_controller_dag to 2021-01-01T00:00:00+00:00, run_after=2021-01-01T00:00:00+00:00
[2022-10-11T20:32:20.827-0500] {processor.py:178} INFO - Processing /home/gabsiston/Documentos/projetos/airflow-data/venv/lib/python3.8/site-packages/airflow/example_dags/example_trigger_controller_dag.py took 0.067 seconds
[2022-10-11T20:32:54.918-0500] {processor.py:156} INFO - Started process (PID=11915) to work on /home/gabsiston/Documentos/projetos/airflow-data/venv/lib/python3.8/site-packages/airflow/example_dags/example_trigger_controller_dag.py
[2022-10-11T20:32:54.920-0500] {processor.py:758} INFO - Processing file /home/gabsiston/Documentos/projetos/airflow-data/venv/lib/python3.8/site-packages/airflow/example_dags/example_trigger_controller_dag.py for tasks to queue
[2022-10-11T20:32:54.921-0500] {logging_mixin.py:117} INFO - [2022-10-11T20:32:54.920-0500] {dagbag.py:525} INFO - Filling up the DagBag from /home/gabsiston/Documentos/projetos/airflow-data/venv/lib/python3.8/site-packages/airflow/example_dags/example_trigger_controller_dag.py
[2022-10-11T20:32:54.932-0500] {processor.py:768} INFO - DAG(s) dict_keys(['example_trigger_controller_dag']) retrieved from /home/gabsiston/Documentos/projetos/airflow-data/venv/lib/python3.8/site-packages/airflow/example_dags/example_trigger_controller_dag.py
[2022-10-11T20:32:54.954-0500] {logging_mixin.py:117} INFO - [2022-10-11T20:32:54.954-0500] {dag.py:2573} INFO - Sync 1 DAGs
[2022-10-11T20:32:54.971-0500] {logging_mixin.py:117} INFO - [2022-10-11T20:32:54.971-0500] {dag.py:3324} INFO - Setting next_dagrun for example_trigger_controller_dag to 2021-01-01T00:00:00+00:00, run_after=2021-01-01T00:00:00+00:00
[2022-10-11T20:32:54.993-0500] {processor.py:178} INFO - Processing /home/gabsiston/Documentos/projetos/airflow-data/venv/lib/python3.8/site-packages/airflow/example_dags/example_trigger_controller_dag.py took 0.078 seconds
[2022-10-11T20:33:28.946-0500] {processor.py:156} INFO - Started process (PID=12153) to work on /home/gabsiston/Documentos/projetos/airflow-data/venv/lib/python3.8/site-packages/airflow/example_dags/example_trigger_controller_dag.py
[2022-10-11T20:33:28.948-0500] {processor.py:758} INFO - Processing file /home/gabsiston/Documentos/projetos/airflow-data/venv/lib/python3.8/site-packages/airflow/example_dags/example_trigger_controller_dag.py for tasks to queue
[2022-10-11T20:33:28.948-0500] {logging_mixin.py:117} INFO - [2022-10-11T20:33:28.948-0500] {dagbag.py:525} INFO - Filling up the DagBag from /home/gabsiston/Documentos/projetos/airflow-data/venv/lib/python3.8/site-packages/airflow/example_dags/example_trigger_controller_dag.py
[2022-10-11T20:33:28.960-0500] {processor.py:768} INFO - DAG(s) dict_keys(['example_trigger_controller_dag']) retrieved from /home/gabsiston/Documentos/projetos/airflow-data/venv/lib/python3.8/site-packages/airflow/example_dags/example_trigger_controller_dag.py
[2022-10-11T20:33:28.982-0500] {logging_mixin.py:117} INFO - [2022-10-11T20:33:28.982-0500] {dag.py:2573} INFO - Sync 1 DAGs
[2022-10-11T20:33:29.001-0500] {logging_mixin.py:117} INFO - [2022-10-11T20:33:29.001-0500] {dag.py:3324} INFO - Setting next_dagrun for example_trigger_controller_dag to 2021-01-01T00:00:00+00:00, run_after=2021-01-01T00:00:00+00:00
[2022-10-11T20:33:29.025-0500] {processor.py:178} INFO - Processing /home/gabsiston/Documentos/projetos/airflow-data/venv/lib/python3.8/site-packages/airflow/example_dags/example_trigger_controller_dag.py took 0.081 seconds
[2022-10-11T20:34:05.747-0500] {processor.py:156} INFO - Started process (PID=12335) to work on /home/gabsiston/Documentos/projetos/airflow-data/venv/lib/python3.8/site-packages/airflow/example_dags/example_trigger_controller_dag.py
[2022-10-11T20:34:05.751-0500] {processor.py:758} INFO - Processing file /home/gabsiston/Documentos/projetos/airflow-data/venv/lib/python3.8/site-packages/airflow/example_dags/example_trigger_controller_dag.py for tasks to queue
[2022-10-11T20:34:05.753-0500] {logging_mixin.py:117} INFO - [2022-10-11T20:34:05.753-0500] {dagbag.py:525} INFO - Filling up the DagBag from /home/gabsiston/Documentos/projetos/airflow-data/venv/lib/python3.8/site-packages/airflow/example_dags/example_trigger_controller_dag.py
[2022-10-11T20:34:05.774-0500] {processor.py:768} INFO - DAG(s) dict_keys(['example_trigger_controller_dag']) retrieved from /home/gabsiston/Documentos/projetos/airflow-data/venv/lib/python3.8/site-packages/airflow/example_dags/example_trigger_controller_dag.py
[2022-10-11T20:34:05.796-0500] {logging_mixin.py:117} INFO - [2022-10-11T20:34:05.796-0500] {dag.py:2573} INFO - Sync 1 DAGs
[2022-10-11T20:34:05.812-0500] {logging_mixin.py:117} INFO - [2022-10-11T20:34:05.812-0500] {dag.py:3324} INFO - Setting next_dagrun for example_trigger_controller_dag to 2021-01-01T00:00:00+00:00, run_after=2021-01-01T00:00:00+00:00
[2022-10-11T20:34:05.842-0500] {processor.py:178} INFO - Processing /home/gabsiston/Documentos/projetos/airflow-data/venv/lib/python3.8/site-packages/airflow/example_dags/example_trigger_controller_dag.py took 0.103 seconds
[2022-10-11T20:34:41.028-0500] {processor.py:156} INFO - Started process (PID=12523) to work on /home/gabsiston/Documentos/projetos/airflow-data/venv/lib/python3.8/site-packages/airflow/example_dags/example_trigger_controller_dag.py
[2022-10-11T20:34:41.032-0500] {processor.py:758} INFO - Processing file /home/gabsiston/Documentos/projetos/airflow-data/venv/lib/python3.8/site-packages/airflow/example_dags/example_trigger_controller_dag.py for tasks to queue
[2022-10-11T20:34:41.034-0500] {logging_mixin.py:117} INFO - [2022-10-11T20:34:41.033-0500] {dagbag.py:525} INFO - Filling up the DagBag from /home/gabsiston/Documentos/projetos/airflow-data/venv/lib/python3.8/site-packages/airflow/example_dags/example_trigger_controller_dag.py
[2022-10-11T20:34:41.057-0500] {processor.py:768} INFO - DAG(s) dict_keys(['example_trigger_controller_dag']) retrieved from /home/gabsiston/Documentos/projetos/airflow-data/venv/lib/python3.8/site-packages/airflow/example_dags/example_trigger_controller_dag.py
[2022-10-11T20:34:41.079-0500] {logging_mixin.py:117} INFO - [2022-10-11T20:34:41.079-0500] {dag.py:2573} INFO - Sync 1 DAGs
[2022-10-11T20:34:41.095-0500] {logging_mixin.py:117} INFO - [2022-10-11T20:34:41.095-0500] {dag.py:3324} INFO - Setting next_dagrun for example_trigger_controller_dag to 2021-01-01T00:00:00+00:00, run_after=2021-01-01T00:00:00+00:00
[2022-10-11T20:34:41.116-0500] {processor.py:178} INFO - Processing /home/gabsiston/Documentos/projetos/airflow-data/venv/lib/python3.8/site-packages/airflow/example_dags/example_trigger_controller_dag.py took 0.096 seconds
[2022-10-11T20:35:12.976-0500] {processor.py:156} INFO - Started process (PID=12746) to work on /home/gabsiston/Documentos/projetos/airflow-data/venv/lib/python3.8/site-packages/airflow/example_dags/example_trigger_controller_dag.py
[2022-10-11T20:35:12.978-0500] {processor.py:758} INFO - Processing file /home/gabsiston/Documentos/projetos/airflow-data/venv/lib/python3.8/site-packages/airflow/example_dags/example_trigger_controller_dag.py for tasks to queue
[2022-10-11T20:35:12.979-0500] {logging_mixin.py:117} INFO - [2022-10-11T20:35:12.979-0500] {dagbag.py:525} INFO - Filling up the DagBag from /home/gabsiston/Documentos/projetos/airflow-data/venv/lib/python3.8/site-packages/airflow/example_dags/example_trigger_controller_dag.py
[2022-10-11T20:35:12.991-0500] {processor.py:768} INFO - DAG(s) dict_keys(['example_trigger_controller_dag']) retrieved from /home/gabsiston/Documentos/projetos/airflow-data/venv/lib/python3.8/site-packages/airflow/example_dags/example_trigger_controller_dag.py
[2022-10-11T20:35:13.013-0500] {logging_mixin.py:117} INFO - [2022-10-11T20:35:13.013-0500] {dag.py:2573} INFO - Sync 1 DAGs
[2022-10-11T20:35:13.030-0500] {logging_mixin.py:117} INFO - [2022-10-11T20:35:13.030-0500] {dag.py:3324} INFO - Setting next_dagrun for example_trigger_controller_dag to 2021-01-01T00:00:00+00:00, run_after=2021-01-01T00:00:00+00:00
[2022-10-11T20:35:13.053-0500] {processor.py:178} INFO - Processing /home/gabsiston/Documentos/projetos/airflow-data/venv/lib/python3.8/site-packages/airflow/example_dags/example_trigger_controller_dag.py took 0.080 seconds
[2022-10-11T20:35:48.042-0500] {processor.py:156} INFO - Started process (PID=12939) to work on /home/gabsiston/Documentos/projetos/airflow-data/venv/lib/python3.8/site-packages/airflow/example_dags/example_trigger_controller_dag.py
[2022-10-11T20:35:48.046-0500] {processor.py:758} INFO - Processing file /home/gabsiston/Documentos/projetos/airflow-data/venv/lib/python3.8/site-packages/airflow/example_dags/example_trigger_controller_dag.py for tasks to queue
[2022-10-11T20:35:48.048-0500] {logging_mixin.py:117} INFO - [2022-10-11T20:35:48.047-0500] {dagbag.py:525} INFO - Filling up the DagBag from /home/gabsiston/Documentos/projetos/airflow-data/venv/lib/python3.8/site-packages/airflow/example_dags/example_trigger_controller_dag.py
[2022-10-11T20:35:48.070-0500] {processor.py:768} INFO - DAG(s) dict_keys(['example_trigger_controller_dag']) retrieved from /home/gabsiston/Documentos/projetos/airflow-data/venv/lib/python3.8/site-packages/airflow/example_dags/example_trigger_controller_dag.py
[2022-10-11T20:35:48.091-0500] {logging_mixin.py:117} INFO - [2022-10-11T20:35:48.091-0500] {dag.py:2573} INFO - Sync 1 DAGs
[2022-10-11T20:35:48.106-0500] {logging_mixin.py:117} INFO - [2022-10-11T20:35:48.106-0500] {dag.py:3324} INFO - Setting next_dagrun for example_trigger_controller_dag to 2021-01-01T00:00:00+00:00, run_after=2021-01-01T00:00:00+00:00
[2022-10-11T20:35:48.127-0500] {processor.py:178} INFO - Processing /home/gabsiston/Documentos/projetos/airflow-data/venv/lib/python3.8/site-packages/airflow/example_dags/example_trigger_controller_dag.py took 0.093 seconds
[2022-10-11T20:36:25.729-0500] {processor.py:156} INFO - Started process (PID=13310) to work on /home/gabsiston/Documentos/projetos/airflow-data/venv/lib/python3.8/site-packages/airflow/example_dags/example_trigger_controller_dag.py
[2022-10-11T20:36:25.730-0500] {processor.py:758} INFO - Processing file /home/gabsiston/Documentos/projetos/airflow-data/venv/lib/python3.8/site-packages/airflow/example_dags/example_trigger_controller_dag.py for tasks to queue
[2022-10-11T20:36:25.730-0500] {logging_mixin.py:117} INFO - [2022-10-11T20:36:25.730-0500] {dagbag.py:525} INFO - Filling up the DagBag from /home/gabsiston/Documentos/projetos/airflow-data/venv/lib/python3.8/site-packages/airflow/example_dags/example_trigger_controller_dag.py
[2022-10-11T20:36:25.740-0500] {processor.py:768} INFO - DAG(s) dict_keys(['example_trigger_controller_dag']) retrieved from /home/gabsiston/Documentos/projetos/airflow-data/venv/lib/python3.8/site-packages/airflow/example_dags/example_trigger_controller_dag.py
[2022-10-11T20:36:25.760-0500] {logging_mixin.py:117} INFO - [2022-10-11T20:36:25.760-0500] {dag.py:2573} INFO - Sync 1 DAGs
[2022-10-11T20:36:25.777-0500] {logging_mixin.py:117} INFO - [2022-10-11T20:36:25.776-0500] {dag.py:3324} INFO - Setting next_dagrun for example_trigger_controller_dag to 2021-01-01T00:00:00+00:00, run_after=2021-01-01T00:00:00+00:00
[2022-10-11T20:36:25.799-0500] {processor.py:178} INFO - Processing /home/gabsiston/Documentos/projetos/airflow-data/venv/lib/python3.8/site-packages/airflow/example_dags/example_trigger_controller_dag.py took 0.072 seconds
[2022-10-11T20:36:59.387-0500] {processor.py:156} INFO - Started process (PID=13530) to work on /home/gabsiston/Documentos/projetos/airflow-data/venv/lib/python3.8/site-packages/airflow/example_dags/example_trigger_controller_dag.py
[2022-10-11T20:36:59.388-0500] {processor.py:758} INFO - Processing file /home/gabsiston/Documentos/projetos/airflow-data/venv/lib/python3.8/site-packages/airflow/example_dags/example_trigger_controller_dag.py for tasks to queue
[2022-10-11T20:36:59.388-0500] {logging_mixin.py:117} INFO - [2022-10-11T20:36:59.388-0500] {dagbag.py:525} INFO - Filling up the DagBag from /home/gabsiston/Documentos/projetos/airflow-data/venv/lib/python3.8/site-packages/airflow/example_dags/example_trigger_controller_dag.py
[2022-10-11T20:36:59.399-0500] {processor.py:768} INFO - DAG(s) dict_keys(['example_trigger_controller_dag']) retrieved from /home/gabsiston/Documentos/projetos/airflow-data/venv/lib/python3.8/site-packages/airflow/example_dags/example_trigger_controller_dag.py
[2022-10-11T20:36:59.419-0500] {logging_mixin.py:117} INFO - [2022-10-11T20:36:59.419-0500] {dag.py:2573} INFO - Sync 1 DAGs
[2022-10-11T20:36:59.433-0500] {logging_mixin.py:117} INFO - [2022-10-11T20:36:59.433-0500] {dag.py:3324} INFO - Setting next_dagrun for example_trigger_controller_dag to 2021-01-01T00:00:00+00:00, run_after=2021-01-01T00:00:00+00:00
[2022-10-11T20:36:59.455-0500] {processor.py:178} INFO - Processing /home/gabsiston/Documentos/projetos/airflow-data/venv/lib/python3.8/site-packages/airflow/example_dags/example_trigger_controller_dag.py took 0.069 seconds
