[2022-10-11T20:25:25.786-0500] {processor.py:156} INFO - Started process (PID=7825) to work on /home/gabsiston/Documentos/projetos/airflow-data/venv/lib/python3.8/site-packages/airflow/example_dags/example_latest_only_with_trigger.py
[2022-10-11T20:25:25.786-0500] {processor.py:758} INFO - Processing file /home/gabsiston/Documentos/projetos/airflow-data/venv/lib/python3.8/site-packages/airflow/example_dags/example_latest_only_with_trigger.py for tasks to queue
[2022-10-11T20:25:25.787-0500] {logging_mixin.py:117} INFO - [2022-10-11T20:25:25.786-0500] {dagbag.py:525} INFO - Filling up the DagBag from /home/gabsiston/Documentos/projetos/airflow-data/venv/lib/python3.8/site-packages/airflow/example_dags/example_latest_only_with_trigger.py
[2022-10-11T20:25:25.796-0500] {processor.py:768} INFO - DAG(s) dict_keys(['latest_only_with_trigger']) retrieved from /home/gabsiston/Documentos/projetos/airflow-data/venv/lib/python3.8/site-packages/airflow/example_dags/example_latest_only_with_trigger.py
[2022-10-11T20:25:25.882-0500] {logging_mixin.py:117} INFO - [2022-10-11T20:25:25.881-0500] {manager.py:507} INFO - Created Permission View: can read on DAG:latest_only_with_trigger
[2022-10-11T20:25:25.894-0500] {logging_mixin.py:117} INFO - [2022-10-11T20:25:25.894-0500] {manager.py:507} INFO - Created Permission View: can edit on DAG:latest_only_with_trigger
[2022-10-11T20:25:25.905-0500] {logging_mixin.py:117} INFO - [2022-10-11T20:25:25.904-0500] {manager.py:507} INFO - Created Permission View: can delete on DAG:latest_only_with_trigger
[2022-10-11T20:25:25.905-0500] {logging_mixin.py:117} INFO - [2022-10-11T20:25:25.905-0500] {dag.py:2573} INFO - Sync 1 DAGs
[2022-10-11T20:25:25.913-0500] {logging_mixin.py:117} INFO - [2022-10-11T20:25:25.913-0500] {dag.py:2594} INFO - Creating ORM DAG for latest_only_with_trigger
[2022-10-11T20:25:25.920-0500] {logging_mixin.py:117} INFO - [2022-10-11T20:25:25.920-0500] {dag.py:3324} INFO - Setting next_dagrun for latest_only_with_trigger to 2022-10-11T21:25:25.920380+00:00, run_after=2022-10-12T01:25:25.920380+00:00
[2022-10-11T20:25:25.940-0500] {processor.py:178} INFO - Processing /home/gabsiston/Documentos/projetos/airflow-data/venv/lib/python3.8/site-packages/airflow/example_dags/example_latest_only_with_trigger.py took 0.156 seconds
[2022-10-11T20:26:06.208-0500] {processor.py:156} INFO - Started process (PID=8226) to work on /home/gabsiston/Documentos/projetos/airflow-data/venv/lib/python3.8/site-packages/airflow/example_dags/example_latest_only_with_trigger.py
[2022-10-11T20:26:06.209-0500] {processor.py:758} INFO - Processing file /home/gabsiston/Documentos/projetos/airflow-data/venv/lib/python3.8/site-packages/airflow/example_dags/example_latest_only_with_trigger.py for tasks to queue
[2022-10-11T20:26:06.210-0500] {logging_mixin.py:117} INFO - [2022-10-11T20:26:06.210-0500] {dagbag.py:525} INFO - Filling up the DagBag from /home/gabsiston/Documentos/projetos/airflow-data/venv/lib/python3.8/site-packages/airflow/example_dags/example_latest_only_with_trigger.py
[2022-10-11T20:26:06.229-0500] {processor.py:768} INFO - DAG(s) dict_keys(['latest_only_with_trigger']) retrieved from /home/gabsiston/Documentos/projetos/airflow-data/venv/lib/python3.8/site-packages/airflow/example_dags/example_latest_only_with_trigger.py
[2022-10-11T20:26:06.270-0500] {logging_mixin.py:117} INFO - [2022-10-11T20:26:06.270-0500] {dag.py:2573} INFO - Sync 1 DAGs
[2022-10-11T20:26:06.302-0500] {logging_mixin.py:117} INFO - [2022-10-11T20:26:06.301-0500] {dag.py:3324} INFO - Setting next_dagrun for latest_only_with_trigger to 2022-10-11T21:26:06.301544+00:00, run_after=2022-10-12T01:26:06.301544+00:00
[2022-10-11T20:26:06.342-0500] {processor.py:178} INFO - Processing /home/gabsiston/Documentos/projetos/airflow-data/venv/lib/python3.8/site-packages/airflow/example_dags/example_latest_only_with_trigger.py took 0.137 seconds
[2022-10-11T20:26:41.663-0500] {processor.py:156} INFO - Started process (PID=8730) to work on /home/gabsiston/Documentos/projetos/airflow-data/venv/lib/python3.8/site-packages/airflow/example_dags/example_latest_only_with_trigger.py
[2022-10-11T20:26:41.665-0500] {processor.py:758} INFO - Processing file /home/gabsiston/Documentos/projetos/airflow-data/venv/lib/python3.8/site-packages/airflow/example_dags/example_latest_only_with_trigger.py for tasks to queue
[2022-10-11T20:26:41.666-0500] {logging_mixin.py:117} INFO - [2022-10-11T20:26:41.666-0500] {dagbag.py:525} INFO - Filling up the DagBag from /home/gabsiston/Documentos/projetos/airflow-data/venv/lib/python3.8/site-packages/airflow/example_dags/example_latest_only_with_trigger.py
[2022-10-11T20:26:41.676-0500] {processor.py:768} INFO - DAG(s) dict_keys(['latest_only_with_trigger']) retrieved from /home/gabsiston/Documentos/projetos/airflow-data/venv/lib/python3.8/site-packages/airflow/example_dags/example_latest_only_with_trigger.py
[2022-10-11T20:26:41.693-0500] {logging_mixin.py:117} INFO - [2022-10-11T20:26:41.693-0500] {dag.py:2573} INFO - Sync 1 DAGs
[2022-10-11T20:26:41.708-0500] {logging_mixin.py:117} INFO - [2022-10-11T20:26:41.708-0500] {dag.py:3324} INFO - Setting next_dagrun for latest_only_with_trigger to 2022-10-11T21:26:41.707890+00:00, run_after=2022-10-12T01:26:41.707890+00:00
[2022-10-11T20:26:41.727-0500] {processor.py:178} INFO - Processing /home/gabsiston/Documentos/projetos/airflow-data/venv/lib/python3.8/site-packages/airflow/example_dags/example_latest_only_with_trigger.py took 0.066 seconds
[2022-10-11T20:27:16.678-0500] {processor.py:156} INFO - Started process (PID=9378) to work on /home/gabsiston/Documentos/projetos/airflow-data/venv/lib/python3.8/site-packages/airflow/example_dags/example_latest_only_with_trigger.py
[2022-10-11T20:27:16.679-0500] {processor.py:758} INFO - Processing file /home/gabsiston/Documentos/projetos/airflow-data/venv/lib/python3.8/site-packages/airflow/example_dags/example_latest_only_with_trigger.py for tasks to queue
[2022-10-11T20:27:16.680-0500] {logging_mixin.py:117} INFO - [2022-10-11T20:27:16.680-0500] {dagbag.py:525} INFO - Filling up the DagBag from /home/gabsiston/Documentos/projetos/airflow-data/venv/lib/python3.8/site-packages/airflow/example_dags/example_latest_only_with_trigger.py
[2022-10-11T20:27:16.691-0500] {processor.py:768} INFO - DAG(s) dict_keys(['latest_only_with_trigger']) retrieved from /home/gabsiston/Documentos/projetos/airflow-data/venv/lib/python3.8/site-packages/airflow/example_dags/example_latest_only_with_trigger.py
[2022-10-11T20:27:16.709-0500] {logging_mixin.py:117} INFO - [2022-10-11T20:27:16.709-0500] {dag.py:2573} INFO - Sync 1 DAGs
[2022-10-11T20:27:16.725-0500] {logging_mixin.py:117} INFO - [2022-10-11T20:27:16.725-0500] {dag.py:3324} INFO - Setting next_dagrun for latest_only_with_trigger to 2022-10-11T21:27:16.724892+00:00, run_after=2022-10-12T01:27:16.724892+00:00
[2022-10-11T20:27:16.747-0500] {processor.py:178} INFO - Processing /home/gabsiston/Documentos/projetos/airflow-data/venv/lib/python3.8/site-packages/airflow/example_dags/example_latest_only_with_trigger.py took 0.071 seconds
[2022-10-11T20:27:53.277-0500] {processor.py:156} INFO - Started process (PID=9585) to work on /home/gabsiston/Documentos/projetos/airflow-data/venv/lib/python3.8/site-packages/airflow/example_dags/example_latest_only_with_trigger.py
[2022-10-11T20:27:53.279-0500] {processor.py:758} INFO - Processing file /home/gabsiston/Documentos/projetos/airflow-data/venv/lib/python3.8/site-packages/airflow/example_dags/example_latest_only_with_trigger.py for tasks to queue
[2022-10-11T20:27:53.280-0500] {logging_mixin.py:117} INFO - [2022-10-11T20:27:53.280-0500] {dagbag.py:525} INFO - Filling up the DagBag from /home/gabsiston/Documentos/projetos/airflow-data/venv/lib/python3.8/site-packages/airflow/example_dags/example_latest_only_with_trigger.py
[2022-10-11T20:27:53.295-0500] {processor.py:768} INFO - DAG(s) dict_keys(['latest_only_with_trigger']) retrieved from /home/gabsiston/Documentos/projetos/airflow-data/venv/lib/python3.8/site-packages/airflow/example_dags/example_latest_only_with_trigger.py
[2022-10-11T20:27:53.316-0500] {logging_mixin.py:117} INFO - [2022-10-11T20:27:53.316-0500] {dag.py:2573} INFO - Sync 1 DAGs
[2022-10-11T20:27:53.331-0500] {logging_mixin.py:117} INFO - [2022-10-11T20:27:53.331-0500] {dag.py:3324} INFO - Setting next_dagrun for latest_only_with_trigger to 2022-10-11T21:27:53.330869+00:00, run_after=2022-10-12T01:27:53.330869+00:00
[2022-10-11T20:27:53.352-0500] {processor.py:178} INFO - Processing /home/gabsiston/Documentos/projetos/airflow-data/venv/lib/python3.8/site-packages/airflow/example_dags/example_latest_only_with_trigger.py took 0.078 seconds
[2022-10-11T20:28:29.746-0500] {processor.py:156} INFO - Started process (PID=9913) to work on /home/gabsiston/Documentos/projetos/airflow-data/venv/lib/python3.8/site-packages/airflow/example_dags/example_latest_only_with_trigger.py
[2022-10-11T20:28:29.749-0500] {processor.py:758} INFO - Processing file /home/gabsiston/Documentos/projetos/airflow-data/venv/lib/python3.8/site-packages/airflow/example_dags/example_latest_only_with_trigger.py for tasks to queue
[2022-10-11T20:28:29.750-0500] {logging_mixin.py:117} INFO - [2022-10-11T20:28:29.749-0500] {dagbag.py:525} INFO - Filling up the DagBag from /home/gabsiston/Documentos/projetos/airflow-data/venv/lib/python3.8/site-packages/airflow/example_dags/example_latest_only_with_trigger.py
[2022-10-11T20:28:29.773-0500] {processor.py:768} INFO - DAG(s) dict_keys(['latest_only_with_trigger']) retrieved from /home/gabsiston/Documentos/projetos/airflow-data/venv/lib/python3.8/site-packages/airflow/example_dags/example_latest_only_with_trigger.py
[2022-10-11T20:28:29.794-0500] {logging_mixin.py:117} INFO - [2022-10-11T20:28:29.793-0500] {dag.py:2573} INFO - Sync 1 DAGs
[2022-10-11T20:28:29.809-0500] {logging_mixin.py:117} INFO - [2022-10-11T20:28:29.809-0500] {dag.py:3324} INFO - Setting next_dagrun for latest_only_with_trigger to 2022-10-11T21:28:29.808993+00:00, run_after=2022-10-12T01:28:29.808993+00:00
[2022-10-11T20:28:29.831-0500] {processor.py:178} INFO - Processing /home/gabsiston/Documentos/projetos/airflow-data/venv/lib/python3.8/site-packages/airflow/example_dags/example_latest_only_with_trigger.py took 0.089 seconds
[2022-10-11T20:29:07.480-0500] {processor.py:156} INFO - Started process (PID=10205) to work on /home/gabsiston/Documentos/projetos/airflow-data/venv/lib/python3.8/site-packages/airflow/example_dags/example_latest_only_with_trigger.py
[2022-10-11T20:29:07.483-0500] {processor.py:758} INFO - Processing file /home/gabsiston/Documentos/projetos/airflow-data/venv/lib/python3.8/site-packages/airflow/example_dags/example_latest_only_with_trigger.py for tasks to queue
[2022-10-11T20:29:07.485-0500] {logging_mixin.py:117} INFO - [2022-10-11T20:29:07.485-0500] {dagbag.py:525} INFO - Filling up the DagBag from /home/gabsiston/Documentos/projetos/airflow-data/venv/lib/python3.8/site-packages/airflow/example_dags/example_latest_only_with_trigger.py
[2022-10-11T20:29:07.508-0500] {processor.py:768} INFO - DAG(s) dict_keys(['latest_only_with_trigger']) retrieved from /home/gabsiston/Documentos/projetos/airflow-data/venv/lib/python3.8/site-packages/airflow/example_dags/example_latest_only_with_trigger.py
[2022-10-11T20:29:07.528-0500] {logging_mixin.py:117} INFO - [2022-10-11T20:29:07.528-0500] {dag.py:2573} INFO - Sync 1 DAGs
[2022-10-11T20:29:07.546-0500] {logging_mixin.py:117} INFO - [2022-10-11T20:29:07.546-0500] {dag.py:3324} INFO - Setting next_dagrun for latest_only_with_trigger to 2022-10-11T21:29:07.545954+00:00, run_after=2022-10-12T01:29:07.545954+00:00
[2022-10-11T20:29:07.577-0500] {processor.py:178} INFO - Processing /home/gabsiston/Documentos/projetos/airflow-data/venv/lib/python3.8/site-packages/airflow/example_dags/example_latest_only_with_trigger.py took 0.106 seconds
[2022-10-11T20:29:44.512-0500] {processor.py:156} INFO - Started process (PID=10395) to work on /home/gabsiston/Documentos/projetos/airflow-data/venv/lib/python3.8/site-packages/airflow/example_dags/example_latest_only_with_trigger.py
[2022-10-11T20:29:44.514-0500] {processor.py:758} INFO - Processing file /home/gabsiston/Documentos/projetos/airflow-data/venv/lib/python3.8/site-packages/airflow/example_dags/example_latest_only_with_trigger.py for tasks to queue
[2022-10-11T20:29:44.516-0500] {logging_mixin.py:117} INFO - [2022-10-11T20:29:44.515-0500] {dagbag.py:525} INFO - Filling up the DagBag from /home/gabsiston/Documentos/projetos/airflow-data/venv/lib/python3.8/site-packages/airflow/example_dags/example_latest_only_with_trigger.py
[2022-10-11T20:29:44.536-0500] {processor.py:768} INFO - DAG(s) dict_keys(['latest_only_with_trigger']) retrieved from /home/gabsiston/Documentos/projetos/airflow-data/venv/lib/python3.8/site-packages/airflow/example_dags/example_latest_only_with_trigger.py
[2022-10-11T20:29:44.558-0500] {logging_mixin.py:117} INFO - [2022-10-11T20:29:44.558-0500] {dag.py:2573} INFO - Sync 1 DAGs
[2022-10-11T20:29:44.575-0500] {logging_mixin.py:117} INFO - [2022-10-11T20:29:44.575-0500] {dag.py:3324} INFO - Setting next_dagrun for latest_only_with_trigger to 2022-10-11T21:29:44.575096+00:00, run_after=2022-10-12T01:29:44.575096+00:00
[2022-10-11T20:29:44.597-0500] {processor.py:178} INFO - Processing /home/gabsiston/Documentos/projetos/airflow-data/venv/lib/python3.8/site-packages/airflow/example_dags/example_latest_only_with_trigger.py took 0.089 seconds
[2022-10-11T20:30:21.725-0500] {processor.py:156} INFO - Started process (PID=10641) to work on /home/gabsiston/Documentos/projetos/airflow-data/venv/lib/python3.8/site-packages/airflow/example_dags/example_latest_only_with_trigger.py
[2022-10-11T20:30:21.729-0500] {processor.py:758} INFO - Processing file /home/gabsiston/Documentos/projetos/airflow-data/venv/lib/python3.8/site-packages/airflow/example_dags/example_latest_only_with_trigger.py for tasks to queue
[2022-10-11T20:30:21.731-0500] {logging_mixin.py:117} INFO - [2022-10-11T20:30:21.730-0500] {dagbag.py:525} INFO - Filling up the DagBag from /home/gabsiston/Documentos/projetos/airflow-data/venv/lib/python3.8/site-packages/airflow/example_dags/example_latest_only_with_trigger.py
[2022-10-11T20:30:21.753-0500] {processor.py:768} INFO - DAG(s) dict_keys(['latest_only_with_trigger']) retrieved from /home/gabsiston/Documentos/projetos/airflow-data/venv/lib/python3.8/site-packages/airflow/example_dags/example_latest_only_with_trigger.py
[2022-10-11T20:30:21.773-0500] {logging_mixin.py:117} INFO - [2022-10-11T20:30:21.773-0500] {dag.py:2573} INFO - Sync 1 DAGs
[2022-10-11T20:30:21.789-0500] {logging_mixin.py:117} INFO - [2022-10-11T20:30:21.789-0500] {dag.py:3324} INFO - Setting next_dagrun for latest_only_with_trigger to 2022-10-11T21:30:21.788989+00:00, run_after=2022-10-12T01:30:21.788989+00:00
[2022-10-11T20:30:21.818-0500] {processor.py:178} INFO - Processing /home/gabsiston/Documentos/projetos/airflow-data/venv/lib/python3.8/site-packages/airflow/example_dags/example_latest_only_with_trigger.py took 0.101 seconds
[2022-10-11T20:30:57.729-0500] {processor.py:156} INFO - Started process (PID=10849) to work on /home/gabsiston/Documentos/projetos/airflow-data/venv/lib/python3.8/site-packages/airflow/example_dags/example_latest_only_with_trigger.py
[2022-10-11T20:30:57.731-0500] {processor.py:758} INFO - Processing file /home/gabsiston/Documentos/projetos/airflow-data/venv/lib/python3.8/site-packages/airflow/example_dags/example_latest_only_with_trigger.py for tasks to queue
[2022-10-11T20:30:57.733-0500] {logging_mixin.py:117} INFO - [2022-10-11T20:30:57.732-0500] {dagbag.py:525} INFO - Filling up the DagBag from /home/gabsiston/Documentos/projetos/airflow-data/venv/lib/python3.8/site-packages/airflow/example_dags/example_latest_only_with_trigger.py
[2022-10-11T20:30:57.750-0500] {processor.py:768} INFO - DAG(s) dict_keys(['latest_only_with_trigger']) retrieved from /home/gabsiston/Documentos/projetos/airflow-data/venv/lib/python3.8/site-packages/airflow/example_dags/example_latest_only_with_trigger.py
[2022-10-11T20:30:57.771-0500] {logging_mixin.py:117} INFO - [2022-10-11T20:30:57.771-0500] {dag.py:2573} INFO - Sync 1 DAGs
[2022-10-11T20:30:57.787-0500] {logging_mixin.py:117} INFO - [2022-10-11T20:30:57.787-0500] {dag.py:3324} INFO - Setting next_dagrun for latest_only_with_trigger to 2022-10-11T21:30:57.787543+00:00, run_after=2022-10-12T01:30:57.787543+00:00
[2022-10-11T20:30:57.813-0500] {processor.py:178} INFO - Processing /home/gabsiston/Documentos/projetos/airflow-data/venv/lib/python3.8/site-packages/airflow/example_dags/example_latest_only_with_trigger.py took 0.088 seconds
[2022-10-11T20:31:36.888-0500] {processor.py:156} INFO - Started process (PID=11191) to work on /home/gabsiston/Documentos/projetos/airflow-data/venv/lib/python3.8/site-packages/airflow/example_dags/example_latest_only_with_trigger.py
[2022-10-11T20:31:36.890-0500] {processor.py:758} INFO - Processing file /home/gabsiston/Documentos/projetos/airflow-data/venv/lib/python3.8/site-packages/airflow/example_dags/example_latest_only_with_trigger.py for tasks to queue
[2022-10-11T20:31:36.890-0500] {logging_mixin.py:117} INFO - [2022-10-11T20:31:36.890-0500] {dagbag.py:525} INFO - Filling up the DagBag from /home/gabsiston/Documentos/projetos/airflow-data/venv/lib/python3.8/site-packages/airflow/example_dags/example_latest_only_with_trigger.py
[2022-10-11T20:31:36.903-0500] {processor.py:768} INFO - DAG(s) dict_keys(['latest_only_with_trigger']) retrieved from /home/gabsiston/Documentos/projetos/airflow-data/venv/lib/python3.8/site-packages/airflow/example_dags/example_latest_only_with_trigger.py
[2022-10-11T20:31:36.923-0500] {logging_mixin.py:117} INFO - [2022-10-11T20:31:36.923-0500] {dag.py:2573} INFO - Sync 1 DAGs
[2022-10-11T20:31:36.940-0500] {logging_mixin.py:117} INFO - [2022-10-11T20:31:36.940-0500] {dag.py:3324} INFO - Setting next_dagrun for latest_only_with_trigger to 2022-10-11T21:31:36.940118+00:00, run_after=2022-10-12T01:31:36.940118+00:00
[2022-10-11T20:31:36.962-0500] {processor.py:178} INFO - Processing /home/gabsiston/Documentos/projetos/airflow-data/venv/lib/python3.8/site-packages/airflow/example_dags/example_latest_only_with_trigger.py took 0.077 seconds
[2022-10-11T20:32:15.295-0500] {processor.py:156} INFO - Started process (PID=11445) to work on /home/gabsiston/Documentos/projetos/airflow-data/venv/lib/python3.8/site-packages/airflow/example_dags/example_latest_only_with_trigger.py
[2022-10-11T20:32:15.298-0500] {processor.py:758} INFO - Processing file /home/gabsiston/Documentos/projetos/airflow-data/venv/lib/python3.8/site-packages/airflow/example_dags/example_latest_only_with_trigger.py for tasks to queue
[2022-10-11T20:32:15.299-0500] {logging_mixin.py:117} INFO - [2022-10-11T20:32:15.299-0500] {dagbag.py:525} INFO - Filling up the DagBag from /home/gabsiston/Documentos/projetos/airflow-data/venv/lib/python3.8/site-packages/airflow/example_dags/example_latest_only_with_trigger.py
[2022-10-11T20:32:15.315-0500] {processor.py:768} INFO - DAG(s) dict_keys(['latest_only_with_trigger']) retrieved from /home/gabsiston/Documentos/projetos/airflow-data/venv/lib/python3.8/site-packages/airflow/example_dags/example_latest_only_with_trigger.py
[2022-10-11T20:32:15.334-0500] {logging_mixin.py:117} INFO - [2022-10-11T20:32:15.334-0500] {dag.py:2573} INFO - Sync 1 DAGs
[2022-10-11T20:32:15.350-0500] {logging_mixin.py:117} INFO - [2022-10-11T20:32:15.350-0500] {dag.py:3324} INFO - Setting next_dagrun for latest_only_with_trigger to 2022-10-11T21:32:15.350435+00:00, run_after=2022-10-12T01:32:15.350435+00:00
[2022-10-11T20:32:15.372-0500] {processor.py:178} INFO - Processing /home/gabsiston/Documentos/projetos/airflow-data/venv/lib/python3.8/site-packages/airflow/example_dags/example_latest_only_with_trigger.py took 0.083 seconds
[2022-10-11T20:32:50.927-0500] {processor.py:156} INFO - Started process (PID=11845) to work on /home/gabsiston/Documentos/projetos/airflow-data/venv/lib/python3.8/site-packages/airflow/example_dags/example_latest_only_with_trigger.py
[2022-10-11T20:32:50.929-0500] {processor.py:758} INFO - Processing file /home/gabsiston/Documentos/projetos/airflow-data/venv/lib/python3.8/site-packages/airflow/example_dags/example_latest_only_with_trigger.py for tasks to queue
[2022-10-11T20:32:50.929-0500] {logging_mixin.py:117} INFO - [2022-10-11T20:32:50.929-0500] {dagbag.py:525} INFO - Filling up the DagBag from /home/gabsiston/Documentos/projetos/airflow-data/venv/lib/python3.8/site-packages/airflow/example_dags/example_latest_only_with_trigger.py
[2022-10-11T20:32:50.946-0500] {processor.py:768} INFO - DAG(s) dict_keys(['latest_only_with_trigger']) retrieved from /home/gabsiston/Documentos/projetos/airflow-data/venv/lib/python3.8/site-packages/airflow/example_dags/example_latest_only_with_trigger.py
[2022-10-11T20:32:50.968-0500] {logging_mixin.py:117} INFO - [2022-10-11T20:32:50.968-0500] {dag.py:2573} INFO - Sync 1 DAGs
[2022-10-11T20:32:50.985-0500] {logging_mixin.py:117} INFO - [2022-10-11T20:32:50.984-0500] {dag.py:3324} INFO - Setting next_dagrun for latest_only_with_trigger to 2022-10-11T21:32:50.984680+00:00, run_after=2022-10-12T01:32:50.984680+00:00
[2022-10-11T20:32:51.006-0500] {processor.py:178} INFO - Processing /home/gabsiston/Documentos/projetos/airflow-data/venv/lib/python3.8/site-packages/airflow/example_dags/example_latest_only_with_trigger.py took 0.082 seconds
[2022-10-11T20:33:26.176-0500] {processor.py:156} INFO - Started process (PID=12138) to work on /home/gabsiston/Documentos/projetos/airflow-data/venv/lib/python3.8/site-packages/airflow/example_dags/example_latest_only_with_trigger.py
[2022-10-11T20:33:26.177-0500] {processor.py:758} INFO - Processing file /home/gabsiston/Documentos/projetos/airflow-data/venv/lib/python3.8/site-packages/airflow/example_dags/example_latest_only_with_trigger.py for tasks to queue
[2022-10-11T20:33:26.178-0500] {logging_mixin.py:117} INFO - [2022-10-11T20:33:26.178-0500] {dagbag.py:525} INFO - Filling up the DagBag from /home/gabsiston/Documentos/projetos/airflow-data/venv/lib/python3.8/site-packages/airflow/example_dags/example_latest_only_with_trigger.py
[2022-10-11T20:33:26.190-0500] {processor.py:768} INFO - DAG(s) dict_keys(['latest_only_with_trigger']) retrieved from /home/gabsiston/Documentos/projetos/airflow-data/venv/lib/python3.8/site-packages/airflow/example_dags/example_latest_only_with_trigger.py
[2022-10-11T20:33:26.210-0500] {logging_mixin.py:117} INFO - [2022-10-11T20:33:26.209-0500] {dag.py:2573} INFO - Sync 1 DAGs
[2022-10-11T20:33:26.226-0500] {logging_mixin.py:117} INFO - [2022-10-11T20:33:26.226-0500] {dag.py:3324} INFO - Setting next_dagrun for latest_only_with_trigger to 2022-10-11T21:33:26.225977+00:00, run_after=2022-10-12T01:33:26.225977+00:00
[2022-10-11T20:33:26.245-0500] {processor.py:178} INFO - Processing /home/gabsiston/Documentos/projetos/airflow-data/venv/lib/python3.8/site-packages/airflow/example_dags/example_latest_only_with_trigger.py took 0.072 seconds
[2022-10-11T20:34:01.584-0500] {processor.py:156} INFO - Started process (PID=12315) to work on /home/gabsiston/Documentos/projetos/airflow-data/venv/lib/python3.8/site-packages/airflow/example_dags/example_latest_only_with_trigger.py
[2022-10-11T20:34:01.586-0500] {processor.py:758} INFO - Processing file /home/gabsiston/Documentos/projetos/airflow-data/venv/lib/python3.8/site-packages/airflow/example_dags/example_latest_only_with_trigger.py for tasks to queue
[2022-10-11T20:34:01.587-0500] {logging_mixin.py:117} INFO - [2022-10-11T20:34:01.586-0500] {dagbag.py:525} INFO - Filling up the DagBag from /home/gabsiston/Documentos/projetos/airflow-data/venv/lib/python3.8/site-packages/airflow/example_dags/example_latest_only_with_trigger.py
[2022-10-11T20:34:01.602-0500] {processor.py:768} INFO - DAG(s) dict_keys(['latest_only_with_trigger']) retrieved from /home/gabsiston/Documentos/projetos/airflow-data/venv/lib/python3.8/site-packages/airflow/example_dags/example_latest_only_with_trigger.py
[2022-10-11T20:34:01.624-0500] {logging_mixin.py:117} INFO - [2022-10-11T20:34:01.624-0500] {dag.py:2573} INFO - Sync 1 DAGs
[2022-10-11T20:34:01.642-0500] {logging_mixin.py:117} INFO - [2022-10-11T20:34:01.641-0500] {dag.py:3324} INFO - Setting next_dagrun for latest_only_with_trigger to 2022-10-11T21:34:01.641723+00:00, run_after=2022-10-12T01:34:01.641723+00:00
[2022-10-11T20:34:01.667-0500] {processor.py:178} INFO - Processing /home/gabsiston/Documentos/projetos/airflow-data/venv/lib/python3.8/site-packages/airflow/example_dags/example_latest_only_with_trigger.py took 0.086 seconds
[2022-10-11T20:34:36.475-0500] {processor.py:156} INFO - Started process (PID=12496) to work on /home/gabsiston/Documentos/projetos/airflow-data/venv/lib/python3.8/site-packages/airflow/example_dags/example_latest_only_with_trigger.py
[2022-10-11T20:34:36.478-0500] {processor.py:758} INFO - Processing file /home/gabsiston/Documentos/projetos/airflow-data/venv/lib/python3.8/site-packages/airflow/example_dags/example_latest_only_with_trigger.py for tasks to queue
[2022-10-11T20:34:36.480-0500] {logging_mixin.py:117} INFO - [2022-10-11T20:34:36.479-0500] {dagbag.py:525} INFO - Filling up the DagBag from /home/gabsiston/Documentos/projetos/airflow-data/venv/lib/python3.8/site-packages/airflow/example_dags/example_latest_only_with_trigger.py
[2022-10-11T20:34:36.509-0500] {processor.py:768} INFO - DAG(s) dict_keys(['latest_only_with_trigger']) retrieved from /home/gabsiston/Documentos/projetos/airflow-data/venv/lib/python3.8/site-packages/airflow/example_dags/example_latest_only_with_trigger.py
[2022-10-11T20:34:36.530-0500] {logging_mixin.py:117} INFO - [2022-10-11T20:34:36.530-0500] {dag.py:2573} INFO - Sync 1 DAGs
[2022-10-11T20:34:36.546-0500] {logging_mixin.py:117} INFO - [2022-10-11T20:34:36.545-0500] {dag.py:3324} INFO - Setting next_dagrun for latest_only_with_trigger to 2022-10-11T21:34:36.545701+00:00, run_after=2022-10-12T01:34:36.545701+00:00
[2022-10-11T20:34:36.575-0500] {processor.py:178} INFO - Processing /home/gabsiston/Documentos/projetos/airflow-data/venv/lib/python3.8/site-packages/airflow/example_dags/example_latest_only_with_trigger.py took 0.103 seconds
[2022-10-11T20:35:09.876-0500] {processor.py:156} INFO - Started process (PID=12729) to work on /home/gabsiston/Documentos/projetos/airflow-data/venv/lib/python3.8/site-packages/airflow/example_dags/example_latest_only_with_trigger.py
[2022-10-11T20:35:09.877-0500] {processor.py:758} INFO - Processing file /home/gabsiston/Documentos/projetos/airflow-data/venv/lib/python3.8/site-packages/airflow/example_dags/example_latest_only_with_trigger.py for tasks to queue
[2022-10-11T20:35:09.878-0500] {logging_mixin.py:117} INFO - [2022-10-11T20:35:09.878-0500] {dagbag.py:525} INFO - Filling up the DagBag from /home/gabsiston/Documentos/projetos/airflow-data/venv/lib/python3.8/site-packages/airflow/example_dags/example_latest_only_with_trigger.py
[2022-10-11T20:35:09.888-0500] {processor.py:768} INFO - DAG(s) dict_keys(['latest_only_with_trigger']) retrieved from /home/gabsiston/Documentos/projetos/airflow-data/venv/lib/python3.8/site-packages/airflow/example_dags/example_latest_only_with_trigger.py
[2022-10-11T20:35:09.905-0500] {logging_mixin.py:117} INFO - [2022-10-11T20:35:09.905-0500] {dag.py:2573} INFO - Sync 1 DAGs
[2022-10-11T20:35:09.919-0500] {logging_mixin.py:117} INFO - [2022-10-11T20:35:09.919-0500] {dag.py:3324} INFO - Setting next_dagrun for latest_only_with_trigger to 2022-10-11T21:35:09.919558+00:00, run_after=2022-10-12T01:35:09.919558+00:00
[2022-10-11T20:35:09.939-0500] {processor.py:178} INFO - Processing /home/gabsiston/Documentos/projetos/airflow-data/venv/lib/python3.8/site-packages/airflow/example_dags/example_latest_only_with_trigger.py took 0.065 seconds
[2022-10-11T20:35:45.626-0500] {processor.py:156} INFO - Started process (PID=12922) to work on /home/gabsiston/Documentos/projetos/airflow-data/venv/lib/python3.8/site-packages/airflow/example_dags/example_latest_only_with_trigger.py
[2022-10-11T20:35:45.627-0500] {processor.py:758} INFO - Processing file /home/gabsiston/Documentos/projetos/airflow-data/venv/lib/python3.8/site-packages/airflow/example_dags/example_latest_only_with_trigger.py for tasks to queue
[2022-10-11T20:35:45.627-0500] {logging_mixin.py:117} INFO - [2022-10-11T20:35:45.627-0500] {dagbag.py:525} INFO - Filling up the DagBag from /home/gabsiston/Documentos/projetos/airflow-data/venv/lib/python3.8/site-packages/airflow/example_dags/example_latest_only_with_trigger.py
[2022-10-11T20:35:45.637-0500] {processor.py:768} INFO - DAG(s) dict_keys(['latest_only_with_trigger']) retrieved from /home/gabsiston/Documentos/projetos/airflow-data/venv/lib/python3.8/site-packages/airflow/example_dags/example_latest_only_with_trigger.py
[2022-10-11T20:35:45.652-0500] {logging_mixin.py:117} INFO - [2022-10-11T20:35:45.652-0500] {dag.py:2573} INFO - Sync 1 DAGs
[2022-10-11T20:35:45.665-0500] {logging_mixin.py:117} INFO - [2022-10-11T20:35:45.665-0500] {dag.py:3324} INFO - Setting next_dagrun for latest_only_with_trigger to 2022-10-11T21:35:45.665694+00:00, run_after=2022-10-12T01:35:45.665694+00:00
[2022-10-11T20:35:45.686-0500] {processor.py:178} INFO - Processing /home/gabsiston/Documentos/projetos/airflow-data/venv/lib/python3.8/site-packages/airflow/example_dags/example_latest_only_with_trigger.py took 0.062 seconds
[2022-10-11T20:36:22.243-0500] {processor.py:156} INFO - Started process (PID=13245) to work on /home/gabsiston/Documentos/projetos/airflow-data/venv/lib/python3.8/site-packages/airflow/example_dags/example_latest_only_with_trigger.py
[2022-10-11T20:36:22.245-0500] {processor.py:758} INFO - Processing file /home/gabsiston/Documentos/projetos/airflow-data/venv/lib/python3.8/site-packages/airflow/example_dags/example_latest_only_with_trigger.py for tasks to queue
[2022-10-11T20:36:22.246-0500] {logging_mixin.py:117} INFO - [2022-10-11T20:36:22.246-0500] {dagbag.py:525} INFO - Filling up the DagBag from /home/gabsiston/Documentos/projetos/airflow-data/venv/lib/python3.8/site-packages/airflow/example_dags/example_latest_only_with_trigger.py
[2022-10-11T20:36:22.261-0500] {processor.py:768} INFO - DAG(s) dict_keys(['latest_only_with_trigger']) retrieved from /home/gabsiston/Documentos/projetos/airflow-data/venv/lib/python3.8/site-packages/airflow/example_dags/example_latest_only_with_trigger.py
[2022-10-11T20:36:22.284-0500] {logging_mixin.py:117} INFO - [2022-10-11T20:36:22.284-0500] {dag.py:2573} INFO - Sync 1 DAGs
[2022-10-11T20:36:22.302-0500] {logging_mixin.py:117} INFO - [2022-10-11T20:36:22.302-0500] {dag.py:3324} INFO - Setting next_dagrun for latest_only_with_trigger to 2022-10-11T21:36:22.302414+00:00, run_after=2022-10-12T01:36:22.302414+00:00
[2022-10-11T20:36:22.329-0500] {processor.py:178} INFO - Processing /home/gabsiston/Documentos/projetos/airflow-data/venv/lib/python3.8/site-packages/airflow/example_dags/example_latest_only_with_trigger.py took 0.089 seconds
[2022-10-11T20:37:03.991-0500] {processor.py:156} INFO - Started process (PID=13552) to work on /home/gabsiston/Documentos/projetos/airflow-data/venv/lib/python3.8/site-packages/airflow/example_dags/example_latest_only_with_trigger.py
[2022-10-11T20:37:03.993-0500] {processor.py:758} INFO - Processing file /home/gabsiston/Documentos/projetos/airflow-data/venv/lib/python3.8/site-packages/airflow/example_dags/example_latest_only_with_trigger.py for tasks to queue
[2022-10-11T20:37:03.994-0500] {logging_mixin.py:117} INFO - [2022-10-11T20:37:03.994-0500] {dagbag.py:525} INFO - Filling up the DagBag from /home/gabsiston/Documentos/projetos/airflow-data/venv/lib/python3.8/site-packages/airflow/example_dags/example_latest_only_with_trigger.py
[2022-10-11T20:37:04.006-0500] {processor.py:768} INFO - DAG(s) dict_keys(['latest_only_with_trigger']) retrieved from /home/gabsiston/Documentos/projetos/airflow-data/venv/lib/python3.8/site-packages/airflow/example_dags/example_latest_only_with_trigger.py
[2022-10-11T20:37:04.027-0500] {logging_mixin.py:117} INFO - [2022-10-11T20:37:04.027-0500] {dag.py:2573} INFO - Sync 1 DAGs
[2022-10-11T20:37:04.044-0500] {logging_mixin.py:117} INFO - [2022-10-11T20:37:04.043-0500] {dag.py:3324} INFO - Setting next_dagrun for latest_only_with_trigger to 2022-10-11T21:37:04.043755+00:00, run_after=2022-10-12T01:37:04.043755+00:00
[2022-10-11T20:37:04.065-0500] {processor.py:178} INFO - Processing /home/gabsiston/Documentos/projetos/airflow-data/venv/lib/python3.8/site-packages/airflow/example_dags/example_latest_only_with_trigger.py took 0.078 seconds
