[2022-10-11T20:25:21.247-0500] {processor.py:156} INFO - Started process (PID=7795) to work on /home/gabsiston/Documentos/projetos/airflow-data/venv/lib/python3.8/site-packages/airflow/example_dags/example_trigger_target_dag.py
[2022-10-11T20:25:21.247-0500] {processor.py:758} INFO - Processing file /home/gabsiston/Documentos/projetos/airflow-data/venv/lib/python3.8/site-packages/airflow/example_dags/example_trigger_target_dag.py for tasks to queue
[2022-10-11T20:25:21.248-0500] {logging_mixin.py:117} INFO - [2022-10-11T20:25:21.248-0500] {dagbag.py:525} INFO - Filling up the DagBag from /home/gabsiston/Documentos/projetos/airflow-data/venv/lib/python3.8/site-packages/airflow/example_dags/example_trigger_target_dag.py
[2022-10-11T20:25:21.264-0500] {processor.py:768} INFO - DAG(s) dict_keys(['example_trigger_target_dag']) retrieved from /home/gabsiston/Documentos/projetos/airflow-data/venv/lib/python3.8/site-packages/airflow/example_dags/example_trigger_target_dag.py
[2022-10-11T20:25:21.351-0500] {logging_mixin.py:117} INFO - [2022-10-11T20:25:21.351-0500] {manager.py:507} INFO - Created Permission View: can read on DAG:example_trigger_target_dag
[2022-10-11T20:25:21.365-0500] {logging_mixin.py:117} INFO - [2022-10-11T20:25:21.365-0500] {manager.py:507} INFO - Created Permission View: can edit on DAG:example_trigger_target_dag
[2022-10-11T20:25:21.376-0500] {logging_mixin.py:117} INFO - [2022-10-11T20:25:21.376-0500] {manager.py:507} INFO - Created Permission View: can delete on DAG:example_trigger_target_dag
[2022-10-11T20:25:21.376-0500] {logging_mixin.py:117} INFO - [2022-10-11T20:25:21.376-0500] {dag.py:2573} INFO - Sync 1 DAGs
[2022-10-11T20:25:21.385-0500] {logging_mixin.py:117} INFO - [2022-10-11T20:25:21.384-0500] {dag.py:2594} INFO - Creating ORM DAG for example_trigger_target_dag
[2022-10-11T20:25:21.391-0500] {logging_mixin.py:117} INFO - [2022-10-11T20:25:21.391-0500] {dag.py:3324} INFO - Setting next_dagrun for example_trigger_target_dag to None, run_after=None
[2022-10-11T20:25:21.412-0500] {processor.py:178} INFO - Processing /home/gabsiston/Documentos/projetos/airflow-data/venv/lib/python3.8/site-packages/airflow/example_dags/example_trigger_target_dag.py took 0.167 seconds
[2022-10-11T20:26:02.172-0500] {processor.py:156} INFO - Started process (PID=8152) to work on /home/gabsiston/Documentos/projetos/airflow-data/venv/lib/python3.8/site-packages/airflow/example_dags/example_trigger_target_dag.py
[2022-10-11T20:26:02.174-0500] {processor.py:758} INFO - Processing file /home/gabsiston/Documentos/projetos/airflow-data/venv/lib/python3.8/site-packages/airflow/example_dags/example_trigger_target_dag.py for tasks to queue
[2022-10-11T20:26:02.175-0500] {logging_mixin.py:117} INFO - [2022-10-11T20:26:02.175-0500] {dagbag.py:525} INFO - Filling up the DagBag from /home/gabsiston/Documentos/projetos/airflow-data/venv/lib/python3.8/site-packages/airflow/example_dags/example_trigger_target_dag.py
[2022-10-11T20:26:02.191-0500] {processor.py:768} INFO - DAG(s) dict_keys(['example_trigger_target_dag']) retrieved from /home/gabsiston/Documentos/projetos/airflow-data/venv/lib/python3.8/site-packages/airflow/example_dags/example_trigger_target_dag.py
[2022-10-11T20:26:02.208-0500] {logging_mixin.py:117} INFO - [2022-10-11T20:26:02.208-0500] {dag.py:2573} INFO - Sync 1 DAGs
[2022-10-11T20:26:02.222-0500] {logging_mixin.py:117} INFO - [2022-10-11T20:26:02.222-0500] {dag.py:3324} INFO - Setting next_dagrun for example_trigger_target_dag to None, run_after=None
[2022-10-11T20:26:02.241-0500] {processor.py:178} INFO - Processing /home/gabsiston/Documentos/projetos/airflow-data/venv/lib/python3.8/site-packages/airflow/example_dags/example_trigger_target_dag.py took 0.071 seconds
[2022-10-11T20:26:37.751-0500] {processor.py:156} INFO - Started process (PID=8693) to work on /home/gabsiston/Documentos/projetos/airflow-data/venv/lib/python3.8/site-packages/airflow/example_dags/example_trigger_target_dag.py
[2022-10-11T20:26:37.753-0500] {processor.py:758} INFO - Processing file /home/gabsiston/Documentos/projetos/airflow-data/venv/lib/python3.8/site-packages/airflow/example_dags/example_trigger_target_dag.py for tasks to queue
[2022-10-11T20:26:37.754-0500] {logging_mixin.py:117} INFO - [2022-10-11T20:26:37.753-0500] {dagbag.py:525} INFO - Filling up the DagBag from /home/gabsiston/Documentos/projetos/airflow-data/venv/lib/python3.8/site-packages/airflow/example_dags/example_trigger_target_dag.py
[2022-10-11T20:26:37.769-0500] {processor.py:768} INFO - DAG(s) dict_keys(['example_trigger_target_dag']) retrieved from /home/gabsiston/Documentos/projetos/airflow-data/venv/lib/python3.8/site-packages/airflow/example_dags/example_trigger_target_dag.py
[2022-10-11T20:26:37.785-0500] {logging_mixin.py:117} INFO - [2022-10-11T20:26:37.785-0500] {dag.py:2573} INFO - Sync 1 DAGs
[2022-10-11T20:26:37.798-0500] {logging_mixin.py:117} INFO - [2022-10-11T20:26:37.798-0500] {dag.py:3324} INFO - Setting next_dagrun for example_trigger_target_dag to None, run_after=None
[2022-10-11T20:26:37.817-0500] {processor.py:178} INFO - Processing /home/gabsiston/Documentos/projetos/airflow-data/venv/lib/python3.8/site-packages/airflow/example_dags/example_trigger_target_dag.py took 0.067 seconds
[2022-10-11T20:27:12.677-0500] {processor.py:156} INFO - Started process (PID=9239) to work on /home/gabsiston/Documentos/projetos/airflow-data/venv/lib/python3.8/site-packages/airflow/example_dags/example_trigger_target_dag.py
[2022-10-11T20:27:12.679-0500] {processor.py:758} INFO - Processing file /home/gabsiston/Documentos/projetos/airflow-data/venv/lib/python3.8/site-packages/airflow/example_dags/example_trigger_target_dag.py for tasks to queue
[2022-10-11T20:27:12.680-0500] {logging_mixin.py:117} INFO - [2022-10-11T20:27:12.680-0500] {dagbag.py:525} INFO - Filling up the DagBag from /home/gabsiston/Documentos/projetos/airflow-data/venv/lib/python3.8/site-packages/airflow/example_dags/example_trigger_target_dag.py
[2022-10-11T20:27:12.699-0500] {processor.py:768} INFO - DAG(s) dict_keys(['example_trigger_target_dag']) retrieved from /home/gabsiston/Documentos/projetos/airflow-data/venv/lib/python3.8/site-packages/airflow/example_dags/example_trigger_target_dag.py
[2022-10-11T20:27:12.718-0500] {logging_mixin.py:117} INFO - [2022-10-11T20:27:12.718-0500] {dag.py:2573} INFO - Sync 1 DAGs
[2022-10-11T20:27:12.740-0500] {logging_mixin.py:117} INFO - [2022-10-11T20:27:12.740-0500] {dag.py:3324} INFO - Setting next_dagrun for example_trigger_target_dag to None, run_after=None
[2022-10-11T20:27:12.767-0500] {processor.py:178} INFO - Processing /home/gabsiston/Documentos/projetos/airflow-data/venv/lib/python3.8/site-packages/airflow/example_dags/example_trigger_target_dag.py took 0.092 seconds
[2022-10-11T20:27:50.025-0500] {processor.py:156} INFO - Started process (PID=9569) to work on /home/gabsiston/Documentos/projetos/airflow-data/venv/lib/python3.8/site-packages/airflow/example_dags/example_trigger_target_dag.py
[2022-10-11T20:27:50.028-0500] {processor.py:758} INFO - Processing file /home/gabsiston/Documentos/projetos/airflow-data/venv/lib/python3.8/site-packages/airflow/example_dags/example_trigger_target_dag.py for tasks to queue
[2022-10-11T20:27:50.028-0500] {logging_mixin.py:117} INFO - [2022-10-11T20:27:50.028-0500] {dagbag.py:525} INFO - Filling up the DagBag from /home/gabsiston/Documentos/projetos/airflow-data/venv/lib/python3.8/site-packages/airflow/example_dags/example_trigger_target_dag.py
[2022-10-11T20:27:50.052-0500] {processor.py:768} INFO - DAG(s) dict_keys(['example_trigger_target_dag']) retrieved from /home/gabsiston/Documentos/projetos/airflow-data/venv/lib/python3.8/site-packages/airflow/example_dags/example_trigger_target_dag.py
[2022-10-11T20:27:50.071-0500] {logging_mixin.py:117} INFO - [2022-10-11T20:27:50.070-0500] {dag.py:2573} INFO - Sync 1 DAGs
[2022-10-11T20:27:50.086-0500] {logging_mixin.py:117} INFO - [2022-10-11T20:27:50.086-0500] {dag.py:3324} INFO - Setting next_dagrun for example_trigger_target_dag to None, run_after=None
[2022-10-11T20:27:50.108-0500] {processor.py:178} INFO - Processing /home/gabsiston/Documentos/projetos/airflow-data/venv/lib/python3.8/site-packages/airflow/example_dags/example_trigger_target_dag.py took 0.085 seconds
[2022-10-11T20:28:26.896-0500] {processor.py:156} INFO - Started process (PID=9895) to work on /home/gabsiston/Documentos/projetos/airflow-data/venv/lib/python3.8/site-packages/airflow/example_dags/example_trigger_target_dag.py
[2022-10-11T20:28:26.898-0500] {processor.py:758} INFO - Processing file /home/gabsiston/Documentos/projetos/airflow-data/venv/lib/python3.8/site-packages/airflow/example_dags/example_trigger_target_dag.py for tasks to queue
[2022-10-11T20:28:26.899-0500] {logging_mixin.py:117} INFO - [2022-10-11T20:28:26.899-0500] {dagbag.py:525} INFO - Filling up the DagBag from /home/gabsiston/Documentos/projetos/airflow-data/venv/lib/python3.8/site-packages/airflow/example_dags/example_trigger_target_dag.py
[2022-10-11T20:28:26.924-0500] {processor.py:768} INFO - DAG(s) dict_keys(['example_trigger_target_dag']) retrieved from /home/gabsiston/Documentos/projetos/airflow-data/venv/lib/python3.8/site-packages/airflow/example_dags/example_trigger_target_dag.py
[2022-10-11T20:28:26.943-0500] {logging_mixin.py:117} INFO - [2022-10-11T20:28:26.943-0500] {dag.py:2573} INFO - Sync 1 DAGs
[2022-10-11T20:28:26.960-0500] {logging_mixin.py:117} INFO - [2022-10-11T20:28:26.959-0500] {dag.py:3324} INFO - Setting next_dagrun for example_trigger_target_dag to None, run_after=None
[2022-10-11T20:28:26.981-0500] {processor.py:178} INFO - Processing /home/gabsiston/Documentos/projetos/airflow-data/venv/lib/python3.8/site-packages/airflow/example_dags/example_trigger_target_dag.py took 0.088 seconds
[2022-10-11T20:29:02.296-0500] {processor.py:156} INFO - Started process (PID=10174) to work on /home/gabsiston/Documentos/projetos/airflow-data/venv/lib/python3.8/site-packages/airflow/example_dags/example_trigger_target_dag.py
[2022-10-11T20:29:02.300-0500] {processor.py:758} INFO - Processing file /home/gabsiston/Documentos/projetos/airflow-data/venv/lib/python3.8/site-packages/airflow/example_dags/example_trigger_target_dag.py for tasks to queue
[2022-10-11T20:29:02.301-0500] {logging_mixin.py:117} INFO - [2022-10-11T20:29:02.301-0500] {dagbag.py:525} INFO - Filling up the DagBag from /home/gabsiston/Documentos/projetos/airflow-data/venv/lib/python3.8/site-packages/airflow/example_dags/example_trigger_target_dag.py
[2022-10-11T20:29:02.328-0500] {processor.py:768} INFO - DAG(s) dict_keys(['example_trigger_target_dag']) retrieved from /home/gabsiston/Documentos/projetos/airflow-data/venv/lib/python3.8/site-packages/airflow/example_dags/example_trigger_target_dag.py
[2022-10-11T20:29:02.348-0500] {logging_mixin.py:117} INFO - [2022-10-11T20:29:02.348-0500] {dag.py:2573} INFO - Sync 1 DAGs
[2022-10-11T20:29:02.365-0500] {logging_mixin.py:117} INFO - [2022-10-11T20:29:02.365-0500] {dag.py:3324} INFO - Setting next_dagrun for example_trigger_target_dag to None, run_after=None
[2022-10-11T20:29:02.385-0500] {processor.py:178} INFO - Processing /home/gabsiston/Documentos/projetos/airflow-data/venv/lib/python3.8/site-packages/airflow/example_dags/example_trigger_target_dag.py took 0.100 seconds
[2022-10-11T20:29:39.111-0500] {processor.py:156} INFO - Started process (PID=10363) to work on /home/gabsiston/Documentos/projetos/airflow-data/venv/lib/python3.8/site-packages/airflow/example_dags/example_trigger_target_dag.py
[2022-10-11T20:29:39.113-0500] {processor.py:758} INFO - Processing file /home/gabsiston/Documentos/projetos/airflow-data/venv/lib/python3.8/site-packages/airflow/example_dags/example_trigger_target_dag.py for tasks to queue
[2022-10-11T20:29:39.114-0500] {logging_mixin.py:117} INFO - [2022-10-11T20:29:39.114-0500] {dagbag.py:525} INFO - Filling up the DagBag from /home/gabsiston/Documentos/projetos/airflow-data/venv/lib/python3.8/site-packages/airflow/example_dags/example_trigger_target_dag.py
[2022-10-11T20:29:39.148-0500] {processor.py:768} INFO - DAG(s) dict_keys(['example_trigger_target_dag']) retrieved from /home/gabsiston/Documentos/projetos/airflow-data/venv/lib/python3.8/site-packages/airflow/example_dags/example_trigger_target_dag.py
[2022-10-11T20:29:39.167-0500] {logging_mixin.py:117} INFO - [2022-10-11T20:29:39.167-0500] {dag.py:2573} INFO - Sync 1 DAGs
[2022-10-11T20:29:39.183-0500] {logging_mixin.py:117} INFO - [2022-10-11T20:29:39.183-0500] {dag.py:3324} INFO - Setting next_dagrun for example_trigger_target_dag to None, run_after=None
[2022-10-11T20:29:39.205-0500] {processor.py:178} INFO - Processing /home/gabsiston/Documentos/projetos/airflow-data/venv/lib/python3.8/site-packages/airflow/example_dags/example_trigger_target_dag.py took 0.099 seconds
[2022-10-11T20:30:15.976-0500] {processor.py:156} INFO - Started process (PID=10606) to work on /home/gabsiston/Documentos/projetos/airflow-data/venv/lib/python3.8/site-packages/airflow/example_dags/example_trigger_target_dag.py
[2022-10-11T20:30:15.978-0500] {processor.py:758} INFO - Processing file /home/gabsiston/Documentos/projetos/airflow-data/venv/lib/python3.8/site-packages/airflow/example_dags/example_trigger_target_dag.py for tasks to queue
[2022-10-11T20:30:15.978-0500] {logging_mixin.py:117} INFO - [2022-10-11T20:30:15.978-0500] {dagbag.py:525} INFO - Filling up the DagBag from /home/gabsiston/Documentos/projetos/airflow-data/venv/lib/python3.8/site-packages/airflow/example_dags/example_trigger_target_dag.py
[2022-10-11T20:30:15.998-0500] {processor.py:768} INFO - DAG(s) dict_keys(['example_trigger_target_dag']) retrieved from /home/gabsiston/Documentos/projetos/airflow-data/venv/lib/python3.8/site-packages/airflow/example_dags/example_trigger_target_dag.py
[2022-10-11T20:30:16.017-0500] {logging_mixin.py:117} INFO - [2022-10-11T20:30:16.017-0500] {dag.py:2573} INFO - Sync 1 DAGs
[2022-10-11T20:30:16.031-0500] {logging_mixin.py:117} INFO - [2022-10-11T20:30:16.031-0500] {dag.py:3324} INFO - Setting next_dagrun for example_trigger_target_dag to None, run_after=None
[2022-10-11T20:30:16.050-0500] {processor.py:178} INFO - Processing /home/gabsiston/Documentos/projetos/airflow-data/venv/lib/python3.8/site-packages/airflow/example_dags/example_trigger_target_dag.py took 0.077 seconds
[2022-10-11T20:30:52.268-0500] {processor.py:156} INFO - Started process (PID=10823) to work on /home/gabsiston/Documentos/projetos/airflow-data/venv/lib/python3.8/site-packages/airflow/example_dags/example_trigger_target_dag.py
[2022-10-11T20:30:52.272-0500] {processor.py:758} INFO - Processing file /home/gabsiston/Documentos/projetos/airflow-data/venv/lib/python3.8/site-packages/airflow/example_dags/example_trigger_target_dag.py for tasks to queue
[2022-10-11T20:30:52.274-0500] {logging_mixin.py:117} INFO - [2022-10-11T20:30:52.273-0500] {dagbag.py:525} INFO - Filling up the DagBag from /home/gabsiston/Documentos/projetos/airflow-data/venv/lib/python3.8/site-packages/airflow/example_dags/example_trigger_target_dag.py
[2022-10-11T20:30:52.302-0500] {processor.py:768} INFO - DAG(s) dict_keys(['example_trigger_target_dag']) retrieved from /home/gabsiston/Documentos/projetos/airflow-data/venv/lib/python3.8/site-packages/airflow/example_dags/example_trigger_target_dag.py
[2022-10-11T20:30:52.321-0500] {logging_mixin.py:117} INFO - [2022-10-11T20:30:52.321-0500] {dag.py:2573} INFO - Sync 1 DAGs
[2022-10-11T20:30:52.336-0500] {logging_mixin.py:117} INFO - [2022-10-11T20:30:52.336-0500] {dag.py:3324} INFO - Setting next_dagrun for example_trigger_target_dag to None, run_after=None
[2022-10-11T20:30:52.370-0500] {processor.py:178} INFO - Processing /home/gabsiston/Documentos/projetos/airflow-data/venv/lib/python3.8/site-packages/airflow/example_dags/example_trigger_target_dag.py took 0.110 seconds
[2022-10-11T20:31:28.839-0500] {processor.py:156} INFO - Started process (PID=11147) to work on /home/gabsiston/Documentos/projetos/airflow-data/venv/lib/python3.8/site-packages/airflow/example_dags/example_trigger_target_dag.py
[2022-10-11T20:31:28.841-0500] {processor.py:758} INFO - Processing file /home/gabsiston/Documentos/projetos/airflow-data/venv/lib/python3.8/site-packages/airflow/example_dags/example_trigger_target_dag.py for tasks to queue
[2022-10-11T20:31:28.841-0500] {logging_mixin.py:117} INFO - [2022-10-11T20:31:28.841-0500] {dagbag.py:525} INFO - Filling up the DagBag from /home/gabsiston/Documentos/projetos/airflow-data/venv/lib/python3.8/site-packages/airflow/example_dags/example_trigger_target_dag.py
[2022-10-11T20:31:28.863-0500] {processor.py:768} INFO - DAG(s) dict_keys(['example_trigger_target_dag']) retrieved from /home/gabsiston/Documentos/projetos/airflow-data/venv/lib/python3.8/site-packages/airflow/example_dags/example_trigger_target_dag.py
[2022-10-11T20:31:28.882-0500] {logging_mixin.py:117} INFO - [2022-10-11T20:31:28.882-0500] {dag.py:2573} INFO - Sync 1 DAGs
[2022-10-11T20:31:28.900-0500] {logging_mixin.py:117} INFO - [2022-10-11T20:31:28.900-0500] {dag.py:3324} INFO - Setting next_dagrun for example_trigger_target_dag to None, run_after=None
[2022-10-11T20:31:28.930-0500] {processor.py:178} INFO - Processing /home/gabsiston/Documentos/projetos/airflow-data/venv/lib/python3.8/site-packages/airflow/example_dags/example_trigger_target_dag.py took 0.094 seconds
[2022-10-11T20:32:07.547-0500] {processor.py:156} INFO - Started process (PID=11401) to work on /home/gabsiston/Documentos/projetos/airflow-data/venv/lib/python3.8/site-packages/airflow/example_dags/example_trigger_target_dag.py
[2022-10-11T20:32:07.549-0500] {processor.py:758} INFO - Processing file /home/gabsiston/Documentos/projetos/airflow-data/venv/lib/python3.8/site-packages/airflow/example_dags/example_trigger_target_dag.py for tasks to queue
[2022-10-11T20:32:07.550-0500] {logging_mixin.py:117} INFO - [2022-10-11T20:32:07.550-0500] {dagbag.py:525} INFO - Filling up the DagBag from /home/gabsiston/Documentos/projetos/airflow-data/venv/lib/python3.8/site-packages/airflow/example_dags/example_trigger_target_dag.py
[2022-10-11T20:32:07.573-0500] {processor.py:768} INFO - DAG(s) dict_keys(['example_trigger_target_dag']) retrieved from /home/gabsiston/Documentos/projetos/airflow-data/venv/lib/python3.8/site-packages/airflow/example_dags/example_trigger_target_dag.py
[2022-10-11T20:32:07.592-0500] {logging_mixin.py:117} INFO - [2022-10-11T20:32:07.591-0500] {dag.py:2573} INFO - Sync 1 DAGs
[2022-10-11T20:32:07.608-0500] {logging_mixin.py:117} INFO - [2022-10-11T20:32:07.608-0500] {dag.py:3324} INFO - Setting next_dagrun for example_trigger_target_dag to None, run_after=None
[2022-10-11T20:32:07.627-0500] {processor.py:178} INFO - Processing /home/gabsiston/Documentos/projetos/airflow-data/venv/lib/python3.8/site-packages/airflow/example_dags/example_trigger_target_dag.py took 0.083 seconds
[2022-10-11T20:32:43.558-0500] {processor.py:156} INFO - Started process (PID=11753) to work on /home/gabsiston/Documentos/projetos/airflow-data/venv/lib/python3.8/site-packages/airflow/example_dags/example_trigger_target_dag.py
[2022-10-11T20:32:43.562-0500] {processor.py:758} INFO - Processing file /home/gabsiston/Documentos/projetos/airflow-data/venv/lib/python3.8/site-packages/airflow/example_dags/example_trigger_target_dag.py for tasks to queue
[2022-10-11T20:32:43.564-0500] {logging_mixin.py:117} INFO - [2022-10-11T20:32:43.563-0500] {dagbag.py:525} INFO - Filling up the DagBag from /home/gabsiston/Documentos/projetos/airflow-data/venv/lib/python3.8/site-packages/airflow/example_dags/example_trigger_target_dag.py
[2022-10-11T20:32:43.591-0500] {processor.py:768} INFO - DAG(s) dict_keys(['example_trigger_target_dag']) retrieved from /home/gabsiston/Documentos/projetos/airflow-data/venv/lib/python3.8/site-packages/airflow/example_dags/example_trigger_target_dag.py
[2022-10-11T20:32:43.610-0500] {logging_mixin.py:117} INFO - [2022-10-11T20:32:43.610-0500] {dag.py:2573} INFO - Sync 1 DAGs
[2022-10-11T20:32:43.626-0500] {logging_mixin.py:117} INFO - [2022-10-11T20:32:43.626-0500] {dag.py:3324} INFO - Setting next_dagrun for example_trigger_target_dag to None, run_after=None
[2022-10-11T20:32:43.647-0500] {processor.py:178} INFO - Processing /home/gabsiston/Documentos/projetos/airflow-data/venv/lib/python3.8/site-packages/airflow/example_dags/example_trigger_target_dag.py took 0.098 seconds
[2022-10-11T20:33:19.287-0500] {processor.py:156} INFO - Started process (PID=12099) to work on /home/gabsiston/Documentos/projetos/airflow-data/venv/lib/python3.8/site-packages/airflow/example_dags/example_trigger_target_dag.py
[2022-10-11T20:33:19.288-0500] {processor.py:758} INFO - Processing file /home/gabsiston/Documentos/projetos/airflow-data/venv/lib/python3.8/site-packages/airflow/example_dags/example_trigger_target_dag.py for tasks to queue
[2022-10-11T20:33:19.288-0500] {logging_mixin.py:117} INFO - [2022-10-11T20:33:19.288-0500] {dagbag.py:525} INFO - Filling up the DagBag from /home/gabsiston/Documentos/projetos/airflow-data/venv/lib/python3.8/site-packages/airflow/example_dags/example_trigger_target_dag.py
[2022-10-11T20:33:19.304-0500] {processor.py:768} INFO - DAG(s) dict_keys(['example_trigger_target_dag']) retrieved from /home/gabsiston/Documentos/projetos/airflow-data/venv/lib/python3.8/site-packages/airflow/example_dags/example_trigger_target_dag.py
[2022-10-11T20:33:19.320-0500] {logging_mixin.py:117} INFO - [2022-10-11T20:33:19.320-0500] {dag.py:2573} INFO - Sync 1 DAGs
[2022-10-11T20:33:19.333-0500] {logging_mixin.py:117} INFO - [2022-10-11T20:33:19.333-0500] {dag.py:3324} INFO - Setting next_dagrun for example_trigger_target_dag to None, run_after=None
[2022-10-11T20:33:19.352-0500] {processor.py:178} INFO - Processing /home/gabsiston/Documentos/projetos/airflow-data/venv/lib/python3.8/site-packages/airflow/example_dags/example_trigger_target_dag.py took 0.068 seconds
[2022-10-11T20:33:52.988-0500] {processor.py:156} INFO - Started process (PID=12275) to work on /home/gabsiston/Documentos/projetos/airflow-data/venv/lib/python3.8/site-packages/airflow/example_dags/example_trigger_target_dag.py
[2022-10-11T20:33:52.989-0500] {processor.py:758} INFO - Processing file /home/gabsiston/Documentos/projetos/airflow-data/venv/lib/python3.8/site-packages/airflow/example_dags/example_trigger_target_dag.py for tasks to queue
[2022-10-11T20:33:52.989-0500] {logging_mixin.py:117} INFO - [2022-10-11T20:33:52.989-0500] {dagbag.py:525} INFO - Filling up the DagBag from /home/gabsiston/Documentos/projetos/airflow-data/venv/lib/python3.8/site-packages/airflow/example_dags/example_trigger_target_dag.py
[2022-10-11T20:33:53.006-0500] {processor.py:768} INFO - DAG(s) dict_keys(['example_trigger_target_dag']) retrieved from /home/gabsiston/Documentos/projetos/airflow-data/venv/lib/python3.8/site-packages/airflow/example_dags/example_trigger_target_dag.py
[2022-10-11T20:33:53.023-0500] {logging_mixin.py:117} INFO - [2022-10-11T20:33:53.023-0500] {dag.py:2573} INFO - Sync 1 DAGs
[2022-10-11T20:33:53.037-0500] {logging_mixin.py:117} INFO - [2022-10-11T20:33:53.037-0500] {dag.py:3324} INFO - Setting next_dagrun for example_trigger_target_dag to None, run_after=None
[2022-10-11T20:33:53.058-0500] {processor.py:178} INFO - Processing /home/gabsiston/Documentos/projetos/airflow-data/venv/lib/python3.8/site-packages/airflow/example_dags/example_trigger_target_dag.py took 0.072 seconds
[2022-10-11T20:34:28.185-0500] {processor.py:156} INFO - Started process (PID=12457) to work on /home/gabsiston/Documentos/projetos/airflow-data/venv/lib/python3.8/site-packages/airflow/example_dags/example_trigger_target_dag.py
[2022-10-11T20:34:28.187-0500] {processor.py:758} INFO - Processing file /home/gabsiston/Documentos/projetos/airflow-data/venv/lib/python3.8/site-packages/airflow/example_dags/example_trigger_target_dag.py for tasks to queue
[2022-10-11T20:34:28.188-0500] {logging_mixin.py:117} INFO - [2022-10-11T20:34:28.188-0500] {dagbag.py:525} INFO - Filling up the DagBag from /home/gabsiston/Documentos/projetos/airflow-data/venv/lib/python3.8/site-packages/airflow/example_dags/example_trigger_target_dag.py
[2022-10-11T20:34:28.216-0500] {processor.py:768} INFO - DAG(s) dict_keys(['example_trigger_target_dag']) retrieved from /home/gabsiston/Documentos/projetos/airflow-data/venv/lib/python3.8/site-packages/airflow/example_dags/example_trigger_target_dag.py
[2022-10-11T20:34:28.235-0500] {logging_mixin.py:117} INFO - [2022-10-11T20:34:28.235-0500] {dag.py:2573} INFO - Sync 1 DAGs
[2022-10-11T20:34:28.251-0500] {logging_mixin.py:117} INFO - [2022-10-11T20:34:28.251-0500] {dag.py:3324} INFO - Setting next_dagrun for example_trigger_target_dag to None, run_after=None
[2022-10-11T20:34:28.284-0500] {processor.py:178} INFO - Processing /home/gabsiston/Documentos/projetos/airflow-data/venv/lib/python3.8/site-packages/airflow/example_dags/example_trigger_target_dag.py took 0.102 seconds
[2022-10-11T20:35:04.309-0500] {processor.py:156} INFO - Started process (PID=12648) to work on /home/gabsiston/Documentos/projetos/airflow-data/venv/lib/python3.8/site-packages/airflow/example_dags/example_trigger_target_dag.py
[2022-10-11T20:35:04.311-0500] {processor.py:758} INFO - Processing file /home/gabsiston/Documentos/projetos/airflow-data/venv/lib/python3.8/site-packages/airflow/example_dags/example_trigger_target_dag.py for tasks to queue
[2022-10-11T20:35:04.311-0500] {logging_mixin.py:117} INFO - [2022-10-11T20:35:04.311-0500] {dagbag.py:525} INFO - Filling up the DagBag from /home/gabsiston/Documentos/projetos/airflow-data/venv/lib/python3.8/site-packages/airflow/example_dags/example_trigger_target_dag.py
[2022-10-11T20:35:04.328-0500] {processor.py:768} INFO - DAG(s) dict_keys(['example_trigger_target_dag']) retrieved from /home/gabsiston/Documentos/projetos/airflow-data/venv/lib/python3.8/site-packages/airflow/example_dags/example_trigger_target_dag.py
[2022-10-11T20:35:04.344-0500] {logging_mixin.py:117} INFO - [2022-10-11T20:35:04.344-0500] {dag.py:2573} INFO - Sync 1 DAGs
[2022-10-11T20:35:04.357-0500] {logging_mixin.py:117} INFO - [2022-10-11T20:35:04.357-0500] {dag.py:3324} INFO - Setting next_dagrun for example_trigger_target_dag to None, run_after=None
[2022-10-11T20:35:04.375-0500] {processor.py:178} INFO - Processing /home/gabsiston/Documentos/projetos/airflow-data/venv/lib/python3.8/site-packages/airflow/example_dags/example_trigger_target_dag.py took 0.068 seconds
[2022-10-11T20:35:37.793-0500] {processor.py:156} INFO - Started process (PID=12885) to work on /home/gabsiston/Documentos/projetos/airflow-data/venv/lib/python3.8/site-packages/airflow/example_dags/example_trigger_target_dag.py
[2022-10-11T20:35:37.797-0500] {processor.py:758} INFO - Processing file /home/gabsiston/Documentos/projetos/airflow-data/venv/lib/python3.8/site-packages/airflow/example_dags/example_trigger_target_dag.py for tasks to queue
[2022-10-11T20:35:37.799-0500] {logging_mixin.py:117} INFO - [2022-10-11T20:35:37.799-0500] {dagbag.py:525} INFO - Filling up the DagBag from /home/gabsiston/Documentos/projetos/airflow-data/venv/lib/python3.8/site-packages/airflow/example_dags/example_trigger_target_dag.py
[2022-10-11T20:35:37.831-0500] {processor.py:768} INFO - DAG(s) dict_keys(['example_trigger_target_dag']) retrieved from /home/gabsiston/Documentos/projetos/airflow-data/venv/lib/python3.8/site-packages/airflow/example_dags/example_trigger_target_dag.py
[2022-10-11T20:35:37.850-0500] {logging_mixin.py:117} INFO - [2022-10-11T20:35:37.850-0500] {dag.py:2573} INFO - Sync 1 DAGs
[2022-10-11T20:35:37.870-0500] {logging_mixin.py:117} INFO - [2022-10-11T20:35:37.869-0500] {dag.py:3324} INFO - Setting next_dagrun for example_trigger_target_dag to None, run_after=None
[2022-10-11T20:35:37.890-0500] {processor.py:178} INFO - Processing /home/gabsiston/Documentos/projetos/airflow-data/venv/lib/python3.8/site-packages/airflow/example_dags/example_trigger_target_dag.py took 0.105 seconds
[2022-10-11T20:36:12.345-0500] {processor.py:156} INFO - Started process (PID=13071) to work on /home/gabsiston/Documentos/projetos/airflow-data/venv/lib/python3.8/site-packages/airflow/example_dags/example_trigger_target_dag.py
[2022-10-11T20:36:12.346-0500] {processor.py:758} INFO - Processing file /home/gabsiston/Documentos/projetos/airflow-data/venv/lib/python3.8/site-packages/airflow/example_dags/example_trigger_target_dag.py for tasks to queue
[2022-10-11T20:36:12.347-0500] {logging_mixin.py:117} INFO - [2022-10-11T20:36:12.347-0500] {dagbag.py:525} INFO - Filling up the DagBag from /home/gabsiston/Documentos/projetos/airflow-data/venv/lib/python3.8/site-packages/airflow/example_dags/example_trigger_target_dag.py
[2022-10-11T20:36:12.390-0500] {processor.py:768} INFO - DAG(s) dict_keys(['example_trigger_target_dag']) retrieved from /home/gabsiston/Documentos/projetos/airflow-data/venv/lib/python3.8/site-packages/airflow/example_dags/example_trigger_target_dag.py
[2022-10-11T20:36:12.436-0500] {logging_mixin.py:117} INFO - [2022-10-11T20:36:12.436-0500] {dag.py:2573} INFO - Sync 1 DAGs
[2022-10-11T20:36:12.484-0500] {logging_mixin.py:117} INFO - [2022-10-11T20:36:12.484-0500] {dag.py:3324} INFO - Setting next_dagrun for example_trigger_target_dag to None, run_after=None
[2022-10-11T20:36:12.549-0500] {processor.py:178} INFO - Processing /home/gabsiston/Documentos/projetos/airflow-data/venv/lib/python3.8/site-packages/airflow/example_dags/example_trigger_target_dag.py took 0.207 seconds
[2022-10-11T20:36:53.721-0500] {processor.py:156} INFO - Started process (PID=13496) to work on /home/gabsiston/Documentos/projetos/airflow-data/venv/lib/python3.8/site-packages/airflow/example_dags/example_trigger_target_dag.py
[2022-10-11T20:36:53.723-0500] {processor.py:758} INFO - Processing file /home/gabsiston/Documentos/projetos/airflow-data/venv/lib/python3.8/site-packages/airflow/example_dags/example_trigger_target_dag.py for tasks to queue
[2022-10-11T20:36:53.724-0500] {logging_mixin.py:117} INFO - [2022-10-11T20:36:53.724-0500] {dagbag.py:525} INFO - Filling up the DagBag from /home/gabsiston/Documentos/projetos/airflow-data/venv/lib/python3.8/site-packages/airflow/example_dags/example_trigger_target_dag.py
[2022-10-11T20:36:53.745-0500] {processor.py:768} INFO - DAG(s) dict_keys(['example_trigger_target_dag']) retrieved from /home/gabsiston/Documentos/projetos/airflow-data/venv/lib/python3.8/site-packages/airflow/example_dags/example_trigger_target_dag.py
[2022-10-11T20:36:53.764-0500] {logging_mixin.py:117} INFO - [2022-10-11T20:36:53.764-0500] {dag.py:2573} INFO - Sync 1 DAGs
[2022-10-11T20:36:53.780-0500] {logging_mixin.py:117} INFO - [2022-10-11T20:36:53.780-0500] {dag.py:3324} INFO - Setting next_dagrun for example_trigger_target_dag to None, run_after=None
[2022-10-11T20:36:53.802-0500] {processor.py:178} INFO - Processing /home/gabsiston/Documentos/projetos/airflow-data/venv/lib/python3.8/site-packages/airflow/example_dags/example_trigger_target_dag.py took 0.084 seconds
