[2022-10-11T20:25:11.248-0500] {processor.py:156} INFO - Started process (PID=7667) to work on /home/gabsiston/Documentos/projetos/airflow-data/venv/lib/python3.8/site-packages/airflow/example_dags/example_latest_only.py
[2022-10-11T20:25:11.248-0500] {processor.py:758} INFO - Processing file /home/gabsiston/Documentos/projetos/airflow-data/venv/lib/python3.8/site-packages/airflow/example_dags/example_latest_only.py for tasks to queue
[2022-10-11T20:25:11.249-0500] {logging_mixin.py:117} INFO - [2022-10-11T20:25:11.249-0500] {dagbag.py:525} INFO - Filling up the DagBag from /home/gabsiston/Documentos/projetos/airflow-data/venv/lib/python3.8/site-packages/airflow/example_dags/example_latest_only.py
[2022-10-11T20:25:11.258-0500] {processor.py:768} INFO - DAG(s) dict_keys(['latest_only']) retrieved from /home/gabsiston/Documentos/projetos/airflow-data/venv/lib/python3.8/site-packages/airflow/example_dags/example_latest_only.py
[2022-10-11T20:25:11.341-0500] {logging_mixin.py:117} INFO - [2022-10-11T20:25:11.341-0500] {manager.py:507} INFO - Created Permission View: can read on DAG:latest_only
[2022-10-11T20:25:11.353-0500] {logging_mixin.py:117} INFO - [2022-10-11T20:25:11.353-0500] {manager.py:507} INFO - Created Permission View: can edit on DAG:latest_only
[2022-10-11T20:25:11.363-0500] {logging_mixin.py:117} INFO - [2022-10-11T20:25:11.363-0500] {manager.py:507} INFO - Created Permission View: can delete on DAG:latest_only
[2022-10-11T20:25:11.364-0500] {logging_mixin.py:117} INFO - [2022-10-11T20:25:11.364-0500] {dag.py:2573} INFO - Sync 1 DAGs
[2022-10-11T20:25:11.371-0500] {logging_mixin.py:117} INFO - [2022-10-11T20:25:11.371-0500] {dag.py:2594} INFO - Creating ORM DAG for latest_only
[2022-10-11T20:25:11.378-0500] {logging_mixin.py:117} INFO - [2022-10-11T20:25:11.378-0500] {dag.py:3324} INFO - Setting next_dagrun for latest_only to 2022-10-11T21:25:11.378087+00:00, run_after=2022-10-12T01:25:11.378087+00:00
[2022-10-11T20:25:11.396-0500] {processor.py:178} INFO - Processing /home/gabsiston/Documentos/projetos/airflow-data/venv/lib/python3.8/site-packages/airflow/example_dags/example_latest_only.py took 0.151 seconds
[2022-10-11T20:25:53.509-0500] {processor.py:156} INFO - Started process (PID=8093) to work on /home/gabsiston/Documentos/projetos/airflow-data/venv/lib/python3.8/site-packages/airflow/example_dags/example_latest_only.py
[2022-10-11T20:25:53.511-0500] {processor.py:758} INFO - Processing file /home/gabsiston/Documentos/projetos/airflow-data/venv/lib/python3.8/site-packages/airflow/example_dags/example_latest_only.py for tasks to queue
[2022-10-11T20:25:53.512-0500] {logging_mixin.py:117} INFO - [2022-10-11T20:25:53.511-0500] {dagbag.py:525} INFO - Filling up the DagBag from /home/gabsiston/Documentos/projetos/airflow-data/venv/lib/python3.8/site-packages/airflow/example_dags/example_latest_only.py
[2022-10-11T20:25:53.522-0500] {processor.py:768} INFO - DAG(s) dict_keys(['latest_only']) retrieved from /home/gabsiston/Documentos/projetos/airflow-data/venv/lib/python3.8/site-packages/airflow/example_dags/example_latest_only.py
[2022-10-11T20:25:53.541-0500] {logging_mixin.py:117} INFO - [2022-10-11T20:25:53.541-0500] {dag.py:2573} INFO - Sync 1 DAGs
[2022-10-11T20:25:53.560-0500] {logging_mixin.py:117} INFO - [2022-10-11T20:25:53.560-0500] {dag.py:3324} INFO - Setting next_dagrun for latest_only to 2022-10-11T21:25:53.559809+00:00, run_after=2022-10-12T01:25:53.559809+00:00
[2022-10-11T20:25:53.585-0500] {processor.py:178} INFO - Processing /home/gabsiston/Documentos/projetos/airflow-data/venv/lib/python3.8/site-packages/airflow/example_dags/example_latest_only.py took 0.077 seconds
[2022-10-11T20:26:29.892-0500] {processor.py:156} INFO - Started process (PID=8562) to work on /home/gabsiston/Documentos/projetos/airflow-data/venv/lib/python3.8/site-packages/airflow/example_dags/example_latest_only.py
[2022-10-11T20:26:29.894-0500] {processor.py:758} INFO - Processing file /home/gabsiston/Documentos/projetos/airflow-data/venv/lib/python3.8/site-packages/airflow/example_dags/example_latest_only.py for tasks to queue
[2022-10-11T20:26:29.894-0500] {logging_mixin.py:117} INFO - [2022-10-11T20:26:29.894-0500] {dagbag.py:525} INFO - Filling up the DagBag from /home/gabsiston/Documentos/projetos/airflow-data/venv/lib/python3.8/site-packages/airflow/example_dags/example_latest_only.py
[2022-10-11T20:26:29.909-0500] {processor.py:768} INFO - DAG(s) dict_keys(['latest_only']) retrieved from /home/gabsiston/Documentos/projetos/airflow-data/venv/lib/python3.8/site-packages/airflow/example_dags/example_latest_only.py
[2022-10-11T20:26:29.932-0500] {logging_mixin.py:117} INFO - [2022-10-11T20:26:29.932-0500] {dag.py:2573} INFO - Sync 1 DAGs
[2022-10-11T20:26:29.950-0500] {logging_mixin.py:117} INFO - [2022-10-11T20:26:29.950-0500] {dag.py:3324} INFO - Setting next_dagrun for latest_only to 2022-10-11T21:26:29.949803+00:00, run_after=2022-10-12T01:26:29.949803+00:00
[2022-10-11T20:26:29.973-0500] {processor.py:178} INFO - Processing /home/gabsiston/Documentos/projetos/airflow-data/venv/lib/python3.8/site-packages/airflow/example_dags/example_latest_only.py took 0.083 seconds
[2022-10-11T20:27:04.660-0500] {processor.py:156} INFO - Started process (PID=9098) to work on /home/gabsiston/Documentos/projetos/airflow-data/venv/lib/python3.8/site-packages/airflow/example_dags/example_latest_only.py
[2022-10-11T20:27:04.662-0500] {processor.py:758} INFO - Processing file /home/gabsiston/Documentos/projetos/airflow-data/venv/lib/python3.8/site-packages/airflow/example_dags/example_latest_only.py for tasks to queue
[2022-10-11T20:27:04.662-0500] {logging_mixin.py:117} INFO - [2022-10-11T20:27:04.662-0500] {dagbag.py:525} INFO - Filling up the DagBag from /home/gabsiston/Documentos/projetos/airflow-data/venv/lib/python3.8/site-packages/airflow/example_dags/example_latest_only.py
[2022-10-11T20:27:04.674-0500] {processor.py:768} INFO - DAG(s) dict_keys(['latest_only']) retrieved from /home/gabsiston/Documentos/projetos/airflow-data/venv/lib/python3.8/site-packages/airflow/example_dags/example_latest_only.py
[2022-10-11T20:27:04.694-0500] {logging_mixin.py:117} INFO - [2022-10-11T20:27:04.694-0500] {dag.py:2573} INFO - Sync 1 DAGs
[2022-10-11T20:27:04.711-0500] {logging_mixin.py:117} INFO - [2022-10-11T20:27:04.711-0500] {dag.py:3324} INFO - Setting next_dagrun for latest_only to 2022-10-11T21:27:04.711057+00:00, run_after=2022-10-12T01:27:04.711057+00:00
[2022-10-11T20:27:04.733-0500] {processor.py:178} INFO - Processing /home/gabsiston/Documentos/projetos/airflow-data/venv/lib/python3.8/site-packages/airflow/example_dags/example_latest_only.py took 0.075 seconds
[2022-10-11T20:27:41.038-0500] {processor.py:156} INFO - Started process (PID=9513) to work on /home/gabsiston/Documentos/projetos/airflow-data/venv/lib/python3.8/site-packages/airflow/example_dags/example_latest_only.py
[2022-10-11T20:27:41.041-0500] {processor.py:758} INFO - Processing file /home/gabsiston/Documentos/projetos/airflow-data/venv/lib/python3.8/site-packages/airflow/example_dags/example_latest_only.py for tasks to queue
[2022-10-11T20:27:41.043-0500] {logging_mixin.py:117} INFO - [2022-10-11T20:27:41.043-0500] {dagbag.py:525} INFO - Filling up the DagBag from /home/gabsiston/Documentos/projetos/airflow-data/venv/lib/python3.8/site-packages/airflow/example_dags/example_latest_only.py
[2022-10-11T20:27:41.064-0500] {processor.py:768} INFO - DAG(s) dict_keys(['latest_only']) retrieved from /home/gabsiston/Documentos/projetos/airflow-data/venv/lib/python3.8/site-packages/airflow/example_dags/example_latest_only.py
[2022-10-11T20:27:41.085-0500] {logging_mixin.py:117} INFO - [2022-10-11T20:27:41.085-0500] {dag.py:2573} INFO - Sync 1 DAGs
[2022-10-11T20:27:41.103-0500] {logging_mixin.py:117} INFO - [2022-10-11T20:27:41.103-0500] {dag.py:3324} INFO - Setting next_dagrun for latest_only to 2022-10-11T21:27:41.103407+00:00, run_after=2022-10-12T01:27:41.103407+00:00
[2022-10-11T20:27:41.134-0500] {processor.py:178} INFO - Processing /home/gabsiston/Documentos/projetos/airflow-data/venv/lib/python3.8/site-packages/airflow/example_dags/example_latest_only.py took 0.104 seconds
[2022-10-11T20:28:16.352-0500] {processor.py:156} INFO - Started process (PID=9844) to work on /home/gabsiston/Documentos/projetos/airflow-data/venv/lib/python3.8/site-packages/airflow/example_dags/example_latest_only.py
[2022-10-11T20:28:16.353-0500] {processor.py:758} INFO - Processing file /home/gabsiston/Documentos/projetos/airflow-data/venv/lib/python3.8/site-packages/airflow/example_dags/example_latest_only.py for tasks to queue
[2022-10-11T20:28:16.353-0500] {logging_mixin.py:117} INFO - [2022-10-11T20:28:16.353-0500] {dagbag.py:525} INFO - Filling up the DagBag from /home/gabsiston/Documentos/projetos/airflow-data/venv/lib/python3.8/site-packages/airflow/example_dags/example_latest_only.py
[2022-10-11T20:28:16.363-0500] {processor.py:768} INFO - DAG(s) dict_keys(['latest_only']) retrieved from /home/gabsiston/Documentos/projetos/airflow-data/venv/lib/python3.8/site-packages/airflow/example_dags/example_latest_only.py
[2022-10-11T20:28:16.378-0500] {logging_mixin.py:117} INFO - [2022-10-11T20:28:16.378-0500] {dag.py:2573} INFO - Sync 1 DAGs
[2022-10-11T20:28:16.393-0500] {logging_mixin.py:117} INFO - [2022-10-11T20:28:16.393-0500] {dag.py:3324} INFO - Setting next_dagrun for latest_only to 2022-10-11T21:28:16.393571+00:00, run_after=2022-10-12T01:28:16.393571+00:00
[2022-10-11T20:28:16.422-0500] {processor.py:178} INFO - Processing /home/gabsiston/Documentos/projetos/airflow-data/venv/lib/python3.8/site-packages/airflow/example_dags/example_latest_only.py took 0.072 seconds
[2022-10-11T20:28:51.859-0500] {processor.py:156} INFO - Started process (PID=10083) to work on /home/gabsiston/Documentos/projetos/airflow-data/venv/lib/python3.8/site-packages/airflow/example_dags/example_latest_only.py
[2022-10-11T20:28:51.862-0500] {processor.py:758} INFO - Processing file /home/gabsiston/Documentos/projetos/airflow-data/venv/lib/python3.8/site-packages/airflow/example_dags/example_latest_only.py for tasks to queue
[2022-10-11T20:28:51.862-0500] {logging_mixin.py:117} INFO - [2022-10-11T20:28:51.862-0500] {dagbag.py:525} INFO - Filling up the DagBag from /home/gabsiston/Documentos/projetos/airflow-data/venv/lib/python3.8/site-packages/airflow/example_dags/example_latest_only.py
[2022-10-11T20:28:51.875-0500] {processor.py:768} INFO - DAG(s) dict_keys(['latest_only']) retrieved from /home/gabsiston/Documentos/projetos/airflow-data/venv/lib/python3.8/site-packages/airflow/example_dags/example_latest_only.py
[2022-10-11T20:28:51.895-0500] {logging_mixin.py:117} INFO - [2022-10-11T20:28:51.895-0500] {dag.py:2573} INFO - Sync 1 DAGs
[2022-10-11T20:28:51.911-0500] {logging_mixin.py:117} INFO - [2022-10-11T20:28:51.911-0500] {dag.py:3324} INFO - Setting next_dagrun for latest_only to 2022-10-11T21:28:51.911171+00:00, run_after=2022-10-12T01:28:51.911171+00:00
[2022-10-11T20:28:51.942-0500] {processor.py:178} INFO - Processing /home/gabsiston/Documentos/projetos/airflow-data/venv/lib/python3.8/site-packages/airflow/example_dags/example_latest_only.py took 0.085 seconds
[2022-10-11T20:29:29.177-0500] {processor.py:156} INFO - Started process (PID=10314) to work on /home/gabsiston/Documentos/projetos/airflow-data/venv/lib/python3.8/site-packages/airflow/example_dags/example_latest_only.py
[2022-10-11T20:29:29.179-0500] {processor.py:758} INFO - Processing file /home/gabsiston/Documentos/projetos/airflow-data/venv/lib/python3.8/site-packages/airflow/example_dags/example_latest_only.py for tasks to queue
[2022-10-11T20:29:29.180-0500] {logging_mixin.py:117} INFO - [2022-10-11T20:29:29.179-0500] {dagbag.py:525} INFO - Filling up the DagBag from /home/gabsiston/Documentos/projetos/airflow-data/venv/lib/python3.8/site-packages/airflow/example_dags/example_latest_only.py
[2022-10-11T20:29:29.194-0500] {processor.py:768} INFO - DAG(s) dict_keys(['latest_only']) retrieved from /home/gabsiston/Documentos/projetos/airflow-data/venv/lib/python3.8/site-packages/airflow/example_dags/example_latest_only.py
[2022-10-11T20:29:29.215-0500] {logging_mixin.py:117} INFO - [2022-10-11T20:29:29.214-0500] {dag.py:2573} INFO - Sync 1 DAGs
[2022-10-11T20:29:29.232-0500] {logging_mixin.py:117} INFO - [2022-10-11T20:29:29.232-0500] {dag.py:3324} INFO - Setting next_dagrun for latest_only to 2022-10-11T21:29:29.231831+00:00, run_after=2022-10-12T01:29:29.231831+00:00
[2022-10-11T20:29:29.261-0500] {processor.py:178} INFO - Processing /home/gabsiston/Documentos/projetos/airflow-data/venv/lib/python3.8/site-packages/airflow/example_dags/example_latest_only.py took 0.087 seconds
[2022-10-11T20:30:04.421-0500] {processor.py:156} INFO - Started process (PID=10496) to work on /home/gabsiston/Documentos/projetos/airflow-data/venv/lib/python3.8/site-packages/airflow/example_dags/example_latest_only.py
[2022-10-11T20:30:04.424-0500] {processor.py:758} INFO - Processing file /home/gabsiston/Documentos/projetos/airflow-data/venv/lib/python3.8/site-packages/airflow/example_dags/example_latest_only.py for tasks to queue
[2022-10-11T20:30:04.424-0500] {logging_mixin.py:117} INFO - [2022-10-11T20:30:04.424-0500] {dagbag.py:525} INFO - Filling up the DagBag from /home/gabsiston/Documentos/projetos/airflow-data/venv/lib/python3.8/site-packages/airflow/example_dags/example_latest_only.py
[2022-10-11T20:30:04.436-0500] {processor.py:768} INFO - DAG(s) dict_keys(['latest_only']) retrieved from /home/gabsiston/Documentos/projetos/airflow-data/venv/lib/python3.8/site-packages/airflow/example_dags/example_latest_only.py
[2022-10-11T20:30:04.455-0500] {logging_mixin.py:117} INFO - [2022-10-11T20:30:04.455-0500] {dag.py:2573} INFO - Sync 1 DAGs
[2022-10-11T20:30:04.471-0500] {logging_mixin.py:117} INFO - [2022-10-11T20:30:04.471-0500] {dag.py:3324} INFO - Setting next_dagrun for latest_only to 2022-10-11T21:30:04.471330+00:00, run_after=2022-10-12T01:30:04.471330+00:00
[2022-10-11T20:30:04.492-0500] {processor.py:178} INFO - Processing /home/gabsiston/Documentos/projetos/airflow-data/venv/lib/python3.8/site-packages/airflow/example_dags/example_latest_only.py took 0.073 seconds
[2022-10-11T20:30:37.876-0500] {processor.py:156} INFO - Started process (PID=10730) to work on /home/gabsiston/Documentos/projetos/airflow-data/venv/lib/python3.8/site-packages/airflow/example_dags/example_latest_only.py
[2022-10-11T20:30:37.877-0500] {processor.py:758} INFO - Processing file /home/gabsiston/Documentos/projetos/airflow-data/venv/lib/python3.8/site-packages/airflow/example_dags/example_latest_only.py for tasks to queue
[2022-10-11T20:30:37.878-0500] {logging_mixin.py:117} INFO - [2022-10-11T20:30:37.878-0500] {dagbag.py:525} INFO - Filling up the DagBag from /home/gabsiston/Documentos/projetos/airflow-data/venv/lib/python3.8/site-packages/airflow/example_dags/example_latest_only.py
[2022-10-11T20:30:37.898-0500] {processor.py:768} INFO - DAG(s) dict_keys(['latest_only']) retrieved from /home/gabsiston/Documentos/projetos/airflow-data/venv/lib/python3.8/site-packages/airflow/example_dags/example_latest_only.py
[2022-10-11T20:30:37.919-0500] {logging_mixin.py:117} INFO - [2022-10-11T20:30:37.919-0500] {dag.py:2573} INFO - Sync 1 DAGs
[2022-10-11T20:30:37.937-0500] {logging_mixin.py:117} INFO - [2022-10-11T20:30:37.936-0500] {dag.py:3324} INFO - Setting next_dagrun for latest_only to 2022-10-11T21:30:37.936673+00:00, run_after=2022-10-12T01:30:37.936673+00:00
[2022-10-11T20:30:37.959-0500] {processor.py:178} INFO - Processing /home/gabsiston/Documentos/projetos/airflow-data/venv/lib/python3.8/site-packages/airflow/example_dags/example_latest_only.py took 0.087 seconds
[2022-10-11T20:31:10.135-0500] {processor.py:156} INFO - Started process (PID=10920) to work on /home/gabsiston/Documentos/projetos/airflow-data/venv/lib/python3.8/site-packages/airflow/example_dags/example_latest_only.py
[2022-10-11T20:31:10.137-0500] {processor.py:758} INFO - Processing file /home/gabsiston/Documentos/projetos/airflow-data/venv/lib/python3.8/site-packages/airflow/example_dags/example_latest_only.py for tasks to queue
[2022-10-11T20:31:10.138-0500] {logging_mixin.py:117} INFO - [2022-10-11T20:31:10.137-0500] {dagbag.py:525} INFO - Filling up the DagBag from /home/gabsiston/Documentos/projetos/airflow-data/venv/lib/python3.8/site-packages/airflow/example_dags/example_latest_only.py
[2022-10-11T20:31:10.150-0500] {processor.py:768} INFO - DAG(s) dict_keys(['latest_only']) retrieved from /home/gabsiston/Documentos/projetos/airflow-data/venv/lib/python3.8/site-packages/airflow/example_dags/example_latest_only.py
[2022-10-11T20:31:10.169-0500] {logging_mixin.py:117} INFO - [2022-10-11T20:31:10.169-0500] {dag.py:2573} INFO - Sync 1 DAGs
[2022-10-11T20:31:10.184-0500] {logging_mixin.py:117} INFO - [2022-10-11T20:31:10.184-0500] {dag.py:3324} INFO - Setting next_dagrun for latest_only to 2022-10-11T21:31:10.184487+00:00, run_after=2022-10-12T01:31:10.184487+00:00
[2022-10-11T20:31:10.206-0500] {processor.py:178} INFO - Processing /home/gabsiston/Documentos/projetos/airflow-data/venv/lib/python3.8/site-packages/airflow/example_dags/example_latest_only.py took 0.073 seconds
[2022-10-11T20:31:43.655-0500] {processor.py:156} INFO - Started process (PID=11281) to work on /home/gabsiston/Documentos/projetos/airflow-data/venv/lib/python3.8/site-packages/airflow/example_dags/example_latest_only.py
[2022-10-11T20:31:43.657-0500] {processor.py:758} INFO - Processing file /home/gabsiston/Documentos/projetos/airflow-data/venv/lib/python3.8/site-packages/airflow/example_dags/example_latest_only.py for tasks to queue
[2022-10-11T20:31:43.658-0500] {logging_mixin.py:117} INFO - [2022-10-11T20:31:43.658-0500] {dagbag.py:525} INFO - Filling up the DagBag from /home/gabsiston/Documentos/projetos/airflow-data/venv/lib/python3.8/site-packages/airflow/example_dags/example_latest_only.py
[2022-10-11T20:31:43.673-0500] {processor.py:768} INFO - DAG(s) dict_keys(['latest_only']) retrieved from /home/gabsiston/Documentos/projetos/airflow-data/venv/lib/python3.8/site-packages/airflow/example_dags/example_latest_only.py
[2022-10-11T20:31:43.694-0500] {logging_mixin.py:117} INFO - [2022-10-11T20:31:43.694-0500] {dag.py:2573} INFO - Sync 1 DAGs
[2022-10-11T20:31:43.711-0500] {logging_mixin.py:117} INFO - [2022-10-11T20:31:43.711-0500] {dag.py:3324} INFO - Setting next_dagrun for latest_only to 2022-10-11T21:31:43.711267+00:00, run_after=2022-10-12T01:31:43.711267+00:00
[2022-10-11T20:31:43.733-0500] {processor.py:178} INFO - Processing /home/gabsiston/Documentos/projetos/airflow-data/venv/lib/python3.8/site-packages/airflow/example_dags/example_latest_only.py took 0.082 seconds
[2022-10-11T20:32:21.905-0500] {processor.py:156} INFO - Started process (PID=11480) to work on /home/gabsiston/Documentos/projetos/airflow-data/venv/lib/python3.8/site-packages/airflow/example_dags/example_latest_only.py
[2022-10-11T20:32:21.908-0500] {processor.py:758} INFO - Processing file /home/gabsiston/Documentos/projetos/airflow-data/venv/lib/python3.8/site-packages/airflow/example_dags/example_latest_only.py for tasks to queue
[2022-10-11T20:32:21.908-0500] {logging_mixin.py:117} INFO - [2022-10-11T20:32:21.908-0500] {dagbag.py:525} INFO - Filling up the DagBag from /home/gabsiston/Documentos/projetos/airflow-data/venv/lib/python3.8/site-packages/airflow/example_dags/example_latest_only.py
[2022-10-11T20:32:21.919-0500] {processor.py:768} INFO - DAG(s) dict_keys(['latest_only']) retrieved from /home/gabsiston/Documentos/projetos/airflow-data/venv/lib/python3.8/site-packages/airflow/example_dags/example_latest_only.py
[2022-10-11T20:32:21.939-0500] {logging_mixin.py:117} INFO - [2022-10-11T20:32:21.939-0500] {dag.py:2573} INFO - Sync 1 DAGs
[2022-10-11T20:32:21.955-0500] {logging_mixin.py:117} INFO - [2022-10-11T20:32:21.955-0500] {dag.py:3324} INFO - Setting next_dagrun for latest_only to 2022-10-11T21:32:21.955532+00:00, run_after=2022-10-12T01:32:21.955532+00:00
[2022-10-11T20:32:21.988-0500] {processor.py:178} INFO - Processing /home/gabsiston/Documentos/projetos/airflow-data/venv/lib/python3.8/site-packages/airflow/example_dags/example_latest_only.py took 0.086 seconds
[2022-10-11T20:32:56.099-0500] {processor.py:156} INFO - Started process (PID=11922) to work on /home/gabsiston/Documentos/projetos/airflow-data/venv/lib/python3.8/site-packages/airflow/example_dags/example_latest_only.py
[2022-10-11T20:32:56.103-0500] {processor.py:758} INFO - Processing file /home/gabsiston/Documentos/projetos/airflow-data/venv/lib/python3.8/site-packages/airflow/example_dags/example_latest_only.py for tasks to queue
[2022-10-11T20:32:56.106-0500] {logging_mixin.py:117} INFO - [2022-10-11T20:32:56.105-0500] {dagbag.py:525} INFO - Filling up the DagBag from /home/gabsiston/Documentos/projetos/airflow-data/venv/lib/python3.8/site-packages/airflow/example_dags/example_latest_only.py
[2022-10-11T20:32:56.129-0500] {processor.py:768} INFO - DAG(s) dict_keys(['latest_only']) retrieved from /home/gabsiston/Documentos/projetos/airflow-data/venv/lib/python3.8/site-packages/airflow/example_dags/example_latest_only.py
[2022-10-11T20:32:56.149-0500] {logging_mixin.py:117} INFO - [2022-10-11T20:32:56.149-0500] {dag.py:2573} INFO - Sync 1 DAGs
[2022-10-11T20:32:56.166-0500] {logging_mixin.py:117} INFO - [2022-10-11T20:32:56.166-0500] {dag.py:3324} INFO - Setting next_dagrun for latest_only to 2022-10-11T21:32:56.166284+00:00, run_after=2022-10-12T01:32:56.166284+00:00
[2022-10-11T20:32:56.196-0500] {processor.py:178} INFO - Processing /home/gabsiston/Documentos/projetos/airflow-data/venv/lib/python3.8/site-packages/airflow/example_dags/example_latest_only.py took 0.105 seconds
[2022-10-11T20:33:30.081-0500] {processor.py:156} INFO - Started process (PID=12159) to work on /home/gabsiston/Documentos/projetos/airflow-data/venv/lib/python3.8/site-packages/airflow/example_dags/example_latest_only.py
[2022-10-11T20:33:30.082-0500] {processor.py:758} INFO - Processing file /home/gabsiston/Documentos/projetos/airflow-data/venv/lib/python3.8/site-packages/airflow/example_dags/example_latest_only.py for tasks to queue
[2022-10-11T20:33:30.082-0500] {logging_mixin.py:117} INFO - [2022-10-11T20:33:30.082-0500] {dagbag.py:525} INFO - Filling up the DagBag from /home/gabsiston/Documentos/projetos/airflow-data/venv/lib/python3.8/site-packages/airflow/example_dags/example_latest_only.py
[2022-10-11T20:33:30.093-0500] {processor.py:768} INFO - DAG(s) dict_keys(['latest_only']) retrieved from /home/gabsiston/Documentos/projetos/airflow-data/venv/lib/python3.8/site-packages/airflow/example_dags/example_latest_only.py
[2022-10-11T20:33:30.110-0500] {logging_mixin.py:117} INFO - [2022-10-11T20:33:30.110-0500] {dag.py:2573} INFO - Sync 1 DAGs
[2022-10-11T20:33:30.125-0500] {logging_mixin.py:117} INFO - [2022-10-11T20:33:30.125-0500] {dag.py:3324} INFO - Setting next_dagrun for latest_only to 2022-10-11T21:33:30.125109+00:00, run_after=2022-10-12T01:33:30.125109+00:00
[2022-10-11T20:33:30.145-0500] {processor.py:178} INFO - Processing /home/gabsiston/Documentos/projetos/airflow-data/venv/lib/python3.8/site-packages/airflow/example_dags/example_latest_only.py took 0.066 seconds
[2022-10-11T20:34:06.983-0500] {processor.py:156} INFO - Started process (PID=12340) to work on /home/gabsiston/Documentos/projetos/airflow-data/venv/lib/python3.8/site-packages/airflow/example_dags/example_latest_only.py
[2022-10-11T20:34:06.985-0500] {processor.py:758} INFO - Processing file /home/gabsiston/Documentos/projetos/airflow-data/venv/lib/python3.8/site-packages/airflow/example_dags/example_latest_only.py for tasks to queue
[2022-10-11T20:34:06.986-0500] {logging_mixin.py:117} INFO - [2022-10-11T20:34:06.986-0500] {dagbag.py:525} INFO - Filling up the DagBag from /home/gabsiston/Documentos/projetos/airflow-data/venv/lib/python3.8/site-packages/airflow/example_dags/example_latest_only.py
[2022-10-11T20:34:07.003-0500] {processor.py:768} INFO - DAG(s) dict_keys(['latest_only']) retrieved from /home/gabsiston/Documentos/projetos/airflow-data/venv/lib/python3.8/site-packages/airflow/example_dags/example_latest_only.py
[2022-10-11T20:34:07.026-0500] {logging_mixin.py:117} INFO - [2022-10-11T20:34:07.026-0500] {dag.py:2573} INFO - Sync 1 DAGs
[2022-10-11T20:34:07.042-0500] {logging_mixin.py:117} INFO - [2022-10-11T20:34:07.042-0500] {dag.py:3324} INFO - Setting next_dagrun for latest_only to 2022-10-11T21:34:07.042310+00:00, run_after=2022-10-12T01:34:07.042310+00:00
[2022-10-11T20:34:07.070-0500] {processor.py:178} INFO - Processing /home/gabsiston/Documentos/projetos/airflow-data/venv/lib/python3.8/site-packages/airflow/example_dags/example_latest_only.py took 0.090 seconds
[2022-10-11T20:34:42.285-0500] {processor.py:156} INFO - Started process (PID=12528) to work on /home/gabsiston/Documentos/projetos/airflow-data/venv/lib/python3.8/site-packages/airflow/example_dags/example_latest_only.py
[2022-10-11T20:34:42.288-0500] {processor.py:758} INFO - Processing file /home/gabsiston/Documentos/projetos/airflow-data/venv/lib/python3.8/site-packages/airflow/example_dags/example_latest_only.py for tasks to queue
[2022-10-11T20:34:42.289-0500] {logging_mixin.py:117} INFO - [2022-10-11T20:34:42.289-0500] {dagbag.py:525} INFO - Filling up the DagBag from /home/gabsiston/Documentos/projetos/airflow-data/venv/lib/python3.8/site-packages/airflow/example_dags/example_latest_only.py
[2022-10-11T20:34:42.307-0500] {processor.py:768} INFO - DAG(s) dict_keys(['latest_only']) retrieved from /home/gabsiston/Documentos/projetos/airflow-data/venv/lib/python3.8/site-packages/airflow/example_dags/example_latest_only.py
[2022-10-11T20:34:42.329-0500] {logging_mixin.py:117} INFO - [2022-10-11T20:34:42.329-0500] {dag.py:2573} INFO - Sync 1 DAGs
[2022-10-11T20:34:42.347-0500] {logging_mixin.py:117} INFO - [2022-10-11T20:34:42.347-0500] {dag.py:3324} INFO - Setting next_dagrun for latest_only to 2022-10-11T21:34:42.347631+00:00, run_after=2022-10-12T01:34:42.347631+00:00
[2022-10-11T20:34:42.369-0500] {processor.py:178} INFO - Processing /home/gabsiston/Documentos/projetos/airflow-data/venv/lib/python3.8/site-packages/airflow/example_dags/example_latest_only.py took 0.089 seconds
[2022-10-11T20:35:14.124-0500] {processor.py:156} INFO - Started process (PID=12752) to work on /home/gabsiston/Documentos/projetos/airflow-data/venv/lib/python3.8/site-packages/airflow/example_dags/example_latest_only.py
[2022-10-11T20:35:14.126-0500] {processor.py:758} INFO - Processing file /home/gabsiston/Documentos/projetos/airflow-data/venv/lib/python3.8/site-packages/airflow/example_dags/example_latest_only.py for tasks to queue
[2022-10-11T20:35:14.127-0500] {logging_mixin.py:117} INFO - [2022-10-11T20:35:14.127-0500] {dagbag.py:525} INFO - Filling up the DagBag from /home/gabsiston/Documentos/projetos/airflow-data/venv/lib/python3.8/site-packages/airflow/example_dags/example_latest_only.py
[2022-10-11T20:35:14.142-0500] {processor.py:768} INFO - DAG(s) dict_keys(['latest_only']) retrieved from /home/gabsiston/Documentos/projetos/airflow-data/venv/lib/python3.8/site-packages/airflow/example_dags/example_latest_only.py
[2022-10-11T20:35:14.163-0500] {logging_mixin.py:117} INFO - [2022-10-11T20:35:14.163-0500] {dag.py:2573} INFO - Sync 1 DAGs
[2022-10-11T20:35:14.181-0500] {logging_mixin.py:117} INFO - [2022-10-11T20:35:14.181-0500] {dag.py:3324} INFO - Setting next_dagrun for latest_only to 2022-10-11T21:35:14.180982+00:00, run_after=2022-10-12T01:35:14.180982+00:00
[2022-10-11T20:35:14.204-0500] {processor.py:178} INFO - Processing /home/gabsiston/Documentos/projetos/airflow-data/venv/lib/python3.8/site-packages/airflow/example_dags/example_latest_only.py took 0.084 seconds
[2022-10-11T20:35:49.287-0500] {processor.py:156} INFO - Started process (PID=12943) to work on /home/gabsiston/Documentos/projetos/airflow-data/venv/lib/python3.8/site-packages/airflow/example_dags/example_latest_only.py
[2022-10-11T20:35:49.289-0500] {processor.py:758} INFO - Processing file /home/gabsiston/Documentos/projetos/airflow-data/venv/lib/python3.8/site-packages/airflow/example_dags/example_latest_only.py for tasks to queue
[2022-10-11T20:35:49.290-0500] {logging_mixin.py:117} INFO - [2022-10-11T20:35:49.289-0500] {dagbag.py:525} INFO - Filling up the DagBag from /home/gabsiston/Documentos/projetos/airflow-data/venv/lib/python3.8/site-packages/airflow/example_dags/example_latest_only.py
[2022-10-11T20:35:49.307-0500] {processor.py:768} INFO - DAG(s) dict_keys(['latest_only']) retrieved from /home/gabsiston/Documentos/projetos/airflow-data/venv/lib/python3.8/site-packages/airflow/example_dags/example_latest_only.py
[2022-10-11T20:35:49.327-0500] {logging_mixin.py:117} INFO - [2022-10-11T20:35:49.327-0500] {dag.py:2573} INFO - Sync 1 DAGs
[2022-10-11T20:35:49.344-0500] {logging_mixin.py:117} INFO - [2022-10-11T20:35:49.344-0500] {dag.py:3324} INFO - Setting next_dagrun for latest_only to 2022-10-11T21:35:49.344454+00:00, run_after=2022-10-12T01:35:49.344454+00:00
[2022-10-11T20:35:49.366-0500] {processor.py:178} INFO - Processing /home/gabsiston/Documentos/projetos/airflow-data/venv/lib/python3.8/site-packages/airflow/example_dags/example_latest_only.py took 0.082 seconds
[2022-10-11T20:36:26.867-0500] {processor.py:156} INFO - Started process (PID=13333) to work on /home/gabsiston/Documentos/projetos/airflow-data/venv/lib/python3.8/site-packages/airflow/example_dags/example_latest_only.py
[2022-10-11T20:36:26.868-0500] {processor.py:758} INFO - Processing file /home/gabsiston/Documentos/projetos/airflow-data/venv/lib/python3.8/site-packages/airflow/example_dags/example_latest_only.py for tasks to queue
[2022-10-11T20:36:26.868-0500] {logging_mixin.py:117} INFO - [2022-10-11T20:36:26.868-0500] {dagbag.py:525} INFO - Filling up the DagBag from /home/gabsiston/Documentos/projetos/airflow-data/venv/lib/python3.8/site-packages/airflow/example_dags/example_latest_only.py
[2022-10-11T20:36:26.881-0500] {processor.py:768} INFO - DAG(s) dict_keys(['latest_only']) retrieved from /home/gabsiston/Documentos/projetos/airflow-data/venv/lib/python3.8/site-packages/airflow/example_dags/example_latest_only.py
[2022-10-11T20:36:26.904-0500] {logging_mixin.py:117} INFO - [2022-10-11T20:36:26.904-0500] {dag.py:2573} INFO - Sync 1 DAGs
[2022-10-11T20:36:26.921-0500] {logging_mixin.py:117} INFO - [2022-10-11T20:36:26.920-0500] {dag.py:3324} INFO - Setting next_dagrun for latest_only to 2022-10-11T21:36:26.920698+00:00, run_after=2022-10-12T01:36:26.920698+00:00
[2022-10-11T20:36:26.951-0500] {processor.py:178} INFO - Processing /home/gabsiston/Documentos/projetos/airflow-data/venv/lib/python3.8/site-packages/airflow/example_dags/example_latest_only.py took 0.088 seconds
[2022-10-11T20:37:00.546-0500] {processor.py:156} INFO - Started process (PID=13535) to work on /home/gabsiston/Documentos/projetos/airflow-data/venv/lib/python3.8/site-packages/airflow/example_dags/example_latest_only.py
[2022-10-11T20:37:00.549-0500] {processor.py:758} INFO - Processing file /home/gabsiston/Documentos/projetos/airflow-data/venv/lib/python3.8/site-packages/airflow/example_dags/example_latest_only.py for tasks to queue
[2022-10-11T20:37:00.550-0500] {logging_mixin.py:117} INFO - [2022-10-11T20:37:00.549-0500] {dagbag.py:525} INFO - Filling up the DagBag from /home/gabsiston/Documentos/projetos/airflow-data/venv/lib/python3.8/site-packages/airflow/example_dags/example_latest_only.py
[2022-10-11T20:37:00.562-0500] {processor.py:768} INFO - DAG(s) dict_keys(['latest_only']) retrieved from /home/gabsiston/Documentos/projetos/airflow-data/venv/lib/python3.8/site-packages/airflow/example_dags/example_latest_only.py
[2022-10-11T20:37:00.582-0500] {logging_mixin.py:117} INFO - [2022-10-11T20:37:00.582-0500] {dag.py:2573} INFO - Sync 1 DAGs
[2022-10-11T20:37:00.599-0500] {logging_mixin.py:117} INFO - [2022-10-11T20:37:00.598-0500] {dag.py:3324} INFO - Setting next_dagrun for latest_only to 2022-10-11T21:37:00.598782+00:00, run_after=2022-10-12T01:37:00.598782+00:00
[2022-10-11T20:37:00.627-0500] {processor.py:178} INFO - Processing /home/gabsiston/Documentos/projetos/airflow-data/venv/lib/python3.8/site-packages/airflow/example_dags/example_latest_only.py took 0.083 seconds
