[2022-10-11T20:25:46.852-0500] {processor.py:156} INFO - Started process (PID=8016) to work on /home/gabsiston/Documentos/projetos/airflow-data/venv/lib/python3.8/site-packages/airflow/example_dags/example_branch_day_of_week_operator.py
[2022-10-11T20:25:46.853-0500] {processor.py:758} INFO - Processing file /home/gabsiston/Documentos/projetos/airflow-data/venv/lib/python3.8/site-packages/airflow/example_dags/example_branch_day_of_week_operator.py for tasks to queue
[2022-10-11T20:25:46.854-0500] {logging_mixin.py:117} INFO - [2022-10-11T20:25:46.854-0500] {dagbag.py:525} INFO - Filling up the DagBag from /home/gabsiston/Documentos/projetos/airflow-data/venv/lib/python3.8/site-packages/airflow/example_dags/example_branch_day_of_week_operator.py
[2022-10-11T20:25:46.877-0500] {processor.py:768} INFO - DAG(s) dict_keys(['example_weekday_branch_operator']) retrieved from /home/gabsiston/Documentos/projetos/airflow-data/venv/lib/python3.8/site-packages/airflow/example_dags/example_branch_day_of_week_operator.py
[2022-10-11T20:25:47.030-0500] {logging_mixin.py:117} INFO - [2022-10-11T20:25:47.029-0500] {manager.py:507} INFO - Created Permission View: can read on DAG:example_weekday_branch_operator
[2022-10-11T20:25:47.046-0500] {logging_mixin.py:117} INFO - [2022-10-11T20:25:47.046-0500] {manager.py:507} INFO - Created Permission View: can edit on DAG:example_weekday_branch_operator
[2022-10-11T20:25:47.061-0500] {logging_mixin.py:117} INFO - [2022-10-11T20:25:47.060-0500] {manager.py:507} INFO - Created Permission View: can delete on DAG:example_weekday_branch_operator
[2022-10-11T20:25:47.061-0500] {logging_mixin.py:117} INFO - [2022-10-11T20:25:47.061-0500] {dag.py:2573} INFO - Sync 1 DAGs
[2022-10-11T20:25:47.077-0500] {logging_mixin.py:117} INFO - [2022-10-11T20:25:47.076-0500] {dag.py:2594} INFO - Creating ORM DAG for example_weekday_branch_operator
[2022-10-11T20:25:47.091-0500] {logging_mixin.py:117} INFO - [2022-10-11T20:25:47.091-0500] {dag.py:3324} INFO - Setting next_dagrun for example_weekday_branch_operator to 2022-10-11T00:00:00+00:00, run_after=2022-10-12T00:00:00+00:00
[2022-10-11T20:25:47.122-0500] {processor.py:178} INFO - Processing /home/gabsiston/Documentos/projetos/airflow-data/venv/lib/python3.8/site-packages/airflow/example_dags/example_branch_day_of_week_operator.py took 0.274 seconds
[2022-10-11T20:26:24.242-0500] {processor.py:156} INFO - Started process (PID=8466) to work on /home/gabsiston/Documentos/projetos/airflow-data/venv/lib/python3.8/site-packages/airflow/example_dags/example_branch_day_of_week_operator.py
[2022-10-11T20:26:24.244-0500] {processor.py:758} INFO - Processing file /home/gabsiston/Documentos/projetos/airflow-data/venv/lib/python3.8/site-packages/airflow/example_dags/example_branch_day_of_week_operator.py for tasks to queue
[2022-10-11T20:26:24.244-0500] {logging_mixin.py:117} INFO - [2022-10-11T20:26:24.244-0500] {dagbag.py:525} INFO - Filling up the DagBag from /home/gabsiston/Documentos/projetos/airflow-data/venv/lib/python3.8/site-packages/airflow/example_dags/example_branch_day_of_week_operator.py
[2022-10-11T20:26:24.259-0500] {processor.py:768} INFO - DAG(s) dict_keys(['example_weekday_branch_operator']) retrieved from /home/gabsiston/Documentos/projetos/airflow-data/venv/lib/python3.8/site-packages/airflow/example_dags/example_branch_day_of_week_operator.py
[2022-10-11T20:26:24.277-0500] {logging_mixin.py:117} INFO - [2022-10-11T20:26:24.277-0500] {dag.py:2573} INFO - Sync 1 DAGs
[2022-10-11T20:26:24.301-0500] {logging_mixin.py:117} INFO - [2022-10-11T20:26:24.301-0500] {dag.py:3324} INFO - Setting next_dagrun for example_weekday_branch_operator to 2022-10-11T00:00:00+00:00, run_after=2022-10-12T00:00:00+00:00
[2022-10-11T20:26:24.332-0500] {processor.py:178} INFO - Processing /home/gabsiston/Documentos/projetos/airflow-data/venv/lib/python3.8/site-packages/airflow/example_dags/example_branch_day_of_week_operator.py took 0.092 seconds
[2022-10-11T20:26:58.024-0500] {processor.py:156} INFO - Started process (PID=8996) to work on /home/gabsiston/Documentos/projetos/airflow-data/venv/lib/python3.8/site-packages/airflow/example_dags/example_branch_day_of_week_operator.py
[2022-10-11T20:26:58.026-0500] {processor.py:758} INFO - Processing file /home/gabsiston/Documentos/projetos/airflow-data/venv/lib/python3.8/site-packages/airflow/example_dags/example_branch_day_of_week_operator.py for tasks to queue
[2022-10-11T20:26:58.026-0500] {logging_mixin.py:117} INFO - [2022-10-11T20:26:58.026-0500] {dagbag.py:525} INFO - Filling up the DagBag from /home/gabsiston/Documentos/projetos/airflow-data/venv/lib/python3.8/site-packages/airflow/example_dags/example_branch_day_of_week_operator.py
[2022-10-11T20:26:58.039-0500] {processor.py:768} INFO - DAG(s) dict_keys(['example_weekday_branch_operator']) retrieved from /home/gabsiston/Documentos/projetos/airflow-data/venv/lib/python3.8/site-packages/airflow/example_dags/example_branch_day_of_week_operator.py
[2022-10-11T20:26:58.060-0500] {logging_mixin.py:117} INFO - [2022-10-11T20:26:58.059-0500] {dag.py:2573} INFO - Sync 1 DAGs
[2022-10-11T20:26:58.077-0500] {logging_mixin.py:117} INFO - [2022-10-11T20:26:58.077-0500] {dag.py:3324} INFO - Setting next_dagrun for example_weekday_branch_operator to 2022-10-11T00:00:00+00:00, run_after=2022-10-12T00:00:00+00:00
[2022-10-11T20:26:58.099-0500] {processor.py:178} INFO - Processing /home/gabsiston/Documentos/projetos/airflow-data/venv/lib/python3.8/site-packages/airflow/example_dags/example_branch_day_of_week_operator.py took 0.078 seconds
[2022-10-11T20:27:37.630-0500] {processor.py:156} INFO - Started process (PID=9498) to work on /home/gabsiston/Documentos/projetos/airflow-data/venv/lib/python3.8/site-packages/airflow/example_dags/example_branch_day_of_week_operator.py
[2022-10-11T20:27:37.632-0500] {processor.py:758} INFO - Processing file /home/gabsiston/Documentos/projetos/airflow-data/venv/lib/python3.8/site-packages/airflow/example_dags/example_branch_day_of_week_operator.py for tasks to queue
[2022-10-11T20:27:37.633-0500] {logging_mixin.py:117} INFO - [2022-10-11T20:27:37.633-0500] {dagbag.py:525} INFO - Filling up the DagBag from /home/gabsiston/Documentos/projetos/airflow-data/venv/lib/python3.8/site-packages/airflow/example_dags/example_branch_day_of_week_operator.py
[2022-10-11T20:27:37.652-0500] {processor.py:768} INFO - DAG(s) dict_keys(['example_weekday_branch_operator']) retrieved from /home/gabsiston/Documentos/projetos/airflow-data/venv/lib/python3.8/site-packages/airflow/example_dags/example_branch_day_of_week_operator.py
[2022-10-11T20:27:37.674-0500] {logging_mixin.py:117} INFO - [2022-10-11T20:27:37.674-0500] {dag.py:2573} INFO - Sync 1 DAGs
[2022-10-11T20:27:37.694-0500] {logging_mixin.py:117} INFO - [2022-10-11T20:27:37.694-0500] {dag.py:3324} INFO - Setting next_dagrun for example_weekday_branch_operator to 2022-10-11T00:00:00+00:00, run_after=2022-10-12T00:00:00+00:00
[2022-10-11T20:27:37.716-0500] {processor.py:178} INFO - Processing /home/gabsiston/Documentos/projetos/airflow-data/venv/lib/python3.8/site-packages/airflow/example_dags/example_branch_day_of_week_operator.py took 0.092 seconds
[2022-10-11T20:28:13.975-0500] {processor.py:156} INFO - Started process (PID=9830) to work on /home/gabsiston/Documentos/projetos/airflow-data/venv/lib/python3.8/site-packages/airflow/example_dags/example_branch_day_of_week_operator.py
[2022-10-11T20:28:13.977-0500] {processor.py:758} INFO - Processing file /home/gabsiston/Documentos/projetos/airflow-data/venv/lib/python3.8/site-packages/airflow/example_dags/example_branch_day_of_week_operator.py for tasks to queue
[2022-10-11T20:28:13.979-0500] {logging_mixin.py:117} INFO - [2022-10-11T20:28:13.979-0500] {dagbag.py:525} INFO - Filling up the DagBag from /home/gabsiston/Documentos/projetos/airflow-data/venv/lib/python3.8/site-packages/airflow/example_dags/example_branch_day_of_week_operator.py
[2022-10-11T20:28:14.008-0500] {processor.py:768} INFO - DAG(s) dict_keys(['example_weekday_branch_operator']) retrieved from /home/gabsiston/Documentos/projetos/airflow-data/venv/lib/python3.8/site-packages/airflow/example_dags/example_branch_day_of_week_operator.py
[2022-10-11T20:28:14.028-0500] {logging_mixin.py:117} INFO - [2022-10-11T20:28:14.028-0500] {dag.py:2573} INFO - Sync 1 DAGs
[2022-10-11T20:28:14.045-0500] {logging_mixin.py:117} INFO - [2022-10-11T20:28:14.045-0500] {dag.py:3324} INFO - Setting next_dagrun for example_weekday_branch_operator to 2022-10-11T00:00:00+00:00, run_after=2022-10-12T00:00:00+00:00
[2022-10-11T20:28:14.074-0500] {processor.py:178} INFO - Processing /home/gabsiston/Documentos/projetos/airflow-data/venv/lib/python3.8/site-packages/airflow/example_dags/example_branch_day_of_week_operator.py took 0.102 seconds
[2022-10-11T20:28:55.846-0500] {processor.py:156} INFO - Started process (PID=10119) to work on /home/gabsiston/Documentos/projetos/airflow-data/venv/lib/python3.8/site-packages/airflow/example_dags/example_branch_day_of_week_operator.py
[2022-10-11T20:28:55.847-0500] {processor.py:758} INFO - Processing file /home/gabsiston/Documentos/projetos/airflow-data/venv/lib/python3.8/site-packages/airflow/example_dags/example_branch_day_of_week_operator.py for tasks to queue
[2022-10-11T20:28:55.848-0500] {logging_mixin.py:117} INFO - [2022-10-11T20:28:55.847-0500] {dagbag.py:525} INFO - Filling up the DagBag from /home/gabsiston/Documentos/projetos/airflow-data/venv/lib/python3.8/site-packages/airflow/example_dags/example_branch_day_of_week_operator.py
[2022-10-11T20:28:55.865-0500] {processor.py:768} INFO - DAG(s) dict_keys(['example_weekday_branch_operator']) retrieved from /home/gabsiston/Documentos/projetos/airflow-data/venv/lib/python3.8/site-packages/airflow/example_dags/example_branch_day_of_week_operator.py
[2022-10-11T20:28:55.888-0500] {logging_mixin.py:117} INFO - [2022-10-11T20:28:55.887-0500] {dag.py:2573} INFO - Sync 1 DAGs
[2022-10-11T20:28:55.909-0500] {logging_mixin.py:117} INFO - [2022-10-11T20:28:55.909-0500] {dag.py:3324} INFO - Setting next_dagrun for example_weekday_branch_operator to 2022-10-11T00:00:00+00:00, run_after=2022-10-12T00:00:00+00:00
[2022-10-11T20:28:55.951-0500] {processor.py:178} INFO - Processing /home/gabsiston/Documentos/projetos/airflow-data/venv/lib/python3.8/site-packages/airflow/example_dags/example_branch_day_of_week_operator.py took 0.108 seconds
[2022-10-11T20:29:33.239-0500] {processor.py:156} INFO - Started process (PID=10337) to work on /home/gabsiston/Documentos/projetos/airflow-data/venv/lib/python3.8/site-packages/airflow/example_dags/example_branch_day_of_week_operator.py
[2022-10-11T20:29:33.242-0500] {processor.py:758} INFO - Processing file /home/gabsiston/Documentos/projetos/airflow-data/venv/lib/python3.8/site-packages/airflow/example_dags/example_branch_day_of_week_operator.py for tasks to queue
[2022-10-11T20:29:33.244-0500] {logging_mixin.py:117} INFO - [2022-10-11T20:29:33.244-0500] {dagbag.py:525} INFO - Filling up the DagBag from /home/gabsiston/Documentos/projetos/airflow-data/venv/lib/python3.8/site-packages/airflow/example_dags/example_branch_day_of_week_operator.py
[2022-10-11T20:29:33.268-0500] {processor.py:768} INFO - DAG(s) dict_keys(['example_weekday_branch_operator']) retrieved from /home/gabsiston/Documentos/projetos/airflow-data/venv/lib/python3.8/site-packages/airflow/example_dags/example_branch_day_of_week_operator.py
[2022-10-11T20:29:33.288-0500] {logging_mixin.py:117} INFO - [2022-10-11T20:29:33.288-0500] {dag.py:2573} INFO - Sync 1 DAGs
[2022-10-11T20:29:33.305-0500] {logging_mixin.py:117} INFO - [2022-10-11T20:29:33.305-0500] {dag.py:3324} INFO - Setting next_dagrun for example_weekday_branch_operator to 2022-10-11T00:00:00+00:00, run_after=2022-10-12T00:00:00+00:00
[2022-10-11T20:29:33.335-0500] {processor.py:178} INFO - Processing /home/gabsiston/Documentos/projetos/airflow-data/venv/lib/python3.8/site-packages/airflow/example_dags/example_branch_day_of_week_operator.py took 0.105 seconds
[2022-10-11T20:30:18.235-0500] {processor.py:156} INFO - Started process (PID=10618) to work on /home/gabsiston/Documentos/projetos/airflow-data/venv/lib/python3.8/site-packages/airflow/example_dags/example_branch_day_of_week_operator.py
[2022-10-11T20:30:18.236-0500] {processor.py:758} INFO - Processing file /home/gabsiston/Documentos/projetos/airflow-data/venv/lib/python3.8/site-packages/airflow/example_dags/example_branch_day_of_week_operator.py for tasks to queue
[2022-10-11T20:30:18.236-0500] {logging_mixin.py:117} INFO - [2022-10-11T20:30:18.236-0500] {dagbag.py:525} INFO - Filling up the DagBag from /home/gabsiston/Documentos/projetos/airflow-data/venv/lib/python3.8/site-packages/airflow/example_dags/example_branch_day_of_week_operator.py
[2022-10-11T20:30:18.247-0500] {processor.py:768} INFO - DAG(s) dict_keys(['example_weekday_branch_operator']) retrieved from /home/gabsiston/Documentos/projetos/airflow-data/venv/lib/python3.8/site-packages/airflow/example_dags/example_branch_day_of_week_operator.py
[2022-10-11T20:30:18.263-0500] {logging_mixin.py:117} INFO - [2022-10-11T20:30:18.263-0500] {dag.py:2573} INFO - Sync 1 DAGs
[2022-10-11T20:30:18.278-0500] {logging_mixin.py:117} INFO - [2022-10-11T20:30:18.277-0500] {dag.py:3324} INFO - Setting next_dagrun for example_weekday_branch_operator to 2022-10-11T00:00:00+00:00, run_after=2022-10-12T00:00:00+00:00
[2022-10-11T20:30:18.305-0500] {processor.py:178} INFO - Processing /home/gabsiston/Documentos/projetos/airflow-data/venv/lib/python3.8/site-packages/airflow/example_dags/example_branch_day_of_week_operator.py took 0.071 seconds
[2022-10-11T20:30:55.088-0500] {processor.py:156} INFO - Started process (PID=10838) to work on /home/gabsiston/Documentos/projetos/airflow-data/venv/lib/python3.8/site-packages/airflow/example_dags/example_branch_day_of_week_operator.py
[2022-10-11T20:30:55.090-0500] {processor.py:758} INFO - Processing file /home/gabsiston/Documentos/projetos/airflow-data/venv/lib/python3.8/site-packages/airflow/example_dags/example_branch_day_of_week_operator.py for tasks to queue
[2022-10-11T20:30:55.091-0500] {logging_mixin.py:117} INFO - [2022-10-11T20:30:55.091-0500] {dagbag.py:525} INFO - Filling up the DagBag from /home/gabsiston/Documentos/projetos/airflow-data/venv/lib/python3.8/site-packages/airflow/example_dags/example_branch_day_of_week_operator.py
[2022-10-11T20:30:55.103-0500] {processor.py:768} INFO - DAG(s) dict_keys(['example_weekday_branch_operator']) retrieved from /home/gabsiston/Documentos/projetos/airflow-data/venv/lib/python3.8/site-packages/airflow/example_dags/example_branch_day_of_week_operator.py
[2022-10-11T20:30:55.120-0500] {logging_mixin.py:117} INFO - [2022-10-11T20:30:55.120-0500] {dag.py:2573} INFO - Sync 1 DAGs
[2022-10-11T20:30:55.135-0500] {logging_mixin.py:117} INFO - [2022-10-11T20:30:55.135-0500] {dag.py:3324} INFO - Setting next_dagrun for example_weekday_branch_operator to 2022-10-11T00:00:00+00:00, run_after=2022-10-12T00:00:00+00:00
[2022-10-11T20:30:55.156-0500] {processor.py:178} INFO - Processing /home/gabsiston/Documentos/projetos/airflow-data/venv/lib/python3.8/site-packages/airflow/example_dags/example_branch_day_of_week_operator.py took 0.070 seconds
[2022-10-11T20:31:32.920-0500] {processor.py:156} INFO - Started process (PID=11173) to work on /home/gabsiston/Documentos/projetos/airflow-data/venv/lib/python3.8/site-packages/airflow/example_dags/example_branch_day_of_week_operator.py
[2022-10-11T20:31:32.925-0500] {processor.py:758} INFO - Processing file /home/gabsiston/Documentos/projetos/airflow-data/venv/lib/python3.8/site-packages/airflow/example_dags/example_branch_day_of_week_operator.py for tasks to queue
[2022-10-11T20:31:32.926-0500] {logging_mixin.py:117} INFO - [2022-10-11T20:31:32.926-0500] {dagbag.py:525} INFO - Filling up the DagBag from /home/gabsiston/Documentos/projetos/airflow-data/venv/lib/python3.8/site-packages/airflow/example_dags/example_branch_day_of_week_operator.py
[2022-10-11T20:31:32.948-0500] {processor.py:768} INFO - DAG(s) dict_keys(['example_weekday_branch_operator']) retrieved from /home/gabsiston/Documentos/projetos/airflow-data/venv/lib/python3.8/site-packages/airflow/example_dags/example_branch_day_of_week_operator.py
[2022-10-11T20:31:32.968-0500] {logging_mixin.py:117} INFO - [2022-10-11T20:31:32.968-0500] {dag.py:2573} INFO - Sync 1 DAGs
[2022-10-11T20:31:32.986-0500] {logging_mixin.py:117} INFO - [2022-10-11T20:31:32.986-0500] {dag.py:3324} INFO - Setting next_dagrun for example_weekday_branch_operator to 2022-10-11T00:00:00+00:00, run_after=2022-10-12T00:00:00+00:00
[2022-10-11T20:31:33.009-0500] {processor.py:178} INFO - Processing /home/gabsiston/Documentos/projetos/airflow-data/venv/lib/python3.8/site-packages/airflow/example_dags/example_branch_day_of_week_operator.py took 0.097 seconds
[2022-10-11T20:32:10.832-0500] {processor.py:156} INFO - Started process (PID=11423) to work on /home/gabsiston/Documentos/projetos/airflow-data/venv/lib/python3.8/site-packages/airflow/example_dags/example_branch_day_of_week_operator.py
[2022-10-11T20:32:10.835-0500] {processor.py:758} INFO - Processing file /home/gabsiston/Documentos/projetos/airflow-data/venv/lib/python3.8/site-packages/airflow/example_dags/example_branch_day_of_week_operator.py for tasks to queue
[2022-10-11T20:32:10.836-0500] {logging_mixin.py:117} INFO - [2022-10-11T20:32:10.836-0500] {dagbag.py:525} INFO - Filling up the DagBag from /home/gabsiston/Documentos/projetos/airflow-data/venv/lib/python3.8/site-packages/airflow/example_dags/example_branch_day_of_week_operator.py
[2022-10-11T20:32:10.860-0500] {processor.py:768} INFO - DAG(s) dict_keys(['example_weekday_branch_operator']) retrieved from /home/gabsiston/Documentos/projetos/airflow-data/venv/lib/python3.8/site-packages/airflow/example_dags/example_branch_day_of_week_operator.py
[2022-10-11T20:32:10.880-0500] {logging_mixin.py:117} INFO - [2022-10-11T20:32:10.880-0500] {dag.py:2573} INFO - Sync 1 DAGs
[2022-10-11T20:32:10.897-0500] {logging_mixin.py:117} INFO - [2022-10-11T20:32:10.897-0500] {dag.py:3324} INFO - Setting next_dagrun for example_weekday_branch_operator to 2022-10-11T00:00:00+00:00, run_after=2022-10-12T00:00:00+00:00
[2022-10-11T20:32:10.929-0500] {processor.py:178} INFO - Processing /home/gabsiston/Documentos/projetos/airflow-data/venv/lib/python3.8/site-packages/airflow/example_dags/example_branch_day_of_week_operator.py took 0.101 seconds
[2022-10-11T20:32:48.041-0500] {processor.py:156} INFO - Started process (PID=11828) to work on /home/gabsiston/Documentos/projetos/airflow-data/venv/lib/python3.8/site-packages/airflow/example_dags/example_branch_day_of_week_operator.py
[2022-10-11T20:32:48.041-0500] {processor.py:758} INFO - Processing file /home/gabsiston/Documentos/projetos/airflow-data/venv/lib/python3.8/site-packages/airflow/example_dags/example_branch_day_of_week_operator.py for tasks to queue
[2022-10-11T20:32:48.042-0500] {logging_mixin.py:117} INFO - [2022-10-11T20:32:48.042-0500] {dagbag.py:525} INFO - Filling up the DagBag from /home/gabsiston/Documentos/projetos/airflow-data/venv/lib/python3.8/site-packages/airflow/example_dags/example_branch_day_of_week_operator.py
[2022-10-11T20:32:48.053-0500] {processor.py:768} INFO - DAG(s) dict_keys(['example_weekday_branch_operator']) retrieved from /home/gabsiston/Documentos/projetos/airflow-data/venv/lib/python3.8/site-packages/airflow/example_dags/example_branch_day_of_week_operator.py
[2022-10-11T20:32:48.070-0500] {logging_mixin.py:117} INFO - [2022-10-11T20:32:48.070-0500] {dag.py:2573} INFO - Sync 1 DAGs
[2022-10-11T20:32:48.086-0500] {logging_mixin.py:117} INFO - [2022-10-11T20:32:48.085-0500] {dag.py:3324} INFO - Setting next_dagrun for example_weekday_branch_operator to 2022-10-11T00:00:00+00:00, run_after=2022-10-12T00:00:00+00:00
[2022-10-11T20:32:48.105-0500] {processor.py:178} INFO - Processing /home/gabsiston/Documentos/projetos/airflow-data/venv/lib/python3.8/site-packages/airflow/example_dags/example_branch_day_of_week_operator.py took 0.067 seconds
[2022-10-11T20:33:23.347-0500] {processor.py:156} INFO - Started process (PID=12125) to work on /home/gabsiston/Documentos/projetos/airflow-data/venv/lib/python3.8/site-packages/airflow/example_dags/example_branch_day_of_week_operator.py
[2022-10-11T20:33:23.349-0500] {processor.py:758} INFO - Processing file /home/gabsiston/Documentos/projetos/airflow-data/venv/lib/python3.8/site-packages/airflow/example_dags/example_branch_day_of_week_operator.py for tasks to queue
[2022-10-11T20:33:23.350-0500] {logging_mixin.py:117} INFO - [2022-10-11T20:33:23.350-0500] {dagbag.py:525} INFO - Filling up the DagBag from /home/gabsiston/Documentos/projetos/airflow-data/venv/lib/python3.8/site-packages/airflow/example_dags/example_branch_day_of_week_operator.py
[2022-10-11T20:33:23.367-0500] {processor.py:768} INFO - DAG(s) dict_keys(['example_weekday_branch_operator']) retrieved from /home/gabsiston/Documentos/projetos/airflow-data/venv/lib/python3.8/site-packages/airflow/example_dags/example_branch_day_of_week_operator.py
[2022-10-11T20:33:23.388-0500] {logging_mixin.py:117} INFO - [2022-10-11T20:33:23.387-0500] {dag.py:2573} INFO - Sync 1 DAGs
[2022-10-11T20:33:23.405-0500] {logging_mixin.py:117} INFO - [2022-10-11T20:33:23.405-0500] {dag.py:3324} INFO - Setting next_dagrun for example_weekday_branch_operator to 2022-10-11T00:00:00+00:00, run_after=2022-10-12T00:00:00+00:00
[2022-10-11T20:33:23.439-0500] {processor.py:178} INFO - Processing /home/gabsiston/Documentos/projetos/airflow-data/venv/lib/python3.8/site-packages/airflow/example_dags/example_branch_day_of_week_operator.py took 0.095 seconds
[2022-10-11T20:34:04.630-0500] {processor.py:156} INFO - Started process (PID=12330) to work on /home/gabsiston/Documentos/projetos/airflow-data/venv/lib/python3.8/site-packages/airflow/example_dags/example_branch_day_of_week_operator.py
[2022-10-11T20:34:04.632-0500] {processor.py:758} INFO - Processing file /home/gabsiston/Documentos/projetos/airflow-data/venv/lib/python3.8/site-packages/airflow/example_dags/example_branch_day_of_week_operator.py for tasks to queue
[2022-10-11T20:34:04.632-0500] {logging_mixin.py:117} INFO - [2022-10-11T20:34:04.632-0500] {dagbag.py:525} INFO - Filling up the DagBag from /home/gabsiston/Documentos/projetos/airflow-data/venv/lib/python3.8/site-packages/airflow/example_dags/example_branch_day_of_week_operator.py
[2022-10-11T20:34:04.650-0500] {processor.py:768} INFO - DAG(s) dict_keys(['example_weekday_branch_operator']) retrieved from /home/gabsiston/Documentos/projetos/airflow-data/venv/lib/python3.8/site-packages/airflow/example_dags/example_branch_day_of_week_operator.py
[2022-10-11T20:34:04.674-0500] {logging_mixin.py:117} INFO - [2022-10-11T20:34:04.674-0500] {dag.py:2573} INFO - Sync 1 DAGs
[2022-10-11T20:34:04.697-0500] {logging_mixin.py:117} INFO - [2022-10-11T20:34:04.696-0500] {dag.py:3324} INFO - Setting next_dagrun for example_weekday_branch_operator to 2022-10-11T00:00:00+00:00, run_after=2022-10-12T00:00:00+00:00
[2022-10-11T20:34:04.720-0500] {processor.py:178} INFO - Processing /home/gabsiston/Documentos/projetos/airflow-data/venv/lib/python3.8/site-packages/airflow/example_dags/example_branch_day_of_week_operator.py took 0.093 seconds
[2022-10-11T20:34:46.736-0500] {processor.py:156} INFO - Started process (PID=12567) to work on /home/gabsiston/Documentos/projetos/airflow-data/venv/lib/python3.8/site-packages/airflow/example_dags/example_branch_day_of_week_operator.py
[2022-10-11T20:34:46.739-0500] {processor.py:758} INFO - Processing file /home/gabsiston/Documentos/projetos/airflow-data/venv/lib/python3.8/site-packages/airflow/example_dags/example_branch_day_of_week_operator.py for tasks to queue
[2022-10-11T20:34:46.741-0500] {logging_mixin.py:117} INFO - [2022-10-11T20:34:46.741-0500] {dagbag.py:525} INFO - Filling up the DagBag from /home/gabsiston/Documentos/projetos/airflow-data/venv/lib/python3.8/site-packages/airflow/example_dags/example_branch_day_of_week_operator.py
[2022-10-11T20:34:46.766-0500] {processor.py:768} INFO - DAG(s) dict_keys(['example_weekday_branch_operator']) retrieved from /home/gabsiston/Documentos/projetos/airflow-data/venv/lib/python3.8/site-packages/airflow/example_dags/example_branch_day_of_week_operator.py
[2022-10-11T20:34:46.786-0500] {logging_mixin.py:117} INFO - [2022-10-11T20:34:46.786-0500] {dag.py:2573} INFO - Sync 1 DAGs
[2022-10-11T20:34:46.803-0500] {logging_mixin.py:117} INFO - [2022-10-11T20:34:46.803-0500] {dag.py:3324} INFO - Setting next_dagrun for example_weekday_branch_operator to 2022-10-11T00:00:00+00:00, run_after=2022-10-12T00:00:00+00:00
[2022-10-11T20:34:46.834-0500] {processor.py:178} INFO - Processing /home/gabsiston/Documentos/projetos/airflow-data/venv/lib/python3.8/site-packages/airflow/example_dags/example_branch_day_of_week_operator.py took 0.106 seconds
[2022-10-11T20:35:25.093-0500] {processor.py:156} INFO - Started process (PID=12815) to work on /home/gabsiston/Documentos/projetos/airflow-data/venv/lib/python3.8/site-packages/airflow/example_dags/example_branch_day_of_week_operator.py
[2022-10-11T20:35:25.095-0500] {processor.py:758} INFO - Processing file /home/gabsiston/Documentos/projetos/airflow-data/venv/lib/python3.8/site-packages/airflow/example_dags/example_branch_day_of_week_operator.py for tasks to queue
[2022-10-11T20:35:25.096-0500] {logging_mixin.py:117} INFO - [2022-10-11T20:35:25.096-0500] {dagbag.py:525} INFO - Filling up the DagBag from /home/gabsiston/Documentos/projetos/airflow-data/venv/lib/python3.8/site-packages/airflow/example_dags/example_branch_day_of_week_operator.py
[2022-10-11T20:35:25.114-0500] {processor.py:768} INFO - DAG(s) dict_keys(['example_weekday_branch_operator']) retrieved from /home/gabsiston/Documentos/projetos/airflow-data/venv/lib/python3.8/site-packages/airflow/example_dags/example_branch_day_of_week_operator.py
[2022-10-11T20:35:25.136-0500] {logging_mixin.py:117} INFO - [2022-10-11T20:35:25.136-0500] {dag.py:2573} INFO - Sync 1 DAGs
[2022-10-11T20:35:25.152-0500] {logging_mixin.py:117} INFO - [2022-10-11T20:35:25.152-0500] {dag.py:3324} INFO - Setting next_dagrun for example_weekday_branch_operator to 2022-10-11T00:00:00+00:00, run_after=2022-10-12T00:00:00+00:00
[2022-10-11T20:35:25.173-0500] {processor.py:178} INFO - Processing /home/gabsiston/Documentos/projetos/airflow-data/venv/lib/python3.8/site-packages/airflow/example_dags/example_branch_day_of_week_operator.py took 0.083 seconds
[2022-10-11T20:36:00.883-0500] {processor.py:156} INFO - Started process (PID=13004) to work on /home/gabsiston/Documentos/projetos/airflow-data/venv/lib/python3.8/site-packages/airflow/example_dags/example_branch_day_of_week_operator.py
[2022-10-11T20:36:00.885-0500] {processor.py:758} INFO - Processing file /home/gabsiston/Documentos/projetos/airflow-data/venv/lib/python3.8/site-packages/airflow/example_dags/example_branch_day_of_week_operator.py for tasks to queue
[2022-10-11T20:36:00.886-0500] {logging_mixin.py:117} INFO - [2022-10-11T20:36:00.886-0500] {dagbag.py:525} INFO - Filling up the DagBag from /home/gabsiston/Documentos/projetos/airflow-data/venv/lib/python3.8/site-packages/airflow/example_dags/example_branch_day_of_week_operator.py
[2022-10-11T20:36:00.900-0500] {processor.py:768} INFO - DAG(s) dict_keys(['example_weekday_branch_operator']) retrieved from /home/gabsiston/Documentos/projetos/airflow-data/venv/lib/python3.8/site-packages/airflow/example_dags/example_branch_day_of_week_operator.py
[2022-10-11T20:36:00.920-0500] {logging_mixin.py:117} INFO - [2022-10-11T20:36:00.920-0500] {dag.py:2573} INFO - Sync 1 DAGs
[2022-10-11T20:36:00.937-0500] {logging_mixin.py:117} INFO - [2022-10-11T20:36:00.937-0500] {dag.py:3324} INFO - Setting next_dagrun for example_weekday_branch_operator to 2022-10-11T00:00:00+00:00, run_after=2022-10-12T00:00:00+00:00
[2022-10-11T20:36:00.967-0500] {processor.py:178} INFO - Processing /home/gabsiston/Documentos/projetos/airflow-data/venv/lib/python3.8/site-packages/airflow/example_dags/example_branch_day_of_week_operator.py took 0.086 seconds
[2022-10-11T20:36:41.328-0500] {processor.py:156} INFO - Started process (PID=13439) to work on /home/gabsiston/Documentos/projetos/airflow-data/venv/lib/python3.8/site-packages/airflow/example_dags/example_branch_day_of_week_operator.py
[2022-10-11T20:36:41.330-0500] {processor.py:758} INFO - Processing file /home/gabsiston/Documentos/projetos/airflow-data/venv/lib/python3.8/site-packages/airflow/example_dags/example_branch_day_of_week_operator.py for tasks to queue
[2022-10-11T20:36:41.331-0500] {logging_mixin.py:117} INFO - [2022-10-11T20:36:41.330-0500] {dagbag.py:525} INFO - Filling up the DagBag from /home/gabsiston/Documentos/projetos/airflow-data/venv/lib/python3.8/site-packages/airflow/example_dags/example_branch_day_of_week_operator.py
[2022-10-11T20:36:41.345-0500] {processor.py:768} INFO - DAG(s) dict_keys(['example_weekday_branch_operator']) retrieved from /home/gabsiston/Documentos/projetos/airflow-data/venv/lib/python3.8/site-packages/airflow/example_dags/example_branch_day_of_week_operator.py
[2022-10-11T20:36:41.365-0500] {logging_mixin.py:117} INFO - [2022-10-11T20:36:41.365-0500] {dag.py:2573} INFO - Sync 1 DAGs
[2022-10-11T20:36:41.385-0500] {logging_mixin.py:117} INFO - [2022-10-11T20:36:41.384-0500] {dag.py:3324} INFO - Setting next_dagrun for example_weekday_branch_operator to 2022-10-11T00:00:00+00:00, run_after=2022-10-12T00:00:00+00:00
[2022-10-11T20:36:41.409-0500] {processor.py:178} INFO - Processing /home/gabsiston/Documentos/projetos/airflow-data/venv/lib/python3.8/site-packages/airflow/example_dags/example_branch_day_of_week_operator.py took 0.083 seconds
