[2022-10-11T20:25:19.299-0500] {processor.py:156} INFO - Started process (PID=7781) to work on /home/gabsiston/Documentos/projetos/airflow-data/venv/lib/python3.8/site-packages/airflow/example_dags/example_subdag_operator.py
[2022-10-11T20:25:19.299-0500] {processor.py:758} INFO - Processing file /home/gabsiston/Documentos/projetos/airflow-data/venv/lib/python3.8/site-packages/airflow/example_dags/example_subdag_operator.py for tasks to queue
[2022-10-11T20:25:19.299-0500] {logging_mixin.py:117} INFO - [2022-10-11T20:25:19.299-0500] {dagbag.py:525} INFO - Filling up the DagBag from /home/gabsiston/Documentos/projetos/airflow-data/venv/lib/python3.8/site-packages/airflow/example_dags/example_subdag_operator.py
[2022-10-11T20:25:19.318-0500] {processor.py:768} INFO - DAG(s) dict_keys(['example_subdag_operator.section-1', 'example_subdag_operator.section-2', 'example_subdag_operator']) retrieved from /home/gabsiston/Documentos/projetos/airflow-data/venv/lib/python3.8/site-packages/airflow/example_dags/example_subdag_operator.py
[2022-10-11T20:25:19.440-0500] {logging_mixin.py:117} INFO - [2022-10-11T20:25:19.439-0500] {manager.py:507} INFO - Created Permission View: can read on DAG:example_subdag_operator
[2022-10-11T20:25:19.451-0500] {logging_mixin.py:117} INFO - [2022-10-11T20:25:19.451-0500] {manager.py:507} INFO - Created Permission View: can edit on DAG:example_subdag_operator
[2022-10-11T20:25:19.462-0500] {logging_mixin.py:117} INFO - [2022-10-11T20:25:19.461-0500] {manager.py:507} INFO - Created Permission View: can delete on DAG:example_subdag_operator
[2022-10-11T20:25:19.462-0500] {logging_mixin.py:117} INFO - [2022-10-11T20:25:19.462-0500] {dag.py:2573} INFO - Sync 3 DAGs
[2022-10-11T20:25:19.469-0500] {logging_mixin.py:117} INFO - [2022-10-11T20:25:19.469-0500] {dag.py:2594} INFO - Creating ORM DAG for example_subdag_operator
[2022-10-11T20:25:19.469-0500] {logging_mixin.py:117} INFO - [2022-10-11T20:25:19.469-0500] {dag.py:2594} INFO - Creating ORM DAG for example_subdag_operator.section-1
[2022-10-11T20:25:19.470-0500] {logging_mixin.py:117} INFO - [2022-10-11T20:25:19.470-0500] {dag.py:2594} INFO - Creating ORM DAG for example_subdag_operator.section-2
[2022-10-11T20:25:19.476-0500] {logging_mixin.py:117} INFO - [2022-10-11T20:25:19.476-0500] {dag.py:3324} INFO - Setting next_dagrun for example_subdag_operator to 2022-01-01T00:00:00+00:00, run_after=2022-01-01T00:00:00+00:00
[2022-10-11T20:25:19.476-0500] {logging_mixin.py:117} INFO - [2022-10-11T20:25:19.476-0500] {dag.py:3324} INFO - Setting next_dagrun for example_subdag_operator.section-1 to None, run_after=None
[2022-10-11T20:25:19.476-0500] {logging_mixin.py:117} INFO - [2022-10-11T20:25:19.476-0500] {dag.py:3324} INFO - Setting next_dagrun for example_subdag_operator.section-2 to None, run_after=None
[2022-10-11T20:25:19.481-0500] {logging_mixin.py:117} INFO - [2022-10-11T20:25:19.481-0500] {dag.py:2573} INFO - Sync 2 DAGs
[2022-10-11T20:25:19.484-0500] {logging_mixin.py:117} INFO - [2022-10-11T20:25:19.484-0500] {dag.py:3324} INFO - Setting next_dagrun for example_subdag_operator.section-1 to None, run_after=None
[2022-10-11T20:25:19.485-0500] {logging_mixin.py:117} INFO - [2022-10-11T20:25:19.485-0500] {dag.py:3324} INFO - Setting next_dagrun for example_subdag_operator.section-2 to None, run_after=None
[2022-10-11T20:25:19.501-0500] {processor.py:178} INFO - Processing /home/gabsiston/Documentos/projetos/airflow-data/venv/lib/python3.8/site-packages/airflow/example_dags/example_subdag_operator.py took 0.204 seconds
[2022-10-11T20:25:59.802-0500] {processor.py:156} INFO - Started process (PID=8150) to work on /home/gabsiston/Documentos/projetos/airflow-data/venv/lib/python3.8/site-packages/airflow/example_dags/example_subdag_operator.py
[2022-10-11T20:25:59.804-0500] {processor.py:758} INFO - Processing file /home/gabsiston/Documentos/projetos/airflow-data/venv/lib/python3.8/site-packages/airflow/example_dags/example_subdag_operator.py for tasks to queue
[2022-10-11T20:25:59.804-0500] {logging_mixin.py:117} INFO - [2022-10-11T20:25:59.804-0500] {dagbag.py:525} INFO - Filling up the DagBag from /home/gabsiston/Documentos/projetos/airflow-data/venv/lib/python3.8/site-packages/airflow/example_dags/example_subdag_operator.py
[2022-10-11T20:25:59.824-0500] {processor.py:768} INFO - DAG(s) dict_keys(['example_subdag_operator.section-1', 'example_subdag_operator.section-2', 'example_subdag_operator']) retrieved from /home/gabsiston/Documentos/projetos/airflow-data/venv/lib/python3.8/site-packages/airflow/example_dags/example_subdag_operator.py
[2022-10-11T20:25:59.885-0500] {logging_mixin.py:117} INFO - [2022-10-11T20:25:59.884-0500] {dag.py:2573} INFO - Sync 3 DAGs
[2022-10-11T20:25:59.902-0500] {logging_mixin.py:117} INFO - [2022-10-11T20:25:59.902-0500] {dag.py:3324} INFO - Setting next_dagrun for example_subdag_operator to 2022-01-01T00:00:00+00:00, run_after=2022-01-01T00:00:00+00:00
[2022-10-11T20:25:59.905-0500] {logging_mixin.py:117} INFO - [2022-10-11T20:25:59.905-0500] {dag.py:3324} INFO - Setting next_dagrun for example_subdag_operator.section-1 to None, run_after=None
[2022-10-11T20:25:59.906-0500] {logging_mixin.py:117} INFO - [2022-10-11T20:25:59.906-0500] {dag.py:3324} INFO - Setting next_dagrun for example_subdag_operator.section-2 to None, run_after=None
[2022-10-11T20:25:59.913-0500] {logging_mixin.py:117} INFO - [2022-10-11T20:25:59.912-0500] {dag.py:2573} INFO - Sync 2 DAGs
[2022-10-11T20:25:59.917-0500] {logging_mixin.py:117} INFO - [2022-10-11T20:25:59.916-0500] {dag.py:3324} INFO - Setting next_dagrun for example_subdag_operator.section-1 to None, run_after=None
[2022-10-11T20:25:59.917-0500] {logging_mixin.py:117} INFO - [2022-10-11T20:25:59.917-0500] {dag.py:3324} INFO - Setting next_dagrun for example_subdag_operator.section-2 to None, run_after=None
[2022-10-11T20:25:59.935-0500] {processor.py:178} INFO - Processing /home/gabsiston/Documentos/projetos/airflow-data/venv/lib/python3.8/site-packages/airflow/example_dags/example_subdag_operator.py took 0.135 seconds
[2022-10-11T20:26:36.516-0500] {processor.py:156} INFO - Started process (PID=8685) to work on /home/gabsiston/Documentos/projetos/airflow-data/venv/lib/python3.8/site-packages/airflow/example_dags/example_subdag_operator.py
[2022-10-11T20:26:36.518-0500] {processor.py:758} INFO - Processing file /home/gabsiston/Documentos/projetos/airflow-data/venv/lib/python3.8/site-packages/airflow/example_dags/example_subdag_operator.py for tasks to queue
[2022-10-11T20:26:36.519-0500] {logging_mixin.py:117} INFO - [2022-10-11T20:26:36.519-0500] {dagbag.py:525} INFO - Filling up the DagBag from /home/gabsiston/Documentos/projetos/airflow-data/venv/lib/python3.8/site-packages/airflow/example_dags/example_subdag_operator.py
[2022-10-11T20:26:36.537-0500] {processor.py:768} INFO - DAG(s) dict_keys(['example_subdag_operator.section-1', 'example_subdag_operator.section-2', 'example_subdag_operator']) retrieved from /home/gabsiston/Documentos/projetos/airflow-data/venv/lib/python3.8/site-packages/airflow/example_dags/example_subdag_operator.py
[2022-10-11T20:26:36.593-0500] {logging_mixin.py:117} INFO - [2022-10-11T20:26:36.593-0500] {dag.py:2573} INFO - Sync 3 DAGs
[2022-10-11T20:26:36.609-0500] {logging_mixin.py:117} INFO - [2022-10-11T20:26:36.609-0500] {dag.py:3324} INFO - Setting next_dagrun for example_subdag_operator to 2022-01-01T00:00:00+00:00, run_after=2022-01-01T00:00:00+00:00
[2022-10-11T20:26:36.613-0500] {logging_mixin.py:117} INFO - [2022-10-11T20:26:36.613-0500] {dag.py:3324} INFO - Setting next_dagrun for example_subdag_operator.section-1 to None, run_after=None
[2022-10-11T20:26:36.614-0500] {logging_mixin.py:117} INFO - [2022-10-11T20:26:36.614-0500] {dag.py:3324} INFO - Setting next_dagrun for example_subdag_operator.section-2 to None, run_after=None
[2022-10-11T20:26:36.620-0500] {logging_mixin.py:117} INFO - [2022-10-11T20:26:36.620-0500] {dag.py:2573} INFO - Sync 2 DAGs
[2022-10-11T20:26:36.625-0500] {logging_mixin.py:117} INFO - [2022-10-11T20:26:36.625-0500] {dag.py:3324} INFO - Setting next_dagrun for example_subdag_operator.section-1 to None, run_after=None
[2022-10-11T20:26:36.626-0500] {logging_mixin.py:117} INFO - [2022-10-11T20:26:36.625-0500] {dag.py:3324} INFO - Setting next_dagrun for example_subdag_operator.section-2 to None, run_after=None
[2022-10-11T20:26:36.645-0500] {processor.py:178} INFO - Processing /home/gabsiston/Documentos/projetos/airflow-data/venv/lib/python3.8/site-packages/airflow/example_dags/example_subdag_operator.py took 0.131 seconds
[2022-10-11T20:27:10.431-0500] {processor.py:156} INFO - Started process (PID=9175) to work on /home/gabsiston/Documentos/projetos/airflow-data/venv/lib/python3.8/site-packages/airflow/example_dags/example_subdag_operator.py
[2022-10-11T20:27:10.433-0500] {processor.py:758} INFO - Processing file /home/gabsiston/Documentos/projetos/airflow-data/venv/lib/python3.8/site-packages/airflow/example_dags/example_subdag_operator.py for tasks to queue
[2022-10-11T20:27:10.434-0500] {logging_mixin.py:117} INFO - [2022-10-11T20:27:10.434-0500] {dagbag.py:525} INFO - Filling up the DagBag from /home/gabsiston/Documentos/projetos/airflow-data/venv/lib/python3.8/site-packages/airflow/example_dags/example_subdag_operator.py
[2022-10-11T20:27:10.458-0500] {processor.py:768} INFO - DAG(s) dict_keys(['example_subdag_operator.section-1', 'example_subdag_operator.section-2', 'example_subdag_operator']) retrieved from /home/gabsiston/Documentos/projetos/airflow-data/venv/lib/python3.8/site-packages/airflow/example_dags/example_subdag_operator.py
[2022-10-11T20:27:10.533-0500] {logging_mixin.py:117} INFO - [2022-10-11T20:27:10.532-0500] {dag.py:2573} INFO - Sync 3 DAGs
[2022-10-11T20:27:10.548-0500] {logging_mixin.py:117} INFO - [2022-10-11T20:27:10.548-0500] {dag.py:3324} INFO - Setting next_dagrun for example_subdag_operator to 2022-01-01T00:00:00+00:00, run_after=2022-01-01T00:00:00+00:00
[2022-10-11T20:27:10.550-0500] {logging_mixin.py:117} INFO - [2022-10-11T20:27:10.550-0500] {dag.py:3324} INFO - Setting next_dagrun for example_subdag_operator.section-1 to None, run_after=None
[2022-10-11T20:27:10.551-0500] {logging_mixin.py:117} INFO - [2022-10-11T20:27:10.551-0500] {dag.py:3324} INFO - Setting next_dagrun for example_subdag_operator.section-2 to None, run_after=None
[2022-10-11T20:27:10.555-0500] {logging_mixin.py:117} INFO - [2022-10-11T20:27:10.555-0500] {dag.py:2573} INFO - Sync 2 DAGs
[2022-10-11T20:27:10.559-0500] {logging_mixin.py:117} INFO - [2022-10-11T20:27:10.558-0500] {dag.py:3324} INFO - Setting next_dagrun for example_subdag_operator.section-1 to None, run_after=None
[2022-10-11T20:27:10.559-0500] {logging_mixin.py:117} INFO - [2022-10-11T20:27:10.559-0500] {dag.py:3324} INFO - Setting next_dagrun for example_subdag_operator.section-2 to None, run_after=None
[2022-10-11T20:27:10.577-0500] {processor.py:178} INFO - Processing /home/gabsiston/Documentos/projetos/airflow-data/venv/lib/python3.8/site-packages/airflow/example_dags/example_subdag_operator.py took 0.148 seconds
[2022-10-11T20:27:48.025-0500] {processor.py:156} INFO - Started process (PID=9560) to work on /home/gabsiston/Documentos/projetos/airflow-data/venv/lib/python3.8/site-packages/airflow/example_dags/example_subdag_operator.py
[2022-10-11T20:27:48.027-0500] {processor.py:758} INFO - Processing file /home/gabsiston/Documentos/projetos/airflow-data/venv/lib/python3.8/site-packages/airflow/example_dags/example_subdag_operator.py for tasks to queue
[2022-10-11T20:27:48.028-0500] {logging_mixin.py:117} INFO - [2022-10-11T20:27:48.028-0500] {dagbag.py:525} INFO - Filling up the DagBag from /home/gabsiston/Documentos/projetos/airflow-data/venv/lib/python3.8/site-packages/airflow/example_dags/example_subdag_operator.py
[2022-10-11T20:27:48.054-0500] {processor.py:768} INFO - DAG(s) dict_keys(['example_subdag_operator.section-1', 'example_subdag_operator.section-2', 'example_subdag_operator']) retrieved from /home/gabsiston/Documentos/projetos/airflow-data/venv/lib/python3.8/site-packages/airflow/example_dags/example_subdag_operator.py
[2022-10-11T20:27:48.118-0500] {logging_mixin.py:117} INFO - [2022-10-11T20:27:48.118-0500] {dag.py:2573} INFO - Sync 3 DAGs
[2022-10-11T20:27:48.131-0500] {logging_mixin.py:117} INFO - [2022-10-11T20:27:48.131-0500] {dag.py:3324} INFO - Setting next_dagrun for example_subdag_operator to 2022-01-01T00:00:00+00:00, run_after=2022-01-01T00:00:00+00:00
[2022-10-11T20:27:48.134-0500] {logging_mixin.py:117} INFO - [2022-10-11T20:27:48.134-0500] {dag.py:3324} INFO - Setting next_dagrun for example_subdag_operator.section-1 to None, run_after=None
[2022-10-11T20:27:48.135-0500] {logging_mixin.py:117} INFO - [2022-10-11T20:27:48.135-0500] {dag.py:3324} INFO - Setting next_dagrun for example_subdag_operator.section-2 to None, run_after=None
[2022-10-11T20:27:48.139-0500] {logging_mixin.py:117} INFO - [2022-10-11T20:27:48.139-0500] {dag.py:2573} INFO - Sync 2 DAGs
[2022-10-11T20:27:48.142-0500] {logging_mixin.py:117} INFO - [2022-10-11T20:27:48.142-0500] {dag.py:3324} INFO - Setting next_dagrun for example_subdag_operator.section-1 to None, run_after=None
[2022-10-11T20:27:48.142-0500] {logging_mixin.py:117} INFO - [2022-10-11T20:27:48.142-0500] {dag.py:3324} INFO - Setting next_dagrun for example_subdag_operator.section-2 to None, run_after=None
[2022-10-11T20:27:48.166-0500] {processor.py:178} INFO - Processing /home/gabsiston/Documentos/projetos/airflow-data/venv/lib/python3.8/site-packages/airflow/example_dags/example_subdag_operator.py took 0.144 seconds
[2022-10-11T20:28:24.471-0500] {processor.py:156} INFO - Started process (PID=9884) to work on /home/gabsiston/Documentos/projetos/airflow-data/venv/lib/python3.8/site-packages/airflow/example_dags/example_subdag_operator.py
[2022-10-11T20:28:24.473-0500] {processor.py:758} INFO - Processing file /home/gabsiston/Documentos/projetos/airflow-data/venv/lib/python3.8/site-packages/airflow/example_dags/example_subdag_operator.py for tasks to queue
[2022-10-11T20:28:24.474-0500] {logging_mixin.py:117} INFO - [2022-10-11T20:28:24.474-0500] {dagbag.py:525} INFO - Filling up the DagBag from /home/gabsiston/Documentos/projetos/airflow-data/venv/lib/python3.8/site-packages/airflow/example_dags/example_subdag_operator.py
[2022-10-11T20:28:24.492-0500] {processor.py:768} INFO - DAG(s) dict_keys(['example_subdag_operator.section-1', 'example_subdag_operator.section-2', 'example_subdag_operator']) retrieved from /home/gabsiston/Documentos/projetos/airflow-data/venv/lib/python3.8/site-packages/airflow/example_dags/example_subdag_operator.py
[2022-10-11T20:28:24.549-0500] {logging_mixin.py:117} INFO - [2022-10-11T20:28:24.549-0500] {dag.py:2573} INFO - Sync 3 DAGs
[2022-10-11T20:28:24.562-0500] {logging_mixin.py:117} INFO - [2022-10-11T20:28:24.562-0500] {dag.py:3324} INFO - Setting next_dagrun for example_subdag_operator to 2022-01-01T00:00:00+00:00, run_after=2022-01-01T00:00:00+00:00
[2022-10-11T20:28:24.564-0500] {logging_mixin.py:117} INFO - [2022-10-11T20:28:24.564-0500] {dag.py:3324} INFO - Setting next_dagrun for example_subdag_operator.section-1 to None, run_after=None
[2022-10-11T20:28:24.565-0500] {logging_mixin.py:117} INFO - [2022-10-11T20:28:24.564-0500] {dag.py:3324} INFO - Setting next_dagrun for example_subdag_operator.section-2 to None, run_after=None
[2022-10-11T20:28:24.568-0500] {logging_mixin.py:117} INFO - [2022-10-11T20:28:24.568-0500] {dag.py:2573} INFO - Sync 2 DAGs
[2022-10-11T20:28:24.571-0500] {logging_mixin.py:117} INFO - [2022-10-11T20:28:24.571-0500] {dag.py:3324} INFO - Setting next_dagrun for example_subdag_operator.section-1 to None, run_after=None
[2022-10-11T20:28:24.571-0500] {logging_mixin.py:117} INFO - [2022-10-11T20:28:24.571-0500] {dag.py:3324} INFO - Setting next_dagrun for example_subdag_operator.section-2 to None, run_after=None
[2022-10-11T20:28:24.598-0500] {processor.py:178} INFO - Processing /home/gabsiston/Documentos/projetos/airflow-data/venv/lib/python3.8/site-packages/airflow/example_dags/example_subdag_operator.py took 0.128 seconds
[2022-10-11T20:29:00.026-0500] {processor.py:156} INFO - Started process (PID=10162) to work on /home/gabsiston/Documentos/projetos/airflow-data/venv/lib/python3.8/site-packages/airflow/example_dags/example_subdag_operator.py
[2022-10-11T20:29:00.029-0500] {processor.py:758} INFO - Processing file /home/gabsiston/Documentos/projetos/airflow-data/venv/lib/python3.8/site-packages/airflow/example_dags/example_subdag_operator.py for tasks to queue
[2022-10-11T20:29:00.030-0500] {logging_mixin.py:117} INFO - [2022-10-11T20:29:00.030-0500] {dagbag.py:525} INFO - Filling up the DagBag from /home/gabsiston/Documentos/projetos/airflow-data/venv/lib/python3.8/site-packages/airflow/example_dags/example_subdag_operator.py
[2022-10-11T20:29:00.061-0500] {processor.py:768} INFO - DAG(s) dict_keys(['example_subdag_operator.section-1', 'example_subdag_operator.section-2', 'example_subdag_operator']) retrieved from /home/gabsiston/Documentos/projetos/airflow-data/venv/lib/python3.8/site-packages/airflow/example_dags/example_subdag_operator.py
[2022-10-11T20:29:00.141-0500] {logging_mixin.py:117} INFO - [2022-10-11T20:29:00.141-0500] {dag.py:2573} INFO - Sync 3 DAGs
[2022-10-11T20:29:00.157-0500] {logging_mixin.py:117} INFO - [2022-10-11T20:29:00.157-0500] {dag.py:3324} INFO - Setting next_dagrun for example_subdag_operator to 2022-01-01T00:00:00+00:00, run_after=2022-01-01T00:00:00+00:00
[2022-10-11T20:29:00.160-0500] {logging_mixin.py:117} INFO - [2022-10-11T20:29:00.160-0500] {dag.py:3324} INFO - Setting next_dagrun for example_subdag_operator.section-1 to None, run_after=None
[2022-10-11T20:29:00.161-0500] {logging_mixin.py:117} INFO - [2022-10-11T20:29:00.161-0500] {dag.py:3324} INFO - Setting next_dagrun for example_subdag_operator.section-2 to None, run_after=None
[2022-10-11T20:29:00.167-0500] {logging_mixin.py:117} INFO - [2022-10-11T20:29:00.167-0500] {dag.py:2573} INFO - Sync 2 DAGs
[2022-10-11T20:29:00.173-0500] {logging_mixin.py:117} INFO - [2022-10-11T20:29:00.172-0500] {dag.py:3324} INFO - Setting next_dagrun for example_subdag_operator.section-1 to None, run_after=None
[2022-10-11T20:29:00.173-0500] {logging_mixin.py:117} INFO - [2022-10-11T20:29:00.173-0500] {dag.py:3324} INFO - Setting next_dagrun for example_subdag_operator.section-2 to None, run_after=None
[2022-10-11T20:29:00.192-0500] {processor.py:178} INFO - Processing /home/gabsiston/Documentos/projetos/airflow-data/venv/lib/python3.8/site-packages/airflow/example_dags/example_subdag_operator.py took 0.174 seconds
[2022-10-11T20:29:36.957-0500] {processor.py:156} INFO - Started process (PID=10353) to work on /home/gabsiston/Documentos/projetos/airflow-data/venv/lib/python3.8/site-packages/airflow/example_dags/example_subdag_operator.py
[2022-10-11T20:29:36.959-0500] {processor.py:758} INFO - Processing file /home/gabsiston/Documentos/projetos/airflow-data/venv/lib/python3.8/site-packages/airflow/example_dags/example_subdag_operator.py for tasks to queue
[2022-10-11T20:29:36.960-0500] {logging_mixin.py:117} INFO - [2022-10-11T20:29:36.960-0500] {dagbag.py:525} INFO - Filling up the DagBag from /home/gabsiston/Documentos/projetos/airflow-data/venv/lib/python3.8/site-packages/airflow/example_dags/example_subdag_operator.py
[2022-10-11T20:29:36.985-0500] {processor.py:768} INFO - DAG(s) dict_keys(['example_subdag_operator.section-1', 'example_subdag_operator.section-2', 'example_subdag_operator']) retrieved from /home/gabsiston/Documentos/projetos/airflow-data/venv/lib/python3.8/site-packages/airflow/example_dags/example_subdag_operator.py
[2022-10-11T20:29:37.046-0500] {logging_mixin.py:117} INFO - [2022-10-11T20:29:37.046-0500] {dag.py:2573} INFO - Sync 3 DAGs
[2022-10-11T20:29:37.059-0500] {logging_mixin.py:117} INFO - [2022-10-11T20:29:37.059-0500] {dag.py:3324} INFO - Setting next_dagrun for example_subdag_operator to 2022-01-01T00:00:00+00:00, run_after=2022-01-01T00:00:00+00:00
[2022-10-11T20:29:37.061-0500] {logging_mixin.py:117} INFO - [2022-10-11T20:29:37.061-0500] {dag.py:3324} INFO - Setting next_dagrun for example_subdag_operator.section-1 to None, run_after=None
[2022-10-11T20:29:37.061-0500] {logging_mixin.py:117} INFO - [2022-10-11T20:29:37.061-0500] {dag.py:3324} INFO - Setting next_dagrun for example_subdag_operator.section-2 to None, run_after=None
[2022-10-11T20:29:37.065-0500] {logging_mixin.py:117} INFO - [2022-10-11T20:29:37.065-0500] {dag.py:2573} INFO - Sync 2 DAGs
[2022-10-11T20:29:37.068-0500] {logging_mixin.py:117} INFO - [2022-10-11T20:29:37.068-0500] {dag.py:3324} INFO - Setting next_dagrun for example_subdag_operator.section-1 to None, run_after=None
[2022-10-11T20:29:37.068-0500] {logging_mixin.py:117} INFO - [2022-10-11T20:29:37.068-0500] {dag.py:3324} INFO - Setting next_dagrun for example_subdag_operator.section-2 to None, run_after=None
[2022-10-11T20:29:37.083-0500] {processor.py:178} INFO - Processing /home/gabsiston/Documentos/projetos/airflow-data/venv/lib/python3.8/site-packages/airflow/example_dags/example_subdag_operator.py took 0.128 seconds
[2022-10-11T20:30:13.585-0500] {processor.py:156} INFO - Started process (PID=10595) to work on /home/gabsiston/Documentos/projetos/airflow-data/venv/lib/python3.8/site-packages/airflow/example_dags/example_subdag_operator.py
[2022-10-11T20:30:13.588-0500] {processor.py:758} INFO - Processing file /home/gabsiston/Documentos/projetos/airflow-data/venv/lib/python3.8/site-packages/airflow/example_dags/example_subdag_operator.py for tasks to queue
[2022-10-11T20:30:13.588-0500] {logging_mixin.py:117} INFO - [2022-10-11T20:30:13.588-0500] {dagbag.py:525} INFO - Filling up the DagBag from /home/gabsiston/Documentos/projetos/airflow-data/venv/lib/python3.8/site-packages/airflow/example_dags/example_subdag_operator.py
[2022-10-11T20:30:13.614-0500] {processor.py:768} INFO - DAG(s) dict_keys(['example_subdag_operator.section-1', 'example_subdag_operator.section-2', 'example_subdag_operator']) retrieved from /home/gabsiston/Documentos/projetos/airflow-data/venv/lib/python3.8/site-packages/airflow/example_dags/example_subdag_operator.py
[2022-10-11T20:30:13.674-0500] {logging_mixin.py:117} INFO - [2022-10-11T20:30:13.674-0500] {dag.py:2573} INFO - Sync 3 DAGs
[2022-10-11T20:30:13.687-0500] {logging_mixin.py:117} INFO - [2022-10-11T20:30:13.687-0500] {dag.py:3324} INFO - Setting next_dagrun for example_subdag_operator to 2022-01-01T00:00:00+00:00, run_after=2022-01-01T00:00:00+00:00
[2022-10-11T20:30:13.689-0500] {logging_mixin.py:117} INFO - [2022-10-11T20:30:13.688-0500] {dag.py:3324} INFO - Setting next_dagrun for example_subdag_operator.section-1 to None, run_after=None
[2022-10-11T20:30:13.689-0500] {logging_mixin.py:117} INFO - [2022-10-11T20:30:13.689-0500] {dag.py:3324} INFO - Setting next_dagrun for example_subdag_operator.section-2 to None, run_after=None
[2022-10-11T20:30:13.693-0500] {logging_mixin.py:117} INFO - [2022-10-11T20:30:13.693-0500] {dag.py:2573} INFO - Sync 2 DAGs
[2022-10-11T20:30:13.696-0500] {logging_mixin.py:117} INFO - [2022-10-11T20:30:13.695-0500] {dag.py:3324} INFO - Setting next_dagrun for example_subdag_operator.section-1 to None, run_after=None
[2022-10-11T20:30:13.696-0500] {logging_mixin.py:117} INFO - [2022-10-11T20:30:13.696-0500] {dag.py:3324} INFO - Setting next_dagrun for example_subdag_operator.section-2 to None, run_after=None
[2022-10-11T20:30:13.713-0500] {processor.py:178} INFO - Processing /home/gabsiston/Documentos/projetos/airflow-data/venv/lib/python3.8/site-packages/airflow/example_dags/example_subdag_operator.py took 0.130 seconds
[2022-10-11T20:30:48.445-0500] {processor.py:156} INFO - Started process (PID=10796) to work on /home/gabsiston/Documentos/projetos/airflow-data/venv/lib/python3.8/site-packages/airflow/example_dags/example_subdag_operator.py
[2022-10-11T20:30:48.448-0500] {processor.py:758} INFO - Processing file /home/gabsiston/Documentos/projetos/airflow-data/venv/lib/python3.8/site-packages/airflow/example_dags/example_subdag_operator.py for tasks to queue
[2022-10-11T20:30:48.450-0500] {logging_mixin.py:117} INFO - [2022-10-11T20:30:48.449-0500] {dagbag.py:525} INFO - Filling up the DagBag from /home/gabsiston/Documentos/projetos/airflow-data/venv/lib/python3.8/site-packages/airflow/example_dags/example_subdag_operator.py
[2022-10-11T20:30:48.480-0500] {processor.py:768} INFO - DAG(s) dict_keys(['example_subdag_operator.section-1', 'example_subdag_operator.section-2', 'example_subdag_operator']) retrieved from /home/gabsiston/Documentos/projetos/airflow-data/venv/lib/python3.8/site-packages/airflow/example_dags/example_subdag_operator.py
[2022-10-11T20:30:48.544-0500] {logging_mixin.py:117} INFO - [2022-10-11T20:30:48.544-0500] {dag.py:2573} INFO - Sync 3 DAGs
[2022-10-11T20:30:48.558-0500] {logging_mixin.py:117} INFO - [2022-10-11T20:30:48.558-0500] {dag.py:3324} INFO - Setting next_dagrun for example_subdag_operator to 2022-01-01T00:00:00+00:00, run_after=2022-01-01T00:00:00+00:00
[2022-10-11T20:30:48.561-0500] {logging_mixin.py:117} INFO - [2022-10-11T20:30:48.561-0500] {dag.py:3324} INFO - Setting next_dagrun for example_subdag_operator.section-1 to None, run_after=None
[2022-10-11T20:30:48.561-0500] {logging_mixin.py:117} INFO - [2022-10-11T20:30:48.561-0500] {dag.py:3324} INFO - Setting next_dagrun for example_subdag_operator.section-2 to None, run_after=None
[2022-10-11T20:30:48.565-0500] {logging_mixin.py:117} INFO - [2022-10-11T20:30:48.565-0500] {dag.py:2573} INFO - Sync 2 DAGs
[2022-10-11T20:30:48.568-0500] {logging_mixin.py:117} INFO - [2022-10-11T20:30:48.568-0500] {dag.py:3324} INFO - Setting next_dagrun for example_subdag_operator.section-1 to None, run_after=None
[2022-10-11T20:30:48.569-0500] {logging_mixin.py:117} INFO - [2022-10-11T20:30:48.569-0500] {dag.py:3324} INFO - Setting next_dagrun for example_subdag_operator.section-2 to None, run_after=None
[2022-10-11T20:30:48.583-0500] {processor.py:178} INFO - Processing /home/gabsiston/Documentos/projetos/airflow-data/venv/lib/python3.8/site-packages/airflow/example_dags/example_subdag_operator.py took 0.141 seconds
[2022-10-11T20:31:24.379-0500] {processor.py:156} INFO - Started process (PID=11126) to work on /home/gabsiston/Documentos/projetos/airflow-data/venv/lib/python3.8/site-packages/airflow/example_dags/example_subdag_operator.py
[2022-10-11T20:31:24.380-0500] {processor.py:758} INFO - Processing file /home/gabsiston/Documentos/projetos/airflow-data/venv/lib/python3.8/site-packages/airflow/example_dags/example_subdag_operator.py for tasks to queue
[2022-10-11T20:31:24.380-0500] {logging_mixin.py:117} INFO - [2022-10-11T20:31:24.380-0500] {dagbag.py:525} INFO - Filling up the DagBag from /home/gabsiston/Documentos/projetos/airflow-data/venv/lib/python3.8/site-packages/airflow/example_dags/example_subdag_operator.py
[2022-10-11T20:31:24.401-0500] {processor.py:768} INFO - DAG(s) dict_keys(['example_subdag_operator.section-1', 'example_subdag_operator.section-2', 'example_subdag_operator']) retrieved from /home/gabsiston/Documentos/projetos/airflow-data/venv/lib/python3.8/site-packages/airflow/example_dags/example_subdag_operator.py
[2022-10-11T20:31:24.500-0500] {logging_mixin.py:117} INFO - [2022-10-11T20:31:24.499-0500] {dag.py:2573} INFO - Sync 3 DAGs
[2022-10-11T20:31:24.520-0500] {logging_mixin.py:117} INFO - [2022-10-11T20:31:24.520-0500] {dag.py:3324} INFO - Setting next_dagrun for example_subdag_operator to 2022-01-01T00:00:00+00:00, run_after=2022-01-01T00:00:00+00:00
[2022-10-11T20:31:24.522-0500] {logging_mixin.py:117} INFO - [2022-10-11T20:31:24.522-0500] {dag.py:3324} INFO - Setting next_dagrun for example_subdag_operator.section-1 to None, run_after=None
[2022-10-11T20:31:24.523-0500] {logging_mixin.py:117} INFO - [2022-10-11T20:31:24.523-0500] {dag.py:3324} INFO - Setting next_dagrun for example_subdag_operator.section-2 to None, run_after=None
[2022-10-11T20:31:24.527-0500] {logging_mixin.py:117} INFO - [2022-10-11T20:31:24.527-0500] {dag.py:2573} INFO - Sync 2 DAGs
[2022-10-11T20:31:24.530-0500] {logging_mixin.py:117} INFO - [2022-10-11T20:31:24.530-0500] {dag.py:3324} INFO - Setting next_dagrun for example_subdag_operator.section-1 to None, run_after=None
[2022-10-11T20:31:24.530-0500] {logging_mixin.py:117} INFO - [2022-10-11T20:31:24.530-0500] {dag.py:3324} INFO - Setting next_dagrun for example_subdag_operator.section-2 to None, run_after=None
[2022-10-11T20:31:24.566-0500] {processor.py:178} INFO - Processing /home/gabsiston/Documentos/projetos/airflow-data/venv/lib/python3.8/site-packages/airflow/example_dags/example_subdag_operator.py took 0.188 seconds
[2022-10-11T20:32:01.297-0500] {processor.py:156} INFO - Started process (PID=11372) to work on /home/gabsiston/Documentos/projetos/airflow-data/venv/lib/python3.8/site-packages/airflow/example_dags/example_subdag_operator.py
[2022-10-11T20:32:01.298-0500] {processor.py:758} INFO - Processing file /home/gabsiston/Documentos/projetos/airflow-data/venv/lib/python3.8/site-packages/airflow/example_dags/example_subdag_operator.py for tasks to queue
[2022-10-11T20:32:01.298-0500] {logging_mixin.py:117} INFO - [2022-10-11T20:32:01.298-0500] {dagbag.py:525} INFO - Filling up the DagBag from /home/gabsiston/Documentos/projetos/airflow-data/venv/lib/python3.8/site-packages/airflow/example_dags/example_subdag_operator.py
[2022-10-11T20:32:01.316-0500] {processor.py:768} INFO - DAG(s) dict_keys(['example_subdag_operator.section-1', 'example_subdag_operator.section-2', 'example_subdag_operator']) retrieved from /home/gabsiston/Documentos/projetos/airflow-data/venv/lib/python3.8/site-packages/airflow/example_dags/example_subdag_operator.py
[2022-10-11T20:32:01.368-0500] {logging_mixin.py:117} INFO - [2022-10-11T20:32:01.368-0500] {dag.py:2573} INFO - Sync 3 DAGs
[2022-10-11T20:32:01.381-0500] {logging_mixin.py:117} INFO - [2022-10-11T20:32:01.381-0500] {dag.py:3324} INFO - Setting next_dagrun for example_subdag_operator to 2022-01-01T00:00:00+00:00, run_after=2022-01-01T00:00:00+00:00
[2022-10-11T20:32:01.382-0500] {logging_mixin.py:117} INFO - [2022-10-11T20:32:01.382-0500] {dag.py:3324} INFO - Setting next_dagrun for example_subdag_operator.section-1 to None, run_after=None
[2022-10-11T20:32:01.383-0500] {logging_mixin.py:117} INFO - [2022-10-11T20:32:01.383-0500] {dag.py:3324} INFO - Setting next_dagrun for example_subdag_operator.section-2 to None, run_after=None
[2022-10-11T20:32:01.387-0500] {logging_mixin.py:117} INFO - [2022-10-11T20:32:01.387-0500] {dag.py:2573} INFO - Sync 2 DAGs
[2022-10-11T20:32:01.389-0500] {logging_mixin.py:117} INFO - [2022-10-11T20:32:01.389-0500] {dag.py:3324} INFO - Setting next_dagrun for example_subdag_operator.section-1 to None, run_after=None
[2022-10-11T20:32:01.390-0500] {logging_mixin.py:117} INFO - [2022-10-11T20:32:01.390-0500] {dag.py:3324} INFO - Setting next_dagrun for example_subdag_operator.section-2 to None, run_after=None
[2022-10-11T20:32:01.408-0500] {processor.py:178} INFO - Processing /home/gabsiston/Documentos/projetos/airflow-data/venv/lib/python3.8/site-packages/airflow/example_dags/example_subdag_operator.py took 0.113 seconds
[2022-10-11T20:32:36.920-0500] {processor.py:156} INFO - Started process (PID=11615) to work on /home/gabsiston/Documentos/projetos/airflow-data/venv/lib/python3.8/site-packages/airflow/example_dags/example_subdag_operator.py
[2022-10-11T20:32:36.923-0500] {processor.py:758} INFO - Processing file /home/gabsiston/Documentos/projetos/airflow-data/venv/lib/python3.8/site-packages/airflow/example_dags/example_subdag_operator.py for tasks to queue
[2022-10-11T20:32:36.923-0500] {logging_mixin.py:117} INFO - [2022-10-11T20:32:36.923-0500] {dagbag.py:525} INFO - Filling up the DagBag from /home/gabsiston/Documentos/projetos/airflow-data/venv/lib/python3.8/site-packages/airflow/example_dags/example_subdag_operator.py
[2022-10-11T20:32:36.954-0500] {processor.py:768} INFO - DAG(s) dict_keys(['example_subdag_operator.section-1', 'example_subdag_operator.section-2', 'example_subdag_operator']) retrieved from /home/gabsiston/Documentos/projetos/airflow-data/venv/lib/python3.8/site-packages/airflow/example_dags/example_subdag_operator.py
[2022-10-11T20:32:37.016-0500] {logging_mixin.py:117} INFO - [2022-10-11T20:32:37.016-0500] {dag.py:2573} INFO - Sync 3 DAGs
[2022-10-11T20:32:37.029-0500] {logging_mixin.py:117} INFO - [2022-10-11T20:32:37.028-0500] {dag.py:3324} INFO - Setting next_dagrun for example_subdag_operator to 2022-01-01T00:00:00+00:00, run_after=2022-01-01T00:00:00+00:00
[2022-10-11T20:32:37.030-0500] {logging_mixin.py:117} INFO - [2022-10-11T20:32:37.030-0500] {dag.py:3324} INFO - Setting next_dagrun for example_subdag_operator.section-1 to None, run_after=None
[2022-10-11T20:32:37.031-0500] {logging_mixin.py:117} INFO - [2022-10-11T20:32:37.031-0500] {dag.py:3324} INFO - Setting next_dagrun for example_subdag_operator.section-2 to None, run_after=None
[2022-10-11T20:32:37.035-0500] {logging_mixin.py:117} INFO - [2022-10-11T20:32:37.035-0500] {dag.py:2573} INFO - Sync 2 DAGs
[2022-10-11T20:32:37.037-0500] {logging_mixin.py:117} INFO - [2022-10-11T20:32:37.037-0500] {dag.py:3324} INFO - Setting next_dagrun for example_subdag_operator.section-1 to None, run_after=None
[2022-10-11T20:32:37.038-0500] {logging_mixin.py:117} INFO - [2022-10-11T20:32:37.038-0500] {dag.py:3324} INFO - Setting next_dagrun for example_subdag_operator.section-2 to None, run_after=None
[2022-10-11T20:32:37.055-0500] {processor.py:178} INFO - Processing /home/gabsiston/Documentos/projetos/airflow-data/venv/lib/python3.8/site-packages/airflow/example_dags/example_subdag_operator.py took 0.137 seconds
[2022-10-11T20:33:13.790-0500] {processor.py:156} INFO - Started process (PID=12067) to work on /home/gabsiston/Documentos/projetos/airflow-data/venv/lib/python3.8/site-packages/airflow/example_dags/example_subdag_operator.py
[2022-10-11T20:33:13.790-0500] {processor.py:758} INFO - Processing file /home/gabsiston/Documentos/projetos/airflow-data/venv/lib/python3.8/site-packages/airflow/example_dags/example_subdag_operator.py for tasks to queue
[2022-10-11T20:33:13.791-0500] {logging_mixin.py:117} INFO - [2022-10-11T20:33:13.791-0500] {dagbag.py:525} INFO - Filling up the DagBag from /home/gabsiston/Documentos/projetos/airflow-data/venv/lib/python3.8/site-packages/airflow/example_dags/example_subdag_operator.py
[2022-10-11T20:33:13.809-0500] {processor.py:768} INFO - DAG(s) dict_keys(['example_subdag_operator.section-1', 'example_subdag_operator.section-2', 'example_subdag_operator']) retrieved from /home/gabsiston/Documentos/projetos/airflow-data/venv/lib/python3.8/site-packages/airflow/example_dags/example_subdag_operator.py
[2022-10-11T20:33:13.863-0500] {logging_mixin.py:117} INFO - [2022-10-11T20:33:13.863-0500] {dag.py:2573} INFO - Sync 3 DAGs
[2022-10-11T20:33:13.875-0500] {logging_mixin.py:117} INFO - [2022-10-11T20:33:13.875-0500] {dag.py:3324} INFO - Setting next_dagrun for example_subdag_operator to 2022-01-01T00:00:00+00:00, run_after=2022-01-01T00:00:00+00:00
[2022-10-11T20:33:13.877-0500] {logging_mixin.py:117} INFO - [2022-10-11T20:33:13.877-0500] {dag.py:3324} INFO - Setting next_dagrun for example_subdag_operator.section-1 to None, run_after=None
[2022-10-11T20:33:13.877-0500] {logging_mixin.py:117} INFO - [2022-10-11T20:33:13.877-0500] {dag.py:3324} INFO - Setting next_dagrun for example_subdag_operator.section-2 to None, run_after=None
[2022-10-11T20:33:13.881-0500] {logging_mixin.py:117} INFO - [2022-10-11T20:33:13.881-0500] {dag.py:2573} INFO - Sync 2 DAGs
[2022-10-11T20:33:13.884-0500] {logging_mixin.py:117} INFO - [2022-10-11T20:33:13.884-0500] {dag.py:3324} INFO - Setting next_dagrun for example_subdag_operator.section-1 to None, run_after=None
[2022-10-11T20:33:13.884-0500] {logging_mixin.py:117} INFO - [2022-10-11T20:33:13.884-0500] {dag.py:3324} INFO - Setting next_dagrun for example_subdag_operator.section-2 to None, run_after=None
[2022-10-11T20:33:13.910-0500] {processor.py:178} INFO - Processing /home/gabsiston/Documentos/projetos/airflow-data/venv/lib/python3.8/site-packages/airflow/example_dags/example_subdag_operator.py took 0.123 seconds
[2022-10-11T20:33:51.608-0500] {processor.py:156} INFO - Started process (PID=12266) to work on /home/gabsiston/Documentos/projetos/airflow-data/venv/lib/python3.8/site-packages/airflow/example_dags/example_subdag_operator.py
[2022-10-11T20:33:51.612-0500] {processor.py:758} INFO - Processing file /home/gabsiston/Documentos/projetos/airflow-data/venv/lib/python3.8/site-packages/airflow/example_dags/example_subdag_operator.py for tasks to queue
[2022-10-11T20:33:51.615-0500] {logging_mixin.py:117} INFO - [2022-10-11T20:33:51.614-0500] {dagbag.py:525} INFO - Filling up the DagBag from /home/gabsiston/Documentos/projetos/airflow-data/venv/lib/python3.8/site-packages/airflow/example_dags/example_subdag_operator.py
[2022-10-11T20:33:51.652-0500] {processor.py:768} INFO - DAG(s) dict_keys(['example_subdag_operator.section-1', 'example_subdag_operator.section-2', 'example_subdag_operator']) retrieved from /home/gabsiston/Documentos/projetos/airflow-data/venv/lib/python3.8/site-packages/airflow/example_dags/example_subdag_operator.py
[2022-10-11T20:33:51.712-0500] {logging_mixin.py:117} INFO - [2022-10-11T20:33:51.712-0500] {dag.py:2573} INFO - Sync 3 DAGs
[2022-10-11T20:33:51.734-0500] {logging_mixin.py:117} INFO - [2022-10-11T20:33:51.734-0500] {dag.py:3324} INFO - Setting next_dagrun for example_subdag_operator to 2022-01-01T00:00:00+00:00, run_after=2022-01-01T00:00:00+00:00
[2022-10-11T20:33:51.736-0500] {logging_mixin.py:117} INFO - [2022-10-11T20:33:51.736-0500] {dag.py:3324} INFO - Setting next_dagrun for example_subdag_operator.section-1 to None, run_after=None
[2022-10-11T20:33:51.736-0500] {logging_mixin.py:117} INFO - [2022-10-11T20:33:51.736-0500] {dag.py:3324} INFO - Setting next_dagrun for example_subdag_operator.section-2 to None, run_after=None
[2022-10-11T20:33:51.740-0500] {logging_mixin.py:117} INFO - [2022-10-11T20:33:51.740-0500] {dag.py:2573} INFO - Sync 2 DAGs
[2022-10-11T20:33:51.743-0500] {logging_mixin.py:117} INFO - [2022-10-11T20:33:51.743-0500] {dag.py:3324} INFO - Setting next_dagrun for example_subdag_operator.section-1 to None, run_after=None
[2022-10-11T20:33:51.743-0500] {logging_mixin.py:117} INFO - [2022-10-11T20:33:51.743-0500] {dag.py:3324} INFO - Setting next_dagrun for example_subdag_operator.section-2 to None, run_after=None
[2022-10-11T20:33:51.759-0500] {processor.py:178} INFO - Processing /home/gabsiston/Documentos/projetos/airflow-data/venv/lib/python3.8/site-packages/airflow/example_dags/example_subdag_operator.py took 0.160 seconds
[2022-10-11T20:34:26.218-0500] {processor.py:156} INFO - Started process (PID=12443) to work on /home/gabsiston/Documentos/projetos/airflow-data/venv/lib/python3.8/site-packages/airflow/example_dags/example_subdag_operator.py
[2022-10-11T20:34:26.220-0500] {processor.py:758} INFO - Processing file /home/gabsiston/Documentos/projetos/airflow-data/venv/lib/python3.8/site-packages/airflow/example_dags/example_subdag_operator.py for tasks to queue
[2022-10-11T20:34:26.221-0500] {logging_mixin.py:117} INFO - [2022-10-11T20:34:26.221-0500] {dagbag.py:525} INFO - Filling up the DagBag from /home/gabsiston/Documentos/projetos/airflow-data/venv/lib/python3.8/site-packages/airflow/example_dags/example_subdag_operator.py
[2022-10-11T20:34:26.253-0500] {processor.py:768} INFO - DAG(s) dict_keys(['example_subdag_operator.section-1', 'example_subdag_operator.section-2', 'example_subdag_operator']) retrieved from /home/gabsiston/Documentos/projetos/airflow-data/venv/lib/python3.8/site-packages/airflow/example_dags/example_subdag_operator.py
[2022-10-11T20:34:26.313-0500] {logging_mixin.py:117} INFO - [2022-10-11T20:34:26.313-0500] {dag.py:2573} INFO - Sync 3 DAGs
[2022-10-11T20:34:26.326-0500] {logging_mixin.py:117} INFO - [2022-10-11T20:34:26.326-0500] {dag.py:3324} INFO - Setting next_dagrun for example_subdag_operator to 2022-01-01T00:00:00+00:00, run_after=2022-01-01T00:00:00+00:00
[2022-10-11T20:34:26.328-0500] {logging_mixin.py:117} INFO - [2022-10-11T20:34:26.328-0500] {dag.py:3324} INFO - Setting next_dagrun for example_subdag_operator.section-1 to None, run_after=None
[2022-10-11T20:34:26.328-0500] {logging_mixin.py:117} INFO - [2022-10-11T20:34:26.328-0500] {dag.py:3324} INFO - Setting next_dagrun for example_subdag_operator.section-2 to None, run_after=None
[2022-10-11T20:34:26.332-0500] {logging_mixin.py:117} INFO - [2022-10-11T20:34:26.332-0500] {dag.py:2573} INFO - Sync 2 DAGs
[2022-10-11T20:34:26.335-0500] {logging_mixin.py:117} INFO - [2022-10-11T20:34:26.335-0500] {dag.py:3324} INFO - Setting next_dagrun for example_subdag_operator.section-1 to None, run_after=None
[2022-10-11T20:34:26.335-0500] {logging_mixin.py:117} INFO - [2022-10-11T20:34:26.335-0500] {dag.py:3324} INFO - Setting next_dagrun for example_subdag_operator.section-2 to None, run_after=None
[2022-10-11T20:34:26.352-0500] {processor.py:178} INFO - Processing /home/gabsiston/Documentos/projetos/airflow-data/venv/lib/python3.8/site-packages/airflow/example_dags/example_subdag_operator.py took 0.137 seconds
[2022-10-11T20:35:01.835-0500] {processor.py:156} INFO - Started process (PID=12638) to work on /home/gabsiston/Documentos/projetos/airflow-data/venv/lib/python3.8/site-packages/airflow/example_dags/example_subdag_operator.py
[2022-10-11T20:35:01.837-0500] {processor.py:758} INFO - Processing file /home/gabsiston/Documentos/projetos/airflow-data/venv/lib/python3.8/site-packages/airflow/example_dags/example_subdag_operator.py for tasks to queue
[2022-10-11T20:35:01.838-0500] {logging_mixin.py:117} INFO - [2022-10-11T20:35:01.837-0500] {dagbag.py:525} INFO - Filling up the DagBag from /home/gabsiston/Documentos/projetos/airflow-data/venv/lib/python3.8/site-packages/airflow/example_dags/example_subdag_operator.py
[2022-10-11T20:35:01.871-0500] {processor.py:768} INFO - DAG(s) dict_keys(['example_subdag_operator.section-1', 'example_subdag_operator.section-2', 'example_subdag_operator']) retrieved from /home/gabsiston/Documentos/projetos/airflow-data/venv/lib/python3.8/site-packages/airflow/example_dags/example_subdag_operator.py
[2022-10-11T20:35:01.931-0500] {logging_mixin.py:117} INFO - [2022-10-11T20:35:01.931-0500] {dag.py:2573} INFO - Sync 3 DAGs
[2022-10-11T20:35:01.944-0500] {logging_mixin.py:117} INFO - [2022-10-11T20:35:01.943-0500] {dag.py:3324} INFO - Setting next_dagrun for example_subdag_operator to 2022-01-01T00:00:00+00:00, run_after=2022-01-01T00:00:00+00:00
[2022-10-11T20:35:01.945-0500] {logging_mixin.py:117} INFO - [2022-10-11T20:35:01.945-0500] {dag.py:3324} INFO - Setting next_dagrun for example_subdag_operator.section-1 to None, run_after=None
[2022-10-11T20:35:01.946-0500] {logging_mixin.py:117} INFO - [2022-10-11T20:35:01.946-0500] {dag.py:3324} INFO - Setting next_dagrun for example_subdag_operator.section-2 to None, run_after=None
[2022-10-11T20:35:01.950-0500] {logging_mixin.py:117} INFO - [2022-10-11T20:35:01.950-0500] {dag.py:2573} INFO - Sync 2 DAGs
[2022-10-11T20:35:01.953-0500] {logging_mixin.py:117} INFO - [2022-10-11T20:35:01.953-0500] {dag.py:3324} INFO - Setting next_dagrun for example_subdag_operator.section-1 to None, run_after=None
[2022-10-11T20:35:01.953-0500] {logging_mixin.py:117} INFO - [2022-10-11T20:35:01.953-0500] {dag.py:3324} INFO - Setting next_dagrun for example_subdag_operator.section-2 to None, run_after=None
[2022-10-11T20:35:01.971-0500] {processor.py:178} INFO - Processing /home/gabsiston/Documentos/projetos/airflow-data/venv/lib/python3.8/site-packages/airflow/example_dags/example_subdag_operator.py took 0.140 seconds
[2022-10-11T20:35:36.015-0500] {processor.py:156} INFO - Started process (PID=12877) to work on /home/gabsiston/Documentos/projetos/airflow-data/venv/lib/python3.8/site-packages/airflow/example_dags/example_subdag_operator.py
[2022-10-11T20:35:36.018-0500] {processor.py:758} INFO - Processing file /home/gabsiston/Documentos/projetos/airflow-data/venv/lib/python3.8/site-packages/airflow/example_dags/example_subdag_operator.py for tasks to queue
[2022-10-11T20:35:36.018-0500] {logging_mixin.py:117} INFO - [2022-10-11T20:35:36.018-0500] {dagbag.py:525} INFO - Filling up the DagBag from /home/gabsiston/Documentos/projetos/airflow-data/venv/lib/python3.8/site-packages/airflow/example_dags/example_subdag_operator.py
[2022-10-11T20:35:36.055-0500] {processor.py:768} INFO - DAG(s) dict_keys(['example_subdag_operator.section-1', 'example_subdag_operator.section-2', 'example_subdag_operator']) retrieved from /home/gabsiston/Documentos/projetos/airflow-data/venv/lib/python3.8/site-packages/airflow/example_dags/example_subdag_operator.py
[2022-10-11T20:35:36.114-0500] {logging_mixin.py:117} INFO - [2022-10-11T20:35:36.114-0500] {dag.py:2573} INFO - Sync 3 DAGs
[2022-10-11T20:35:36.128-0500] {logging_mixin.py:117} INFO - [2022-10-11T20:35:36.127-0500] {dag.py:3324} INFO - Setting next_dagrun for example_subdag_operator to 2022-01-01T00:00:00+00:00, run_after=2022-01-01T00:00:00+00:00
[2022-10-11T20:35:36.129-0500] {logging_mixin.py:117} INFO - [2022-10-11T20:35:36.129-0500] {dag.py:3324} INFO - Setting next_dagrun for example_subdag_operator.section-1 to None, run_after=None
[2022-10-11T20:35:36.130-0500] {logging_mixin.py:117} INFO - [2022-10-11T20:35:36.130-0500] {dag.py:3324} INFO - Setting next_dagrun for example_subdag_operator.section-2 to None, run_after=None
[2022-10-11T20:35:36.134-0500] {logging_mixin.py:117} INFO - [2022-10-11T20:35:36.134-0500] {dag.py:2573} INFO - Sync 2 DAGs
[2022-10-11T20:35:36.136-0500] {logging_mixin.py:117} INFO - [2022-10-11T20:35:36.136-0500] {dag.py:3324} INFO - Setting next_dagrun for example_subdag_operator.section-1 to None, run_after=None
[2022-10-11T20:35:36.137-0500] {logging_mixin.py:117} INFO - [2022-10-11T20:35:36.137-0500] {dag.py:3324} INFO - Setting next_dagrun for example_subdag_operator.section-2 to None, run_after=None
[2022-10-11T20:35:36.166-0500] {processor.py:178} INFO - Processing /home/gabsiston/Documentos/projetos/airflow-data/venv/lib/python3.8/site-packages/airflow/example_dags/example_subdag_operator.py took 0.154 seconds
[2022-10-11T20:36:10.165-0500] {processor.py:156} INFO - Started process (PID=13052) to work on /home/gabsiston/Documentos/projetos/airflow-data/venv/lib/python3.8/site-packages/airflow/example_dags/example_subdag_operator.py
[2022-10-11T20:36:10.169-0500] {processor.py:758} INFO - Processing file /home/gabsiston/Documentos/projetos/airflow-data/venv/lib/python3.8/site-packages/airflow/example_dags/example_subdag_operator.py for tasks to queue
[2022-10-11T20:36:10.172-0500] {logging_mixin.py:117} INFO - [2022-10-11T20:36:10.171-0500] {dagbag.py:525} INFO - Filling up the DagBag from /home/gabsiston/Documentos/projetos/airflow-data/venv/lib/python3.8/site-packages/airflow/example_dags/example_subdag_operator.py
[2022-10-11T20:36:10.208-0500] {processor.py:768} INFO - DAG(s) dict_keys(['example_subdag_operator.section-1', 'example_subdag_operator.section-2', 'example_subdag_operator']) retrieved from /home/gabsiston/Documentos/projetos/airflow-data/venv/lib/python3.8/site-packages/airflow/example_dags/example_subdag_operator.py
[2022-10-11T20:36:10.279-0500] {logging_mixin.py:117} INFO - [2022-10-11T20:36:10.279-0500] {dag.py:2573} INFO - Sync 3 DAGs
[2022-10-11T20:36:10.294-0500] {logging_mixin.py:117} INFO - [2022-10-11T20:36:10.294-0500] {dag.py:3324} INFO - Setting next_dagrun for example_subdag_operator to 2022-01-01T00:00:00+00:00, run_after=2022-01-01T00:00:00+00:00
[2022-10-11T20:36:10.296-0500] {logging_mixin.py:117} INFO - [2022-10-11T20:36:10.296-0500] {dag.py:3324} INFO - Setting next_dagrun for example_subdag_operator.section-1 to None, run_after=None
[2022-10-11T20:36:10.297-0500] {logging_mixin.py:117} INFO - [2022-10-11T20:36:10.297-0500] {dag.py:3324} INFO - Setting next_dagrun for example_subdag_operator.section-2 to None, run_after=None
[2022-10-11T20:36:10.301-0500] {logging_mixin.py:117} INFO - [2022-10-11T20:36:10.301-0500] {dag.py:2573} INFO - Sync 2 DAGs
[2022-10-11T20:36:10.304-0500] {logging_mixin.py:117} INFO - [2022-10-11T20:36:10.304-0500] {dag.py:3324} INFO - Setting next_dagrun for example_subdag_operator.section-1 to None, run_after=None
[2022-10-11T20:36:10.305-0500] {logging_mixin.py:117} INFO - [2022-10-11T20:36:10.305-0500] {dag.py:3324} INFO - Setting next_dagrun for example_subdag_operator.section-2 to None, run_after=None
[2022-10-11T20:36:10.330-0500] {processor.py:178} INFO - Processing /home/gabsiston/Documentos/projetos/airflow-data/venv/lib/python3.8/site-packages/airflow/example_dags/example_subdag_operator.py took 0.173 seconds
[2022-10-11T20:36:44.993-0500] {processor.py:156} INFO - Started process (PID=13455) to work on /home/gabsiston/Documentos/projetos/airflow-data/venv/lib/python3.8/site-packages/airflow/example_dags/example_subdag_operator.py
[2022-10-11T20:36:44.995-0500] {processor.py:758} INFO - Processing file /home/gabsiston/Documentos/projetos/airflow-data/venv/lib/python3.8/site-packages/airflow/example_dags/example_subdag_operator.py for tasks to queue
[2022-10-11T20:36:44.996-0500] {logging_mixin.py:117} INFO - [2022-10-11T20:36:44.996-0500] {dagbag.py:525} INFO - Filling up the DagBag from /home/gabsiston/Documentos/projetos/airflow-data/venv/lib/python3.8/site-packages/airflow/example_dags/example_subdag_operator.py
[2022-10-11T20:36:45.026-0500] {processor.py:768} INFO - DAG(s) dict_keys(['example_subdag_operator.section-1', 'example_subdag_operator.section-2', 'example_subdag_operator']) retrieved from /home/gabsiston/Documentos/projetos/airflow-data/venv/lib/python3.8/site-packages/airflow/example_dags/example_subdag_operator.py
[2022-10-11T20:36:45.099-0500] {logging_mixin.py:117} INFO - [2022-10-11T20:36:45.099-0500] {dag.py:2573} INFO - Sync 3 DAGs
[2022-10-11T20:36:45.116-0500] {logging_mixin.py:117} INFO - [2022-10-11T20:36:45.115-0500] {dag.py:3324} INFO - Setting next_dagrun for example_subdag_operator to 2022-01-01T00:00:00+00:00, run_after=2022-01-01T00:00:00+00:00
[2022-10-11T20:36:45.118-0500] {logging_mixin.py:117} INFO - [2022-10-11T20:36:45.118-0500] {dag.py:3324} INFO - Setting next_dagrun for example_subdag_operator.section-1 to None, run_after=None
[2022-10-11T20:36:45.119-0500] {logging_mixin.py:117} INFO - [2022-10-11T20:36:45.119-0500] {dag.py:3324} INFO - Setting next_dagrun for example_subdag_operator.section-2 to None, run_after=None
[2022-10-11T20:36:45.125-0500] {logging_mixin.py:117} INFO - [2022-10-11T20:36:45.124-0500] {dag.py:2573} INFO - Sync 2 DAGs
[2022-10-11T20:36:45.128-0500] {logging_mixin.py:117} INFO - [2022-10-11T20:36:45.128-0500] {dag.py:3324} INFO - Setting next_dagrun for example_subdag_operator.section-1 to None, run_after=None
[2022-10-11T20:36:45.128-0500] {logging_mixin.py:117} INFO - [2022-10-11T20:36:45.128-0500] {dag.py:3324} INFO - Setting next_dagrun for example_subdag_operator.section-2 to None, run_after=None
[2022-10-11T20:36:45.155-0500] {processor.py:178} INFO - Processing /home/gabsiston/Documentos/projetos/airflow-data/venv/lib/python3.8/site-packages/airflow/example_dags/example_subdag_operator.py took 0.167 seconds
