[2022-10-11T20:25:17.966-0500] {processor.py:156} INFO - Started process (PID=7766) to work on /home/gabsiston/Documentos/projetos/airflow-data/venv/lib/python3.8/site-packages/airflow/example_dags/example_xcomargs.py
[2022-10-11T20:25:17.966-0500] {processor.py:758} INFO - Processing file /home/gabsiston/Documentos/projetos/airflow-data/venv/lib/python3.8/site-packages/airflow/example_dags/example_xcomargs.py for tasks to queue
[2022-10-11T20:25:17.967-0500] {logging_mixin.py:117} INFO - [2022-10-11T20:25:17.967-0500] {dagbag.py:525} INFO - Filling up the DagBag from /home/gabsiston/Documentos/projetos/airflow-data/venv/lib/python3.8/site-packages/airflow/example_dags/example_xcomargs.py
[2022-10-11T20:25:17.985-0500] {processor.py:768} INFO - DAG(s) dict_keys(['example_xcom_args', 'example_xcom_args_with_operators']) retrieved from /home/gabsiston/Documentos/projetos/airflow-data/venv/lib/python3.8/site-packages/airflow/example_dags/example_xcomargs.py
[2022-10-11T20:25:18.068-0500] {logging_mixin.py:117} INFO - [2022-10-11T20:25:18.068-0500] {manager.py:507} INFO - Created Permission View: can read on DAG:example_xcom_args
[2022-10-11T20:25:18.081-0500] {logging_mixin.py:117} INFO - [2022-10-11T20:25:18.081-0500] {manager.py:507} INFO - Created Permission View: can edit on DAG:example_xcom_args
[2022-10-11T20:25:18.092-0500] {logging_mixin.py:117} INFO - [2022-10-11T20:25:18.091-0500] {manager.py:507} INFO - Created Permission View: can delete on DAG:example_xcom_args
[2022-10-11T20:25:18.114-0500] {logging_mixin.py:117} INFO - [2022-10-11T20:25:18.114-0500] {manager.py:507} INFO - Created Permission View: can read on DAG:example_xcom_args_with_operators
[2022-10-11T20:25:18.125-0500] {logging_mixin.py:117} INFO - [2022-10-11T20:25:18.125-0500] {manager.py:507} INFO - Created Permission View: can edit on DAG:example_xcom_args_with_operators
[2022-10-11T20:25:18.137-0500] {logging_mixin.py:117} INFO - [2022-10-11T20:25:18.137-0500] {manager.py:507} INFO - Created Permission View: can delete on DAG:example_xcom_args_with_operators
[2022-10-11T20:25:18.137-0500] {logging_mixin.py:117} INFO - [2022-10-11T20:25:18.137-0500] {dag.py:2573} INFO - Sync 2 DAGs
[2022-10-11T20:25:18.145-0500] {logging_mixin.py:117} INFO - [2022-10-11T20:25:18.145-0500] {dag.py:2594} INFO - Creating ORM DAG for example_xcom_args_with_operators
[2022-10-11T20:25:18.146-0500] {logging_mixin.py:117} INFO - [2022-10-11T20:25:18.146-0500] {dag.py:2594} INFO - Creating ORM DAG for example_xcom_args
[2022-10-11T20:25:18.154-0500] {logging_mixin.py:117} INFO - [2022-10-11T20:25:18.154-0500] {dag.py:3324} INFO - Setting next_dagrun for example_xcom_args to None, run_after=None
[2022-10-11T20:25:18.154-0500] {logging_mixin.py:117} INFO - [2022-10-11T20:25:18.154-0500] {dag.py:3324} INFO - Setting next_dagrun for example_xcom_args_with_operators to None, run_after=None
[2022-10-11T20:25:18.177-0500] {processor.py:178} INFO - Processing /home/gabsiston/Documentos/projetos/airflow-data/venv/lib/python3.8/site-packages/airflow/example_dags/example_xcomargs.py took 0.213 seconds
[2022-10-11T20:25:58.658-0500] {processor.py:156} INFO - Started process (PID=8135) to work on /home/gabsiston/Documentos/projetos/airflow-data/venv/lib/python3.8/site-packages/airflow/example_dags/example_xcomargs.py
[2022-10-11T20:25:58.660-0500] {processor.py:758} INFO - Processing file /home/gabsiston/Documentos/projetos/airflow-data/venv/lib/python3.8/site-packages/airflow/example_dags/example_xcomargs.py for tasks to queue
[2022-10-11T20:25:58.660-0500] {logging_mixin.py:117} INFO - [2022-10-11T20:25:58.660-0500] {dagbag.py:525} INFO - Filling up the DagBag from /home/gabsiston/Documentos/projetos/airflow-data/venv/lib/python3.8/site-packages/airflow/example_dags/example_xcomargs.py
[2022-10-11T20:25:58.679-0500] {processor.py:768} INFO - DAG(s) dict_keys(['example_xcom_args_with_operators', 'example_xcom_args']) retrieved from /home/gabsiston/Documentos/projetos/airflow-data/venv/lib/python3.8/site-packages/airflow/example_dags/example_xcomargs.py
[2022-10-11T20:25:58.699-0500] {logging_mixin.py:117} INFO - [2022-10-11T20:25:58.698-0500] {dag.py:2573} INFO - Sync 2 DAGs
[2022-10-11T20:25:58.713-0500] {logging_mixin.py:117} INFO - [2022-10-11T20:25:58.713-0500] {dag.py:3324} INFO - Setting next_dagrun for example_xcom_args to None, run_after=None
[2022-10-11T20:25:58.716-0500] {logging_mixin.py:117} INFO - [2022-10-11T20:25:58.716-0500] {dag.py:3324} INFO - Setting next_dagrun for example_xcom_args_with_operators to None, run_after=None
[2022-10-11T20:25:58.735-0500] {processor.py:178} INFO - Processing /home/gabsiston/Documentos/projetos/airflow-data/venv/lib/python3.8/site-packages/airflow/example_dags/example_xcomargs.py took 0.079 seconds
[2022-10-11T20:26:35.374-0500] {processor.py:156} INFO - Started process (PID=8662) to work on /home/gabsiston/Documentos/projetos/airflow-data/venv/lib/python3.8/site-packages/airflow/example_dags/example_xcomargs.py
[2022-10-11T20:26:35.376-0500] {processor.py:758} INFO - Processing file /home/gabsiston/Documentos/projetos/airflow-data/venv/lib/python3.8/site-packages/airflow/example_dags/example_xcomargs.py for tasks to queue
[2022-10-11T20:26:35.376-0500] {logging_mixin.py:117} INFO - [2022-10-11T20:26:35.376-0500] {dagbag.py:525} INFO - Filling up the DagBag from /home/gabsiston/Documentos/projetos/airflow-data/venv/lib/python3.8/site-packages/airflow/example_dags/example_xcomargs.py
[2022-10-11T20:26:35.394-0500] {processor.py:768} INFO - DAG(s) dict_keys(['example_xcom_args', 'example_xcom_args_with_operators']) retrieved from /home/gabsiston/Documentos/projetos/airflow-data/venv/lib/python3.8/site-packages/airflow/example_dags/example_xcomargs.py
[2022-10-11T20:26:35.415-0500] {logging_mixin.py:117} INFO - [2022-10-11T20:26:35.415-0500] {dag.py:2573} INFO - Sync 2 DAGs
[2022-10-11T20:26:35.429-0500] {logging_mixin.py:117} INFO - [2022-10-11T20:26:35.429-0500] {dag.py:3324} INFO - Setting next_dagrun for example_xcom_args to None, run_after=None
[2022-10-11T20:26:35.431-0500] {logging_mixin.py:117} INFO - [2022-10-11T20:26:35.431-0500] {dag.py:3324} INFO - Setting next_dagrun for example_xcom_args_with_operators to None, run_after=None
[2022-10-11T20:26:35.456-0500] {processor.py:178} INFO - Processing /home/gabsiston/Documentos/projetos/airflow-data/venv/lib/python3.8/site-packages/airflow/example_dags/example_xcomargs.py took 0.083 seconds
[2022-10-11T20:27:09.301-0500] {processor.py:156} INFO - Started process (PID=9153) to work on /home/gabsiston/Documentos/projetos/airflow-data/venv/lib/python3.8/site-packages/airflow/example_dags/example_xcomargs.py
[2022-10-11T20:27:09.303-0500] {processor.py:758} INFO - Processing file /home/gabsiston/Documentos/projetos/airflow-data/venv/lib/python3.8/site-packages/airflow/example_dags/example_xcomargs.py for tasks to queue
[2022-10-11T20:27:09.303-0500] {logging_mixin.py:117} INFO - [2022-10-11T20:27:09.303-0500] {dagbag.py:525} INFO - Filling up the DagBag from /home/gabsiston/Documentos/projetos/airflow-data/venv/lib/python3.8/site-packages/airflow/example_dags/example_xcomargs.py
[2022-10-11T20:27:09.324-0500] {processor.py:768} INFO - DAG(s) dict_keys(['example_xcom_args_with_operators', 'example_xcom_args']) retrieved from /home/gabsiston/Documentos/projetos/airflow-data/venv/lib/python3.8/site-packages/airflow/example_dags/example_xcomargs.py
[2022-10-11T20:27:09.343-0500] {logging_mixin.py:117} INFO - [2022-10-11T20:27:09.343-0500] {dag.py:2573} INFO - Sync 2 DAGs
[2022-10-11T20:27:09.357-0500] {logging_mixin.py:117} INFO - [2022-10-11T20:27:09.357-0500] {dag.py:3324} INFO - Setting next_dagrun for example_xcom_args to None, run_after=None
[2022-10-11T20:27:09.359-0500] {logging_mixin.py:117} INFO - [2022-10-11T20:27:09.359-0500] {dag.py:3324} INFO - Setting next_dagrun for example_xcom_args_with_operators to None, run_after=None
[2022-10-11T20:27:09.378-0500] {processor.py:178} INFO - Processing /home/gabsiston/Documentos/projetos/airflow-data/venv/lib/python3.8/site-packages/airflow/example_dags/example_xcomargs.py took 0.079 seconds
[2022-10-11T20:27:47.700-0500] {processor.py:156} INFO - Started process (PID=9556) to work on /home/gabsiston/Documentos/projetos/airflow-data/venv/lib/python3.8/site-packages/airflow/example_dags/example_xcomargs.py
[2022-10-11T20:27:47.704-0500] {processor.py:758} INFO - Processing file /home/gabsiston/Documentos/projetos/airflow-data/venv/lib/python3.8/site-packages/airflow/example_dags/example_xcomargs.py for tasks to queue
[2022-10-11T20:27:47.706-0500] {logging_mixin.py:117} INFO - [2022-10-11T20:27:47.705-0500] {dagbag.py:525} INFO - Filling up the DagBag from /home/gabsiston/Documentos/projetos/airflow-data/venv/lib/python3.8/site-packages/airflow/example_dags/example_xcomargs.py
[2022-10-11T20:27:47.738-0500] {processor.py:768} INFO - DAG(s) dict_keys(['example_xcom_args_with_operators', 'example_xcom_args']) retrieved from /home/gabsiston/Documentos/projetos/airflow-data/venv/lib/python3.8/site-packages/airflow/example_dags/example_xcomargs.py
[2022-10-11T20:27:47.759-0500] {logging_mixin.py:117} INFO - [2022-10-11T20:27:47.758-0500] {dag.py:2573} INFO - Sync 2 DAGs
[2022-10-11T20:27:47.773-0500] {logging_mixin.py:117} INFO - [2022-10-11T20:27:47.773-0500] {dag.py:3324} INFO - Setting next_dagrun for example_xcom_args to None, run_after=None
[2022-10-11T20:27:47.775-0500] {logging_mixin.py:117} INFO - [2022-10-11T20:27:47.775-0500] {dag.py:3324} INFO - Setting next_dagrun for example_xcom_args_with_operators to None, run_after=None
[2022-10-11T20:27:47.796-0500] {processor.py:178} INFO - Processing /home/gabsiston/Documentos/projetos/airflow-data/venv/lib/python3.8/site-packages/airflow/example_dags/example_xcomargs.py took 0.104 seconds
[2022-10-11T20:28:23.304-0500] {processor.py:156} INFO - Started process (PID=9878) to work on /home/gabsiston/Documentos/projetos/airflow-data/venv/lib/python3.8/site-packages/airflow/example_dags/example_xcomargs.py
[2022-10-11T20:28:23.308-0500] {processor.py:758} INFO - Processing file /home/gabsiston/Documentos/projetos/airflow-data/venv/lib/python3.8/site-packages/airflow/example_dags/example_xcomargs.py for tasks to queue
[2022-10-11T20:28:23.309-0500] {logging_mixin.py:117} INFO - [2022-10-11T20:28:23.309-0500] {dagbag.py:525} INFO - Filling up the DagBag from /home/gabsiston/Documentos/projetos/airflow-data/venv/lib/python3.8/site-packages/airflow/example_dags/example_xcomargs.py
[2022-10-11T20:28:23.342-0500] {processor.py:768} INFO - DAG(s) dict_keys(['example_xcom_args', 'example_xcom_args_with_operators']) retrieved from /home/gabsiston/Documentos/projetos/airflow-data/venv/lib/python3.8/site-packages/airflow/example_dags/example_xcomargs.py
[2022-10-11T20:28:23.363-0500] {logging_mixin.py:117} INFO - [2022-10-11T20:28:23.362-0500] {dag.py:2573} INFO - Sync 2 DAGs
[2022-10-11T20:28:23.378-0500] {logging_mixin.py:117} INFO - [2022-10-11T20:28:23.378-0500] {dag.py:3324} INFO - Setting next_dagrun for example_xcom_args to None, run_after=None
[2022-10-11T20:28:23.380-0500] {logging_mixin.py:117} INFO - [2022-10-11T20:28:23.380-0500] {dag.py:3324} INFO - Setting next_dagrun for example_xcom_args_with_operators to None, run_after=None
[2022-10-11T20:28:23.399-0500] {processor.py:178} INFO - Processing /home/gabsiston/Documentos/projetos/airflow-data/venv/lib/python3.8/site-packages/airflow/example_dags/example_xcomargs.py took 0.102 seconds
[2022-10-11T20:28:59.510-0500] {processor.py:156} INFO - Started process (PID=10158) to work on /home/gabsiston/Documentos/projetos/airflow-data/venv/lib/python3.8/site-packages/airflow/example_dags/example_xcomargs.py
[2022-10-11T20:28:59.511-0500] {processor.py:758} INFO - Processing file /home/gabsiston/Documentos/projetos/airflow-data/venv/lib/python3.8/site-packages/airflow/example_dags/example_xcomargs.py for tasks to queue
[2022-10-11T20:28:59.512-0500] {logging_mixin.py:117} INFO - [2022-10-11T20:28:59.512-0500] {dagbag.py:525} INFO - Filling up the DagBag from /home/gabsiston/Documentos/projetos/airflow-data/venv/lib/python3.8/site-packages/airflow/example_dags/example_xcomargs.py
[2022-10-11T20:28:59.534-0500] {processor.py:768} INFO - DAG(s) dict_keys(['example_xcom_args_with_operators', 'example_xcom_args']) retrieved from /home/gabsiston/Documentos/projetos/airflow-data/venv/lib/python3.8/site-packages/airflow/example_dags/example_xcomargs.py
[2022-10-11T20:28:59.556-0500] {logging_mixin.py:117} INFO - [2022-10-11T20:28:59.556-0500] {dag.py:2573} INFO - Sync 2 DAGs
[2022-10-11T20:28:59.574-0500] {logging_mixin.py:117} INFO - [2022-10-11T20:28:59.574-0500] {dag.py:3324} INFO - Setting next_dagrun for example_xcom_args to None, run_after=None
[2022-10-11T20:28:59.576-0500] {logging_mixin.py:117} INFO - [2022-10-11T20:28:59.576-0500] {dag.py:3324} INFO - Setting next_dagrun for example_xcom_args_with_operators to None, run_after=None
[2022-10-11T20:28:59.607-0500] {processor.py:178} INFO - Processing /home/gabsiston/Documentos/projetos/airflow-data/venv/lib/python3.8/site-packages/airflow/example_dags/example_xcomargs.py took 0.099 seconds
[2022-10-11T20:29:35.716-0500] {processor.py:156} INFO - Started process (PID=10347) to work on /home/gabsiston/Documentos/projetos/airflow-data/venv/lib/python3.8/site-packages/airflow/example_dags/example_xcomargs.py
[2022-10-11T20:29:35.719-0500] {processor.py:758} INFO - Processing file /home/gabsiston/Documentos/projetos/airflow-data/venv/lib/python3.8/site-packages/airflow/example_dags/example_xcomargs.py for tasks to queue
[2022-10-11T20:29:35.721-0500] {logging_mixin.py:117} INFO - [2022-10-11T20:29:35.721-0500] {dagbag.py:525} INFO - Filling up the DagBag from /home/gabsiston/Documentos/projetos/airflow-data/venv/lib/python3.8/site-packages/airflow/example_dags/example_xcomargs.py
[2022-10-11T20:29:35.767-0500] {processor.py:768} INFO - DAG(s) dict_keys(['example_xcom_args', 'example_xcom_args_with_operators']) retrieved from /home/gabsiston/Documentos/projetos/airflow-data/venv/lib/python3.8/site-packages/airflow/example_dags/example_xcomargs.py
[2022-10-11T20:29:35.788-0500] {logging_mixin.py:117} INFO - [2022-10-11T20:29:35.788-0500] {dag.py:2573} INFO - Sync 2 DAGs
[2022-10-11T20:29:35.803-0500] {logging_mixin.py:117} INFO - [2022-10-11T20:29:35.803-0500] {dag.py:3324} INFO - Setting next_dagrun for example_xcom_args to None, run_after=None
[2022-10-11T20:29:35.805-0500] {logging_mixin.py:117} INFO - [2022-10-11T20:29:35.805-0500] {dag.py:3324} INFO - Setting next_dagrun for example_xcom_args_with_operators to None, run_after=None
[2022-10-11T20:29:35.834-0500] {processor.py:178} INFO - Processing /home/gabsiston/Documentos/projetos/airflow-data/venv/lib/python3.8/site-packages/airflow/example_dags/example_xcomargs.py took 0.121 seconds
[2022-10-11T20:30:12.703-0500] {processor.py:156} INFO - Started process (PID=10591) to work on /home/gabsiston/Documentos/projetos/airflow-data/venv/lib/python3.8/site-packages/airflow/example_dags/example_xcomargs.py
[2022-10-11T20:30:12.706-0500] {processor.py:758} INFO - Processing file /home/gabsiston/Documentos/projetos/airflow-data/venv/lib/python3.8/site-packages/airflow/example_dags/example_xcomargs.py for tasks to queue
[2022-10-11T20:30:12.706-0500] {logging_mixin.py:117} INFO - [2022-10-11T20:30:12.706-0500] {dagbag.py:525} INFO - Filling up the DagBag from /home/gabsiston/Documentos/projetos/airflow-data/venv/lib/python3.8/site-packages/airflow/example_dags/example_xcomargs.py
[2022-10-11T20:30:12.737-0500] {processor.py:768} INFO - DAG(s) dict_keys(['example_xcom_args_with_operators', 'example_xcom_args']) retrieved from /home/gabsiston/Documentos/projetos/airflow-data/venv/lib/python3.8/site-packages/airflow/example_dags/example_xcomargs.py
[2022-10-11T20:30:12.758-0500] {logging_mixin.py:117} INFO - [2022-10-11T20:30:12.758-0500] {dag.py:2573} INFO - Sync 2 DAGs
[2022-10-11T20:30:12.784-0500] {logging_mixin.py:117} INFO - [2022-10-11T20:30:12.783-0500] {dag.py:3324} INFO - Setting next_dagrun for example_xcom_args to None, run_after=None
[2022-10-11T20:30:12.786-0500] {logging_mixin.py:117} INFO - [2022-10-11T20:30:12.786-0500] {dag.py:3324} INFO - Setting next_dagrun for example_xcom_args_with_operators to None, run_after=None
[2022-10-11T20:30:12.805-0500] {processor.py:178} INFO - Processing /home/gabsiston/Documentos/projetos/airflow-data/venv/lib/python3.8/site-packages/airflow/example_dags/example_xcomargs.py took 0.105 seconds
[2022-10-11T20:30:47.300-0500] {processor.py:156} INFO - Started process (PID=10790) to work on /home/gabsiston/Documentos/projetos/airflow-data/venv/lib/python3.8/site-packages/airflow/example_dags/example_xcomargs.py
[2022-10-11T20:30:47.301-0500] {processor.py:758} INFO - Processing file /home/gabsiston/Documentos/projetos/airflow-data/venv/lib/python3.8/site-packages/airflow/example_dags/example_xcomargs.py for tasks to queue
[2022-10-11T20:30:47.301-0500] {logging_mixin.py:117} INFO - [2022-10-11T20:30:47.301-0500] {dagbag.py:525} INFO - Filling up the DagBag from /home/gabsiston/Documentos/projetos/airflow-data/venv/lib/python3.8/site-packages/airflow/example_dags/example_xcomargs.py
[2022-10-11T20:30:47.324-0500] {processor.py:768} INFO - DAG(s) dict_keys(['example_xcom_args', 'example_xcom_args_with_operators']) retrieved from /home/gabsiston/Documentos/projetos/airflow-data/venv/lib/python3.8/site-packages/airflow/example_dags/example_xcomargs.py
[2022-10-11T20:30:47.345-0500] {logging_mixin.py:117} INFO - [2022-10-11T20:30:47.344-0500] {dag.py:2573} INFO - Sync 2 DAGs
[2022-10-11T20:30:47.360-0500] {logging_mixin.py:117} INFO - [2022-10-11T20:30:47.360-0500] {dag.py:3324} INFO - Setting next_dagrun for example_xcom_args to None, run_after=None
[2022-10-11T20:30:47.362-0500] {logging_mixin.py:117} INFO - [2022-10-11T20:30:47.362-0500] {dag.py:3324} INFO - Setting next_dagrun for example_xcom_args_with_operators to None, run_after=None
[2022-10-11T20:30:47.382-0500] {processor.py:178} INFO - Processing /home/gabsiston/Documentos/projetos/airflow-data/venv/lib/python3.8/site-packages/airflow/example_dags/example_xcomargs.py took 0.084 seconds
[2022-10-11T20:31:23.144-0500] {processor.py:156} INFO - Started process (PID=11120) to work on /home/gabsiston/Documentos/projetos/airflow-data/venv/lib/python3.8/site-packages/airflow/example_dags/example_xcomargs.py
[2022-10-11T20:31:23.146-0500] {processor.py:758} INFO - Processing file /home/gabsiston/Documentos/projetos/airflow-data/venv/lib/python3.8/site-packages/airflow/example_dags/example_xcomargs.py for tasks to queue
[2022-10-11T20:31:23.147-0500] {logging_mixin.py:117} INFO - [2022-10-11T20:31:23.147-0500] {dagbag.py:525} INFO - Filling up the DagBag from /home/gabsiston/Documentos/projetos/airflow-data/venv/lib/python3.8/site-packages/airflow/example_dags/example_xcomargs.py
[2022-10-11T20:31:23.176-0500] {processor.py:768} INFO - DAG(s) dict_keys(['example_xcom_args_with_operators', 'example_xcom_args']) retrieved from /home/gabsiston/Documentos/projetos/airflow-data/venv/lib/python3.8/site-packages/airflow/example_dags/example_xcomargs.py
[2022-10-11T20:31:23.205-0500] {logging_mixin.py:117} INFO - [2022-10-11T20:31:23.205-0500] {dag.py:2573} INFO - Sync 2 DAGs
[2022-10-11T20:31:23.221-0500] {logging_mixin.py:117} INFO - [2022-10-11T20:31:23.221-0500] {dag.py:3324} INFO - Setting next_dagrun for example_xcom_args to None, run_after=None
[2022-10-11T20:31:23.223-0500] {logging_mixin.py:117} INFO - [2022-10-11T20:31:23.223-0500] {dag.py:3324} INFO - Setting next_dagrun for example_xcom_args_with_operators to None, run_after=None
[2022-10-11T20:31:23.264-0500] {processor.py:178} INFO - Processing /home/gabsiston/Documentos/projetos/airflow-data/venv/lib/python3.8/site-packages/airflow/example_dags/example_xcomargs.py took 0.122 seconds
[2022-10-11T20:32:00.162-0500] {processor.py:156} INFO - Started process (PID=11367) to work on /home/gabsiston/Documentos/projetos/airflow-data/venv/lib/python3.8/site-packages/airflow/example_dags/example_xcomargs.py
[2022-10-11T20:32:00.162-0500] {processor.py:758} INFO - Processing file /home/gabsiston/Documentos/projetos/airflow-data/venv/lib/python3.8/site-packages/airflow/example_dags/example_xcomargs.py for tasks to queue
[2022-10-11T20:32:00.163-0500] {logging_mixin.py:117} INFO - [2022-10-11T20:32:00.163-0500] {dagbag.py:525} INFO - Filling up the DagBag from /home/gabsiston/Documentos/projetos/airflow-data/venv/lib/python3.8/site-packages/airflow/example_dags/example_xcomargs.py
[2022-10-11T20:32:00.180-0500] {processor.py:768} INFO - DAG(s) dict_keys(['example_xcom_args', 'example_xcom_args_with_operators']) retrieved from /home/gabsiston/Documentos/projetos/airflow-data/venv/lib/python3.8/site-packages/airflow/example_dags/example_xcomargs.py
[2022-10-11T20:32:00.198-0500] {logging_mixin.py:117} INFO - [2022-10-11T20:32:00.198-0500] {dag.py:2573} INFO - Sync 2 DAGs
[2022-10-11T20:32:00.212-0500] {logging_mixin.py:117} INFO - [2022-10-11T20:32:00.212-0500] {dag.py:3324} INFO - Setting next_dagrun for example_xcom_args to None, run_after=None
[2022-10-11T20:32:00.214-0500] {logging_mixin.py:117} INFO - [2022-10-11T20:32:00.214-0500] {dag.py:3324} INFO - Setting next_dagrun for example_xcom_args_with_operators to None, run_after=None
[2022-10-11T20:32:00.233-0500] {processor.py:178} INFO - Processing /home/gabsiston/Documentos/projetos/airflow-data/venv/lib/python3.8/site-packages/airflow/example_dags/example_xcomargs.py took 0.074 seconds
[2022-10-11T20:32:35.682-0500] {processor.py:156} INFO - Started process (PID=11610) to work on /home/gabsiston/Documentos/projetos/airflow-data/venv/lib/python3.8/site-packages/airflow/example_dags/example_xcomargs.py
[2022-10-11T20:32:35.686-0500] {processor.py:758} INFO - Processing file /home/gabsiston/Documentos/projetos/airflow-data/venv/lib/python3.8/site-packages/airflow/example_dags/example_xcomargs.py for tasks to queue
[2022-10-11T20:32:35.687-0500] {logging_mixin.py:117} INFO - [2022-10-11T20:32:35.687-0500] {dagbag.py:525} INFO - Filling up the DagBag from /home/gabsiston/Documentos/projetos/airflow-data/venv/lib/python3.8/site-packages/airflow/example_dags/example_xcomargs.py
[2022-10-11T20:32:35.718-0500] {processor.py:768} INFO - DAG(s) dict_keys(['example_xcom_args', 'example_xcom_args_with_operators']) retrieved from /home/gabsiston/Documentos/projetos/airflow-data/venv/lib/python3.8/site-packages/airflow/example_dags/example_xcomargs.py
[2022-10-11T20:32:35.739-0500] {logging_mixin.py:117} INFO - [2022-10-11T20:32:35.739-0500] {dag.py:2573} INFO - Sync 2 DAGs
[2022-10-11T20:32:35.756-0500] {logging_mixin.py:117} INFO - [2022-10-11T20:32:35.756-0500] {dag.py:3324} INFO - Setting next_dagrun for example_xcom_args to None, run_after=None
[2022-10-11T20:32:35.758-0500] {logging_mixin.py:117} INFO - [2022-10-11T20:32:35.758-0500] {dag.py:3324} INFO - Setting next_dagrun for example_xcom_args_with_operators to None, run_after=None
[2022-10-11T20:32:35.787-0500] {processor.py:178} INFO - Processing /home/gabsiston/Documentos/projetos/airflow-data/venv/lib/python3.8/site-packages/airflow/example_dags/example_xcomargs.py took 0.113 seconds
[2022-10-11T20:33:12.663-0500] {processor.py:156} INFO - Started process (PID=12062) to work on /home/gabsiston/Documentos/projetos/airflow-data/venv/lib/python3.8/site-packages/airflow/example_dags/example_xcomargs.py
[2022-10-11T20:33:12.665-0500] {processor.py:758} INFO - Processing file /home/gabsiston/Documentos/projetos/airflow-data/venv/lib/python3.8/site-packages/airflow/example_dags/example_xcomargs.py for tasks to queue
[2022-10-11T20:33:12.665-0500] {logging_mixin.py:117} INFO - [2022-10-11T20:33:12.665-0500] {dagbag.py:525} INFO - Filling up the DagBag from /home/gabsiston/Documentos/projetos/airflow-data/venv/lib/python3.8/site-packages/airflow/example_dags/example_xcomargs.py
[2022-10-11T20:33:12.688-0500] {processor.py:768} INFO - DAG(s) dict_keys(['example_xcom_args', 'example_xcom_args_with_operators']) retrieved from /home/gabsiston/Documentos/projetos/airflow-data/venv/lib/python3.8/site-packages/airflow/example_dags/example_xcomargs.py
[2022-10-11T20:33:12.710-0500] {logging_mixin.py:117} INFO - [2022-10-11T20:33:12.710-0500] {dag.py:2573} INFO - Sync 2 DAGs
[2022-10-11T20:33:12.725-0500] {logging_mixin.py:117} INFO - [2022-10-11T20:33:12.725-0500] {dag.py:3324} INFO - Setting next_dagrun for example_xcom_args to None, run_after=None
[2022-10-11T20:33:12.727-0500] {logging_mixin.py:117} INFO - [2022-10-11T20:33:12.727-0500] {dag.py:3324} INFO - Setting next_dagrun for example_xcom_args_with_operators to None, run_after=None
[2022-10-11T20:33:12.744-0500] {processor.py:178} INFO - Processing /home/gabsiston/Documentos/projetos/airflow-data/venv/lib/python3.8/site-packages/airflow/example_dags/example_xcomargs.py took 0.084 seconds
[2022-10-11T20:33:45.362-0500] {processor.py:156} INFO - Started process (PID=12238) to work on /home/gabsiston/Documentos/projetos/airflow-data/venv/lib/python3.8/site-packages/airflow/example_dags/example_xcomargs.py
[2022-10-11T20:33:45.365-0500] {processor.py:758} INFO - Processing file /home/gabsiston/Documentos/projetos/airflow-data/venv/lib/python3.8/site-packages/airflow/example_dags/example_xcomargs.py for tasks to queue
[2022-10-11T20:33:45.367-0500] {logging_mixin.py:117} INFO - [2022-10-11T20:33:45.367-0500] {dagbag.py:525} INFO - Filling up the DagBag from /home/gabsiston/Documentos/projetos/airflow-data/venv/lib/python3.8/site-packages/airflow/example_dags/example_xcomargs.py
[2022-10-11T20:33:45.402-0500] {processor.py:768} INFO - DAG(s) dict_keys(['example_xcom_args', 'example_xcom_args_with_operators']) retrieved from /home/gabsiston/Documentos/projetos/airflow-data/venv/lib/python3.8/site-packages/airflow/example_dags/example_xcomargs.py
[2022-10-11T20:33:45.423-0500] {logging_mixin.py:117} INFO - [2022-10-11T20:33:45.423-0500] {dag.py:2573} INFO - Sync 2 DAGs
[2022-10-11T20:33:45.437-0500] {logging_mixin.py:117} INFO - [2022-10-11T20:33:45.437-0500] {dag.py:3324} INFO - Setting next_dagrun for example_xcom_args to None, run_after=None
[2022-10-11T20:33:45.439-0500] {logging_mixin.py:117} INFO - [2022-10-11T20:33:45.439-0500] {dag.py:3324} INFO - Setting next_dagrun for example_xcom_args_with_operators to None, run_after=None
[2022-10-11T20:33:45.459-0500] {processor.py:178} INFO - Processing /home/gabsiston/Documentos/projetos/airflow-data/venv/lib/python3.8/site-packages/airflow/example_dags/example_xcomargs.py took 0.106 seconds
[2022-10-11T20:34:22.414-0500] {processor.py:156} INFO - Started process (PID=12419) to work on /home/gabsiston/Documentos/projetos/airflow-data/venv/lib/python3.8/site-packages/airflow/example_dags/example_xcomargs.py
[2022-10-11T20:34:22.415-0500] {processor.py:758} INFO - Processing file /home/gabsiston/Documentos/projetos/airflow-data/venv/lib/python3.8/site-packages/airflow/example_dags/example_xcomargs.py for tasks to queue
[2022-10-11T20:34:22.416-0500] {logging_mixin.py:117} INFO - [2022-10-11T20:34:22.416-0500] {dagbag.py:525} INFO - Filling up the DagBag from /home/gabsiston/Documentos/projetos/airflow-data/venv/lib/python3.8/site-packages/airflow/example_dags/example_xcomargs.py
[2022-10-11T20:34:22.433-0500] {processor.py:768} INFO - DAG(s) dict_keys(['example_xcom_args_with_operators', 'example_xcom_args']) retrieved from /home/gabsiston/Documentos/projetos/airflow-data/venv/lib/python3.8/site-packages/airflow/example_dags/example_xcomargs.py
[2022-10-11T20:34:22.451-0500] {logging_mixin.py:117} INFO - [2022-10-11T20:34:22.451-0500] {dag.py:2573} INFO - Sync 2 DAGs
[2022-10-11T20:34:22.464-0500] {logging_mixin.py:117} INFO - [2022-10-11T20:34:22.464-0500] {dag.py:3324} INFO - Setting next_dagrun for example_xcom_args to None, run_after=None
[2022-10-11T20:34:22.466-0500] {logging_mixin.py:117} INFO - [2022-10-11T20:34:22.466-0500] {dag.py:3324} INFO - Setting next_dagrun for example_xcom_args_with_operators to None, run_after=None
[2022-10-11T20:34:22.489-0500] {processor.py:178} INFO - Processing /home/gabsiston/Documentos/projetos/airflow-data/venv/lib/python3.8/site-packages/airflow/example_dags/example_xcomargs.py took 0.077 seconds
[2022-10-11T20:34:56.966-0500] {processor.py:156} INFO - Started process (PID=12616) to work on /home/gabsiston/Documentos/projetos/airflow-data/venv/lib/python3.8/site-packages/airflow/example_dags/example_xcomargs.py
[2022-10-11T20:34:56.969-0500] {processor.py:758} INFO - Processing file /home/gabsiston/Documentos/projetos/airflow-data/venv/lib/python3.8/site-packages/airflow/example_dags/example_xcomargs.py for tasks to queue
[2022-10-11T20:34:56.970-0500] {logging_mixin.py:117} INFO - [2022-10-11T20:34:56.969-0500] {dagbag.py:525} INFO - Filling up the DagBag from /home/gabsiston/Documentos/projetos/airflow-data/venv/lib/python3.8/site-packages/airflow/example_dags/example_xcomargs.py
[2022-10-11T20:34:57.002-0500] {processor.py:768} INFO - DAG(s) dict_keys(['example_xcom_args_with_operators', 'example_xcom_args']) retrieved from /home/gabsiston/Documentos/projetos/airflow-data/venv/lib/python3.8/site-packages/airflow/example_dags/example_xcomargs.py
[2022-10-11T20:34:57.023-0500] {logging_mixin.py:117} INFO - [2022-10-11T20:34:57.023-0500] {dag.py:2573} INFO - Sync 2 DAGs
[2022-10-11T20:34:57.039-0500] {logging_mixin.py:117} INFO - [2022-10-11T20:34:57.039-0500] {dag.py:3324} INFO - Setting next_dagrun for example_xcom_args to None, run_after=None
[2022-10-11T20:34:57.042-0500] {logging_mixin.py:117} INFO - [2022-10-11T20:34:57.042-0500] {dag.py:3324} INFO - Setting next_dagrun for example_xcom_args_with_operators to None, run_after=None
[2022-10-11T20:34:57.061-0500] {processor.py:178} INFO - Processing /home/gabsiston/Documentos/projetos/airflow-data/venv/lib/python3.8/site-packages/airflow/example_dags/example_xcomargs.py took 0.099 seconds
[2022-10-11T20:35:32.017-0500] {processor.py:156} INFO - Started process (PID=12856) to work on /home/gabsiston/Documentos/projetos/airflow-data/venv/lib/python3.8/site-packages/airflow/example_dags/example_xcomargs.py
[2022-10-11T20:35:32.019-0500] {processor.py:758} INFO - Processing file /home/gabsiston/Documentos/projetos/airflow-data/venv/lib/python3.8/site-packages/airflow/example_dags/example_xcomargs.py for tasks to queue
[2022-10-11T20:35:32.020-0500] {logging_mixin.py:117} INFO - [2022-10-11T20:35:32.020-0500] {dagbag.py:525} INFO - Filling up the DagBag from /home/gabsiston/Documentos/projetos/airflow-data/venv/lib/python3.8/site-packages/airflow/example_dags/example_xcomargs.py
[2022-10-11T20:35:32.045-0500] {processor.py:768} INFO - DAG(s) dict_keys(['example_xcom_args_with_operators', 'example_xcom_args']) retrieved from /home/gabsiston/Documentos/projetos/airflow-data/venv/lib/python3.8/site-packages/airflow/example_dags/example_xcomargs.py
[2022-10-11T20:35:32.065-0500] {logging_mixin.py:117} INFO - [2022-10-11T20:35:32.065-0500] {dag.py:2573} INFO - Sync 2 DAGs
[2022-10-11T20:35:32.080-0500] {logging_mixin.py:117} INFO - [2022-10-11T20:35:32.080-0500] {dag.py:3324} INFO - Setting next_dagrun for example_xcom_args to None, run_after=None
[2022-10-11T20:35:32.084-0500] {logging_mixin.py:117} INFO - [2022-10-11T20:35:32.084-0500] {dag.py:3324} INFO - Setting next_dagrun for example_xcom_args_with_operators to None, run_after=None
[2022-10-11T20:35:32.110-0500] {processor.py:178} INFO - Processing /home/gabsiston/Documentos/projetos/airflow-data/venv/lib/python3.8/site-packages/airflow/example_dags/example_xcomargs.py took 0.096 seconds
[2022-10-11T20:36:08.908-0500] {processor.py:156} INFO - Started process (PID=13045) to work on /home/gabsiston/Documentos/projetos/airflow-data/venv/lib/python3.8/site-packages/airflow/example_dags/example_xcomargs.py
[2022-10-11T20:36:08.912-0500] {processor.py:758} INFO - Processing file /home/gabsiston/Documentos/projetos/airflow-data/venv/lib/python3.8/site-packages/airflow/example_dags/example_xcomargs.py for tasks to queue
[2022-10-11T20:36:08.914-0500] {logging_mixin.py:117} INFO - [2022-10-11T20:36:08.914-0500] {dagbag.py:525} INFO - Filling up the DagBag from /home/gabsiston/Documentos/projetos/airflow-data/venv/lib/python3.8/site-packages/airflow/example_dags/example_xcomargs.py
[2022-10-11T20:36:08.947-0500] {processor.py:768} INFO - DAG(s) dict_keys(['example_xcom_args_with_operators', 'example_xcom_args']) retrieved from /home/gabsiston/Documentos/projetos/airflow-data/venv/lib/python3.8/site-packages/airflow/example_dags/example_xcomargs.py
[2022-10-11T20:36:08.974-0500] {logging_mixin.py:117} INFO - [2022-10-11T20:36:08.974-0500] {dag.py:2573} INFO - Sync 2 DAGs
[2022-10-11T20:36:08.991-0500] {logging_mixin.py:117} INFO - [2022-10-11T20:36:08.991-0500] {dag.py:3324} INFO - Setting next_dagrun for example_xcom_args to None, run_after=None
[2022-10-11T20:36:08.993-0500] {logging_mixin.py:117} INFO - [2022-10-11T20:36:08.993-0500] {dag.py:3324} INFO - Setting next_dagrun for example_xcom_args_with_operators to None, run_after=None
[2022-10-11T20:36:09.014-0500] {processor.py:178} INFO - Processing /home/gabsiston/Documentos/projetos/airflow-data/venv/lib/python3.8/site-packages/airflow/example_dags/example_xcomargs.py took 0.115 seconds
[2022-10-11T20:36:43.710-0500] {processor.py:156} INFO - Started process (PID=13449) to work on /home/gabsiston/Documentos/projetos/airflow-data/venv/lib/python3.8/site-packages/airflow/example_dags/example_xcomargs.py
[2022-10-11T20:36:43.713-0500] {processor.py:758} INFO - Processing file /home/gabsiston/Documentos/projetos/airflow-data/venv/lib/python3.8/site-packages/airflow/example_dags/example_xcomargs.py for tasks to queue
[2022-10-11T20:36:43.714-0500] {logging_mixin.py:117} INFO - [2022-10-11T20:36:43.714-0500] {dagbag.py:525} INFO - Filling up the DagBag from /home/gabsiston/Documentos/projetos/airflow-data/venv/lib/python3.8/site-packages/airflow/example_dags/example_xcomargs.py
[2022-10-11T20:36:43.742-0500] {processor.py:768} INFO - DAG(s) dict_keys(['example_xcom_args', 'example_xcom_args_with_operators']) retrieved from /home/gabsiston/Documentos/projetos/airflow-data/venv/lib/python3.8/site-packages/airflow/example_dags/example_xcomargs.py
[2022-10-11T20:36:43.766-0500] {logging_mixin.py:117} INFO - [2022-10-11T20:36:43.766-0500] {dag.py:2573} INFO - Sync 2 DAGs
[2022-10-11T20:36:43.786-0500] {logging_mixin.py:117} INFO - [2022-10-11T20:36:43.786-0500] {dag.py:3324} INFO - Setting next_dagrun for example_xcom_args to None, run_after=None
[2022-10-11T20:36:43.789-0500] {logging_mixin.py:117} INFO - [2022-10-11T20:36:43.789-0500] {dag.py:3324} INFO - Setting next_dagrun for example_xcom_args_with_operators to None, run_after=None
[2022-10-11T20:36:43.811-0500] {processor.py:178} INFO - Processing /home/gabsiston/Documentos/projetos/airflow-data/venv/lib/python3.8/site-packages/airflow/example_dags/example_xcomargs.py took 0.105 seconds
