[2022-10-11T20:25:45.505-0500] {processor.py:156} INFO - Started process (PID=8008) to work on /home/gabsiston/Documentos/projetos/airflow-data/venv/lib/python3.8/site-packages/airflow/example_dags/example_short_circuit_operator.py
[2022-10-11T20:25:45.506-0500] {processor.py:758} INFO - Processing file /home/gabsiston/Documentos/projetos/airflow-data/venv/lib/python3.8/site-packages/airflow/example_dags/example_short_circuit_operator.py for tasks to queue
[2022-10-11T20:25:45.507-0500] {logging_mixin.py:117} INFO - [2022-10-11T20:25:45.506-0500] {dagbag.py:525} INFO - Filling up the DagBag from /home/gabsiston/Documentos/projetos/airflow-data/venv/lib/python3.8/site-packages/airflow/example_dags/example_short_circuit_operator.py
[2022-10-11T20:25:45.530-0500] {processor.py:768} INFO - DAG(s) dict_keys(['example_short_circuit_operator']) retrieved from /home/gabsiston/Documentos/projetos/airflow-data/venv/lib/python3.8/site-packages/airflow/example_dags/example_short_circuit_operator.py
[2022-10-11T20:25:45.683-0500] {logging_mixin.py:117} INFO - [2022-10-11T20:25:45.683-0500] {manager.py:507} INFO - Created Permission View: can read on DAG:example_short_circuit_operator
[2022-10-11T20:25:45.700-0500] {logging_mixin.py:117} INFO - [2022-10-11T20:25:45.699-0500] {manager.py:507} INFO - Created Permission View: can edit on DAG:example_short_circuit_operator
[2022-10-11T20:25:45.714-0500] {logging_mixin.py:117} INFO - [2022-10-11T20:25:45.714-0500] {manager.py:507} INFO - Created Permission View: can delete on DAG:example_short_circuit_operator
[2022-10-11T20:25:45.714-0500] {logging_mixin.py:117} INFO - [2022-10-11T20:25:45.714-0500] {dag.py:2573} INFO - Sync 1 DAGs
[2022-10-11T20:25:45.730-0500] {logging_mixin.py:117} INFO - [2022-10-11T20:25:45.730-0500] {dag.py:2594} INFO - Creating ORM DAG for example_short_circuit_operator
[2022-10-11T20:25:45.742-0500] {logging_mixin.py:117} INFO - [2022-10-11T20:25:45.742-0500] {dag.py:3324} INFO - Setting next_dagrun for example_short_circuit_operator to 2022-10-11T01:25:45.742408+00:00, run_after=2022-10-12T01:25:45.742408+00:00
[2022-10-11T20:25:45.773-0500] {processor.py:178} INFO - Processing /home/gabsiston/Documentos/projetos/airflow-data/venv/lib/python3.8/site-packages/airflow/example_dags/example_short_circuit_operator.py took 0.271 seconds
[2022-10-11T20:26:23.108-0500] {processor.py:156} INFO - Started process (PID=8448) to work on /home/gabsiston/Documentos/projetos/airflow-data/venv/lib/python3.8/site-packages/airflow/example_dags/example_short_circuit_operator.py
[2022-10-11T20:26:23.110-0500] {processor.py:758} INFO - Processing file /home/gabsiston/Documentos/projetos/airflow-data/venv/lib/python3.8/site-packages/airflow/example_dags/example_short_circuit_operator.py for tasks to queue
[2022-10-11T20:26:23.110-0500] {logging_mixin.py:117} INFO - [2022-10-11T20:26:23.110-0500] {dagbag.py:525} INFO - Filling up the DagBag from /home/gabsiston/Documentos/projetos/airflow-data/venv/lib/python3.8/site-packages/airflow/example_dags/example_short_circuit_operator.py
[2022-10-11T20:26:23.122-0500] {processor.py:768} INFO - DAG(s) dict_keys(['example_short_circuit_operator']) retrieved from /home/gabsiston/Documentos/projetos/airflow-data/venv/lib/python3.8/site-packages/airflow/example_dags/example_short_circuit_operator.py
[2022-10-11T20:26:23.139-0500] {logging_mixin.py:117} INFO - [2022-10-11T20:26:23.139-0500] {dag.py:2573} INFO - Sync 1 DAGs
[2022-10-11T20:26:23.153-0500] {logging_mixin.py:117} INFO - [2022-10-11T20:26:23.153-0500] {dag.py:3324} INFO - Setting next_dagrun for example_short_circuit_operator to 2022-10-11T01:26:23.153331+00:00, run_after=2022-10-12T01:26:23.153331+00:00
[2022-10-11T20:26:23.172-0500] {processor.py:178} INFO - Processing /home/gabsiston/Documentos/projetos/airflow-data/venv/lib/python3.8/site-packages/airflow/example_dags/example_short_circuit_operator.py took 0.066 seconds
[2022-10-11T20:26:57.234-0500] {processor.py:156} INFO - Started process (PID=8956) to work on /home/gabsiston/Documentos/projetos/airflow-data/venv/lib/python3.8/site-packages/airflow/example_dags/example_short_circuit_operator.py
[2022-10-11T20:26:57.236-0500] {processor.py:758} INFO - Processing file /home/gabsiston/Documentos/projetos/airflow-data/venv/lib/python3.8/site-packages/airflow/example_dags/example_short_circuit_operator.py for tasks to queue
[2022-10-11T20:26:57.236-0500] {logging_mixin.py:117} INFO - [2022-10-11T20:26:57.236-0500] {dagbag.py:525} INFO - Filling up the DagBag from /home/gabsiston/Documentos/projetos/airflow-data/venv/lib/python3.8/site-packages/airflow/example_dags/example_short_circuit_operator.py
[2022-10-11T20:26:57.251-0500] {processor.py:768} INFO - DAG(s) dict_keys(['example_short_circuit_operator']) retrieved from /home/gabsiston/Documentos/projetos/airflow-data/venv/lib/python3.8/site-packages/airflow/example_dags/example_short_circuit_operator.py
[2022-10-11T20:26:57.274-0500] {logging_mixin.py:117} INFO - [2022-10-11T20:26:57.274-0500] {dag.py:2573} INFO - Sync 1 DAGs
[2022-10-11T20:26:57.294-0500] {logging_mixin.py:117} INFO - [2022-10-11T20:26:57.294-0500] {dag.py:3324} INFO - Setting next_dagrun for example_short_circuit_operator to 2022-10-11T01:26:57.293997+00:00, run_after=2022-10-12T01:26:57.293997+00:00
[2022-10-11T20:26:57.318-0500] {processor.py:178} INFO - Processing /home/gabsiston/Documentos/projetos/airflow-data/venv/lib/python3.8/site-packages/airflow/example_dags/example_short_circuit_operator.py took 0.086 seconds
[2022-10-11T20:27:37.217-0500] {processor.py:156} INFO - Started process (PID=9493) to work on /home/gabsiston/Documentos/projetos/airflow-data/venv/lib/python3.8/site-packages/airflow/example_dags/example_short_circuit_operator.py
[2022-10-11T20:27:37.219-0500] {processor.py:758} INFO - Processing file /home/gabsiston/Documentos/projetos/airflow-data/venv/lib/python3.8/site-packages/airflow/example_dags/example_short_circuit_operator.py for tasks to queue
[2022-10-11T20:27:37.220-0500] {logging_mixin.py:117} INFO - [2022-10-11T20:27:37.220-0500] {dagbag.py:525} INFO - Filling up the DagBag from /home/gabsiston/Documentos/projetos/airflow-data/venv/lib/python3.8/site-packages/airflow/example_dags/example_short_circuit_operator.py
[2022-10-11T20:27:37.237-0500] {processor.py:768} INFO - DAG(s) dict_keys(['example_short_circuit_operator']) retrieved from /home/gabsiston/Documentos/projetos/airflow-data/venv/lib/python3.8/site-packages/airflow/example_dags/example_short_circuit_operator.py
[2022-10-11T20:27:37.257-0500] {logging_mixin.py:117} INFO - [2022-10-11T20:27:37.257-0500] {dag.py:2573} INFO - Sync 1 DAGs
[2022-10-11T20:27:37.272-0500] {logging_mixin.py:117} INFO - [2022-10-11T20:27:37.272-0500] {dag.py:3324} INFO - Setting next_dagrun for example_short_circuit_operator to 2022-10-11T01:27:37.271871+00:00, run_after=2022-10-12T01:27:37.271871+00:00
[2022-10-11T20:27:37.296-0500] {processor.py:178} INFO - Processing /home/gabsiston/Documentos/projetos/airflow-data/venv/lib/python3.8/site-packages/airflow/example_dags/example_short_circuit_operator.py took 0.083 seconds
[2022-10-11T20:28:12.795-0500] {processor.py:156} INFO - Started process (PID=9795) to work on /home/gabsiston/Documentos/projetos/airflow-data/venv/lib/python3.8/site-packages/airflow/example_dags/example_short_circuit_operator.py
[2022-10-11T20:28:12.797-0500] {processor.py:758} INFO - Processing file /home/gabsiston/Documentos/projetos/airflow-data/venv/lib/python3.8/site-packages/airflow/example_dags/example_short_circuit_operator.py for tasks to queue
[2022-10-11T20:28:12.798-0500] {logging_mixin.py:117} INFO - [2022-10-11T20:28:12.798-0500] {dagbag.py:525} INFO - Filling up the DagBag from /home/gabsiston/Documentos/projetos/airflow-data/venv/lib/python3.8/site-packages/airflow/example_dags/example_short_circuit_operator.py
[2022-10-11T20:28:12.815-0500] {processor.py:768} INFO - DAG(s) dict_keys(['example_short_circuit_operator']) retrieved from /home/gabsiston/Documentos/projetos/airflow-data/venv/lib/python3.8/site-packages/airflow/example_dags/example_short_circuit_operator.py
[2022-10-11T20:28:12.836-0500] {logging_mixin.py:117} INFO - [2022-10-11T20:28:12.836-0500] {dag.py:2573} INFO - Sync 1 DAGs
[2022-10-11T20:28:12.852-0500] {logging_mixin.py:117} INFO - [2022-10-11T20:28:12.852-0500] {dag.py:3324} INFO - Setting next_dagrun for example_short_circuit_operator to 2022-10-11T01:28:12.852638+00:00, run_after=2022-10-12T01:28:12.852638+00:00
[2022-10-11T20:28:12.889-0500] {processor.py:178} INFO - Processing /home/gabsiston/Documentos/projetos/airflow-data/venv/lib/python3.8/site-packages/airflow/example_dags/example_short_circuit_operator.py took 0.097 seconds
[2022-10-11T20:28:49.858-0500] {processor.py:156} INFO - Started process (PID=10070) to work on /home/gabsiston/Documentos/projetos/airflow-data/venv/lib/python3.8/site-packages/airflow/example_dags/example_short_circuit_operator.py
[2022-10-11T20:28:49.859-0500] {processor.py:758} INFO - Processing file /home/gabsiston/Documentos/projetos/airflow-data/venv/lib/python3.8/site-packages/airflow/example_dags/example_short_circuit_operator.py for tasks to queue
[2022-10-11T20:28:49.860-0500] {logging_mixin.py:117} INFO - [2022-10-11T20:28:49.860-0500] {dagbag.py:525} INFO - Filling up the DagBag from /home/gabsiston/Documentos/projetos/airflow-data/venv/lib/python3.8/site-packages/airflow/example_dags/example_short_circuit_operator.py
[2022-10-11T20:28:49.874-0500] {processor.py:768} INFO - DAG(s) dict_keys(['example_short_circuit_operator']) retrieved from /home/gabsiston/Documentos/projetos/airflow-data/venv/lib/python3.8/site-packages/airflow/example_dags/example_short_circuit_operator.py
[2022-10-11T20:28:49.895-0500] {logging_mixin.py:117} INFO - [2022-10-11T20:28:49.895-0500] {dag.py:2573} INFO - Sync 1 DAGs
[2022-10-11T20:28:49.911-0500] {logging_mixin.py:117} INFO - [2022-10-11T20:28:49.911-0500] {dag.py:3324} INFO - Setting next_dagrun for example_short_circuit_operator to 2022-10-11T01:28:49.911214+00:00, run_after=2022-10-12T01:28:49.911214+00:00
[2022-10-11T20:28:49.934-0500] {processor.py:178} INFO - Processing /home/gabsiston/Documentos/projetos/airflow-data/venv/lib/python3.8/site-packages/airflow/example_dags/example_short_circuit_operator.py took 0.078 seconds
[2022-10-11T20:29:26.884-0500] {processor.py:156} INFO - Started process (PID=10302) to work on /home/gabsiston/Documentos/projetos/airflow-data/venv/lib/python3.8/site-packages/airflow/example_dags/example_short_circuit_operator.py
[2022-10-11T20:29:26.885-0500] {processor.py:758} INFO - Processing file /home/gabsiston/Documentos/projetos/airflow-data/venv/lib/python3.8/site-packages/airflow/example_dags/example_short_circuit_operator.py for tasks to queue
[2022-10-11T20:29:26.886-0500] {logging_mixin.py:117} INFO - [2022-10-11T20:29:26.886-0500] {dagbag.py:525} INFO - Filling up the DagBag from /home/gabsiston/Documentos/projetos/airflow-data/venv/lib/python3.8/site-packages/airflow/example_dags/example_short_circuit_operator.py
[2022-10-11T20:29:26.909-0500] {processor.py:768} INFO - DAG(s) dict_keys(['example_short_circuit_operator']) retrieved from /home/gabsiston/Documentos/projetos/airflow-data/venv/lib/python3.8/site-packages/airflow/example_dags/example_short_circuit_operator.py
[2022-10-11T20:29:26.932-0500] {logging_mixin.py:117} INFO - [2022-10-11T20:29:26.932-0500] {dag.py:2573} INFO - Sync 1 DAGs
[2022-10-11T20:29:26.949-0500] {logging_mixin.py:117} INFO - [2022-10-11T20:29:26.949-0500] {dag.py:3324} INFO - Setting next_dagrun for example_short_circuit_operator to 2022-10-11T01:29:26.949016+00:00, run_after=2022-10-12T01:29:26.949016+00:00
[2022-10-11T20:29:26.970-0500] {processor.py:178} INFO - Processing /home/gabsiston/Documentos/projetos/airflow-data/venv/lib/python3.8/site-packages/airflow/example_dags/example_short_circuit_operator.py took 0.089 seconds
[2022-10-11T20:30:10.730-0500] {processor.py:156} INFO - Started process (PID=10580) to work on /home/gabsiston/Documentos/projetos/airflow-data/venv/lib/python3.8/site-packages/airflow/example_dags/example_short_circuit_operator.py
[2022-10-11T20:30:10.732-0500] {processor.py:758} INFO - Processing file /home/gabsiston/Documentos/projetos/airflow-data/venv/lib/python3.8/site-packages/airflow/example_dags/example_short_circuit_operator.py for tasks to queue
[2022-10-11T20:30:10.732-0500] {logging_mixin.py:117} INFO - [2022-10-11T20:30:10.732-0500] {dagbag.py:525} INFO - Filling up the DagBag from /home/gabsiston/Documentos/projetos/airflow-data/venv/lib/python3.8/site-packages/airflow/example_dags/example_short_circuit_operator.py
[2022-10-11T20:30:10.749-0500] {processor.py:768} INFO - DAG(s) dict_keys(['example_short_circuit_operator']) retrieved from /home/gabsiston/Documentos/projetos/airflow-data/venv/lib/python3.8/site-packages/airflow/example_dags/example_short_circuit_operator.py
[2022-10-11T20:30:10.769-0500] {logging_mixin.py:117} INFO - [2022-10-11T20:30:10.769-0500] {dag.py:2573} INFO - Sync 1 DAGs
[2022-10-11T20:30:10.785-0500] {logging_mixin.py:117} INFO - [2022-10-11T20:30:10.785-0500] {dag.py:3324} INFO - Setting next_dagrun for example_short_circuit_operator to 2022-10-11T01:30:10.785056+00:00, run_after=2022-10-12T01:30:10.785056+00:00
[2022-10-11T20:30:10.814-0500] {processor.py:178} INFO - Processing /home/gabsiston/Documentos/projetos/airflow-data/venv/lib/python3.8/site-packages/airflow/example_dags/example_short_circuit_operator.py took 0.087 seconds
[2022-10-11T20:30:50.073-0500] {processor.py:156} INFO - Started process (PID=10814) to work on /home/gabsiston/Documentos/projetos/airflow-data/venv/lib/python3.8/site-packages/airflow/example_dags/example_short_circuit_operator.py
[2022-10-11T20:30:50.077-0500] {processor.py:758} INFO - Processing file /home/gabsiston/Documentos/projetos/airflow-data/venv/lib/python3.8/site-packages/airflow/example_dags/example_short_circuit_operator.py for tasks to queue
[2022-10-11T20:30:50.079-0500] {logging_mixin.py:117} INFO - [2022-10-11T20:30:50.079-0500] {dagbag.py:525} INFO - Filling up the DagBag from /home/gabsiston/Documentos/projetos/airflow-data/venv/lib/python3.8/site-packages/airflow/example_dags/example_short_circuit_operator.py
[2022-10-11T20:30:50.102-0500] {processor.py:768} INFO - DAG(s) dict_keys(['example_short_circuit_operator']) retrieved from /home/gabsiston/Documentos/projetos/airflow-data/venv/lib/python3.8/site-packages/airflow/example_dags/example_short_circuit_operator.py
[2022-10-11T20:30:50.122-0500] {logging_mixin.py:117} INFO - [2022-10-11T20:30:50.122-0500] {dag.py:2573} INFO - Sync 1 DAGs
[2022-10-11T20:30:50.138-0500] {logging_mixin.py:117} INFO - [2022-10-11T20:30:50.137-0500] {dag.py:3324} INFO - Setting next_dagrun for example_short_circuit_operator to 2022-10-11T01:30:50.137804+00:00, run_after=2022-10-12T01:30:50.137804+00:00
[2022-10-11T20:30:50.158-0500] {processor.py:178} INFO - Processing /home/gabsiston/Documentos/projetos/airflow-data/venv/lib/python3.8/site-packages/airflow/example_dags/example_short_circuit_operator.py took 0.093 seconds
[2022-10-11T20:31:26.464-0500] {processor.py:156} INFO - Started process (PID=11136) to work on /home/gabsiston/Documentos/projetos/airflow-data/venv/lib/python3.8/site-packages/airflow/example_dags/example_short_circuit_operator.py
[2022-10-11T20:31:26.466-0500] {processor.py:758} INFO - Processing file /home/gabsiston/Documentos/projetos/airflow-data/venv/lib/python3.8/site-packages/airflow/example_dags/example_short_circuit_operator.py for tasks to queue
[2022-10-11T20:31:26.468-0500] {logging_mixin.py:117} INFO - [2022-10-11T20:31:26.467-0500] {dagbag.py:525} INFO - Filling up the DagBag from /home/gabsiston/Documentos/projetos/airflow-data/venv/lib/python3.8/site-packages/airflow/example_dags/example_short_circuit_operator.py
[2022-10-11T20:31:26.494-0500] {processor.py:768} INFO - DAG(s) dict_keys(['example_short_circuit_operator']) retrieved from /home/gabsiston/Documentos/projetos/airflow-data/venv/lib/python3.8/site-packages/airflow/example_dags/example_short_circuit_operator.py
[2022-10-11T20:31:26.522-0500] {logging_mixin.py:117} INFO - [2022-10-11T20:31:26.522-0500] {dag.py:2573} INFO - Sync 1 DAGs
[2022-10-11T20:31:26.546-0500] {logging_mixin.py:117} INFO - [2022-10-11T20:31:26.546-0500] {dag.py:3324} INFO - Setting next_dagrun for example_short_circuit_operator to 2022-10-11T01:31:26.546348+00:00, run_after=2022-10-12T01:31:26.546348+00:00
[2022-10-11T20:31:26.574-0500] {processor.py:178} INFO - Processing /home/gabsiston/Documentos/projetos/airflow-data/venv/lib/python3.8/site-packages/airflow/example_dags/example_short_circuit_operator.py took 0.116 seconds
[2022-10-11T20:32:03.892-0500] {processor.py:156} INFO - Started process (PID=11386) to work on /home/gabsiston/Documentos/projetos/airflow-data/venv/lib/python3.8/site-packages/airflow/example_dags/example_short_circuit_operator.py
[2022-10-11T20:32:03.896-0500] {processor.py:758} INFO - Processing file /home/gabsiston/Documentos/projetos/airflow-data/venv/lib/python3.8/site-packages/airflow/example_dags/example_short_circuit_operator.py for tasks to queue
[2022-10-11T20:32:03.898-0500] {logging_mixin.py:117} INFO - [2022-10-11T20:32:03.897-0500] {dagbag.py:525} INFO - Filling up the DagBag from /home/gabsiston/Documentos/projetos/airflow-data/venv/lib/python3.8/site-packages/airflow/example_dags/example_short_circuit_operator.py
[2022-10-11T20:32:03.922-0500] {processor.py:768} INFO - DAG(s) dict_keys(['example_short_circuit_operator']) retrieved from /home/gabsiston/Documentos/projetos/airflow-data/venv/lib/python3.8/site-packages/airflow/example_dags/example_short_circuit_operator.py
[2022-10-11T20:32:03.942-0500] {logging_mixin.py:117} INFO - [2022-10-11T20:32:03.942-0500] {dag.py:2573} INFO - Sync 1 DAGs
[2022-10-11T20:32:03.957-0500] {logging_mixin.py:117} INFO - [2022-10-11T20:32:03.957-0500] {dag.py:3324} INFO - Setting next_dagrun for example_short_circuit_operator to 2022-10-11T01:32:03.957455+00:00, run_after=2022-10-12T01:32:03.957455+00:00
[2022-10-11T20:32:03.987-0500] {processor.py:178} INFO - Processing /home/gabsiston/Documentos/projetos/airflow-data/venv/lib/python3.8/site-packages/airflow/example_dags/example_short_circuit_operator.py took 0.103 seconds
[2022-10-11T20:32:40.496-0500] {processor.py:156} INFO - Started process (PID=11689) to work on /home/gabsiston/Documentos/projetos/airflow-data/venv/lib/python3.8/site-packages/airflow/example_dags/example_short_circuit_operator.py
[2022-10-11T20:32:40.498-0500] {processor.py:758} INFO - Processing file /home/gabsiston/Documentos/projetos/airflow-data/venv/lib/python3.8/site-packages/airflow/example_dags/example_short_circuit_operator.py for tasks to queue
[2022-10-11T20:32:40.498-0500] {logging_mixin.py:117} INFO - [2022-10-11T20:32:40.498-0500] {dagbag.py:525} INFO - Filling up the DagBag from /home/gabsiston/Documentos/projetos/airflow-data/venv/lib/python3.8/site-packages/airflow/example_dags/example_short_circuit_operator.py
[2022-10-11T20:32:40.509-0500] {processor.py:768} INFO - DAG(s) dict_keys(['example_short_circuit_operator']) retrieved from /home/gabsiston/Documentos/projetos/airflow-data/venv/lib/python3.8/site-packages/airflow/example_dags/example_short_circuit_operator.py
[2022-10-11T20:32:40.528-0500] {logging_mixin.py:117} INFO - [2022-10-11T20:32:40.528-0500] {dag.py:2573} INFO - Sync 1 DAGs
[2022-10-11T20:32:40.542-0500] {logging_mixin.py:117} INFO - [2022-10-11T20:32:40.542-0500] {dag.py:3324} INFO - Setting next_dagrun for example_short_circuit_operator to 2022-10-11T01:32:40.542163+00:00, run_after=2022-10-12T01:32:40.542163+00:00
[2022-10-11T20:32:40.562-0500] {processor.py:178} INFO - Processing /home/gabsiston/Documentos/projetos/airflow-data/venv/lib/python3.8/site-packages/airflow/example_dags/example_short_circuit_operator.py took 0.069 seconds
[2022-10-11T20:33:16.928-0500] {processor.py:156} INFO - Started process (PID=12089) to work on /home/gabsiston/Documentos/projetos/airflow-data/venv/lib/python3.8/site-packages/airflow/example_dags/example_short_circuit_operator.py
[2022-10-11T20:33:16.930-0500] {processor.py:758} INFO - Processing file /home/gabsiston/Documentos/projetos/airflow-data/venv/lib/python3.8/site-packages/airflow/example_dags/example_short_circuit_operator.py for tasks to queue
[2022-10-11T20:33:16.931-0500] {logging_mixin.py:117} INFO - [2022-10-11T20:33:16.931-0500] {dagbag.py:525} INFO - Filling up the DagBag from /home/gabsiston/Documentos/projetos/airflow-data/venv/lib/python3.8/site-packages/airflow/example_dags/example_short_circuit_operator.py
[2022-10-11T20:33:16.947-0500] {processor.py:768} INFO - DAG(s) dict_keys(['example_short_circuit_operator']) retrieved from /home/gabsiston/Documentos/projetos/airflow-data/venv/lib/python3.8/site-packages/airflow/example_dags/example_short_circuit_operator.py
[2022-10-11T20:33:16.967-0500] {logging_mixin.py:117} INFO - [2022-10-11T20:33:16.967-0500] {dag.py:2573} INFO - Sync 1 DAGs
[2022-10-11T20:33:16.985-0500] {logging_mixin.py:117} INFO - [2022-10-11T20:33:16.984-0500] {dag.py:3324} INFO - Setting next_dagrun for example_short_circuit_operator to 2022-10-11T01:33:16.984689+00:00, run_after=2022-10-12T01:33:16.984689+00:00
[2022-10-11T20:33:17.012-0500] {processor.py:178} INFO - Processing /home/gabsiston/Documentos/projetos/airflow-data/venv/lib/python3.8/site-packages/airflow/example_dags/example_short_circuit_operator.py took 0.089 seconds
[2022-10-11T20:33:56.941-0500] {processor.py:156} INFO - Started process (PID=12297) to work on /home/gabsiston/Documentos/projetos/airflow-data/venv/lib/python3.8/site-packages/airflow/example_dags/example_short_circuit_operator.py
[2022-10-11T20:33:56.941-0500] {processor.py:758} INFO - Processing file /home/gabsiston/Documentos/projetos/airflow-data/venv/lib/python3.8/site-packages/airflow/example_dags/example_short_circuit_operator.py for tasks to queue
[2022-10-11T20:33:56.942-0500] {logging_mixin.py:117} INFO - [2022-10-11T20:33:56.942-0500] {dagbag.py:525} INFO - Filling up the DagBag from /home/gabsiston/Documentos/projetos/airflow-data/venv/lib/python3.8/site-packages/airflow/example_dags/example_short_circuit_operator.py
[2022-10-11T20:33:56.954-0500] {processor.py:768} INFO - DAG(s) dict_keys(['example_short_circuit_operator']) retrieved from /home/gabsiston/Documentos/projetos/airflow-data/venv/lib/python3.8/site-packages/airflow/example_dags/example_short_circuit_operator.py
[2022-10-11T20:33:56.972-0500] {logging_mixin.py:117} INFO - [2022-10-11T20:33:56.972-0500] {dag.py:2573} INFO - Sync 1 DAGs
[2022-10-11T20:33:56.986-0500] {logging_mixin.py:117} INFO - [2022-10-11T20:33:56.986-0500] {dag.py:3324} INFO - Setting next_dagrun for example_short_circuit_operator to 2022-10-11T01:33:56.986433+00:00, run_after=2022-10-12T01:33:56.986433+00:00
[2022-10-11T20:33:57.006-0500] {processor.py:178} INFO - Processing /home/gabsiston/Documentos/projetos/airflow-data/venv/lib/python3.8/site-packages/airflow/example_dags/example_short_circuit_operator.py took 0.068 seconds
[2022-10-11T20:34:39.774-0500] {processor.py:156} INFO - Started process (PID=12518) to work on /home/gabsiston/Documentos/projetos/airflow-data/venv/lib/python3.8/site-packages/airflow/example_dags/example_short_circuit_operator.py
[2022-10-11T20:34:39.777-0500] {processor.py:758} INFO - Processing file /home/gabsiston/Documentos/projetos/airflow-data/venv/lib/python3.8/site-packages/airflow/example_dags/example_short_circuit_operator.py for tasks to queue
[2022-10-11T20:34:39.778-0500] {logging_mixin.py:117} INFO - [2022-10-11T20:34:39.778-0500] {dagbag.py:525} INFO - Filling up the DagBag from /home/gabsiston/Documentos/projetos/airflow-data/venv/lib/python3.8/site-packages/airflow/example_dags/example_short_circuit_operator.py
[2022-10-11T20:34:39.801-0500] {processor.py:768} INFO - DAG(s) dict_keys(['example_short_circuit_operator']) retrieved from /home/gabsiston/Documentos/projetos/airflow-data/venv/lib/python3.8/site-packages/airflow/example_dags/example_short_circuit_operator.py
[2022-10-11T20:34:39.822-0500] {logging_mixin.py:117} INFO - [2022-10-11T20:34:39.822-0500] {dag.py:2573} INFO - Sync 1 DAGs
[2022-10-11T20:34:39.838-0500] {logging_mixin.py:117} INFO - [2022-10-11T20:34:39.838-0500] {dag.py:3324} INFO - Setting next_dagrun for example_short_circuit_operator to 2022-10-11T01:34:39.837951+00:00, run_after=2022-10-12T01:34:39.837951+00:00
[2022-10-11T20:34:39.865-0500] {processor.py:178} INFO - Processing /home/gabsiston/Documentos/projetos/airflow-data/venv/lib/python3.8/site-packages/airflow/example_dags/example_short_circuit_operator.py took 0.097 seconds
[2022-10-11T20:35:18.518-0500] {processor.py:156} INFO - Started process (PID=12780) to work on /home/gabsiston/Documentos/projetos/airflow-data/venv/lib/python3.8/site-packages/airflow/example_dags/example_short_circuit_operator.py
[2022-10-11T20:35:18.519-0500] {processor.py:758} INFO - Processing file /home/gabsiston/Documentos/projetos/airflow-data/venv/lib/python3.8/site-packages/airflow/example_dags/example_short_circuit_operator.py for tasks to queue
[2022-10-11T20:35:18.519-0500] {logging_mixin.py:117} INFO - [2022-10-11T20:35:18.519-0500] {dagbag.py:525} INFO - Filling up the DagBag from /home/gabsiston/Documentos/projetos/airflow-data/venv/lib/python3.8/site-packages/airflow/example_dags/example_short_circuit_operator.py
[2022-10-11T20:35:18.533-0500] {processor.py:768} INFO - DAG(s) dict_keys(['example_short_circuit_operator']) retrieved from /home/gabsiston/Documentos/projetos/airflow-data/venv/lib/python3.8/site-packages/airflow/example_dags/example_short_circuit_operator.py
[2022-10-11T20:35:18.564-0500] {logging_mixin.py:117} INFO - [2022-10-11T20:35:18.564-0500] {dag.py:2573} INFO - Sync 1 DAGs
[2022-10-11T20:35:18.588-0500] {logging_mixin.py:117} INFO - [2022-10-11T20:35:18.588-0500] {dag.py:3324} INFO - Setting next_dagrun for example_short_circuit_operator to 2022-10-11T01:35:18.588541+00:00, run_after=2022-10-12T01:35:18.588541+00:00
[2022-10-11T20:35:18.609-0500] {processor.py:178} INFO - Processing /home/gabsiston/Documentos/projetos/airflow-data/venv/lib/python3.8/site-packages/airflow/example_dags/example_short_circuit_operator.py took 0.093 seconds
[2022-10-11T20:35:59.740-0500] {processor.py:156} INFO - Started process (PID=13000) to work on /home/gabsiston/Documentos/projetos/airflow-data/venv/lib/python3.8/site-packages/airflow/example_dags/example_short_circuit_operator.py
[2022-10-11T20:35:59.741-0500] {processor.py:758} INFO - Processing file /home/gabsiston/Documentos/projetos/airflow-data/venv/lib/python3.8/site-packages/airflow/example_dags/example_short_circuit_operator.py for tasks to queue
[2022-10-11T20:35:59.741-0500] {logging_mixin.py:117} INFO - [2022-10-11T20:35:59.741-0500] {dagbag.py:525} INFO - Filling up the DagBag from /home/gabsiston/Documentos/projetos/airflow-data/venv/lib/python3.8/site-packages/airflow/example_dags/example_short_circuit_operator.py
[2022-10-11T20:35:59.753-0500] {processor.py:768} INFO - DAG(s) dict_keys(['example_short_circuit_operator']) retrieved from /home/gabsiston/Documentos/projetos/airflow-data/venv/lib/python3.8/site-packages/airflow/example_dags/example_short_circuit_operator.py
[2022-10-11T20:35:59.769-0500] {logging_mixin.py:117} INFO - [2022-10-11T20:35:59.769-0500] {dag.py:2573} INFO - Sync 1 DAGs
[2022-10-11T20:35:59.783-0500] {logging_mixin.py:117} INFO - [2022-10-11T20:35:59.783-0500] {dag.py:3324} INFO - Setting next_dagrun for example_short_circuit_operator to 2022-10-11T01:35:59.783066+00:00, run_after=2022-10-12T01:35:59.783066+00:00
[2022-10-11T20:35:59.813-0500] {processor.py:178} INFO - Processing /home/gabsiston/Documentos/projetos/airflow-data/venv/lib/python3.8/site-packages/airflow/example_dags/example_short_circuit_operator.py took 0.075 seconds
[2022-10-11T20:36:40.096-0500] {processor.py:156} INFO - Started process (PID=13433) to work on /home/gabsiston/Documentos/projetos/airflow-data/venv/lib/python3.8/site-packages/airflow/example_dags/example_short_circuit_operator.py
[2022-10-11T20:36:40.098-0500] {processor.py:758} INFO - Processing file /home/gabsiston/Documentos/projetos/airflow-data/venv/lib/python3.8/site-packages/airflow/example_dags/example_short_circuit_operator.py for tasks to queue
[2022-10-11T20:36:40.099-0500] {logging_mixin.py:117} INFO - [2022-10-11T20:36:40.099-0500] {dagbag.py:525} INFO - Filling up the DagBag from /home/gabsiston/Documentos/projetos/airflow-data/venv/lib/python3.8/site-packages/airflow/example_dags/example_short_circuit_operator.py
[2022-10-11T20:36:40.124-0500] {processor.py:768} INFO - DAG(s) dict_keys(['example_short_circuit_operator']) retrieved from /home/gabsiston/Documentos/projetos/airflow-data/venv/lib/python3.8/site-packages/airflow/example_dags/example_short_circuit_operator.py
[2022-10-11T20:36:40.148-0500] {logging_mixin.py:117} INFO - [2022-10-11T20:36:40.148-0500] {dag.py:2573} INFO - Sync 1 DAGs
[2022-10-11T20:36:40.165-0500] {logging_mixin.py:117} INFO - [2022-10-11T20:36:40.165-0500] {dag.py:3324} INFO - Setting next_dagrun for example_short_circuit_operator to 2022-10-11T01:36:40.165492+00:00, run_after=2022-10-12T01:36:40.165492+00:00
[2022-10-11T20:36:40.196-0500] {processor.py:178} INFO - Processing /home/gabsiston/Documentos/projetos/airflow-data/venv/lib/python3.8/site-packages/airflow/example_dags/example_short_circuit_operator.py took 0.104 seconds
