[2022-10-11T20:25:42.808-0500] {processor.py:156} INFO - Started process (PID=7978) to work on /home/gabsiston/Documentos/projetos/airflow-data/venv/lib/python3.8/site-packages/airflow/example_dags/example_branch_datetime_operator.py
[2022-10-11T20:25:42.808-0500] {processor.py:758} INFO - Processing file /home/gabsiston/Documentos/projetos/airflow-data/venv/lib/python3.8/site-packages/airflow/example_dags/example_branch_datetime_operator.py for tasks to queue
[2022-10-11T20:25:42.809-0500] {logging_mixin.py:117} INFO - [2022-10-11T20:25:42.809-0500] {dagbag.py:525} INFO - Filling up the DagBag from /home/gabsiston/Documentos/projetos/airflow-data/venv/lib/python3.8/site-packages/airflow/example_dags/example_branch_datetime_operator.py
[2022-10-11T20:25:42.827-0500] {processor.py:768} INFO - DAG(s) dict_keys(['example_branch_datetime_operator', 'example_branch_datetime_operator_2', 'example_branch_datetime_operator_3']) retrieved from /home/gabsiston/Documentos/projetos/airflow-data/venv/lib/python3.8/site-packages/airflow/example_dags/example_branch_datetime_operator.py
[2022-10-11T20:25:42.937-0500] {logging_mixin.py:117} INFO - [2022-10-11T20:25:42.936-0500] {manager.py:507} INFO - Created Permission View: can read on DAG:example_branch_datetime_operator
[2022-10-11T20:25:42.950-0500] {logging_mixin.py:117} INFO - [2022-10-11T20:25:42.950-0500] {manager.py:507} INFO - Created Permission View: can edit on DAG:example_branch_datetime_operator
[2022-10-11T20:25:42.962-0500] {logging_mixin.py:117} INFO - [2022-10-11T20:25:42.961-0500] {manager.py:507} INFO - Created Permission View: can delete on DAG:example_branch_datetime_operator
[2022-10-11T20:25:42.983-0500] {logging_mixin.py:117} INFO - [2022-10-11T20:25:42.983-0500] {manager.py:507} INFO - Created Permission View: can read on DAG:example_branch_datetime_operator_2
[2022-10-11T20:25:42.994-0500] {logging_mixin.py:117} INFO - [2022-10-11T20:25:42.994-0500] {manager.py:507} INFO - Created Permission View: can edit on DAG:example_branch_datetime_operator_2
[2022-10-11T20:25:43.004-0500] {logging_mixin.py:117} INFO - [2022-10-11T20:25:43.004-0500] {manager.py:507} INFO - Created Permission View: can delete on DAG:example_branch_datetime_operator_2
[2022-10-11T20:25:43.027-0500] {logging_mixin.py:117} INFO - [2022-10-11T20:25:43.026-0500] {manager.py:507} INFO - Created Permission View: can read on DAG:example_branch_datetime_operator_3
[2022-10-11T20:25:43.038-0500] {logging_mixin.py:117} INFO - [2022-10-11T20:25:43.038-0500] {manager.py:507} INFO - Created Permission View: can edit on DAG:example_branch_datetime_operator_3
[2022-10-11T20:25:43.049-0500] {logging_mixin.py:117} INFO - [2022-10-11T20:25:43.049-0500] {manager.py:507} INFO - Created Permission View: can delete on DAG:example_branch_datetime_operator_3
[2022-10-11T20:25:43.049-0500] {logging_mixin.py:117} INFO - [2022-10-11T20:25:43.049-0500] {dag.py:2573} INFO - Sync 3 DAGs
[2022-10-11T20:25:43.060-0500] {logging_mixin.py:117} INFO - [2022-10-11T20:25:43.060-0500] {dag.py:2594} INFO - Creating ORM DAG for example_branch_datetime_operator
[2022-10-11T20:25:43.061-0500] {logging_mixin.py:117} INFO - [2022-10-11T20:25:43.060-0500] {dag.py:2594} INFO - Creating ORM DAG for example_branch_datetime_operator_3
[2022-10-11T20:25:43.061-0500] {logging_mixin.py:117} INFO - [2022-10-11T20:25:43.061-0500] {dag.py:2594} INFO - Creating ORM DAG for example_branch_datetime_operator_2
[2022-10-11T20:25:43.070-0500] {logging_mixin.py:117} INFO - [2022-10-11T20:25:43.070-0500] {dag.py:3324} INFO - Setting next_dagrun for example_branch_datetime_operator to 2022-10-11T00:00:00+00:00, run_after=2022-10-12T00:00:00+00:00
[2022-10-11T20:25:43.072-0500] {logging_mixin.py:117} INFO - [2022-10-11T20:25:43.072-0500] {dag.py:3324} INFO - Setting next_dagrun for example_branch_datetime_operator_2 to 2022-10-11T00:00:00+00:00, run_after=2022-10-12T00:00:00+00:00
[2022-10-11T20:25:43.074-0500] {logging_mixin.py:117} INFO - [2022-10-11T20:25:43.074-0500] {dag.py:3324} INFO - Setting next_dagrun for example_branch_datetime_operator_3 to 2022-10-11T00:00:00+00:00, run_after=2022-10-12T00:00:00+00:00
[2022-10-11T20:25:43.098-0500] {processor.py:178} INFO - Processing /home/gabsiston/Documentos/projetos/airflow-data/venv/lib/python3.8/site-packages/airflow/example_dags/example_branch_datetime_operator.py took 0.293 seconds
[2022-10-11T20:26:20.740-0500] {processor.py:156} INFO - Started process (PID=8418) to work on /home/gabsiston/Documentos/projetos/airflow-data/venv/lib/python3.8/site-packages/airflow/example_dags/example_branch_datetime_operator.py
[2022-10-11T20:26:20.742-0500] {processor.py:758} INFO - Processing file /home/gabsiston/Documentos/projetos/airflow-data/venv/lib/python3.8/site-packages/airflow/example_dags/example_branch_datetime_operator.py for tasks to queue
[2022-10-11T20:26:20.743-0500] {logging_mixin.py:117} INFO - [2022-10-11T20:26:20.743-0500] {dagbag.py:525} INFO - Filling up the DagBag from /home/gabsiston/Documentos/projetos/airflow-data/venv/lib/python3.8/site-packages/airflow/example_dags/example_branch_datetime_operator.py
[2022-10-11T20:26:20.760-0500] {processor.py:768} INFO - DAG(s) dict_keys(['example_branch_datetime_operator', 'example_branch_datetime_operator_3', 'example_branch_datetime_operator_2']) retrieved from /home/gabsiston/Documentos/projetos/airflow-data/venv/lib/python3.8/site-packages/airflow/example_dags/example_branch_datetime_operator.py
[2022-10-11T20:26:20.786-0500] {logging_mixin.py:117} INFO - [2022-10-11T20:26:20.786-0500] {dag.py:2573} INFO - Sync 3 DAGs
[2022-10-11T20:26:20.807-0500] {logging_mixin.py:117} INFO - [2022-10-11T20:26:20.807-0500] {dag.py:3324} INFO - Setting next_dagrun for example_branch_datetime_operator to 2022-10-11T00:00:00+00:00, run_after=2022-10-12T00:00:00+00:00
[2022-10-11T20:26:20.811-0500] {logging_mixin.py:117} INFO - [2022-10-11T20:26:20.811-0500] {dag.py:3324} INFO - Setting next_dagrun for example_branch_datetime_operator_2 to 2022-10-11T00:00:00+00:00, run_after=2022-10-12T00:00:00+00:00
[2022-10-11T20:26:20.814-0500] {logging_mixin.py:117} INFO - [2022-10-11T20:26:20.814-0500] {dag.py:3324} INFO - Setting next_dagrun for example_branch_datetime_operator_3 to 2022-10-11T00:00:00+00:00, run_after=2022-10-12T00:00:00+00:00
[2022-10-11T20:26:20.836-0500] {processor.py:178} INFO - Processing /home/gabsiston/Documentos/projetos/airflow-data/venv/lib/python3.8/site-packages/airflow/example_dags/example_branch_datetime_operator.py took 0.098 seconds
[2022-10-11T20:26:55.760-0500] {processor.py:156} INFO - Started process (PID=8939) to work on /home/gabsiston/Documentos/projetos/airflow-data/venv/lib/python3.8/site-packages/airflow/example_dags/example_branch_datetime_operator.py
[2022-10-11T20:26:55.762-0500] {processor.py:758} INFO - Processing file /home/gabsiston/Documentos/projetos/airflow-data/venv/lib/python3.8/site-packages/airflow/example_dags/example_branch_datetime_operator.py for tasks to queue
[2022-10-11T20:26:55.763-0500] {logging_mixin.py:117} INFO - [2022-10-11T20:26:55.763-0500] {dagbag.py:525} INFO - Filling up the DagBag from /home/gabsiston/Documentos/projetos/airflow-data/venv/lib/python3.8/site-packages/airflow/example_dags/example_branch_datetime_operator.py
[2022-10-11T20:26:55.778-0500] {processor.py:768} INFO - DAG(s) dict_keys(['example_branch_datetime_operator', 'example_branch_datetime_operator_2', 'example_branch_datetime_operator_3']) retrieved from /home/gabsiston/Documentos/projetos/airflow-data/venv/lib/python3.8/site-packages/airflow/example_dags/example_branch_datetime_operator.py
[2022-10-11T20:26:55.803-0500] {logging_mixin.py:117} INFO - [2022-10-11T20:26:55.803-0500] {dag.py:2573} INFO - Sync 3 DAGs
[2022-10-11T20:26:55.821-0500] {logging_mixin.py:117} INFO - [2022-10-11T20:26:55.821-0500] {dag.py:3324} INFO - Setting next_dagrun for example_branch_datetime_operator to 2022-10-11T00:00:00+00:00, run_after=2022-10-12T00:00:00+00:00
[2022-10-11T20:26:55.825-0500] {logging_mixin.py:117} INFO - [2022-10-11T20:26:55.825-0500] {dag.py:3324} INFO - Setting next_dagrun for example_branch_datetime_operator_2 to 2022-10-11T00:00:00+00:00, run_after=2022-10-12T00:00:00+00:00
[2022-10-11T20:26:55.827-0500] {logging_mixin.py:117} INFO - [2022-10-11T20:26:55.827-0500] {dag.py:3324} INFO - Setting next_dagrun for example_branch_datetime_operator_3 to 2022-10-11T00:00:00+00:00, run_after=2022-10-12T00:00:00+00:00
[2022-10-11T20:26:55.849-0500] {processor.py:178} INFO - Processing /home/gabsiston/Documentos/projetos/airflow-data/venv/lib/python3.8/site-packages/airflow/example_dags/example_branch_datetime_operator.py took 0.091 seconds
[2022-10-11T20:27:31.890-0500] {processor.py:156} INFO - Started process (PID=9473) to work on /home/gabsiston/Documentos/projetos/airflow-data/venv/lib/python3.8/site-packages/airflow/example_dags/example_branch_datetime_operator.py
[2022-10-11T20:27:31.892-0500] {processor.py:758} INFO - Processing file /home/gabsiston/Documentos/projetos/airflow-data/venv/lib/python3.8/site-packages/airflow/example_dags/example_branch_datetime_operator.py for tasks to queue
[2022-10-11T20:27:31.892-0500] {logging_mixin.py:117} INFO - [2022-10-11T20:27:31.892-0500] {dagbag.py:525} INFO - Filling up the DagBag from /home/gabsiston/Documentos/projetos/airflow-data/venv/lib/python3.8/site-packages/airflow/example_dags/example_branch_datetime_operator.py
[2022-10-11T20:27:31.910-0500] {processor.py:768} INFO - DAG(s) dict_keys(['example_branch_datetime_operator_3', 'example_branch_datetime_operator_2', 'example_branch_datetime_operator']) retrieved from /home/gabsiston/Documentos/projetos/airflow-data/venv/lib/python3.8/site-packages/airflow/example_dags/example_branch_datetime_operator.py
[2022-10-11T20:27:31.935-0500] {logging_mixin.py:117} INFO - [2022-10-11T20:27:31.935-0500] {dag.py:2573} INFO - Sync 3 DAGs
[2022-10-11T20:27:31.954-0500] {logging_mixin.py:117} INFO - [2022-10-11T20:27:31.954-0500] {dag.py:3324} INFO - Setting next_dagrun for example_branch_datetime_operator to 2022-10-11T00:00:00+00:00, run_after=2022-10-12T00:00:00+00:00
[2022-10-11T20:27:31.957-0500] {logging_mixin.py:117} INFO - [2022-10-11T20:27:31.957-0500] {dag.py:3324} INFO - Setting next_dagrun for example_branch_datetime_operator_2 to 2022-10-11T00:00:00+00:00, run_after=2022-10-12T00:00:00+00:00
[2022-10-11T20:27:31.959-0500] {logging_mixin.py:117} INFO - [2022-10-11T20:27:31.959-0500] {dag.py:3324} INFO - Setting next_dagrun for example_branch_datetime_operator_3 to 2022-10-11T00:00:00+00:00, run_after=2022-10-12T00:00:00+00:00
[2022-10-11T20:27:31.979-0500] {processor.py:178} INFO - Processing /home/gabsiston/Documentos/projetos/airflow-data/venv/lib/python3.8/site-packages/airflow/example_dags/example_branch_datetime_operator.py took 0.092 seconds
[2022-10-11T20:28:08.047-0500] {processor.py:156} INFO - Started process (PID=9717) to work on /home/gabsiston/Documentos/projetos/airflow-data/venv/lib/python3.8/site-packages/airflow/example_dags/example_branch_datetime_operator.py
[2022-10-11T20:28:08.050-0500] {processor.py:758} INFO - Processing file /home/gabsiston/Documentos/projetos/airflow-data/venv/lib/python3.8/site-packages/airflow/example_dags/example_branch_datetime_operator.py for tasks to queue
[2022-10-11T20:28:08.051-0500] {logging_mixin.py:117} INFO - [2022-10-11T20:28:08.051-0500] {dagbag.py:525} INFO - Filling up the DagBag from /home/gabsiston/Documentos/projetos/airflow-data/venv/lib/python3.8/site-packages/airflow/example_dags/example_branch_datetime_operator.py
[2022-10-11T20:28:08.075-0500] {processor.py:768} INFO - DAG(s) dict_keys(['example_branch_datetime_operator', 'example_branch_datetime_operator_2', 'example_branch_datetime_operator_3']) retrieved from /home/gabsiston/Documentos/projetos/airflow-data/venv/lib/python3.8/site-packages/airflow/example_dags/example_branch_datetime_operator.py
[2022-10-11T20:28:08.101-0500] {logging_mixin.py:117} INFO - [2022-10-11T20:28:08.100-0500] {dag.py:2573} INFO - Sync 3 DAGs
[2022-10-11T20:28:08.119-0500] {logging_mixin.py:117} INFO - [2022-10-11T20:28:08.119-0500] {dag.py:3324} INFO - Setting next_dagrun for example_branch_datetime_operator to 2022-10-11T00:00:00+00:00, run_after=2022-10-12T00:00:00+00:00
[2022-10-11T20:28:08.123-0500] {logging_mixin.py:117} INFO - [2022-10-11T20:28:08.122-0500] {dag.py:3324} INFO - Setting next_dagrun for example_branch_datetime_operator_2 to 2022-10-11T00:00:00+00:00, run_after=2022-10-12T00:00:00+00:00
[2022-10-11T20:28:08.124-0500] {logging_mixin.py:117} INFO - [2022-10-11T20:28:08.124-0500] {dag.py:3324} INFO - Setting next_dagrun for example_branch_datetime_operator_3 to 2022-10-11T00:00:00+00:00, run_after=2022-10-12T00:00:00+00:00
[2022-10-11T20:28:08.155-0500] {processor.py:178} INFO - Processing /home/gabsiston/Documentos/projetos/airflow-data/venv/lib/python3.8/site-packages/airflow/example_dags/example_branch_datetime_operator.py took 0.111 seconds
[2022-10-11T20:28:47.755-0500] {processor.py:156} INFO - Started process (PID=10060) to work on /home/gabsiston/Documentos/projetos/airflow-data/venv/lib/python3.8/site-packages/airflow/example_dags/example_branch_datetime_operator.py
[2022-10-11T20:28:47.756-0500] {processor.py:758} INFO - Processing file /home/gabsiston/Documentos/projetos/airflow-data/venv/lib/python3.8/site-packages/airflow/example_dags/example_branch_datetime_operator.py for tasks to queue
[2022-10-11T20:28:47.757-0500] {logging_mixin.py:117} INFO - [2022-10-11T20:28:47.757-0500] {dagbag.py:525} INFO - Filling up the DagBag from /home/gabsiston/Documentos/projetos/airflow-data/venv/lib/python3.8/site-packages/airflow/example_dags/example_branch_datetime_operator.py
[2022-10-11T20:28:47.777-0500] {processor.py:768} INFO - DAG(s) dict_keys(['example_branch_datetime_operator_2', 'example_branch_datetime_operator', 'example_branch_datetime_operator_3']) retrieved from /home/gabsiston/Documentos/projetos/airflow-data/venv/lib/python3.8/site-packages/airflow/example_dags/example_branch_datetime_operator.py
[2022-10-11T20:28:47.798-0500] {logging_mixin.py:117} INFO - [2022-10-11T20:28:47.798-0500] {dag.py:2573} INFO - Sync 3 DAGs
[2022-10-11T20:28:47.813-0500] {logging_mixin.py:117} INFO - [2022-10-11T20:28:47.813-0500] {dag.py:3324} INFO - Setting next_dagrun for example_branch_datetime_operator to 2022-10-11T00:00:00+00:00, run_after=2022-10-12T00:00:00+00:00
[2022-10-11T20:28:47.816-0500] {logging_mixin.py:117} INFO - [2022-10-11T20:28:47.816-0500] {dag.py:3324} INFO - Setting next_dagrun for example_branch_datetime_operator_2 to 2022-10-11T00:00:00+00:00, run_after=2022-10-12T00:00:00+00:00
[2022-10-11T20:28:47.819-0500] {logging_mixin.py:117} INFO - [2022-10-11T20:28:47.819-0500] {dag.py:3324} INFO - Setting next_dagrun for example_branch_datetime_operator_3 to 2022-10-11T00:00:00+00:00, run_after=2022-10-12T00:00:00+00:00
[2022-10-11T20:28:47.837-0500] {processor.py:178} INFO - Processing /home/gabsiston/Documentos/projetos/airflow-data/venv/lib/python3.8/site-packages/airflow/example_dags/example_branch_datetime_operator.py took 0.088 seconds
[2022-10-11T20:29:25.104-0500] {processor.py:156} INFO - Started process (PID=10292) to work on /home/gabsiston/Documentos/projetos/airflow-data/venv/lib/python3.8/site-packages/airflow/example_dags/example_branch_datetime_operator.py
[2022-10-11T20:29:25.106-0500] {processor.py:758} INFO - Processing file /home/gabsiston/Documentos/projetos/airflow-data/venv/lib/python3.8/site-packages/airflow/example_dags/example_branch_datetime_operator.py for tasks to queue
[2022-10-11T20:29:25.106-0500] {logging_mixin.py:117} INFO - [2022-10-11T20:29:25.106-0500] {dagbag.py:525} INFO - Filling up the DagBag from /home/gabsiston/Documentos/projetos/airflow-data/venv/lib/python3.8/site-packages/airflow/example_dags/example_branch_datetime_operator.py
[2022-10-11T20:29:25.122-0500] {processor.py:768} INFO - DAG(s) dict_keys(['example_branch_datetime_operator', 'example_branch_datetime_operator_3', 'example_branch_datetime_operator_2']) retrieved from /home/gabsiston/Documentos/projetos/airflow-data/venv/lib/python3.8/site-packages/airflow/example_dags/example_branch_datetime_operator.py
[2022-10-11T20:29:25.145-0500] {logging_mixin.py:117} INFO - [2022-10-11T20:29:25.145-0500] {dag.py:2573} INFO - Sync 3 DAGs
[2022-10-11T20:29:25.163-0500] {logging_mixin.py:117} INFO - [2022-10-11T20:29:25.162-0500] {dag.py:3324} INFO - Setting next_dagrun for example_branch_datetime_operator to 2022-10-11T00:00:00+00:00, run_after=2022-10-12T00:00:00+00:00
[2022-10-11T20:29:25.166-0500] {logging_mixin.py:117} INFO - [2022-10-11T20:29:25.165-0500] {dag.py:3324} INFO - Setting next_dagrun for example_branch_datetime_operator_2 to 2022-10-11T00:00:00+00:00, run_after=2022-10-12T00:00:00+00:00
[2022-10-11T20:29:25.167-0500] {logging_mixin.py:117} INFO - [2022-10-11T20:29:25.167-0500] {dag.py:3324} INFO - Setting next_dagrun for example_branch_datetime_operator_3 to 2022-10-11T00:00:00+00:00, run_after=2022-10-12T00:00:00+00:00
[2022-10-11T20:29:25.186-0500] {processor.py:178} INFO - Processing /home/gabsiston/Documentos/projetos/airflow-data/venv/lib/python3.8/site-packages/airflow/example_dags/example_branch_datetime_operator.py took 0.085 seconds
[2022-10-11T20:30:02.450-0500] {processor.py:156} INFO - Started process (PID=10485) to work on /home/gabsiston/Documentos/projetos/airflow-data/venv/lib/python3.8/site-packages/airflow/example_dags/example_branch_datetime_operator.py
[2022-10-11T20:30:02.451-0500] {processor.py:758} INFO - Processing file /home/gabsiston/Documentos/projetos/airflow-data/venv/lib/python3.8/site-packages/airflow/example_dags/example_branch_datetime_operator.py for tasks to queue
[2022-10-11T20:30:02.452-0500] {logging_mixin.py:117} INFO - [2022-10-11T20:30:02.451-0500] {dagbag.py:525} INFO - Filling up the DagBag from /home/gabsiston/Documentos/projetos/airflow-data/venv/lib/python3.8/site-packages/airflow/example_dags/example_branch_datetime_operator.py
[2022-10-11T20:30:02.467-0500] {processor.py:768} INFO - DAG(s) dict_keys(['example_branch_datetime_operator_2', 'example_branch_datetime_operator_3', 'example_branch_datetime_operator']) retrieved from /home/gabsiston/Documentos/projetos/airflow-data/venv/lib/python3.8/site-packages/airflow/example_dags/example_branch_datetime_operator.py
[2022-10-11T20:30:02.490-0500] {logging_mixin.py:117} INFO - [2022-10-11T20:30:02.489-0500] {dag.py:2573} INFO - Sync 3 DAGs
[2022-10-11T20:30:02.507-0500] {logging_mixin.py:117} INFO - [2022-10-11T20:30:02.507-0500] {dag.py:3324} INFO - Setting next_dagrun for example_branch_datetime_operator to 2022-10-11T00:00:00+00:00, run_after=2022-10-12T00:00:00+00:00
[2022-10-11T20:30:02.511-0500] {logging_mixin.py:117} INFO - [2022-10-11T20:30:02.511-0500] {dag.py:3324} INFO - Setting next_dagrun for example_branch_datetime_operator_2 to 2022-10-11T00:00:00+00:00, run_after=2022-10-12T00:00:00+00:00
[2022-10-11T20:30:02.513-0500] {logging_mixin.py:117} INFO - [2022-10-11T20:30:02.512-0500] {dag.py:3324} INFO - Setting next_dagrun for example_branch_datetime_operator_3 to 2022-10-11T00:00:00+00:00, run_after=2022-10-12T00:00:00+00:00
[2022-10-11T20:30:02.538-0500] {processor.py:178} INFO - Processing /home/gabsiston/Documentos/projetos/airflow-data/venv/lib/python3.8/site-packages/airflow/example_dags/example_branch_datetime_operator.py took 0.091 seconds
[2022-10-11T20:30:43.235-0500] {processor.py:156} INFO - Started process (PID=10763) to work on /home/gabsiston/Documentos/projetos/airflow-data/venv/lib/python3.8/site-packages/airflow/example_dags/example_branch_datetime_operator.py
[2022-10-11T20:30:43.236-0500] {processor.py:758} INFO - Processing file /home/gabsiston/Documentos/projetos/airflow-data/venv/lib/python3.8/site-packages/airflow/example_dags/example_branch_datetime_operator.py for tasks to queue
[2022-10-11T20:30:43.237-0500] {logging_mixin.py:117} INFO - [2022-10-11T20:30:43.237-0500] {dagbag.py:525} INFO - Filling up the DagBag from /home/gabsiston/Documentos/projetos/airflow-data/venv/lib/python3.8/site-packages/airflow/example_dags/example_branch_datetime_operator.py
[2022-10-11T20:30:43.253-0500] {processor.py:768} INFO - DAG(s) dict_keys(['example_branch_datetime_operator', 'example_branch_datetime_operator_2', 'example_branch_datetime_operator_3']) retrieved from /home/gabsiston/Documentos/projetos/airflow-data/venv/lib/python3.8/site-packages/airflow/example_dags/example_branch_datetime_operator.py
[2022-10-11T20:30:43.276-0500] {logging_mixin.py:117} INFO - [2022-10-11T20:30:43.276-0500] {dag.py:2573} INFO - Sync 3 DAGs
[2022-10-11T20:30:43.291-0500] {logging_mixin.py:117} INFO - [2022-10-11T20:30:43.291-0500] {dag.py:3324} INFO - Setting next_dagrun for example_branch_datetime_operator to 2022-10-11T00:00:00+00:00, run_after=2022-10-12T00:00:00+00:00
[2022-10-11T20:30:43.294-0500] {logging_mixin.py:117} INFO - [2022-10-11T20:30:43.294-0500] {dag.py:3324} INFO - Setting next_dagrun for example_branch_datetime_operator_2 to 2022-10-11T00:00:00+00:00, run_after=2022-10-12T00:00:00+00:00
[2022-10-11T20:30:43.296-0500] {logging_mixin.py:117} INFO - [2022-10-11T20:30:43.296-0500] {dag.py:3324} INFO - Setting next_dagrun for example_branch_datetime_operator_3 to 2022-10-11T00:00:00+00:00, run_after=2022-10-12T00:00:00+00:00
[2022-10-11T20:30:43.314-0500] {processor.py:178} INFO - Processing /home/gabsiston/Documentos/projetos/airflow-data/venv/lib/python3.8/site-packages/airflow/example_dags/example_branch_datetime_operator.py took 0.082 seconds
[2022-10-11T20:31:19.762-0500] {processor.py:156} INFO - Started process (PID=11097) to work on /home/gabsiston/Documentos/projetos/airflow-data/venv/lib/python3.8/site-packages/airflow/example_dags/example_branch_datetime_operator.py
[2022-10-11T20:31:19.763-0500] {processor.py:758} INFO - Processing file /home/gabsiston/Documentos/projetos/airflow-data/venv/lib/python3.8/site-packages/airflow/example_dags/example_branch_datetime_operator.py for tasks to queue
[2022-10-11T20:31:19.764-0500] {logging_mixin.py:117} INFO - [2022-10-11T20:31:19.763-0500] {dagbag.py:525} INFO - Filling up the DagBag from /home/gabsiston/Documentos/projetos/airflow-data/venv/lib/python3.8/site-packages/airflow/example_dags/example_branch_datetime_operator.py
[2022-10-11T20:31:19.780-0500] {processor.py:768} INFO - DAG(s) dict_keys(['example_branch_datetime_operator_2', 'example_branch_datetime_operator', 'example_branch_datetime_operator_3']) retrieved from /home/gabsiston/Documentos/projetos/airflow-data/venv/lib/python3.8/site-packages/airflow/example_dags/example_branch_datetime_operator.py
[2022-10-11T20:31:19.805-0500] {logging_mixin.py:117} INFO - [2022-10-11T20:31:19.805-0500] {dag.py:2573} INFO - Sync 3 DAGs
[2022-10-11T20:31:19.824-0500] {logging_mixin.py:117} INFO - [2022-10-11T20:31:19.824-0500] {dag.py:3324} INFO - Setting next_dagrun for example_branch_datetime_operator to 2022-10-11T00:00:00+00:00, run_after=2022-10-12T00:00:00+00:00
[2022-10-11T20:31:19.828-0500] {logging_mixin.py:117} INFO - [2022-10-11T20:31:19.827-0500] {dag.py:3324} INFO - Setting next_dagrun for example_branch_datetime_operator_2 to 2022-10-11T00:00:00+00:00, run_after=2022-10-12T00:00:00+00:00
[2022-10-11T20:31:19.829-0500] {logging_mixin.py:117} INFO - [2022-10-11T20:31:19.829-0500] {dag.py:3324} INFO - Setting next_dagrun for example_branch_datetime_operator_3 to 2022-10-11T00:00:00+00:00, run_after=2022-10-12T00:00:00+00:00
[2022-10-11T20:31:19.861-0500] {processor.py:178} INFO - Processing /home/gabsiston/Documentos/projetos/airflow-data/venv/lib/python3.8/site-packages/airflow/example_dags/example_branch_datetime_operator.py took 0.101 seconds
[2022-10-11T20:32:02.566-0500] {processor.py:156} INFO - Started process (PID=11377) to work on /home/gabsiston/Documentos/projetos/airflow-data/venv/lib/python3.8/site-packages/airflow/example_dags/example_branch_datetime_operator.py
[2022-10-11T20:32:02.570-0500] {processor.py:758} INFO - Processing file /home/gabsiston/Documentos/projetos/airflow-data/venv/lib/python3.8/site-packages/airflow/example_dags/example_branch_datetime_operator.py for tasks to queue
[2022-10-11T20:32:02.572-0500] {logging_mixin.py:117} INFO - [2022-10-11T20:32:02.572-0500] {dagbag.py:525} INFO - Filling up the DagBag from /home/gabsiston/Documentos/projetos/airflow-data/venv/lib/python3.8/site-packages/airflow/example_dags/example_branch_datetime_operator.py
[2022-10-11T20:32:02.597-0500] {processor.py:768} INFO - DAG(s) dict_keys(['example_branch_datetime_operator', 'example_branch_datetime_operator_3', 'example_branch_datetime_operator_2']) retrieved from /home/gabsiston/Documentos/projetos/airflow-data/venv/lib/python3.8/site-packages/airflow/example_dags/example_branch_datetime_operator.py
[2022-10-11T20:32:02.620-0500] {logging_mixin.py:117} INFO - [2022-10-11T20:32:02.620-0500] {dag.py:2573} INFO - Sync 3 DAGs
[2022-10-11T20:32:02.638-0500] {logging_mixin.py:117} INFO - [2022-10-11T20:32:02.638-0500] {dag.py:3324} INFO - Setting next_dagrun for example_branch_datetime_operator to 2022-10-11T00:00:00+00:00, run_after=2022-10-12T00:00:00+00:00
[2022-10-11T20:32:02.641-0500] {logging_mixin.py:117} INFO - [2022-10-11T20:32:02.641-0500] {dag.py:3324} INFO - Setting next_dagrun for example_branch_datetime_operator_2 to 2022-10-11T00:00:00+00:00, run_after=2022-10-12T00:00:00+00:00
[2022-10-11T20:32:02.643-0500] {logging_mixin.py:117} INFO - [2022-10-11T20:32:02.643-0500] {dag.py:3324} INFO - Setting next_dagrun for example_branch_datetime_operator_3 to 2022-10-11T00:00:00+00:00, run_after=2022-10-12T00:00:00+00:00
[2022-10-11T20:32:02.672-0500] {processor.py:178} INFO - Processing /home/gabsiston/Documentos/projetos/airflow-data/venv/lib/python3.8/site-packages/airflow/example_dags/example_branch_datetime_operator.py took 0.115 seconds
[2022-10-11T20:32:38.166-0500] {processor.py:156} INFO - Started process (PID=11625) to work on /home/gabsiston/Documentos/projetos/airflow-data/venv/lib/python3.8/site-packages/airflow/example_dags/example_branch_datetime_operator.py
[2022-10-11T20:32:38.169-0500] {processor.py:758} INFO - Processing file /home/gabsiston/Documentos/projetos/airflow-data/venv/lib/python3.8/site-packages/airflow/example_dags/example_branch_datetime_operator.py for tasks to queue
[2022-10-11T20:32:38.170-0500] {logging_mixin.py:117} INFO - [2022-10-11T20:32:38.170-0500] {dagbag.py:525} INFO - Filling up the DagBag from /home/gabsiston/Documentos/projetos/airflow-data/venv/lib/python3.8/site-packages/airflow/example_dags/example_branch_datetime_operator.py
[2022-10-11T20:32:38.214-0500] {processor.py:768} INFO - DAG(s) dict_keys(['example_branch_datetime_operator', 'example_branch_datetime_operator_2', 'example_branch_datetime_operator_3']) retrieved from /home/gabsiston/Documentos/projetos/airflow-data/venv/lib/python3.8/site-packages/airflow/example_dags/example_branch_datetime_operator.py
[2022-10-11T20:32:38.253-0500] {logging_mixin.py:117} INFO - [2022-10-11T20:32:38.253-0500] {dag.py:2573} INFO - Sync 3 DAGs
[2022-10-11T20:32:38.271-0500] {logging_mixin.py:117} INFO - [2022-10-11T20:32:38.271-0500] {dag.py:3324} INFO - Setting next_dagrun for example_branch_datetime_operator to 2022-10-11T00:00:00+00:00, run_after=2022-10-12T00:00:00+00:00
[2022-10-11T20:32:38.276-0500] {logging_mixin.py:117} INFO - [2022-10-11T20:32:38.275-0500] {dag.py:3324} INFO - Setting next_dagrun for example_branch_datetime_operator_2 to 2022-10-11T00:00:00+00:00, run_after=2022-10-12T00:00:00+00:00
[2022-10-11T20:32:38.278-0500] {logging_mixin.py:117} INFO - [2022-10-11T20:32:38.277-0500] {dag.py:3324} INFO - Setting next_dagrun for example_branch_datetime_operator_3 to 2022-10-11T00:00:00+00:00, run_after=2022-10-12T00:00:00+00:00
[2022-10-11T20:32:38.297-0500] {processor.py:178} INFO - Processing /home/gabsiston/Documentos/projetos/airflow-data/venv/lib/python3.8/site-packages/airflow/example_dags/example_branch_datetime_operator.py took 0.137 seconds
[2022-10-11T20:33:14.944-0500] {processor.py:156} INFO - Started process (PID=12073) to work on /home/gabsiston/Documentos/projetos/airflow-data/venv/lib/python3.8/site-packages/airflow/example_dags/example_branch_datetime_operator.py
[2022-10-11T20:33:14.944-0500] {processor.py:758} INFO - Processing file /home/gabsiston/Documentos/projetos/airflow-data/venv/lib/python3.8/site-packages/airflow/example_dags/example_branch_datetime_operator.py for tasks to queue
[2022-10-11T20:33:14.945-0500] {logging_mixin.py:117} INFO - [2022-10-11T20:33:14.945-0500] {dagbag.py:525} INFO - Filling up the DagBag from /home/gabsiston/Documentos/projetos/airflow-data/venv/lib/python3.8/site-packages/airflow/example_dags/example_branch_datetime_operator.py
[2022-10-11T20:33:14.957-0500] {processor.py:768} INFO - DAG(s) dict_keys(['example_branch_datetime_operator_2', 'example_branch_datetime_operator_3', 'example_branch_datetime_operator']) retrieved from /home/gabsiston/Documentos/projetos/airflow-data/venv/lib/python3.8/site-packages/airflow/example_dags/example_branch_datetime_operator.py
[2022-10-11T20:33:14.976-0500] {logging_mixin.py:117} INFO - [2022-10-11T20:33:14.976-0500] {dag.py:2573} INFO - Sync 3 DAGs
[2022-10-11T20:33:14.991-0500] {logging_mixin.py:117} INFO - [2022-10-11T20:33:14.991-0500] {dag.py:3324} INFO - Setting next_dagrun for example_branch_datetime_operator to 2022-10-11T00:00:00+00:00, run_after=2022-10-12T00:00:00+00:00
[2022-10-11T20:33:14.994-0500] {logging_mixin.py:117} INFO - [2022-10-11T20:33:14.994-0500] {dag.py:3324} INFO - Setting next_dagrun for example_branch_datetime_operator_2 to 2022-10-11T00:00:00+00:00, run_after=2022-10-12T00:00:00+00:00
[2022-10-11T20:33:14.996-0500] {logging_mixin.py:117} INFO - [2022-10-11T20:33:14.996-0500] {dag.py:3324} INFO - Setting next_dagrun for example_branch_datetime_operator_3 to 2022-10-11T00:00:00+00:00, run_after=2022-10-12T00:00:00+00:00
[2022-10-11T20:33:15.015-0500] {processor.py:178} INFO - Processing /home/gabsiston/Documentos/projetos/airflow-data/venv/lib/python3.8/site-packages/airflow/example_dags/example_branch_datetime_operator.py took 0.073 seconds
[2022-10-11T20:33:55.581-0500] {processor.py:156} INFO - Started process (PID=12287) to work on /home/gabsiston/Documentos/projetos/airflow-data/venv/lib/python3.8/site-packages/airflow/example_dags/example_branch_datetime_operator.py
[2022-10-11T20:33:55.582-0500] {processor.py:758} INFO - Processing file /home/gabsiston/Documentos/projetos/airflow-data/venv/lib/python3.8/site-packages/airflow/example_dags/example_branch_datetime_operator.py for tasks to queue
[2022-10-11T20:33:55.583-0500] {logging_mixin.py:117} INFO - [2022-10-11T20:33:55.583-0500] {dagbag.py:525} INFO - Filling up the DagBag from /home/gabsiston/Documentos/projetos/airflow-data/venv/lib/python3.8/site-packages/airflow/example_dags/example_branch_datetime_operator.py
[2022-10-11T20:33:55.598-0500] {processor.py:768} INFO - DAG(s) dict_keys(['example_branch_datetime_operator', 'example_branch_datetime_operator_3', 'example_branch_datetime_operator_2']) retrieved from /home/gabsiston/Documentos/projetos/airflow-data/venv/lib/python3.8/site-packages/airflow/example_dags/example_branch_datetime_operator.py
[2022-10-11T20:33:55.620-0500] {logging_mixin.py:117} INFO - [2022-10-11T20:33:55.620-0500] {dag.py:2573} INFO - Sync 3 DAGs
[2022-10-11T20:33:55.639-0500] {logging_mixin.py:117} INFO - [2022-10-11T20:33:55.639-0500] {dag.py:3324} INFO - Setting next_dagrun for example_branch_datetime_operator to 2022-10-11T00:00:00+00:00, run_after=2022-10-12T00:00:00+00:00
[2022-10-11T20:33:55.642-0500] {logging_mixin.py:117} INFO - [2022-10-11T20:33:55.642-0500] {dag.py:3324} INFO - Setting next_dagrun for example_branch_datetime_operator_2 to 2022-10-11T00:00:00+00:00, run_after=2022-10-12T00:00:00+00:00
[2022-10-11T20:33:55.644-0500] {logging_mixin.py:117} INFO - [2022-10-11T20:33:55.644-0500] {dag.py:3324} INFO - Setting next_dagrun for example_branch_datetime_operator_3 to 2022-10-11T00:00:00+00:00, run_after=2022-10-12T00:00:00+00:00
[2022-10-11T20:33:55.662-0500] {processor.py:178} INFO - Processing /home/gabsiston/Documentos/projetos/airflow-data/venv/lib/python3.8/site-packages/airflow/example_dags/example_branch_datetime_operator.py took 0.083 seconds
[2022-10-11T20:34:32.946-0500] {processor.py:156} INFO - Started process (PID=12479) to work on /home/gabsiston/Documentos/projetos/airflow-data/venv/lib/python3.8/site-packages/airflow/example_dags/example_branch_datetime_operator.py
[2022-10-11T20:34:32.948-0500] {processor.py:758} INFO - Processing file /home/gabsiston/Documentos/projetos/airflow-data/venv/lib/python3.8/site-packages/airflow/example_dags/example_branch_datetime_operator.py for tasks to queue
[2022-10-11T20:34:32.948-0500] {logging_mixin.py:117} INFO - [2022-10-11T20:34:32.948-0500] {dagbag.py:525} INFO - Filling up the DagBag from /home/gabsiston/Documentos/projetos/airflow-data/venv/lib/python3.8/site-packages/airflow/example_dags/example_branch_datetime_operator.py
[2022-10-11T20:34:32.961-0500] {processor.py:768} INFO - DAG(s) dict_keys(['example_branch_datetime_operator', 'example_branch_datetime_operator_3', 'example_branch_datetime_operator_2']) retrieved from /home/gabsiston/Documentos/projetos/airflow-data/venv/lib/python3.8/site-packages/airflow/example_dags/example_branch_datetime_operator.py
[2022-10-11T20:34:32.980-0500] {logging_mixin.py:117} INFO - [2022-10-11T20:34:32.980-0500] {dag.py:2573} INFO - Sync 3 DAGs
[2022-10-11T20:34:32.994-0500] {logging_mixin.py:117} INFO - [2022-10-11T20:34:32.994-0500] {dag.py:3324} INFO - Setting next_dagrun for example_branch_datetime_operator to 2022-10-11T00:00:00+00:00, run_after=2022-10-12T00:00:00+00:00
[2022-10-11T20:34:32.997-0500] {logging_mixin.py:117} INFO - [2022-10-11T20:34:32.997-0500] {dag.py:3324} INFO - Setting next_dagrun for example_branch_datetime_operator_2 to 2022-10-11T00:00:00+00:00, run_after=2022-10-12T00:00:00+00:00
[2022-10-11T20:34:32.999-0500] {logging_mixin.py:117} INFO - [2022-10-11T20:34:32.999-0500] {dag.py:3324} INFO - Setting next_dagrun for example_branch_datetime_operator_3 to 2022-10-11T00:00:00+00:00, run_after=2022-10-12T00:00:00+00:00
[2022-10-11T20:34:33.016-0500] {processor.py:178} INFO - Processing /home/gabsiston/Documentos/projetos/airflow-data/venv/lib/python3.8/site-packages/airflow/example_dags/example_branch_datetime_operator.py took 0.072 seconds
[2022-10-11T20:35:12.228-0500] {processor.py:156} INFO - Started process (PID=12741) to work on /home/gabsiston/Documentos/projetos/airflow-data/venv/lib/python3.8/site-packages/airflow/example_dags/example_branch_datetime_operator.py
[2022-10-11T20:35:12.232-0500] {processor.py:758} INFO - Processing file /home/gabsiston/Documentos/projetos/airflow-data/venv/lib/python3.8/site-packages/airflow/example_dags/example_branch_datetime_operator.py for tasks to queue
[2022-10-11T20:35:12.234-0500] {logging_mixin.py:117} INFO - [2022-10-11T20:35:12.233-0500] {dagbag.py:525} INFO - Filling up the DagBag from /home/gabsiston/Documentos/projetos/airflow-data/venv/lib/python3.8/site-packages/airflow/example_dags/example_branch_datetime_operator.py
[2022-10-11T20:35:12.259-0500] {processor.py:768} INFO - DAG(s) dict_keys(['example_branch_datetime_operator', 'example_branch_datetime_operator_3', 'example_branch_datetime_operator_2']) retrieved from /home/gabsiston/Documentos/projetos/airflow-data/venv/lib/python3.8/site-packages/airflow/example_dags/example_branch_datetime_operator.py
[2022-10-11T20:35:12.282-0500] {logging_mixin.py:117} INFO - [2022-10-11T20:35:12.282-0500] {dag.py:2573} INFO - Sync 3 DAGs
[2022-10-11T20:35:12.297-0500] {logging_mixin.py:117} INFO - [2022-10-11T20:35:12.297-0500] {dag.py:3324} INFO - Setting next_dagrun for example_branch_datetime_operator to 2022-10-11T00:00:00+00:00, run_after=2022-10-12T00:00:00+00:00
[2022-10-11T20:35:12.300-0500] {logging_mixin.py:117} INFO - [2022-10-11T20:35:12.300-0500] {dag.py:3324} INFO - Setting next_dagrun for example_branch_datetime_operator_2 to 2022-10-11T00:00:00+00:00, run_after=2022-10-12T00:00:00+00:00
[2022-10-11T20:35:12.302-0500] {logging_mixin.py:117} INFO - [2022-10-11T20:35:12.302-0500] {dag.py:3324} INFO - Setting next_dagrun for example_branch_datetime_operator_3 to 2022-10-11T00:00:00+00:00, run_after=2022-10-12T00:00:00+00:00
[2022-10-11T20:35:12.321-0500] {processor.py:178} INFO - Processing /home/gabsiston/Documentos/projetos/airflow-data/venv/lib/python3.8/site-packages/airflow/example_dags/example_branch_datetime_operator.py took 0.102 seconds
[2022-10-11T20:35:52.842-0500] {processor.py:156} INFO - Started process (PID=12960) to work on /home/gabsiston/Documentos/projetos/airflow-data/venv/lib/python3.8/site-packages/airflow/example_dags/example_branch_datetime_operator.py
[2022-10-11T20:35:52.844-0500] {processor.py:758} INFO - Processing file /home/gabsiston/Documentos/projetos/airflow-data/venv/lib/python3.8/site-packages/airflow/example_dags/example_branch_datetime_operator.py for tasks to queue
[2022-10-11T20:35:52.845-0500] {logging_mixin.py:117} INFO - [2022-10-11T20:35:52.845-0500] {dagbag.py:525} INFO - Filling up the DagBag from /home/gabsiston/Documentos/projetos/airflow-data/venv/lib/python3.8/site-packages/airflow/example_dags/example_branch_datetime_operator.py
[2022-10-11T20:35:52.863-0500] {processor.py:768} INFO - DAG(s) dict_keys(['example_branch_datetime_operator_2', 'example_branch_datetime_operator', 'example_branch_datetime_operator_3']) retrieved from /home/gabsiston/Documentos/projetos/airflow-data/venv/lib/python3.8/site-packages/airflow/example_dags/example_branch_datetime_operator.py
[2022-10-11T20:35:52.886-0500] {logging_mixin.py:117} INFO - [2022-10-11T20:35:52.886-0500] {dag.py:2573} INFO - Sync 3 DAGs
[2022-10-11T20:35:52.902-0500] {logging_mixin.py:117} INFO - [2022-10-11T20:35:52.902-0500] {dag.py:3324} INFO - Setting next_dagrun for example_branch_datetime_operator to 2022-10-11T00:00:00+00:00, run_after=2022-10-12T00:00:00+00:00
[2022-10-11T20:35:52.905-0500] {logging_mixin.py:117} INFO - [2022-10-11T20:35:52.905-0500] {dag.py:3324} INFO - Setting next_dagrun for example_branch_datetime_operator_2 to 2022-10-11T00:00:00+00:00, run_after=2022-10-12T00:00:00+00:00
[2022-10-11T20:35:52.907-0500] {logging_mixin.py:117} INFO - [2022-10-11T20:35:52.907-0500] {dag.py:3324} INFO - Setting next_dagrun for example_branch_datetime_operator_3 to 2022-10-11T00:00:00+00:00, run_after=2022-10-12T00:00:00+00:00
[2022-10-11T20:35:52.928-0500] {processor.py:178} INFO - Processing /home/gabsiston/Documentos/projetos/airflow-data/venv/lib/python3.8/site-packages/airflow/example_dags/example_branch_datetime_operator.py took 0.090 seconds
[2022-10-11T20:36:31.191-0500] {processor.py:156} INFO - Started process (PID=13365) to work on /home/gabsiston/Documentos/projetos/airflow-data/venv/lib/python3.8/site-packages/airflow/example_dags/example_branch_datetime_operator.py
[2022-10-11T20:36:31.192-0500] {processor.py:758} INFO - Processing file /home/gabsiston/Documentos/projetos/airflow-data/venv/lib/python3.8/site-packages/airflow/example_dags/example_branch_datetime_operator.py for tasks to queue
[2022-10-11T20:36:31.193-0500] {logging_mixin.py:117} INFO - [2022-10-11T20:36:31.193-0500] {dagbag.py:525} INFO - Filling up the DagBag from /home/gabsiston/Documentos/projetos/airflow-data/venv/lib/python3.8/site-packages/airflow/example_dags/example_branch_datetime_operator.py
[2022-10-11T20:36:31.208-0500] {processor.py:768} INFO - DAG(s) dict_keys(['example_branch_datetime_operator_2', 'example_branch_datetime_operator_3', 'example_branch_datetime_operator']) retrieved from /home/gabsiston/Documentos/projetos/airflow-data/venv/lib/python3.8/site-packages/airflow/example_dags/example_branch_datetime_operator.py
[2022-10-11T20:36:31.232-0500] {logging_mixin.py:117} INFO - [2022-10-11T20:36:31.232-0500] {dag.py:2573} INFO - Sync 3 DAGs
[2022-10-11T20:36:31.251-0500] {logging_mixin.py:117} INFO - [2022-10-11T20:36:31.251-0500] {dag.py:3324} INFO - Setting next_dagrun for example_branch_datetime_operator to 2022-10-11T00:00:00+00:00, run_after=2022-10-12T00:00:00+00:00
[2022-10-11T20:36:31.255-0500] {logging_mixin.py:117} INFO - [2022-10-11T20:36:31.255-0500] {dag.py:3324} INFO - Setting next_dagrun for example_branch_datetime_operator_2 to 2022-10-11T00:00:00+00:00, run_after=2022-10-12T00:00:00+00:00
[2022-10-11T20:36:31.256-0500] {logging_mixin.py:117} INFO - [2022-10-11T20:36:31.256-0500] {dag.py:3324} INFO - Setting next_dagrun for example_branch_datetime_operator_3 to 2022-10-11T00:00:00+00:00, run_after=2022-10-12T00:00:00+00:00
[2022-10-11T20:36:31.277-0500] {processor.py:178} INFO - Processing /home/gabsiston/Documentos/projetos/airflow-data/venv/lib/python3.8/site-packages/airflow/example_dags/example_branch_datetime_operator.py took 0.088 seconds
