[2022-10-11T20:25:14.949-0500] {processor.py:156} INFO - Started process (PID=7758) to work on /home/gabsiston/Documentos/projetos/airflow-data/venv/lib/python3.8/site-packages/airflow/example_dags/example_dag_decorator.py
[2022-10-11T20:25:14.950-0500] {processor.py:758} INFO - Processing file /home/gabsiston/Documentos/projetos/airflow-data/venv/lib/python3.8/site-packages/airflow/example_dags/example_dag_decorator.py for tasks to queue
[2022-10-11T20:25:14.950-0500] {logging_mixin.py:117} INFO - [2022-10-11T20:25:14.950-0500] {dagbag.py:525} INFO - Filling up the DagBag from /home/gabsiston/Documentos/projetos/airflow-data/venv/lib/python3.8/site-packages/airflow/example_dags/example_dag_decorator.py
[2022-10-11T20:25:14.970-0500] {processor.py:768} INFO - DAG(s) dict_keys(['example_dag_decorator']) retrieved from /home/gabsiston/Documentos/projetos/airflow-data/venv/lib/python3.8/site-packages/airflow/example_dags/example_dag_decorator.py
[2022-10-11T20:25:15.095-0500] {logging_mixin.py:117} INFO - [2022-10-11T20:25:15.095-0500] {manager.py:507} INFO - Created Permission View: can read on DAG:example_dag_decorator
[2022-10-11T20:25:15.112-0500] {logging_mixin.py:117} INFO - [2022-10-11T20:25:15.111-0500] {manager.py:507} INFO - Created Permission View: can edit on DAG:example_dag_decorator
[2022-10-11T20:25:15.126-0500] {logging_mixin.py:117} INFO - [2022-10-11T20:25:15.126-0500] {manager.py:507} INFO - Created Permission View: can delete on DAG:example_dag_decorator
[2022-10-11T20:25:15.126-0500] {logging_mixin.py:117} INFO - [2022-10-11T20:25:15.126-0500] {dag.py:2573} INFO - Sync 1 DAGs
[2022-10-11T20:25:15.140-0500] {logging_mixin.py:117} INFO - [2022-10-11T20:25:15.140-0500] {dag.py:2594} INFO - Creating ORM DAG for example_dag_decorator
[2022-10-11T20:25:15.152-0500] {logging_mixin.py:117} INFO - [2022-10-11T20:25:15.152-0500] {dag.py:3324} INFO - Setting next_dagrun for example_dag_decorator to None, run_after=None
[2022-10-11T20:25:15.183-0500] {processor.py:178} INFO - Processing /home/gabsiston/Documentos/projetos/airflow-data/venv/lib/python3.8/site-packages/airflow/example_dags/example_dag_decorator.py took 0.235 seconds
[2022-10-11T20:25:56.927-0500] {processor.py:156} INFO - Started process (PID=8126) to work on /home/gabsiston/Documentos/projetos/airflow-data/venv/lib/python3.8/site-packages/airflow/example_dags/example_dag_decorator.py
[2022-10-11T20:25:56.929-0500] {processor.py:758} INFO - Processing file /home/gabsiston/Documentos/projetos/airflow-data/venv/lib/python3.8/site-packages/airflow/example_dags/example_dag_decorator.py for tasks to queue
[2022-10-11T20:25:56.929-0500] {logging_mixin.py:117} INFO - [2022-10-11T20:25:56.929-0500] {dagbag.py:525} INFO - Filling up the DagBag from /home/gabsiston/Documentos/projetos/airflow-data/venv/lib/python3.8/site-packages/airflow/example_dags/example_dag_decorator.py
[2022-10-11T20:25:56.950-0500] {processor.py:768} INFO - DAG(s) dict_keys(['example_dag_decorator']) retrieved from /home/gabsiston/Documentos/projetos/airflow-data/venv/lib/python3.8/site-packages/airflow/example_dags/example_dag_decorator.py
[2022-10-11T20:25:56.988-0500] {logging_mixin.py:117} INFO - [2022-10-11T20:25:56.988-0500] {dag.py:2573} INFO - Sync 1 DAGs
[2022-10-11T20:25:57.000-0500] {logging_mixin.py:117} INFO - [2022-10-11T20:25:57.000-0500] {dag.py:3324} INFO - Setting next_dagrun for example_dag_decorator to None, run_after=None
[2022-10-11T20:25:57.021-0500] {processor.py:178} INFO - Processing /home/gabsiston/Documentos/projetos/airflow-data/venv/lib/python3.8/site-packages/airflow/example_dags/example_dag_decorator.py took 0.096 seconds
[2022-10-11T20:26:32.520-0500] {processor.py:156} INFO - Started process (PID=8638) to work on /home/gabsiston/Documentos/projetos/airflow-data/venv/lib/python3.8/site-packages/airflow/example_dags/example_dag_decorator.py
[2022-10-11T20:26:32.522-0500] {processor.py:758} INFO - Processing file /home/gabsiston/Documentos/projetos/airflow-data/venv/lib/python3.8/site-packages/airflow/example_dags/example_dag_decorator.py for tasks to queue
[2022-10-11T20:26:32.523-0500] {logging_mixin.py:117} INFO - [2022-10-11T20:26:32.522-0500] {dagbag.py:525} INFO - Filling up the DagBag from /home/gabsiston/Documentos/projetos/airflow-data/venv/lib/python3.8/site-packages/airflow/example_dags/example_dag_decorator.py
[2022-10-11T20:26:32.554-0500] {processor.py:768} INFO - DAG(s) dict_keys(['example_dag_decorator']) retrieved from /home/gabsiston/Documentos/projetos/airflow-data/venv/lib/python3.8/site-packages/airflow/example_dags/example_dag_decorator.py
[2022-10-11T20:26:32.612-0500] {logging_mixin.py:117} INFO - [2022-10-11T20:26:32.612-0500] {dag.py:2573} INFO - Sync 1 DAGs
[2022-10-11T20:26:32.630-0500] {logging_mixin.py:117} INFO - [2022-10-11T20:26:32.630-0500] {dag.py:3324} INFO - Setting next_dagrun for example_dag_decorator to None, run_after=None
[2022-10-11T20:26:32.656-0500] {processor.py:178} INFO - Processing /home/gabsiston/Documentos/projetos/airflow-data/venv/lib/python3.8/site-packages/airflow/example_dags/example_dag_decorator.py took 0.139 seconds
[2022-10-11T20:27:07.018-0500] {processor.py:156} INFO - Started process (PID=9127) to work on /home/gabsiston/Documentos/projetos/airflow-data/venv/lib/python3.8/site-packages/airflow/example_dags/example_dag_decorator.py
[2022-10-11T20:27:07.020-0500] {processor.py:758} INFO - Processing file /home/gabsiston/Documentos/projetos/airflow-data/venv/lib/python3.8/site-packages/airflow/example_dags/example_dag_decorator.py for tasks to queue
[2022-10-11T20:27:07.020-0500] {logging_mixin.py:117} INFO - [2022-10-11T20:27:07.020-0500] {dagbag.py:525} INFO - Filling up the DagBag from /home/gabsiston/Documentos/projetos/airflow-data/venv/lib/python3.8/site-packages/airflow/example_dags/example_dag_decorator.py
[2022-10-11T20:27:07.044-0500] {processor.py:768} INFO - DAG(s) dict_keys(['example_dag_decorator']) retrieved from /home/gabsiston/Documentos/projetos/airflow-data/venv/lib/python3.8/site-packages/airflow/example_dags/example_dag_decorator.py
[2022-10-11T20:27:07.089-0500] {logging_mixin.py:117} INFO - [2022-10-11T20:27:07.088-0500] {dag.py:2573} INFO - Sync 1 DAGs
[2022-10-11T20:27:07.104-0500] {logging_mixin.py:117} INFO - [2022-10-11T20:27:07.104-0500] {dag.py:3324} INFO - Setting next_dagrun for example_dag_decorator to None, run_after=None
[2022-10-11T20:27:07.126-0500] {processor.py:178} INFO - Processing /home/gabsiston/Documentos/projetos/airflow-data/venv/lib/python3.8/site-packages/airflow/example_dags/example_dag_decorator.py took 0.111 seconds
[2022-10-11T20:27:44.025-0500] {processor.py:156} INFO - Started process (PID=9536) to work on /home/gabsiston/Documentos/projetos/airflow-data/venv/lib/python3.8/site-packages/airflow/example_dags/example_dag_decorator.py
[2022-10-11T20:27:44.028-0500] {processor.py:758} INFO - Processing file /home/gabsiston/Documentos/projetos/airflow-data/venv/lib/python3.8/site-packages/airflow/example_dags/example_dag_decorator.py for tasks to queue
[2022-10-11T20:27:44.029-0500] {logging_mixin.py:117} INFO - [2022-10-11T20:27:44.028-0500] {dagbag.py:525} INFO - Filling up the DagBag from /home/gabsiston/Documentos/projetos/airflow-data/venv/lib/python3.8/site-packages/airflow/example_dags/example_dag_decorator.py
[2022-10-11T20:27:44.057-0500] {processor.py:768} INFO - DAG(s) dict_keys(['example_dag_decorator']) retrieved from /home/gabsiston/Documentos/projetos/airflow-data/venv/lib/python3.8/site-packages/airflow/example_dags/example_dag_decorator.py
[2022-10-11T20:27:44.099-0500] {logging_mixin.py:117} INFO - [2022-10-11T20:27:44.099-0500] {dag.py:2573} INFO - Sync 1 DAGs
[2022-10-11T20:27:44.112-0500] {logging_mixin.py:117} INFO - [2022-10-11T20:27:44.112-0500] {dag.py:3324} INFO - Setting next_dagrun for example_dag_decorator to None, run_after=None
[2022-10-11T20:27:44.147-0500] {processor.py:178} INFO - Processing /home/gabsiston/Documentos/projetos/airflow-data/venv/lib/python3.8/site-packages/airflow/example_dags/example_dag_decorator.py took 0.125 seconds
[2022-10-11T20:28:19.231-0500] {processor.py:156} INFO - Started process (PID=9858) to work on /home/gabsiston/Documentos/projetos/airflow-data/venv/lib/python3.8/site-packages/airflow/example_dags/example_dag_decorator.py
[2022-10-11T20:28:19.233-0500] {processor.py:758} INFO - Processing file /home/gabsiston/Documentos/projetos/airflow-data/venv/lib/python3.8/site-packages/airflow/example_dags/example_dag_decorator.py for tasks to queue
[2022-10-11T20:28:19.234-0500] {logging_mixin.py:117} INFO - [2022-10-11T20:28:19.234-0500] {dagbag.py:525} INFO - Filling up the DagBag from /home/gabsiston/Documentos/projetos/airflow-data/venv/lib/python3.8/site-packages/airflow/example_dags/example_dag_decorator.py
[2022-10-11T20:28:19.264-0500] {processor.py:768} INFO - DAG(s) dict_keys(['example_dag_decorator']) retrieved from /home/gabsiston/Documentos/projetos/airflow-data/venv/lib/python3.8/site-packages/airflow/example_dags/example_dag_decorator.py
[2022-10-11T20:28:19.309-0500] {logging_mixin.py:117} INFO - [2022-10-11T20:28:19.309-0500] {dag.py:2573} INFO - Sync 1 DAGs
[2022-10-11T20:28:19.322-0500] {logging_mixin.py:117} INFO - [2022-10-11T20:28:19.321-0500] {dag.py:3324} INFO - Setting next_dagrun for example_dag_decorator to None, run_after=None
[2022-10-11T20:28:19.342-0500] {processor.py:178} INFO - Processing /home/gabsiston/Documentos/projetos/airflow-data/venv/lib/python3.8/site-packages/airflow/example_dags/example_dag_decorator.py took 0.114 seconds
[2022-10-11T20:28:54.951-0500] {processor.py:156} INFO - Started process (PID=10111) to work on /home/gabsiston/Documentos/projetos/airflow-data/venv/lib/python3.8/site-packages/airflow/example_dags/example_dag_decorator.py
[2022-10-11T20:28:54.952-0500] {processor.py:758} INFO - Processing file /home/gabsiston/Documentos/projetos/airflow-data/venv/lib/python3.8/site-packages/airflow/example_dags/example_dag_decorator.py for tasks to queue
[2022-10-11T20:28:54.953-0500] {logging_mixin.py:117} INFO - [2022-10-11T20:28:54.953-0500] {dagbag.py:525} INFO - Filling up the DagBag from /home/gabsiston/Documentos/projetos/airflow-data/venv/lib/python3.8/site-packages/airflow/example_dags/example_dag_decorator.py
[2022-10-11T20:28:54.980-0500] {processor.py:768} INFO - DAG(s) dict_keys(['example_dag_decorator']) retrieved from /home/gabsiston/Documentos/projetos/airflow-data/venv/lib/python3.8/site-packages/airflow/example_dags/example_dag_decorator.py
[2022-10-11T20:28:55.028-0500] {logging_mixin.py:117} INFO - [2022-10-11T20:28:55.027-0500] {dag.py:2573} INFO - Sync 1 DAGs
[2022-10-11T20:28:55.053-0500] {logging_mixin.py:117} INFO - [2022-10-11T20:28:55.053-0500] {dag.py:3324} INFO - Setting next_dagrun for example_dag_decorator to None, run_after=None
[2022-10-11T20:28:55.086-0500] {processor.py:178} INFO - Processing /home/gabsiston/Documentos/projetos/airflow-data/venv/lib/python3.8/site-packages/airflow/example_dags/example_dag_decorator.py took 0.137 seconds
[2022-10-11T20:29:31.778-0500] {processor.py:156} INFO - Started process (PID=10327) to work on /home/gabsiston/Documentos/projetos/airflow-data/venv/lib/python3.8/site-packages/airflow/example_dags/example_dag_decorator.py
[2022-10-11T20:29:31.779-0500] {processor.py:758} INFO - Processing file /home/gabsiston/Documentos/projetos/airflow-data/venv/lib/python3.8/site-packages/airflow/example_dags/example_dag_decorator.py for tasks to queue
[2022-10-11T20:29:31.780-0500] {logging_mixin.py:117} INFO - [2022-10-11T20:29:31.780-0500] {dagbag.py:525} INFO - Filling up the DagBag from /home/gabsiston/Documentos/projetos/airflow-data/venv/lib/python3.8/site-packages/airflow/example_dags/example_dag_decorator.py
[2022-10-11T20:29:31.803-0500] {processor.py:768} INFO - DAG(s) dict_keys(['example_dag_decorator']) retrieved from /home/gabsiston/Documentos/projetos/airflow-data/venv/lib/python3.8/site-packages/airflow/example_dags/example_dag_decorator.py
[2022-10-11T20:29:31.842-0500] {logging_mixin.py:117} INFO - [2022-10-11T20:29:31.842-0500] {dag.py:2573} INFO - Sync 1 DAGs
[2022-10-11T20:29:31.854-0500] {logging_mixin.py:117} INFO - [2022-10-11T20:29:31.854-0500] {dag.py:3324} INFO - Setting next_dagrun for example_dag_decorator to None, run_after=None
[2022-10-11T20:29:31.875-0500] {processor.py:178} INFO - Processing /home/gabsiston/Documentos/projetos/airflow-data/venv/lib/python3.8/site-packages/airflow/example_dags/example_dag_decorator.py took 0.099 seconds
[2022-10-11T20:30:07.450-0500] {processor.py:156} INFO - Started process (PID=10511) to work on /home/gabsiston/Documentos/projetos/airflow-data/venv/lib/python3.8/site-packages/airflow/example_dags/example_dag_decorator.py
[2022-10-11T20:30:07.452-0500] {processor.py:758} INFO - Processing file /home/gabsiston/Documentos/projetos/airflow-data/venv/lib/python3.8/site-packages/airflow/example_dags/example_dag_decorator.py for tasks to queue
[2022-10-11T20:30:07.453-0500] {logging_mixin.py:117} INFO - [2022-10-11T20:30:07.453-0500] {dagbag.py:525} INFO - Filling up the DagBag from /home/gabsiston/Documentos/projetos/airflow-data/venv/lib/python3.8/site-packages/airflow/example_dags/example_dag_decorator.py
[2022-10-11T20:30:07.486-0500] {processor.py:768} INFO - DAG(s) dict_keys(['example_dag_decorator']) retrieved from /home/gabsiston/Documentos/projetos/airflow-data/venv/lib/python3.8/site-packages/airflow/example_dags/example_dag_decorator.py
[2022-10-11T20:30:07.530-0500] {logging_mixin.py:117} INFO - [2022-10-11T20:30:07.530-0500] {dag.py:2573} INFO - Sync 1 DAGs
[2022-10-11T20:30:07.544-0500] {logging_mixin.py:117} INFO - [2022-10-11T20:30:07.544-0500] {dag.py:3324} INFO - Setting next_dagrun for example_dag_decorator to None, run_after=None
[2022-10-11T20:30:07.574-0500] {processor.py:178} INFO - Processing /home/gabsiston/Documentos/projetos/airflow-data/venv/lib/python3.8/site-packages/airflow/example_dags/example_dag_decorator.py took 0.128 seconds
[2022-10-11T20:30:44.370-0500] {processor.py:156} INFO - Started process (PID=10770) to work on /home/gabsiston/Documentos/projetos/airflow-data/venv/lib/python3.8/site-packages/airflow/example_dags/example_dag_decorator.py
[2022-10-11T20:30:44.371-0500] {processor.py:758} INFO - Processing file /home/gabsiston/Documentos/projetos/airflow-data/venv/lib/python3.8/site-packages/airflow/example_dags/example_dag_decorator.py for tasks to queue
[2022-10-11T20:30:44.372-0500] {logging_mixin.py:117} INFO - [2022-10-11T20:30:44.372-0500] {dagbag.py:525} INFO - Filling up the DagBag from /home/gabsiston/Documentos/projetos/airflow-data/venv/lib/python3.8/site-packages/airflow/example_dags/example_dag_decorator.py
[2022-10-11T20:30:44.399-0500] {processor.py:768} INFO - DAG(s) dict_keys(['example_dag_decorator']) retrieved from /home/gabsiston/Documentos/projetos/airflow-data/venv/lib/python3.8/site-packages/airflow/example_dags/example_dag_decorator.py
[2022-10-11T20:30:44.443-0500] {logging_mixin.py:117} INFO - [2022-10-11T20:30:44.443-0500] {dag.py:2573} INFO - Sync 1 DAGs
[2022-10-11T20:30:44.458-0500] {logging_mixin.py:117} INFO - [2022-10-11T20:30:44.458-0500] {dag.py:3324} INFO - Setting next_dagrun for example_dag_decorator to None, run_after=None
[2022-10-11T20:30:44.491-0500] {processor.py:178} INFO - Processing /home/gabsiston/Documentos/projetos/airflow-data/venv/lib/python3.8/site-packages/airflow/example_dags/example_dag_decorator.py took 0.124 seconds
[2022-10-11T20:31:21.030-0500] {processor.py:156} INFO - Started process (PID=11103) to work on /home/gabsiston/Documentos/projetos/airflow-data/venv/lib/python3.8/site-packages/airflow/example_dags/example_dag_decorator.py
[2022-10-11T20:31:21.033-0500] {processor.py:758} INFO - Processing file /home/gabsiston/Documentos/projetos/airflow-data/venv/lib/python3.8/site-packages/airflow/example_dags/example_dag_decorator.py for tasks to queue
[2022-10-11T20:31:21.034-0500] {logging_mixin.py:117} INFO - [2022-10-11T20:31:21.034-0500] {dagbag.py:525} INFO - Filling up the DagBag from /home/gabsiston/Documentos/projetos/airflow-data/venv/lib/python3.8/site-packages/airflow/example_dags/example_dag_decorator.py
[2022-10-11T20:31:21.068-0500] {processor.py:768} INFO - DAG(s) dict_keys(['example_dag_decorator']) retrieved from /home/gabsiston/Documentos/projetos/airflow-data/venv/lib/python3.8/site-packages/airflow/example_dags/example_dag_decorator.py
[2022-10-11T20:31:21.117-0500] {logging_mixin.py:117} INFO - [2022-10-11T20:31:21.117-0500] {dag.py:2573} INFO - Sync 1 DAGs
[2022-10-11T20:31:21.131-0500] {logging_mixin.py:117} INFO - [2022-10-11T20:31:21.131-0500] {dag.py:3324} INFO - Setting next_dagrun for example_dag_decorator to None, run_after=None
[2022-10-11T20:31:21.155-0500] {processor.py:178} INFO - Processing /home/gabsiston/Documentos/projetos/airflow-data/venv/lib/python3.8/site-packages/airflow/example_dags/example_dag_decorator.py took 0.132 seconds
[2022-10-11T20:31:56.829-0500] {processor.py:156} INFO - Started process (PID=11352) to work on /home/gabsiston/Documentos/projetos/airflow-data/venv/lib/python3.8/site-packages/airflow/example_dags/example_dag_decorator.py
[2022-10-11T20:31:56.831-0500] {processor.py:758} INFO - Processing file /home/gabsiston/Documentos/projetos/airflow-data/venv/lib/python3.8/site-packages/airflow/example_dags/example_dag_decorator.py for tasks to queue
[2022-10-11T20:31:56.832-0500] {logging_mixin.py:117} INFO - [2022-10-11T20:31:56.831-0500] {dagbag.py:525} INFO - Filling up the DagBag from /home/gabsiston/Documentos/projetos/airflow-data/venv/lib/python3.8/site-packages/airflow/example_dags/example_dag_decorator.py
[2022-10-11T20:31:56.866-0500] {processor.py:768} INFO - DAG(s) dict_keys(['example_dag_decorator']) retrieved from /home/gabsiston/Documentos/projetos/airflow-data/venv/lib/python3.8/site-packages/airflow/example_dags/example_dag_decorator.py
[2022-10-11T20:31:56.912-0500] {logging_mixin.py:117} INFO - [2022-10-11T20:31:56.912-0500] {dag.py:2573} INFO - Sync 1 DAGs
[2022-10-11T20:31:56.926-0500] {logging_mixin.py:117} INFO - [2022-10-11T20:31:56.926-0500] {dag.py:3324} INFO - Setting next_dagrun for example_dag_decorator to None, run_after=None
[2022-10-11T20:31:56.959-0500] {processor.py:178} INFO - Processing /home/gabsiston/Documentos/projetos/airflow-data/venv/lib/python3.8/site-packages/airflow/example_dags/example_dag_decorator.py took 0.133 seconds
[2022-10-11T20:32:28.360-0500] {processor.py:156} INFO - Started process (PID=11519) to work on /home/gabsiston/Documentos/projetos/airflow-data/venv/lib/python3.8/site-packages/airflow/example_dags/example_dag_decorator.py
[2022-10-11T20:32:28.362-0500] {processor.py:758} INFO - Processing file /home/gabsiston/Documentos/projetos/airflow-data/venv/lib/python3.8/site-packages/airflow/example_dags/example_dag_decorator.py for tasks to queue
[2022-10-11T20:32:28.363-0500] {logging_mixin.py:117} INFO - [2022-10-11T20:32:28.363-0500] {dagbag.py:525} INFO - Filling up the DagBag from /home/gabsiston/Documentos/projetos/airflow-data/venv/lib/python3.8/site-packages/airflow/example_dags/example_dag_decorator.py
[2022-10-11T20:32:28.389-0500] {processor.py:768} INFO - DAG(s) dict_keys(['example_dag_decorator']) retrieved from /home/gabsiston/Documentos/projetos/airflow-data/venv/lib/python3.8/site-packages/airflow/example_dags/example_dag_decorator.py
[2022-10-11T20:32:28.430-0500] {logging_mixin.py:117} INFO - [2022-10-11T20:32:28.430-0500] {dag.py:2573} INFO - Sync 1 DAGs
[2022-10-11T20:32:28.443-0500] {logging_mixin.py:117} INFO - [2022-10-11T20:32:28.443-0500] {dag.py:3324} INFO - Setting next_dagrun for example_dag_decorator to None, run_after=None
[2022-10-11T20:32:28.465-0500] {processor.py:178} INFO - Processing /home/gabsiston/Documentos/projetos/airflow-data/venv/lib/python3.8/site-packages/airflow/example_dags/example_dag_decorator.py took 0.108 seconds
[2022-10-11T20:33:01.274-0500] {processor.py:156} INFO - Started process (PID=12001) to work on /home/gabsiston/Documentos/projetos/airflow-data/venv/lib/python3.8/site-packages/airflow/example_dags/example_dag_decorator.py
[2022-10-11T20:33:01.277-0500] {processor.py:758} INFO - Processing file /home/gabsiston/Documentos/projetos/airflow-data/venv/lib/python3.8/site-packages/airflow/example_dags/example_dag_decorator.py for tasks to queue
[2022-10-11T20:33:01.278-0500] {logging_mixin.py:117} INFO - [2022-10-11T20:33:01.278-0500] {dagbag.py:525} INFO - Filling up the DagBag from /home/gabsiston/Documentos/projetos/airflow-data/venv/lib/python3.8/site-packages/airflow/example_dags/example_dag_decorator.py
[2022-10-11T20:33:01.309-0500] {processor.py:768} INFO - DAG(s) dict_keys(['example_dag_decorator']) retrieved from /home/gabsiston/Documentos/projetos/airflow-data/venv/lib/python3.8/site-packages/airflow/example_dags/example_dag_decorator.py
[2022-10-11T20:33:01.355-0500] {logging_mixin.py:117} INFO - [2022-10-11T20:33:01.355-0500] {dag.py:2573} INFO - Sync 1 DAGs
[2022-10-11T20:33:01.370-0500] {logging_mixin.py:117} INFO - [2022-10-11T20:33:01.370-0500] {dag.py:3324} INFO - Setting next_dagrun for example_dag_decorator to None, run_after=None
[2022-10-11T20:33:01.394-0500] {processor.py:178} INFO - Processing /home/gabsiston/Documentos/projetos/airflow-data/venv/lib/python3.8/site-packages/airflow/example_dags/example_dag_decorator.py took 0.127 seconds
[2022-10-11T20:33:37.520-0500] {processor.py:156} INFO - Started process (PID=12199) to work on /home/gabsiston/Documentos/projetos/airflow-data/venv/lib/python3.8/site-packages/airflow/example_dags/example_dag_decorator.py
[2022-10-11T20:33:37.520-0500] {processor.py:758} INFO - Processing file /home/gabsiston/Documentos/projetos/airflow-data/venv/lib/python3.8/site-packages/airflow/example_dags/example_dag_decorator.py for tasks to queue
[2022-10-11T20:33:37.521-0500] {logging_mixin.py:117} INFO - [2022-10-11T20:33:37.521-0500] {dagbag.py:525} INFO - Filling up the DagBag from /home/gabsiston/Documentos/projetos/airflow-data/venv/lib/python3.8/site-packages/airflow/example_dags/example_dag_decorator.py
[2022-10-11T20:33:37.541-0500] {processor.py:768} INFO - DAG(s) dict_keys(['example_dag_decorator']) retrieved from /home/gabsiston/Documentos/projetos/airflow-data/venv/lib/python3.8/site-packages/airflow/example_dags/example_dag_decorator.py
[2022-10-11T20:33:37.577-0500] {logging_mixin.py:117} INFO - [2022-10-11T20:33:37.577-0500] {dag.py:2573} INFO - Sync 1 DAGs
[2022-10-11T20:33:37.588-0500] {logging_mixin.py:117} INFO - [2022-10-11T20:33:37.588-0500] {dag.py:3324} INFO - Setting next_dagrun for example_dag_decorator to None, run_after=None
[2022-10-11T20:33:37.610-0500] {processor.py:178} INFO - Processing /home/gabsiston/Documentos/projetos/airflow-data/venv/lib/python3.8/site-packages/airflow/example_dags/example_dag_decorator.py took 0.093 seconds
[2022-10-11T20:34:13.766-0500] {processor.py:156} INFO - Started process (PID=12378) to work on /home/gabsiston/Documentos/projetos/airflow-data/venv/lib/python3.8/site-packages/airflow/example_dags/example_dag_decorator.py
[2022-10-11T20:34:13.769-0500] {processor.py:758} INFO - Processing file /home/gabsiston/Documentos/projetos/airflow-data/venv/lib/python3.8/site-packages/airflow/example_dags/example_dag_decorator.py for tasks to queue
[2022-10-11T20:34:13.770-0500] {logging_mixin.py:117} INFO - [2022-10-11T20:34:13.770-0500] {dagbag.py:525} INFO - Filling up the DagBag from /home/gabsiston/Documentos/projetos/airflow-data/venv/lib/python3.8/site-packages/airflow/example_dags/example_dag_decorator.py
[2022-10-11T20:34:13.803-0500] {processor.py:768} INFO - DAG(s) dict_keys(['example_dag_decorator']) retrieved from /home/gabsiston/Documentos/projetos/airflow-data/venv/lib/python3.8/site-packages/airflow/example_dags/example_dag_decorator.py
[2022-10-11T20:34:13.843-0500] {logging_mixin.py:117} INFO - [2022-10-11T20:34:13.843-0500] {dag.py:2573} INFO - Sync 1 DAGs
[2022-10-11T20:34:13.856-0500] {logging_mixin.py:117} INFO - [2022-10-11T20:34:13.856-0500] {dag.py:3324} INFO - Setting next_dagrun for example_dag_decorator to None, run_after=None
[2022-10-11T20:34:13.879-0500] {processor.py:178} INFO - Processing /home/gabsiston/Documentos/projetos/airflow-data/venv/lib/python3.8/site-packages/airflow/example_dags/example_dag_decorator.py took 0.115 seconds
[2022-10-11T20:34:48.923-0500] {processor.py:156} INFO - Started process (PID=12578) to work on /home/gabsiston/Documentos/projetos/airflow-data/venv/lib/python3.8/site-packages/airflow/example_dags/example_dag_decorator.py
[2022-10-11T20:34:48.926-0500] {processor.py:758} INFO - Processing file /home/gabsiston/Documentos/projetos/airflow-data/venv/lib/python3.8/site-packages/airflow/example_dags/example_dag_decorator.py for tasks to queue
[2022-10-11T20:34:48.926-0500] {logging_mixin.py:117} INFO - [2022-10-11T20:34:48.926-0500] {dagbag.py:525} INFO - Filling up the DagBag from /home/gabsiston/Documentos/projetos/airflow-data/venv/lib/python3.8/site-packages/airflow/example_dags/example_dag_decorator.py
[2022-10-11T20:34:48.955-0500] {processor.py:768} INFO - DAG(s) dict_keys(['example_dag_decorator']) retrieved from /home/gabsiston/Documentos/projetos/airflow-data/venv/lib/python3.8/site-packages/airflow/example_dags/example_dag_decorator.py
[2022-10-11T20:34:48.997-0500] {logging_mixin.py:117} INFO - [2022-10-11T20:34:48.997-0500] {dag.py:2573} INFO - Sync 1 DAGs
[2022-10-11T20:34:49.010-0500] {logging_mixin.py:117} INFO - [2022-10-11T20:34:49.010-0500] {dag.py:3324} INFO - Setting next_dagrun for example_dag_decorator to None, run_after=None
[2022-10-11T20:34:49.034-0500] {processor.py:178} INFO - Processing /home/gabsiston/Documentos/projetos/airflow-data/venv/lib/python3.8/site-packages/airflow/example_dags/example_dag_decorator.py took 0.113 seconds
[2022-10-11T20:35:20.314-0500] {processor.py:156} INFO - Started process (PID=12789) to work on /home/gabsiston/Documentos/projetos/airflow-data/venv/lib/python3.8/site-packages/airflow/example_dags/example_dag_decorator.py
[2022-10-11T20:35:20.317-0500] {processor.py:758} INFO - Processing file /home/gabsiston/Documentos/projetos/airflow-data/venv/lib/python3.8/site-packages/airflow/example_dags/example_dag_decorator.py for tasks to queue
[2022-10-11T20:35:20.318-0500] {logging_mixin.py:117} INFO - [2022-10-11T20:35:20.318-0500] {dagbag.py:525} INFO - Filling up the DagBag from /home/gabsiston/Documentos/projetos/airflow-data/venv/lib/python3.8/site-packages/airflow/example_dags/example_dag_decorator.py
[2022-10-11T20:35:20.367-0500] {processor.py:768} INFO - DAG(s) dict_keys(['example_dag_decorator']) retrieved from /home/gabsiston/Documentos/projetos/airflow-data/venv/lib/python3.8/site-packages/airflow/example_dags/example_dag_decorator.py
[2022-10-11T20:35:20.410-0500] {logging_mixin.py:117} INFO - [2022-10-11T20:35:20.409-0500] {dag.py:2573} INFO - Sync 1 DAGs
[2022-10-11T20:35:20.422-0500] {logging_mixin.py:117} INFO - [2022-10-11T20:35:20.422-0500] {dag.py:3324} INFO - Setting next_dagrun for example_dag_decorator to None, run_after=None
[2022-10-11T20:35:20.453-0500] {processor.py:178} INFO - Processing /home/gabsiston/Documentos/projetos/airflow-data/venv/lib/python3.8/site-packages/airflow/example_dags/example_dag_decorator.py took 0.142 seconds
[2022-10-11T20:35:56.445-0500] {processor.py:156} INFO - Started process (PID=12977) to work on /home/gabsiston/Documentos/projetos/airflow-data/venv/lib/python3.8/site-packages/airflow/example_dags/example_dag_decorator.py
[2022-10-11T20:35:56.445-0500] {processor.py:758} INFO - Processing file /home/gabsiston/Documentos/projetos/airflow-data/venv/lib/python3.8/site-packages/airflow/example_dags/example_dag_decorator.py for tasks to queue
[2022-10-11T20:35:56.446-0500] {logging_mixin.py:117} INFO - [2022-10-11T20:35:56.446-0500] {dagbag.py:525} INFO - Filling up the DagBag from /home/gabsiston/Documentos/projetos/airflow-data/venv/lib/python3.8/site-packages/airflow/example_dags/example_dag_decorator.py
[2022-10-11T20:35:56.466-0500] {processor.py:768} INFO - DAG(s) dict_keys(['example_dag_decorator']) retrieved from /home/gabsiston/Documentos/projetos/airflow-data/venv/lib/python3.8/site-packages/airflow/example_dags/example_dag_decorator.py
[2022-10-11T20:35:56.505-0500] {logging_mixin.py:117} INFO - [2022-10-11T20:35:56.505-0500] {dag.py:2573} INFO - Sync 1 DAGs
[2022-10-11T20:35:56.518-0500] {logging_mixin.py:117} INFO - [2022-10-11T20:35:56.518-0500] {dag.py:3324} INFO - Setting next_dagrun for example_dag_decorator to None, run_after=None
[2022-10-11T20:35:56.547-0500] {processor.py:178} INFO - Processing /home/gabsiston/Documentos/projetos/airflow-data/venv/lib/python3.8/site-packages/airflow/example_dags/example_dag_decorator.py took 0.104 seconds
[2022-10-11T20:36:34.683-0500] {processor.py:156} INFO - Started process (PID=13381) to work on /home/gabsiston/Documentos/projetos/airflow-data/venv/lib/python3.8/site-packages/airflow/example_dags/example_dag_decorator.py
[2022-10-11T20:36:34.686-0500] {processor.py:758} INFO - Processing file /home/gabsiston/Documentos/projetos/airflow-data/venv/lib/python3.8/site-packages/airflow/example_dags/example_dag_decorator.py for tasks to queue
[2022-10-11T20:36:34.687-0500] {logging_mixin.py:117} INFO - [2022-10-11T20:36:34.686-0500] {dagbag.py:525} INFO - Filling up the DagBag from /home/gabsiston/Documentos/projetos/airflow-data/venv/lib/python3.8/site-packages/airflow/example_dags/example_dag_decorator.py
[2022-10-11T20:36:34.723-0500] {processor.py:768} INFO - DAG(s) dict_keys(['example_dag_decorator']) retrieved from /home/gabsiston/Documentos/projetos/airflow-data/venv/lib/python3.8/site-packages/airflow/example_dags/example_dag_decorator.py
[2022-10-11T20:36:34.797-0500] {logging_mixin.py:117} INFO - [2022-10-11T20:36:34.796-0500] {dag.py:2573} INFO - Sync 1 DAGs
[2022-10-11T20:36:34.821-0500] {logging_mixin.py:117} INFO - [2022-10-11T20:36:34.820-0500] {dag.py:3324} INFO - Setting next_dagrun for example_dag_decorator to None, run_after=None
[2022-10-11T20:36:34.852-0500] {processor.py:178} INFO - Processing /home/gabsiston/Documentos/projetos/airflow-data/venv/lib/python3.8/site-packages/airflow/example_dags/example_dag_decorator.py took 0.176 seconds
[2022-10-11T20:37:09.129-0500] {processor.py:156} INFO - Started process (PID=13578) to work on /home/gabsiston/Documentos/projetos/airflow-data/venv/lib/python3.8/site-packages/airflow/example_dags/example_dag_decorator.py
[2022-10-11T20:37:09.130-0500] {processor.py:758} INFO - Processing file /home/gabsiston/Documentos/projetos/airflow-data/venv/lib/python3.8/site-packages/airflow/example_dags/example_dag_decorator.py for tasks to queue
[2022-10-11T20:37:09.131-0500] {logging_mixin.py:117} INFO - [2022-10-11T20:37:09.131-0500] {dagbag.py:525} INFO - Filling up the DagBag from /home/gabsiston/Documentos/projetos/airflow-data/venv/lib/python3.8/site-packages/airflow/example_dags/example_dag_decorator.py
[2022-10-11T20:37:09.150-0500] {processor.py:768} INFO - DAG(s) dict_keys(['example_dag_decorator']) retrieved from /home/gabsiston/Documentos/projetos/airflow-data/venv/lib/python3.8/site-packages/airflow/example_dags/example_dag_decorator.py
[2022-10-11T20:37:09.187-0500] {logging_mixin.py:117} INFO - [2022-10-11T20:37:09.186-0500] {dag.py:2573} INFO - Sync 1 DAGs
[2022-10-11T20:37:09.198-0500] {logging_mixin.py:117} INFO - [2022-10-11T20:37:09.198-0500] {dag.py:3324} INFO - Setting next_dagrun for example_dag_decorator to None, run_after=None
[2022-10-11T20:37:09.219-0500] {processor.py:178} INFO - Processing /home/gabsiston/Documentos/projetos/airflow-data/venv/lib/python3.8/site-packages/airflow/example_dags/example_dag_decorator.py took 0.092 seconds
