[2022-10-11T20:25:16.505-0500] {processor.py:156} INFO - Started process (PID=7762) to work on /home/gabsiston/Documentos/projetos/airflow-data/venv/lib/python3.8/site-packages/airflow/example_dags/example_bash_operator.py
[2022-10-11T20:25:16.506-0500] {processor.py:758} INFO - Processing file /home/gabsiston/Documentos/projetos/airflow-data/venv/lib/python3.8/site-packages/airflow/example_dags/example_bash_operator.py for tasks to queue
[2022-10-11T20:25:16.507-0500] {logging_mixin.py:117} INFO - [2022-10-11T20:25:16.507-0500] {dagbag.py:525} INFO - Filling up the DagBag from /home/gabsiston/Documentos/projetos/airflow-data/venv/lib/python3.8/site-packages/airflow/example_dags/example_bash_operator.py
[2022-10-11T20:25:16.548-0500] {processor.py:768} INFO - DAG(s) dict_keys(['example_bash_operator']) retrieved from /home/gabsiston/Documentos/projetos/airflow-data/venv/lib/python3.8/site-packages/airflow/example_dags/example_bash_operator.py
[2022-10-11T20:25:16.770-0500] {logging_mixin.py:117} INFO - [2022-10-11T20:25:16.770-0500] {manager.py:507} INFO - Created Permission View: can read on DAG:example_bash_operator
[2022-10-11T20:25:16.788-0500] {logging_mixin.py:117} INFO - [2022-10-11T20:25:16.787-0500] {manager.py:507} INFO - Created Permission View: can edit on DAG:example_bash_operator
[2022-10-11T20:25:16.802-0500] {logging_mixin.py:117} INFO - [2022-10-11T20:25:16.802-0500] {manager.py:507} INFO - Created Permission View: can delete on DAG:example_bash_operator
[2022-10-11T20:25:16.803-0500] {logging_mixin.py:117} INFO - [2022-10-11T20:25:16.803-0500] {dag.py:2573} INFO - Sync 1 DAGs
[2022-10-11T20:25:16.822-0500] {logging_mixin.py:117} INFO - [2022-10-11T20:25:16.822-0500] {dag.py:2594} INFO - Creating ORM DAG for example_bash_operator
[2022-10-11T20:25:16.844-0500] {logging_mixin.py:117} INFO - [2022-10-11T20:25:16.844-0500] {dag.py:3324} INFO - Setting next_dagrun for example_bash_operator to 2022-10-11T00:00:00+00:00, run_after=2022-10-12T00:00:00+00:00
[2022-10-11T20:25:16.888-0500] {processor.py:178} INFO - Processing /home/gabsiston/Documentos/projetos/airflow-data/venv/lib/python3.8/site-packages/airflow/example_dags/example_bash_operator.py took 0.388 seconds
[2022-10-11T20:25:58.335-0500] {processor.py:156} INFO - Started process (PID=8134) to work on /home/gabsiston/Documentos/projetos/airflow-data/venv/lib/python3.8/site-packages/airflow/example_dags/example_bash_operator.py
[2022-10-11T20:25:58.337-0500] {processor.py:758} INFO - Processing file /home/gabsiston/Documentos/projetos/airflow-data/venv/lib/python3.8/site-packages/airflow/example_dags/example_bash_operator.py for tasks to queue
[2022-10-11T20:25:58.337-0500] {logging_mixin.py:117} INFO - [2022-10-11T20:25:58.337-0500] {dagbag.py:525} INFO - Filling up the DagBag from /home/gabsiston/Documentos/projetos/airflow-data/venv/lib/python3.8/site-packages/airflow/example_dags/example_bash_operator.py
[2022-10-11T20:25:58.353-0500] {processor.py:768} INFO - DAG(s) dict_keys(['example_bash_operator']) retrieved from /home/gabsiston/Documentos/projetos/airflow-data/venv/lib/python3.8/site-packages/airflow/example_dags/example_bash_operator.py
[2022-10-11T20:25:58.375-0500] {logging_mixin.py:117} INFO - [2022-10-11T20:25:58.375-0500] {dag.py:2573} INFO - Sync 1 DAGs
[2022-10-11T20:25:58.392-0500] {logging_mixin.py:117} INFO - [2022-10-11T20:25:58.392-0500] {dag.py:3324} INFO - Setting next_dagrun for example_bash_operator to 2022-10-11T00:00:00+00:00, run_after=2022-10-12T00:00:00+00:00
[2022-10-11T20:25:58.413-0500] {processor.py:178} INFO - Processing /home/gabsiston/Documentos/projetos/airflow-data/venv/lib/python3.8/site-packages/airflow/example_dags/example_bash_operator.py took 0.080 seconds
[2022-10-11T20:26:34.884-0500] {processor.py:156} INFO - Started process (PID=8661) to work on /home/gabsiston/Documentos/projetos/airflow-data/venv/lib/python3.8/site-packages/airflow/example_dags/example_bash_operator.py
[2022-10-11T20:26:34.886-0500] {processor.py:758} INFO - Processing file /home/gabsiston/Documentos/projetos/airflow-data/venv/lib/python3.8/site-packages/airflow/example_dags/example_bash_operator.py for tasks to queue
[2022-10-11T20:26:34.887-0500] {logging_mixin.py:117} INFO - [2022-10-11T20:26:34.887-0500] {dagbag.py:525} INFO - Filling up the DagBag from /home/gabsiston/Documentos/projetos/airflow-data/venv/lib/python3.8/site-packages/airflow/example_dags/example_bash_operator.py
[2022-10-11T20:26:34.901-0500] {processor.py:768} INFO - DAG(s) dict_keys(['example_bash_operator']) retrieved from /home/gabsiston/Documentos/projetos/airflow-data/venv/lib/python3.8/site-packages/airflow/example_dags/example_bash_operator.py
[2022-10-11T20:26:34.922-0500] {logging_mixin.py:117} INFO - [2022-10-11T20:26:34.922-0500] {dag.py:2573} INFO - Sync 1 DAGs
[2022-10-11T20:26:34.937-0500] {logging_mixin.py:117} INFO - [2022-10-11T20:26:34.936-0500] {dag.py:3324} INFO - Setting next_dagrun for example_bash_operator to 2022-10-11T00:00:00+00:00, run_after=2022-10-12T00:00:00+00:00
[2022-10-11T20:26:34.955-0500] {processor.py:178} INFO - Processing /home/gabsiston/Documentos/projetos/airflow-data/venv/lib/python3.8/site-packages/airflow/example_dags/example_bash_operator.py took 0.073 seconds
[2022-10-11T20:27:08.160-0500] {processor.py:156} INFO - Started process (PID=9137) to work on /home/gabsiston/Documentos/projetos/airflow-data/venv/lib/python3.8/site-packages/airflow/example_dags/example_bash_operator.py
[2022-10-11T20:27:08.162-0500] {processor.py:758} INFO - Processing file /home/gabsiston/Documentos/projetos/airflow-data/venv/lib/python3.8/site-packages/airflow/example_dags/example_bash_operator.py for tasks to queue
[2022-10-11T20:27:08.163-0500] {logging_mixin.py:117} INFO - [2022-10-11T20:27:08.163-0500] {dagbag.py:525} INFO - Filling up the DagBag from /home/gabsiston/Documentos/projetos/airflow-data/venv/lib/python3.8/site-packages/airflow/example_dags/example_bash_operator.py
[2022-10-11T20:27:08.180-0500] {processor.py:768} INFO - DAG(s) dict_keys(['example_bash_operator']) retrieved from /home/gabsiston/Documentos/projetos/airflow-data/venv/lib/python3.8/site-packages/airflow/example_dags/example_bash_operator.py
[2022-10-11T20:27:08.206-0500] {logging_mixin.py:117} INFO - [2022-10-11T20:27:08.206-0500] {dag.py:2573} INFO - Sync 1 DAGs
[2022-10-11T20:27:08.226-0500] {logging_mixin.py:117} INFO - [2022-10-11T20:27:08.226-0500] {dag.py:3324} INFO - Setting next_dagrun for example_bash_operator to 2022-10-11T00:00:00+00:00, run_after=2022-10-12T00:00:00+00:00
[2022-10-11T20:27:08.251-0500] {processor.py:178} INFO - Processing /home/gabsiston/Documentos/projetos/airflow-data/venv/lib/python3.8/site-packages/airflow/example_dags/example_bash_operator.py took 0.093 seconds
[2022-10-11T20:27:46.435-0500] {processor.py:156} INFO - Started process (PID=9545) to work on /home/gabsiston/Documentos/projetos/airflow-data/venv/lib/python3.8/site-packages/airflow/example_dags/example_bash_operator.py
[2022-10-11T20:27:46.445-0500] {processor.py:758} INFO - Processing file /home/gabsiston/Documentos/projetos/airflow-data/venv/lib/python3.8/site-packages/airflow/example_dags/example_bash_operator.py for tasks to queue
[2022-10-11T20:27:46.446-0500] {logging_mixin.py:117} INFO - [2022-10-11T20:27:46.446-0500] {dagbag.py:525} INFO - Filling up the DagBag from /home/gabsiston/Documentos/projetos/airflow-data/venv/lib/python3.8/site-packages/airflow/example_dags/example_bash_operator.py
[2022-10-11T20:27:46.476-0500] {processor.py:768} INFO - DAG(s) dict_keys(['example_bash_operator']) retrieved from /home/gabsiston/Documentos/projetos/airflow-data/venv/lib/python3.8/site-packages/airflow/example_dags/example_bash_operator.py
[2022-10-11T20:27:46.501-0500] {logging_mixin.py:117} INFO - [2022-10-11T20:27:46.501-0500] {dag.py:2573} INFO - Sync 1 DAGs
[2022-10-11T20:27:46.517-0500] {logging_mixin.py:117} INFO - [2022-10-11T20:27:46.517-0500] {dag.py:3324} INFO - Setting next_dagrun for example_bash_operator to 2022-10-11T00:00:00+00:00, run_after=2022-10-12T00:00:00+00:00
[2022-10-11T20:27:46.538-0500] {processor.py:178} INFO - Processing /home/gabsiston/Documentos/projetos/airflow-data/venv/lib/python3.8/site-packages/airflow/example_dags/example_bash_operator.py took 0.109 seconds
[2022-10-11T20:28:22.851-0500] {processor.py:156} INFO - Started process (PID=9875) to work on /home/gabsiston/Documentos/projetos/airflow-data/venv/lib/python3.8/site-packages/airflow/example_dags/example_bash_operator.py
[2022-10-11T20:28:22.852-0500] {processor.py:758} INFO - Processing file /home/gabsiston/Documentos/projetos/airflow-data/venv/lib/python3.8/site-packages/airflow/example_dags/example_bash_operator.py for tasks to queue
[2022-10-11T20:28:22.852-0500] {logging_mixin.py:117} INFO - [2022-10-11T20:28:22.852-0500] {dagbag.py:525} INFO - Filling up the DagBag from /home/gabsiston/Documentos/projetos/airflow-data/venv/lib/python3.8/site-packages/airflow/example_dags/example_bash_operator.py
[2022-10-11T20:28:22.870-0500] {processor.py:768} INFO - DAG(s) dict_keys(['example_bash_operator']) retrieved from /home/gabsiston/Documentos/projetos/airflow-data/venv/lib/python3.8/site-packages/airflow/example_dags/example_bash_operator.py
[2022-10-11T20:28:22.897-0500] {logging_mixin.py:117} INFO - [2022-10-11T20:28:22.897-0500] {dag.py:2573} INFO - Sync 1 DAGs
[2022-10-11T20:28:22.915-0500] {logging_mixin.py:117} INFO - [2022-10-11T20:28:22.915-0500] {dag.py:3324} INFO - Setting next_dagrun for example_bash_operator to 2022-10-11T00:00:00+00:00, run_after=2022-10-12T00:00:00+00:00
[2022-10-11T20:28:22.948-0500] {processor.py:178} INFO - Processing /home/gabsiston/Documentos/projetos/airflow-data/venv/lib/python3.8/site-packages/airflow/example_dags/example_bash_operator.py took 0.101 seconds
[2022-10-11T20:28:58.274-0500] {processor.py:156} INFO - Started process (PID=10152) to work on /home/gabsiston/Documentos/projetos/airflow-data/venv/lib/python3.8/site-packages/airflow/example_dags/example_bash_operator.py
[2022-10-11T20:28:58.276-0500] {processor.py:758} INFO - Processing file /home/gabsiston/Documentos/projetos/airflow-data/venv/lib/python3.8/site-packages/airflow/example_dags/example_bash_operator.py for tasks to queue
[2022-10-11T20:28:58.277-0500] {logging_mixin.py:117} INFO - [2022-10-11T20:28:58.276-0500] {dagbag.py:525} INFO - Filling up the DagBag from /home/gabsiston/Documentos/projetos/airflow-data/venv/lib/python3.8/site-packages/airflow/example_dags/example_bash_operator.py
[2022-10-11T20:28:58.299-0500] {processor.py:768} INFO - DAG(s) dict_keys(['example_bash_operator']) retrieved from /home/gabsiston/Documentos/projetos/airflow-data/venv/lib/python3.8/site-packages/airflow/example_dags/example_bash_operator.py
[2022-10-11T20:28:58.327-0500] {logging_mixin.py:117} INFO - [2022-10-11T20:28:58.326-0500] {dag.py:2573} INFO - Sync 1 DAGs
[2022-10-11T20:28:58.347-0500] {logging_mixin.py:117} INFO - [2022-10-11T20:28:58.347-0500] {dag.py:3324} INFO - Setting next_dagrun for example_bash_operator to 2022-10-11T00:00:00+00:00, run_after=2022-10-12T00:00:00+00:00
[2022-10-11T20:28:58.368-0500] {processor.py:178} INFO - Processing /home/gabsiston/Documentos/projetos/airflow-data/venv/lib/python3.8/site-packages/airflow/example_dags/example_bash_operator.py took 0.097 seconds
[2022-10-11T20:29:34.484-0500] {processor.py:156} INFO - Started process (PID=10342) to work on /home/gabsiston/Documentos/projetos/airflow-data/venv/lib/python3.8/site-packages/airflow/example_dags/example_bash_operator.py
[2022-10-11T20:29:34.488-0500] {processor.py:758} INFO - Processing file /home/gabsiston/Documentos/projetos/airflow-data/venv/lib/python3.8/site-packages/airflow/example_dags/example_bash_operator.py for tasks to queue
[2022-10-11T20:29:34.490-0500] {logging_mixin.py:117} INFO - [2022-10-11T20:29:34.490-0500] {dagbag.py:525} INFO - Filling up the DagBag from /home/gabsiston/Documentos/projetos/airflow-data/venv/lib/python3.8/site-packages/airflow/example_dags/example_bash_operator.py
[2022-10-11T20:29:34.520-0500] {processor.py:768} INFO - DAG(s) dict_keys(['example_bash_operator']) retrieved from /home/gabsiston/Documentos/projetos/airflow-data/venv/lib/python3.8/site-packages/airflow/example_dags/example_bash_operator.py
[2022-10-11T20:29:34.546-0500] {logging_mixin.py:117} INFO - [2022-10-11T20:29:34.546-0500] {dag.py:2573} INFO - Sync 1 DAGs
[2022-10-11T20:29:34.564-0500] {logging_mixin.py:117} INFO - [2022-10-11T20:29:34.564-0500] {dag.py:3324} INFO - Setting next_dagrun for example_bash_operator to 2022-10-11T00:00:00+00:00, run_after=2022-10-12T00:00:00+00:00
[2022-10-11T20:29:34.585-0500] {processor.py:178} INFO - Processing /home/gabsiston/Documentos/projetos/airflow-data/venv/lib/python3.8/site-packages/airflow/example_dags/example_bash_operator.py took 0.110 seconds
[2022-10-11T20:30:11.457-0500] {processor.py:156} INFO - Started process (PID=10584) to work on /home/gabsiston/Documentos/projetos/airflow-data/venv/lib/python3.8/site-packages/airflow/example_dags/example_bash_operator.py
[2022-10-11T20:30:11.459-0500] {processor.py:758} INFO - Processing file /home/gabsiston/Documentos/projetos/airflow-data/venv/lib/python3.8/site-packages/airflow/example_dags/example_bash_operator.py for tasks to queue
[2022-10-11T20:30:11.459-0500] {logging_mixin.py:117} INFO - [2022-10-11T20:30:11.459-0500] {dagbag.py:525} INFO - Filling up the DagBag from /home/gabsiston/Documentos/projetos/airflow-data/venv/lib/python3.8/site-packages/airflow/example_dags/example_bash_operator.py
[2022-10-11T20:30:11.486-0500] {processor.py:768} INFO - DAG(s) dict_keys(['example_bash_operator']) retrieved from /home/gabsiston/Documentos/projetos/airflow-data/venv/lib/python3.8/site-packages/airflow/example_dags/example_bash_operator.py
[2022-10-11T20:30:11.514-0500] {logging_mixin.py:117} INFO - [2022-10-11T20:30:11.514-0500] {dag.py:2573} INFO - Sync 1 DAGs
[2022-10-11T20:30:11.533-0500] {logging_mixin.py:117} INFO - [2022-10-11T20:30:11.533-0500] {dag.py:3324} INFO - Setting next_dagrun for example_bash_operator to 2022-10-11T00:00:00+00:00, run_after=2022-10-12T00:00:00+00:00
[2022-10-11T20:30:11.555-0500] {processor.py:178} INFO - Processing /home/gabsiston/Documentos/projetos/airflow-data/venv/lib/python3.8/site-packages/airflow/example_dags/example_bash_operator.py took 0.102 seconds
[2022-10-11T20:30:46.066-0500] {processor.py:156} INFO - Started process (PID=10779) to work on /home/gabsiston/Documentos/projetos/airflow-data/venv/lib/python3.8/site-packages/airflow/example_dags/example_bash_operator.py
[2022-10-11T20:30:46.068-0500] {processor.py:758} INFO - Processing file /home/gabsiston/Documentos/projetos/airflow-data/venv/lib/python3.8/site-packages/airflow/example_dags/example_bash_operator.py for tasks to queue
[2022-10-11T20:30:46.069-0500] {logging_mixin.py:117} INFO - [2022-10-11T20:30:46.068-0500] {dagbag.py:525} INFO - Filling up the DagBag from /home/gabsiston/Documentos/projetos/airflow-data/venv/lib/python3.8/site-packages/airflow/example_dags/example_bash_operator.py
[2022-10-11T20:30:46.089-0500] {processor.py:768} INFO - DAG(s) dict_keys(['example_bash_operator']) retrieved from /home/gabsiston/Documentos/projetos/airflow-data/venv/lib/python3.8/site-packages/airflow/example_dags/example_bash_operator.py
[2022-10-11T20:30:46.117-0500] {logging_mixin.py:117} INFO - [2022-10-11T20:30:46.117-0500] {dag.py:2573} INFO - Sync 1 DAGs
[2022-10-11T20:30:46.136-0500] {logging_mixin.py:117} INFO - [2022-10-11T20:30:46.136-0500] {dag.py:3324} INFO - Setting next_dagrun for example_bash_operator to 2022-10-11T00:00:00+00:00, run_after=2022-10-12T00:00:00+00:00
[2022-10-11T20:30:46.158-0500] {processor.py:178} INFO - Processing /home/gabsiston/Documentos/projetos/airflow-data/venv/lib/python3.8/site-packages/airflow/example_dags/example_bash_operator.py took 0.096 seconds
[2022-10-11T20:31:22.543-0500] {processor.py:156} INFO - Started process (PID=11115) to work on /home/gabsiston/Documentos/projetos/airflow-data/venv/lib/python3.8/site-packages/airflow/example_dags/example_bash_operator.py
[2022-10-11T20:31:22.545-0500] {processor.py:758} INFO - Processing file /home/gabsiston/Documentos/projetos/airflow-data/venv/lib/python3.8/site-packages/airflow/example_dags/example_bash_operator.py for tasks to queue
[2022-10-11T20:31:22.546-0500] {logging_mixin.py:117} INFO - [2022-10-11T20:31:22.546-0500] {dagbag.py:525} INFO - Filling up the DagBag from /home/gabsiston/Documentos/projetos/airflow-data/venv/lib/python3.8/site-packages/airflow/example_dags/example_bash_operator.py
[2022-10-11T20:31:22.570-0500] {processor.py:768} INFO - DAG(s) dict_keys(['example_bash_operator']) retrieved from /home/gabsiston/Documentos/projetos/airflow-data/venv/lib/python3.8/site-packages/airflow/example_dags/example_bash_operator.py
[2022-10-11T20:31:22.596-0500] {logging_mixin.py:117} INFO - [2022-10-11T20:31:22.596-0500] {dag.py:2573} INFO - Sync 1 DAGs
[2022-10-11T20:31:22.613-0500] {logging_mixin.py:117} INFO - [2022-10-11T20:31:22.613-0500] {dag.py:3324} INFO - Setting next_dagrun for example_bash_operator to 2022-10-11T00:00:00+00:00, run_after=2022-10-12T00:00:00+00:00
[2022-10-11T20:31:22.656-0500] {processor.py:178} INFO - Processing /home/gabsiston/Documentos/projetos/airflow-data/venv/lib/python3.8/site-packages/airflow/example_dags/example_bash_operator.py took 0.115 seconds
[2022-10-11T20:31:58.936-0500] {processor.py:156} INFO - Started process (PID=11361) to work on /home/gabsiston/Documentos/projetos/airflow-data/venv/lib/python3.8/site-packages/airflow/example_dags/example_bash_operator.py
[2022-10-11T20:31:58.940-0500] {processor.py:758} INFO - Processing file /home/gabsiston/Documentos/projetos/airflow-data/venv/lib/python3.8/site-packages/airflow/example_dags/example_bash_operator.py for tasks to queue
[2022-10-11T20:31:58.942-0500] {logging_mixin.py:117} INFO - [2022-10-11T20:31:58.942-0500] {dagbag.py:525} INFO - Filling up the DagBag from /home/gabsiston/Documentos/projetos/airflow-data/venv/lib/python3.8/site-packages/airflow/example_dags/example_bash_operator.py
[2022-10-11T20:31:58.969-0500] {processor.py:768} INFO - DAG(s) dict_keys(['example_bash_operator']) retrieved from /home/gabsiston/Documentos/projetos/airflow-data/venv/lib/python3.8/site-packages/airflow/example_dags/example_bash_operator.py
[2022-10-11T20:31:58.993-0500] {logging_mixin.py:117} INFO - [2022-10-11T20:31:58.993-0500] {dag.py:2573} INFO - Sync 1 DAGs
[2022-10-11T20:31:59.009-0500] {logging_mixin.py:117} INFO - [2022-10-11T20:31:59.009-0500] {dag.py:3324} INFO - Setting next_dagrun for example_bash_operator to 2022-10-11T00:00:00+00:00, run_after=2022-10-12T00:00:00+00:00
[2022-10-11T20:31:59.032-0500] {processor.py:178} INFO - Processing /home/gabsiston/Documentos/projetos/airflow-data/venv/lib/python3.8/site-packages/airflow/example_dags/example_bash_operator.py took 0.104 seconds
[2022-10-11T20:32:34.513-0500] {processor.py:156} INFO - Started process (PID=11606) to work on /home/gabsiston/Documentos/projetos/airflow-data/venv/lib/python3.8/site-packages/airflow/example_dags/example_bash_operator.py
[2022-10-11T20:32:34.515-0500] {processor.py:758} INFO - Processing file /home/gabsiston/Documentos/projetos/airflow-data/venv/lib/python3.8/site-packages/airflow/example_dags/example_bash_operator.py for tasks to queue
[2022-10-11T20:32:34.516-0500] {logging_mixin.py:117} INFO - [2022-10-11T20:32:34.516-0500] {dagbag.py:525} INFO - Filling up the DagBag from /home/gabsiston/Documentos/projetos/airflow-data/venv/lib/python3.8/site-packages/airflow/example_dags/example_bash_operator.py
[2022-10-11T20:32:34.534-0500] {processor.py:768} INFO - DAG(s) dict_keys(['example_bash_operator']) retrieved from /home/gabsiston/Documentos/projetos/airflow-data/venv/lib/python3.8/site-packages/airflow/example_dags/example_bash_operator.py
[2022-10-11T20:32:34.559-0500] {logging_mixin.py:117} INFO - [2022-10-11T20:32:34.559-0500] {dag.py:2573} INFO - Sync 1 DAGs
[2022-10-11T20:32:34.579-0500] {logging_mixin.py:117} INFO - [2022-10-11T20:32:34.579-0500] {dag.py:3324} INFO - Setting next_dagrun for example_bash_operator to 2022-10-11T00:00:00+00:00, run_after=2022-10-12T00:00:00+00:00
[2022-10-11T20:32:34.600-0500] {processor.py:178} INFO - Processing /home/gabsiston/Documentos/projetos/airflow-data/venv/lib/python3.8/site-packages/airflow/example_dags/example_bash_operator.py took 0.089 seconds
[2022-10-11T20:33:06.383-0500] {processor.py:156} INFO - Started process (PID=12025) to work on /home/gabsiston/Documentos/projetos/airflow-data/venv/lib/python3.8/site-packages/airflow/example_dags/example_bash_operator.py
[2022-10-11T20:33:06.385-0500] {processor.py:758} INFO - Processing file /home/gabsiston/Documentos/projetos/airflow-data/venv/lib/python3.8/site-packages/airflow/example_dags/example_bash_operator.py for tasks to queue
[2022-10-11T20:33:06.385-0500] {logging_mixin.py:117} INFO - [2022-10-11T20:33:06.385-0500] {dagbag.py:525} INFO - Filling up the DagBag from /home/gabsiston/Documentos/projetos/airflow-data/venv/lib/python3.8/site-packages/airflow/example_dags/example_bash_operator.py
[2022-10-11T20:33:06.406-0500] {processor.py:768} INFO - DAG(s) dict_keys(['example_bash_operator']) retrieved from /home/gabsiston/Documentos/projetos/airflow-data/venv/lib/python3.8/site-packages/airflow/example_dags/example_bash_operator.py
[2022-10-11T20:33:06.433-0500] {logging_mixin.py:117} INFO - [2022-10-11T20:33:06.433-0500] {dag.py:2573} INFO - Sync 1 DAGs
[2022-10-11T20:33:06.452-0500] {logging_mixin.py:117} INFO - [2022-10-11T20:33:06.452-0500] {dag.py:3324} INFO - Setting next_dagrun for example_bash_operator to 2022-10-11T00:00:00+00:00, run_after=2022-10-12T00:00:00+00:00
[2022-10-11T20:33:06.475-0500] {processor.py:178} INFO - Processing /home/gabsiston/Documentos/projetos/airflow-data/venv/lib/python3.8/site-packages/airflow/example_dags/example_bash_operator.py took 0.094 seconds
[2022-10-11T20:33:44.096-0500] {processor.py:156} INFO - Started process (PID=12233) to work on /home/gabsiston/Documentos/projetos/airflow-data/venv/lib/python3.8/site-packages/airflow/example_dags/example_bash_operator.py
[2022-10-11T20:33:44.099-0500] {processor.py:758} INFO - Processing file /home/gabsiston/Documentos/projetos/airflow-data/venv/lib/python3.8/site-packages/airflow/example_dags/example_bash_operator.py for tasks to queue
[2022-10-11T20:33:44.101-0500] {logging_mixin.py:117} INFO - [2022-10-11T20:33:44.100-0500] {dagbag.py:525} INFO - Filling up the DagBag from /home/gabsiston/Documentos/projetos/airflow-data/venv/lib/python3.8/site-packages/airflow/example_dags/example_bash_operator.py
[2022-10-11T20:33:44.133-0500] {processor.py:768} INFO - DAG(s) dict_keys(['example_bash_operator']) retrieved from /home/gabsiston/Documentos/projetos/airflow-data/venv/lib/python3.8/site-packages/airflow/example_dags/example_bash_operator.py
[2022-10-11T20:33:44.158-0500] {logging_mixin.py:117} INFO - [2022-10-11T20:33:44.157-0500] {dag.py:2573} INFO - Sync 1 DAGs
[2022-10-11T20:33:44.173-0500] {logging_mixin.py:117} INFO - [2022-10-11T20:33:44.173-0500] {dag.py:3324} INFO - Setting next_dagrun for example_bash_operator to 2022-10-11T00:00:00+00:00, run_after=2022-10-12T00:00:00+00:00
[2022-10-11T20:33:44.203-0500] {processor.py:178} INFO - Processing /home/gabsiston/Documentos/projetos/airflow-data/venv/lib/python3.8/site-packages/airflow/example_dags/example_bash_operator.py took 0.112 seconds
[2022-10-11T20:34:21.283-0500] {processor.py:156} INFO - Started process (PID=12413) to work on /home/gabsiston/Documentos/projetos/airflow-data/venv/lib/python3.8/site-packages/airflow/example_dags/example_bash_operator.py
[2022-10-11T20:34:21.285-0500] {processor.py:758} INFO - Processing file /home/gabsiston/Documentos/projetos/airflow-data/venv/lib/python3.8/site-packages/airflow/example_dags/example_bash_operator.py for tasks to queue
[2022-10-11T20:34:21.285-0500] {logging_mixin.py:117} INFO - [2022-10-11T20:34:21.285-0500] {dagbag.py:525} INFO - Filling up the DagBag from /home/gabsiston/Documentos/projetos/airflow-data/venv/lib/python3.8/site-packages/airflow/example_dags/example_bash_operator.py
[2022-10-11T20:34:21.301-0500] {processor.py:768} INFO - DAG(s) dict_keys(['example_bash_operator']) retrieved from /home/gabsiston/Documentos/projetos/airflow-data/venv/lib/python3.8/site-packages/airflow/example_dags/example_bash_operator.py
[2022-10-11T20:34:21.323-0500] {logging_mixin.py:117} INFO - [2022-10-11T20:34:21.323-0500] {dag.py:2573} INFO - Sync 1 DAGs
[2022-10-11T20:34:21.337-0500] {logging_mixin.py:117} INFO - [2022-10-11T20:34:21.337-0500] {dag.py:3324} INFO - Setting next_dagrun for example_bash_operator to 2022-10-11T00:00:00+00:00, run_after=2022-10-12T00:00:00+00:00
[2022-10-11T20:34:21.356-0500] {processor.py:178} INFO - Processing /home/gabsiston/Documentos/projetos/airflow-data/venv/lib/python3.8/site-packages/airflow/example_dags/example_bash_operator.py took 0.075 seconds
[2022-10-11T20:34:56.633-0500] {processor.py:156} INFO - Started process (PID=12612) to work on /home/gabsiston/Documentos/projetos/airflow-data/venv/lib/python3.8/site-packages/airflow/example_dags/example_bash_operator.py
[2022-10-11T20:34:56.637-0500] {processor.py:758} INFO - Processing file /home/gabsiston/Documentos/projetos/airflow-data/venv/lib/python3.8/site-packages/airflow/example_dags/example_bash_operator.py for tasks to queue
[2022-10-11T20:34:56.639-0500] {logging_mixin.py:117} INFO - [2022-10-11T20:34:56.638-0500] {dagbag.py:525} INFO - Filling up the DagBag from /home/gabsiston/Documentos/projetos/airflow-data/venv/lib/python3.8/site-packages/airflow/example_dags/example_bash_operator.py
[2022-10-11T20:34:56.666-0500] {processor.py:768} INFO - DAG(s) dict_keys(['example_bash_operator']) retrieved from /home/gabsiston/Documentos/projetos/airflow-data/venv/lib/python3.8/site-packages/airflow/example_dags/example_bash_operator.py
[2022-10-11T20:34:56.690-0500] {logging_mixin.py:117} INFO - [2022-10-11T20:34:56.690-0500] {dag.py:2573} INFO - Sync 1 DAGs
[2022-10-11T20:34:56.706-0500] {logging_mixin.py:117} INFO - [2022-10-11T20:34:56.705-0500] {dag.py:3324} INFO - Setting next_dagrun for example_bash_operator to 2022-10-11T00:00:00+00:00, run_after=2022-10-12T00:00:00+00:00
[2022-10-11T20:34:56.726-0500] {processor.py:178} INFO - Processing /home/gabsiston/Documentos/projetos/airflow-data/venv/lib/python3.8/site-packages/airflow/example_dags/example_bash_operator.py took 0.104 seconds
[2022-10-11T20:35:30.771-0500] {processor.py:156} INFO - Started process (PID=12851) to work on /home/gabsiston/Documentos/projetos/airflow-data/venv/lib/python3.8/site-packages/airflow/example_dags/example_bash_operator.py
[2022-10-11T20:35:30.775-0500] {processor.py:758} INFO - Processing file /home/gabsiston/Documentos/projetos/airflow-data/venv/lib/python3.8/site-packages/airflow/example_dags/example_bash_operator.py for tasks to queue
[2022-10-11T20:35:30.777-0500] {logging_mixin.py:117} INFO - [2022-10-11T20:35:30.776-0500] {dagbag.py:525} INFO - Filling up the DagBag from /home/gabsiston/Documentos/projetos/airflow-data/venv/lib/python3.8/site-packages/airflow/example_dags/example_bash_operator.py
[2022-10-11T20:35:30.809-0500] {processor.py:768} INFO - DAG(s) dict_keys(['example_bash_operator']) retrieved from /home/gabsiston/Documentos/projetos/airflow-data/venv/lib/python3.8/site-packages/airflow/example_dags/example_bash_operator.py
[2022-10-11T20:35:30.834-0500] {logging_mixin.py:117} INFO - [2022-10-11T20:35:30.834-0500] {dag.py:2573} INFO - Sync 1 DAGs
[2022-10-11T20:35:30.849-0500] {logging_mixin.py:117} INFO - [2022-10-11T20:35:30.849-0500] {dag.py:3324} INFO - Setting next_dagrun for example_bash_operator to 2022-10-11T00:00:00+00:00, run_after=2022-10-12T00:00:00+00:00
[2022-10-11T20:35:30.871-0500] {processor.py:178} INFO - Processing /home/gabsiston/Documentos/projetos/airflow-data/venv/lib/python3.8/site-packages/airflow/example_dags/example_bash_operator.py took 0.108 seconds
[2022-10-11T20:36:04.385-0500] {processor.py:156} INFO - Started process (PID=13018) to work on /home/gabsiston/Documentos/projetos/airflow-data/venv/lib/python3.8/site-packages/airflow/example_dags/example_bash_operator.py
[2022-10-11T20:36:04.389-0500] {processor.py:758} INFO - Processing file /home/gabsiston/Documentos/projetos/airflow-data/venv/lib/python3.8/site-packages/airflow/example_dags/example_bash_operator.py for tasks to queue
[2022-10-11T20:36:04.391-0500] {logging_mixin.py:117} INFO - [2022-10-11T20:36:04.391-0500] {dagbag.py:525} INFO - Filling up the DagBag from /home/gabsiston/Documentos/projetos/airflow-data/venv/lib/python3.8/site-packages/airflow/example_dags/example_bash_operator.py
[2022-10-11T20:36:04.422-0500] {processor.py:768} INFO - DAG(s) dict_keys(['example_bash_operator']) retrieved from /home/gabsiston/Documentos/projetos/airflow-data/venv/lib/python3.8/site-packages/airflow/example_dags/example_bash_operator.py
[2022-10-11T20:36:04.447-0500] {logging_mixin.py:117} INFO - [2022-10-11T20:36:04.447-0500] {dag.py:2573} INFO - Sync 1 DAGs
[2022-10-11T20:36:04.464-0500] {logging_mixin.py:117} INFO - [2022-10-11T20:36:04.463-0500] {dag.py:3324} INFO - Setting next_dagrun for example_bash_operator to 2022-10-11T00:00:00+00:00, run_after=2022-10-12T00:00:00+00:00
[2022-10-11T20:36:04.485-0500] {processor.py:178} INFO - Processing /home/gabsiston/Documentos/projetos/airflow-data/venv/lib/python3.8/site-packages/airflow/example_dags/example_bash_operator.py took 0.107 seconds
[2022-10-11T20:36:42.490-0500] {processor.py:156} INFO - Started process (PID=13444) to work on /home/gabsiston/Documentos/projetos/airflow-data/venv/lib/python3.8/site-packages/airflow/example_dags/example_bash_operator.py
[2022-10-11T20:36:42.493-0500] {processor.py:758} INFO - Processing file /home/gabsiston/Documentos/projetos/airflow-data/venv/lib/python3.8/site-packages/airflow/example_dags/example_bash_operator.py for tasks to queue
[2022-10-11T20:36:42.494-0500] {logging_mixin.py:117} INFO - [2022-10-11T20:36:42.494-0500] {dagbag.py:525} INFO - Filling up the DagBag from /home/gabsiston/Documentos/projetos/airflow-data/venv/lib/python3.8/site-packages/airflow/example_dags/example_bash_operator.py
[2022-10-11T20:36:42.525-0500] {processor.py:768} INFO - DAG(s) dict_keys(['example_bash_operator']) retrieved from /home/gabsiston/Documentos/projetos/airflow-data/venv/lib/python3.8/site-packages/airflow/example_dags/example_bash_operator.py
[2022-10-11T20:36:42.553-0500] {logging_mixin.py:117} INFO - [2022-10-11T20:36:42.553-0500] {dag.py:2573} INFO - Sync 1 DAGs
[2022-10-11T20:36:42.573-0500] {logging_mixin.py:117} INFO - [2022-10-11T20:36:42.573-0500] {dag.py:3324} INFO - Setting next_dagrun for example_bash_operator to 2022-10-11T00:00:00+00:00, run_after=2022-10-12T00:00:00+00:00
[2022-10-11T20:36:42.607-0500] {processor.py:178} INFO - Processing /home/gabsiston/Documentos/projetos/airflow-data/venv/lib/python3.8/site-packages/airflow/example_dags/example_bash_operator.py took 0.123 seconds
