[2022-10-11T20:25:31.476-0500] {processor.py:156} INFO - Started process (PID=7877) to work on /home/gabsiston/Documentos/projetos/airflow-data/venv/lib/python3.8/site-packages/airflow/example_dags/example_datasets.py
[2022-10-11T20:25:31.477-0500] {processor.py:758} INFO - Processing file /home/gabsiston/Documentos/projetos/airflow-data/venv/lib/python3.8/site-packages/airflow/example_dags/example_datasets.py for tasks to queue
[2022-10-11T20:25:31.477-0500] {logging_mixin.py:117} INFO - [2022-10-11T20:25:31.477-0500] {dagbag.py:525} INFO - Filling up the DagBag from /home/gabsiston/Documentos/projetos/airflow-data/venv/lib/python3.8/site-packages/airflow/example_dags/example_datasets.py
[2022-10-11T20:25:31.491-0500] {processor.py:768} INFO - DAG(s) dict_keys(['dataset_consumes_1', 'dataset_consumes_1_never_scheduled', 'dataset_consumes_1_and_2', 'dataset_produces_2', 'dataset_consumes_unknown_never_scheduled', 'dataset_produces_1']) retrieved from /home/gabsiston/Documentos/projetos/airflow-data/venv/lib/python3.8/site-packages/airflow/example_dags/example_datasets.py
[2022-10-11T20:25:31.596-0500] {logging_mixin.py:117} INFO - [2022-10-11T20:25:31.596-0500] {manager.py:507} INFO - Created Permission View: can read on DAG:dataset_consumes_1
[2022-10-11T20:25:31.609-0500] {logging_mixin.py:117} INFO - [2022-10-11T20:25:31.609-0500] {manager.py:507} INFO - Created Permission View: can edit on DAG:dataset_consumes_1
[2022-10-11T20:25:31.622-0500] {logging_mixin.py:117} INFO - [2022-10-11T20:25:31.622-0500] {manager.py:507} INFO - Created Permission View: can delete on DAG:dataset_consumes_1
[2022-10-11T20:25:31.644-0500] {logging_mixin.py:117} INFO - [2022-10-11T20:25:31.644-0500] {manager.py:507} INFO - Created Permission View: can read on DAG:dataset_consumes_1_never_scheduled
[2022-10-11T20:25:31.656-0500] {logging_mixin.py:117} INFO - [2022-10-11T20:25:31.656-0500] {manager.py:507} INFO - Created Permission View: can edit on DAG:dataset_consumes_1_never_scheduled
[2022-10-11T20:25:31.666-0500] {logging_mixin.py:117} INFO - [2022-10-11T20:25:31.666-0500] {manager.py:507} INFO - Created Permission View: can delete on DAG:dataset_consumes_1_never_scheduled
[2022-10-11T20:25:31.689-0500] {logging_mixin.py:117} INFO - [2022-10-11T20:25:31.689-0500] {manager.py:507} INFO - Created Permission View: can read on DAG:dataset_consumes_1_and_2
[2022-10-11T20:25:31.700-0500] {logging_mixin.py:117} INFO - [2022-10-11T20:25:31.700-0500] {manager.py:507} INFO - Created Permission View: can edit on DAG:dataset_consumes_1_and_2
[2022-10-11T20:25:31.712-0500] {logging_mixin.py:117} INFO - [2022-10-11T20:25:31.711-0500] {manager.py:507} INFO - Created Permission View: can delete on DAG:dataset_consumes_1_and_2
[2022-10-11T20:25:31.734-0500] {logging_mixin.py:117} INFO - [2022-10-11T20:25:31.734-0500] {manager.py:507} INFO - Created Permission View: can read on DAG:dataset_produces_2
[2022-10-11T20:25:31.745-0500] {logging_mixin.py:117} INFO - [2022-10-11T20:25:31.745-0500] {manager.py:507} INFO - Created Permission View: can edit on DAG:dataset_produces_2
[2022-10-11T20:25:31.757-0500] {logging_mixin.py:117} INFO - [2022-10-11T20:25:31.756-0500] {manager.py:507} INFO - Created Permission View: can delete on DAG:dataset_produces_2
[2022-10-11T20:25:31.780-0500] {logging_mixin.py:117} INFO - [2022-10-11T20:25:31.780-0500] {manager.py:507} INFO - Created Permission View: can read on DAG:dataset_consumes_unknown_never_scheduled
[2022-10-11T20:25:31.791-0500] {logging_mixin.py:117} INFO - [2022-10-11T20:25:31.791-0500] {manager.py:507} INFO - Created Permission View: can edit on DAG:dataset_consumes_unknown_never_scheduled
[2022-10-11T20:25:31.802-0500] {logging_mixin.py:117} INFO - [2022-10-11T20:25:31.802-0500] {manager.py:507} INFO - Created Permission View: can delete on DAG:dataset_consumes_unknown_never_scheduled
[2022-10-11T20:25:31.824-0500] {logging_mixin.py:117} INFO - [2022-10-11T20:25:31.824-0500] {manager.py:507} INFO - Created Permission View: can read on DAG:dataset_produces_1
[2022-10-11T20:25:31.835-0500] {logging_mixin.py:117} INFO - [2022-10-11T20:25:31.835-0500] {manager.py:507} INFO - Created Permission View: can edit on DAG:dataset_produces_1
[2022-10-11T20:25:31.846-0500] {logging_mixin.py:117} INFO - [2022-10-11T20:25:31.845-0500] {manager.py:507} INFO - Created Permission View: can delete on DAG:dataset_produces_1
[2022-10-11T20:25:31.846-0500] {logging_mixin.py:117} INFO - [2022-10-11T20:25:31.846-0500] {dag.py:2573} INFO - Sync 6 DAGs
[2022-10-11T20:25:31.854-0500] {logging_mixin.py:117} INFO - [2022-10-11T20:25:31.854-0500] {dag.py:2594} INFO - Creating ORM DAG for dataset_consumes_1
[2022-10-11T20:25:31.854-0500] {logging_mixin.py:117} INFO - [2022-10-11T20:25:31.854-0500] {dag.py:2594} INFO - Creating ORM DAG for dataset_consumes_1_and_2
[2022-10-11T20:25:31.854-0500] {logging_mixin.py:117} INFO - [2022-10-11T20:25:31.854-0500] {dag.py:2594} INFO - Creating ORM DAG for dataset_produces_1
[2022-10-11T20:25:31.855-0500] {logging_mixin.py:117} INFO - [2022-10-11T20:25:31.855-0500] {dag.py:2594} INFO - Creating ORM DAG for dataset_produces_2
[2022-10-11T20:25:31.855-0500] {logging_mixin.py:117} INFO - [2022-10-11T20:25:31.855-0500] {dag.py:2594} INFO - Creating ORM DAG for dataset_consumes_1_never_scheduled
[2022-10-11T20:25:31.855-0500] {logging_mixin.py:117} INFO - [2022-10-11T20:25:31.855-0500] {dag.py:2594} INFO - Creating ORM DAG for dataset_consumes_unknown_never_scheduled
[2022-10-11T20:25:31.862-0500] {logging_mixin.py:117} INFO - [2022-10-11T20:25:31.861-0500] {dag.py:3324} INFO - Setting next_dagrun for dataset_consumes_1 to None, run_after=None
[2022-10-11T20:25:31.862-0500] {logging_mixin.py:117} INFO - [2022-10-11T20:25:31.862-0500] {dag.py:3324} INFO - Setting next_dagrun for dataset_consumes_1_and_2 to None, run_after=None
[2022-10-11T20:25:31.862-0500] {logging_mixin.py:117} INFO - [2022-10-11T20:25:31.862-0500] {dag.py:3324} INFO - Setting next_dagrun for dataset_consumes_1_never_scheduled to None, run_after=None
[2022-10-11T20:25:31.863-0500] {logging_mixin.py:117} INFO - [2022-10-11T20:25:31.863-0500] {dag.py:3324} INFO - Setting next_dagrun for dataset_consumes_unknown_never_scheduled to None, run_after=None
[2022-10-11T20:25:31.864-0500] {logging_mixin.py:117} INFO - [2022-10-11T20:25:31.864-0500] {dag.py:3324} INFO - Setting next_dagrun for dataset_produces_1 to 2022-10-11T00:00:00+00:00, run_after=2022-10-12T00:00:00+00:00
[2022-10-11T20:25:31.865-0500] {logging_mixin.py:117} INFO - [2022-10-11T20:25:31.864-0500] {dag.py:3324} INFO - Setting next_dagrun for dataset_produces_2 to None, run_after=None
[2022-10-11T20:25:31.894-0500] {processor.py:178} INFO - Processing /home/gabsiston/Documentos/projetos/airflow-data/venv/lib/python3.8/site-packages/airflow/example_dags/example_datasets.py took 0.419 seconds
[2022-10-11T20:26:11.438-0500] {processor.py:156} INFO - Started process (PID=8313) to work on /home/gabsiston/Documentos/projetos/airflow-data/venv/lib/python3.8/site-packages/airflow/example_dags/example_datasets.py
[2022-10-11T20:26:11.440-0500] {processor.py:758} INFO - Processing file /home/gabsiston/Documentos/projetos/airflow-data/venv/lib/python3.8/site-packages/airflow/example_dags/example_datasets.py for tasks to queue
[2022-10-11T20:26:11.441-0500] {logging_mixin.py:117} INFO - [2022-10-11T20:26:11.441-0500] {dagbag.py:525} INFO - Filling up the DagBag from /home/gabsiston/Documentos/projetos/airflow-data/venv/lib/python3.8/site-packages/airflow/example_dags/example_datasets.py
[2022-10-11T20:26:11.459-0500] {processor.py:768} INFO - DAG(s) dict_keys(['dataset_consumes_unknown_never_scheduled', 'dataset_produces_1', 'dataset_consumes_1_and_2', 'dataset_consumes_1_never_scheduled', 'dataset_produces_2', 'dataset_consumes_1']) retrieved from /home/gabsiston/Documentos/projetos/airflow-data/venv/lib/python3.8/site-packages/airflow/example_dags/example_datasets.py
[2022-10-11T20:26:11.492-0500] {logging_mixin.py:117} INFO - [2022-10-11T20:26:11.492-0500] {dag.py:2573} INFO - Sync 6 DAGs
[2022-10-11T20:26:11.512-0500] {logging_mixin.py:117} INFO - [2022-10-11T20:26:11.511-0500] {dag.py:3324} INFO - Setting next_dagrun for dataset_consumes_1 to None, run_after=None
[2022-10-11T20:26:11.514-0500] {logging_mixin.py:117} INFO - [2022-10-11T20:26:11.514-0500] {dag.py:3324} INFO - Setting next_dagrun for dataset_consumes_1_and_2 to None, run_after=None
[2022-10-11T20:26:11.515-0500] {logging_mixin.py:117} INFO - [2022-10-11T20:26:11.515-0500] {dag.py:3324} INFO - Setting next_dagrun for dataset_consumes_1_never_scheduled to None, run_after=None
[2022-10-11T20:26:11.516-0500] {logging_mixin.py:117} INFO - [2022-10-11T20:26:11.516-0500] {dag.py:3324} INFO - Setting next_dagrun for dataset_consumes_unknown_never_scheduled to None, run_after=None
[2022-10-11T20:26:11.518-0500] {logging_mixin.py:117} INFO - [2022-10-11T20:26:11.518-0500] {dag.py:3324} INFO - Setting next_dagrun for dataset_produces_1 to 2022-10-11T00:00:00+00:00, run_after=2022-10-12T00:00:00+00:00
[2022-10-11T20:26:11.519-0500] {logging_mixin.py:117} INFO - [2022-10-11T20:26:11.519-0500] {dag.py:3324} INFO - Setting next_dagrun for dataset_produces_2 to None, run_after=None
[2022-10-11T20:26:11.546-0500] {processor.py:178} INFO - Processing /home/gabsiston/Documentos/projetos/airflow-data/venv/lib/python3.8/site-packages/airflow/example_dags/example_datasets.py took 0.111 seconds
[2022-10-11T20:26:46.810-0500] {processor.py:156} INFO - Started process (PID=8786) to work on /home/gabsiston/Documentos/projetos/airflow-data/venv/lib/python3.8/site-packages/airflow/example_dags/example_datasets.py
[2022-10-11T20:26:46.812-0500] {processor.py:758} INFO - Processing file /home/gabsiston/Documentos/projetos/airflow-data/venv/lib/python3.8/site-packages/airflow/example_dags/example_datasets.py for tasks to queue
[2022-10-11T20:26:46.812-0500] {logging_mixin.py:117} INFO - [2022-10-11T20:26:46.812-0500] {dagbag.py:525} INFO - Filling up the DagBag from /home/gabsiston/Documentos/projetos/airflow-data/venv/lib/python3.8/site-packages/airflow/example_dags/example_datasets.py
[2022-10-11T20:26:46.829-0500] {processor.py:768} INFO - DAG(s) dict_keys(['dataset_produces_1', 'dataset_consumes_1', 'dataset_produces_2', 'dataset_consumes_1_never_scheduled', 'dataset_consumes_1_and_2', 'dataset_consumes_unknown_never_scheduled']) retrieved from /home/gabsiston/Documentos/projetos/airflow-data/venv/lib/python3.8/site-packages/airflow/example_dags/example_datasets.py
[2022-10-11T20:26:46.865-0500] {logging_mixin.py:117} INFO - [2022-10-11T20:26:46.865-0500] {dag.py:2573} INFO - Sync 6 DAGs
[2022-10-11T20:26:46.885-0500] {logging_mixin.py:117} INFO - [2022-10-11T20:26:46.885-0500] {dag.py:3324} INFO - Setting next_dagrun for dataset_consumes_1 to None, run_after=None
[2022-10-11T20:26:46.888-0500] {logging_mixin.py:117} INFO - [2022-10-11T20:26:46.888-0500] {dag.py:3324} INFO - Setting next_dagrun for dataset_consumes_1_and_2 to None, run_after=None
[2022-10-11T20:26:46.889-0500] {logging_mixin.py:117} INFO - [2022-10-11T20:26:46.889-0500] {dag.py:3324} INFO - Setting next_dagrun for dataset_consumes_1_never_scheduled to None, run_after=None
[2022-10-11T20:26:46.890-0500] {logging_mixin.py:117} INFO - [2022-10-11T20:26:46.890-0500] {dag.py:3324} INFO - Setting next_dagrun for dataset_consumes_unknown_never_scheduled to None, run_after=None
[2022-10-11T20:26:46.892-0500] {logging_mixin.py:117} INFO - [2022-10-11T20:26:46.892-0500] {dag.py:3324} INFO - Setting next_dagrun for dataset_produces_1 to 2022-10-11T00:00:00+00:00, run_after=2022-10-12T00:00:00+00:00
[2022-10-11T20:26:46.893-0500] {logging_mixin.py:117} INFO - [2022-10-11T20:26:46.893-0500] {dag.py:3324} INFO - Setting next_dagrun for dataset_produces_2 to None, run_after=None
[2022-10-11T20:26:46.924-0500] {processor.py:178} INFO - Processing /home/gabsiston/Documentos/projetos/airflow-data/venv/lib/python3.8/site-packages/airflow/example_dags/example_datasets.py took 0.117 seconds
[2022-10-11T20:27:21.826-0500] {processor.py:156} INFO - Started process (PID=9415) to work on /home/gabsiston/Documentos/projetos/airflow-data/venv/lib/python3.8/site-packages/airflow/example_dags/example_datasets.py
[2022-10-11T20:27:21.828-0500] {processor.py:758} INFO - Processing file /home/gabsiston/Documentos/projetos/airflow-data/venv/lib/python3.8/site-packages/airflow/example_dags/example_datasets.py for tasks to queue
[2022-10-11T20:27:21.829-0500] {logging_mixin.py:117} INFO - [2022-10-11T20:27:21.829-0500] {dagbag.py:525} INFO - Filling up the DagBag from /home/gabsiston/Documentos/projetos/airflow-data/venv/lib/python3.8/site-packages/airflow/example_dags/example_datasets.py
[2022-10-11T20:27:21.849-0500] {processor.py:768} INFO - DAG(s) dict_keys(['dataset_consumes_1_never_scheduled', 'dataset_consumes_1', 'dataset_consumes_unknown_never_scheduled', 'dataset_produces_2', 'dataset_consumes_1_and_2', 'dataset_produces_1']) retrieved from /home/gabsiston/Documentos/projetos/airflow-data/venv/lib/python3.8/site-packages/airflow/example_dags/example_datasets.py
[2022-10-11T20:27:21.884-0500] {logging_mixin.py:117} INFO - [2022-10-11T20:27:21.883-0500] {dag.py:2573} INFO - Sync 6 DAGs
[2022-10-11T20:27:21.902-0500] {logging_mixin.py:117} INFO - [2022-10-11T20:27:21.902-0500] {dag.py:3324} INFO - Setting next_dagrun for dataset_consumes_1 to None, run_after=None
[2022-10-11T20:27:21.905-0500] {logging_mixin.py:117} INFO - [2022-10-11T20:27:21.905-0500] {dag.py:3324} INFO - Setting next_dagrun for dataset_consumes_1_and_2 to None, run_after=None
[2022-10-11T20:27:21.906-0500] {logging_mixin.py:117} INFO - [2022-10-11T20:27:21.906-0500] {dag.py:3324} INFO - Setting next_dagrun for dataset_consumes_1_never_scheduled to None, run_after=None
[2022-10-11T20:27:21.907-0500] {logging_mixin.py:117} INFO - [2022-10-11T20:27:21.907-0500] {dag.py:3324} INFO - Setting next_dagrun for dataset_consumes_unknown_never_scheduled to None, run_after=None
[2022-10-11T20:27:21.909-0500] {logging_mixin.py:117} INFO - [2022-10-11T20:27:21.909-0500] {dag.py:3324} INFO - Setting next_dagrun for dataset_produces_1 to 2022-10-11T00:00:00+00:00, run_after=2022-10-12T00:00:00+00:00
[2022-10-11T20:27:21.910-0500] {logging_mixin.py:117} INFO - [2022-10-11T20:27:21.909-0500] {dag.py:3324} INFO - Setting next_dagrun for dataset_produces_2 to None, run_after=None
[2022-10-11T20:27:21.938-0500] {processor.py:178} INFO - Processing /home/gabsiston/Documentos/projetos/airflow-data/venv/lib/python3.8/site-packages/airflow/example_dags/example_datasets.py took 0.115 seconds
[2022-10-11T20:27:58.455-0500] {processor.py:156} INFO - Started process (PID=9610) to work on /home/gabsiston/Documentos/projetos/airflow-data/venv/lib/python3.8/site-packages/airflow/example_dags/example_datasets.py
[2022-10-11T20:27:58.458-0500] {processor.py:758} INFO - Processing file /home/gabsiston/Documentos/projetos/airflow-data/venv/lib/python3.8/site-packages/airflow/example_dags/example_datasets.py for tasks to queue
[2022-10-11T20:27:58.459-0500] {logging_mixin.py:117} INFO - [2022-10-11T20:27:58.459-0500] {dagbag.py:525} INFO - Filling up the DagBag from /home/gabsiston/Documentos/projetos/airflow-data/venv/lib/python3.8/site-packages/airflow/example_dags/example_datasets.py
[2022-10-11T20:27:58.482-0500] {processor.py:768} INFO - DAG(s) dict_keys(['dataset_consumes_1', 'dataset_consumes_1_never_scheduled', 'dataset_consumes_unknown_never_scheduled', 'dataset_produces_2', 'dataset_consumes_1_and_2', 'dataset_produces_1']) retrieved from /home/gabsiston/Documentos/projetos/airflow-data/venv/lib/python3.8/site-packages/airflow/example_dags/example_datasets.py
[2022-10-11T20:27:58.515-0500] {logging_mixin.py:117} INFO - [2022-10-11T20:27:58.515-0500] {dag.py:2573} INFO - Sync 6 DAGs
[2022-10-11T20:27:58.534-0500] {logging_mixin.py:117} INFO - [2022-10-11T20:27:58.534-0500] {dag.py:3324} INFO - Setting next_dagrun for dataset_consumes_1 to None, run_after=None
[2022-10-11T20:27:58.537-0500] {logging_mixin.py:117} INFO - [2022-10-11T20:27:58.537-0500] {dag.py:3324} INFO - Setting next_dagrun for dataset_consumes_1_and_2 to None, run_after=None
[2022-10-11T20:27:58.538-0500] {logging_mixin.py:117} INFO - [2022-10-11T20:27:58.538-0500] {dag.py:3324} INFO - Setting next_dagrun for dataset_consumes_1_never_scheduled to None, run_after=None
[2022-10-11T20:27:58.539-0500] {logging_mixin.py:117} INFO - [2022-10-11T20:27:58.539-0500] {dag.py:3324} INFO - Setting next_dagrun for dataset_consumes_unknown_never_scheduled to None, run_after=None
[2022-10-11T20:27:58.542-0500] {logging_mixin.py:117} INFO - [2022-10-11T20:27:58.542-0500] {dag.py:3324} INFO - Setting next_dagrun for dataset_produces_1 to 2022-10-11T00:00:00+00:00, run_after=2022-10-12T00:00:00+00:00
[2022-10-11T20:27:58.543-0500] {logging_mixin.py:117} INFO - [2022-10-11T20:27:58.542-0500] {dag.py:3324} INFO - Setting next_dagrun for dataset_produces_2 to None, run_after=None
[2022-10-11T20:27:58.574-0500] {processor.py:178} INFO - Processing /home/gabsiston/Documentos/projetos/airflow-data/venv/lib/python3.8/site-packages/airflow/example_dags/example_datasets.py took 0.126 seconds
[2022-10-11T20:28:34.915-0500] {processor.py:156} INFO - Started process (PID=9972) to work on /home/gabsiston/Documentos/projetos/airflow-data/venv/lib/python3.8/site-packages/airflow/example_dags/example_datasets.py
[2022-10-11T20:28:34.917-0500] {processor.py:758} INFO - Processing file /home/gabsiston/Documentos/projetos/airflow-data/venv/lib/python3.8/site-packages/airflow/example_dags/example_datasets.py for tasks to queue
[2022-10-11T20:28:34.918-0500] {logging_mixin.py:117} INFO - [2022-10-11T20:28:34.918-0500] {dagbag.py:525} INFO - Filling up the DagBag from /home/gabsiston/Documentos/projetos/airflow-data/venv/lib/python3.8/site-packages/airflow/example_dags/example_datasets.py
[2022-10-11T20:28:34.937-0500] {processor.py:768} INFO - DAG(s) dict_keys(['dataset_produces_1', 'dataset_consumes_1', 'dataset_consumes_1_and_2', 'dataset_produces_2', 'dataset_consumes_1_never_scheduled', 'dataset_consumes_unknown_never_scheduled']) retrieved from /home/gabsiston/Documentos/projetos/airflow-data/venv/lib/python3.8/site-packages/airflow/example_dags/example_datasets.py
[2022-10-11T20:28:34.967-0500] {logging_mixin.py:117} INFO - [2022-10-11T20:28:34.967-0500] {dag.py:2573} INFO - Sync 6 DAGs
[2022-10-11T20:28:34.985-0500] {logging_mixin.py:117} INFO - [2022-10-11T20:28:34.984-0500] {dag.py:3324} INFO - Setting next_dagrun for dataset_consumes_1 to None, run_after=None
[2022-10-11T20:28:34.988-0500] {logging_mixin.py:117} INFO - [2022-10-11T20:28:34.988-0500] {dag.py:3324} INFO - Setting next_dagrun for dataset_consumes_1_and_2 to None, run_after=None
[2022-10-11T20:28:34.989-0500] {logging_mixin.py:117} INFO - [2022-10-11T20:28:34.989-0500] {dag.py:3324} INFO - Setting next_dagrun for dataset_consumes_1_never_scheduled to None, run_after=None
[2022-10-11T20:28:34.989-0500] {logging_mixin.py:117} INFO - [2022-10-11T20:28:34.989-0500] {dag.py:3324} INFO - Setting next_dagrun for dataset_consumes_unknown_never_scheduled to None, run_after=None
[2022-10-11T20:28:34.992-0500] {logging_mixin.py:117} INFO - [2022-10-11T20:28:34.992-0500] {dag.py:3324} INFO - Setting next_dagrun for dataset_produces_1 to 2022-10-11T00:00:00+00:00, run_after=2022-10-12T00:00:00+00:00
[2022-10-11T20:28:34.993-0500] {logging_mixin.py:117} INFO - [2022-10-11T20:28:34.993-0500] {dag.py:3324} INFO - Setting next_dagrun for dataset_produces_2 to None, run_after=None
[2022-10-11T20:28:35.019-0500] {processor.py:178} INFO - Processing /home/gabsiston/Documentos/projetos/airflow-data/venv/lib/python3.8/site-packages/airflow/example_dags/example_datasets.py took 0.108 seconds
[2022-10-11T20:29:12.626-0500] {processor.py:156} INFO - Started process (PID=10233) to work on /home/gabsiston/Documentos/projetos/airflow-data/venv/lib/python3.8/site-packages/airflow/example_dags/example_datasets.py
[2022-10-11T20:29:12.630-0500] {processor.py:758} INFO - Processing file /home/gabsiston/Documentos/projetos/airflow-data/venv/lib/python3.8/site-packages/airflow/example_dags/example_datasets.py for tasks to queue
[2022-10-11T20:29:12.632-0500] {logging_mixin.py:117} INFO - [2022-10-11T20:29:12.632-0500] {dagbag.py:525} INFO - Filling up the DagBag from /home/gabsiston/Documentos/projetos/airflow-data/venv/lib/python3.8/site-packages/airflow/example_dags/example_datasets.py
[2022-10-11T20:29:12.663-0500] {processor.py:768} INFO - DAG(s) dict_keys(['dataset_consumes_1', 'dataset_consumes_1_never_scheduled', 'dataset_produces_2', 'dataset_consumes_1_and_2', 'dataset_consumes_unknown_never_scheduled', 'dataset_produces_1']) retrieved from /home/gabsiston/Documentos/projetos/airflow-data/venv/lib/python3.8/site-packages/airflow/example_dags/example_datasets.py
[2022-10-11T20:29:12.693-0500] {logging_mixin.py:117} INFO - [2022-10-11T20:29:12.692-0500] {dag.py:2573} INFO - Sync 6 DAGs
[2022-10-11T20:29:12.709-0500] {logging_mixin.py:117} INFO - [2022-10-11T20:29:12.708-0500] {dag.py:3324} INFO - Setting next_dagrun for dataset_consumes_1 to None, run_after=None
[2022-10-11T20:29:12.711-0500] {logging_mixin.py:117} INFO - [2022-10-11T20:29:12.711-0500] {dag.py:3324} INFO - Setting next_dagrun for dataset_consumes_1_and_2 to None, run_after=None
[2022-10-11T20:29:12.711-0500] {logging_mixin.py:117} INFO - [2022-10-11T20:29:12.711-0500] {dag.py:3324} INFO - Setting next_dagrun for dataset_consumes_1_never_scheduled to None, run_after=None
[2022-10-11T20:29:12.712-0500] {logging_mixin.py:117} INFO - [2022-10-11T20:29:12.712-0500] {dag.py:3324} INFO - Setting next_dagrun for dataset_consumes_unknown_never_scheduled to None, run_after=None
[2022-10-11T20:29:12.714-0500] {logging_mixin.py:117} INFO - [2022-10-11T20:29:12.713-0500] {dag.py:3324} INFO - Setting next_dagrun for dataset_produces_1 to 2022-10-11T00:00:00+00:00, run_after=2022-10-12T00:00:00+00:00
[2022-10-11T20:29:12.714-0500] {logging_mixin.py:117} INFO - [2022-10-11T20:29:12.714-0500] {dag.py:3324} INFO - Setting next_dagrun for dataset_produces_2 to None, run_after=None
[2022-10-11T20:29:12.741-0500] {processor.py:178} INFO - Processing /home/gabsiston/Documentos/projetos/airflow-data/venv/lib/python3.8/site-packages/airflow/example_dags/example_datasets.py took 0.123 seconds
[2022-10-11T20:29:49.909-0500] {processor.py:156} INFO - Started process (PID=10422) to work on /home/gabsiston/Documentos/projetos/airflow-data/venv/lib/python3.8/site-packages/airflow/example_dags/example_datasets.py
[2022-10-11T20:29:49.913-0500] {processor.py:758} INFO - Processing file /home/gabsiston/Documentos/projetos/airflow-data/venv/lib/python3.8/site-packages/airflow/example_dags/example_datasets.py for tasks to queue
[2022-10-11T20:29:49.915-0500] {logging_mixin.py:117} INFO - [2022-10-11T20:29:49.914-0500] {dagbag.py:525} INFO - Filling up the DagBag from /home/gabsiston/Documentos/projetos/airflow-data/venv/lib/python3.8/site-packages/airflow/example_dags/example_datasets.py
[2022-10-11T20:29:49.938-0500] {processor.py:768} INFO - DAG(s) dict_keys(['dataset_consumes_1_never_scheduled', 'dataset_consumes_1_and_2', 'dataset_consumes_unknown_never_scheduled', 'dataset_produces_1', 'dataset_produces_2', 'dataset_consumes_1']) retrieved from /home/gabsiston/Documentos/projetos/airflow-data/venv/lib/python3.8/site-packages/airflow/example_dags/example_datasets.py
[2022-10-11T20:29:49.967-0500] {logging_mixin.py:117} INFO - [2022-10-11T20:29:49.967-0500] {dag.py:2573} INFO - Sync 6 DAGs
[2022-10-11T20:29:49.983-0500] {logging_mixin.py:117} INFO - [2022-10-11T20:29:49.983-0500] {dag.py:3324} INFO - Setting next_dagrun for dataset_consumes_1 to None, run_after=None
[2022-10-11T20:29:49.985-0500] {logging_mixin.py:117} INFO - [2022-10-11T20:29:49.985-0500] {dag.py:3324} INFO - Setting next_dagrun for dataset_consumes_1_and_2 to None, run_after=None
[2022-10-11T20:29:49.986-0500] {logging_mixin.py:117} INFO - [2022-10-11T20:29:49.986-0500] {dag.py:3324} INFO - Setting next_dagrun for dataset_consumes_1_never_scheduled to None, run_after=None
[2022-10-11T20:29:49.986-0500] {logging_mixin.py:117} INFO - [2022-10-11T20:29:49.986-0500] {dag.py:3324} INFO - Setting next_dagrun for dataset_consumes_unknown_never_scheduled to None, run_after=None
[2022-10-11T20:29:49.988-0500] {logging_mixin.py:117} INFO - [2022-10-11T20:29:49.988-0500] {dag.py:3324} INFO - Setting next_dagrun for dataset_produces_1 to 2022-10-11T00:00:00+00:00, run_after=2022-10-12T00:00:00+00:00
[2022-10-11T20:29:49.989-0500] {logging_mixin.py:117} INFO - [2022-10-11T20:29:49.989-0500] {dag.py:3324} INFO - Setting next_dagrun for dataset_produces_2 to None, run_after=None
[2022-10-11T20:29:50.023-0500] {processor.py:178} INFO - Processing /home/gabsiston/Documentos/projetos/airflow-data/venv/lib/python3.8/site-packages/airflow/example_dags/example_datasets.py took 0.122 seconds
[2022-10-11T20:30:27.208-0500] {processor.py:156} INFO - Started process (PID=10666) to work on /home/gabsiston/Documentos/projetos/airflow-data/venv/lib/python3.8/site-packages/airflow/example_dags/example_datasets.py
[2022-10-11T20:30:27.210-0500] {processor.py:758} INFO - Processing file /home/gabsiston/Documentos/projetos/airflow-data/venv/lib/python3.8/site-packages/airflow/example_dags/example_datasets.py for tasks to queue
[2022-10-11T20:30:27.211-0500] {logging_mixin.py:117} INFO - [2022-10-11T20:30:27.211-0500] {dagbag.py:525} INFO - Filling up the DagBag from /home/gabsiston/Documentos/projetos/airflow-data/venv/lib/python3.8/site-packages/airflow/example_dags/example_datasets.py
[2022-10-11T20:30:27.226-0500] {processor.py:768} INFO - DAG(s) dict_keys(['dataset_produces_2', 'dataset_produces_1', 'dataset_consumes_1_and_2', 'dataset_consumes_1', 'dataset_consumes_1_never_scheduled', 'dataset_consumes_unknown_never_scheduled']) retrieved from /home/gabsiston/Documentos/projetos/airflow-data/venv/lib/python3.8/site-packages/airflow/example_dags/example_datasets.py
[2022-10-11T20:30:27.254-0500] {logging_mixin.py:117} INFO - [2022-10-11T20:30:27.254-0500] {dag.py:2573} INFO - Sync 6 DAGs
[2022-10-11T20:30:27.269-0500] {logging_mixin.py:117} INFO - [2022-10-11T20:30:27.269-0500] {dag.py:3324} INFO - Setting next_dagrun for dataset_consumes_1 to None, run_after=None
[2022-10-11T20:30:27.271-0500] {logging_mixin.py:117} INFO - [2022-10-11T20:30:27.271-0500] {dag.py:3324} INFO - Setting next_dagrun for dataset_consumes_1_and_2 to None, run_after=None
[2022-10-11T20:30:27.272-0500] {logging_mixin.py:117} INFO - [2022-10-11T20:30:27.272-0500] {dag.py:3324} INFO - Setting next_dagrun for dataset_consumes_1_never_scheduled to None, run_after=None
[2022-10-11T20:30:27.272-0500] {logging_mixin.py:117} INFO - [2022-10-11T20:30:27.272-0500] {dag.py:3324} INFO - Setting next_dagrun for dataset_consumes_unknown_never_scheduled to None, run_after=None
[2022-10-11T20:30:27.274-0500] {logging_mixin.py:117} INFO - [2022-10-11T20:30:27.274-0500] {dag.py:3324} INFO - Setting next_dagrun for dataset_produces_1 to 2022-10-11T00:00:00+00:00, run_after=2022-10-12T00:00:00+00:00
[2022-10-11T20:30:27.275-0500] {logging_mixin.py:117} INFO - [2022-10-11T20:30:27.275-0500] {dag.py:3324} INFO - Setting next_dagrun for dataset_produces_2 to None, run_after=None
[2022-10-11T20:30:27.306-0500] {processor.py:178} INFO - Processing /home/gabsiston/Documentos/projetos/airflow-data/venv/lib/python3.8/site-packages/airflow/example_dags/example_datasets.py took 0.100 seconds
[2022-10-11T20:31:05.814-0500] {processor.py:156} INFO - Started process (PID=10896) to work on /home/gabsiston/Documentos/projetos/airflow-data/venv/lib/python3.8/site-packages/airflow/example_dags/example_datasets.py
[2022-10-11T20:31:05.816-0500] {processor.py:758} INFO - Processing file /home/gabsiston/Documentos/projetos/airflow-data/venv/lib/python3.8/site-packages/airflow/example_dags/example_datasets.py for tasks to queue
[2022-10-11T20:31:05.816-0500] {logging_mixin.py:117} INFO - [2022-10-11T20:31:05.816-0500] {dagbag.py:525} INFO - Filling up the DagBag from /home/gabsiston/Documentos/projetos/airflow-data/venv/lib/python3.8/site-packages/airflow/example_dags/example_datasets.py
[2022-10-11T20:31:05.832-0500] {processor.py:768} INFO - DAG(s) dict_keys(['dataset_consumes_1_and_2', 'dataset_produces_2', 'dataset_produces_1', 'dataset_consumes_unknown_never_scheduled', 'dataset_consumes_1_never_scheduled', 'dataset_consumes_1']) retrieved from /home/gabsiston/Documentos/projetos/airflow-data/venv/lib/python3.8/site-packages/airflow/example_dags/example_datasets.py
[2022-10-11T20:31:05.858-0500] {logging_mixin.py:117} INFO - [2022-10-11T20:31:05.858-0500] {dag.py:2573} INFO - Sync 6 DAGs
[2022-10-11T20:31:05.872-0500] {logging_mixin.py:117} INFO - [2022-10-11T20:31:05.872-0500] {dag.py:3324} INFO - Setting next_dagrun for dataset_consumes_1 to None, run_after=None
[2022-10-11T20:31:05.874-0500] {logging_mixin.py:117} INFO - [2022-10-11T20:31:05.874-0500] {dag.py:3324} INFO - Setting next_dagrun for dataset_consumes_1_and_2 to None, run_after=None
[2022-10-11T20:31:05.874-0500] {logging_mixin.py:117} INFO - [2022-10-11T20:31:05.874-0500] {dag.py:3324} INFO - Setting next_dagrun for dataset_consumes_1_never_scheduled to None, run_after=None
[2022-10-11T20:31:05.875-0500] {logging_mixin.py:117} INFO - [2022-10-11T20:31:05.875-0500] {dag.py:3324} INFO - Setting next_dagrun for dataset_consumes_unknown_never_scheduled to None, run_after=None
[2022-10-11T20:31:05.876-0500] {logging_mixin.py:117} INFO - [2022-10-11T20:31:05.876-0500] {dag.py:3324} INFO - Setting next_dagrun for dataset_produces_1 to 2022-10-11T00:00:00+00:00, run_after=2022-10-12T00:00:00+00:00
[2022-10-11T20:31:05.877-0500] {logging_mixin.py:117} INFO - [2022-10-11T20:31:05.877-0500] {dag.py:3324} INFO - Setting next_dagrun for dataset_produces_2 to None, run_after=None
[2022-10-11T20:31:05.900-0500] {processor.py:178} INFO - Processing /home/gabsiston/Documentos/projetos/airflow-data/venv/lib/python3.8/site-packages/airflow/example_dags/example_datasets.py took 0.088 seconds
[2022-10-11T20:31:44.800-0500] {processor.py:156} INFO - Started process (PID=11286) to work on /home/gabsiston/Documentos/projetos/airflow-data/venv/lib/python3.8/site-packages/airflow/example_dags/example_datasets.py
[2022-10-11T20:31:44.802-0500] {processor.py:758} INFO - Processing file /home/gabsiston/Documentos/projetos/airflow-data/venv/lib/python3.8/site-packages/airflow/example_dags/example_datasets.py for tasks to queue
[2022-10-11T20:31:44.803-0500] {logging_mixin.py:117} INFO - [2022-10-11T20:31:44.803-0500] {dagbag.py:525} INFO - Filling up the DagBag from /home/gabsiston/Documentos/projetos/airflow-data/venv/lib/python3.8/site-packages/airflow/example_dags/example_datasets.py
[2022-10-11T20:31:44.821-0500] {processor.py:768} INFO - DAG(s) dict_keys(['dataset_consumes_1_never_scheduled', 'dataset_consumes_1_and_2', 'dataset_consumes_1', 'dataset_produces_1', 'dataset_consumes_unknown_never_scheduled', 'dataset_produces_2']) retrieved from /home/gabsiston/Documentos/projetos/airflow-data/venv/lib/python3.8/site-packages/airflow/example_dags/example_datasets.py
[2022-10-11T20:31:44.850-0500] {logging_mixin.py:117} INFO - [2022-10-11T20:31:44.850-0500] {dag.py:2573} INFO - Sync 6 DAGs
[2022-10-11T20:31:44.866-0500] {logging_mixin.py:117} INFO - [2022-10-11T20:31:44.866-0500] {dag.py:3324} INFO - Setting next_dagrun for dataset_consumes_1 to None, run_after=None
[2022-10-11T20:31:44.869-0500] {logging_mixin.py:117} INFO - [2022-10-11T20:31:44.868-0500] {dag.py:3324} INFO - Setting next_dagrun for dataset_consumes_1_and_2 to None, run_after=None
[2022-10-11T20:31:44.869-0500] {logging_mixin.py:117} INFO - [2022-10-11T20:31:44.869-0500] {dag.py:3324} INFO - Setting next_dagrun for dataset_consumes_1_never_scheduled to None, run_after=None
[2022-10-11T20:31:44.870-0500] {logging_mixin.py:117} INFO - [2022-10-11T20:31:44.870-0500] {dag.py:3324} INFO - Setting next_dagrun for dataset_consumes_unknown_never_scheduled to None, run_after=None
[2022-10-11T20:31:44.872-0500] {logging_mixin.py:117} INFO - [2022-10-11T20:31:44.872-0500] {dag.py:3324} INFO - Setting next_dagrun for dataset_produces_1 to 2022-10-11T00:00:00+00:00, run_after=2022-10-12T00:00:00+00:00
[2022-10-11T20:31:44.872-0500] {logging_mixin.py:117} INFO - [2022-10-11T20:31:44.872-0500] {dag.py:3324} INFO - Setting next_dagrun for dataset_produces_2 to None, run_after=None
[2022-10-11T20:31:44.906-0500] {processor.py:178} INFO - Processing /home/gabsiston/Documentos/projetos/airflow-data/venv/lib/python3.8/site-packages/airflow/example_dags/example_datasets.py took 0.108 seconds
[2022-10-11T20:32:23.662-0500] {processor.py:156} INFO - Started process (PID=11489) to work on /home/gabsiston/Documentos/projetos/airflow-data/venv/lib/python3.8/site-packages/airflow/example_dags/example_datasets.py
[2022-10-11T20:32:23.665-0500] {processor.py:758} INFO - Processing file /home/gabsiston/Documentos/projetos/airflow-data/venv/lib/python3.8/site-packages/airflow/example_dags/example_datasets.py for tasks to queue
[2022-10-11T20:32:23.666-0500] {logging_mixin.py:117} INFO - [2022-10-11T20:32:23.665-0500] {dagbag.py:525} INFO - Filling up the DagBag from /home/gabsiston/Documentos/projetos/airflow-data/venv/lib/python3.8/site-packages/airflow/example_dags/example_datasets.py
[2022-10-11T20:32:23.685-0500] {processor.py:768} INFO - DAG(s) dict_keys(['dataset_produces_2', 'dataset_consumes_1_never_scheduled', 'dataset_consumes_1', 'dataset_produces_1', 'dataset_consumes_1_and_2', 'dataset_consumes_unknown_never_scheduled']) retrieved from /home/gabsiston/Documentos/projetos/airflow-data/venv/lib/python3.8/site-packages/airflow/example_dags/example_datasets.py
[2022-10-11T20:32:23.718-0500] {logging_mixin.py:117} INFO - [2022-10-11T20:32:23.718-0500] {dag.py:2573} INFO - Sync 6 DAGs
[2022-10-11T20:32:23.736-0500] {logging_mixin.py:117} INFO - [2022-10-11T20:32:23.736-0500] {dag.py:3324} INFO - Setting next_dagrun for dataset_consumes_1 to None, run_after=None
[2022-10-11T20:32:23.740-0500] {logging_mixin.py:117} INFO - [2022-10-11T20:32:23.740-0500] {dag.py:3324} INFO - Setting next_dagrun for dataset_consumes_1_and_2 to None, run_after=None
[2022-10-11T20:32:23.740-0500] {logging_mixin.py:117} INFO - [2022-10-11T20:32:23.740-0500] {dag.py:3324} INFO - Setting next_dagrun for dataset_consumes_1_never_scheduled to None, run_after=None
[2022-10-11T20:32:23.741-0500] {logging_mixin.py:117} INFO - [2022-10-11T20:32:23.741-0500] {dag.py:3324} INFO - Setting next_dagrun for dataset_consumes_unknown_never_scheduled to None, run_after=None
[2022-10-11T20:32:23.745-0500] {logging_mixin.py:117} INFO - [2022-10-11T20:32:23.744-0500] {dag.py:3324} INFO - Setting next_dagrun for dataset_produces_1 to 2022-10-11T00:00:00+00:00, run_after=2022-10-12T00:00:00+00:00
[2022-10-11T20:32:23.746-0500] {logging_mixin.py:117} INFO - [2022-10-11T20:32:23.745-0500] {dag.py:3324} INFO - Setting next_dagrun for dataset_produces_2 to None, run_after=None
[2022-10-11T20:32:23.774-0500] {processor.py:178} INFO - Processing /home/gabsiston/Documentos/projetos/airflow-data/venv/lib/python3.8/site-packages/airflow/example_dags/example_datasets.py took 0.117 seconds
[2022-10-11T20:32:58.732-0500] {processor.py:156} INFO - Started process (PID=11986) to work on /home/gabsiston/Documentos/projetos/airflow-data/venv/lib/python3.8/site-packages/airflow/example_dags/example_datasets.py
[2022-10-11T20:32:58.733-0500] {processor.py:758} INFO - Processing file /home/gabsiston/Documentos/projetos/airflow-data/venv/lib/python3.8/site-packages/airflow/example_dags/example_datasets.py for tasks to queue
[2022-10-11T20:32:58.733-0500] {logging_mixin.py:117} INFO - [2022-10-11T20:32:58.733-0500] {dagbag.py:525} INFO - Filling up the DagBag from /home/gabsiston/Documentos/projetos/airflow-data/venv/lib/python3.8/site-packages/airflow/example_dags/example_datasets.py
[2022-10-11T20:32:58.745-0500] {processor.py:768} INFO - DAG(s) dict_keys(['dataset_consumes_unknown_never_scheduled', 'dataset_consumes_1_never_scheduled', 'dataset_consumes_1', 'dataset_consumes_1_and_2', 'dataset_produces_1', 'dataset_produces_2']) retrieved from /home/gabsiston/Documentos/projetos/airflow-data/venv/lib/python3.8/site-packages/airflow/example_dags/example_datasets.py
[2022-10-11T20:32:58.769-0500] {logging_mixin.py:117} INFO - [2022-10-11T20:32:58.769-0500] {dag.py:2573} INFO - Sync 6 DAGs
[2022-10-11T20:32:58.783-0500] {logging_mixin.py:117} INFO - [2022-10-11T20:32:58.783-0500] {dag.py:3324} INFO - Setting next_dagrun for dataset_consumes_1 to None, run_after=None
[2022-10-11T20:32:58.785-0500] {logging_mixin.py:117} INFO - [2022-10-11T20:32:58.785-0500] {dag.py:3324} INFO - Setting next_dagrun for dataset_consumes_1_and_2 to None, run_after=None
[2022-10-11T20:32:58.786-0500] {logging_mixin.py:117} INFO - [2022-10-11T20:32:58.786-0500] {dag.py:3324} INFO - Setting next_dagrun for dataset_consumes_1_never_scheduled to None, run_after=None
[2022-10-11T20:32:58.786-0500] {logging_mixin.py:117} INFO - [2022-10-11T20:32:58.786-0500] {dag.py:3324} INFO - Setting next_dagrun for dataset_consumes_unknown_never_scheduled to None, run_after=None
[2022-10-11T20:32:58.788-0500] {logging_mixin.py:117} INFO - [2022-10-11T20:32:58.788-0500] {dag.py:3324} INFO - Setting next_dagrun for dataset_produces_1 to 2022-10-11T00:00:00+00:00, run_after=2022-10-12T00:00:00+00:00
[2022-10-11T20:32:58.788-0500] {logging_mixin.py:117} INFO - [2022-10-11T20:32:58.788-0500] {dag.py:3324} INFO - Setting next_dagrun for dataset_produces_2 to None, run_after=None
[2022-10-11T20:32:58.813-0500] {processor.py:178} INFO - Processing /home/gabsiston/Documentos/projetos/airflow-data/venv/lib/python3.8/site-packages/airflow/example_dags/example_datasets.py took 0.083 seconds
[2022-10-11T20:33:34.824-0500] {processor.py:156} INFO - Started process (PID=12183) to work on /home/gabsiston/Documentos/projetos/airflow-data/venv/lib/python3.8/site-packages/airflow/example_dags/example_datasets.py
[2022-10-11T20:33:34.826-0500] {processor.py:758} INFO - Processing file /home/gabsiston/Documentos/projetos/airflow-data/venv/lib/python3.8/site-packages/airflow/example_dags/example_datasets.py for tasks to queue
[2022-10-11T20:33:34.827-0500] {logging_mixin.py:117} INFO - [2022-10-11T20:33:34.827-0500] {dagbag.py:525} INFO - Filling up the DagBag from /home/gabsiston/Documentos/projetos/airflow-data/venv/lib/python3.8/site-packages/airflow/example_dags/example_datasets.py
[2022-10-11T20:33:34.846-0500] {processor.py:768} INFO - DAG(s) dict_keys(['dataset_consumes_1', 'dataset_produces_1', 'dataset_consumes_unknown_never_scheduled', 'dataset_produces_2', 'dataset_consumes_1_never_scheduled', 'dataset_consumes_1_and_2']) retrieved from /home/gabsiston/Documentos/projetos/airflow-data/venv/lib/python3.8/site-packages/airflow/example_dags/example_datasets.py
[2022-10-11T20:33:34.875-0500] {logging_mixin.py:117} INFO - [2022-10-11T20:33:34.875-0500] {dag.py:2573} INFO - Sync 6 DAGs
[2022-10-11T20:33:34.891-0500] {logging_mixin.py:117} INFO - [2022-10-11T20:33:34.891-0500] {dag.py:3324} INFO - Setting next_dagrun for dataset_consumes_1 to None, run_after=None
[2022-10-11T20:33:34.893-0500] {logging_mixin.py:117} INFO - [2022-10-11T20:33:34.893-0500] {dag.py:3324} INFO - Setting next_dagrun for dataset_consumes_1_and_2 to None, run_after=None
[2022-10-11T20:33:34.894-0500] {logging_mixin.py:117} INFO - [2022-10-11T20:33:34.894-0500] {dag.py:3324} INFO - Setting next_dagrun for dataset_consumes_1_never_scheduled to None, run_after=None
[2022-10-11T20:33:34.895-0500] {logging_mixin.py:117} INFO - [2022-10-11T20:33:34.895-0500] {dag.py:3324} INFO - Setting next_dagrun for dataset_consumes_unknown_never_scheduled to None, run_after=None
[2022-10-11T20:33:34.897-0500] {logging_mixin.py:117} INFO - [2022-10-11T20:33:34.897-0500] {dag.py:3324} INFO - Setting next_dagrun for dataset_produces_1 to 2022-10-11T00:00:00+00:00, run_after=2022-10-12T00:00:00+00:00
[2022-10-11T20:33:34.897-0500] {logging_mixin.py:117} INFO - [2022-10-11T20:33:34.897-0500] {dag.py:3324} INFO - Setting next_dagrun for dataset_produces_2 to None, run_after=None
[2022-10-11T20:33:34.922-0500] {processor.py:178} INFO - Processing /home/gabsiston/Documentos/projetos/airflow-data/venv/lib/python3.8/site-packages/airflow/example_dags/example_datasets.py took 0.100 seconds
[2022-10-11T20:34:10.991-0500] {processor.py:156} INFO - Started process (PID=12360) to work on /home/gabsiston/Documentos/projetos/airflow-data/venv/lib/python3.8/site-packages/airflow/example_dags/example_datasets.py
[2022-10-11T20:34:10.994-0500] {processor.py:758} INFO - Processing file /home/gabsiston/Documentos/projetos/airflow-data/venv/lib/python3.8/site-packages/airflow/example_dags/example_datasets.py for tasks to queue
[2022-10-11T20:34:10.995-0500] {logging_mixin.py:117} INFO - [2022-10-11T20:34:10.994-0500] {dagbag.py:525} INFO - Filling up the DagBag from /home/gabsiston/Documentos/projetos/airflow-data/venv/lib/python3.8/site-packages/airflow/example_dags/example_datasets.py
[2022-10-11T20:34:11.018-0500] {processor.py:768} INFO - DAG(s) dict_keys(['dataset_produces_2', 'dataset_consumes_unknown_never_scheduled', 'dataset_consumes_1_never_scheduled', 'dataset_consumes_1', 'dataset_consumes_1_and_2', 'dataset_produces_1']) retrieved from /home/gabsiston/Documentos/projetos/airflow-data/venv/lib/python3.8/site-packages/airflow/example_dags/example_datasets.py
[2022-10-11T20:34:11.049-0500] {logging_mixin.py:117} INFO - [2022-10-11T20:34:11.048-0500] {dag.py:2573} INFO - Sync 6 DAGs
[2022-10-11T20:34:11.064-0500] {logging_mixin.py:117} INFO - [2022-10-11T20:34:11.064-0500] {dag.py:3324} INFO - Setting next_dagrun for dataset_consumes_1 to None, run_after=None
[2022-10-11T20:34:11.066-0500] {logging_mixin.py:117} INFO - [2022-10-11T20:34:11.066-0500] {dag.py:3324} INFO - Setting next_dagrun for dataset_consumes_1_and_2 to None, run_after=None
[2022-10-11T20:34:11.067-0500] {logging_mixin.py:117} INFO - [2022-10-11T20:34:11.067-0500] {dag.py:3324} INFO - Setting next_dagrun for dataset_consumes_1_never_scheduled to None, run_after=None
[2022-10-11T20:34:11.068-0500] {logging_mixin.py:117} INFO - [2022-10-11T20:34:11.068-0500] {dag.py:3324} INFO - Setting next_dagrun for dataset_consumes_unknown_never_scheduled to None, run_after=None
[2022-10-11T20:34:11.069-0500] {logging_mixin.py:117} INFO - [2022-10-11T20:34:11.069-0500] {dag.py:3324} INFO - Setting next_dagrun for dataset_produces_1 to 2022-10-11T00:00:00+00:00, run_after=2022-10-12T00:00:00+00:00
[2022-10-11T20:34:11.070-0500] {logging_mixin.py:117} INFO - [2022-10-11T20:34:11.070-0500] {dag.py:3324} INFO - Setting next_dagrun for dataset_produces_2 to None, run_after=None
[2022-10-11T20:34:11.105-0500] {processor.py:178} INFO - Processing /home/gabsiston/Documentos/projetos/airflow-data/venv/lib/python3.8/site-packages/airflow/example_dags/example_datasets.py took 0.117 seconds
[2022-10-11T20:34:51.313-0500] {processor.py:156} INFO - Started process (PID=12587) to work on /home/gabsiston/Documentos/projetos/airflow-data/venv/lib/python3.8/site-packages/airflow/example_dags/example_datasets.py
[2022-10-11T20:34:51.315-0500] {processor.py:758} INFO - Processing file /home/gabsiston/Documentos/projetos/airflow-data/venv/lib/python3.8/site-packages/airflow/example_dags/example_datasets.py for tasks to queue
[2022-10-11T20:34:51.315-0500] {logging_mixin.py:117} INFO - [2022-10-11T20:34:51.315-0500] {dagbag.py:525} INFO - Filling up the DagBag from /home/gabsiston/Documentos/projetos/airflow-data/venv/lib/python3.8/site-packages/airflow/example_dags/example_datasets.py
[2022-10-11T20:34:51.331-0500] {processor.py:768} INFO - DAG(s) dict_keys(['dataset_produces_1', 'dataset_consumes_1_never_scheduled', 'dataset_consumes_1_and_2', 'dataset_consumes_unknown_never_scheduled', 'dataset_consumes_1', 'dataset_produces_2']) retrieved from /home/gabsiston/Documentos/projetos/airflow-data/venv/lib/python3.8/site-packages/airflow/example_dags/example_datasets.py
[2022-10-11T20:34:51.359-0500] {logging_mixin.py:117} INFO - [2022-10-11T20:34:51.359-0500] {dag.py:2573} INFO - Sync 6 DAGs
[2022-10-11T20:34:51.374-0500] {logging_mixin.py:117} INFO - [2022-10-11T20:34:51.374-0500] {dag.py:3324} INFO - Setting next_dagrun for dataset_consumes_1 to None, run_after=None
[2022-10-11T20:34:51.376-0500] {logging_mixin.py:117} INFO - [2022-10-11T20:34:51.376-0500] {dag.py:3324} INFO - Setting next_dagrun for dataset_consumes_1_and_2 to None, run_after=None
[2022-10-11T20:34:51.377-0500] {logging_mixin.py:117} INFO - [2022-10-11T20:34:51.377-0500] {dag.py:3324} INFO - Setting next_dagrun for dataset_consumes_1_never_scheduled to None, run_after=None
[2022-10-11T20:34:51.377-0500] {logging_mixin.py:117} INFO - [2022-10-11T20:34:51.377-0500] {dag.py:3324} INFO - Setting next_dagrun for dataset_consumes_unknown_never_scheduled to None, run_after=None
[2022-10-11T20:34:51.379-0500] {logging_mixin.py:117} INFO - [2022-10-11T20:34:51.379-0500] {dag.py:3324} INFO - Setting next_dagrun for dataset_produces_1 to 2022-10-11T00:00:00+00:00, run_after=2022-10-12T00:00:00+00:00
[2022-10-11T20:34:51.380-0500] {logging_mixin.py:117} INFO - [2022-10-11T20:34:51.379-0500] {dag.py:3324} INFO - Setting next_dagrun for dataset_produces_2 to None, run_after=None
[2022-10-11T20:34:51.401-0500] {processor.py:178} INFO - Processing /home/gabsiston/Documentos/projetos/airflow-data/venv/lib/python3.8/site-packages/airflow/example_dags/example_datasets.py took 0.091 seconds
[2022-10-11T20:35:27.526-0500] {processor.py:156} INFO - Started process (PID=12829) to work on /home/gabsiston/Documentos/projetos/airflow-data/venv/lib/python3.8/site-packages/airflow/example_dags/example_datasets.py
[2022-10-11T20:35:27.528-0500] {processor.py:758} INFO - Processing file /home/gabsiston/Documentos/projetos/airflow-data/venv/lib/python3.8/site-packages/airflow/example_dags/example_datasets.py for tasks to queue
[2022-10-11T20:35:27.529-0500] {logging_mixin.py:117} INFO - [2022-10-11T20:35:27.529-0500] {dagbag.py:525} INFO - Filling up the DagBag from /home/gabsiston/Documentos/projetos/airflow-data/venv/lib/python3.8/site-packages/airflow/example_dags/example_datasets.py
[2022-10-11T20:35:27.548-0500] {processor.py:768} INFO - DAG(s) dict_keys(['dataset_consumes_1', 'dataset_produces_2', 'dataset_consumes_1_never_scheduled', 'dataset_consumes_unknown_never_scheduled', 'dataset_produces_1', 'dataset_consumes_1_and_2']) retrieved from /home/gabsiston/Documentos/projetos/airflow-data/venv/lib/python3.8/site-packages/airflow/example_dags/example_datasets.py
[2022-10-11T20:35:27.577-0500] {logging_mixin.py:117} INFO - [2022-10-11T20:35:27.577-0500] {dag.py:2573} INFO - Sync 6 DAGs
[2022-10-11T20:35:27.593-0500] {logging_mixin.py:117} INFO - [2022-10-11T20:35:27.592-0500] {dag.py:3324} INFO - Setting next_dagrun for dataset_consumes_1 to None, run_after=None
[2022-10-11T20:35:27.595-0500] {logging_mixin.py:117} INFO - [2022-10-11T20:35:27.595-0500] {dag.py:3324} INFO - Setting next_dagrun for dataset_consumes_1_and_2 to None, run_after=None
[2022-10-11T20:35:27.595-0500] {logging_mixin.py:117} INFO - [2022-10-11T20:35:27.595-0500] {dag.py:3324} INFO - Setting next_dagrun for dataset_consumes_1_never_scheduled to None, run_after=None
[2022-10-11T20:35:27.596-0500] {logging_mixin.py:117} INFO - [2022-10-11T20:35:27.596-0500] {dag.py:3324} INFO - Setting next_dagrun for dataset_consumes_unknown_never_scheduled to None, run_after=None
[2022-10-11T20:35:27.598-0500] {logging_mixin.py:117} INFO - [2022-10-11T20:35:27.598-0500] {dag.py:3324} INFO - Setting next_dagrun for dataset_produces_1 to 2022-10-11T00:00:00+00:00, run_after=2022-10-12T00:00:00+00:00
[2022-10-11T20:35:27.598-0500] {logging_mixin.py:117} INFO - [2022-10-11T20:35:27.598-0500] {dag.py:3324} INFO - Setting next_dagrun for dataset_produces_2 to None, run_after=None
[2022-10-11T20:35:27.628-0500] {processor.py:178} INFO - Processing /home/gabsiston/Documentos/projetos/airflow-data/venv/lib/python3.8/site-packages/airflow/example_dags/example_datasets.py took 0.104 seconds
[2022-10-11T20:36:05.623-0500] {processor.py:156} INFO - Started process (PID=13025) to work on /home/gabsiston/Documentos/projetos/airflow-data/venv/lib/python3.8/site-packages/airflow/example_dags/example_datasets.py
[2022-10-11T20:36:05.625-0500] {processor.py:758} INFO - Processing file /home/gabsiston/Documentos/projetos/airflow-data/venv/lib/python3.8/site-packages/airflow/example_dags/example_datasets.py for tasks to queue
[2022-10-11T20:36:05.626-0500] {logging_mixin.py:117} INFO - [2022-10-11T20:36:05.626-0500] {dagbag.py:525} INFO - Filling up the DagBag from /home/gabsiston/Documentos/projetos/airflow-data/venv/lib/python3.8/site-packages/airflow/example_dags/example_datasets.py
[2022-10-11T20:36:05.644-0500] {processor.py:768} INFO - DAG(s) dict_keys(['dataset_consumes_1', 'dataset_produces_2', 'dataset_consumes_unknown_never_scheduled', 'dataset_consumes_1_never_scheduled', 'dataset_consumes_1_and_2', 'dataset_produces_1']) retrieved from /home/gabsiston/Documentos/projetos/airflow-data/venv/lib/python3.8/site-packages/airflow/example_dags/example_datasets.py
[2022-10-11T20:36:05.673-0500] {logging_mixin.py:117} INFO - [2022-10-11T20:36:05.672-0500] {dag.py:2573} INFO - Sync 6 DAGs
[2022-10-11T20:36:05.688-0500] {logging_mixin.py:117} INFO - [2022-10-11T20:36:05.688-0500] {dag.py:3324} INFO - Setting next_dagrun for dataset_consumes_1 to None, run_after=None
[2022-10-11T20:36:05.691-0500] {logging_mixin.py:117} INFO - [2022-10-11T20:36:05.691-0500] {dag.py:3324} INFO - Setting next_dagrun for dataset_consumes_1_and_2 to None, run_after=None
[2022-10-11T20:36:05.692-0500] {logging_mixin.py:117} INFO - [2022-10-11T20:36:05.692-0500] {dag.py:3324} INFO - Setting next_dagrun for dataset_consumes_1_never_scheduled to None, run_after=None
[2022-10-11T20:36:05.692-0500] {logging_mixin.py:117} INFO - [2022-10-11T20:36:05.692-0500] {dag.py:3324} INFO - Setting next_dagrun for dataset_consumes_unknown_never_scheduled to None, run_after=None
[2022-10-11T20:36:05.694-0500] {logging_mixin.py:117} INFO - [2022-10-11T20:36:05.694-0500] {dag.py:3324} INFO - Setting next_dagrun for dataset_produces_1 to 2022-10-11T00:00:00+00:00, run_after=2022-10-12T00:00:00+00:00
[2022-10-11T20:36:05.695-0500] {logging_mixin.py:117} INFO - [2022-10-11T20:36:05.695-0500] {dag.py:3324} INFO - Setting next_dagrun for dataset_produces_2 to None, run_after=None
[2022-10-11T20:36:05.719-0500] {processor.py:178} INFO - Processing /home/gabsiston/Documentos/projetos/airflow-data/venv/lib/python3.8/site-packages/airflow/example_dags/example_datasets.py took 0.099 seconds
[2022-10-11T20:36:47.482-0500] {processor.py:156} INFO - Started process (PID=13466) to work on /home/gabsiston/Documentos/projetos/airflow-data/venv/lib/python3.8/site-packages/airflow/example_dags/example_datasets.py
[2022-10-11T20:36:47.484-0500] {processor.py:758} INFO - Processing file /home/gabsiston/Documentos/projetos/airflow-data/venv/lib/python3.8/site-packages/airflow/example_dags/example_datasets.py for tasks to queue
[2022-10-11T20:36:47.485-0500] {logging_mixin.py:117} INFO - [2022-10-11T20:36:47.485-0500] {dagbag.py:525} INFO - Filling up the DagBag from /home/gabsiston/Documentos/projetos/airflow-data/venv/lib/python3.8/site-packages/airflow/example_dags/example_datasets.py
[2022-10-11T20:36:47.505-0500] {processor.py:768} INFO - DAG(s) dict_keys(['dataset_consumes_1_and_2', 'dataset_produces_1', 'dataset_produces_2', 'dataset_consumes_1', 'dataset_consumes_1_never_scheduled', 'dataset_consumes_unknown_never_scheduled']) retrieved from /home/gabsiston/Documentos/projetos/airflow-data/venv/lib/python3.8/site-packages/airflow/example_dags/example_datasets.py
[2022-10-11T20:36:47.536-0500] {logging_mixin.py:117} INFO - [2022-10-11T20:36:47.535-0500] {dag.py:2573} INFO - Sync 6 DAGs
[2022-10-11T20:36:47.554-0500] {logging_mixin.py:117} INFO - [2022-10-11T20:36:47.554-0500] {dag.py:3324} INFO - Setting next_dagrun for dataset_consumes_1 to None, run_after=None
[2022-10-11T20:36:47.557-0500] {logging_mixin.py:117} INFO - [2022-10-11T20:36:47.557-0500] {dag.py:3324} INFO - Setting next_dagrun for dataset_consumes_1_and_2 to None, run_after=None
[2022-10-11T20:36:47.557-0500] {logging_mixin.py:117} INFO - [2022-10-11T20:36:47.557-0500] {dag.py:3324} INFO - Setting next_dagrun for dataset_consumes_1_never_scheduled to None, run_after=None
[2022-10-11T20:36:47.558-0500] {logging_mixin.py:117} INFO - [2022-10-11T20:36:47.558-0500] {dag.py:3324} INFO - Setting next_dagrun for dataset_consumes_unknown_never_scheduled to None, run_after=None
[2022-10-11T20:36:47.560-0500] {logging_mixin.py:117} INFO - [2022-10-11T20:36:47.560-0500] {dag.py:3324} INFO - Setting next_dagrun for dataset_produces_1 to 2022-10-11T00:00:00+00:00, run_after=2022-10-12T00:00:00+00:00
[2022-10-11T20:36:47.561-0500] {logging_mixin.py:117} INFO - [2022-10-11T20:36:47.561-0500] {dag.py:3324} INFO - Setting next_dagrun for dataset_produces_2 to None, run_after=None
[2022-10-11T20:36:47.590-0500] {processor.py:178} INFO - Processing /home/gabsiston/Documentos/projetos/airflow-data/venv/lib/python3.8/site-packages/airflow/example_dags/example_datasets.py took 0.111 seconds
