[2022-10-11T20:25:33.932-0500] {processor.py:156} INFO - Started process (PID=7902) to work on /home/gabsiston/Documentos/projetos/airflow-data/venv/lib/python3.8/site-packages/airflow/example_dags/example_branch_operator.py
[2022-10-11T20:25:33.933-0500] {processor.py:758} INFO - Processing file /home/gabsiston/Documentos/projetos/airflow-data/venv/lib/python3.8/site-packages/airflow/example_dags/example_branch_operator.py for tasks to queue
[2022-10-11T20:25:33.933-0500] {logging_mixin.py:117} INFO - [2022-10-11T20:25:33.933-0500] {dagbag.py:525} INFO - Filling up the DagBag from /home/gabsiston/Documentos/projetos/airflow-data/venv/lib/python3.8/site-packages/airflow/example_dags/example_branch_operator.py
[2022-10-11T20:25:33.945-0500] {processor.py:768} INFO - DAG(s) dict_keys(['example_branch_operator']) retrieved from /home/gabsiston/Documentos/projetos/airflow-data/venv/lib/python3.8/site-packages/airflow/example_dags/example_branch_operator.py
[2022-10-11T20:25:34.029-0500] {logging_mixin.py:117} INFO - [2022-10-11T20:25:34.029-0500] {manager.py:507} INFO - Created Permission View: can read on DAG:example_branch_operator
[2022-10-11T20:25:34.041-0500] {logging_mixin.py:117} INFO - [2022-10-11T20:25:34.041-0500] {manager.py:507} INFO - Created Permission View: can edit on DAG:example_branch_operator
[2022-10-11T20:25:34.052-0500] {logging_mixin.py:117} INFO - [2022-10-11T20:25:34.052-0500] {manager.py:507} INFO - Created Permission View: can delete on DAG:example_branch_operator
[2022-10-11T20:25:34.052-0500] {logging_mixin.py:117} INFO - [2022-10-11T20:25:34.052-0500] {dag.py:2573} INFO - Sync 1 DAGs
[2022-10-11T20:25:34.060-0500] {logging_mixin.py:117} INFO - [2022-10-11T20:25:34.060-0500] {dag.py:2594} INFO - Creating ORM DAG for example_branch_operator
[2022-10-11T20:25:34.067-0500] {logging_mixin.py:117} INFO - [2022-10-11T20:25:34.067-0500] {dag.py:3324} INFO - Setting next_dagrun for example_branch_operator to 2022-10-11T00:00:00+00:00, run_after=2022-10-12T00:00:00+00:00
[2022-10-11T20:25:34.086-0500] {processor.py:178} INFO - Processing /home/gabsiston/Documentos/projetos/airflow-data/venv/lib/python3.8/site-packages/airflow/example_dags/example_branch_operator.py took 0.156 seconds
[2022-10-11T20:26:13.813-0500] {processor.py:156} INFO - Started process (PID=8366) to work on /home/gabsiston/Documentos/projetos/airflow-data/venv/lib/python3.8/site-packages/airflow/example_dags/example_branch_operator.py
[2022-10-11T20:26:13.815-0500] {processor.py:758} INFO - Processing file /home/gabsiston/Documentos/projetos/airflow-data/venv/lib/python3.8/site-packages/airflow/example_dags/example_branch_operator.py for tasks to queue
[2022-10-11T20:26:13.816-0500] {logging_mixin.py:117} INFO - [2022-10-11T20:26:13.816-0500] {dagbag.py:525} INFO - Filling up the DagBag from /home/gabsiston/Documentos/projetos/airflow-data/venv/lib/python3.8/site-packages/airflow/example_dags/example_branch_operator.py
[2022-10-11T20:26:13.841-0500] {processor.py:768} INFO - DAG(s) dict_keys(['example_branch_operator']) retrieved from /home/gabsiston/Documentos/projetos/airflow-data/venv/lib/python3.8/site-packages/airflow/example_dags/example_branch_operator.py
[2022-10-11T20:26:13.876-0500] {logging_mixin.py:117} INFO - [2022-10-11T20:26:13.876-0500] {dag.py:2573} INFO - Sync 1 DAGs
[2022-10-11T20:26:13.905-0500] {logging_mixin.py:117} INFO - [2022-10-11T20:26:13.905-0500] {dag.py:3324} INFO - Setting next_dagrun for example_branch_operator to 2022-10-11T00:00:00+00:00, run_after=2022-10-12T00:00:00+00:00
[2022-10-11T20:26:13.937-0500] {processor.py:178} INFO - Processing /home/gabsiston/Documentos/projetos/airflow-data/venv/lib/python3.8/site-packages/airflow/example_dags/example_branch_operator.py took 0.128 seconds
[2022-10-11T20:26:49.023-0500] {processor.py:156} INFO - Started process (PID=8821) to work on /home/gabsiston/Documentos/projetos/airflow-data/venv/lib/python3.8/site-packages/airflow/example_dags/example_branch_operator.py
[2022-10-11T20:26:49.025-0500] {processor.py:758} INFO - Processing file /home/gabsiston/Documentos/projetos/airflow-data/venv/lib/python3.8/site-packages/airflow/example_dags/example_branch_operator.py for tasks to queue
[2022-10-11T20:26:49.025-0500] {logging_mixin.py:117} INFO - [2022-10-11T20:26:49.025-0500] {dagbag.py:525} INFO - Filling up the DagBag from /home/gabsiston/Documentos/projetos/airflow-data/venv/lib/python3.8/site-packages/airflow/example_dags/example_branch_operator.py
[2022-10-11T20:26:49.037-0500] {processor.py:768} INFO - DAG(s) dict_keys(['example_branch_operator']) retrieved from /home/gabsiston/Documentos/projetos/airflow-data/venv/lib/python3.8/site-packages/airflow/example_dags/example_branch_operator.py
[2022-10-11T20:26:49.056-0500] {logging_mixin.py:117} INFO - [2022-10-11T20:26:49.056-0500] {dag.py:2573} INFO - Sync 1 DAGs
[2022-10-11T20:26:49.073-0500] {logging_mixin.py:117} INFO - [2022-10-11T20:26:49.073-0500] {dag.py:3324} INFO - Setting next_dagrun for example_branch_operator to 2022-10-11T00:00:00+00:00, run_after=2022-10-12T00:00:00+00:00
[2022-10-11T20:26:49.092-0500] {processor.py:178} INFO - Processing /home/gabsiston/Documentos/projetos/airflow-data/venv/lib/python3.8/site-packages/airflow/example_dags/example_branch_operator.py took 0.070 seconds
[2022-10-11T20:27:23.765-0500] {processor.py:156} INFO - Started process (PID=9428) to work on /home/gabsiston/Documentos/projetos/airflow-data/venv/lib/python3.8/site-packages/airflow/example_dags/example_branch_operator.py
[2022-10-11T20:27:23.767-0500] {processor.py:758} INFO - Processing file /home/gabsiston/Documentos/projetos/airflow-data/venv/lib/python3.8/site-packages/airflow/example_dags/example_branch_operator.py for tasks to queue
[2022-10-11T20:27:23.768-0500] {logging_mixin.py:117} INFO - [2022-10-11T20:27:23.768-0500] {dagbag.py:525} INFO - Filling up the DagBag from /home/gabsiston/Documentos/projetos/airflow-data/venv/lib/python3.8/site-packages/airflow/example_dags/example_branch_operator.py
[2022-10-11T20:27:23.782-0500] {processor.py:768} INFO - DAG(s) dict_keys(['example_branch_operator']) retrieved from /home/gabsiston/Documentos/projetos/airflow-data/venv/lib/python3.8/site-packages/airflow/example_dags/example_branch_operator.py
[2022-10-11T20:27:23.805-0500] {logging_mixin.py:117} INFO - [2022-10-11T20:27:23.805-0500] {dag.py:2573} INFO - Sync 1 DAGs
[2022-10-11T20:27:23.825-0500] {logging_mixin.py:117} INFO - [2022-10-11T20:27:23.825-0500] {dag.py:3324} INFO - Setting next_dagrun for example_branch_operator to 2022-10-11T00:00:00+00:00, run_after=2022-10-12T00:00:00+00:00
[2022-10-11T20:27:23.844-0500] {processor.py:178} INFO - Processing /home/gabsiston/Documentos/projetos/airflow-data/venv/lib/python3.8/site-packages/airflow/example_dags/example_branch_operator.py took 0.082 seconds
[2022-10-11T20:28:00.155-0500] {processor.py:156} INFO - Started process (PID=9620) to work on /home/gabsiston/Documentos/projetos/airflow-data/venv/lib/python3.8/site-packages/airflow/example_dags/example_branch_operator.py
[2022-10-11T20:28:00.155-0500] {processor.py:758} INFO - Processing file /home/gabsiston/Documentos/projetos/airflow-data/venv/lib/python3.8/site-packages/airflow/example_dags/example_branch_operator.py for tasks to queue
[2022-10-11T20:28:00.156-0500] {logging_mixin.py:117} INFO - [2022-10-11T20:28:00.156-0500] {dagbag.py:525} INFO - Filling up the DagBag from /home/gabsiston/Documentos/projetos/airflow-data/venv/lib/python3.8/site-packages/airflow/example_dags/example_branch_operator.py
[2022-10-11T20:28:00.170-0500] {processor.py:768} INFO - DAG(s) dict_keys(['example_branch_operator']) retrieved from /home/gabsiston/Documentos/projetos/airflow-data/venv/lib/python3.8/site-packages/airflow/example_dags/example_branch_operator.py
[2022-10-11T20:28:00.187-0500] {logging_mixin.py:117} INFO - [2022-10-11T20:28:00.187-0500] {dag.py:2573} INFO - Sync 1 DAGs
[2022-10-11T20:28:00.201-0500] {logging_mixin.py:117} INFO - [2022-10-11T20:28:00.201-0500] {dag.py:3324} INFO - Setting next_dagrun for example_branch_operator to 2022-10-11T00:00:00+00:00, run_after=2022-10-12T00:00:00+00:00
[2022-10-11T20:28:00.231-0500] {processor.py:178} INFO - Processing /home/gabsiston/Documentos/projetos/airflow-data/venv/lib/python3.8/site-packages/airflow/example_dags/example_branch_operator.py took 0.078 seconds
[2022-10-11T20:28:37.418-0500] {processor.py:156} INFO - Started process (PID=9982) to work on /home/gabsiston/Documentos/projetos/airflow-data/venv/lib/python3.8/site-packages/airflow/example_dags/example_branch_operator.py
[2022-10-11T20:28:37.421-0500] {processor.py:758} INFO - Processing file /home/gabsiston/Documentos/projetos/airflow-data/venv/lib/python3.8/site-packages/airflow/example_dags/example_branch_operator.py for tasks to queue
[2022-10-11T20:28:37.422-0500] {logging_mixin.py:117} INFO - [2022-10-11T20:28:37.422-0500] {dagbag.py:525} INFO - Filling up the DagBag from /home/gabsiston/Documentos/projetos/airflow-data/venv/lib/python3.8/site-packages/airflow/example_dags/example_branch_operator.py
[2022-10-11T20:28:37.439-0500] {processor.py:768} INFO - DAG(s) dict_keys(['example_branch_operator']) retrieved from /home/gabsiston/Documentos/projetos/airflow-data/venv/lib/python3.8/site-packages/airflow/example_dags/example_branch_operator.py
[2022-10-11T20:28:37.462-0500] {logging_mixin.py:117} INFO - [2022-10-11T20:28:37.462-0500] {dag.py:2573} INFO - Sync 1 DAGs
[2022-10-11T20:28:37.481-0500] {logging_mixin.py:117} INFO - [2022-10-11T20:28:37.480-0500] {dag.py:3324} INFO - Setting next_dagrun for example_branch_operator to 2022-10-11T00:00:00+00:00, run_after=2022-10-12T00:00:00+00:00
[2022-10-11T20:28:37.507-0500] {processor.py:178} INFO - Processing /home/gabsiston/Documentos/projetos/airflow-data/venv/lib/python3.8/site-packages/airflow/example_dags/example_branch_operator.py took 0.096 seconds
[2022-10-11T20:29:15.094-0500] {processor.py:156} INFO - Started process (PID=10244) to work on /home/gabsiston/Documentos/projetos/airflow-data/venv/lib/python3.8/site-packages/airflow/example_dags/example_branch_operator.py
[2022-10-11T20:29:15.097-0500] {processor.py:758} INFO - Processing file /home/gabsiston/Documentos/projetos/airflow-data/venv/lib/python3.8/site-packages/airflow/example_dags/example_branch_operator.py for tasks to queue
[2022-10-11T20:29:15.097-0500] {logging_mixin.py:117} INFO - [2022-10-11T20:29:15.097-0500] {dagbag.py:525} INFO - Filling up the DagBag from /home/gabsiston/Documentos/projetos/airflow-data/venv/lib/python3.8/site-packages/airflow/example_dags/example_branch_operator.py
[2022-10-11T20:29:15.116-0500] {processor.py:768} INFO - DAG(s) dict_keys(['example_branch_operator']) retrieved from /home/gabsiston/Documentos/projetos/airflow-data/venv/lib/python3.8/site-packages/airflow/example_dags/example_branch_operator.py
[2022-10-11T20:29:15.138-0500] {logging_mixin.py:117} INFO - [2022-10-11T20:29:15.137-0500] {dag.py:2573} INFO - Sync 1 DAGs
[2022-10-11T20:29:15.156-0500] {logging_mixin.py:117} INFO - [2022-10-11T20:29:15.156-0500] {dag.py:3324} INFO - Setting next_dagrun for example_branch_operator to 2022-10-11T00:00:00+00:00, run_after=2022-10-12T00:00:00+00:00
[2022-10-11T20:29:15.186-0500] {processor.py:178} INFO - Processing /home/gabsiston/Documentos/projetos/airflow-data/venv/lib/python3.8/site-packages/airflow/example_dags/example_branch_operator.py took 0.094 seconds
[2022-10-11T20:29:52.315-0500] {processor.py:156} INFO - Started process (PID=10433) to work on /home/gabsiston/Documentos/projetos/airflow-data/venv/lib/python3.8/site-packages/airflow/example_dags/example_branch_operator.py
[2022-10-11T20:29:52.317-0500] {processor.py:758} INFO - Processing file /home/gabsiston/Documentos/projetos/airflow-data/venv/lib/python3.8/site-packages/airflow/example_dags/example_branch_operator.py for tasks to queue
[2022-10-11T20:29:52.317-0500] {logging_mixin.py:117} INFO - [2022-10-11T20:29:52.317-0500] {dagbag.py:525} INFO - Filling up the DagBag from /home/gabsiston/Documentos/projetos/airflow-data/venv/lib/python3.8/site-packages/airflow/example_dags/example_branch_operator.py
[2022-10-11T20:29:52.333-0500] {processor.py:768} INFO - DAG(s) dict_keys(['example_branch_operator']) retrieved from /home/gabsiston/Documentos/projetos/airflow-data/venv/lib/python3.8/site-packages/airflow/example_dags/example_branch_operator.py
[2022-10-11T20:29:52.353-0500] {logging_mixin.py:117} INFO - [2022-10-11T20:29:52.353-0500] {dag.py:2573} INFO - Sync 1 DAGs
[2022-10-11T20:29:52.371-0500] {logging_mixin.py:117} INFO - [2022-10-11T20:29:52.370-0500] {dag.py:3324} INFO - Setting next_dagrun for example_branch_operator to 2022-10-11T00:00:00+00:00, run_after=2022-10-12T00:00:00+00:00
[2022-10-11T20:29:52.389-0500] {processor.py:178} INFO - Processing /home/gabsiston/Documentos/projetos/airflow-data/venv/lib/python3.8/site-packages/airflow/example_dags/example_branch_operator.py took 0.077 seconds
[2022-10-11T20:30:31.944-0500] {processor.py:156} INFO - Started process (PID=10699) to work on /home/gabsiston/Documentos/projetos/airflow-data/venv/lib/python3.8/site-packages/airflow/example_dags/example_branch_operator.py
[2022-10-11T20:30:31.945-0500] {processor.py:758} INFO - Processing file /home/gabsiston/Documentos/projetos/airflow-data/venv/lib/python3.8/site-packages/airflow/example_dags/example_branch_operator.py for tasks to queue
[2022-10-11T20:30:31.946-0500] {logging_mixin.py:117} INFO - [2022-10-11T20:30:31.946-0500] {dagbag.py:525} INFO - Filling up the DagBag from /home/gabsiston/Documentos/projetos/airflow-data/venv/lib/python3.8/site-packages/airflow/example_dags/example_branch_operator.py
[2022-10-11T20:30:31.959-0500] {processor.py:768} INFO - DAG(s) dict_keys(['example_branch_operator']) retrieved from /home/gabsiston/Documentos/projetos/airflow-data/venv/lib/python3.8/site-packages/airflow/example_dags/example_branch_operator.py
[2022-10-11T20:30:31.976-0500] {logging_mixin.py:117} INFO - [2022-10-11T20:30:31.976-0500] {dag.py:2573} INFO - Sync 1 DAGs
[2022-10-11T20:30:31.994-0500] {logging_mixin.py:117} INFO - [2022-10-11T20:30:31.994-0500] {dag.py:3324} INFO - Setting next_dagrun for example_branch_operator to 2022-10-11T00:00:00+00:00, run_after=2022-10-12T00:00:00+00:00
[2022-10-11T20:30:32.016-0500] {processor.py:178} INFO - Processing /home/gabsiston/Documentos/projetos/airflow-data/venv/lib/python3.8/site-packages/airflow/example_dags/example_branch_operator.py took 0.074 seconds
[2022-10-11T20:31:07.744-0500] {processor.py:156} INFO - Started process (PID=10910) to work on /home/gabsiston/Documentos/projetos/airflow-data/venv/lib/python3.8/site-packages/airflow/example_dags/example_branch_operator.py
[2022-10-11T20:31:07.748-0500] {processor.py:758} INFO - Processing file /home/gabsiston/Documentos/projetos/airflow-data/venv/lib/python3.8/site-packages/airflow/example_dags/example_branch_operator.py for tasks to queue
[2022-10-11T20:31:07.750-0500] {logging_mixin.py:117} INFO - [2022-10-11T20:31:07.749-0500] {dagbag.py:525} INFO - Filling up the DagBag from /home/gabsiston/Documentos/projetos/airflow-data/venv/lib/python3.8/site-packages/airflow/example_dags/example_branch_operator.py
[2022-10-11T20:31:07.775-0500] {processor.py:768} INFO - DAG(s) dict_keys(['example_branch_operator']) retrieved from /home/gabsiston/Documentos/projetos/airflow-data/venv/lib/python3.8/site-packages/airflow/example_dags/example_branch_operator.py
[2022-10-11T20:31:07.795-0500] {logging_mixin.py:117} INFO - [2022-10-11T20:31:07.795-0500] {dag.py:2573} INFO - Sync 1 DAGs
[2022-10-11T20:31:07.812-0500] {logging_mixin.py:117} INFO - [2022-10-11T20:31:07.812-0500] {dag.py:3324} INFO - Setting next_dagrun for example_branch_operator to 2022-10-11T00:00:00+00:00, run_after=2022-10-12T00:00:00+00:00
[2022-10-11T20:31:07.843-0500] {processor.py:178} INFO - Processing /home/gabsiston/Documentos/projetos/airflow-data/venv/lib/python3.8/site-packages/airflow/example_dags/example_branch_operator.py took 0.107 seconds
[2022-10-11T20:31:47.211-0500] {processor.py:156} INFO - Started process (PID=11299) to work on /home/gabsiston/Documentos/projetos/airflow-data/venv/lib/python3.8/site-packages/airflow/example_dags/example_branch_operator.py
[2022-10-11T20:31:47.215-0500] {processor.py:758} INFO - Processing file /home/gabsiston/Documentos/projetos/airflow-data/venv/lib/python3.8/site-packages/airflow/example_dags/example_branch_operator.py for tasks to queue
[2022-10-11T20:31:47.217-0500] {logging_mixin.py:117} INFO - [2022-10-11T20:31:47.216-0500] {dagbag.py:525} INFO - Filling up the DagBag from /home/gabsiston/Documentos/projetos/airflow-data/venv/lib/python3.8/site-packages/airflow/example_dags/example_branch_operator.py
[2022-10-11T20:31:47.242-0500] {processor.py:768} INFO - DAG(s) dict_keys(['example_branch_operator']) retrieved from /home/gabsiston/Documentos/projetos/airflow-data/venv/lib/python3.8/site-packages/airflow/example_dags/example_branch_operator.py
[2022-10-11T20:31:47.262-0500] {logging_mixin.py:117} INFO - [2022-10-11T20:31:47.262-0500] {dag.py:2573} INFO - Sync 1 DAGs
[2022-10-11T20:31:47.279-0500] {logging_mixin.py:117} INFO - [2022-10-11T20:31:47.279-0500] {dag.py:3324} INFO - Setting next_dagrun for example_branch_operator to 2022-10-11T00:00:00+00:00, run_after=2022-10-12T00:00:00+00:00
[2022-10-11T20:31:47.300-0500] {processor.py:178} INFO - Processing /home/gabsiston/Documentos/projetos/airflow-data/venv/lib/python3.8/site-packages/airflow/example_dags/example_branch_operator.py took 0.098 seconds
[2022-10-11T20:32:25.518-0500] {processor.py:156} INFO - Started process (PID=11501) to work on /home/gabsiston/Documentos/projetos/airflow-data/venv/lib/python3.8/site-packages/airflow/example_dags/example_branch_operator.py
[2022-10-11T20:32:25.521-0500] {processor.py:758} INFO - Processing file /home/gabsiston/Documentos/projetos/airflow-data/venv/lib/python3.8/site-packages/airflow/example_dags/example_branch_operator.py for tasks to queue
[2022-10-11T20:32:25.522-0500] {logging_mixin.py:117} INFO - [2022-10-11T20:32:25.522-0500] {dagbag.py:525} INFO - Filling up the DagBag from /home/gabsiston/Documentos/projetos/airflow-data/venv/lib/python3.8/site-packages/airflow/example_dags/example_branch_operator.py
[2022-10-11T20:32:25.552-0500] {processor.py:768} INFO - DAG(s) dict_keys(['example_branch_operator']) retrieved from /home/gabsiston/Documentos/projetos/airflow-data/venv/lib/python3.8/site-packages/airflow/example_dags/example_branch_operator.py
[2022-10-11T20:32:25.573-0500] {logging_mixin.py:117} INFO - [2022-10-11T20:32:25.573-0500] {dag.py:2573} INFO - Sync 1 DAGs
[2022-10-11T20:32:25.590-0500] {logging_mixin.py:117} INFO - [2022-10-11T20:32:25.590-0500] {dag.py:3324} INFO - Setting next_dagrun for example_branch_operator to 2022-10-11T00:00:00+00:00, run_after=2022-10-12T00:00:00+00:00
[2022-10-11T20:32:25.613-0500] {processor.py:178} INFO - Processing /home/gabsiston/Documentos/projetos/airflow-data/venv/lib/python3.8/site-packages/airflow/example_dags/example_branch_operator.py took 0.098 seconds
[2022-10-11T20:33:02.520-0500] {processor.py:156} INFO - Started process (PID=12006) to work on /home/gabsiston/Documentos/projetos/airflow-data/venv/lib/python3.8/site-packages/airflow/example_dags/example_branch_operator.py
[2022-10-11T20:33:02.523-0500] {processor.py:758} INFO - Processing file /home/gabsiston/Documentos/projetos/airflow-data/venv/lib/python3.8/site-packages/airflow/example_dags/example_branch_operator.py for tasks to queue
[2022-10-11T20:33:02.523-0500] {logging_mixin.py:117} INFO - [2022-10-11T20:33:02.523-0500] {dagbag.py:525} INFO - Filling up the DagBag from /home/gabsiston/Documentos/projetos/airflow-data/venv/lib/python3.8/site-packages/airflow/example_dags/example_branch_operator.py
[2022-10-11T20:33:02.540-0500] {processor.py:768} INFO - DAG(s) dict_keys(['example_branch_operator']) retrieved from /home/gabsiston/Documentos/projetos/airflow-data/venv/lib/python3.8/site-packages/airflow/example_dags/example_branch_operator.py
[2022-10-11T20:33:02.561-0500] {logging_mixin.py:117} INFO - [2022-10-11T20:33:02.561-0500] {dag.py:2573} INFO - Sync 1 DAGs
[2022-10-11T20:33:02.578-0500] {logging_mixin.py:117} INFO - [2022-10-11T20:33:02.578-0500] {dag.py:3324} INFO - Setting next_dagrun for example_branch_operator to 2022-10-11T00:00:00+00:00, run_after=2022-10-12T00:00:00+00:00
[2022-10-11T20:33:02.600-0500] {processor.py:178} INFO - Processing /home/gabsiston/Documentos/projetos/airflow-data/venv/lib/python3.8/site-packages/airflow/example_dags/example_branch_operator.py took 0.082 seconds
[2022-10-11T20:33:41.071-0500] {processor.py:156} INFO - Started process (PID=12215) to work on /home/gabsiston/Documentos/projetos/airflow-data/venv/lib/python3.8/site-packages/airflow/example_dags/example_branch_operator.py
[2022-10-11T20:33:41.073-0500] {processor.py:758} INFO - Processing file /home/gabsiston/Documentos/projetos/airflow-data/venv/lib/python3.8/site-packages/airflow/example_dags/example_branch_operator.py for tasks to queue
[2022-10-11T20:33:41.074-0500] {logging_mixin.py:117} INFO - [2022-10-11T20:33:41.074-0500] {dagbag.py:525} INFO - Filling up the DagBag from /home/gabsiston/Documentos/projetos/airflow-data/venv/lib/python3.8/site-packages/airflow/example_dags/example_branch_operator.py
[2022-10-11T20:33:41.092-0500] {processor.py:768} INFO - DAG(s) dict_keys(['example_branch_operator']) retrieved from /home/gabsiston/Documentos/projetos/airflow-data/venv/lib/python3.8/site-packages/airflow/example_dags/example_branch_operator.py
[2022-10-11T20:33:41.113-0500] {logging_mixin.py:117} INFO - [2022-10-11T20:33:41.113-0500] {dag.py:2573} INFO - Sync 1 DAGs
[2022-10-11T20:33:41.131-0500] {logging_mixin.py:117} INFO - [2022-10-11T20:33:41.131-0500] {dag.py:3324} INFO - Setting next_dagrun for example_branch_operator to 2022-10-11T00:00:00+00:00, run_after=2022-10-12T00:00:00+00:00
[2022-10-11T20:33:41.160-0500] {processor.py:178} INFO - Processing /home/gabsiston/Documentos/projetos/airflow-data/venv/lib/python3.8/site-packages/airflow/example_dags/example_branch_operator.py took 0.092 seconds
[2022-10-11T20:34:17.212-0500] {processor.py:156} INFO - Started process (PID=12395) to work on /home/gabsiston/Documentos/projetos/airflow-data/venv/lib/python3.8/site-packages/airflow/example_dags/example_branch_operator.py
[2022-10-11T20:34:17.214-0500] {processor.py:758} INFO - Processing file /home/gabsiston/Documentos/projetos/airflow-data/venv/lib/python3.8/site-packages/airflow/example_dags/example_branch_operator.py for tasks to queue
[2022-10-11T20:34:17.214-0500] {logging_mixin.py:117} INFO - [2022-10-11T20:34:17.214-0500] {dagbag.py:525} INFO - Filling up the DagBag from /home/gabsiston/Documentos/projetos/airflow-data/venv/lib/python3.8/site-packages/airflow/example_dags/example_branch_operator.py
[2022-10-11T20:34:17.226-0500] {processor.py:768} INFO - DAG(s) dict_keys(['example_branch_operator']) retrieved from /home/gabsiston/Documentos/projetos/airflow-data/venv/lib/python3.8/site-packages/airflow/example_dags/example_branch_operator.py
[2022-10-11T20:34:17.243-0500] {logging_mixin.py:117} INFO - [2022-10-11T20:34:17.243-0500] {dag.py:2573} INFO - Sync 1 DAGs
[2022-10-11T20:34:17.257-0500] {logging_mixin.py:117} INFO - [2022-10-11T20:34:17.257-0500] {dag.py:3324} INFO - Setting next_dagrun for example_branch_operator to 2022-10-11T00:00:00+00:00, run_after=2022-10-12T00:00:00+00:00
[2022-10-11T20:34:17.285-0500] {processor.py:178} INFO - Processing /home/gabsiston/Documentos/projetos/airflow-data/venv/lib/python3.8/site-packages/airflow/example_dags/example_branch_operator.py took 0.076 seconds
[2022-10-11T20:34:53.580-0500] {processor.py:156} INFO - Started process (PID=12598) to work on /home/gabsiston/Documentos/projetos/airflow-data/venv/lib/python3.8/site-packages/airflow/example_dags/example_branch_operator.py
[2022-10-11T20:34:53.582-0500] {processor.py:758} INFO - Processing file /home/gabsiston/Documentos/projetos/airflow-data/venv/lib/python3.8/site-packages/airflow/example_dags/example_branch_operator.py for tasks to queue
[2022-10-11T20:34:53.582-0500] {logging_mixin.py:117} INFO - [2022-10-11T20:34:53.582-0500] {dagbag.py:525} INFO - Filling up the DagBag from /home/gabsiston/Documentos/projetos/airflow-data/venv/lib/python3.8/site-packages/airflow/example_dags/example_branch_operator.py
[2022-10-11T20:34:53.596-0500] {processor.py:768} INFO - DAG(s) dict_keys(['example_branch_operator']) retrieved from /home/gabsiston/Documentos/projetos/airflow-data/venv/lib/python3.8/site-packages/airflow/example_dags/example_branch_operator.py
[2022-10-11T20:34:53.614-0500] {logging_mixin.py:117} INFO - [2022-10-11T20:34:53.614-0500] {dag.py:2573} INFO - Sync 1 DAGs
[2022-10-11T20:34:53.629-0500] {logging_mixin.py:117} INFO - [2022-10-11T20:34:53.629-0500] {dag.py:3324} INFO - Setting next_dagrun for example_branch_operator to 2022-10-11T00:00:00+00:00, run_after=2022-10-12T00:00:00+00:00
[2022-10-11T20:34:53.650-0500] {processor.py:178} INFO - Processing /home/gabsiston/Documentos/projetos/airflow-data/venv/lib/python3.8/site-packages/airflow/example_dags/example_branch_operator.py took 0.072 seconds
[2022-10-11T20:35:29.250-0500] {processor.py:156} INFO - Started process (PID=12840) to work on /home/gabsiston/Documentos/projetos/airflow-data/venv/lib/python3.8/site-packages/airflow/example_dags/example_branch_operator.py
[2022-10-11T20:35:29.251-0500] {processor.py:758} INFO - Processing file /home/gabsiston/Documentos/projetos/airflow-data/venv/lib/python3.8/site-packages/airflow/example_dags/example_branch_operator.py for tasks to queue
[2022-10-11T20:35:29.252-0500] {logging_mixin.py:117} INFO - [2022-10-11T20:35:29.252-0500] {dagbag.py:525} INFO - Filling up the DagBag from /home/gabsiston/Documentos/projetos/airflow-data/venv/lib/python3.8/site-packages/airflow/example_dags/example_branch_operator.py
[2022-10-11T20:35:29.267-0500] {processor.py:768} INFO - DAG(s) dict_keys(['example_branch_operator']) retrieved from /home/gabsiston/Documentos/projetos/airflow-data/venv/lib/python3.8/site-packages/airflow/example_dags/example_branch_operator.py
[2022-10-11T20:35:29.284-0500] {logging_mixin.py:117} INFO - [2022-10-11T20:35:29.284-0500] {dag.py:2573} INFO - Sync 1 DAGs
[2022-10-11T20:35:29.298-0500] {logging_mixin.py:117} INFO - [2022-10-11T20:35:29.298-0500] {dag.py:3324} INFO - Setting next_dagrun for example_branch_operator to 2022-10-11T00:00:00+00:00, run_after=2022-10-12T00:00:00+00:00
[2022-10-11T20:35:29.316-0500] {processor.py:178} INFO - Processing /home/gabsiston/Documentos/projetos/airflow-data/venv/lib/python3.8/site-packages/airflow/example_dags/example_branch_operator.py took 0.068 seconds
[2022-10-11T20:36:07.182-0500] {processor.py:156} INFO - Started process (PID=13034) to work on /home/gabsiston/Documentos/projetos/airflow-data/venv/lib/python3.8/site-packages/airflow/example_dags/example_branch_operator.py
[2022-10-11T20:36:07.184-0500] {processor.py:758} INFO - Processing file /home/gabsiston/Documentos/projetos/airflow-data/venv/lib/python3.8/site-packages/airflow/example_dags/example_branch_operator.py for tasks to queue
[2022-10-11T20:36:07.185-0500] {logging_mixin.py:117} INFO - [2022-10-11T20:36:07.184-0500] {dagbag.py:525} INFO - Filling up the DagBag from /home/gabsiston/Documentos/projetos/airflow-data/venv/lib/python3.8/site-packages/airflow/example_dags/example_branch_operator.py
[2022-10-11T20:36:07.199-0500] {processor.py:768} INFO - DAG(s) dict_keys(['example_branch_operator']) retrieved from /home/gabsiston/Documentos/projetos/airflow-data/venv/lib/python3.8/site-packages/airflow/example_dags/example_branch_operator.py
[2022-10-11T20:36:07.219-0500] {logging_mixin.py:117} INFO - [2022-10-11T20:36:07.219-0500] {dag.py:2573} INFO - Sync 1 DAGs
[2022-10-11T20:36:07.237-0500] {logging_mixin.py:117} INFO - [2022-10-11T20:36:07.237-0500] {dag.py:3324} INFO - Setting next_dagrun for example_branch_operator to 2022-10-11T00:00:00+00:00, run_after=2022-10-12T00:00:00+00:00
[2022-10-11T20:36:07.261-0500] {processor.py:178} INFO - Processing /home/gabsiston/Documentos/projetos/airflow-data/venv/lib/python3.8/site-packages/airflow/example_dags/example_branch_operator.py took 0.081 seconds
[2022-10-11T20:36:48.964-0500] {processor.py:156} INFO - Started process (PID=13475) to work on /home/gabsiston/Documentos/projetos/airflow-data/venv/lib/python3.8/site-packages/airflow/example_dags/example_branch_operator.py
[2022-10-11T20:36:48.966-0500] {processor.py:758} INFO - Processing file /home/gabsiston/Documentos/projetos/airflow-data/venv/lib/python3.8/site-packages/airflow/example_dags/example_branch_operator.py for tasks to queue
[2022-10-11T20:36:48.967-0500] {logging_mixin.py:117} INFO - [2022-10-11T20:36:48.967-0500] {dagbag.py:525} INFO - Filling up the DagBag from /home/gabsiston/Documentos/projetos/airflow-data/venv/lib/python3.8/site-packages/airflow/example_dags/example_branch_operator.py
[2022-10-11T20:36:48.982-0500] {processor.py:768} INFO - DAG(s) dict_keys(['example_branch_operator']) retrieved from /home/gabsiston/Documentos/projetos/airflow-data/venv/lib/python3.8/site-packages/airflow/example_dags/example_branch_operator.py
[2022-10-11T20:36:49.004-0500] {logging_mixin.py:117} INFO - [2022-10-11T20:36:49.003-0500] {dag.py:2573} INFO - Sync 1 DAGs
[2022-10-11T20:36:49.023-0500] {logging_mixin.py:117} INFO - [2022-10-11T20:36:49.023-0500] {dag.py:3324} INFO - Setting next_dagrun for example_branch_operator to 2022-10-11T00:00:00+00:00, run_after=2022-10-12T00:00:00+00:00
[2022-10-11T20:36:49.054-0500] {processor.py:178} INFO - Processing /home/gabsiston/Documentos/projetos/airflow-data/venv/lib/python3.8/site-packages/airflow/example_dags/example_branch_operator.py took 0.092 seconds
