[2022-10-11T20:25:20.629-0500] {processor.py:156} INFO - Started process (PID=7793) to work on /home/gabsiston/Documentos/projetos/airflow-data/venv/lib/python3.8/site-packages/airflow/example_dags/example_complex.py
[2022-10-11T20:25:20.629-0500] {processor.py:758} INFO - Processing file /home/gabsiston/Documentos/projetos/airflow-data/venv/lib/python3.8/site-packages/airflow/example_dags/example_complex.py for tasks to queue
[2022-10-11T20:25:20.630-0500] {logging_mixin.py:117} INFO - [2022-10-11T20:25:20.630-0500] {dagbag.py:525} INFO - Filling up the DagBag from /home/gabsiston/Documentos/projetos/airflow-data/venv/lib/python3.8/site-packages/airflow/example_dags/example_complex.py
[2022-10-11T20:25:20.645-0500] {processor.py:768} INFO - DAG(s) dict_keys(['example_complex']) retrieved from /home/gabsiston/Documentos/projetos/airflow-data/venv/lib/python3.8/site-packages/airflow/example_dags/example_complex.py
[2022-10-11T20:25:20.747-0500] {logging_mixin.py:117} INFO - [2022-10-11T20:25:20.746-0500] {manager.py:507} INFO - Created Permission View: can read on DAG:example_complex
[2022-10-11T20:25:20.760-0500] {logging_mixin.py:117} INFO - [2022-10-11T20:25:20.760-0500] {manager.py:507} INFO - Created Permission View: can edit on DAG:example_complex
[2022-10-11T20:25:20.772-0500] {logging_mixin.py:117} INFO - [2022-10-11T20:25:20.772-0500] {manager.py:507} INFO - Created Permission View: can delete on DAG:example_complex
[2022-10-11T20:25:20.772-0500] {logging_mixin.py:117} INFO - [2022-10-11T20:25:20.772-0500] {dag.py:2573} INFO - Sync 1 DAGs
[2022-10-11T20:25:20.782-0500] {logging_mixin.py:117} INFO - [2022-10-11T20:25:20.782-0500] {dag.py:2594} INFO - Creating ORM DAG for example_complex
[2022-10-11T20:25:20.789-0500] {logging_mixin.py:117} INFO - [2022-10-11T20:25:20.789-0500] {dag.py:3324} INFO - Setting next_dagrun for example_complex to None, run_after=None
[2022-10-11T20:25:20.809-0500] {processor.py:178} INFO - Processing /home/gabsiston/Documentos/projetos/airflow-data/venv/lib/python3.8/site-packages/airflow/example_dags/example_complex.py took 0.182 seconds
[2022-10-11T20:26:01.043-0500] {processor.py:156} INFO - Started process (PID=8151) to work on /home/gabsiston/Documentos/projetos/airflow-data/venv/lib/python3.8/site-packages/airflow/example_dags/example_complex.py
[2022-10-11T20:26:01.045-0500] {processor.py:758} INFO - Processing file /home/gabsiston/Documentos/projetos/airflow-data/venv/lib/python3.8/site-packages/airflow/example_dags/example_complex.py for tasks to queue
[2022-10-11T20:26:01.045-0500] {logging_mixin.py:117} INFO - [2022-10-11T20:26:01.045-0500] {dagbag.py:525} INFO - Filling up the DagBag from /home/gabsiston/Documentos/projetos/airflow-data/venv/lib/python3.8/site-packages/airflow/example_dags/example_complex.py
[2022-10-11T20:26:01.060-0500] {processor.py:768} INFO - DAG(s) dict_keys(['example_complex']) retrieved from /home/gabsiston/Documentos/projetos/airflow-data/venv/lib/python3.8/site-packages/airflow/example_dags/example_complex.py
[2022-10-11T20:26:01.080-0500] {logging_mixin.py:117} INFO - [2022-10-11T20:26:01.080-0500] {dag.py:2573} INFO - Sync 1 DAGs
[2022-10-11T20:26:01.095-0500] {logging_mixin.py:117} INFO - [2022-10-11T20:26:01.095-0500] {dag.py:3324} INFO - Setting next_dagrun for example_complex to None, run_after=None
[2022-10-11T20:26:01.117-0500] {processor.py:178} INFO - Processing /home/gabsiston/Documentos/projetos/airflow-data/venv/lib/python3.8/site-packages/airflow/example_dags/example_complex.py took 0.076 seconds
[2022-10-11T20:26:37.108-0500] {processor.py:156} INFO - Started process (PID=8691) to work on /home/gabsiston/Documentos/projetos/airflow-data/venv/lib/python3.8/site-packages/airflow/example_dags/example_complex.py
[2022-10-11T20:26:37.110-0500] {processor.py:758} INFO - Processing file /home/gabsiston/Documentos/projetos/airflow-data/venv/lib/python3.8/site-packages/airflow/example_dags/example_complex.py for tasks to queue
[2022-10-11T20:26:37.111-0500] {logging_mixin.py:117} INFO - [2022-10-11T20:26:37.110-0500] {dagbag.py:525} INFO - Filling up the DagBag from /home/gabsiston/Documentos/projetos/airflow-data/venv/lib/python3.8/site-packages/airflow/example_dags/example_complex.py
[2022-10-11T20:26:37.124-0500] {processor.py:768} INFO - DAG(s) dict_keys(['example_complex']) retrieved from /home/gabsiston/Documentos/projetos/airflow-data/venv/lib/python3.8/site-packages/airflow/example_dags/example_complex.py
[2022-10-11T20:26:37.144-0500] {logging_mixin.py:117} INFO - [2022-10-11T20:26:37.144-0500] {dag.py:2573} INFO - Sync 1 DAGs
[2022-10-11T20:26:37.157-0500] {logging_mixin.py:117} INFO - [2022-10-11T20:26:37.157-0500] {dag.py:3324} INFO - Setting next_dagrun for example_complex to None, run_after=None
[2022-10-11T20:26:37.176-0500] {processor.py:178} INFO - Processing /home/gabsiston/Documentos/projetos/airflow-data/venv/lib/python3.8/site-packages/airflow/example_dags/example_complex.py took 0.070 seconds
[2022-10-11T20:27:11.535-0500] {processor.py:156} INFO - Started process (PID=9205) to work on /home/gabsiston/Documentos/projetos/airflow-data/venv/lib/python3.8/site-packages/airflow/example_dags/example_complex.py
[2022-10-11T20:27:11.537-0500] {processor.py:758} INFO - Processing file /home/gabsiston/Documentos/projetos/airflow-data/venv/lib/python3.8/site-packages/airflow/example_dags/example_complex.py for tasks to queue
[2022-10-11T20:27:11.537-0500] {logging_mixin.py:117} INFO - [2022-10-11T20:27:11.537-0500] {dagbag.py:525} INFO - Filling up the DagBag from /home/gabsiston/Documentos/projetos/airflow-data/venv/lib/python3.8/site-packages/airflow/example_dags/example_complex.py
[2022-10-11T20:27:11.555-0500] {processor.py:768} INFO - DAG(s) dict_keys(['example_complex']) retrieved from /home/gabsiston/Documentos/projetos/airflow-data/venv/lib/python3.8/site-packages/airflow/example_dags/example_complex.py
[2022-10-11T20:27:11.581-0500] {logging_mixin.py:117} INFO - [2022-10-11T20:27:11.581-0500] {dag.py:2573} INFO - Sync 1 DAGs
[2022-10-11T20:27:11.596-0500] {logging_mixin.py:117} INFO - [2022-10-11T20:27:11.596-0500] {dag.py:3324} INFO - Setting next_dagrun for example_complex to None, run_after=None
[2022-10-11T20:27:11.619-0500] {processor.py:178} INFO - Processing /home/gabsiston/Documentos/projetos/airflow-data/venv/lib/python3.8/site-packages/airflow/example_dags/example_complex.py took 0.086 seconds
[2022-10-11T20:27:48.885-0500] {processor.py:156} INFO - Started process (PID=9566) to work on /home/gabsiston/Documentos/projetos/airflow-data/venv/lib/python3.8/site-packages/airflow/example_dags/example_complex.py
[2022-10-11T20:27:48.887-0500] {processor.py:758} INFO - Processing file /home/gabsiston/Documentos/projetos/airflow-data/venv/lib/python3.8/site-packages/airflow/example_dags/example_complex.py for tasks to queue
[2022-10-11T20:27:48.888-0500] {logging_mixin.py:117} INFO - [2022-10-11T20:27:48.888-0500] {dagbag.py:525} INFO - Filling up the DagBag from /home/gabsiston/Documentos/projetos/airflow-data/venv/lib/python3.8/site-packages/airflow/example_dags/example_complex.py
[2022-10-11T20:27:48.909-0500] {processor.py:768} INFO - DAG(s) dict_keys(['example_complex']) retrieved from /home/gabsiston/Documentos/projetos/airflow-data/venv/lib/python3.8/site-packages/airflow/example_dags/example_complex.py
[2022-10-11T20:27:48.932-0500] {logging_mixin.py:117} INFO - [2022-10-11T20:27:48.932-0500] {dag.py:2573} INFO - Sync 1 DAGs
[2022-10-11T20:27:48.947-0500] {logging_mixin.py:117} INFO - [2022-10-11T20:27:48.946-0500] {dag.py:3324} INFO - Setting next_dagrun for example_complex to None, run_after=None
[2022-10-11T20:27:48.968-0500] {processor.py:178} INFO - Processing /home/gabsiston/Documentos/projetos/airflow-data/venv/lib/python3.8/site-packages/airflow/example_dags/example_complex.py took 0.085 seconds
[2022-10-11T20:28:25.748-0500] {processor.py:156} INFO - Started process (PID=9889) to work on /home/gabsiston/Documentos/projetos/airflow-data/venv/lib/python3.8/site-packages/airflow/example_dags/example_complex.py
[2022-10-11T20:28:25.750-0500] {processor.py:758} INFO - Processing file /home/gabsiston/Documentos/projetos/airflow-data/venv/lib/python3.8/site-packages/airflow/example_dags/example_complex.py for tasks to queue
[2022-10-11T20:28:25.751-0500] {logging_mixin.py:117} INFO - [2022-10-11T20:28:25.750-0500] {dagbag.py:525} INFO - Filling up the DagBag from /home/gabsiston/Documentos/projetos/airflow-data/venv/lib/python3.8/site-packages/airflow/example_dags/example_complex.py
[2022-10-11T20:28:25.771-0500] {processor.py:768} INFO - DAG(s) dict_keys(['example_complex']) retrieved from /home/gabsiston/Documentos/projetos/airflow-data/venv/lib/python3.8/site-packages/airflow/example_dags/example_complex.py
[2022-10-11T20:28:25.794-0500] {logging_mixin.py:117} INFO - [2022-10-11T20:28:25.794-0500] {dag.py:2573} INFO - Sync 1 DAGs
[2022-10-11T20:28:25.809-0500] {logging_mixin.py:117} INFO - [2022-10-11T20:28:25.809-0500] {dag.py:3324} INFO - Setting next_dagrun for example_complex to None, run_after=None
[2022-10-11T20:28:25.837-0500] {processor.py:178} INFO - Processing /home/gabsiston/Documentos/projetos/airflow-data/venv/lib/python3.8/site-packages/airflow/example_dags/example_complex.py took 0.092 seconds
[2022-10-11T20:29:01.121-0500] {processor.py:156} INFO - Started process (PID=10167) to work on /home/gabsiston/Documentos/projetos/airflow-data/venv/lib/python3.8/site-packages/airflow/example_dags/example_complex.py
[2022-10-11T20:29:01.123-0500] {processor.py:758} INFO - Processing file /home/gabsiston/Documentos/projetos/airflow-data/venv/lib/python3.8/site-packages/airflow/example_dags/example_complex.py for tasks to queue
[2022-10-11T20:29:01.124-0500] {logging_mixin.py:117} INFO - [2022-10-11T20:29:01.124-0500] {dagbag.py:525} INFO - Filling up the DagBag from /home/gabsiston/Documentos/projetos/airflow-data/venv/lib/python3.8/site-packages/airflow/example_dags/example_complex.py
[2022-10-11T20:29:01.143-0500] {processor.py:768} INFO - DAG(s) dict_keys(['example_complex']) retrieved from /home/gabsiston/Documentos/projetos/airflow-data/venv/lib/python3.8/site-packages/airflow/example_dags/example_complex.py
[2022-10-11T20:29:01.166-0500] {logging_mixin.py:117} INFO - [2022-10-11T20:29:01.166-0500] {dag.py:2573} INFO - Sync 1 DAGs
[2022-10-11T20:29:01.182-0500] {logging_mixin.py:117} INFO - [2022-10-11T20:29:01.182-0500] {dag.py:3324} INFO - Setting next_dagrun for example_complex to None, run_after=None
[2022-10-11T20:29:01.204-0500] {processor.py:178} INFO - Processing /home/gabsiston/Documentos/projetos/airflow-data/venv/lib/python3.8/site-packages/airflow/example_dags/example_complex.py took 0.089 seconds
[2022-10-11T20:29:38.231-0500] {processor.py:156} INFO - Started process (PID=10358) to work on /home/gabsiston/Documentos/projetos/airflow-data/venv/lib/python3.8/site-packages/airflow/example_dags/example_complex.py
[2022-10-11T20:29:38.233-0500] {processor.py:758} INFO - Processing file /home/gabsiston/Documentos/projetos/airflow-data/venv/lib/python3.8/site-packages/airflow/example_dags/example_complex.py for tasks to queue
[2022-10-11T20:29:38.233-0500] {logging_mixin.py:117} INFO - [2022-10-11T20:29:38.233-0500] {dagbag.py:525} INFO - Filling up the DagBag from /home/gabsiston/Documentos/projetos/airflow-data/venv/lib/python3.8/site-packages/airflow/example_dags/example_complex.py
[2022-10-11T20:29:38.249-0500] {processor.py:768} INFO - DAG(s) dict_keys(['example_complex']) retrieved from /home/gabsiston/Documentos/projetos/airflow-data/venv/lib/python3.8/site-packages/airflow/example_dags/example_complex.py
[2022-10-11T20:29:38.268-0500] {logging_mixin.py:117} INFO - [2022-10-11T20:29:38.268-0500] {dag.py:2573} INFO - Sync 1 DAGs
[2022-10-11T20:29:38.283-0500] {logging_mixin.py:117} INFO - [2022-10-11T20:29:38.283-0500] {dag.py:3324} INFO - Setting next_dagrun for example_complex to None, run_after=None
[2022-10-11T20:29:38.301-0500] {processor.py:178} INFO - Processing /home/gabsiston/Documentos/projetos/airflow-data/venv/lib/python3.8/site-packages/airflow/example_dags/example_complex.py took 0.072 seconds
[2022-10-11T20:30:14.837-0500] {processor.py:156} INFO - Started process (PID=10602) to work on /home/gabsiston/Documentos/projetos/airflow-data/venv/lib/python3.8/site-packages/airflow/example_dags/example_complex.py
[2022-10-11T20:30:14.840-0500] {processor.py:758} INFO - Processing file /home/gabsiston/Documentos/projetos/airflow-data/venv/lib/python3.8/site-packages/airflow/example_dags/example_complex.py for tasks to queue
[2022-10-11T20:30:14.840-0500] {logging_mixin.py:117} INFO - [2022-10-11T20:30:14.840-0500] {dagbag.py:525} INFO - Filling up the DagBag from /home/gabsiston/Documentos/projetos/airflow-data/venv/lib/python3.8/site-packages/airflow/example_dags/example_complex.py
[2022-10-11T20:30:14.860-0500] {processor.py:768} INFO - DAG(s) dict_keys(['example_complex']) retrieved from /home/gabsiston/Documentos/projetos/airflow-data/venv/lib/python3.8/site-packages/airflow/example_dags/example_complex.py
[2022-10-11T20:30:14.883-0500] {logging_mixin.py:117} INFO - [2022-10-11T20:30:14.882-0500] {dag.py:2573} INFO - Sync 1 DAGs
[2022-10-11T20:30:14.896-0500] {logging_mixin.py:117} INFO - [2022-10-11T20:30:14.896-0500] {dag.py:3324} INFO - Setting next_dagrun for example_complex to None, run_after=None
[2022-10-11T20:30:14.924-0500] {processor.py:178} INFO - Processing /home/gabsiston/Documentos/projetos/airflow-data/venv/lib/python3.8/site-packages/airflow/example_dags/example_complex.py took 0.088 seconds
[2022-10-11T20:30:51.311-0500] {processor.py:156} INFO - Started process (PID=10818) to work on /home/gabsiston/Documentos/projetos/airflow-data/venv/lib/python3.8/site-packages/airflow/example_dags/example_complex.py
[2022-10-11T20:30:51.314-0500] {processor.py:758} INFO - Processing file /home/gabsiston/Documentos/projetos/airflow-data/venv/lib/python3.8/site-packages/airflow/example_dags/example_complex.py for tasks to queue
[2022-10-11T20:30:51.315-0500] {logging_mixin.py:117} INFO - [2022-10-11T20:30:51.315-0500] {dagbag.py:525} INFO - Filling up the DagBag from /home/gabsiston/Documentos/projetos/airflow-data/venv/lib/python3.8/site-packages/airflow/example_dags/example_complex.py
[2022-10-11T20:30:51.334-0500] {processor.py:768} INFO - DAG(s) dict_keys(['example_complex']) retrieved from /home/gabsiston/Documentos/projetos/airflow-data/venv/lib/python3.8/site-packages/airflow/example_dags/example_complex.py
[2022-10-11T20:30:51.362-0500] {logging_mixin.py:117} INFO - [2022-10-11T20:30:51.362-0500] {dag.py:2573} INFO - Sync 1 DAGs
[2022-10-11T20:30:51.379-0500] {logging_mixin.py:117} INFO - [2022-10-11T20:30:51.379-0500] {dag.py:3324} INFO - Setting next_dagrun for example_complex to None, run_after=None
[2022-10-11T20:30:51.401-0500] {processor.py:178} INFO - Processing /home/gabsiston/Documentos/projetos/airflow-data/venv/lib/python3.8/site-packages/airflow/example_dags/example_complex.py took 0.092 seconds
[2022-10-11T20:31:27.702-0500] {processor.py:156} INFO - Started process (PID=11140) to work on /home/gabsiston/Documentos/projetos/airflow-data/venv/lib/python3.8/site-packages/airflow/example_dags/example_complex.py
[2022-10-11T20:31:27.704-0500] {processor.py:758} INFO - Processing file /home/gabsiston/Documentos/projetos/airflow-data/venv/lib/python3.8/site-packages/airflow/example_dags/example_complex.py for tasks to queue
[2022-10-11T20:31:27.705-0500] {logging_mixin.py:117} INFO - [2022-10-11T20:31:27.705-0500] {dagbag.py:525} INFO - Filling up the DagBag from /home/gabsiston/Documentos/projetos/airflow-data/venv/lib/python3.8/site-packages/airflow/example_dags/example_complex.py
[2022-10-11T20:31:27.726-0500] {processor.py:768} INFO - DAG(s) dict_keys(['example_complex']) retrieved from /home/gabsiston/Documentos/projetos/airflow-data/venv/lib/python3.8/site-packages/airflow/example_dags/example_complex.py
[2022-10-11T20:31:27.746-0500] {logging_mixin.py:117} INFO - [2022-10-11T20:31:27.746-0500] {dag.py:2573} INFO - Sync 1 DAGs
[2022-10-11T20:31:27.760-0500] {logging_mixin.py:117} INFO - [2022-10-11T20:31:27.760-0500] {dag.py:3324} INFO - Setting next_dagrun for example_complex to None, run_after=None
[2022-10-11T20:31:27.778-0500] {processor.py:178} INFO - Processing /home/gabsiston/Documentos/projetos/airflow-data/venv/lib/python3.8/site-packages/airflow/example_dags/example_complex.py took 0.078 seconds
[2022-10-11T20:32:06.295-0500] {processor.py:156} INFO - Started process (PID=11396) to work on /home/gabsiston/Documentos/projetos/airflow-data/venv/lib/python3.8/site-packages/airflow/example_dags/example_complex.py
[2022-10-11T20:32:06.298-0500] {processor.py:758} INFO - Processing file /home/gabsiston/Documentos/projetos/airflow-data/venv/lib/python3.8/site-packages/airflow/example_dags/example_complex.py for tasks to queue
[2022-10-11T20:32:06.298-0500] {logging_mixin.py:117} INFO - [2022-10-11T20:32:06.298-0500] {dagbag.py:525} INFO - Filling up the DagBag from /home/gabsiston/Documentos/projetos/airflow-data/venv/lib/python3.8/site-packages/airflow/example_dags/example_complex.py
[2022-10-11T20:32:06.318-0500] {processor.py:768} INFO - DAG(s) dict_keys(['example_complex']) retrieved from /home/gabsiston/Documentos/projetos/airflow-data/venv/lib/python3.8/site-packages/airflow/example_dags/example_complex.py
[2022-10-11T20:32:06.344-0500] {logging_mixin.py:117} INFO - [2022-10-11T20:32:06.344-0500] {dag.py:2573} INFO - Sync 1 DAGs
[2022-10-11T20:32:06.361-0500] {logging_mixin.py:117} INFO - [2022-10-11T20:32:06.361-0500] {dag.py:3324} INFO - Setting next_dagrun for example_complex to None, run_after=None
[2022-10-11T20:32:06.385-0500] {processor.py:178} INFO - Processing /home/gabsiston/Documentos/projetos/airflow-data/venv/lib/python3.8/site-packages/airflow/example_dags/example_complex.py took 0.093 seconds
[2022-10-11T20:32:42.375-0500] {processor.py:156} INFO - Started process (PID=11701) to work on /home/gabsiston/Documentos/projetos/airflow-data/venv/lib/python3.8/site-packages/airflow/example_dags/example_complex.py
[2022-10-11T20:32:42.377-0500] {processor.py:758} INFO - Processing file /home/gabsiston/Documentos/projetos/airflow-data/venv/lib/python3.8/site-packages/airflow/example_dags/example_complex.py for tasks to queue
[2022-10-11T20:32:42.378-0500] {logging_mixin.py:117} INFO - [2022-10-11T20:32:42.378-0500] {dagbag.py:525} INFO - Filling up the DagBag from /home/gabsiston/Documentos/projetos/airflow-data/venv/lib/python3.8/site-packages/airflow/example_dags/example_complex.py
[2022-10-11T20:32:42.398-0500] {processor.py:768} INFO - DAG(s) dict_keys(['example_complex']) retrieved from /home/gabsiston/Documentos/projetos/airflow-data/venv/lib/python3.8/site-packages/airflow/example_dags/example_complex.py
[2022-10-11T20:32:42.421-0500] {logging_mixin.py:117} INFO - [2022-10-11T20:32:42.421-0500] {dag.py:2573} INFO - Sync 1 DAGs
[2022-10-11T20:32:42.437-0500] {logging_mixin.py:117} INFO - [2022-10-11T20:32:42.436-0500] {dag.py:3324} INFO - Setting next_dagrun for example_complex to None, run_after=None
[2022-10-11T20:32:42.465-0500] {processor.py:178} INFO - Processing /home/gabsiston/Documentos/projetos/airflow-data/venv/lib/python3.8/site-packages/airflow/example_dags/example_complex.py took 0.092 seconds
[2022-10-11T20:33:18.154-0500] {processor.py:156} INFO - Started process (PID=12093) to work on /home/gabsiston/Documentos/projetos/airflow-data/venv/lib/python3.8/site-packages/airflow/example_dags/example_complex.py
[2022-10-11T20:33:18.156-0500] {processor.py:758} INFO - Processing file /home/gabsiston/Documentos/projetos/airflow-data/venv/lib/python3.8/site-packages/airflow/example_dags/example_complex.py for tasks to queue
[2022-10-11T20:33:18.156-0500] {logging_mixin.py:117} INFO - [2022-10-11T20:33:18.156-0500] {dagbag.py:525} INFO - Filling up the DagBag from /home/gabsiston/Documentos/projetos/airflow-data/venv/lib/python3.8/site-packages/airflow/example_dags/example_complex.py
[2022-10-11T20:33:18.173-0500] {processor.py:768} INFO - DAG(s) dict_keys(['example_complex']) retrieved from /home/gabsiston/Documentos/projetos/airflow-data/venv/lib/python3.8/site-packages/airflow/example_dags/example_complex.py
[2022-10-11T20:33:18.199-0500] {logging_mixin.py:117} INFO - [2022-10-11T20:33:18.199-0500] {dag.py:2573} INFO - Sync 1 DAGs
[2022-10-11T20:33:18.217-0500] {logging_mixin.py:117} INFO - [2022-10-11T20:33:18.217-0500] {dag.py:3324} INFO - Setting next_dagrun for example_complex to None, run_after=None
[2022-10-11T20:33:18.238-0500] {processor.py:178} INFO - Processing /home/gabsiston/Documentos/projetos/airflow-data/venv/lib/python3.8/site-packages/airflow/example_dags/example_complex.py took 0.088 seconds
[2022-10-11T20:33:51.845-0500] {processor.py:156} INFO - Started process (PID=12269) to work on /home/gabsiston/Documentos/projetos/airflow-data/venv/lib/python3.8/site-packages/airflow/example_dags/example_complex.py
[2022-10-11T20:33:51.847-0500] {processor.py:758} INFO - Processing file /home/gabsiston/Documentos/projetos/airflow-data/venv/lib/python3.8/site-packages/airflow/example_dags/example_complex.py for tasks to queue
[2022-10-11T20:33:51.848-0500] {logging_mixin.py:117} INFO - [2022-10-11T20:33:51.848-0500] {dagbag.py:525} INFO - Filling up the DagBag from /home/gabsiston/Documentos/projetos/airflow-data/venv/lib/python3.8/site-packages/airflow/example_dags/example_complex.py
[2022-10-11T20:33:51.865-0500] {processor.py:768} INFO - DAG(s) dict_keys(['example_complex']) retrieved from /home/gabsiston/Documentos/projetos/airflow-data/venv/lib/python3.8/site-packages/airflow/example_dags/example_complex.py
[2022-10-11T20:33:51.889-0500] {logging_mixin.py:117} INFO - [2022-10-11T20:33:51.889-0500] {dag.py:2573} INFO - Sync 1 DAGs
[2022-10-11T20:33:51.903-0500] {logging_mixin.py:117} INFO - [2022-10-11T20:33:51.903-0500] {dag.py:3324} INFO - Setting next_dagrun for example_complex to None, run_after=None
[2022-10-11T20:33:51.922-0500] {processor.py:178} INFO - Processing /home/gabsiston/Documentos/projetos/airflow-data/venv/lib/python3.8/site-packages/airflow/example_dags/example_complex.py took 0.080 seconds
[2022-10-11T20:34:27.341-0500] {processor.py:156} INFO - Started process (PID=12449) to work on /home/gabsiston/Documentos/projetos/airflow-data/venv/lib/python3.8/site-packages/airflow/example_dags/example_complex.py
[2022-10-11T20:34:27.343-0500] {processor.py:758} INFO - Processing file /home/gabsiston/Documentos/projetos/airflow-data/venv/lib/python3.8/site-packages/airflow/example_dags/example_complex.py for tasks to queue
[2022-10-11T20:34:27.344-0500] {logging_mixin.py:117} INFO - [2022-10-11T20:34:27.344-0500] {dagbag.py:525} INFO - Filling up the DagBag from /home/gabsiston/Documentos/projetos/airflow-data/venv/lib/python3.8/site-packages/airflow/example_dags/example_complex.py
[2022-10-11T20:34:27.367-0500] {processor.py:768} INFO - DAG(s) dict_keys(['example_complex']) retrieved from /home/gabsiston/Documentos/projetos/airflow-data/venv/lib/python3.8/site-packages/airflow/example_dags/example_complex.py
[2022-10-11T20:34:27.391-0500] {logging_mixin.py:117} INFO - [2022-10-11T20:34:27.391-0500] {dag.py:2573} INFO - Sync 1 DAGs
[2022-10-11T20:34:27.406-0500] {logging_mixin.py:117} INFO - [2022-10-11T20:34:27.406-0500] {dag.py:3324} INFO - Setting next_dagrun for example_complex to None, run_after=None
[2022-10-11T20:34:27.436-0500] {processor.py:178} INFO - Processing /home/gabsiston/Documentos/projetos/airflow-data/venv/lib/python3.8/site-packages/airflow/example_dags/example_complex.py took 0.098 seconds
[2022-10-11T20:35:03.080-0500] {processor.py:156} INFO - Started process (PID=12643) to work on /home/gabsiston/Documentos/projetos/airflow-data/venv/lib/python3.8/site-packages/airflow/example_dags/example_complex.py
[2022-10-11T20:35:03.082-0500] {processor.py:758} INFO - Processing file /home/gabsiston/Documentos/projetos/airflow-data/venv/lib/python3.8/site-packages/airflow/example_dags/example_complex.py for tasks to queue
[2022-10-11T20:35:03.083-0500] {logging_mixin.py:117} INFO - [2022-10-11T20:35:03.083-0500] {dagbag.py:525} INFO - Filling up the DagBag from /home/gabsiston/Documentos/projetos/airflow-data/venv/lib/python3.8/site-packages/airflow/example_dags/example_complex.py
[2022-10-11T20:35:03.107-0500] {processor.py:768} INFO - DAG(s) dict_keys(['example_complex']) retrieved from /home/gabsiston/Documentos/projetos/airflow-data/venv/lib/python3.8/site-packages/airflow/example_dags/example_complex.py
[2022-10-11T20:35:03.132-0500] {logging_mixin.py:117} INFO - [2022-10-11T20:35:03.132-0500] {dag.py:2573} INFO - Sync 1 DAGs
[2022-10-11T20:35:03.148-0500] {logging_mixin.py:117} INFO - [2022-10-11T20:35:03.148-0500] {dag.py:3324} INFO - Setting next_dagrun for example_complex to None, run_after=None
[2022-10-11T20:35:03.179-0500] {processor.py:178} INFO - Processing /home/gabsiston/Documentos/projetos/airflow-data/venv/lib/python3.8/site-packages/airflow/example_dags/example_complex.py took 0.103 seconds
[2022-10-11T20:35:37.278-0500] {processor.py:156} INFO - Started process (PID=12881) to work on /home/gabsiston/Documentos/projetos/airflow-data/venv/lib/python3.8/site-packages/airflow/example_dags/example_complex.py
[2022-10-11T20:35:37.280-0500] {processor.py:758} INFO - Processing file /home/gabsiston/Documentos/projetos/airflow-data/venv/lib/python3.8/site-packages/airflow/example_dags/example_complex.py for tasks to queue
[2022-10-11T20:35:37.281-0500] {logging_mixin.py:117} INFO - [2022-10-11T20:35:37.281-0500] {dagbag.py:525} INFO - Filling up the DagBag from /home/gabsiston/Documentos/projetos/airflow-data/venv/lib/python3.8/site-packages/airflow/example_dags/example_complex.py
[2022-10-11T20:35:37.304-0500] {processor.py:768} INFO - DAG(s) dict_keys(['example_complex']) retrieved from /home/gabsiston/Documentos/projetos/airflow-data/venv/lib/python3.8/site-packages/airflow/example_dags/example_complex.py
[2022-10-11T20:35:37.328-0500] {logging_mixin.py:117} INFO - [2022-10-11T20:35:37.328-0500] {dag.py:2573} INFO - Sync 1 DAGs
[2022-10-11T20:35:37.343-0500] {logging_mixin.py:117} INFO - [2022-10-11T20:35:37.343-0500] {dag.py:3324} INFO - Setting next_dagrun for example_complex to None, run_after=None
[2022-10-11T20:35:37.372-0500] {processor.py:178} INFO - Processing /home/gabsiston/Documentos/projetos/airflow-data/venv/lib/python3.8/site-packages/airflow/example_dags/example_complex.py took 0.097 seconds
[2022-10-11T20:36:11.384-0500] {processor.py:156} INFO - Started process (PID=13059) to work on /home/gabsiston/Documentos/projetos/airflow-data/venv/lib/python3.8/site-packages/airflow/example_dags/example_complex.py
[2022-10-11T20:36:11.387-0500] {processor.py:758} INFO - Processing file /home/gabsiston/Documentos/projetos/airflow-data/venv/lib/python3.8/site-packages/airflow/example_dags/example_complex.py for tasks to queue
[2022-10-11T20:36:11.388-0500] {logging_mixin.py:117} INFO - [2022-10-11T20:36:11.387-0500] {dagbag.py:525} INFO - Filling up the DagBag from /home/gabsiston/Documentos/projetos/airflow-data/venv/lib/python3.8/site-packages/airflow/example_dags/example_complex.py
[2022-10-11T20:36:11.414-0500] {processor.py:768} INFO - DAG(s) dict_keys(['example_complex']) retrieved from /home/gabsiston/Documentos/projetos/airflow-data/venv/lib/python3.8/site-packages/airflow/example_dags/example_complex.py
[2022-10-11T20:36:11.438-0500] {logging_mixin.py:117} INFO - [2022-10-11T20:36:11.438-0500] {dag.py:2573} INFO - Sync 1 DAGs
[2022-10-11T20:36:11.451-0500] {logging_mixin.py:117} INFO - [2022-10-11T20:36:11.451-0500] {dag.py:3324} INFO - Setting next_dagrun for example_complex to None, run_after=None
[2022-10-11T20:36:11.473-0500] {processor.py:178} INFO - Processing /home/gabsiston/Documentos/projetos/airflow-data/venv/lib/python3.8/site-packages/airflow/example_dags/example_complex.py took 0.092 seconds
[2022-10-11T20:36:46.252-0500] {processor.py:156} INFO - Started process (PID=13461) to work on /home/gabsiston/Documentos/projetos/airflow-data/venv/lib/python3.8/site-packages/airflow/example_dags/example_complex.py
[2022-10-11T20:36:46.255-0500] {processor.py:758} INFO - Processing file /home/gabsiston/Documentos/projetos/airflow-data/venv/lib/python3.8/site-packages/airflow/example_dags/example_complex.py for tasks to queue
[2022-10-11T20:36:46.256-0500] {logging_mixin.py:117} INFO - [2022-10-11T20:36:46.256-0500] {dagbag.py:525} INFO - Filling up the DagBag from /home/gabsiston/Documentos/projetos/airflow-data/venv/lib/python3.8/site-packages/airflow/example_dags/example_complex.py
[2022-10-11T20:36:46.284-0500] {processor.py:768} INFO - DAG(s) dict_keys(['example_complex']) retrieved from /home/gabsiston/Documentos/projetos/airflow-data/venv/lib/python3.8/site-packages/airflow/example_dags/example_complex.py
[2022-10-11T20:36:46.309-0500] {logging_mixin.py:117} INFO - [2022-10-11T20:36:46.309-0500] {dag.py:2573} INFO - Sync 1 DAGs
[2022-10-11T20:36:46.327-0500] {logging_mixin.py:117} INFO - [2022-10-11T20:36:46.327-0500] {dag.py:3324} INFO - Setting next_dagrun for example_complex to None, run_after=None
[2022-10-11T20:36:46.367-0500] {processor.py:178} INFO - Processing /home/gabsiston/Documentos/projetos/airflow-data/venv/lib/python3.8/site-packages/airflow/example_dags/example_complex.py took 0.121 seconds
