[2022-10-11T20:25:12.484-0500] {processor.py:156} INFO - Started process (PID=7680) to work on /home/gabsiston/Documentos/projetos/airflow-data/venv/lib/python3.8/site-packages/airflow/example_dags/example_branch_labels.py
[2022-10-11T20:25:12.485-0500] {processor.py:758} INFO - Processing file /home/gabsiston/Documentos/projetos/airflow-data/venv/lib/python3.8/site-packages/airflow/example_dags/example_branch_labels.py for tasks to queue
[2022-10-11T20:25:12.486-0500] {logging_mixin.py:117} INFO - [2022-10-11T20:25:12.485-0500] {dagbag.py:525} INFO - Filling up the DagBag from /home/gabsiston/Documentos/projetos/airflow-data/venv/lib/python3.8/site-packages/airflow/example_dags/example_branch_labels.py
[2022-10-11T20:25:12.496-0500] {processor.py:768} INFO - DAG(s) dict_keys(['example_branch_labels']) retrieved from /home/gabsiston/Documentos/projetos/airflow-data/venv/lib/python3.8/site-packages/airflow/example_dags/example_branch_labels.py
[2022-10-11T20:25:12.581-0500] {logging_mixin.py:117} INFO - [2022-10-11T20:25:12.581-0500] {manager.py:507} INFO - Created Permission View: can read on DAG:example_branch_labels
[2022-10-11T20:25:12.593-0500] {logging_mixin.py:117} INFO - [2022-10-11T20:25:12.593-0500] {manager.py:507} INFO - Created Permission View: can edit on DAG:example_branch_labels
[2022-10-11T20:25:12.603-0500] {logging_mixin.py:117} INFO - [2022-10-11T20:25:12.603-0500] {manager.py:507} INFO - Created Permission View: can delete on DAG:example_branch_labels
[2022-10-11T20:25:12.604-0500] {logging_mixin.py:117} INFO - [2022-10-11T20:25:12.604-0500] {dag.py:2573} INFO - Sync 1 DAGs
[2022-10-11T20:25:12.612-0500] {logging_mixin.py:117} INFO - [2022-10-11T20:25:12.611-0500] {dag.py:2594} INFO - Creating ORM DAG for example_branch_labels
[2022-10-11T20:25:12.621-0500] {logging_mixin.py:117} INFO - [2022-10-11T20:25:12.620-0500] {dag.py:3324} INFO - Setting next_dagrun for example_branch_labels to 2022-10-11T00:00:00+00:00, run_after=2022-10-12T00:00:00+00:00
[2022-10-11T20:25:12.639-0500] {processor.py:178} INFO - Processing /home/gabsiston/Documentos/projetos/airflow-data/venv/lib/python3.8/site-packages/airflow/example_dags/example_branch_labels.py took 0.156 seconds
[2022-10-11T20:25:54.660-0500] {processor.py:156} INFO - Started process (PID=8105) to work on /home/gabsiston/Documentos/projetos/airflow-data/venv/lib/python3.8/site-packages/airflow/example_dags/example_branch_labels.py
[2022-10-11T20:25:54.662-0500] {processor.py:758} INFO - Processing file /home/gabsiston/Documentos/projetos/airflow-data/venv/lib/python3.8/site-packages/airflow/example_dags/example_branch_labels.py for tasks to queue
[2022-10-11T20:25:54.663-0500] {logging_mixin.py:117} INFO - [2022-10-11T20:25:54.663-0500] {dagbag.py:525} INFO - Filling up the DagBag from /home/gabsiston/Documentos/projetos/airflow-data/venv/lib/python3.8/site-packages/airflow/example_dags/example_branch_labels.py
[2022-10-11T20:25:54.674-0500] {processor.py:768} INFO - DAG(s) dict_keys(['example_branch_labels']) retrieved from /home/gabsiston/Documentos/projetos/airflow-data/venv/lib/python3.8/site-packages/airflow/example_dags/example_branch_labels.py
[2022-10-11T20:25:54.692-0500] {logging_mixin.py:117} INFO - [2022-10-11T20:25:54.691-0500] {dag.py:2573} INFO - Sync 1 DAGs
[2022-10-11T20:25:54.709-0500] {logging_mixin.py:117} INFO - [2022-10-11T20:25:54.709-0500] {dag.py:3324} INFO - Setting next_dagrun for example_branch_labels to 2022-10-11T00:00:00+00:00, run_after=2022-10-12T00:00:00+00:00
[2022-10-11T20:25:54.730-0500] {processor.py:178} INFO - Processing /home/gabsiston/Documentos/projetos/airflow-data/venv/lib/python3.8/site-packages/airflow/example_dags/example_branch_labels.py took 0.072 seconds
[2022-10-11T20:26:30.117-0500] {processor.py:156} INFO - Started process (PID=8563) to work on /home/gabsiston/Documentos/projetos/airflow-data/venv/lib/python3.8/site-packages/airflow/example_dags/example_branch_labels.py
[2022-10-11T20:26:30.119-0500] {processor.py:758} INFO - Processing file /home/gabsiston/Documentos/projetos/airflow-data/venv/lib/python3.8/site-packages/airflow/example_dags/example_branch_labels.py for tasks to queue
[2022-10-11T20:26:30.120-0500] {logging_mixin.py:117} INFO - [2022-10-11T20:26:30.120-0500] {dagbag.py:525} INFO - Filling up the DagBag from /home/gabsiston/Documentos/projetos/airflow-data/venv/lib/python3.8/site-packages/airflow/example_dags/example_branch_labels.py
[2022-10-11T20:26:30.136-0500] {processor.py:768} INFO - DAG(s) dict_keys(['example_branch_labels']) retrieved from /home/gabsiston/Documentos/projetos/airflow-data/venv/lib/python3.8/site-packages/airflow/example_dags/example_branch_labels.py
[2022-10-11T20:26:30.167-0500] {logging_mixin.py:117} INFO - [2022-10-11T20:26:30.166-0500] {dag.py:2573} INFO - Sync 1 DAGs
[2022-10-11T20:26:30.196-0500] {logging_mixin.py:117} INFO - [2022-10-11T20:26:30.195-0500] {dag.py:3324} INFO - Setting next_dagrun for example_branch_labels to 2022-10-11T00:00:00+00:00, run_after=2022-10-12T00:00:00+00:00
[2022-10-11T20:26:30.223-0500] {processor.py:178} INFO - Processing /home/gabsiston/Documentos/projetos/airflow-data/venv/lib/python3.8/site-packages/airflow/example_dags/example_branch_labels.py took 0.109 seconds
[2022-10-11T20:27:05.793-0500] {processor.py:156} INFO - Started process (PID=9111) to work on /home/gabsiston/Documentos/projetos/airflow-data/venv/lib/python3.8/site-packages/airflow/example_dags/example_branch_labels.py
[2022-10-11T20:27:05.795-0500] {processor.py:758} INFO - Processing file /home/gabsiston/Documentos/projetos/airflow-data/venv/lib/python3.8/site-packages/airflow/example_dags/example_branch_labels.py for tasks to queue
[2022-10-11T20:27:05.795-0500] {logging_mixin.py:117} INFO - [2022-10-11T20:27:05.795-0500] {dagbag.py:525} INFO - Filling up the DagBag from /home/gabsiston/Documentos/projetos/airflow-data/venv/lib/python3.8/site-packages/airflow/example_dags/example_branch_labels.py
[2022-10-11T20:27:05.809-0500] {processor.py:768} INFO - DAG(s) dict_keys(['example_branch_labels']) retrieved from /home/gabsiston/Documentos/projetos/airflow-data/venv/lib/python3.8/site-packages/airflow/example_dags/example_branch_labels.py
[2022-10-11T20:27:05.830-0500] {logging_mixin.py:117} INFO - [2022-10-11T20:27:05.830-0500] {dag.py:2573} INFO - Sync 1 DAGs
[2022-10-11T20:27:05.849-0500] {logging_mixin.py:117} INFO - [2022-10-11T20:27:05.849-0500] {dag.py:3324} INFO - Setting next_dagrun for example_branch_labels to 2022-10-11T00:00:00+00:00, run_after=2022-10-12T00:00:00+00:00
[2022-10-11T20:27:05.873-0500] {processor.py:178} INFO - Processing /home/gabsiston/Documentos/projetos/airflow-data/venv/lib/python3.8/site-packages/airflow/example_dags/example_branch_labels.py took 0.084 seconds
[2022-10-11T20:27:42.268-0500] {processor.py:156} INFO - Started process (PID=9523) to work on /home/gabsiston/Documentos/projetos/airflow-data/venv/lib/python3.8/site-packages/airflow/example_dags/example_branch_labels.py
[2022-10-11T20:27:42.270-0500] {processor.py:758} INFO - Processing file /home/gabsiston/Documentos/projetos/airflow-data/venv/lib/python3.8/site-packages/airflow/example_dags/example_branch_labels.py for tasks to queue
[2022-10-11T20:27:42.271-0500] {logging_mixin.py:117} INFO - [2022-10-11T20:27:42.271-0500] {dagbag.py:525} INFO - Filling up the DagBag from /home/gabsiston/Documentos/projetos/airflow-data/venv/lib/python3.8/site-packages/airflow/example_dags/example_branch_labels.py
[2022-10-11T20:27:42.291-0500] {processor.py:768} INFO - DAG(s) dict_keys(['example_branch_labels']) retrieved from /home/gabsiston/Documentos/projetos/airflow-data/venv/lib/python3.8/site-packages/airflow/example_dags/example_branch_labels.py
[2022-10-11T20:27:42.313-0500] {logging_mixin.py:117} INFO - [2022-10-11T20:27:42.313-0500] {dag.py:2573} INFO - Sync 1 DAGs
[2022-10-11T20:27:42.330-0500] {logging_mixin.py:117} INFO - [2022-10-11T20:27:42.330-0500] {dag.py:3324} INFO - Setting next_dagrun for example_branch_labels to 2022-10-11T00:00:00+00:00, run_after=2022-10-12T00:00:00+00:00
[2022-10-11T20:27:42.360-0500] {processor.py:178} INFO - Processing /home/gabsiston/Documentos/projetos/airflow-data/venv/lib/python3.8/site-packages/airflow/example_dags/example_branch_labels.py took 0.095 seconds
[2022-10-11T20:28:17.487-0500] {processor.py:156} INFO - Started process (PID=9849) to work on /home/gabsiston/Documentos/projetos/airflow-data/venv/lib/python3.8/site-packages/airflow/example_dags/example_branch_labels.py
[2022-10-11T20:28:17.488-0500] {processor.py:758} INFO - Processing file /home/gabsiston/Documentos/projetos/airflow-data/venv/lib/python3.8/site-packages/airflow/example_dags/example_branch_labels.py for tasks to queue
[2022-10-11T20:28:17.488-0500] {logging_mixin.py:117} INFO - [2022-10-11T20:28:17.488-0500] {dagbag.py:525} INFO - Filling up the DagBag from /home/gabsiston/Documentos/projetos/airflow-data/venv/lib/python3.8/site-packages/airflow/example_dags/example_branch_labels.py
[2022-10-11T20:28:17.501-0500] {processor.py:768} INFO - DAG(s) dict_keys(['example_branch_labels']) retrieved from /home/gabsiston/Documentos/projetos/airflow-data/venv/lib/python3.8/site-packages/airflow/example_dags/example_branch_labels.py
[2022-10-11T20:28:17.519-0500] {logging_mixin.py:117} INFO - [2022-10-11T20:28:17.519-0500] {dag.py:2573} INFO - Sync 1 DAGs
[2022-10-11T20:28:17.535-0500] {logging_mixin.py:117} INFO - [2022-10-11T20:28:17.534-0500] {dag.py:3324} INFO - Setting next_dagrun for example_branch_labels to 2022-10-11T00:00:00+00:00, run_after=2022-10-12T00:00:00+00:00
[2022-10-11T20:28:17.555-0500] {processor.py:178} INFO - Processing /home/gabsiston/Documentos/projetos/airflow-data/venv/lib/python3.8/site-packages/airflow/example_dags/example_branch_labels.py took 0.070 seconds
[2022-10-11T20:28:52.991-0500] {processor.py:156} INFO - Started process (PID=10087) to work on /home/gabsiston/Documentos/projetos/airflow-data/venv/lib/python3.8/site-packages/airflow/example_dags/example_branch_labels.py
[2022-10-11T20:28:52.993-0500] {processor.py:758} INFO - Processing file /home/gabsiston/Documentos/projetos/airflow-data/venv/lib/python3.8/site-packages/airflow/example_dags/example_branch_labels.py for tasks to queue
[2022-10-11T20:28:52.993-0500] {logging_mixin.py:117} INFO - [2022-10-11T20:28:52.993-0500] {dagbag.py:525} INFO - Filling up the DagBag from /home/gabsiston/Documentos/projetos/airflow-data/venv/lib/python3.8/site-packages/airflow/example_dags/example_branch_labels.py
[2022-10-11T20:28:53.006-0500] {processor.py:768} INFO - DAG(s) dict_keys(['example_branch_labels']) retrieved from /home/gabsiston/Documentos/projetos/airflow-data/venv/lib/python3.8/site-packages/airflow/example_dags/example_branch_labels.py
[2022-10-11T20:28:53.025-0500] {logging_mixin.py:117} INFO - [2022-10-11T20:28:53.025-0500] {dag.py:2573} INFO - Sync 1 DAGs
[2022-10-11T20:28:53.040-0500] {logging_mixin.py:117} INFO - [2022-10-11T20:28:53.040-0500] {dag.py:3324} INFO - Setting next_dagrun for example_branch_labels to 2022-10-11T00:00:00+00:00, run_after=2022-10-12T00:00:00+00:00
[2022-10-11T20:28:53.059-0500] {processor.py:178} INFO - Processing /home/gabsiston/Documentos/projetos/airflow-data/venv/lib/python3.8/site-packages/airflow/example_dags/example_branch_labels.py took 0.071 seconds
[2022-10-11T20:29:30.316-0500] {processor.py:156} INFO - Started process (PID=10319) to work on /home/gabsiston/Documentos/projetos/airflow-data/venv/lib/python3.8/site-packages/airflow/example_dags/example_branch_labels.py
[2022-10-11T20:29:30.319-0500] {processor.py:758} INFO - Processing file /home/gabsiston/Documentos/projetos/airflow-data/venv/lib/python3.8/site-packages/airflow/example_dags/example_branch_labels.py for tasks to queue
[2022-10-11T20:29:30.321-0500] {logging_mixin.py:117} INFO - [2022-10-11T20:29:30.320-0500] {dagbag.py:525} INFO - Filling up the DagBag from /home/gabsiston/Documentos/projetos/airflow-data/venv/lib/python3.8/site-packages/airflow/example_dags/example_branch_labels.py
[2022-10-11T20:29:30.355-0500] {processor.py:768} INFO - DAG(s) dict_keys(['example_branch_labels']) retrieved from /home/gabsiston/Documentos/projetos/airflow-data/venv/lib/python3.8/site-packages/airflow/example_dags/example_branch_labels.py
[2022-10-11T20:29:30.377-0500] {logging_mixin.py:117} INFO - [2022-10-11T20:29:30.377-0500] {dag.py:2573} INFO - Sync 1 DAGs
[2022-10-11T20:29:30.394-0500] {logging_mixin.py:117} INFO - [2022-10-11T20:29:30.394-0500] {dag.py:3324} INFO - Setting next_dagrun for example_branch_labels to 2022-10-11T00:00:00+00:00, run_after=2022-10-12T00:00:00+00:00
[2022-10-11T20:29:30.415-0500] {processor.py:178} INFO - Processing /home/gabsiston/Documentos/projetos/airflow-data/venv/lib/python3.8/site-packages/airflow/example_dags/example_branch_labels.py took 0.102 seconds
[2022-10-11T20:30:05.558-0500] {processor.py:156} INFO - Started process (PID=10500) to work on /home/gabsiston/Documentos/projetos/airflow-data/venv/lib/python3.8/site-packages/airflow/example_dags/example_branch_labels.py
[2022-10-11T20:30:05.560-0500] {processor.py:758} INFO - Processing file /home/gabsiston/Documentos/projetos/airflow-data/venv/lib/python3.8/site-packages/airflow/example_dags/example_branch_labels.py for tasks to queue
[2022-10-11T20:30:05.560-0500] {logging_mixin.py:117} INFO - [2022-10-11T20:30:05.560-0500] {dagbag.py:525} INFO - Filling up the DagBag from /home/gabsiston/Documentos/projetos/airflow-data/venv/lib/python3.8/site-packages/airflow/example_dags/example_branch_labels.py
[2022-10-11T20:30:05.574-0500] {processor.py:768} INFO - DAG(s) dict_keys(['example_branch_labels']) retrieved from /home/gabsiston/Documentos/projetos/airflow-data/venv/lib/python3.8/site-packages/airflow/example_dags/example_branch_labels.py
[2022-10-11T20:30:05.594-0500] {logging_mixin.py:117} INFO - [2022-10-11T20:30:05.594-0500] {dag.py:2573} INFO - Sync 1 DAGs
[2022-10-11T20:30:05.611-0500] {logging_mixin.py:117} INFO - [2022-10-11T20:30:05.611-0500] {dag.py:3324} INFO - Setting next_dagrun for example_branch_labels to 2022-10-11T00:00:00+00:00, run_after=2022-10-12T00:00:00+00:00
[2022-10-11T20:30:05.632-0500] {processor.py:178} INFO - Processing /home/gabsiston/Documentos/projetos/airflow-data/venv/lib/python3.8/site-packages/airflow/example_dags/example_branch_labels.py took 0.077 seconds
[2022-10-11T20:30:39.009-0500] {processor.py:156} INFO - Started process (PID=10734) to work on /home/gabsiston/Documentos/projetos/airflow-data/venv/lib/python3.8/site-packages/airflow/example_dags/example_branch_labels.py
[2022-10-11T20:30:39.012-0500] {processor.py:758} INFO - Processing file /home/gabsiston/Documentos/projetos/airflow-data/venv/lib/python3.8/site-packages/airflow/example_dags/example_branch_labels.py for tasks to queue
[2022-10-11T20:30:39.014-0500] {logging_mixin.py:117} INFO - [2022-10-11T20:30:39.014-0500] {dagbag.py:525} INFO - Filling up the DagBag from /home/gabsiston/Documentos/projetos/airflow-data/venv/lib/python3.8/site-packages/airflow/example_dags/example_branch_labels.py
[2022-10-11T20:30:39.048-0500] {processor.py:768} INFO - DAG(s) dict_keys(['example_branch_labels']) retrieved from /home/gabsiston/Documentos/projetos/airflow-data/venv/lib/python3.8/site-packages/airflow/example_dags/example_branch_labels.py
[2022-10-11T20:30:39.072-0500] {logging_mixin.py:117} INFO - [2022-10-11T20:30:39.071-0500] {dag.py:2573} INFO - Sync 1 DAGs
[2022-10-11T20:30:39.091-0500] {logging_mixin.py:117} INFO - [2022-10-11T20:30:39.090-0500] {dag.py:3324} INFO - Setting next_dagrun for example_branch_labels to 2022-10-11T00:00:00+00:00, run_after=2022-10-12T00:00:00+00:00
[2022-10-11T20:30:39.112-0500] {processor.py:178} INFO - Processing /home/gabsiston/Documentos/projetos/airflow-data/venv/lib/python3.8/site-packages/airflow/example_dags/example_branch_labels.py took 0.105 seconds
[2022-10-11T20:31:14.145-0500] {processor.py:156} INFO - Started process (PID=10983) to work on /home/gabsiston/Documentos/projetos/airflow-data/venv/lib/python3.8/site-packages/airflow/example_dags/example_branch_labels.py
[2022-10-11T20:31:14.147-0500] {processor.py:758} INFO - Processing file /home/gabsiston/Documentos/projetos/airflow-data/venv/lib/python3.8/site-packages/airflow/example_dags/example_branch_labels.py for tasks to queue
[2022-10-11T20:31:14.148-0500] {logging_mixin.py:117} INFO - [2022-10-11T20:31:14.148-0500] {dagbag.py:525} INFO - Filling up the DagBag from /home/gabsiston/Documentos/projetos/airflow-data/venv/lib/python3.8/site-packages/airflow/example_dags/example_branch_labels.py
[2022-10-11T20:31:14.164-0500] {processor.py:768} INFO - DAG(s) dict_keys(['example_branch_labels']) retrieved from /home/gabsiston/Documentos/projetos/airflow-data/venv/lib/python3.8/site-packages/airflow/example_dags/example_branch_labels.py
[2022-10-11T20:31:14.194-0500] {logging_mixin.py:117} INFO - [2022-10-11T20:31:14.194-0500] {dag.py:2573} INFO - Sync 1 DAGs
[2022-10-11T20:31:14.218-0500] {logging_mixin.py:117} INFO - [2022-10-11T20:31:14.217-0500] {dag.py:3324} INFO - Setting next_dagrun for example_branch_labels to 2022-10-11T00:00:00+00:00, run_after=2022-10-12T00:00:00+00:00
[2022-10-11T20:31:14.244-0500] {processor.py:178} INFO - Processing /home/gabsiston/Documentos/projetos/airflow-data/venv/lib/python3.8/site-packages/airflow/example_dags/example_branch_labels.py took 0.102 seconds
[2022-10-11T20:31:49.572-0500] {processor.py:156} INFO - Started process (PID=11317) to work on /home/gabsiston/Documentos/projetos/airflow-data/venv/lib/python3.8/site-packages/airflow/example_dags/example_branch_labels.py
[2022-10-11T20:31:49.573-0500] {processor.py:758} INFO - Processing file /home/gabsiston/Documentos/projetos/airflow-data/venv/lib/python3.8/site-packages/airflow/example_dags/example_branch_labels.py for tasks to queue
[2022-10-11T20:31:49.574-0500] {logging_mixin.py:117} INFO - [2022-10-11T20:31:49.574-0500] {dagbag.py:525} INFO - Filling up the DagBag from /home/gabsiston/Documentos/projetos/airflow-data/venv/lib/python3.8/site-packages/airflow/example_dags/example_branch_labels.py
[2022-10-11T20:31:49.584-0500] {processor.py:768} INFO - DAG(s) dict_keys(['example_branch_labels']) retrieved from /home/gabsiston/Documentos/projetos/airflow-data/venv/lib/python3.8/site-packages/airflow/example_dags/example_branch_labels.py
[2022-10-11T20:31:49.601-0500] {logging_mixin.py:117} INFO - [2022-10-11T20:31:49.601-0500] {dag.py:2573} INFO - Sync 1 DAGs
[2022-10-11T20:31:49.615-0500] {logging_mixin.py:117} INFO - [2022-10-11T20:31:49.615-0500] {dag.py:3324} INFO - Setting next_dagrun for example_branch_labels to 2022-10-11T00:00:00+00:00, run_after=2022-10-12T00:00:00+00:00
[2022-10-11T20:31:49.644-0500] {processor.py:178} INFO - Processing /home/gabsiston/Documentos/projetos/airflow-data/venv/lib/python3.8/site-packages/airflow/example_dags/example_branch_labels.py took 0.073 seconds
[2022-10-11T20:32:23.057-0500] {processor.py:156} INFO - Started process (PID=11485) to work on /home/gabsiston/Documentos/projetos/airflow-data/venv/lib/python3.8/site-packages/airflow/example_dags/example_branch_labels.py
[2022-10-11T20:32:23.059-0500] {processor.py:758} INFO - Processing file /home/gabsiston/Documentos/projetos/airflow-data/venv/lib/python3.8/site-packages/airflow/example_dags/example_branch_labels.py for tasks to queue
[2022-10-11T20:32:23.060-0500] {logging_mixin.py:117} INFO - [2022-10-11T20:32:23.060-0500] {dagbag.py:525} INFO - Filling up the DagBag from /home/gabsiston/Documentos/projetos/airflow-data/venv/lib/python3.8/site-packages/airflow/example_dags/example_branch_labels.py
[2022-10-11T20:32:23.074-0500] {processor.py:768} INFO - DAG(s) dict_keys(['example_branch_labels']) retrieved from /home/gabsiston/Documentos/projetos/airflow-data/venv/lib/python3.8/site-packages/airflow/example_dags/example_branch_labels.py
[2022-10-11T20:32:23.094-0500] {logging_mixin.py:117} INFO - [2022-10-11T20:32:23.094-0500] {dag.py:2573} INFO - Sync 1 DAGs
[2022-10-11T20:32:23.112-0500] {logging_mixin.py:117} INFO - [2022-10-11T20:32:23.112-0500] {dag.py:3324} INFO - Setting next_dagrun for example_branch_labels to 2022-10-11T00:00:00+00:00, run_after=2022-10-12T00:00:00+00:00
[2022-10-11T20:32:23.134-0500] {processor.py:178} INFO - Processing /home/gabsiston/Documentos/projetos/airflow-data/venv/lib/python3.8/site-packages/airflow/example_dags/example_branch_labels.py took 0.079 seconds
[2022-10-11T20:32:56.363-0500] {processor.py:156} INFO - Started process (PID=11926) to work on /home/gabsiston/Documentos/projetos/airflow-data/venv/lib/python3.8/site-packages/airflow/example_dags/example_branch_labels.py
[2022-10-11T20:32:56.365-0500] {processor.py:758} INFO - Processing file /home/gabsiston/Documentos/projetos/airflow-data/venv/lib/python3.8/site-packages/airflow/example_dags/example_branch_labels.py for tasks to queue
[2022-10-11T20:32:56.365-0500] {logging_mixin.py:117} INFO - [2022-10-11T20:32:56.365-0500] {dagbag.py:525} INFO - Filling up the DagBag from /home/gabsiston/Documentos/projetos/airflow-data/venv/lib/python3.8/site-packages/airflow/example_dags/example_branch_labels.py
[2022-10-11T20:32:56.376-0500] {processor.py:768} INFO - DAG(s) dict_keys(['example_branch_labels']) retrieved from /home/gabsiston/Documentos/projetos/airflow-data/venv/lib/python3.8/site-packages/airflow/example_dags/example_branch_labels.py
[2022-10-11T20:32:56.397-0500] {logging_mixin.py:117} INFO - [2022-10-11T20:32:56.397-0500] {dag.py:2573} INFO - Sync 1 DAGs
[2022-10-11T20:32:56.413-0500] {logging_mixin.py:117} INFO - [2022-10-11T20:32:56.413-0500] {dag.py:3324} INFO - Setting next_dagrun for example_branch_labels to 2022-10-11T00:00:00+00:00, run_after=2022-10-12T00:00:00+00:00
[2022-10-11T20:32:56.441-0500] {processor.py:178} INFO - Processing /home/gabsiston/Documentos/projetos/airflow-data/venv/lib/python3.8/site-packages/airflow/example_dags/example_branch_labels.py took 0.081 seconds
[2022-10-11T20:33:31.232-0500] {processor.py:156} INFO - Started process (PID=12164) to work on /home/gabsiston/Documentos/projetos/airflow-data/venv/lib/python3.8/site-packages/airflow/example_dags/example_branch_labels.py
[2022-10-11T20:33:31.233-0500] {processor.py:758} INFO - Processing file /home/gabsiston/Documentos/projetos/airflow-data/venv/lib/python3.8/site-packages/airflow/example_dags/example_branch_labels.py for tasks to queue
[2022-10-11T20:33:31.233-0500] {logging_mixin.py:117} INFO - [2022-10-11T20:33:31.233-0500] {dagbag.py:525} INFO - Filling up the DagBag from /home/gabsiston/Documentos/projetos/airflow-data/venv/lib/python3.8/site-packages/airflow/example_dags/example_branch_labels.py
[2022-10-11T20:33:31.247-0500] {processor.py:768} INFO - DAG(s) dict_keys(['example_branch_labels']) retrieved from /home/gabsiston/Documentos/projetos/airflow-data/venv/lib/python3.8/site-packages/airflow/example_dags/example_branch_labels.py
[2022-10-11T20:33:31.267-0500] {logging_mixin.py:117} INFO - [2022-10-11T20:33:31.267-0500] {dag.py:2573} INFO - Sync 1 DAGs
[2022-10-11T20:33:31.285-0500] {logging_mixin.py:117} INFO - [2022-10-11T20:33:31.284-0500] {dag.py:3324} INFO - Setting next_dagrun for example_branch_labels to 2022-10-11T00:00:00+00:00, run_after=2022-10-12T00:00:00+00:00
[2022-10-11T20:33:31.304-0500] {processor.py:178} INFO - Processing /home/gabsiston/Documentos/projetos/airflow-data/venv/lib/python3.8/site-packages/airflow/example_dags/example_branch_labels.py took 0.074 seconds
[2022-10-11T20:34:07.385-0500] {processor.py:156} INFO - Started process (PID=12346) to work on /home/gabsiston/Documentos/projetos/airflow-data/venv/lib/python3.8/site-packages/airflow/example_dags/example_branch_labels.py
[2022-10-11T20:34:07.389-0500] {processor.py:758} INFO - Processing file /home/gabsiston/Documentos/projetos/airflow-data/venv/lib/python3.8/site-packages/airflow/example_dags/example_branch_labels.py for tasks to queue
[2022-10-11T20:34:07.391-0500] {logging_mixin.py:117} INFO - [2022-10-11T20:34:07.391-0500] {dagbag.py:525} INFO - Filling up the DagBag from /home/gabsiston/Documentos/projetos/airflow-data/venv/lib/python3.8/site-packages/airflow/example_dags/example_branch_labels.py
[2022-10-11T20:34:07.414-0500] {processor.py:768} INFO - DAG(s) dict_keys(['example_branch_labels']) retrieved from /home/gabsiston/Documentos/projetos/airflow-data/venv/lib/python3.8/site-packages/airflow/example_dags/example_branch_labels.py
[2022-10-11T20:34:07.434-0500] {logging_mixin.py:117} INFO - [2022-10-11T20:34:07.434-0500] {dag.py:2573} INFO - Sync 1 DAGs
[2022-10-11T20:34:07.451-0500] {logging_mixin.py:117} INFO - [2022-10-11T20:34:07.451-0500] {dag.py:3324} INFO - Setting next_dagrun for example_branch_labels to 2022-10-11T00:00:00+00:00, run_after=2022-10-12T00:00:00+00:00
[2022-10-11T20:34:07.472-0500] {processor.py:178} INFO - Processing /home/gabsiston/Documentos/projetos/airflow-data/venv/lib/python3.8/site-packages/airflow/example_dags/example_branch_labels.py took 0.095 seconds
[2022-10-11T20:34:42.576-0500] {processor.py:156} INFO - Started process (PID=12532) to work on /home/gabsiston/Documentos/projetos/airflow-data/venv/lib/python3.8/site-packages/airflow/example_dags/example_branch_labels.py
[2022-10-11T20:34:42.578-0500] {processor.py:758} INFO - Processing file /home/gabsiston/Documentos/projetos/airflow-data/venv/lib/python3.8/site-packages/airflow/example_dags/example_branch_labels.py for tasks to queue
[2022-10-11T20:34:42.579-0500] {logging_mixin.py:117} INFO - [2022-10-11T20:34:42.579-0500] {dagbag.py:525} INFO - Filling up the DagBag from /home/gabsiston/Documentos/projetos/airflow-data/venv/lib/python3.8/site-packages/airflow/example_dags/example_branch_labels.py
[2022-10-11T20:34:42.592-0500] {processor.py:768} INFO - DAG(s) dict_keys(['example_branch_labels']) retrieved from /home/gabsiston/Documentos/projetos/airflow-data/venv/lib/python3.8/site-packages/airflow/example_dags/example_branch_labels.py
[2022-10-11T20:34:42.615-0500] {logging_mixin.py:117} INFO - [2022-10-11T20:34:42.615-0500] {dag.py:2573} INFO - Sync 1 DAGs
[2022-10-11T20:34:42.636-0500] {logging_mixin.py:117} INFO - [2022-10-11T20:34:42.636-0500] {dag.py:3324} INFO - Setting next_dagrun for example_branch_labels to 2022-10-11T00:00:00+00:00, run_after=2022-10-12T00:00:00+00:00
[2022-10-11T20:34:42.669-0500] {processor.py:178} INFO - Processing /home/gabsiston/Documentos/projetos/airflow-data/venv/lib/python3.8/site-packages/airflow/example_dags/example_branch_labels.py took 0.096 seconds
[2022-10-11T20:35:15.071-0500] {processor.py:156} INFO - Started process (PID=12759) to work on /home/gabsiston/Documentos/projetos/airflow-data/venv/lib/python3.8/site-packages/airflow/example_dags/example_branch_labels.py
[2022-10-11T20:35:15.075-0500] {processor.py:758} INFO - Processing file /home/gabsiston/Documentos/projetos/airflow-data/venv/lib/python3.8/site-packages/airflow/example_dags/example_branch_labels.py for tasks to queue
[2022-10-11T20:35:15.077-0500] {logging_mixin.py:117} INFO - [2022-10-11T20:35:15.076-0500] {dagbag.py:525} INFO - Filling up the DagBag from /home/gabsiston/Documentos/projetos/airflow-data/venv/lib/python3.8/site-packages/airflow/example_dags/example_branch_labels.py
[2022-10-11T20:35:15.115-0500] {processor.py:768} INFO - DAG(s) dict_keys(['example_branch_labels']) retrieved from /home/gabsiston/Documentos/projetos/airflow-data/venv/lib/python3.8/site-packages/airflow/example_dags/example_branch_labels.py
[2022-10-11T20:35:15.146-0500] {logging_mixin.py:117} INFO - [2022-10-11T20:35:15.146-0500] {dag.py:2573} INFO - Sync 1 DAGs
[2022-10-11T20:35:15.166-0500] {logging_mixin.py:117} INFO - [2022-10-11T20:35:15.166-0500] {dag.py:3324} INFO - Setting next_dagrun for example_branch_labels to 2022-10-11T00:00:00+00:00, run_after=2022-10-12T00:00:00+00:00
[2022-10-11T20:35:15.190-0500] {processor.py:178} INFO - Processing /home/gabsiston/Documentos/projetos/airflow-data/venv/lib/python3.8/site-packages/airflow/example_dags/example_branch_labels.py took 0.127 seconds
[2022-10-11T20:35:50.423-0500] {processor.py:156} INFO - Started process (PID=12949) to work on /home/gabsiston/Documentos/projetos/airflow-data/venv/lib/python3.8/site-packages/airflow/example_dags/example_branch_labels.py
[2022-10-11T20:35:50.425-0500] {processor.py:758} INFO - Processing file /home/gabsiston/Documentos/projetos/airflow-data/venv/lib/python3.8/site-packages/airflow/example_dags/example_branch_labels.py for tasks to queue
[2022-10-11T20:35:50.426-0500] {logging_mixin.py:117} INFO - [2022-10-11T20:35:50.426-0500] {dagbag.py:525} INFO - Filling up the DagBag from /home/gabsiston/Documentos/projetos/airflow-data/venv/lib/python3.8/site-packages/airflow/example_dags/example_branch_labels.py
[2022-10-11T20:35:50.444-0500] {processor.py:768} INFO - DAG(s) dict_keys(['example_branch_labels']) retrieved from /home/gabsiston/Documentos/projetos/airflow-data/venv/lib/python3.8/site-packages/airflow/example_dags/example_branch_labels.py
[2022-10-11T20:35:50.466-0500] {logging_mixin.py:117} INFO - [2022-10-11T20:35:50.466-0500] {dag.py:2573} INFO - Sync 1 DAGs
[2022-10-11T20:35:50.483-0500] {logging_mixin.py:117} INFO - [2022-10-11T20:35:50.483-0500] {dag.py:3324} INFO - Setting next_dagrun for example_branch_labels to 2022-10-11T00:00:00+00:00, run_after=2022-10-12T00:00:00+00:00
[2022-10-11T20:35:50.504-0500] {processor.py:178} INFO - Processing /home/gabsiston/Documentos/projetos/airflow-data/venv/lib/python3.8/site-packages/airflow/example_dags/example_branch_labels.py took 0.084 seconds
[2022-10-11T20:36:28.005-0500] {processor.py:156} INFO - Started process (PID=13344) to work on /home/gabsiston/Documentos/projetos/airflow-data/venv/lib/python3.8/site-packages/airflow/example_dags/example_branch_labels.py
[2022-10-11T20:36:28.006-0500] {processor.py:758} INFO - Processing file /home/gabsiston/Documentos/projetos/airflow-data/venv/lib/python3.8/site-packages/airflow/example_dags/example_branch_labels.py for tasks to queue
[2022-10-11T20:36:28.006-0500] {logging_mixin.py:117} INFO - [2022-10-11T20:36:28.006-0500] {dagbag.py:525} INFO - Filling up the DagBag from /home/gabsiston/Documentos/projetos/airflow-data/venv/lib/python3.8/site-packages/airflow/example_dags/example_branch_labels.py
[2022-10-11T20:36:28.018-0500] {processor.py:768} INFO - DAG(s) dict_keys(['example_branch_labels']) retrieved from /home/gabsiston/Documentos/projetos/airflow-data/venv/lib/python3.8/site-packages/airflow/example_dags/example_branch_labels.py
[2022-10-11T20:36:28.035-0500] {logging_mixin.py:117} INFO - [2022-10-11T20:36:28.035-0500] {dag.py:2573} INFO - Sync 1 DAGs
[2022-10-11T20:36:28.051-0500] {logging_mixin.py:117} INFO - [2022-10-11T20:36:28.051-0500] {dag.py:3324} INFO - Setting next_dagrun for example_branch_labels to 2022-10-11T00:00:00+00:00, run_after=2022-10-12T00:00:00+00:00
[2022-10-11T20:36:28.074-0500] {processor.py:178} INFO - Processing /home/gabsiston/Documentos/projetos/airflow-data/venv/lib/python3.8/site-packages/airflow/example_dags/example_branch_labels.py took 0.071 seconds
[2022-10-11T20:37:01.678-0500] {processor.py:156} INFO - Started process (PID=13542) to work on /home/gabsiston/Documentos/projetos/airflow-data/venv/lib/python3.8/site-packages/airflow/example_dags/example_branch_labels.py
[2022-10-11T20:37:01.680-0500] {processor.py:758} INFO - Processing file /home/gabsiston/Documentos/projetos/airflow-data/venv/lib/python3.8/site-packages/airflow/example_dags/example_branch_labels.py for tasks to queue
[2022-10-11T20:37:01.681-0500] {logging_mixin.py:117} INFO - [2022-10-11T20:37:01.681-0500] {dagbag.py:525} INFO - Filling up the DagBag from /home/gabsiston/Documentos/projetos/airflow-data/venv/lib/python3.8/site-packages/airflow/example_dags/example_branch_labels.py
[2022-10-11T20:37:01.695-0500] {processor.py:768} INFO - DAG(s) dict_keys(['example_branch_labels']) retrieved from /home/gabsiston/Documentos/projetos/airflow-data/venv/lib/python3.8/site-packages/airflow/example_dags/example_branch_labels.py
[2022-10-11T20:37:01.717-0500] {logging_mixin.py:117} INFO - [2022-10-11T20:37:01.716-0500] {dag.py:2573} INFO - Sync 1 DAGs
[2022-10-11T20:37:01.735-0500] {logging_mixin.py:117} INFO - [2022-10-11T20:37:01.735-0500] {dag.py:3324} INFO - Setting next_dagrun for example_branch_labels to 2022-10-11T00:00:00+00:00, run_after=2022-10-12T00:00:00+00:00
[2022-10-11T20:37:01.758-0500] {processor.py:178} INFO - Processing /home/gabsiston/Documentos/projetos/airflow-data/venv/lib/python3.8/site-packages/airflow/example_dags/example_branch_labels.py took 0.082 seconds
