[2022-10-11T20:25:28.700-0500] {processor.py:156} INFO - Started process (PID=7842) to work on /home/gabsiston/Documentos/projetos/airflow-data/venv/lib/python3.8/site-packages/airflow/example_dags/example_time_delta_sensor_async.py
[2022-10-11T20:25:28.701-0500] {processor.py:758} INFO - Processing file /home/gabsiston/Documentos/projetos/airflow-data/venv/lib/python3.8/site-packages/airflow/example_dags/example_time_delta_sensor_async.py for tasks to queue
[2022-10-11T20:25:28.702-0500] {logging_mixin.py:117} INFO - [2022-10-11T20:25:28.702-0500] {dagbag.py:525} INFO - Filling up the DagBag from /home/gabsiston/Documentos/projetos/airflow-data/venv/lib/python3.8/site-packages/airflow/example_dags/example_time_delta_sensor_async.py
[2022-10-11T20:25:28.723-0500] {processor.py:768} INFO - DAG(s) dict_keys(['example_time_delta_sensor_async']) retrieved from /home/gabsiston/Documentos/projetos/airflow-data/venv/lib/python3.8/site-packages/airflow/example_dags/example_time_delta_sensor_async.py
[2022-10-11T20:25:28.990-0500] {logging_mixin.py:117} INFO - [2022-10-11T20:25:28.989-0500] {manager.py:507} INFO - Created Permission View: can read on DAG:example_time_delta_sensor_async
[2022-10-11T20:25:29.009-0500] {logging_mixin.py:117} INFO - [2022-10-11T20:25:29.009-0500] {manager.py:507} INFO - Created Permission View: can edit on DAG:example_time_delta_sensor_async
[2022-10-11T20:25:29.024-0500] {logging_mixin.py:117} INFO - [2022-10-11T20:25:29.024-0500] {manager.py:507} INFO - Created Permission View: can delete on DAG:example_time_delta_sensor_async
[2022-10-11T20:25:29.025-0500] {logging_mixin.py:117} INFO - [2022-10-11T20:25:29.025-0500] {dag.py:2573} INFO - Sync 1 DAGs
[2022-10-11T20:25:29.042-0500] {logging_mixin.py:117} INFO - [2022-10-11T20:25:29.042-0500] {dag.py:2594} INFO - Creating ORM DAG for example_time_delta_sensor_async
[2022-10-11T20:25:29.056-0500] {logging_mixin.py:117} INFO - [2022-10-11T20:25:29.055-0500] {dag.py:3324} INFO - Setting next_dagrun for example_time_delta_sensor_async to None, run_after=None
[2022-10-11T20:25:29.090-0500] {processor.py:178} INFO - Processing /home/gabsiston/Documentos/projetos/airflow-data/venv/lib/python3.8/site-packages/airflow/example_dags/example_time_delta_sensor_async.py took 0.394 seconds
[2022-10-11T20:26:09.054-0500] {processor.py:156} INFO - Started process (PID=8297) to work on /home/gabsiston/Documentos/projetos/airflow-data/venv/lib/python3.8/site-packages/airflow/example_dags/example_time_delta_sensor_async.py
[2022-10-11T20:26:09.056-0500] {processor.py:758} INFO - Processing file /home/gabsiston/Documentos/projetos/airflow-data/venv/lib/python3.8/site-packages/airflow/example_dags/example_time_delta_sensor_async.py for tasks to queue
[2022-10-11T20:26:09.056-0500] {logging_mixin.py:117} INFO - [2022-10-11T20:26:09.056-0500] {dagbag.py:525} INFO - Filling up the DagBag from /home/gabsiston/Documentos/projetos/airflow-data/venv/lib/python3.8/site-packages/airflow/example_dags/example_time_delta_sensor_async.py
[2022-10-11T20:26:09.065-0500] {processor.py:768} INFO - DAG(s) dict_keys(['example_time_delta_sensor_async']) retrieved from /home/gabsiston/Documentos/projetos/airflow-data/venv/lib/python3.8/site-packages/airflow/example_dags/example_time_delta_sensor_async.py
[2022-10-11T20:26:09.119-0500] {logging_mixin.py:117} INFO - [2022-10-11T20:26:09.119-0500] {dag.py:2573} INFO - Sync 1 DAGs
[2022-10-11T20:26:09.133-0500] {logging_mixin.py:117} INFO - [2022-10-11T20:26:09.133-0500] {dag.py:3324} INFO - Setting next_dagrun for example_time_delta_sensor_async to None, run_after=None
[2022-10-11T20:26:09.151-0500] {processor.py:178} INFO - Processing /home/gabsiston/Documentos/projetos/airflow-data/venv/lib/python3.8/site-packages/airflow/example_dags/example_time_delta_sensor_async.py took 0.100 seconds
[2022-10-11T20:26:45.052-0500] {processor.py:156} INFO - Started process (PID=8769) to work on /home/gabsiston/Documentos/projetos/airflow-data/venv/lib/python3.8/site-packages/airflow/example_dags/example_time_delta_sensor_async.py
[2022-10-11T20:26:45.054-0500] {processor.py:758} INFO - Processing file /home/gabsiston/Documentos/projetos/airflow-data/venv/lib/python3.8/site-packages/airflow/example_dags/example_time_delta_sensor_async.py for tasks to queue
[2022-10-11T20:26:45.054-0500] {logging_mixin.py:117} INFO - [2022-10-11T20:26:45.054-0500] {dagbag.py:525} INFO - Filling up the DagBag from /home/gabsiston/Documentos/projetos/airflow-data/venv/lib/python3.8/site-packages/airflow/example_dags/example_time_delta_sensor_async.py
[2022-10-11T20:26:45.064-0500] {processor.py:768} INFO - DAG(s) dict_keys(['example_time_delta_sensor_async']) retrieved from /home/gabsiston/Documentos/projetos/airflow-data/venv/lib/python3.8/site-packages/airflow/example_dags/example_time_delta_sensor_async.py
[2022-10-11T20:26:45.123-0500] {logging_mixin.py:117} INFO - [2022-10-11T20:26:45.123-0500] {dag.py:2573} INFO - Sync 1 DAGs
[2022-10-11T20:26:45.136-0500] {logging_mixin.py:117} INFO - [2022-10-11T20:26:45.136-0500] {dag.py:3324} INFO - Setting next_dagrun for example_time_delta_sensor_async to None, run_after=None
[2022-10-11T20:26:45.155-0500] {processor.py:178} INFO - Processing /home/gabsiston/Documentos/projetos/airflow-data/venv/lib/python3.8/site-packages/airflow/example_dags/example_time_delta_sensor_async.py took 0.105 seconds
[2022-10-11T20:27:19.546-0500] {processor.py:156} INFO - Started process (PID=9401) to work on /home/gabsiston/Documentos/projetos/airflow-data/venv/lib/python3.8/site-packages/airflow/example_dags/example_time_delta_sensor_async.py
[2022-10-11T20:27:19.548-0500] {processor.py:758} INFO - Processing file /home/gabsiston/Documentos/projetos/airflow-data/venv/lib/python3.8/site-packages/airflow/example_dags/example_time_delta_sensor_async.py for tasks to queue
[2022-10-11T20:27:19.549-0500] {logging_mixin.py:117} INFO - [2022-10-11T20:27:19.548-0500] {dagbag.py:525} INFO - Filling up the DagBag from /home/gabsiston/Documentos/projetos/airflow-data/venv/lib/python3.8/site-packages/airflow/example_dags/example_time_delta_sensor_async.py
[2022-10-11T20:27:19.561-0500] {processor.py:768} INFO - DAG(s) dict_keys(['example_time_delta_sensor_async']) retrieved from /home/gabsiston/Documentos/projetos/airflow-data/venv/lib/python3.8/site-packages/airflow/example_dags/example_time_delta_sensor_async.py
[2022-10-11T20:27:19.651-0500] {logging_mixin.py:117} INFO - [2022-10-11T20:27:19.651-0500] {dag.py:2573} INFO - Sync 1 DAGs
[2022-10-11T20:27:19.672-0500] {logging_mixin.py:117} INFO - [2022-10-11T20:27:19.672-0500] {dag.py:3324} INFO - Setting next_dagrun for example_time_delta_sensor_async to None, run_after=None
[2022-10-11T20:27:19.697-0500] {processor.py:178} INFO - Processing /home/gabsiston/Documentos/projetos/airflow-data/venv/lib/python3.8/site-packages/airflow/example_dags/example_time_delta_sensor_async.py took 0.152 seconds
[2022-10-11T20:27:56.753-0500] {processor.py:156} INFO - Started process (PID=9600) to work on /home/gabsiston/Documentos/projetos/airflow-data/venv/lib/python3.8/site-packages/airflow/example_dags/example_time_delta_sensor_async.py
[2022-10-11T20:27:56.756-0500] {processor.py:758} INFO - Processing file /home/gabsiston/Documentos/projetos/airflow-data/venv/lib/python3.8/site-packages/airflow/example_dags/example_time_delta_sensor_async.py for tasks to queue
[2022-10-11T20:27:56.757-0500] {logging_mixin.py:117} INFO - [2022-10-11T20:27:56.757-0500] {dagbag.py:525} INFO - Filling up the DagBag from /home/gabsiston/Documentos/projetos/airflow-data/venv/lib/python3.8/site-packages/airflow/example_dags/example_time_delta_sensor_async.py
[2022-10-11T20:27:56.776-0500] {processor.py:768} INFO - DAG(s) dict_keys(['example_time_delta_sensor_async']) retrieved from /home/gabsiston/Documentos/projetos/airflow-data/venv/lib/python3.8/site-packages/airflow/example_dags/example_time_delta_sensor_async.py
[2022-10-11T20:27:56.838-0500] {logging_mixin.py:117} INFO - [2022-10-11T20:27:56.838-0500] {dag.py:2573} INFO - Sync 1 DAGs
[2022-10-11T20:27:56.852-0500] {logging_mixin.py:117} INFO - [2022-10-11T20:27:56.852-0500] {dag.py:3324} INFO - Setting next_dagrun for example_time_delta_sensor_async to None, run_after=None
[2022-10-11T20:27:56.878-0500] {processor.py:178} INFO - Processing /home/gabsiston/Documentos/projetos/airflow-data/venv/lib/python3.8/site-packages/airflow/example_dags/example_time_delta_sensor_async.py took 0.134 seconds
[2022-10-11T20:28:33.213-0500] {processor.py:156} INFO - Started process (PID=9934) to work on /home/gabsiston/Documentos/projetos/airflow-data/venv/lib/python3.8/site-packages/airflow/example_dags/example_time_delta_sensor_async.py
[2022-10-11T20:28:33.216-0500] {processor.py:758} INFO - Processing file /home/gabsiston/Documentos/projetos/airflow-data/venv/lib/python3.8/site-packages/airflow/example_dags/example_time_delta_sensor_async.py for tasks to queue
[2022-10-11T20:28:33.216-0500] {logging_mixin.py:117} INFO - [2022-10-11T20:28:33.216-0500] {dagbag.py:525} INFO - Filling up the DagBag from /home/gabsiston/Documentos/projetos/airflow-data/venv/lib/python3.8/site-packages/airflow/example_dags/example_time_delta_sensor_async.py
[2022-10-11T20:28:33.232-0500] {processor.py:768} INFO - DAG(s) dict_keys(['example_time_delta_sensor_async']) retrieved from /home/gabsiston/Documentos/projetos/airflow-data/venv/lib/python3.8/site-packages/airflow/example_dags/example_time_delta_sensor_async.py
[2022-10-11T20:28:33.303-0500] {logging_mixin.py:117} INFO - [2022-10-11T20:28:33.302-0500] {dag.py:2573} INFO - Sync 1 DAGs
[2022-10-11T20:28:33.319-0500] {logging_mixin.py:117} INFO - [2022-10-11T20:28:33.319-0500] {dag.py:3324} INFO - Setting next_dagrun for example_time_delta_sensor_async to None, run_after=None
[2022-10-11T20:28:33.343-0500] {processor.py:178} INFO - Processing /home/gabsiston/Documentos/projetos/airflow-data/venv/lib/python3.8/site-packages/airflow/example_dags/example_time_delta_sensor_async.py took 0.136 seconds
[2022-10-11T20:29:10.242-0500] {processor.py:156} INFO - Started process (PID=10220) to work on /home/gabsiston/Documentos/projetos/airflow-data/venv/lib/python3.8/site-packages/airflow/example_dags/example_time_delta_sensor_async.py
[2022-10-11T20:29:10.244-0500] {processor.py:758} INFO - Processing file /home/gabsiston/Documentos/projetos/airflow-data/venv/lib/python3.8/site-packages/airflow/example_dags/example_time_delta_sensor_async.py for tasks to queue
[2022-10-11T20:29:10.245-0500] {logging_mixin.py:117} INFO - [2022-10-11T20:29:10.245-0500] {dagbag.py:525} INFO - Filling up the DagBag from /home/gabsiston/Documentos/projetos/airflow-data/venv/lib/python3.8/site-packages/airflow/example_dags/example_time_delta_sensor_async.py
[2022-10-11T20:29:10.255-0500] {processor.py:768} INFO - DAG(s) dict_keys(['example_time_delta_sensor_async']) retrieved from /home/gabsiston/Documentos/projetos/airflow-data/venv/lib/python3.8/site-packages/airflow/example_dags/example_time_delta_sensor_async.py
[2022-10-11T20:29:10.314-0500] {logging_mixin.py:117} INFO - [2022-10-11T20:29:10.313-0500] {dag.py:2573} INFO - Sync 1 DAGs
[2022-10-11T20:29:10.327-0500] {logging_mixin.py:117} INFO - [2022-10-11T20:29:10.327-0500] {dag.py:3324} INFO - Setting next_dagrun for example_time_delta_sensor_async to None, run_after=None
[2022-10-11T20:29:10.350-0500] {processor.py:178} INFO - Processing /home/gabsiston/Documentos/projetos/airflow-data/venv/lib/python3.8/site-packages/airflow/example_dags/example_time_delta_sensor_async.py took 0.110 seconds
[2022-10-11T20:29:47.362-0500] {processor.py:156} INFO - Started process (PID=10411) to work on /home/gabsiston/Documentos/projetos/airflow-data/venv/lib/python3.8/site-packages/airflow/example_dags/example_time_delta_sensor_async.py
[2022-10-11T20:29:47.365-0500] {processor.py:758} INFO - Processing file /home/gabsiston/Documentos/projetos/airflow-data/venv/lib/python3.8/site-packages/airflow/example_dags/example_time_delta_sensor_async.py for tasks to queue
[2022-10-11T20:29:47.366-0500] {logging_mixin.py:117} INFO - [2022-10-11T20:29:47.366-0500] {dagbag.py:525} INFO - Filling up the DagBag from /home/gabsiston/Documentos/projetos/airflow-data/venv/lib/python3.8/site-packages/airflow/example_dags/example_time_delta_sensor_async.py
[2022-10-11T20:29:47.383-0500] {processor.py:768} INFO - DAG(s) dict_keys(['example_time_delta_sensor_async']) retrieved from /home/gabsiston/Documentos/projetos/airflow-data/venv/lib/python3.8/site-packages/airflow/example_dags/example_time_delta_sensor_async.py
[2022-10-11T20:29:47.448-0500] {logging_mixin.py:117} INFO - [2022-10-11T20:29:47.448-0500] {dag.py:2573} INFO - Sync 1 DAGs
[2022-10-11T20:29:47.462-0500] {logging_mixin.py:117} INFO - [2022-10-11T20:29:47.462-0500] {dag.py:3324} INFO - Setting next_dagrun for example_time_delta_sensor_async to None, run_after=None
[2022-10-11T20:29:47.493-0500] {processor.py:178} INFO - Processing /home/gabsiston/Documentos/projetos/airflow-data/venv/lib/python3.8/site-packages/airflow/example_dags/example_time_delta_sensor_async.py took 0.138 seconds
[2022-10-11T20:30:24.723-0500] {processor.py:156} INFO - Started process (PID=10658) to work on /home/gabsiston/Documentos/projetos/airflow-data/venv/lib/python3.8/site-packages/airflow/example_dags/example_time_delta_sensor_async.py
[2022-10-11T20:30:24.724-0500] {processor.py:758} INFO - Processing file /home/gabsiston/Documentos/projetos/airflow-data/venv/lib/python3.8/site-packages/airflow/example_dags/example_time_delta_sensor_async.py for tasks to queue
[2022-10-11T20:30:24.724-0500] {logging_mixin.py:117} INFO - [2022-10-11T20:30:24.724-0500] {dagbag.py:525} INFO - Filling up the DagBag from /home/gabsiston/Documentos/projetos/airflow-data/venv/lib/python3.8/site-packages/airflow/example_dags/example_time_delta_sensor_async.py
[2022-10-11T20:30:24.733-0500] {processor.py:768} INFO - DAG(s) dict_keys(['example_time_delta_sensor_async']) retrieved from /home/gabsiston/Documentos/projetos/airflow-data/venv/lib/python3.8/site-packages/airflow/example_dags/example_time_delta_sensor_async.py
[2022-10-11T20:30:24.787-0500] {logging_mixin.py:117} INFO - [2022-10-11T20:30:24.787-0500] {dag.py:2573} INFO - Sync 1 DAGs
[2022-10-11T20:30:24.799-0500] {logging_mixin.py:117} INFO - [2022-10-11T20:30:24.799-0500] {dag.py:3324} INFO - Setting next_dagrun for example_time_delta_sensor_async to None, run_after=None
[2022-10-11T20:30:24.820-0500] {processor.py:178} INFO - Processing /home/gabsiston/Documentos/projetos/airflow-data/venv/lib/python3.8/site-packages/airflow/example_dags/example_time_delta_sensor_async.py took 0.098 seconds
[2022-10-11T20:31:00.563-0500] {processor.py:156} INFO - Started process (PID=10866) to work on /home/gabsiston/Documentos/projetos/airflow-data/venv/lib/python3.8/site-packages/airflow/example_dags/example_time_delta_sensor_async.py
[2022-10-11T20:31:00.564-0500] {processor.py:758} INFO - Processing file /home/gabsiston/Documentos/projetos/airflow-data/venv/lib/python3.8/site-packages/airflow/example_dags/example_time_delta_sensor_async.py for tasks to queue
[2022-10-11T20:31:00.564-0500] {logging_mixin.py:117} INFO - [2022-10-11T20:31:00.564-0500] {dagbag.py:525} INFO - Filling up the DagBag from /home/gabsiston/Documentos/projetos/airflow-data/venv/lib/python3.8/site-packages/airflow/example_dags/example_time_delta_sensor_async.py
[2022-10-11T20:31:00.576-0500] {processor.py:768} INFO - DAG(s) dict_keys(['example_time_delta_sensor_async']) retrieved from /home/gabsiston/Documentos/projetos/airflow-data/venv/lib/python3.8/site-packages/airflow/example_dags/example_time_delta_sensor_async.py
[2022-10-11T20:31:00.636-0500] {logging_mixin.py:117} INFO - [2022-10-11T20:31:00.636-0500] {dag.py:2573} INFO - Sync 1 DAGs
[2022-10-11T20:31:00.648-0500] {logging_mixin.py:117} INFO - [2022-10-11T20:31:00.648-0500] {dag.py:3324} INFO - Setting next_dagrun for example_time_delta_sensor_async to None, run_after=None
[2022-10-11T20:31:00.672-0500] {processor.py:178} INFO - Processing /home/gabsiston/Documentos/projetos/airflow-data/venv/lib/python3.8/site-packages/airflow/example_dags/example_time_delta_sensor_async.py took 0.112 seconds
[2022-10-11T20:31:40.453-0500] {processor.py:156} INFO - Started process (PID=11210) to work on /home/gabsiston/Documentos/projetos/airflow-data/venv/lib/python3.8/site-packages/airflow/example_dags/example_time_delta_sensor_async.py
[2022-10-11T20:31:40.457-0500] {processor.py:758} INFO - Processing file /home/gabsiston/Documentos/projetos/airflow-data/venv/lib/python3.8/site-packages/airflow/example_dags/example_time_delta_sensor_async.py for tasks to queue
[2022-10-11T20:31:40.459-0500] {logging_mixin.py:117} INFO - [2022-10-11T20:31:40.458-0500] {dagbag.py:525} INFO - Filling up the DagBag from /home/gabsiston/Documentos/projetos/airflow-data/venv/lib/python3.8/site-packages/airflow/example_dags/example_time_delta_sensor_async.py
[2022-10-11T20:31:40.479-0500] {processor.py:768} INFO - DAG(s) dict_keys(['example_time_delta_sensor_async']) retrieved from /home/gabsiston/Documentos/projetos/airflow-data/venv/lib/python3.8/site-packages/airflow/example_dags/example_time_delta_sensor_async.py
[2022-10-11T20:31:40.539-0500] {logging_mixin.py:117} INFO - [2022-10-11T20:31:40.539-0500] {dag.py:2573} INFO - Sync 1 DAGs
[2022-10-11T20:31:40.552-0500] {logging_mixin.py:117} INFO - [2022-10-11T20:31:40.552-0500] {dag.py:3324} INFO - Setting next_dagrun for example_time_delta_sensor_async to None, run_after=None
[2022-10-11T20:31:40.573-0500] {processor.py:178} INFO - Processing /home/gabsiston/Documentos/projetos/airflow-data/venv/lib/python3.8/site-packages/airflow/example_dags/example_time_delta_sensor_async.py took 0.130 seconds
[2022-10-11T20:32:18.399-0500] {processor.py:156} INFO - Started process (PID=11462) to work on /home/gabsiston/Documentos/projetos/airflow-data/venv/lib/python3.8/site-packages/airflow/example_dags/example_time_delta_sensor_async.py
[2022-10-11T20:32:18.401-0500] {processor.py:758} INFO - Processing file /home/gabsiston/Documentos/projetos/airflow-data/venv/lib/python3.8/site-packages/airflow/example_dags/example_time_delta_sensor_async.py for tasks to queue
[2022-10-11T20:32:18.401-0500] {logging_mixin.py:117} INFO - [2022-10-11T20:32:18.401-0500] {dagbag.py:525} INFO - Filling up the DagBag from /home/gabsiston/Documentos/projetos/airflow-data/venv/lib/python3.8/site-packages/airflow/example_dags/example_time_delta_sensor_async.py
[2022-10-11T20:32:18.415-0500] {processor.py:768} INFO - DAG(s) dict_keys(['example_time_delta_sensor_async']) retrieved from /home/gabsiston/Documentos/projetos/airflow-data/venv/lib/python3.8/site-packages/airflow/example_dags/example_time_delta_sensor_async.py
[2022-10-11T20:32:18.476-0500] {logging_mixin.py:117} INFO - [2022-10-11T20:32:18.476-0500] {dag.py:2573} INFO - Sync 1 DAGs
[2022-10-11T20:32:18.489-0500] {logging_mixin.py:117} INFO - [2022-10-11T20:32:18.489-0500] {dag.py:3324} INFO - Setting next_dagrun for example_time_delta_sensor_async to None, run_after=None
[2022-10-11T20:32:18.518-0500] {processor.py:178} INFO - Processing /home/gabsiston/Documentos/projetos/airflow-data/venv/lib/python3.8/site-packages/airflow/example_dags/example_time_delta_sensor_async.py took 0.123 seconds
[2022-10-11T20:32:54.338-0500] {processor.py:156} INFO - Started process (PID=11910) to work on /home/gabsiston/Documentos/projetos/airflow-data/venv/lib/python3.8/site-packages/airflow/example_dags/example_time_delta_sensor_async.py
[2022-10-11T20:32:54.340-0500] {processor.py:758} INFO - Processing file /home/gabsiston/Documentos/projetos/airflow-data/venv/lib/python3.8/site-packages/airflow/example_dags/example_time_delta_sensor_async.py for tasks to queue
[2022-10-11T20:32:54.341-0500] {logging_mixin.py:117} INFO - [2022-10-11T20:32:54.341-0500] {dagbag.py:525} INFO - Filling up the DagBag from /home/gabsiston/Documentos/projetos/airflow-data/venv/lib/python3.8/site-packages/airflow/example_dags/example_time_delta_sensor_async.py
[2022-10-11T20:32:54.358-0500] {processor.py:768} INFO - DAG(s) dict_keys(['example_time_delta_sensor_async']) retrieved from /home/gabsiston/Documentos/projetos/airflow-data/venv/lib/python3.8/site-packages/airflow/example_dags/example_time_delta_sensor_async.py
[2022-10-11T20:32:54.421-0500] {logging_mixin.py:117} INFO - [2022-10-11T20:32:54.421-0500] {dag.py:2573} INFO - Sync 1 DAGs
[2022-10-11T20:32:54.437-0500] {logging_mixin.py:117} INFO - [2022-10-11T20:32:54.437-0500] {dag.py:3324} INFO - Setting next_dagrun for example_time_delta_sensor_async to None, run_after=None
[2022-10-11T20:32:54.459-0500] {processor.py:178} INFO - Processing /home/gabsiston/Documentos/projetos/airflow-data/venv/lib/python3.8/site-packages/airflow/example_dags/example_time_delta_sensor_async.py took 0.125 seconds
[2022-10-11T20:33:32.395-0500] {processor.py:156} INFO - Started process (PID=12171) to work on /home/gabsiston/Documentos/projetos/airflow-data/venv/lib/python3.8/site-packages/airflow/example_dags/example_time_delta_sensor_async.py
[2022-10-11T20:33:32.397-0500] {processor.py:758} INFO - Processing file /home/gabsiston/Documentos/projetos/airflow-data/venv/lib/python3.8/site-packages/airflow/example_dags/example_time_delta_sensor_async.py for tasks to queue
[2022-10-11T20:33:32.399-0500] {logging_mixin.py:117} INFO - [2022-10-11T20:33:32.398-0500] {dagbag.py:525} INFO - Filling up the DagBag from /home/gabsiston/Documentos/projetos/airflow-data/venv/lib/python3.8/site-packages/airflow/example_dags/example_time_delta_sensor_async.py
[2022-10-11T20:33:32.421-0500] {processor.py:768} INFO - DAG(s) dict_keys(['example_time_delta_sensor_async']) retrieved from /home/gabsiston/Documentos/projetos/airflow-data/venv/lib/python3.8/site-packages/airflow/example_dags/example_time_delta_sensor_async.py
[2022-10-11T20:33:32.490-0500] {logging_mixin.py:117} INFO - [2022-10-11T20:33:32.490-0500] {dag.py:2573} INFO - Sync 1 DAGs
[2022-10-11T20:33:32.506-0500] {logging_mixin.py:117} INFO - [2022-10-11T20:33:32.506-0500] {dag.py:3324} INFO - Setting next_dagrun for example_time_delta_sensor_async to None, run_after=None
[2022-10-11T20:33:32.534-0500] {processor.py:178} INFO - Processing /home/gabsiston/Documentos/projetos/airflow-data/venv/lib/python3.8/site-packages/airflow/example_dags/example_time_delta_sensor_async.py took 0.144 seconds
[2022-10-11T20:34:08.482-0500] {processor.py:156} INFO - Started process (PID=12350) to work on /home/gabsiston/Documentos/projetos/airflow-data/venv/lib/python3.8/site-packages/airflow/example_dags/example_time_delta_sensor_async.py
[2022-10-11T20:34:08.485-0500] {processor.py:758} INFO - Processing file /home/gabsiston/Documentos/projetos/airflow-data/venv/lib/python3.8/site-packages/airflow/example_dags/example_time_delta_sensor_async.py for tasks to queue
[2022-10-11T20:34:08.485-0500] {logging_mixin.py:117} INFO - [2022-10-11T20:34:08.485-0500] {dagbag.py:525} INFO - Filling up the DagBag from /home/gabsiston/Documentos/projetos/airflow-data/venv/lib/python3.8/site-packages/airflow/example_dags/example_time_delta_sensor_async.py
[2022-10-11T20:34:08.502-0500] {processor.py:768} INFO - DAG(s) dict_keys(['example_time_delta_sensor_async']) retrieved from /home/gabsiston/Documentos/projetos/airflow-data/venv/lib/python3.8/site-packages/airflow/example_dags/example_time_delta_sensor_async.py
[2022-10-11T20:34:08.568-0500] {logging_mixin.py:117} INFO - [2022-10-11T20:34:08.568-0500] {dag.py:2573} INFO - Sync 1 DAGs
[2022-10-11T20:34:08.580-0500] {logging_mixin.py:117} INFO - [2022-10-11T20:34:08.580-0500] {dag.py:3324} INFO - Setting next_dagrun for example_time_delta_sensor_async to None, run_after=None
[2022-10-11T20:34:08.611-0500] {processor.py:178} INFO - Processing /home/gabsiston/Documentos/projetos/airflow-data/venv/lib/python3.8/site-packages/airflow/example_dags/example_time_delta_sensor_async.py took 0.132 seconds
[2022-10-11T20:34:44.922-0500] {processor.py:156} INFO - Started process (PID=12557) to work on /home/gabsiston/Documentos/projetos/airflow-data/venv/lib/python3.8/site-packages/airflow/example_dags/example_time_delta_sensor_async.py
[2022-10-11T20:34:44.924-0500] {processor.py:758} INFO - Processing file /home/gabsiston/Documentos/projetos/airflow-data/venv/lib/python3.8/site-packages/airflow/example_dags/example_time_delta_sensor_async.py for tasks to queue
[2022-10-11T20:34:44.924-0500] {logging_mixin.py:117} INFO - [2022-10-11T20:34:44.924-0500] {dagbag.py:525} INFO - Filling up the DagBag from /home/gabsiston/Documentos/projetos/airflow-data/venv/lib/python3.8/site-packages/airflow/example_dags/example_time_delta_sensor_async.py
[2022-10-11T20:34:44.936-0500] {processor.py:768} INFO - DAG(s) dict_keys(['example_time_delta_sensor_async']) retrieved from /home/gabsiston/Documentos/projetos/airflow-data/venv/lib/python3.8/site-packages/airflow/example_dags/example_time_delta_sensor_async.py
[2022-10-11T20:34:44.996-0500] {logging_mixin.py:117} INFO - [2022-10-11T20:34:44.996-0500] {dag.py:2573} INFO - Sync 1 DAGs
[2022-10-11T20:34:45.009-0500] {logging_mixin.py:117} INFO - [2022-10-11T20:34:45.009-0500] {dag.py:3324} INFO - Setting next_dagrun for example_time_delta_sensor_async to None, run_after=None
[2022-10-11T20:34:45.028-0500] {processor.py:178} INFO - Processing /home/gabsiston/Documentos/projetos/airflow-data/venv/lib/python3.8/site-packages/airflow/example_dags/example_time_delta_sensor_async.py took 0.109 seconds
[2022-10-11T20:35:22.705-0500] {processor.py:156} INFO - Started process (PID=12803) to work on /home/gabsiston/Documentos/projetos/airflow-data/venv/lib/python3.8/site-packages/airflow/example_dags/example_time_delta_sensor_async.py
[2022-10-11T20:35:22.708-0500] {processor.py:758} INFO - Processing file /home/gabsiston/Documentos/projetos/airflow-data/venv/lib/python3.8/site-packages/airflow/example_dags/example_time_delta_sensor_async.py for tasks to queue
[2022-10-11T20:35:22.708-0500] {logging_mixin.py:117} INFO - [2022-10-11T20:35:22.708-0500] {dagbag.py:525} INFO - Filling up the DagBag from /home/gabsiston/Documentos/projetos/airflow-data/venv/lib/python3.8/site-packages/airflow/example_dags/example_time_delta_sensor_async.py
[2022-10-11T20:35:22.723-0500] {processor.py:768} INFO - DAG(s) dict_keys(['example_time_delta_sensor_async']) retrieved from /home/gabsiston/Documentos/projetos/airflow-data/venv/lib/python3.8/site-packages/airflow/example_dags/example_time_delta_sensor_async.py
[2022-10-11T20:35:22.800-0500] {logging_mixin.py:117} INFO - [2022-10-11T20:35:22.800-0500] {dag.py:2573} INFO - Sync 1 DAGs
[2022-10-11T20:35:22.817-0500] {logging_mixin.py:117} INFO - [2022-10-11T20:35:22.817-0500] {dag.py:3324} INFO - Setting next_dagrun for example_time_delta_sensor_async to None, run_after=None
[2022-10-11T20:35:22.842-0500] {processor.py:178} INFO - Processing /home/gabsiston/Documentos/projetos/airflow-data/venv/lib/python3.8/site-packages/airflow/example_dags/example_time_delta_sensor_async.py took 0.141 seconds
[2022-10-11T20:35:58.066-0500] {processor.py:156} INFO - Started process (PID=12987) to work on /home/gabsiston/Documentos/projetos/airflow-data/venv/lib/python3.8/site-packages/airflow/example_dags/example_time_delta_sensor_async.py
[2022-10-11T20:35:58.068-0500] {processor.py:758} INFO - Processing file /home/gabsiston/Documentos/projetos/airflow-data/venv/lib/python3.8/site-packages/airflow/example_dags/example_time_delta_sensor_async.py for tasks to queue
[2022-10-11T20:35:58.069-0500] {logging_mixin.py:117} INFO - [2022-10-11T20:35:58.069-0500] {dagbag.py:525} INFO - Filling up the DagBag from /home/gabsiston/Documentos/projetos/airflow-data/venv/lib/python3.8/site-packages/airflow/example_dags/example_time_delta_sensor_async.py
[2022-10-11T20:35:58.082-0500] {processor.py:768} INFO - DAG(s) dict_keys(['example_time_delta_sensor_async']) retrieved from /home/gabsiston/Documentos/projetos/airflow-data/venv/lib/python3.8/site-packages/airflow/example_dags/example_time_delta_sensor_async.py
[2022-10-11T20:35:58.145-0500] {logging_mixin.py:117} INFO - [2022-10-11T20:35:58.145-0500] {dag.py:2573} INFO - Sync 1 DAGs
[2022-10-11T20:35:58.158-0500] {logging_mixin.py:117} INFO - [2022-10-11T20:35:58.158-0500] {dag.py:3324} INFO - Setting next_dagrun for example_time_delta_sensor_async to None, run_after=None
[2022-10-11T20:35:58.180-0500] {processor.py:178} INFO - Processing /home/gabsiston/Documentos/projetos/airflow-data/venv/lib/python3.8/site-packages/airflow/example_dags/example_time_delta_sensor_async.py took 0.117 seconds
[2022-10-11T20:36:38.437-0500] {processor.py:156} INFO - Started process (PID=13423) to work on /home/gabsiston/Documentos/projetos/airflow-data/venv/lib/python3.8/site-packages/airflow/example_dags/example_time_delta_sensor_async.py
[2022-10-11T20:36:38.441-0500] {processor.py:758} INFO - Processing file /home/gabsiston/Documentos/projetos/airflow-data/venv/lib/python3.8/site-packages/airflow/example_dags/example_time_delta_sensor_async.py for tasks to queue
[2022-10-11T20:36:38.442-0500] {logging_mixin.py:117} INFO - [2022-10-11T20:36:38.442-0500] {dagbag.py:525} INFO - Filling up the DagBag from /home/gabsiston/Documentos/projetos/airflow-data/venv/lib/python3.8/site-packages/airflow/example_dags/example_time_delta_sensor_async.py
[2022-10-11T20:36:38.458-0500] {processor.py:768} INFO - DAG(s) dict_keys(['example_time_delta_sensor_async']) retrieved from /home/gabsiston/Documentos/projetos/airflow-data/venv/lib/python3.8/site-packages/airflow/example_dags/example_time_delta_sensor_async.py
[2022-10-11T20:36:38.527-0500] {logging_mixin.py:117} INFO - [2022-10-11T20:36:38.527-0500] {dag.py:2573} INFO - Sync 1 DAGs
[2022-10-11T20:36:38.543-0500] {logging_mixin.py:117} INFO - [2022-10-11T20:36:38.543-0500] {dag.py:3324} INFO - Setting next_dagrun for example_time_delta_sensor_async to None, run_after=None
[2022-10-11T20:36:38.566-0500] {processor.py:178} INFO - Processing /home/gabsiston/Documentos/projetos/airflow-data/venv/lib/python3.8/site-packages/airflow/example_dags/example_time_delta_sensor_async.py took 0.136 seconds
