[2022-10-11T20:25:37.862-0500] {processor.py:156} INFO - Started process (PID=7933) to work on /home/gabsiston/Documentos/projetos/airflow-data/venv/lib/python3.8/site-packages/airflow/example_dags/example_task_group.py
[2022-10-11T20:25:37.863-0500] {processor.py:758} INFO - Processing file /home/gabsiston/Documentos/projetos/airflow-data/venv/lib/python3.8/site-packages/airflow/example_dags/example_task_group.py for tasks to queue
[2022-10-11T20:25:37.863-0500] {logging_mixin.py:117} INFO - [2022-10-11T20:25:37.863-0500] {dagbag.py:525} INFO - Filling up the DagBag from /home/gabsiston/Documentos/projetos/airflow-data/venv/lib/python3.8/site-packages/airflow/example_dags/example_task_group.py
[2022-10-11T20:25:37.875-0500] {processor.py:768} INFO - DAG(s) dict_keys(['example_task_group']) retrieved from /home/gabsiston/Documentos/projetos/airflow-data/venv/lib/python3.8/site-packages/airflow/example_dags/example_task_group.py
[2022-10-11T20:25:37.964-0500] {logging_mixin.py:117} INFO - [2022-10-11T20:25:37.964-0500] {manager.py:507} INFO - Created Permission View: can read on DAG:example_task_group
[2022-10-11T20:25:37.977-0500] {logging_mixin.py:117} INFO - [2022-10-11T20:25:37.976-0500] {manager.py:507} INFO - Created Permission View: can edit on DAG:example_task_group
[2022-10-11T20:25:37.987-0500] {logging_mixin.py:117} INFO - [2022-10-11T20:25:37.987-0500] {manager.py:507} INFO - Created Permission View: can delete on DAG:example_task_group
[2022-10-11T20:25:37.988-0500] {logging_mixin.py:117} INFO - [2022-10-11T20:25:37.987-0500] {dag.py:2573} INFO - Sync 1 DAGs
[2022-10-11T20:25:37.996-0500] {logging_mixin.py:117} INFO - [2022-10-11T20:25:37.996-0500] {dag.py:2594} INFO - Creating ORM DAG for example_task_group
[2022-10-11T20:25:38.003-0500] {logging_mixin.py:117} INFO - [2022-10-11T20:25:38.003-0500] {dag.py:3324} INFO - Setting next_dagrun for example_task_group to 2022-10-11T01:25:38.003206+00:00, run_after=2022-10-12T01:25:38.003206+00:00
[2022-10-11T20:25:38.023-0500] {processor.py:178} INFO - Processing /home/gabsiston/Documentos/projetos/airflow-data/venv/lib/python3.8/site-packages/airflow/example_dags/example_task_group.py took 0.162 seconds
[2022-10-11T20:26:16.818-0500] {processor.py:156} INFO - Started process (PID=8398) to work on /home/gabsiston/Documentos/projetos/airflow-data/venv/lib/python3.8/site-packages/airflow/example_dags/example_task_group.py
[2022-10-11T20:26:16.820-0500] {processor.py:758} INFO - Processing file /home/gabsiston/Documentos/projetos/airflow-data/venv/lib/python3.8/site-packages/airflow/example_dags/example_task_group.py for tasks to queue
[2022-10-11T20:26:16.821-0500] {logging_mixin.py:117} INFO - [2022-10-11T20:26:16.821-0500] {dagbag.py:525} INFO - Filling up the DagBag from /home/gabsiston/Documentos/projetos/airflow-data/venv/lib/python3.8/site-packages/airflow/example_dags/example_task_group.py
[2022-10-11T20:26:16.832-0500] {processor.py:768} INFO - DAG(s) dict_keys(['example_task_group']) retrieved from /home/gabsiston/Documentos/projetos/airflow-data/venv/lib/python3.8/site-packages/airflow/example_dags/example_task_group.py
[2022-10-11T20:26:16.850-0500] {logging_mixin.py:117} INFO - [2022-10-11T20:26:16.849-0500] {dag.py:2573} INFO - Sync 1 DAGs
[2022-10-11T20:26:16.866-0500] {logging_mixin.py:117} INFO - [2022-10-11T20:26:16.866-0500] {dag.py:3324} INFO - Setting next_dagrun for example_task_group to 2022-10-11T01:26:16.866279+00:00, run_after=2022-10-12T01:26:16.866279+00:00
[2022-10-11T20:26:16.888-0500] {processor.py:178} INFO - Processing /home/gabsiston/Documentos/projetos/airflow-data/venv/lib/python3.8/site-packages/airflow/example_dags/example_task_group.py took 0.071 seconds
[2022-10-11T20:26:52.094-0500] {processor.py:156} INFO - Started process (PID=8832) to work on /home/gabsiston/Documentos/projetos/airflow-data/venv/lib/python3.8/site-packages/airflow/example_dags/example_task_group.py
[2022-10-11T20:26:52.097-0500] {processor.py:758} INFO - Processing file /home/gabsiston/Documentos/projetos/airflow-data/venv/lib/python3.8/site-packages/airflow/example_dags/example_task_group.py for tasks to queue
[2022-10-11T20:26:52.098-0500] {logging_mixin.py:117} INFO - [2022-10-11T20:26:52.098-0500] {dagbag.py:525} INFO - Filling up the DagBag from /home/gabsiston/Documentos/projetos/airflow-data/venv/lib/python3.8/site-packages/airflow/example_dags/example_task_group.py
[2022-10-11T20:26:52.113-0500] {processor.py:768} INFO - DAG(s) dict_keys(['example_task_group']) retrieved from /home/gabsiston/Documentos/projetos/airflow-data/venv/lib/python3.8/site-packages/airflow/example_dags/example_task_group.py
[2022-10-11T20:26:52.131-0500] {logging_mixin.py:117} INFO - [2022-10-11T20:26:52.131-0500] {dag.py:2573} INFO - Sync 1 DAGs
[2022-10-11T20:26:52.145-0500] {logging_mixin.py:117} INFO - [2022-10-11T20:26:52.145-0500] {dag.py:3324} INFO - Setting next_dagrun for example_task_group to 2022-10-11T01:26:52.145576+00:00, run_after=2022-10-12T01:26:52.145576+00:00
[2022-10-11T20:26:52.167-0500] {processor.py:178} INFO - Processing /home/gabsiston/Documentos/projetos/airflow-data/venv/lib/python3.8/site-packages/airflow/example_dags/example_task_group.py took 0.076 seconds
[2022-10-11T20:27:27.109-0500] {processor.py:156} INFO - Started process (PID=9443) to work on /home/gabsiston/Documentos/projetos/airflow-data/venv/lib/python3.8/site-packages/airflow/example_dags/example_task_group.py
[2022-10-11T20:27:27.112-0500] {processor.py:758} INFO - Processing file /home/gabsiston/Documentos/projetos/airflow-data/venv/lib/python3.8/site-packages/airflow/example_dags/example_task_group.py for tasks to queue
[2022-10-11T20:27:27.115-0500] {logging_mixin.py:117} INFO - [2022-10-11T20:27:27.114-0500] {dagbag.py:525} INFO - Filling up the DagBag from /home/gabsiston/Documentos/projetos/airflow-data/venv/lib/python3.8/site-packages/airflow/example_dags/example_task_group.py
[2022-10-11T20:27:27.143-0500] {processor.py:768} INFO - DAG(s) dict_keys(['example_task_group']) retrieved from /home/gabsiston/Documentos/projetos/airflow-data/venv/lib/python3.8/site-packages/airflow/example_dags/example_task_group.py
[2022-10-11T20:27:27.166-0500] {logging_mixin.py:117} INFO - [2022-10-11T20:27:27.166-0500] {dag.py:2573} INFO - Sync 1 DAGs
[2022-10-11T20:27:27.183-0500] {logging_mixin.py:117} INFO - [2022-10-11T20:27:27.183-0500] {dag.py:3324} INFO - Setting next_dagrun for example_task_group to 2022-10-11T01:27:27.183339+00:00, run_after=2022-10-12T01:27:27.183339+00:00
[2022-10-11T20:27:27.205-0500] {processor.py:178} INFO - Processing /home/gabsiston/Documentos/projetos/airflow-data/venv/lib/python3.8/site-packages/airflow/example_dags/example_task_group.py took 0.105 seconds
[2022-10-11T20:28:03.659-0500] {processor.py:156} INFO - Started process (PID=9635) to work on /home/gabsiston/Documentos/projetos/airflow-data/venv/lib/python3.8/site-packages/airflow/example_dags/example_task_group.py
[2022-10-11T20:28:03.661-0500] {processor.py:758} INFO - Processing file /home/gabsiston/Documentos/projetos/airflow-data/venv/lib/python3.8/site-packages/airflow/example_dags/example_task_group.py for tasks to queue
[2022-10-11T20:28:03.662-0500] {logging_mixin.py:117} INFO - [2022-10-11T20:28:03.662-0500] {dagbag.py:525} INFO - Filling up the DagBag from /home/gabsiston/Documentos/projetos/airflow-data/venv/lib/python3.8/site-packages/airflow/example_dags/example_task_group.py
[2022-10-11T20:28:03.675-0500] {processor.py:768} INFO - DAG(s) dict_keys(['example_task_group']) retrieved from /home/gabsiston/Documentos/projetos/airflow-data/venv/lib/python3.8/site-packages/airflow/example_dags/example_task_group.py
[2022-10-11T20:28:03.694-0500] {logging_mixin.py:117} INFO - [2022-10-11T20:28:03.694-0500] {dag.py:2573} INFO - Sync 1 DAGs
[2022-10-11T20:28:03.709-0500] {logging_mixin.py:117} INFO - [2022-10-11T20:28:03.709-0500] {dag.py:3324} INFO - Setting next_dagrun for example_task_group to 2022-10-11T01:28:03.708844+00:00, run_after=2022-10-12T01:28:03.708844+00:00
[2022-10-11T20:28:03.730-0500] {processor.py:178} INFO - Processing /home/gabsiston/Documentos/projetos/airflow-data/venv/lib/python3.8/site-packages/airflow/example_dags/example_task_group.py took 0.074 seconds
[2022-10-11T20:28:40.188-0500] {processor.py:156} INFO - Started process (PID=10020) to work on /home/gabsiston/Documentos/projetos/airflow-data/venv/lib/python3.8/site-packages/airflow/example_dags/example_task_group.py
[2022-10-11T20:28:40.191-0500] {processor.py:758} INFO - Processing file /home/gabsiston/Documentos/projetos/airflow-data/venv/lib/python3.8/site-packages/airflow/example_dags/example_task_group.py for tasks to queue
[2022-10-11T20:28:40.193-0500] {logging_mixin.py:117} INFO - [2022-10-11T20:28:40.193-0500] {dagbag.py:525} INFO - Filling up the DagBag from /home/gabsiston/Documentos/projetos/airflow-data/venv/lib/python3.8/site-packages/airflow/example_dags/example_task_group.py
[2022-10-11T20:28:40.212-0500] {processor.py:768} INFO - DAG(s) dict_keys(['example_task_group']) retrieved from /home/gabsiston/Documentos/projetos/airflow-data/venv/lib/python3.8/site-packages/airflow/example_dags/example_task_group.py
[2022-10-11T20:28:40.233-0500] {logging_mixin.py:117} INFO - [2022-10-11T20:28:40.233-0500] {dag.py:2573} INFO - Sync 1 DAGs
[2022-10-11T20:28:40.250-0500] {logging_mixin.py:117} INFO - [2022-10-11T20:28:40.250-0500] {dag.py:3324} INFO - Setting next_dagrun for example_task_group to 2022-10-11T01:28:40.250424+00:00, run_after=2022-10-12T01:28:40.250424+00:00
[2022-10-11T20:28:40.274-0500] {processor.py:178} INFO - Processing /home/gabsiston/Documentos/projetos/airflow-data/venv/lib/python3.8/site-packages/airflow/example_dags/example_task_group.py took 0.093 seconds
[2022-10-11T20:29:17.748-0500] {processor.py:156} INFO - Started process (PID=10259) to work on /home/gabsiston/Documentos/projetos/airflow-data/venv/lib/python3.8/site-packages/airflow/example_dags/example_task_group.py
[2022-10-11T20:29:17.749-0500] {processor.py:758} INFO - Processing file /home/gabsiston/Documentos/projetos/airflow-data/venv/lib/python3.8/site-packages/airflow/example_dags/example_task_group.py for tasks to queue
[2022-10-11T20:29:17.749-0500] {logging_mixin.py:117} INFO - [2022-10-11T20:29:17.749-0500] {dagbag.py:525} INFO - Filling up the DagBag from /home/gabsiston/Documentos/projetos/airflow-data/venv/lib/python3.8/site-packages/airflow/example_dags/example_task_group.py
[2022-10-11T20:29:17.760-0500] {processor.py:768} INFO - DAG(s) dict_keys(['example_task_group']) retrieved from /home/gabsiston/Documentos/projetos/airflow-data/venv/lib/python3.8/site-packages/airflow/example_dags/example_task_group.py
[2022-10-11T20:29:17.777-0500] {logging_mixin.py:117} INFO - [2022-10-11T20:29:17.776-0500] {dag.py:2573} INFO - Sync 1 DAGs
[2022-10-11T20:29:17.791-0500] {logging_mixin.py:117} INFO - [2022-10-11T20:29:17.790-0500] {dag.py:3324} INFO - Setting next_dagrun for example_task_group to 2022-10-11T01:29:17.790732+00:00, run_after=2022-10-12T01:29:17.790732+00:00
[2022-10-11T20:29:17.809-0500] {processor.py:178} INFO - Processing /home/gabsiston/Documentos/projetos/airflow-data/venv/lib/python3.8/site-packages/airflow/example_dags/example_task_group.py took 0.063 seconds
[2022-10-11T20:29:54.374-0500] {processor.py:156} INFO - Started process (PID=10446) to work on /home/gabsiston/Documentos/projetos/airflow-data/venv/lib/python3.8/site-packages/airflow/example_dags/example_task_group.py
[2022-10-11T20:29:54.377-0500] {processor.py:758} INFO - Processing file /home/gabsiston/Documentos/projetos/airflow-data/venv/lib/python3.8/site-packages/airflow/example_dags/example_task_group.py for tasks to queue
[2022-10-11T20:29:54.378-0500] {logging_mixin.py:117} INFO - [2022-10-11T20:29:54.378-0500] {dagbag.py:525} INFO - Filling up the DagBag from /home/gabsiston/Documentos/projetos/airflow-data/venv/lib/python3.8/site-packages/airflow/example_dags/example_task_group.py
[2022-10-11T20:29:54.399-0500] {processor.py:768} INFO - DAG(s) dict_keys(['example_task_group']) retrieved from /home/gabsiston/Documentos/projetos/airflow-data/venv/lib/python3.8/site-packages/airflow/example_dags/example_task_group.py
[2022-10-11T20:29:54.419-0500] {logging_mixin.py:117} INFO - [2022-10-11T20:29:54.419-0500] {dag.py:2573} INFO - Sync 1 DAGs
[2022-10-11T20:29:54.436-0500] {logging_mixin.py:117} INFO - [2022-10-11T20:29:54.435-0500] {dag.py:3324} INFO - Setting next_dagrun for example_task_group to 2022-10-11T01:29:54.435702+00:00, run_after=2022-10-12T01:29:54.435702+00:00
[2022-10-11T20:29:54.458-0500] {processor.py:178} INFO - Processing /home/gabsiston/Documentos/projetos/airflow-data/venv/lib/python3.8/site-packages/airflow/example_dags/example_task_group.py took 0.091 seconds
[2022-10-11T20:30:35.597-0500] {processor.py:156} INFO - Started process (PID=10716) to work on /home/gabsiston/Documentos/projetos/airflow-data/venv/lib/python3.8/site-packages/airflow/example_dags/example_task_group.py
[2022-10-11T20:30:35.599-0500] {processor.py:758} INFO - Processing file /home/gabsiston/Documentos/projetos/airflow-data/venv/lib/python3.8/site-packages/airflow/example_dags/example_task_group.py for tasks to queue
[2022-10-11T20:30:35.599-0500] {logging_mixin.py:117} INFO - [2022-10-11T20:30:35.599-0500] {dagbag.py:525} INFO - Filling up the DagBag from /home/gabsiston/Documentos/projetos/airflow-data/venv/lib/python3.8/site-packages/airflow/example_dags/example_task_group.py
[2022-10-11T20:30:35.612-0500] {processor.py:768} INFO - DAG(s) dict_keys(['example_task_group']) retrieved from /home/gabsiston/Documentos/projetos/airflow-data/venv/lib/python3.8/site-packages/airflow/example_dags/example_task_group.py
[2022-10-11T20:30:35.633-0500] {logging_mixin.py:117} INFO - [2022-10-11T20:30:35.633-0500] {dag.py:2573} INFO - Sync 1 DAGs
[2022-10-11T20:30:35.651-0500] {logging_mixin.py:117} INFO - [2022-10-11T20:30:35.650-0500] {dag.py:3324} INFO - Setting next_dagrun for example_task_group to 2022-10-11T01:30:35.650766+00:00, run_after=2022-10-12T01:30:35.650766+00:00
[2022-10-11T20:30:35.684-0500] {processor.py:178} INFO - Processing /home/gabsiston/Documentos/projetos/airflow-data/venv/lib/python3.8/site-packages/airflow/example_dags/example_task_group.py took 0.088 seconds
[2022-10-11T20:31:12.689-0500] {processor.py:156} INFO - Started process (PID=10936) to work on /home/gabsiston/Documentos/projetos/airflow-data/venv/lib/python3.8/site-packages/airflow/example_dags/example_task_group.py
[2022-10-11T20:31:12.690-0500] {processor.py:758} INFO - Processing file /home/gabsiston/Documentos/projetos/airflow-data/venv/lib/python3.8/site-packages/airflow/example_dags/example_task_group.py for tasks to queue
[2022-10-11T20:31:12.691-0500] {logging_mixin.py:117} INFO - [2022-10-11T20:31:12.691-0500] {dagbag.py:525} INFO - Filling up the DagBag from /home/gabsiston/Documentos/projetos/airflow-data/venv/lib/python3.8/site-packages/airflow/example_dags/example_task_group.py
[2022-10-11T20:31:12.712-0500] {processor.py:768} INFO - DAG(s) dict_keys(['example_task_group']) retrieved from /home/gabsiston/Documentos/projetos/airflow-data/venv/lib/python3.8/site-packages/airflow/example_dags/example_task_group.py
[2022-10-11T20:31:12.755-0500] {logging_mixin.py:117} INFO - [2022-10-11T20:31:12.754-0500] {dag.py:2573} INFO - Sync 1 DAGs
[2022-10-11T20:31:12.794-0500] {logging_mixin.py:117} INFO - [2022-10-11T20:31:12.794-0500] {dag.py:3324} INFO - Setting next_dagrun for example_task_group to 2022-10-11T01:31:12.793890+00:00, run_after=2022-10-12T01:31:12.793890+00:00
[2022-10-11T20:31:13.062-0500] {processor.py:178} INFO - Processing /home/gabsiston/Documentos/projetos/airflow-data/venv/lib/python3.8/site-packages/airflow/example_dags/example_task_group.py took 0.377 seconds
[2022-10-11T20:31:52.474-0500] {processor.py:156} INFO - Started process (PID=11331) to work on /home/gabsiston/Documentos/projetos/airflow-data/venv/lib/python3.8/site-packages/airflow/example_dags/example_task_group.py
[2022-10-11T20:31:52.478-0500] {processor.py:758} INFO - Processing file /home/gabsiston/Documentos/projetos/airflow-data/venv/lib/python3.8/site-packages/airflow/example_dags/example_task_group.py for tasks to queue
[2022-10-11T20:31:52.480-0500] {logging_mixin.py:117} INFO - [2022-10-11T20:31:52.480-0500] {dagbag.py:525} INFO - Filling up the DagBag from /home/gabsiston/Documentos/projetos/airflow-data/venv/lib/python3.8/site-packages/airflow/example_dags/example_task_group.py
[2022-10-11T20:31:52.504-0500] {processor.py:768} INFO - DAG(s) dict_keys(['example_task_group']) retrieved from /home/gabsiston/Documentos/projetos/airflow-data/venv/lib/python3.8/site-packages/airflow/example_dags/example_task_group.py
[2022-10-11T20:31:52.524-0500] {logging_mixin.py:117} INFO - [2022-10-11T20:31:52.523-0500] {dag.py:2573} INFO - Sync 1 DAGs
[2022-10-11T20:31:52.540-0500] {logging_mixin.py:117} INFO - [2022-10-11T20:31:52.540-0500] {dag.py:3324} INFO - Setting next_dagrun for example_task_group to 2022-10-11T01:31:52.540235+00:00, run_after=2022-10-12T01:31:52.540235+00:00
[2022-10-11T20:31:52.570-0500] {processor.py:178} INFO - Processing /home/gabsiston/Documentos/projetos/airflow-data/venv/lib/python3.8/site-packages/airflow/example_dags/example_task_group.py took 0.103 seconds
[2022-10-11T20:32:30.199-0500] {processor.py:156} INFO - Started process (PID=11530) to work on /home/gabsiston/Documentos/projetos/airflow-data/venv/lib/python3.8/site-packages/airflow/example_dags/example_task_group.py
[2022-10-11T20:32:30.202-0500] {processor.py:758} INFO - Processing file /home/gabsiston/Documentos/projetos/airflow-data/venv/lib/python3.8/site-packages/airflow/example_dags/example_task_group.py for tasks to queue
[2022-10-11T20:32:30.203-0500] {logging_mixin.py:117} INFO - [2022-10-11T20:32:30.203-0500] {dagbag.py:525} INFO - Filling up the DagBag from /home/gabsiston/Documentos/projetos/airflow-data/venv/lib/python3.8/site-packages/airflow/example_dags/example_task_group.py
[2022-10-11T20:32:30.223-0500] {processor.py:768} INFO - DAG(s) dict_keys(['example_task_group']) retrieved from /home/gabsiston/Documentos/projetos/airflow-data/venv/lib/python3.8/site-packages/airflow/example_dags/example_task_group.py
[2022-10-11T20:32:30.243-0500] {logging_mixin.py:117} INFO - [2022-10-11T20:32:30.243-0500] {dag.py:2573} INFO - Sync 1 DAGs
[2022-10-11T20:32:30.260-0500] {logging_mixin.py:117} INFO - [2022-10-11T20:32:30.260-0500] {dag.py:3324} INFO - Setting next_dagrun for example_task_group to 2022-10-11T01:32:30.260318+00:00, run_after=2022-10-12T01:32:30.260318+00:00
[2022-10-11T20:32:30.293-0500] {processor.py:178} INFO - Processing /home/gabsiston/Documentos/projetos/airflow-data/venv/lib/python3.8/site-packages/airflow/example_dags/example_task_group.py took 0.102 seconds
[2022-10-11T20:33:07.520-0500] {processor.py:156} INFO - Started process (PID=12032) to work on /home/gabsiston/Documentos/projetos/airflow-data/venv/lib/python3.8/site-packages/airflow/example_dags/example_task_group.py
[2022-10-11T20:33:07.521-0500] {processor.py:758} INFO - Processing file /home/gabsiston/Documentos/projetos/airflow-data/venv/lib/python3.8/site-packages/airflow/example_dags/example_task_group.py for tasks to queue
[2022-10-11T20:33:07.521-0500] {logging_mixin.py:117} INFO - [2022-10-11T20:33:07.521-0500] {dagbag.py:525} INFO - Filling up the DagBag from /home/gabsiston/Documentos/projetos/airflow-data/venv/lib/python3.8/site-packages/airflow/example_dags/example_task_group.py
[2022-10-11T20:33:07.534-0500] {processor.py:768} INFO - DAG(s) dict_keys(['example_task_group']) retrieved from /home/gabsiston/Documentos/projetos/airflow-data/venv/lib/python3.8/site-packages/airflow/example_dags/example_task_group.py
[2022-10-11T20:33:07.550-0500] {logging_mixin.py:117} INFO - [2022-10-11T20:33:07.550-0500] {dag.py:2573} INFO - Sync 1 DAGs
[2022-10-11T20:33:07.566-0500] {logging_mixin.py:117} INFO - [2022-10-11T20:33:07.565-0500] {dag.py:3324} INFO - Setting next_dagrun for example_task_group to 2022-10-11T01:33:07.565693+00:00, run_after=2022-10-12T01:33:07.565693+00:00
[2022-10-11T20:33:07.587-0500] {processor.py:178} INFO - Processing /home/gabsiston/Documentos/projetos/airflow-data/venv/lib/python3.8/site-packages/airflow/example_dags/example_task_group.py took 0.069 seconds
[2022-10-11T20:33:46.614-0500] {processor.py:156} INFO - Started process (PID=12245) to work on /home/gabsiston/Documentos/projetos/airflow-data/venv/lib/python3.8/site-packages/airflow/example_dags/example_task_group.py
[2022-10-11T20:33:46.617-0500] {processor.py:758} INFO - Processing file /home/gabsiston/Documentos/projetos/airflow-data/venv/lib/python3.8/site-packages/airflow/example_dags/example_task_group.py for tasks to queue
[2022-10-11T20:33:46.619-0500] {logging_mixin.py:117} INFO - [2022-10-11T20:33:46.619-0500] {dagbag.py:525} INFO - Filling up the DagBag from /home/gabsiston/Documentos/projetos/airflow-data/venv/lib/python3.8/site-packages/airflow/example_dags/example_task_group.py
[2022-10-11T20:33:46.641-0500] {processor.py:768} INFO - DAG(s) dict_keys(['example_task_group']) retrieved from /home/gabsiston/Documentos/projetos/airflow-data/venv/lib/python3.8/site-packages/airflow/example_dags/example_task_group.py
[2022-10-11T20:33:46.661-0500] {logging_mixin.py:117} INFO - [2022-10-11T20:33:46.661-0500] {dag.py:2573} INFO - Sync 1 DAGs
[2022-10-11T20:33:46.678-0500] {logging_mixin.py:117} INFO - [2022-10-11T20:33:46.678-0500] {dag.py:3324} INFO - Setting next_dagrun for example_task_group to 2022-10-11T01:33:46.678135+00:00, run_after=2022-10-12T01:33:46.678135+00:00
[2022-10-11T20:33:46.700-0500] {processor.py:178} INFO - Processing /home/gabsiston/Documentos/projetos/airflow-data/venv/lib/python3.8/site-packages/airflow/example_dags/example_task_group.py took 0.094 seconds
[2022-10-11T20:34:23.033-0500] {processor.py:156} INFO - Started process (PID=12425) to work on /home/gabsiston/Documentos/projetos/airflow-data/venv/lib/python3.8/site-packages/airflow/example_dags/example_task_group.py
[2022-10-11T20:34:23.035-0500] {processor.py:758} INFO - Processing file /home/gabsiston/Documentos/projetos/airflow-data/venv/lib/python3.8/site-packages/airflow/example_dags/example_task_group.py for tasks to queue
[2022-10-11T20:34:23.036-0500] {logging_mixin.py:117} INFO - [2022-10-11T20:34:23.035-0500] {dagbag.py:525} INFO - Filling up the DagBag from /home/gabsiston/Documentos/projetos/airflow-data/venv/lib/python3.8/site-packages/airflow/example_dags/example_task_group.py
[2022-10-11T20:34:23.050-0500] {processor.py:768} INFO - DAG(s) dict_keys(['example_task_group']) retrieved from /home/gabsiston/Documentos/projetos/airflow-data/venv/lib/python3.8/site-packages/airflow/example_dags/example_task_group.py
[2022-10-11T20:34:23.070-0500] {logging_mixin.py:117} INFO - [2022-10-11T20:34:23.070-0500] {dag.py:2573} INFO - Sync 1 DAGs
[2022-10-11T20:34:23.086-0500] {logging_mixin.py:117} INFO - [2022-10-11T20:34:23.086-0500] {dag.py:3324} INFO - Setting next_dagrun for example_task_group to 2022-10-11T01:34:23.085823+00:00, run_after=2022-10-12T01:34:23.085823+00:00
[2022-10-11T20:34:23.116-0500] {processor.py:178} INFO - Processing /home/gabsiston/Documentos/projetos/airflow-data/venv/lib/python3.8/site-packages/airflow/example_dags/example_task_group.py took 0.086 seconds
[2022-10-11T20:34:59.432-0500] {processor.py:156} INFO - Started process (PID=12629) to work on /home/gabsiston/Documentos/projetos/airflow-data/venv/lib/python3.8/site-packages/airflow/example_dags/example_task_group.py
[2022-10-11T20:34:59.435-0500] {processor.py:758} INFO - Processing file /home/gabsiston/Documentos/projetos/airflow-data/venv/lib/python3.8/site-packages/airflow/example_dags/example_task_group.py for tasks to queue
[2022-10-11T20:34:59.437-0500] {logging_mixin.py:117} INFO - [2022-10-11T20:34:59.436-0500] {dagbag.py:525} INFO - Filling up the DagBag from /home/gabsiston/Documentos/projetos/airflow-data/venv/lib/python3.8/site-packages/airflow/example_dags/example_task_group.py
[2022-10-11T20:34:59.473-0500] {processor.py:768} INFO - DAG(s) dict_keys(['example_task_group']) retrieved from /home/gabsiston/Documentos/projetos/airflow-data/venv/lib/python3.8/site-packages/airflow/example_dags/example_task_group.py
[2022-10-11T20:34:59.494-0500] {logging_mixin.py:117} INFO - [2022-10-11T20:34:59.494-0500] {dag.py:2573} INFO - Sync 1 DAGs
[2022-10-11T20:34:59.510-0500] {logging_mixin.py:117} INFO - [2022-10-11T20:34:59.510-0500] {dag.py:3324} INFO - Setting next_dagrun for example_task_group to 2022-10-11T01:34:59.510637+00:00, run_after=2022-10-12T01:34:59.510637+00:00
[2022-10-11T20:34:59.533-0500] {processor.py:178} INFO - Processing /home/gabsiston/Documentos/projetos/airflow-data/venv/lib/python3.8/site-packages/airflow/example_dags/example_task_group.py took 0.103 seconds
[2022-10-11T20:35:35.639-0500] {processor.py:156} INFO - Started process (PID=12872) to work on /home/gabsiston/Documentos/projetos/airflow-data/venv/lib/python3.8/site-packages/airflow/example_dags/example_task_group.py
[2022-10-11T20:35:35.641-0500] {processor.py:758} INFO - Processing file /home/gabsiston/Documentos/projetos/airflow-data/venv/lib/python3.8/site-packages/airflow/example_dags/example_task_group.py for tasks to queue
[2022-10-11T20:35:35.641-0500] {logging_mixin.py:117} INFO - [2022-10-11T20:35:35.641-0500] {dagbag.py:525} INFO - Filling up the DagBag from /home/gabsiston/Documentos/projetos/airflow-data/venv/lib/python3.8/site-packages/airflow/example_dags/example_task_group.py
[2022-10-11T20:35:35.655-0500] {processor.py:768} INFO - DAG(s) dict_keys(['example_task_group']) retrieved from /home/gabsiston/Documentos/projetos/airflow-data/venv/lib/python3.8/site-packages/airflow/example_dags/example_task_group.py
[2022-10-11T20:35:35.673-0500] {logging_mixin.py:117} INFO - [2022-10-11T20:35:35.673-0500] {dag.py:2573} INFO - Sync 1 DAGs
[2022-10-11T20:35:35.687-0500] {logging_mixin.py:117} INFO - [2022-10-11T20:35:35.687-0500] {dag.py:3324} INFO - Setting next_dagrun for example_task_group to 2022-10-11T01:35:35.687084+00:00, run_after=2022-10-12T01:35:35.687084+00:00
[2022-10-11T20:35:35.710-0500] {processor.py:178} INFO - Processing /home/gabsiston/Documentos/projetos/airflow-data/venv/lib/python3.8/site-packages/airflow/example_dags/example_task_group.py took 0.073 seconds
[2022-10-11T20:36:15.974-0500] {processor.py:156} INFO - Started process (PID=13143) to work on /home/gabsiston/Documentos/projetos/airflow-data/venv/lib/python3.8/site-packages/airflow/example_dags/example_task_group.py
[2022-10-11T20:36:15.975-0500] {processor.py:758} INFO - Processing file /home/gabsiston/Documentos/projetos/airflow-data/venv/lib/python3.8/site-packages/airflow/example_dags/example_task_group.py for tasks to queue
[2022-10-11T20:36:15.975-0500] {logging_mixin.py:117} INFO - [2022-10-11T20:36:15.975-0500] {dagbag.py:525} INFO - Filling up the DagBag from /home/gabsiston/Documentos/projetos/airflow-data/venv/lib/python3.8/site-packages/airflow/example_dags/example_task_group.py
[2022-10-11T20:36:15.986-0500] {processor.py:768} INFO - DAG(s) dict_keys(['example_task_group']) retrieved from /home/gabsiston/Documentos/projetos/airflow-data/venv/lib/python3.8/site-packages/airflow/example_dags/example_task_group.py
[2022-10-11T20:36:16.002-0500] {logging_mixin.py:117} INFO - [2022-10-11T20:36:16.002-0500] {dag.py:2573} INFO - Sync 1 DAGs
[2022-10-11T20:36:16.016-0500] {logging_mixin.py:117} INFO - [2022-10-11T20:36:16.015-0500] {dag.py:3324} INFO - Setting next_dagrun for example_task_group to 2022-10-11T01:36:16.015761+00:00, run_after=2022-10-12T01:36:16.015761+00:00
[2022-10-11T20:36:16.057-0500] {processor.py:178} INFO - Processing /home/gabsiston/Documentos/projetos/airflow-data/venv/lib/python3.8/site-packages/airflow/example_dags/example_task_group.py took 0.085 seconds
[2022-10-11T20:36:59.126-0500] {processor.py:156} INFO - Started process (PID=13525) to work on /home/gabsiston/Documentos/projetos/airflow-data/venv/lib/python3.8/site-packages/airflow/example_dags/example_task_group.py
[2022-10-11T20:36:59.127-0500] {processor.py:758} INFO - Processing file /home/gabsiston/Documentos/projetos/airflow-data/venv/lib/python3.8/site-packages/airflow/example_dags/example_task_group.py for tasks to queue
[2022-10-11T20:36:59.128-0500] {logging_mixin.py:117} INFO - [2022-10-11T20:36:59.128-0500] {dagbag.py:525} INFO - Filling up the DagBag from /home/gabsiston/Documentos/projetos/airflow-data/venv/lib/python3.8/site-packages/airflow/example_dags/example_task_group.py
[2022-10-11T20:36:59.143-0500] {processor.py:768} INFO - DAG(s) dict_keys(['example_task_group']) retrieved from /home/gabsiston/Documentos/projetos/airflow-data/venv/lib/python3.8/site-packages/airflow/example_dags/example_task_group.py
[2022-10-11T20:36:59.166-0500] {logging_mixin.py:117} INFO - [2022-10-11T20:36:59.166-0500] {dag.py:2573} INFO - Sync 1 DAGs
[2022-10-11T20:36:59.185-0500] {logging_mixin.py:117} INFO - [2022-10-11T20:36:59.185-0500] {dag.py:3324} INFO - Setting next_dagrun for example_task_group to 2022-10-11T01:36:59.185258+00:00, run_after=2022-10-12T01:36:59.185258+00:00
[2022-10-11T20:36:59.205-0500] {processor.py:178} INFO - Processing /home/gabsiston/Documentos/projetos/airflow-data/venv/lib/python3.8/site-packages/airflow/example_dags/example_task_group.py took 0.081 seconds
