[2022-10-11T20:25:36.499-0500] {processor.py:156} INFO - Started process (PID=7916) to work on /home/gabsiston/Documentos/projetos/airflow-data/venv/lib/python3.8/site-packages/airflow/example_dags/tutorial_dag.py
[2022-10-11T20:25:36.500-0500] {processor.py:758} INFO - Processing file /home/gabsiston/Documentos/projetos/airflow-data/venv/lib/python3.8/site-packages/airflow/example_dags/tutorial_dag.py for tasks to queue
[2022-10-11T20:25:36.501-0500] {logging_mixin.py:117} INFO - [2022-10-11T20:25:36.501-0500] {dagbag.py:525} INFO - Filling up the DagBag from /home/gabsiston/Documentos/projetos/airflow-data/venv/lib/python3.8/site-packages/airflow/example_dags/tutorial_dag.py
[2022-10-11T20:25:36.521-0500] {processor.py:768} INFO - DAG(s) dict_keys(['tutorial_dag']) retrieved from /home/gabsiston/Documentos/projetos/airflow-data/venv/lib/python3.8/site-packages/airflow/example_dags/tutorial_dag.py
[2022-10-11T20:25:36.679-0500] {logging_mixin.py:117} INFO - [2022-10-11T20:25:36.679-0500] {manager.py:507} INFO - Created Permission View: can read on DAG:tutorial_dag
[2022-10-11T20:25:36.699-0500] {logging_mixin.py:117} INFO - [2022-10-11T20:25:36.698-0500] {manager.py:507} INFO - Created Permission View: can edit on DAG:tutorial_dag
[2022-10-11T20:25:36.714-0500] {logging_mixin.py:117} INFO - [2022-10-11T20:25:36.713-0500] {manager.py:507} INFO - Created Permission View: can delete on DAG:tutorial_dag
[2022-10-11T20:25:36.714-0500] {logging_mixin.py:117} INFO - [2022-10-11T20:25:36.714-0500] {dag.py:2573} INFO - Sync 1 DAGs
[2022-10-11T20:25:36.730-0500] {logging_mixin.py:117} INFO - [2022-10-11T20:25:36.729-0500] {dag.py:2594} INFO - Creating ORM DAG for tutorial_dag
[2022-10-11T20:25:36.741-0500] {logging_mixin.py:117} INFO - [2022-10-11T20:25:36.741-0500] {dag.py:3324} INFO - Setting next_dagrun for tutorial_dag to None, run_after=None
[2022-10-11T20:25:36.771-0500] {processor.py:178} INFO - Processing /home/gabsiston/Documentos/projetos/airflow-data/venv/lib/python3.8/site-packages/airflow/example_dags/tutorial_dag.py took 0.276 seconds
[2022-10-11T20:26:15.593-0500] {processor.py:156} INFO - Started process (PID=8388) to work on /home/gabsiston/Documentos/projetos/airflow-data/venv/lib/python3.8/site-packages/airflow/example_dags/tutorial_dag.py
[2022-10-11T20:26:15.596-0500] {processor.py:758} INFO - Processing file /home/gabsiston/Documentos/projetos/airflow-data/venv/lib/python3.8/site-packages/airflow/example_dags/tutorial_dag.py for tasks to queue
[2022-10-11T20:26:15.596-0500] {logging_mixin.py:117} INFO - [2022-10-11T20:26:15.596-0500] {dagbag.py:525} INFO - Filling up the DagBag from /home/gabsiston/Documentos/projetos/airflow-data/venv/lib/python3.8/site-packages/airflow/example_dags/tutorial_dag.py
[2022-10-11T20:26:15.622-0500] {processor.py:768} INFO - DAG(s) dict_keys(['tutorial_dag']) retrieved from /home/gabsiston/Documentos/projetos/airflow-data/venv/lib/python3.8/site-packages/airflow/example_dags/tutorial_dag.py
[2022-10-11T20:26:15.668-0500] {logging_mixin.py:117} INFO - [2022-10-11T20:26:15.668-0500] {dag.py:2573} INFO - Sync 1 DAGs
[2022-10-11T20:26:15.705-0500] {logging_mixin.py:117} INFO - [2022-10-11T20:26:15.705-0500] {dag.py:3324} INFO - Setting next_dagrun for tutorial_dag to None, run_after=None
[2022-10-11T20:26:15.732-0500] {processor.py:178} INFO - Processing /home/gabsiston/Documentos/projetos/airflow-data/venv/lib/python3.8/site-packages/airflow/example_dags/tutorial_dag.py took 0.143 seconds
[2022-10-11T20:26:50.816-0500] {processor.py:156} INFO - Started process (PID=8826) to work on /home/gabsiston/Documentos/projetos/airflow-data/venv/lib/python3.8/site-packages/airflow/example_dags/tutorial_dag.py
[2022-10-11T20:26:50.819-0500] {processor.py:758} INFO - Processing file /home/gabsiston/Documentos/projetos/airflow-data/venv/lib/python3.8/site-packages/airflow/example_dags/tutorial_dag.py for tasks to queue
[2022-10-11T20:26:50.820-0500] {logging_mixin.py:117} INFO - [2022-10-11T20:26:50.820-0500] {dagbag.py:525} INFO - Filling up the DagBag from /home/gabsiston/Documentos/projetos/airflow-data/venv/lib/python3.8/site-packages/airflow/example_dags/tutorial_dag.py
[2022-10-11T20:26:50.845-0500] {processor.py:768} INFO - DAG(s) dict_keys(['tutorial_dag']) retrieved from /home/gabsiston/Documentos/projetos/airflow-data/venv/lib/python3.8/site-packages/airflow/example_dags/tutorial_dag.py
[2022-10-11T20:26:50.882-0500] {logging_mixin.py:117} INFO - [2022-10-11T20:26:50.881-0500] {dag.py:2573} INFO - Sync 1 DAGs
[2022-10-11T20:26:50.910-0500] {logging_mixin.py:117} INFO - [2022-10-11T20:26:50.910-0500] {dag.py:3324} INFO - Setting next_dagrun for tutorial_dag to None, run_after=None
[2022-10-11T20:26:50.944-0500] {processor.py:178} INFO - Processing /home/gabsiston/Documentos/projetos/airflow-data/venv/lib/python3.8/site-packages/airflow/example_dags/tutorial_dag.py took 0.132 seconds
[2022-10-11T20:27:26.143-0500] {processor.py:156} INFO - Started process (PID=9438) to work on /home/gabsiston/Documentos/projetos/airflow-data/venv/lib/python3.8/site-packages/airflow/example_dags/tutorial_dag.py
[2022-10-11T20:27:26.145-0500] {processor.py:758} INFO - Processing file /home/gabsiston/Documentos/projetos/airflow-data/venv/lib/python3.8/site-packages/airflow/example_dags/tutorial_dag.py for tasks to queue
[2022-10-11T20:27:26.145-0500] {logging_mixin.py:117} INFO - [2022-10-11T20:27:26.145-0500] {dagbag.py:525} INFO - Filling up the DagBag from /home/gabsiston/Documentos/projetos/airflow-data/venv/lib/python3.8/site-packages/airflow/example_dags/tutorial_dag.py
[2022-10-11T20:27:26.158-0500] {processor.py:768} INFO - DAG(s) dict_keys(['tutorial_dag']) retrieved from /home/gabsiston/Documentos/projetos/airflow-data/venv/lib/python3.8/site-packages/airflow/example_dags/tutorial_dag.py
[2022-10-11T20:27:26.177-0500] {logging_mixin.py:117} INFO - [2022-10-11T20:27:26.177-0500] {dag.py:2573} INFO - Sync 1 DAGs
[2022-10-11T20:27:26.193-0500] {logging_mixin.py:117} INFO - [2022-10-11T20:27:26.193-0500] {dag.py:3324} INFO - Setting next_dagrun for tutorial_dag to None, run_after=None
[2022-10-11T20:27:26.212-0500] {processor.py:178} INFO - Processing /home/gabsiston/Documentos/projetos/airflow-data/venv/lib/python3.8/site-packages/airflow/example_dags/tutorial_dag.py took 0.072 seconds
[2022-10-11T20:28:02.424-0500] {processor.py:156} INFO - Started process (PID=9630) to work on /home/gabsiston/Documentos/projetos/airflow-data/venv/lib/python3.8/site-packages/airflow/example_dags/tutorial_dag.py
[2022-10-11T20:28:02.427-0500] {processor.py:758} INFO - Processing file /home/gabsiston/Documentos/projetos/airflow-data/venv/lib/python3.8/site-packages/airflow/example_dags/tutorial_dag.py for tasks to queue
[2022-10-11T20:28:02.428-0500] {logging_mixin.py:117} INFO - [2022-10-11T20:28:02.428-0500] {dagbag.py:525} INFO - Filling up the DagBag from /home/gabsiston/Documentos/projetos/airflow-data/venv/lib/python3.8/site-packages/airflow/example_dags/tutorial_dag.py
[2022-10-11T20:28:02.466-0500] {processor.py:768} INFO - DAG(s) dict_keys(['tutorial_dag']) retrieved from /home/gabsiston/Documentos/projetos/airflow-data/venv/lib/python3.8/site-packages/airflow/example_dags/tutorial_dag.py
[2022-10-11T20:28:02.488-0500] {logging_mixin.py:117} INFO - [2022-10-11T20:28:02.488-0500] {dag.py:2573} INFO - Sync 1 DAGs
[2022-10-11T20:28:02.503-0500] {logging_mixin.py:117} INFO - [2022-10-11T20:28:02.503-0500] {dag.py:3324} INFO - Setting next_dagrun for tutorial_dag to None, run_after=None
[2022-10-11T20:28:02.524-0500] {processor.py:178} INFO - Processing /home/gabsiston/Documentos/projetos/airflow-data/venv/lib/python3.8/site-packages/airflow/example_dags/tutorial_dag.py took 0.103 seconds
[2022-10-11T20:28:39.614-0500] {processor.py:156} INFO - Started process (PID=10012) to work on /home/gabsiston/Documentos/projetos/airflow-data/venv/lib/python3.8/site-packages/airflow/example_dags/tutorial_dag.py
[2022-10-11T20:28:39.615-0500] {processor.py:758} INFO - Processing file /home/gabsiston/Documentos/projetos/airflow-data/venv/lib/python3.8/site-packages/airflow/example_dags/tutorial_dag.py for tasks to queue
[2022-10-11T20:28:39.616-0500] {logging_mixin.py:117} INFO - [2022-10-11T20:28:39.616-0500] {dagbag.py:525} INFO - Filling up the DagBag from /home/gabsiston/Documentos/projetos/airflow-data/venv/lib/python3.8/site-packages/airflow/example_dags/tutorial_dag.py
[2022-10-11T20:28:39.632-0500] {processor.py:768} INFO - DAG(s) dict_keys(['tutorial_dag']) retrieved from /home/gabsiston/Documentos/projetos/airflow-data/venv/lib/python3.8/site-packages/airflow/example_dags/tutorial_dag.py
[2022-10-11T20:28:39.665-0500] {logging_mixin.py:117} INFO - [2022-10-11T20:28:39.664-0500] {dag.py:2573} INFO - Sync 1 DAGs
[2022-10-11T20:28:39.685-0500] {logging_mixin.py:117} INFO - [2022-10-11T20:28:39.685-0500] {dag.py:3324} INFO - Setting next_dagrun for tutorial_dag to None, run_after=None
[2022-10-11T20:28:39.713-0500] {processor.py:178} INFO - Processing /home/gabsiston/Documentos/projetos/airflow-data/venv/lib/python3.8/site-packages/airflow/example_dags/tutorial_dag.py took 0.102 seconds
[2022-10-11T20:29:16.612-0500] {processor.py:156} INFO - Started process (PID=10254) to work on /home/gabsiston/Documentos/projetos/airflow-data/venv/lib/python3.8/site-packages/airflow/example_dags/tutorial_dag.py
[2022-10-11T20:29:16.614-0500] {processor.py:758} INFO - Processing file /home/gabsiston/Documentos/projetos/airflow-data/venv/lib/python3.8/site-packages/airflow/example_dags/tutorial_dag.py for tasks to queue
[2022-10-11T20:29:16.614-0500] {logging_mixin.py:117} INFO - [2022-10-11T20:29:16.614-0500] {dagbag.py:525} INFO - Filling up the DagBag from /home/gabsiston/Documentos/projetos/airflow-data/venv/lib/python3.8/site-packages/airflow/example_dags/tutorial_dag.py
[2022-10-11T20:29:16.627-0500] {processor.py:768} INFO - DAG(s) dict_keys(['tutorial_dag']) retrieved from /home/gabsiston/Documentos/projetos/airflow-data/venv/lib/python3.8/site-packages/airflow/example_dags/tutorial_dag.py
[2022-10-11T20:29:16.645-0500] {logging_mixin.py:117} INFO - [2022-10-11T20:29:16.645-0500] {dag.py:2573} INFO - Sync 1 DAGs
[2022-10-11T20:29:16.660-0500] {logging_mixin.py:117} INFO - [2022-10-11T20:29:16.660-0500] {dag.py:3324} INFO - Setting next_dagrun for tutorial_dag to None, run_after=None
[2022-10-11T20:29:16.681-0500] {processor.py:178} INFO - Processing /home/gabsiston/Documentos/projetos/airflow-data/venv/lib/python3.8/site-packages/airflow/example_dags/tutorial_dag.py took 0.072 seconds
[2022-10-11T20:29:53.914-0500] {processor.py:156} INFO - Started process (PID=10442) to work on /home/gabsiston/Documentos/projetos/airflow-data/venv/lib/python3.8/site-packages/airflow/example_dags/tutorial_dag.py
[2022-10-11T20:29:53.918-0500] {processor.py:758} INFO - Processing file /home/gabsiston/Documentos/projetos/airflow-data/venv/lib/python3.8/site-packages/airflow/example_dags/tutorial_dag.py for tasks to queue
[2022-10-11T20:29:53.919-0500] {logging_mixin.py:117} INFO - [2022-10-11T20:29:53.919-0500] {dagbag.py:525} INFO - Filling up the DagBag from /home/gabsiston/Documentos/projetos/airflow-data/venv/lib/python3.8/site-packages/airflow/example_dags/tutorial_dag.py
[2022-10-11T20:29:53.937-0500] {processor.py:768} INFO - DAG(s) dict_keys(['tutorial_dag']) retrieved from /home/gabsiston/Documentos/projetos/airflow-data/venv/lib/python3.8/site-packages/airflow/example_dags/tutorial_dag.py
[2022-10-11T20:29:53.957-0500] {logging_mixin.py:117} INFO - [2022-10-11T20:29:53.957-0500] {dag.py:2573} INFO - Sync 1 DAGs
[2022-10-11T20:29:53.974-0500] {logging_mixin.py:117} INFO - [2022-10-11T20:29:53.974-0500] {dag.py:3324} INFO - Setting next_dagrun for tutorial_dag to None, run_after=None
[2022-10-11T20:29:54.004-0500] {processor.py:178} INFO - Processing /home/gabsiston/Documentos/projetos/airflow-data/venv/lib/python3.8/site-packages/airflow/example_dags/tutorial_dag.py took 0.098 seconds
[2022-10-11T20:30:34.349-0500] {processor.py:156} INFO - Started process (PID=10710) to work on /home/gabsiston/Documentos/projetos/airflow-data/venv/lib/python3.8/site-packages/airflow/example_dags/tutorial_dag.py
[2022-10-11T20:30:34.352-0500] {processor.py:758} INFO - Processing file /home/gabsiston/Documentos/projetos/airflow-data/venv/lib/python3.8/site-packages/airflow/example_dags/tutorial_dag.py for tasks to queue
[2022-10-11T20:30:34.353-0500] {logging_mixin.py:117} INFO - [2022-10-11T20:30:34.352-0500] {dagbag.py:525} INFO - Filling up the DagBag from /home/gabsiston/Documentos/projetos/airflow-data/venv/lib/python3.8/site-packages/airflow/example_dags/tutorial_dag.py
[2022-10-11T20:30:34.375-0500] {processor.py:768} INFO - DAG(s) dict_keys(['tutorial_dag']) retrieved from /home/gabsiston/Documentos/projetos/airflow-data/venv/lib/python3.8/site-packages/airflow/example_dags/tutorial_dag.py
[2022-10-11T20:30:34.401-0500] {logging_mixin.py:117} INFO - [2022-10-11T20:30:34.400-0500] {dag.py:2573} INFO - Sync 1 DAGs
[2022-10-11T20:30:34.424-0500] {logging_mixin.py:117} INFO - [2022-10-11T20:30:34.424-0500] {dag.py:3324} INFO - Setting next_dagrun for tutorial_dag to None, run_after=None
[2022-10-11T20:30:34.452-0500] {processor.py:178} INFO - Processing /home/gabsiston/Documentos/projetos/airflow-data/venv/lib/python3.8/site-packages/airflow/example_dags/tutorial_dag.py took 0.107 seconds
[2022-10-11T20:31:12.141-0500] {processor.py:156} INFO - Started process (PID=10932) to work on /home/gabsiston/Documentos/projetos/airflow-data/venv/lib/python3.8/site-packages/airflow/example_dags/tutorial_dag.py
[2022-10-11T20:31:12.144-0500] {processor.py:758} INFO - Processing file /home/gabsiston/Documentos/projetos/airflow-data/venv/lib/python3.8/site-packages/airflow/example_dags/tutorial_dag.py for tasks to queue
[2022-10-11T20:31:12.144-0500] {logging_mixin.py:117} INFO - [2022-10-11T20:31:12.144-0500] {dagbag.py:525} INFO - Filling up the DagBag from /home/gabsiston/Documentos/projetos/airflow-data/venv/lib/python3.8/site-packages/airflow/example_dags/tutorial_dag.py
[2022-10-11T20:31:12.160-0500] {processor.py:768} INFO - DAG(s) dict_keys(['tutorial_dag']) retrieved from /home/gabsiston/Documentos/projetos/airflow-data/venv/lib/python3.8/site-packages/airflow/example_dags/tutorial_dag.py
[2022-10-11T20:31:12.182-0500] {logging_mixin.py:117} INFO - [2022-10-11T20:31:12.181-0500] {dag.py:2573} INFO - Sync 1 DAGs
[2022-10-11T20:31:12.199-0500] {logging_mixin.py:117} INFO - [2022-10-11T20:31:12.199-0500] {dag.py:3324} INFO - Setting next_dagrun for tutorial_dag to None, run_after=None
[2022-10-11T20:31:12.223-0500] {processor.py:178} INFO - Processing /home/gabsiston/Documentos/projetos/airflow-data/venv/lib/python3.8/site-packages/airflow/example_dags/tutorial_dag.py took 0.086 seconds
[2022-10-11T20:31:51.878-0500] {processor.py:156} INFO - Started process (PID=11327) to work on /home/gabsiston/Documentos/projetos/airflow-data/venv/lib/python3.8/site-packages/airflow/example_dags/tutorial_dag.py
[2022-10-11T20:31:51.881-0500] {processor.py:758} INFO - Processing file /home/gabsiston/Documentos/projetos/airflow-data/venv/lib/python3.8/site-packages/airflow/example_dags/tutorial_dag.py for tasks to queue
[2022-10-11T20:31:51.883-0500] {logging_mixin.py:117} INFO - [2022-10-11T20:31:51.883-0500] {dagbag.py:525} INFO - Filling up the DagBag from /home/gabsiston/Documentos/projetos/airflow-data/venv/lib/python3.8/site-packages/airflow/example_dags/tutorial_dag.py
[2022-10-11T20:31:51.903-0500] {processor.py:768} INFO - DAG(s) dict_keys(['tutorial_dag']) retrieved from /home/gabsiston/Documentos/projetos/airflow-data/venv/lib/python3.8/site-packages/airflow/example_dags/tutorial_dag.py
[2022-10-11T20:31:51.923-0500] {logging_mixin.py:117} INFO - [2022-10-11T20:31:51.923-0500] {dag.py:2573} INFO - Sync 1 DAGs
[2022-10-11T20:31:51.939-0500] {logging_mixin.py:117} INFO - [2022-10-11T20:31:51.939-0500] {dag.py:3324} INFO - Setting next_dagrun for tutorial_dag to None, run_after=None
[2022-10-11T20:31:51.971-0500] {processor.py:178} INFO - Processing /home/gabsiston/Documentos/projetos/airflow-data/venv/lib/python3.8/site-packages/airflow/example_dags/tutorial_dag.py took 0.102 seconds
[2022-10-11T20:32:28.933-0500] {processor.py:156} INFO - Started process (PID=11523) to work on /home/gabsiston/Documentos/projetos/airflow-data/venv/lib/python3.8/site-packages/airflow/example_dags/tutorial_dag.py
[2022-10-11T20:32:28.936-0500] {processor.py:758} INFO - Processing file /home/gabsiston/Documentos/projetos/airflow-data/venv/lib/python3.8/site-packages/airflow/example_dags/tutorial_dag.py for tasks to queue
[2022-10-11T20:32:28.937-0500] {logging_mixin.py:117} INFO - [2022-10-11T20:32:28.937-0500] {dagbag.py:525} INFO - Filling up the DagBag from /home/gabsiston/Documentos/projetos/airflow-data/venv/lib/python3.8/site-packages/airflow/example_dags/tutorial_dag.py
[2022-10-11T20:32:28.954-0500] {processor.py:768} INFO - DAG(s) dict_keys(['tutorial_dag']) retrieved from /home/gabsiston/Documentos/projetos/airflow-data/venv/lib/python3.8/site-packages/airflow/example_dags/tutorial_dag.py
[2022-10-11T20:32:28.974-0500] {logging_mixin.py:117} INFO - [2022-10-11T20:32:28.974-0500] {dag.py:2573} INFO - Sync 1 DAGs
[2022-10-11T20:32:28.990-0500] {logging_mixin.py:117} INFO - [2022-10-11T20:32:28.990-0500] {dag.py:3324} INFO - Setting next_dagrun for tutorial_dag to None, run_after=None
[2022-10-11T20:32:29.013-0500] {processor.py:178} INFO - Processing /home/gabsiston/Documentos/projetos/airflow-data/venv/lib/python3.8/site-packages/airflow/example_dags/tutorial_dag.py took 0.088 seconds
[2022-10-11T20:33:04.816-0500] {processor.py:156} INFO - Started process (PID=12016) to work on /home/gabsiston/Documentos/projetos/airflow-data/venv/lib/python3.8/site-packages/airflow/example_dags/tutorial_dag.py
[2022-10-11T20:33:04.819-0500] {processor.py:758} INFO - Processing file /home/gabsiston/Documentos/projetos/airflow-data/venv/lib/python3.8/site-packages/airflow/example_dags/tutorial_dag.py for tasks to queue
[2022-10-11T20:33:04.820-0500] {logging_mixin.py:117} INFO - [2022-10-11T20:33:04.820-0500] {dagbag.py:525} INFO - Filling up the DagBag from /home/gabsiston/Documentos/projetos/airflow-data/venv/lib/python3.8/site-packages/airflow/example_dags/tutorial_dag.py
[2022-10-11T20:33:04.841-0500] {processor.py:768} INFO - DAG(s) dict_keys(['tutorial_dag']) retrieved from /home/gabsiston/Documentos/projetos/airflow-data/venv/lib/python3.8/site-packages/airflow/example_dags/tutorial_dag.py
[2022-10-11T20:33:04.861-0500] {logging_mixin.py:117} INFO - [2022-10-11T20:33:04.861-0500] {dag.py:2573} INFO - Sync 1 DAGs
[2022-10-11T20:33:04.878-0500] {logging_mixin.py:117} INFO - [2022-10-11T20:33:04.878-0500] {dag.py:3324} INFO - Setting next_dagrun for tutorial_dag to None, run_after=None
[2022-10-11T20:33:04.899-0500] {processor.py:178} INFO - Processing /home/gabsiston/Documentos/projetos/airflow-data/venv/lib/python3.8/site-packages/airflow/example_dags/tutorial_dag.py took 0.087 seconds
[2022-10-11T20:33:41.808-0500] {processor.py:156} INFO - Started process (PID=12223) to work on /home/gabsiston/Documentos/projetos/airflow-data/venv/lib/python3.8/site-packages/airflow/example_dags/tutorial_dag.py
[2022-10-11T20:33:41.810-0500] {processor.py:758} INFO - Processing file /home/gabsiston/Documentos/projetos/airflow-data/venv/lib/python3.8/site-packages/airflow/example_dags/tutorial_dag.py for tasks to queue
[2022-10-11T20:33:41.810-0500] {logging_mixin.py:117} INFO - [2022-10-11T20:33:41.810-0500] {dagbag.py:525} INFO - Filling up the DagBag from /home/gabsiston/Documentos/projetos/airflow-data/venv/lib/python3.8/site-packages/airflow/example_dags/tutorial_dag.py
[2022-10-11T20:33:41.820-0500] {processor.py:768} INFO - DAG(s) dict_keys(['tutorial_dag']) retrieved from /home/gabsiston/Documentos/projetos/airflow-data/venv/lib/python3.8/site-packages/airflow/example_dags/tutorial_dag.py
[2022-10-11T20:33:41.836-0500] {logging_mixin.py:117} INFO - [2022-10-11T20:33:41.836-0500] {dag.py:2573} INFO - Sync 1 DAGs
[2022-10-11T20:33:41.850-0500] {logging_mixin.py:117} INFO - [2022-10-11T20:33:41.850-0500] {dag.py:3324} INFO - Setting next_dagrun for tutorial_dag to None, run_after=None
[2022-10-11T20:33:41.871-0500] {processor.py:178} INFO - Processing /home/gabsiston/Documentos/projetos/airflow-data/venv/lib/python3.8/site-packages/airflow/example_dags/tutorial_dag.py took 0.065 seconds
[2022-10-11T20:34:19.019-0500] {processor.py:156} INFO - Started process (PID=12405) to work on /home/gabsiston/Documentos/projetos/airflow-data/venv/lib/python3.8/site-packages/airflow/example_dags/tutorial_dag.py
[2022-10-11T20:34:19.021-0500] {processor.py:758} INFO - Processing file /home/gabsiston/Documentos/projetos/airflow-data/venv/lib/python3.8/site-packages/airflow/example_dags/tutorial_dag.py for tasks to queue
[2022-10-11T20:34:19.022-0500] {logging_mixin.py:117} INFO - [2022-10-11T20:34:19.022-0500] {dagbag.py:525} INFO - Filling up the DagBag from /home/gabsiston/Documentos/projetos/airflow-data/venv/lib/python3.8/site-packages/airflow/example_dags/tutorial_dag.py
[2022-10-11T20:34:19.035-0500] {processor.py:768} INFO - DAG(s) dict_keys(['tutorial_dag']) retrieved from /home/gabsiston/Documentos/projetos/airflow-data/venv/lib/python3.8/site-packages/airflow/example_dags/tutorial_dag.py
[2022-10-11T20:34:19.055-0500] {logging_mixin.py:117} INFO - [2022-10-11T20:34:19.055-0500] {dag.py:2573} INFO - Sync 1 DAGs
[2022-10-11T20:34:19.070-0500] {logging_mixin.py:117} INFO - [2022-10-11T20:34:19.070-0500] {dag.py:3324} INFO - Setting next_dagrun for tutorial_dag to None, run_after=None
[2022-10-11T20:34:19.100-0500] {processor.py:178} INFO - Processing /home/gabsiston/Documentos/projetos/airflow-data/venv/lib/python3.8/site-packages/airflow/example_dags/tutorial_dag.py took 0.083 seconds
[2022-10-11T20:34:58.958-0500] {processor.py:156} INFO - Started process (PID=12624) to work on /home/gabsiston/Documentos/projetos/airflow-data/venv/lib/python3.8/site-packages/airflow/example_dags/tutorial_dag.py
[2022-10-11T20:34:58.959-0500] {processor.py:758} INFO - Processing file /home/gabsiston/Documentos/projetos/airflow-data/venv/lib/python3.8/site-packages/airflow/example_dags/tutorial_dag.py for tasks to queue
[2022-10-11T20:34:58.960-0500] {logging_mixin.py:117} INFO - [2022-10-11T20:34:58.960-0500] {dagbag.py:525} INFO - Filling up the DagBag from /home/gabsiston/Documentos/projetos/airflow-data/venv/lib/python3.8/site-packages/airflow/example_dags/tutorial_dag.py
[2022-10-11T20:34:58.972-0500] {processor.py:768} INFO - DAG(s) dict_keys(['tutorial_dag']) retrieved from /home/gabsiston/Documentos/projetos/airflow-data/venv/lib/python3.8/site-packages/airflow/example_dags/tutorial_dag.py
[2022-10-11T20:34:58.989-0500] {logging_mixin.py:117} INFO - [2022-10-11T20:34:58.989-0500] {dag.py:2573} INFO - Sync 1 DAGs
[2022-10-11T20:34:59.003-0500] {logging_mixin.py:117} INFO - [2022-10-11T20:34:59.003-0500] {dag.py:3324} INFO - Setting next_dagrun for tutorial_dag to None, run_after=None
[2022-10-11T20:34:59.021-0500] {processor.py:178} INFO - Processing /home/gabsiston/Documentos/projetos/airflow-data/venv/lib/python3.8/site-packages/airflow/example_dags/tutorial_dag.py took 0.066 seconds
[2022-10-11T20:35:34.489-0500] {processor.py:156} INFO - Started process (PID=12868) to work on /home/gabsiston/Documentos/projetos/airflow-data/venv/lib/python3.8/site-packages/airflow/example_dags/tutorial_dag.py
[2022-10-11T20:35:34.491-0500] {processor.py:758} INFO - Processing file /home/gabsiston/Documentos/projetos/airflow-data/venv/lib/python3.8/site-packages/airflow/example_dags/tutorial_dag.py for tasks to queue
[2022-10-11T20:35:34.492-0500] {logging_mixin.py:117} INFO - [2022-10-11T20:35:34.492-0500] {dagbag.py:525} INFO - Filling up the DagBag from /home/gabsiston/Documentos/projetos/airflow-data/venv/lib/python3.8/site-packages/airflow/example_dags/tutorial_dag.py
[2022-10-11T20:35:34.508-0500] {processor.py:768} INFO - DAG(s) dict_keys(['tutorial_dag']) retrieved from /home/gabsiston/Documentos/projetos/airflow-data/venv/lib/python3.8/site-packages/airflow/example_dags/tutorial_dag.py
[2022-10-11T20:35:34.530-0500] {logging_mixin.py:117} INFO - [2022-10-11T20:35:34.530-0500] {dag.py:2573} INFO - Sync 1 DAGs
[2022-10-11T20:35:34.546-0500] {logging_mixin.py:117} INFO - [2022-10-11T20:35:34.546-0500] {dag.py:3324} INFO - Setting next_dagrun for tutorial_dag to None, run_after=None
[2022-10-11T20:35:34.569-0500] {processor.py:178} INFO - Processing /home/gabsiston/Documentos/projetos/airflow-data/venv/lib/python3.8/site-packages/airflow/example_dags/tutorial_dag.py took 0.082 seconds
[2022-10-11T20:36:14.846-0500] {processor.py:156} INFO - Started process (PID=13136) to work on /home/gabsiston/Documentos/projetos/airflow-data/venv/lib/python3.8/site-packages/airflow/example_dags/tutorial_dag.py
[2022-10-11T20:36:14.848-0500] {processor.py:758} INFO - Processing file /home/gabsiston/Documentos/projetos/airflow-data/venv/lib/python3.8/site-packages/airflow/example_dags/tutorial_dag.py for tasks to queue
[2022-10-11T20:36:14.849-0500] {logging_mixin.py:117} INFO - [2022-10-11T20:36:14.848-0500] {dagbag.py:525} INFO - Filling up the DagBag from /home/gabsiston/Documentos/projetos/airflow-data/venv/lib/python3.8/site-packages/airflow/example_dags/tutorial_dag.py
[2022-10-11T20:36:14.861-0500] {processor.py:768} INFO - DAG(s) dict_keys(['tutorial_dag']) retrieved from /home/gabsiston/Documentos/projetos/airflow-data/venv/lib/python3.8/site-packages/airflow/example_dags/tutorial_dag.py
[2022-10-11T20:36:14.879-0500] {logging_mixin.py:117} INFO - [2022-10-11T20:36:14.879-0500] {dag.py:2573} INFO - Sync 1 DAGs
[2022-10-11T20:36:14.893-0500] {logging_mixin.py:117} INFO - [2022-10-11T20:36:14.893-0500] {dag.py:3324} INFO - Setting next_dagrun for tutorial_dag to None, run_after=None
[2022-10-11T20:36:14.913-0500] {processor.py:178} INFO - Processing /home/gabsiston/Documentos/projetos/airflow-data/venv/lib/python3.8/site-packages/airflow/example_dags/tutorial_dag.py took 0.069 seconds
[2022-10-11T20:36:58.975-0500] {processor.py:156} INFO - Started process (PID=13523) to work on /home/gabsiston/Documentos/projetos/airflow-data/venv/lib/python3.8/site-packages/airflow/example_dags/tutorial_dag.py
[2022-10-11T20:36:58.977-0500] {processor.py:758} INFO - Processing file /home/gabsiston/Documentos/projetos/airflow-data/venv/lib/python3.8/site-packages/airflow/example_dags/tutorial_dag.py for tasks to queue
[2022-10-11T20:36:58.978-0500] {logging_mixin.py:117} INFO - [2022-10-11T20:36:58.978-0500] {dagbag.py:525} INFO - Filling up the DagBag from /home/gabsiston/Documentos/projetos/airflow-data/venv/lib/python3.8/site-packages/airflow/example_dags/tutorial_dag.py
[2022-10-11T20:36:58.993-0500] {processor.py:768} INFO - DAG(s) dict_keys(['tutorial_dag']) retrieved from /home/gabsiston/Documentos/projetos/airflow-data/venv/lib/python3.8/site-packages/airflow/example_dags/tutorial_dag.py
[2022-10-11T20:36:59.013-0500] {logging_mixin.py:117} INFO - [2022-10-11T20:36:59.013-0500] {dag.py:2573} INFO - Sync 1 DAGs
[2022-10-11T20:36:59.030-0500] {logging_mixin.py:117} INFO - [2022-10-11T20:36:59.030-0500] {dag.py:3324} INFO - Setting next_dagrun for tutorial_dag to None, run_after=None
[2022-10-11T20:36:59.058-0500] {processor.py:178} INFO - Processing /home/gabsiston/Documentos/projetos/airflow-data/venv/lib/python3.8/site-packages/airflow/example_dags/tutorial_dag.py took 0.087 seconds
