[2022-10-11T20:25:26.422-0500] {processor.py:156} INFO - Started process (PID=7837) to work on /home/gabsiston/Documentos/projetos/airflow-data/venv/lib/python3.8/site-packages/airflow/example_dags/tutorial.py
[2022-10-11T20:25:26.423-0500] {processor.py:758} INFO - Processing file /home/gabsiston/Documentos/projetos/airflow-data/venv/lib/python3.8/site-packages/airflow/example_dags/tutorial.py for tasks to queue
[2022-10-11T20:25:26.423-0500] {logging_mixin.py:117} INFO - [2022-10-11T20:25:26.423-0500] {dagbag.py:525} INFO - Filling up the DagBag from /home/gabsiston/Documentos/projetos/airflow-data/venv/lib/python3.8/site-packages/airflow/example_dags/tutorial.py
[2022-10-11T20:25:26.434-0500] {processor.py:768} INFO - DAG(s) dict_keys(['tutorial']) retrieved from /home/gabsiston/Documentos/projetos/airflow-data/venv/lib/python3.8/site-packages/airflow/example_dags/tutorial.py
[2022-10-11T20:25:26.532-0500] {logging_mixin.py:117} INFO - [2022-10-11T20:25:26.531-0500] {manager.py:507} INFO - Created Permission View: can read on DAG:tutorial
[2022-10-11T20:25:26.544-0500] {logging_mixin.py:117} INFO - [2022-10-11T20:25:26.544-0500] {manager.py:507} INFO - Created Permission View: can edit on DAG:tutorial
[2022-10-11T20:25:26.555-0500] {logging_mixin.py:117} INFO - [2022-10-11T20:25:26.555-0500] {manager.py:507} INFO - Created Permission View: can delete on DAG:tutorial
[2022-10-11T20:25:26.555-0500] {logging_mixin.py:117} INFO - [2022-10-11T20:25:26.555-0500] {dag.py:2573} INFO - Sync 1 DAGs
[2022-10-11T20:25:26.564-0500] {logging_mixin.py:117} INFO - [2022-10-11T20:25:26.564-0500] {dag.py:2594} INFO - Creating ORM DAG for tutorial
[2022-10-11T20:25:26.571-0500] {logging_mixin.py:117} INFO - [2022-10-11T20:25:26.571-0500] {dag.py:3324} INFO - Setting next_dagrun for tutorial to 2022-10-11T01:25:26.571140+00:00, run_after=2022-10-12T01:25:26.571140+00:00
[2022-10-11T20:25:26.591-0500] {processor.py:178} INFO - Processing /home/gabsiston/Documentos/projetos/airflow-data/venv/lib/python3.8/site-packages/airflow/example_dags/tutorial.py took 0.171 seconds
[2022-10-11T20:26:07.342-0500] {processor.py:156} INFO - Started process (PID=8266) to work on /home/gabsiston/Documentos/projetos/airflow-data/venv/lib/python3.8/site-packages/airflow/example_dags/tutorial.py
[2022-10-11T20:26:07.344-0500] {processor.py:758} INFO - Processing file /home/gabsiston/Documentos/projetos/airflow-data/venv/lib/python3.8/site-packages/airflow/example_dags/tutorial.py for tasks to queue
[2022-10-11T20:26:07.344-0500] {logging_mixin.py:117} INFO - [2022-10-11T20:26:07.344-0500] {dagbag.py:525} INFO - Filling up the DagBag from /home/gabsiston/Documentos/projetos/airflow-data/venv/lib/python3.8/site-packages/airflow/example_dags/tutorial.py
[2022-10-11T20:26:07.360-0500] {processor.py:768} INFO - DAG(s) dict_keys(['tutorial']) retrieved from /home/gabsiston/Documentos/projetos/airflow-data/venv/lib/python3.8/site-packages/airflow/example_dags/tutorial.py
[2022-10-11T20:26:07.384-0500] {logging_mixin.py:117} INFO - [2022-10-11T20:26:07.383-0500] {dag.py:2573} INFO - Sync 1 DAGs
[2022-10-11T20:26:07.405-0500] {logging_mixin.py:117} INFO - [2022-10-11T20:26:07.405-0500] {dag.py:3324} INFO - Setting next_dagrun for tutorial to 2022-10-11T01:26:07.405144+00:00, run_after=2022-10-12T01:26:07.405144+00:00
[2022-10-11T20:26:07.431-0500] {processor.py:178} INFO - Processing /home/gabsiston/Documentos/projetos/airflow-data/venv/lib/python3.8/site-packages/airflow/example_dags/tutorial.py took 0.092 seconds
[2022-10-11T20:26:42.794-0500] {processor.py:156} INFO - Started process (PID=8738) to work on /home/gabsiston/Documentos/projetos/airflow-data/venv/lib/python3.8/site-packages/airflow/example_dags/tutorial.py
[2022-10-11T20:26:42.795-0500] {processor.py:758} INFO - Processing file /home/gabsiston/Documentos/projetos/airflow-data/venv/lib/python3.8/site-packages/airflow/example_dags/tutorial.py for tasks to queue
[2022-10-11T20:26:42.795-0500] {logging_mixin.py:117} INFO - [2022-10-11T20:26:42.795-0500] {dagbag.py:525} INFO - Filling up the DagBag from /home/gabsiston/Documentos/projetos/airflow-data/venv/lib/python3.8/site-packages/airflow/example_dags/tutorial.py
[2022-10-11T20:26:42.806-0500] {processor.py:768} INFO - DAG(s) dict_keys(['tutorial']) retrieved from /home/gabsiston/Documentos/projetos/airflow-data/venv/lib/python3.8/site-packages/airflow/example_dags/tutorial.py
[2022-10-11T20:26:42.824-0500] {logging_mixin.py:117} INFO - [2022-10-11T20:26:42.823-0500] {dag.py:2573} INFO - Sync 1 DAGs
[2022-10-11T20:26:42.838-0500] {logging_mixin.py:117} INFO - [2022-10-11T20:26:42.838-0500] {dag.py:3324} INFO - Setting next_dagrun for tutorial to 2022-10-11T01:26:42.838045+00:00, run_after=2022-10-12T01:26:42.838045+00:00
[2022-10-11T20:26:42.857-0500] {processor.py:178} INFO - Processing /home/gabsiston/Documentos/projetos/airflow-data/venv/lib/python3.8/site-packages/airflow/example_dags/tutorial.py took 0.065 seconds
[2022-10-11T20:27:17.824-0500] {processor.py:156} INFO - Started process (PID=9385) to work on /home/gabsiston/Documentos/projetos/airflow-data/venv/lib/python3.8/site-packages/airflow/example_dags/tutorial.py
[2022-10-11T20:27:17.824-0500] {processor.py:758} INFO - Processing file /home/gabsiston/Documentos/projetos/airflow-data/venv/lib/python3.8/site-packages/airflow/example_dags/tutorial.py for tasks to queue
[2022-10-11T20:27:17.825-0500] {logging_mixin.py:117} INFO - [2022-10-11T20:27:17.825-0500] {dagbag.py:525} INFO - Filling up the DagBag from /home/gabsiston/Documentos/projetos/airflow-data/venv/lib/python3.8/site-packages/airflow/example_dags/tutorial.py
[2022-10-11T20:27:17.837-0500] {processor.py:768} INFO - DAG(s) dict_keys(['tutorial']) retrieved from /home/gabsiston/Documentos/projetos/airflow-data/venv/lib/python3.8/site-packages/airflow/example_dags/tutorial.py
[2022-10-11T20:27:17.856-0500] {logging_mixin.py:117} INFO - [2022-10-11T20:27:17.856-0500] {dag.py:2573} INFO - Sync 1 DAGs
[2022-10-11T20:27:17.873-0500] {logging_mixin.py:117} INFO - [2022-10-11T20:27:17.873-0500] {dag.py:3324} INFO - Setting next_dagrun for tutorial to 2022-10-11T01:27:17.873320+00:00, run_after=2022-10-12T01:27:17.873320+00:00
[2022-10-11T20:27:17.911-0500] {processor.py:178} INFO - Processing /home/gabsiston/Documentos/projetos/airflow-data/venv/lib/python3.8/site-packages/airflow/example_dags/tutorial.py took 0.090 seconds
[2022-10-11T20:27:54.429-0500] {processor.py:156} INFO - Started process (PID=9591) to work on /home/gabsiston/Documentos/projetos/airflow-data/venv/lib/python3.8/site-packages/airflow/example_dags/tutorial.py
[2022-10-11T20:27:54.431-0500] {processor.py:758} INFO - Processing file /home/gabsiston/Documentos/projetos/airflow-data/venv/lib/python3.8/site-packages/airflow/example_dags/tutorial.py for tasks to queue
[2022-10-11T20:27:54.431-0500] {logging_mixin.py:117} INFO - [2022-10-11T20:27:54.431-0500] {dagbag.py:525} INFO - Filling up the DagBag from /home/gabsiston/Documentos/projetos/airflow-data/venv/lib/python3.8/site-packages/airflow/example_dags/tutorial.py
[2022-10-11T20:27:54.449-0500] {processor.py:768} INFO - DAG(s) dict_keys(['tutorial']) retrieved from /home/gabsiston/Documentos/projetos/airflow-data/venv/lib/python3.8/site-packages/airflow/example_dags/tutorial.py
[2022-10-11T20:27:54.472-0500] {logging_mixin.py:117} INFO - [2022-10-11T20:27:54.472-0500] {dag.py:2573} INFO - Sync 1 DAGs
[2022-10-11T20:27:54.489-0500] {logging_mixin.py:117} INFO - [2022-10-11T20:27:54.488-0500] {dag.py:3324} INFO - Setting next_dagrun for tutorial to 2022-10-11T01:27:54.488682+00:00, run_after=2022-10-12T01:27:54.488682+00:00
[2022-10-11T20:27:54.511-0500] {processor.py:178} INFO - Processing /home/gabsiston/Documentos/projetos/airflow-data/venv/lib/python3.8/site-packages/airflow/example_dags/tutorial.py took 0.084 seconds
[2022-10-11T20:28:30.907-0500] {processor.py:156} INFO - Started process (PID=9918) to work on /home/gabsiston/Documentos/projetos/airflow-data/venv/lib/python3.8/site-packages/airflow/example_dags/tutorial.py
[2022-10-11T20:28:30.909-0500] {processor.py:758} INFO - Processing file /home/gabsiston/Documentos/projetos/airflow-data/venv/lib/python3.8/site-packages/airflow/example_dags/tutorial.py for tasks to queue
[2022-10-11T20:28:30.910-0500] {logging_mixin.py:117} INFO - [2022-10-11T20:28:30.910-0500] {dagbag.py:525} INFO - Filling up the DagBag from /home/gabsiston/Documentos/projetos/airflow-data/venv/lib/python3.8/site-packages/airflow/example_dags/tutorial.py
[2022-10-11T20:28:30.925-0500] {processor.py:768} INFO - DAG(s) dict_keys(['tutorial']) retrieved from /home/gabsiston/Documentos/projetos/airflow-data/venv/lib/python3.8/site-packages/airflow/example_dags/tutorial.py
[2022-10-11T20:28:30.945-0500] {logging_mixin.py:117} INFO - [2022-10-11T20:28:30.945-0500] {dag.py:2573} INFO - Sync 1 DAGs
[2022-10-11T20:28:30.961-0500] {logging_mixin.py:117} INFO - [2022-10-11T20:28:30.961-0500] {dag.py:3324} INFO - Setting next_dagrun for tutorial to 2022-10-11T01:28:30.961384+00:00, run_after=2022-10-12T01:28:30.961384+00:00
[2022-10-11T20:28:30.984-0500] {processor.py:178} INFO - Processing /home/gabsiston/Documentos/projetos/airflow-data/venv/lib/python3.8/site-packages/airflow/example_dags/tutorial.py took 0.080 seconds
[2022-10-11T20:29:08.733-0500] {processor.py:156} INFO - Started process (PID=10210) to work on /home/gabsiston/Documentos/projetos/airflow-data/venv/lib/python3.8/site-packages/airflow/example_dags/tutorial.py
[2022-10-11T20:29:08.736-0500] {processor.py:758} INFO - Processing file /home/gabsiston/Documentos/projetos/airflow-data/venv/lib/python3.8/site-packages/airflow/example_dags/tutorial.py for tasks to queue
[2022-10-11T20:29:08.738-0500] {logging_mixin.py:117} INFO - [2022-10-11T20:29:08.737-0500] {dagbag.py:525} INFO - Filling up the DagBag from /home/gabsiston/Documentos/projetos/airflow-data/venv/lib/python3.8/site-packages/airflow/example_dags/tutorial.py
[2022-10-11T20:29:08.758-0500] {processor.py:768} INFO - DAG(s) dict_keys(['tutorial']) retrieved from /home/gabsiston/Documentos/projetos/airflow-data/venv/lib/python3.8/site-packages/airflow/example_dags/tutorial.py
[2022-10-11T20:29:08.778-0500] {logging_mixin.py:117} INFO - [2022-10-11T20:29:08.778-0500] {dag.py:2573} INFO - Sync 1 DAGs
[2022-10-11T20:29:08.794-0500] {logging_mixin.py:117} INFO - [2022-10-11T20:29:08.794-0500] {dag.py:3324} INFO - Setting next_dagrun for tutorial to 2022-10-11T01:29:08.794370+00:00, run_after=2022-10-12T01:29:08.794370+00:00
[2022-10-11T20:29:08.823-0500] {processor.py:178} INFO - Processing /home/gabsiston/Documentos/projetos/airflow-data/venv/lib/python3.8/site-packages/airflow/example_dags/tutorial.py took 0.098 seconds
[2022-10-11T20:29:45.675-0500] {processor.py:156} INFO - Started process (PID=10400) to work on /home/gabsiston/Documentos/projetos/airflow-data/venv/lib/python3.8/site-packages/airflow/example_dags/tutorial.py
[2022-10-11T20:29:45.679-0500] {processor.py:758} INFO - Processing file /home/gabsiston/Documentos/projetos/airflow-data/venv/lib/python3.8/site-packages/airflow/example_dags/tutorial.py for tasks to queue
[2022-10-11T20:29:45.681-0500] {logging_mixin.py:117} INFO - [2022-10-11T20:29:45.681-0500] {dagbag.py:525} INFO - Filling up the DagBag from /home/gabsiston/Documentos/projetos/airflow-data/venv/lib/python3.8/site-packages/airflow/example_dags/tutorial.py
[2022-10-11T20:29:45.703-0500] {processor.py:768} INFO - DAG(s) dict_keys(['tutorial']) retrieved from /home/gabsiston/Documentos/projetos/airflow-data/venv/lib/python3.8/site-packages/airflow/example_dags/tutorial.py
[2022-10-11T20:29:45.723-0500] {logging_mixin.py:117} INFO - [2022-10-11T20:29:45.723-0500] {dag.py:2573} INFO - Sync 1 DAGs
[2022-10-11T20:29:45.740-0500] {logging_mixin.py:117} INFO - [2022-10-11T20:29:45.740-0500] {dag.py:3324} INFO - Setting next_dagrun for tutorial to 2022-10-11T01:29:45.740355+00:00, run_after=2022-10-12T01:29:45.740355+00:00
[2022-10-11T20:29:45.762-0500] {processor.py:178} INFO - Processing /home/gabsiston/Documentos/projetos/airflow-data/venv/lib/python3.8/site-packages/airflow/example_dags/tutorial.py took 0.095 seconds
[2022-10-11T20:30:22.955-0500] {processor.py:156} INFO - Started process (PID=10646) to work on /home/gabsiston/Documentos/projetos/airflow-data/venv/lib/python3.8/site-packages/airflow/example_dags/tutorial.py
[2022-10-11T20:30:22.957-0500] {processor.py:758} INFO - Processing file /home/gabsiston/Documentos/projetos/airflow-data/venv/lib/python3.8/site-packages/airflow/example_dags/tutorial.py for tasks to queue
[2022-10-11T20:30:22.958-0500] {logging_mixin.py:117} INFO - [2022-10-11T20:30:22.957-0500] {dagbag.py:525} INFO - Filling up the DagBag from /home/gabsiston/Documentos/projetos/airflow-data/venv/lib/python3.8/site-packages/airflow/example_dags/tutorial.py
[2022-10-11T20:30:22.972-0500] {processor.py:768} INFO - DAG(s) dict_keys(['tutorial']) retrieved from /home/gabsiston/Documentos/projetos/airflow-data/venv/lib/python3.8/site-packages/airflow/example_dags/tutorial.py
[2022-10-11T20:30:22.994-0500] {logging_mixin.py:117} INFO - [2022-10-11T20:30:22.994-0500] {dag.py:2573} INFO - Sync 1 DAGs
[2022-10-11T20:30:23.010-0500] {logging_mixin.py:117} INFO - [2022-10-11T20:30:23.010-0500] {dag.py:3324} INFO - Setting next_dagrun for tutorial to 2022-10-11T01:30:23.010333+00:00, run_after=2022-10-12T01:30:23.010333+00:00
[2022-10-11T20:30:23.054-0500] {processor.py:178} INFO - Processing /home/gabsiston/Documentos/projetos/airflow-data/venv/lib/python3.8/site-packages/airflow/example_dags/tutorial.py took 0.103 seconds
[2022-10-11T20:30:58.863-0500] {processor.py:156} INFO - Started process (PID=10856) to work on /home/gabsiston/Documentos/projetos/airflow-data/venv/lib/python3.8/site-packages/airflow/example_dags/tutorial.py
[2022-10-11T20:30:58.866-0500] {processor.py:758} INFO - Processing file /home/gabsiston/Documentos/projetos/airflow-data/venv/lib/python3.8/site-packages/airflow/example_dags/tutorial.py for tasks to queue
[2022-10-11T20:30:58.866-0500] {logging_mixin.py:117} INFO - [2022-10-11T20:30:58.866-0500] {dagbag.py:525} INFO - Filling up the DagBag from /home/gabsiston/Documentos/projetos/airflow-data/venv/lib/python3.8/site-packages/airflow/example_dags/tutorial.py
[2022-10-11T20:30:58.881-0500] {processor.py:768} INFO - DAG(s) dict_keys(['tutorial']) retrieved from /home/gabsiston/Documentos/projetos/airflow-data/venv/lib/python3.8/site-packages/airflow/example_dags/tutorial.py
[2022-10-11T20:30:58.903-0500] {logging_mixin.py:117} INFO - [2022-10-11T20:30:58.902-0500] {dag.py:2573} INFO - Sync 1 DAGs
[2022-10-11T20:30:58.918-0500] {logging_mixin.py:117} INFO - [2022-10-11T20:30:58.918-0500] {dag.py:3324} INFO - Setting next_dagrun for tutorial to 2022-10-11T01:30:58.918459+00:00, run_after=2022-10-12T01:30:58.918459+00:00
[2022-10-11T20:30:58.940-0500] {processor.py:178} INFO - Processing /home/gabsiston/Documentos/projetos/airflow-data/venv/lib/python3.8/site-packages/airflow/example_dags/tutorial.py took 0.079 seconds
[2022-10-11T20:31:38.040-0500] {processor.py:156} INFO - Started process (PID=11198) to work on /home/gabsiston/Documentos/projetos/airflow-data/venv/lib/python3.8/site-packages/airflow/example_dags/tutorial.py
[2022-10-11T20:31:38.042-0500] {processor.py:758} INFO - Processing file /home/gabsiston/Documentos/projetos/airflow-data/venv/lib/python3.8/site-packages/airflow/example_dags/tutorial.py for tasks to queue
[2022-10-11T20:31:38.043-0500] {logging_mixin.py:117} INFO - [2022-10-11T20:31:38.043-0500] {dagbag.py:525} INFO - Filling up the DagBag from /home/gabsiston/Documentos/projetos/airflow-data/venv/lib/python3.8/site-packages/airflow/example_dags/tutorial.py
[2022-10-11T20:31:38.061-0500] {processor.py:768} INFO - DAG(s) dict_keys(['tutorial']) retrieved from /home/gabsiston/Documentos/projetos/airflow-data/venv/lib/python3.8/site-packages/airflow/example_dags/tutorial.py
[2022-10-11T20:31:38.083-0500] {logging_mixin.py:117} INFO - [2022-10-11T20:31:38.083-0500] {dag.py:2573} INFO - Sync 1 DAGs
[2022-10-11T20:31:38.102-0500] {logging_mixin.py:117} INFO - [2022-10-11T20:31:38.102-0500] {dag.py:3324} INFO - Setting next_dagrun for tutorial to 2022-10-11T01:31:38.102509+00:00, run_after=2022-10-12T01:31:38.102509+00:00
[2022-10-11T20:31:38.134-0500] {processor.py:178} INFO - Processing /home/gabsiston/Documentos/projetos/airflow-data/venv/lib/python3.8/site-packages/airflow/example_dags/tutorial.py took 0.097 seconds
[2022-10-11T20:32:16.412-0500] {processor.py:156} INFO - Started process (PID=11450) to work on /home/gabsiston/Documentos/projetos/airflow-data/venv/lib/python3.8/site-packages/airflow/example_dags/tutorial.py
[2022-10-11T20:32:16.413-0500] {processor.py:758} INFO - Processing file /home/gabsiston/Documentos/projetos/airflow-data/venv/lib/python3.8/site-packages/airflow/example_dags/tutorial.py for tasks to queue
[2022-10-11T20:32:16.413-0500] {logging_mixin.py:117} INFO - [2022-10-11T20:32:16.413-0500] {dagbag.py:525} INFO - Filling up the DagBag from /home/gabsiston/Documentos/projetos/airflow-data/venv/lib/python3.8/site-packages/airflow/example_dags/tutorial.py
[2022-10-11T20:32:16.424-0500] {processor.py:768} INFO - DAG(s) dict_keys(['tutorial']) retrieved from /home/gabsiston/Documentos/projetos/airflow-data/venv/lib/python3.8/site-packages/airflow/example_dags/tutorial.py
[2022-10-11T20:32:16.440-0500] {logging_mixin.py:117} INFO - [2022-10-11T20:32:16.440-0500] {dag.py:2573} INFO - Sync 1 DAGs
[2022-10-11T20:32:16.454-0500] {logging_mixin.py:117} INFO - [2022-10-11T20:32:16.453-0500] {dag.py:3324} INFO - Setting next_dagrun for tutorial to 2022-10-11T01:32:16.453787+00:00, run_after=2022-10-12T01:32:16.453787+00:00
[2022-10-11T20:32:16.473-0500] {processor.py:178} INFO - Processing /home/gabsiston/Documentos/projetos/airflow-data/venv/lib/python3.8/site-packages/airflow/example_dags/tutorial.py took 0.063 seconds
[2022-10-11T20:32:52.065-0500] {processor.py:156} INFO - Started process (PID=11849) to work on /home/gabsiston/Documentos/projetos/airflow-data/venv/lib/python3.8/site-packages/airflow/example_dags/tutorial.py
[2022-10-11T20:32:52.067-0500] {processor.py:758} INFO - Processing file /home/gabsiston/Documentos/projetos/airflow-data/venv/lib/python3.8/site-packages/airflow/example_dags/tutorial.py for tasks to queue
[2022-10-11T20:32:52.068-0500] {logging_mixin.py:117} INFO - [2022-10-11T20:32:52.068-0500] {dagbag.py:525} INFO - Filling up the DagBag from /home/gabsiston/Documentos/projetos/airflow-data/venv/lib/python3.8/site-packages/airflow/example_dags/tutorial.py
[2022-10-11T20:32:52.082-0500] {processor.py:768} INFO - DAG(s) dict_keys(['tutorial']) retrieved from /home/gabsiston/Documentos/projetos/airflow-data/venv/lib/python3.8/site-packages/airflow/example_dags/tutorial.py
[2022-10-11T20:32:52.103-0500] {logging_mixin.py:117} INFO - [2022-10-11T20:32:52.103-0500] {dag.py:2573} INFO - Sync 1 DAGs
[2022-10-11T20:32:52.120-0500] {logging_mixin.py:117} INFO - [2022-10-11T20:32:52.120-0500] {dag.py:3324} INFO - Setting next_dagrun for tutorial to 2022-10-11T01:32:52.120117+00:00, run_after=2022-10-12T01:32:52.120117+00:00
[2022-10-11T20:32:52.141-0500] {processor.py:178} INFO - Processing /home/gabsiston/Documentos/projetos/airflow-data/venv/lib/python3.8/site-packages/airflow/example_dags/tutorial.py took 0.079 seconds
[2022-10-11T20:33:26.679-0500] {processor.py:156} INFO - Started process (PID=12145) to work on /home/gabsiston/Documentos/projetos/airflow-data/venv/lib/python3.8/site-packages/airflow/example_dags/tutorial.py
[2022-10-11T20:33:26.681-0500] {processor.py:758} INFO - Processing file /home/gabsiston/Documentos/projetos/airflow-data/venv/lib/python3.8/site-packages/airflow/example_dags/tutorial.py for tasks to queue
[2022-10-11T20:33:26.682-0500] {logging_mixin.py:117} INFO - [2022-10-11T20:33:26.682-0500] {dagbag.py:525} INFO - Filling up the DagBag from /home/gabsiston/Documentos/projetos/airflow-data/venv/lib/python3.8/site-packages/airflow/example_dags/tutorial.py
[2022-10-11T20:33:26.694-0500] {processor.py:768} INFO - DAG(s) dict_keys(['tutorial']) retrieved from /home/gabsiston/Documentos/projetos/airflow-data/venv/lib/python3.8/site-packages/airflow/example_dags/tutorial.py
[2022-10-11T20:33:26.714-0500] {logging_mixin.py:117} INFO - [2022-10-11T20:33:26.713-0500] {dag.py:2573} INFO - Sync 1 DAGs
[2022-10-11T20:33:26.729-0500] {logging_mixin.py:117} INFO - [2022-10-11T20:33:26.729-0500] {dag.py:3324} INFO - Setting next_dagrun for tutorial to 2022-10-11T01:33:26.729576+00:00, run_after=2022-10-12T01:33:26.729576+00:00
[2022-10-11T20:33:26.750-0500] {processor.py:178} INFO - Processing /home/gabsiston/Documentos/projetos/airflow-data/venv/lib/python3.8/site-packages/airflow/example_dags/tutorial.py took 0.073 seconds
[2022-10-11T20:34:02.125-0500] {processor.py:156} INFO - Started process (PID=12320) to work on /home/gabsiston/Documentos/projetos/airflow-data/venv/lib/python3.8/site-packages/airflow/example_dags/tutorial.py
[2022-10-11T20:34:02.128-0500] {processor.py:758} INFO - Processing file /home/gabsiston/Documentos/projetos/airflow-data/venv/lib/python3.8/site-packages/airflow/example_dags/tutorial.py for tasks to queue
[2022-10-11T20:34:02.129-0500] {logging_mixin.py:117} INFO - [2022-10-11T20:34:02.129-0500] {dagbag.py:525} INFO - Filling up the DagBag from /home/gabsiston/Documentos/projetos/airflow-data/venv/lib/python3.8/site-packages/airflow/example_dags/tutorial.py
[2022-10-11T20:34:02.150-0500] {processor.py:768} INFO - DAG(s) dict_keys(['tutorial']) retrieved from /home/gabsiston/Documentos/projetos/airflow-data/venv/lib/python3.8/site-packages/airflow/example_dags/tutorial.py
[2022-10-11T20:34:02.175-0500] {logging_mixin.py:117} INFO - [2022-10-11T20:34:02.175-0500] {dag.py:2573} INFO - Sync 1 DAGs
[2022-10-11T20:34:02.195-0500] {logging_mixin.py:117} INFO - [2022-10-11T20:34:02.195-0500] {dag.py:3324} INFO - Setting next_dagrun for tutorial to 2022-10-11T01:34:02.195218+00:00, run_after=2022-10-12T01:34:02.195218+00:00
[2022-10-11T20:34:02.217-0500] {processor.py:178} INFO - Processing /home/gabsiston/Documentos/projetos/airflow-data/venv/lib/python3.8/site-packages/airflow/example_dags/tutorial.py took 0.101 seconds
[2022-10-11T20:34:37.712-0500] {processor.py:156} INFO - Started process (PID=12501) to work on /home/gabsiston/Documentos/projetos/airflow-data/venv/lib/python3.8/site-packages/airflow/example_dags/tutorial.py
[2022-10-11T20:34:37.713-0500] {processor.py:758} INFO - Processing file /home/gabsiston/Documentos/projetos/airflow-data/venv/lib/python3.8/site-packages/airflow/example_dags/tutorial.py for tasks to queue
[2022-10-11T20:34:37.714-0500] {logging_mixin.py:117} INFO - [2022-10-11T20:34:37.714-0500] {dagbag.py:525} INFO - Filling up the DagBag from /home/gabsiston/Documentos/projetos/airflow-data/venv/lib/python3.8/site-packages/airflow/example_dags/tutorial.py
[2022-10-11T20:34:37.729-0500] {processor.py:768} INFO - DAG(s) dict_keys(['tutorial']) retrieved from /home/gabsiston/Documentos/projetos/airflow-data/venv/lib/python3.8/site-packages/airflow/example_dags/tutorial.py
[2022-10-11T20:34:37.751-0500] {logging_mixin.py:117} INFO - [2022-10-11T20:34:37.751-0500] {dag.py:2573} INFO - Sync 1 DAGs
[2022-10-11T20:34:37.769-0500] {logging_mixin.py:117} INFO - [2022-10-11T20:34:37.769-0500] {dag.py:3324} INFO - Setting next_dagrun for tutorial to 2022-10-11T01:34:37.769583+00:00, run_after=2022-10-12T01:34:37.769583+00:00
[2022-10-11T20:34:37.792-0500] {processor.py:178} INFO - Processing /home/gabsiston/Documentos/projetos/airflow-data/venv/lib/python3.8/site-packages/airflow/example_dags/tutorial.py took 0.083 seconds
[2022-10-11T20:35:16.307-0500] {processor.py:156} INFO - Started process (PID=12767) to work on /home/gabsiston/Documentos/projetos/airflow-data/venv/lib/python3.8/site-packages/airflow/example_dags/tutorial.py
[2022-10-11T20:35:16.308-0500] {processor.py:758} INFO - Processing file /home/gabsiston/Documentos/projetos/airflow-data/venv/lib/python3.8/site-packages/airflow/example_dags/tutorial.py for tasks to queue
[2022-10-11T20:35:16.308-0500] {logging_mixin.py:117} INFO - [2022-10-11T20:35:16.308-0500] {dagbag.py:525} INFO - Filling up the DagBag from /home/gabsiston/Documentos/projetos/airflow-data/venv/lib/python3.8/site-packages/airflow/example_dags/tutorial.py
[2022-10-11T20:35:16.324-0500] {processor.py:768} INFO - DAG(s) dict_keys(['tutorial']) retrieved from /home/gabsiston/Documentos/projetos/airflow-data/venv/lib/python3.8/site-packages/airflow/example_dags/tutorial.py
[2022-10-11T20:35:16.347-0500] {logging_mixin.py:117} INFO - [2022-10-11T20:35:16.346-0500] {dag.py:2573} INFO - Sync 1 DAGs
[2022-10-11T20:35:16.364-0500] {logging_mixin.py:117} INFO - [2022-10-11T20:35:16.364-0500] {dag.py:3324} INFO - Setting next_dagrun for tutorial to 2022-10-11T01:35:16.364428+00:00, run_after=2022-10-12T01:35:16.364428+00:00
[2022-10-11T20:35:16.387-0500] {processor.py:178} INFO - Processing /home/gabsiston/Documentos/projetos/airflow-data/venv/lib/python3.8/site-packages/airflow/example_dags/tutorial.py took 0.083 seconds
[2022-10-11T20:35:51.585-0500] {processor.py:156} INFO - Started process (PID=12954) to work on /home/gabsiston/Documentos/projetos/airflow-data/venv/lib/python3.8/site-packages/airflow/example_dags/tutorial.py
[2022-10-11T20:35:51.589-0500] {processor.py:758} INFO - Processing file /home/gabsiston/Documentos/projetos/airflow-data/venv/lib/python3.8/site-packages/airflow/example_dags/tutorial.py for tasks to queue
[2022-10-11T20:35:51.591-0500] {logging_mixin.py:117} INFO - [2022-10-11T20:35:51.590-0500] {dagbag.py:525} INFO - Filling up the DagBag from /home/gabsiston/Documentos/projetos/airflow-data/venv/lib/python3.8/site-packages/airflow/example_dags/tutorial.py
[2022-10-11T20:35:51.612-0500] {processor.py:768} INFO - DAG(s) dict_keys(['tutorial']) retrieved from /home/gabsiston/Documentos/projetos/airflow-data/venv/lib/python3.8/site-packages/airflow/example_dags/tutorial.py
[2022-10-11T20:35:51.632-0500] {logging_mixin.py:117} INFO - [2022-10-11T20:35:51.631-0500] {dag.py:2573} INFO - Sync 1 DAGs
[2022-10-11T20:35:51.647-0500] {logging_mixin.py:117} INFO - [2022-10-11T20:35:51.647-0500] {dag.py:3324} INFO - Setting next_dagrun for tutorial to 2022-10-11T01:35:51.647092+00:00, run_after=2022-10-12T01:35:51.647092+00:00
[2022-10-11T20:35:51.678-0500] {processor.py:178} INFO - Processing /home/gabsiston/Documentos/projetos/airflow-data/venv/lib/python3.8/site-packages/airflow/example_dags/tutorial.py took 0.101 seconds
[2022-10-11T20:36:28.809-0500] {processor.py:156} INFO - Started process (PID=13352) to work on /home/gabsiston/Documentos/projetos/airflow-data/venv/lib/python3.8/site-packages/airflow/example_dags/tutorial.py
[2022-10-11T20:36:28.811-0500] {processor.py:758} INFO - Processing file /home/gabsiston/Documentos/projetos/airflow-data/venv/lib/python3.8/site-packages/airflow/example_dags/tutorial.py for tasks to queue
[2022-10-11T20:36:28.811-0500] {logging_mixin.py:117} INFO - [2022-10-11T20:36:28.811-0500] {dagbag.py:525} INFO - Filling up the DagBag from /home/gabsiston/Documentos/projetos/airflow-data/venv/lib/python3.8/site-packages/airflow/example_dags/tutorial.py
[2022-10-11T20:36:28.825-0500] {processor.py:768} INFO - DAG(s) dict_keys(['tutorial']) retrieved from /home/gabsiston/Documentos/projetos/airflow-data/venv/lib/python3.8/site-packages/airflow/example_dags/tutorial.py
[2022-10-11T20:36:28.846-0500] {logging_mixin.py:117} INFO - [2022-10-11T20:36:28.845-0500] {dag.py:2573} INFO - Sync 1 DAGs
[2022-10-11T20:36:28.865-0500] {logging_mixin.py:117} INFO - [2022-10-11T20:36:28.865-0500] {dag.py:3324} INFO - Setting next_dagrun for tutorial to 2022-10-11T01:36:28.865078+00:00, run_after=2022-10-12T01:36:28.865078+00:00
[2022-10-11T20:36:28.888-0500] {processor.py:178} INFO - Processing /home/gabsiston/Documentos/projetos/airflow-data/venv/lib/python3.8/site-packages/airflow/example_dags/tutorial.py took 0.081 seconds
[2022-10-11T20:37:04.545-0500] {processor.py:156} INFO - Started process (PID=13556) to work on /home/gabsiston/Documentos/projetos/airflow-data/venv/lib/python3.8/site-packages/airflow/example_dags/tutorial.py
[2022-10-11T20:37:04.548-0500] {processor.py:758} INFO - Processing file /home/gabsiston/Documentos/projetos/airflow-data/venv/lib/python3.8/site-packages/airflow/example_dags/tutorial.py for tasks to queue
[2022-10-11T20:37:04.548-0500] {logging_mixin.py:117} INFO - [2022-10-11T20:37:04.548-0500] {dagbag.py:525} INFO - Filling up the DagBag from /home/gabsiston/Documentos/projetos/airflow-data/venv/lib/python3.8/site-packages/airflow/example_dags/tutorial.py
[2022-10-11T20:37:04.563-0500] {processor.py:768} INFO - DAG(s) dict_keys(['tutorial']) retrieved from /home/gabsiston/Documentos/projetos/airflow-data/venv/lib/python3.8/site-packages/airflow/example_dags/tutorial.py
[2022-10-11T20:37:04.584-0500] {logging_mixin.py:117} INFO - [2022-10-11T20:37:04.584-0500] {dag.py:2573} INFO - Sync 1 DAGs
[2022-10-11T20:37:04.601-0500] {logging_mixin.py:117} INFO - [2022-10-11T20:37:04.601-0500] {dag.py:3324} INFO - Setting next_dagrun for tutorial to 2022-10-11T01:37:04.600978+00:00, run_after=2022-10-12T01:37:04.600978+00:00
[2022-10-11T20:37:04.623-0500] {processor.py:178} INFO - Processing /home/gabsiston/Documentos/projetos/airflow-data/venv/lib/python3.8/site-packages/airflow/example_dags/tutorial.py took 0.081 seconds
