[2022-10-11T20:25:27.333-0500] {processor.py:156} INFO - Started process (PID=7839) to work on /home/gabsiston/Documentos/projetos/airflow-data/venv/lib/python3.8/site-packages/airflow/example_dags/tutorial_taskflow_api_virtualenv.py
[2022-10-11T20:25:27.334-0500] {processor.py:758} INFO - Processing file /home/gabsiston/Documentos/projetos/airflow-data/venv/lib/python3.8/site-packages/airflow/example_dags/tutorial_taskflow_api_virtualenv.py for tasks to queue
[2022-10-11T20:25:27.335-0500] {logging_mixin.py:117} INFO - [2022-10-11T20:25:27.335-0500] {dagbag.py:525} INFO - Filling up the DagBag from /home/gabsiston/Documentos/projetos/airflow-data/venv/lib/python3.8/site-packages/airflow/example_dags/tutorial_taskflow_api_virtualenv.py
[2022-10-11T20:25:27.368-0500] {processor.py:768} INFO - DAG(s) dict_keys(['tutorial_taskflow_api_virtualenv']) retrieved from /home/gabsiston/Documentos/projetos/airflow-data/venv/lib/python3.8/site-packages/airflow/example_dags/tutorial_taskflow_api_virtualenv.py
[2022-10-11T20:25:27.521-0500] {logging_mixin.py:117} INFO - [2022-10-11T20:25:27.521-0500] {manager.py:507} INFO - Created Permission View: can read on DAG:tutorial_taskflow_api_virtualenv
[2022-10-11T20:25:27.539-0500] {logging_mixin.py:117} INFO - [2022-10-11T20:25:27.539-0500] {manager.py:507} INFO - Created Permission View: can edit on DAG:tutorial_taskflow_api_virtualenv
[2022-10-11T20:25:27.554-0500] {logging_mixin.py:117} INFO - [2022-10-11T20:25:27.553-0500] {manager.py:507} INFO - Created Permission View: can delete on DAG:tutorial_taskflow_api_virtualenv
[2022-10-11T20:25:27.554-0500] {logging_mixin.py:117} INFO - [2022-10-11T20:25:27.554-0500] {dag.py:2573} INFO - Sync 1 DAGs
[2022-10-11T20:25:27.568-0500] {logging_mixin.py:117} INFO - [2022-10-11T20:25:27.568-0500] {dag.py:2594} INFO - Creating ORM DAG for tutorial_taskflow_api_virtualenv
[2022-10-11T20:25:27.580-0500] {logging_mixin.py:117} INFO - [2022-10-11T20:25:27.580-0500] {dag.py:3324} INFO - Setting next_dagrun for tutorial_taskflow_api_virtualenv to None, run_after=None
[2022-10-11T20:25:27.609-0500] {processor.py:178} INFO - Processing /home/gabsiston/Documentos/projetos/airflow-data/venv/lib/python3.8/site-packages/airflow/example_dags/tutorial_taskflow_api_virtualenv.py took 0.280 seconds
[2022-10-11T20:26:08.490-0500] {processor.py:156} INFO - Started process (PID=8296) to work on /home/gabsiston/Documentos/projetos/airflow-data/venv/lib/python3.8/site-packages/airflow/example_dags/tutorial_taskflow_api_virtualenv.py
[2022-10-11T20:26:08.492-0500] {processor.py:758} INFO - Processing file /home/gabsiston/Documentos/projetos/airflow-data/venv/lib/python3.8/site-packages/airflow/example_dags/tutorial_taskflow_api_virtualenv.py for tasks to queue
[2022-10-11T20:26:08.493-0500] {logging_mixin.py:117} INFO - [2022-10-11T20:26:08.493-0500] {dagbag.py:525} INFO - Filling up the DagBag from /home/gabsiston/Documentos/projetos/airflow-data/venv/lib/python3.8/site-packages/airflow/example_dags/tutorial_taskflow_api_virtualenv.py
[2022-10-11T20:26:08.515-0500] {processor.py:768} INFO - DAG(s) dict_keys(['tutorial_taskflow_api_virtualenv']) retrieved from /home/gabsiston/Documentos/projetos/airflow-data/venv/lib/python3.8/site-packages/airflow/example_dags/tutorial_taskflow_api_virtualenv.py
[2022-10-11T20:26:08.538-0500] {logging_mixin.py:117} INFO - [2022-10-11T20:26:08.538-0500] {dag.py:2573} INFO - Sync 1 DAGs
[2022-10-11T20:26:08.557-0500] {logging_mixin.py:117} INFO - [2022-10-11T20:26:08.557-0500] {dag.py:3324} INFO - Setting next_dagrun for tutorial_taskflow_api_virtualenv to None, run_after=None
[2022-10-11T20:26:08.579-0500] {processor.py:178} INFO - Processing /home/gabsiston/Documentos/projetos/airflow-data/venv/lib/python3.8/site-packages/airflow/example_dags/tutorial_taskflow_api_virtualenv.py took 0.093 seconds
[2022-10-11T20:26:43.924-0500] {processor.py:156} INFO - Started process (PID=8752) to work on /home/gabsiston/Documentos/projetos/airflow-data/venv/lib/python3.8/site-packages/airflow/example_dags/tutorial_taskflow_api_virtualenv.py
[2022-10-11T20:26:43.926-0500] {processor.py:758} INFO - Processing file /home/gabsiston/Documentos/projetos/airflow-data/venv/lib/python3.8/site-packages/airflow/example_dags/tutorial_taskflow_api_virtualenv.py for tasks to queue
[2022-10-11T20:26:43.927-0500] {logging_mixin.py:117} INFO - [2022-10-11T20:26:43.926-0500] {dagbag.py:525} INFO - Filling up the DagBag from /home/gabsiston/Documentos/projetos/airflow-data/venv/lib/python3.8/site-packages/airflow/example_dags/tutorial_taskflow_api_virtualenv.py
[2022-10-11T20:26:43.942-0500] {processor.py:768} INFO - DAG(s) dict_keys(['tutorial_taskflow_api_virtualenv']) retrieved from /home/gabsiston/Documentos/projetos/airflow-data/venv/lib/python3.8/site-packages/airflow/example_dags/tutorial_taskflow_api_virtualenv.py
[2022-10-11T20:26:43.959-0500] {logging_mixin.py:117} INFO - [2022-10-11T20:26:43.959-0500] {dag.py:2573} INFO - Sync 1 DAGs
[2022-10-11T20:26:43.972-0500] {logging_mixin.py:117} INFO - [2022-10-11T20:26:43.972-0500] {dag.py:3324} INFO - Setting next_dagrun for tutorial_taskflow_api_virtualenv to None, run_after=None
[2022-10-11T20:26:43.991-0500] {processor.py:178} INFO - Processing /home/gabsiston/Documentos/projetos/airflow-data/venv/lib/python3.8/site-packages/airflow/example_dags/tutorial_taskflow_api_virtualenv.py took 0.068 seconds
[2022-10-11T20:27:18.304-0500] {processor.py:156} INFO - Started process (PID=9395) to work on /home/gabsiston/Documentos/projetos/airflow-data/venv/lib/python3.8/site-packages/airflow/example_dags/tutorial_taskflow_api_virtualenv.py
[2022-10-11T20:27:18.305-0500] {processor.py:758} INFO - Processing file /home/gabsiston/Documentos/projetos/airflow-data/venv/lib/python3.8/site-packages/airflow/example_dags/tutorial_taskflow_api_virtualenv.py for tasks to queue
[2022-10-11T20:27:18.306-0500] {logging_mixin.py:117} INFO - [2022-10-11T20:27:18.306-0500] {dagbag.py:525} INFO - Filling up the DagBag from /home/gabsiston/Documentos/projetos/airflow-data/venv/lib/python3.8/site-packages/airflow/example_dags/tutorial_taskflow_api_virtualenv.py
[2022-10-11T20:27:18.336-0500] {processor.py:768} INFO - DAG(s) dict_keys(['tutorial_taskflow_api_virtualenv']) retrieved from /home/gabsiston/Documentos/projetos/airflow-data/venv/lib/python3.8/site-packages/airflow/example_dags/tutorial_taskflow_api_virtualenv.py
[2022-10-11T20:27:18.360-0500] {logging_mixin.py:117} INFO - [2022-10-11T20:27:18.359-0500] {dag.py:2573} INFO - Sync 1 DAGs
[2022-10-11T20:27:18.379-0500] {logging_mixin.py:117} INFO - [2022-10-11T20:27:18.379-0500] {dag.py:3324} INFO - Setting next_dagrun for tutorial_taskflow_api_virtualenv to None, run_after=None
[2022-10-11T20:27:18.402-0500] {processor.py:178} INFO - Processing /home/gabsiston/Documentos/projetos/airflow-data/venv/lib/python3.8/site-packages/airflow/example_dags/tutorial_taskflow_api_virtualenv.py took 0.100 seconds
[2022-10-11T20:27:55.588-0500] {processor.py:156} INFO - Started process (PID=9596) to work on /home/gabsiston/Documentos/projetos/airflow-data/venv/lib/python3.8/site-packages/airflow/example_dags/tutorial_taskflow_api_virtualenv.py
[2022-10-11T20:27:55.591-0500] {processor.py:758} INFO - Processing file /home/gabsiston/Documentos/projetos/airflow-data/venv/lib/python3.8/site-packages/airflow/example_dags/tutorial_taskflow_api_virtualenv.py for tasks to queue
[2022-10-11T20:27:55.592-0500] {logging_mixin.py:117} INFO - [2022-10-11T20:27:55.591-0500] {dagbag.py:525} INFO - Filling up the DagBag from /home/gabsiston/Documentos/projetos/airflow-data/venv/lib/python3.8/site-packages/airflow/example_dags/tutorial_taskflow_api_virtualenv.py
[2022-10-11T20:27:55.619-0500] {processor.py:768} INFO - DAG(s) dict_keys(['tutorial_taskflow_api_virtualenv']) retrieved from /home/gabsiston/Documentos/projetos/airflow-data/venv/lib/python3.8/site-packages/airflow/example_dags/tutorial_taskflow_api_virtualenv.py
[2022-10-11T20:27:55.639-0500] {logging_mixin.py:117} INFO - [2022-10-11T20:27:55.639-0500] {dag.py:2573} INFO - Sync 1 DAGs
[2022-10-11T20:27:55.654-0500] {logging_mixin.py:117} INFO - [2022-10-11T20:27:55.654-0500] {dag.py:3324} INFO - Setting next_dagrun for tutorial_taskflow_api_virtualenv to None, run_after=None
[2022-10-11T20:27:55.676-0500] {processor.py:178} INFO - Processing /home/gabsiston/Documentos/projetos/airflow-data/venv/lib/python3.8/site-packages/airflow/example_dags/tutorial_taskflow_api_virtualenv.py took 0.092 seconds
[2022-10-11T20:28:32.055-0500] {processor.py:156} INFO - Started process (PID=9929) to work on /home/gabsiston/Documentos/projetos/airflow-data/venv/lib/python3.8/site-packages/airflow/example_dags/tutorial_taskflow_api_virtualenv.py
[2022-10-11T20:28:32.057-0500] {processor.py:758} INFO - Processing file /home/gabsiston/Documentos/projetos/airflow-data/venv/lib/python3.8/site-packages/airflow/example_dags/tutorial_taskflow_api_virtualenv.py for tasks to queue
[2022-10-11T20:28:32.057-0500] {logging_mixin.py:117} INFO - [2022-10-11T20:28:32.057-0500] {dagbag.py:525} INFO - Filling up the DagBag from /home/gabsiston/Documentos/projetos/airflow-data/venv/lib/python3.8/site-packages/airflow/example_dags/tutorial_taskflow_api_virtualenv.py
[2022-10-11T20:28:32.080-0500] {processor.py:768} INFO - DAG(s) dict_keys(['tutorial_taskflow_api_virtualenv']) retrieved from /home/gabsiston/Documentos/projetos/airflow-data/venv/lib/python3.8/site-packages/airflow/example_dags/tutorial_taskflow_api_virtualenv.py
[2022-10-11T20:28:32.099-0500] {logging_mixin.py:117} INFO - [2022-10-11T20:28:32.098-0500] {dag.py:2573} INFO - Sync 1 DAGs
[2022-10-11T20:28:32.114-0500] {logging_mixin.py:117} INFO - [2022-10-11T20:28:32.114-0500] {dag.py:3324} INFO - Setting next_dagrun for tutorial_taskflow_api_virtualenv to None, run_after=None
[2022-10-11T20:28:32.136-0500] {processor.py:178} INFO - Processing /home/gabsiston/Documentos/projetos/airflow-data/venv/lib/python3.8/site-packages/airflow/example_dags/tutorial_taskflow_api_virtualenv.py took 0.083 seconds
[2022-10-11T20:29:09.988-0500] {processor.py:156} INFO - Started process (PID=10216) to work on /home/gabsiston/Documentos/projetos/airflow-data/venv/lib/python3.8/site-packages/airflow/example_dags/tutorial_taskflow_api_virtualenv.py
[2022-10-11T20:29:09.992-0500] {processor.py:758} INFO - Processing file /home/gabsiston/Documentos/projetos/airflow-data/venv/lib/python3.8/site-packages/airflow/example_dags/tutorial_taskflow_api_virtualenv.py for tasks to queue
[2022-10-11T20:29:09.993-0500] {logging_mixin.py:117} INFO - [2022-10-11T20:29:09.993-0500] {dagbag.py:525} INFO - Filling up the DagBag from /home/gabsiston/Documentos/projetos/airflow-data/venv/lib/python3.8/site-packages/airflow/example_dags/tutorial_taskflow_api_virtualenv.py
[2022-10-11T20:29:10.021-0500] {processor.py:768} INFO - DAG(s) dict_keys(['tutorial_taskflow_api_virtualenv']) retrieved from /home/gabsiston/Documentos/projetos/airflow-data/venv/lib/python3.8/site-packages/airflow/example_dags/tutorial_taskflow_api_virtualenv.py
[2022-10-11T20:29:10.040-0500] {logging_mixin.py:117} INFO - [2022-10-11T20:29:10.039-0500] {dag.py:2573} INFO - Sync 1 DAGs
[2022-10-11T20:29:10.055-0500] {logging_mixin.py:117} INFO - [2022-10-11T20:29:10.055-0500] {dag.py:3324} INFO - Setting next_dagrun for tutorial_taskflow_api_virtualenv to None, run_after=None
[2022-10-11T20:29:10.077-0500] {processor.py:178} INFO - Processing /home/gabsiston/Documentos/projetos/airflow-data/venv/lib/python3.8/site-packages/airflow/example_dags/tutorial_taskflow_api_virtualenv.py took 0.097 seconds
[2022-10-11T20:29:46.926-0500] {processor.py:156} INFO - Started process (PID=10407) to work on /home/gabsiston/Documentos/projetos/airflow-data/venv/lib/python3.8/site-packages/airflow/example_dags/tutorial_taskflow_api_virtualenv.py
[2022-10-11T20:29:46.930-0500] {processor.py:758} INFO - Processing file /home/gabsiston/Documentos/projetos/airflow-data/venv/lib/python3.8/site-packages/airflow/example_dags/tutorial_taskflow_api_virtualenv.py for tasks to queue
[2022-10-11T20:29:46.932-0500] {logging_mixin.py:117} INFO - [2022-10-11T20:29:46.932-0500] {dagbag.py:525} INFO - Filling up the DagBag from /home/gabsiston/Documentos/projetos/airflow-data/venv/lib/python3.8/site-packages/airflow/example_dags/tutorial_taskflow_api_virtualenv.py
[2022-10-11T20:29:46.961-0500] {processor.py:768} INFO - DAG(s) dict_keys(['tutorial_taskflow_api_virtualenv']) retrieved from /home/gabsiston/Documentos/projetos/airflow-data/venv/lib/python3.8/site-packages/airflow/example_dags/tutorial_taskflow_api_virtualenv.py
[2022-10-11T20:29:46.981-0500] {logging_mixin.py:117} INFO - [2022-10-11T20:29:46.981-0500] {dag.py:2573} INFO - Sync 1 DAGs
[2022-10-11T20:29:46.997-0500] {logging_mixin.py:117} INFO - [2022-10-11T20:29:46.997-0500] {dag.py:3324} INFO - Setting next_dagrun for tutorial_taskflow_api_virtualenv to None, run_after=None
[2022-10-11T20:29:47.027-0500] {processor.py:178} INFO - Processing /home/gabsiston/Documentos/projetos/airflow-data/venv/lib/python3.8/site-packages/airflow/example_dags/tutorial_taskflow_api_virtualenv.py took 0.109 seconds
[2022-10-11T20:30:24.104-0500] {processor.py:156} INFO - Started process (PID=10651) to work on /home/gabsiston/Documentos/projetos/airflow-data/venv/lib/python3.8/site-packages/airflow/example_dags/tutorial_taskflow_api_virtualenv.py
[2022-10-11T20:30:24.106-0500] {processor.py:758} INFO - Processing file /home/gabsiston/Documentos/projetos/airflow-data/venv/lib/python3.8/site-packages/airflow/example_dags/tutorial_taskflow_api_virtualenv.py for tasks to queue
[2022-10-11T20:30:24.107-0500] {logging_mixin.py:117} INFO - [2022-10-11T20:30:24.107-0500] {dagbag.py:525} INFO - Filling up the DagBag from /home/gabsiston/Documentos/projetos/airflow-data/venv/lib/python3.8/site-packages/airflow/example_dags/tutorial_taskflow_api_virtualenv.py
[2022-10-11T20:30:24.129-0500] {processor.py:768} INFO - DAG(s) dict_keys(['tutorial_taskflow_api_virtualenv']) retrieved from /home/gabsiston/Documentos/projetos/airflow-data/venv/lib/python3.8/site-packages/airflow/example_dags/tutorial_taskflow_api_virtualenv.py
[2022-10-11T20:30:24.149-0500] {logging_mixin.py:117} INFO - [2022-10-11T20:30:24.148-0500] {dag.py:2573} INFO - Sync 1 DAGs
[2022-10-11T20:30:24.164-0500] {logging_mixin.py:117} INFO - [2022-10-11T20:30:24.164-0500] {dag.py:3324} INFO - Setting next_dagrun for tutorial_taskflow_api_virtualenv to None, run_after=None
[2022-10-11T20:30:24.193-0500] {processor.py:178} INFO - Processing /home/gabsiston/Documentos/projetos/airflow-data/venv/lib/python3.8/site-packages/airflow/example_dags/tutorial_taskflow_api_virtualenv.py took 0.092 seconds
[2022-10-11T20:31:00.030-0500] {processor.py:156} INFO - Started process (PID=10861) to work on /home/gabsiston/Documentos/projetos/airflow-data/venv/lib/python3.8/site-packages/airflow/example_dags/tutorial_taskflow_api_virtualenv.py
[2022-10-11T20:31:00.034-0500] {processor.py:758} INFO - Processing file /home/gabsiston/Documentos/projetos/airflow-data/venv/lib/python3.8/site-packages/airflow/example_dags/tutorial_taskflow_api_virtualenv.py for tasks to queue
[2022-10-11T20:31:00.036-0500] {logging_mixin.py:117} INFO - [2022-10-11T20:31:00.035-0500] {dagbag.py:525} INFO - Filling up the DagBag from /home/gabsiston/Documentos/projetos/airflow-data/venv/lib/python3.8/site-packages/airflow/example_dags/tutorial_taskflow_api_virtualenv.py
[2022-10-11T20:31:00.068-0500] {processor.py:768} INFO - DAG(s) dict_keys(['tutorial_taskflow_api_virtualenv']) retrieved from /home/gabsiston/Documentos/projetos/airflow-data/venv/lib/python3.8/site-packages/airflow/example_dags/tutorial_taskflow_api_virtualenv.py
[2022-10-11T20:31:00.087-0500] {logging_mixin.py:117} INFO - [2022-10-11T20:31:00.087-0500] {dag.py:2573} INFO - Sync 1 DAGs
[2022-10-11T20:31:00.103-0500] {logging_mixin.py:117} INFO - [2022-10-11T20:31:00.103-0500] {dag.py:3324} INFO - Setting next_dagrun for tutorial_taskflow_api_virtualenv to None, run_after=None
[2022-10-11T20:31:00.124-0500] {processor.py:178} INFO - Processing /home/gabsiston/Documentos/projetos/airflow-data/venv/lib/python3.8/site-packages/airflow/example_dags/tutorial_taskflow_api_virtualenv.py took 0.103 seconds
[2022-10-11T20:31:39.278-0500] {processor.py:156} INFO - Started process (PID=11205) to work on /home/gabsiston/Documentos/projetos/airflow-data/venv/lib/python3.8/site-packages/airflow/example_dags/tutorial_taskflow_api_virtualenv.py
[2022-10-11T20:31:39.280-0500] {processor.py:758} INFO - Processing file /home/gabsiston/Documentos/projetos/airflow-data/venv/lib/python3.8/site-packages/airflow/example_dags/tutorial_taskflow_api_virtualenv.py for tasks to queue
[2022-10-11T20:31:39.281-0500] {logging_mixin.py:117} INFO - [2022-10-11T20:31:39.281-0500] {dagbag.py:525} INFO - Filling up the DagBag from /home/gabsiston/Documentos/projetos/airflow-data/venv/lib/python3.8/site-packages/airflow/example_dags/tutorial_taskflow_api_virtualenv.py
[2022-10-11T20:31:39.311-0500] {processor.py:768} INFO - DAG(s) dict_keys(['tutorial_taskflow_api_virtualenv']) retrieved from /home/gabsiston/Documentos/projetos/airflow-data/venv/lib/python3.8/site-packages/airflow/example_dags/tutorial_taskflow_api_virtualenv.py
[2022-10-11T20:31:39.340-0500] {logging_mixin.py:117} INFO - [2022-10-11T20:31:39.340-0500] {dag.py:2573} INFO - Sync 1 DAGs
[2022-10-11T20:31:39.362-0500] {logging_mixin.py:117} INFO - [2022-10-11T20:31:39.362-0500] {dag.py:3324} INFO - Setting next_dagrun for tutorial_taskflow_api_virtualenv to None, run_after=None
[2022-10-11T20:31:39.393-0500] {processor.py:178} INFO - Processing /home/gabsiston/Documentos/projetos/airflow-data/venv/lib/python3.8/site-packages/airflow/example_dags/tutorial_taskflow_api_virtualenv.py took 0.119 seconds
[2022-10-11T20:32:17.557-0500] {processor.py:156} INFO - Started process (PID=11456) to work on /home/gabsiston/Documentos/projetos/airflow-data/venv/lib/python3.8/site-packages/airflow/example_dags/tutorial_taskflow_api_virtualenv.py
[2022-10-11T20:32:17.557-0500] {processor.py:758} INFO - Processing file /home/gabsiston/Documentos/projetos/airflow-data/venv/lib/python3.8/site-packages/airflow/example_dags/tutorial_taskflow_api_virtualenv.py for tasks to queue
[2022-10-11T20:32:17.558-0500] {logging_mixin.py:117} INFO - [2022-10-11T20:32:17.558-0500] {dagbag.py:525} INFO - Filling up the DagBag from /home/gabsiston/Documentos/projetos/airflow-data/venv/lib/python3.8/site-packages/airflow/example_dags/tutorial_taskflow_api_virtualenv.py
[2022-10-11T20:32:17.574-0500] {processor.py:768} INFO - DAG(s) dict_keys(['tutorial_taskflow_api_virtualenv']) retrieved from /home/gabsiston/Documentos/projetos/airflow-data/venv/lib/python3.8/site-packages/airflow/example_dags/tutorial_taskflow_api_virtualenv.py
[2022-10-11T20:32:17.590-0500] {logging_mixin.py:117} INFO - [2022-10-11T20:32:17.590-0500] {dag.py:2573} INFO - Sync 1 DAGs
[2022-10-11T20:32:17.604-0500] {logging_mixin.py:117} INFO - [2022-10-11T20:32:17.604-0500] {dag.py:3324} INFO - Setting next_dagrun for tutorial_taskflow_api_virtualenv to None, run_after=None
[2022-10-11T20:32:17.625-0500] {processor.py:178} INFO - Processing /home/gabsiston/Documentos/projetos/airflow-data/venv/lib/python3.8/site-packages/airflow/example_dags/tutorial_taskflow_api_virtualenv.py took 0.070 seconds
[2022-10-11T20:32:53.203-0500] {processor.py:156} INFO - Started process (PID=11857) to work on /home/gabsiston/Documentos/projetos/airflow-data/venv/lib/python3.8/site-packages/airflow/example_dags/tutorial_taskflow_api_virtualenv.py
[2022-10-11T20:32:53.205-0500] {processor.py:758} INFO - Processing file /home/gabsiston/Documentos/projetos/airflow-data/venv/lib/python3.8/site-packages/airflow/example_dags/tutorial_taskflow_api_virtualenv.py for tasks to queue
[2022-10-11T20:32:53.206-0500] {logging_mixin.py:117} INFO - [2022-10-11T20:32:53.205-0500] {dagbag.py:525} INFO - Filling up the DagBag from /home/gabsiston/Documentos/projetos/airflow-data/venv/lib/python3.8/site-packages/airflow/example_dags/tutorial_taskflow_api_virtualenv.py
[2022-10-11T20:32:53.231-0500] {processor.py:768} INFO - DAG(s) dict_keys(['tutorial_taskflow_api_virtualenv']) retrieved from /home/gabsiston/Documentos/projetos/airflow-data/venv/lib/python3.8/site-packages/airflow/example_dags/tutorial_taskflow_api_virtualenv.py
[2022-10-11T20:32:53.250-0500] {logging_mixin.py:117} INFO - [2022-10-11T20:32:53.249-0500] {dag.py:2573} INFO - Sync 1 DAGs
[2022-10-11T20:32:53.265-0500] {logging_mixin.py:117} INFO - [2022-10-11T20:32:53.265-0500] {dag.py:3324} INFO - Setting next_dagrun for tutorial_taskflow_api_virtualenv to None, run_after=None
[2022-10-11T20:32:53.284-0500] {processor.py:178} INFO - Processing /home/gabsiston/Documentos/projetos/airflow-data/venv/lib/python3.8/site-packages/airflow/example_dags/tutorial_taskflow_api_virtualenv.py took 0.084 seconds
[2022-10-11T20:33:27.811-0500] {processor.py:156} INFO - Started process (PID=12148) to work on /home/gabsiston/Documentos/projetos/airflow-data/venv/lib/python3.8/site-packages/airflow/example_dags/tutorial_taskflow_api_virtualenv.py
[2022-10-11T20:33:27.813-0500] {processor.py:758} INFO - Processing file /home/gabsiston/Documentos/projetos/airflow-data/venv/lib/python3.8/site-packages/airflow/example_dags/tutorial_taskflow_api_virtualenv.py for tasks to queue
[2022-10-11T20:33:27.813-0500] {logging_mixin.py:117} INFO - [2022-10-11T20:33:27.813-0500] {dagbag.py:525} INFO - Filling up the DagBag from /home/gabsiston/Documentos/projetos/airflow-data/venv/lib/python3.8/site-packages/airflow/example_dags/tutorial_taskflow_api_virtualenv.py
[2022-10-11T20:33:27.831-0500] {processor.py:768} INFO - DAG(s) dict_keys(['tutorial_taskflow_api_virtualenv']) retrieved from /home/gabsiston/Documentos/projetos/airflow-data/venv/lib/python3.8/site-packages/airflow/example_dags/tutorial_taskflow_api_virtualenv.py
[2022-10-11T20:33:27.848-0500] {logging_mixin.py:117} INFO - [2022-10-11T20:33:27.848-0500] {dag.py:2573} INFO - Sync 1 DAGs
[2022-10-11T20:33:27.861-0500] {logging_mixin.py:117} INFO - [2022-10-11T20:33:27.861-0500] {dag.py:3324} INFO - Setting next_dagrun for tutorial_taskflow_api_virtualenv to None, run_after=None
[2022-10-11T20:33:27.881-0500] {processor.py:178} INFO - Processing /home/gabsiston/Documentos/projetos/airflow-data/venv/lib/python3.8/site-packages/airflow/example_dags/tutorial_taskflow_api_virtualenv.py took 0.072 seconds
[2022-10-11T20:34:03.380-0500] {processor.py:156} INFO - Started process (PID=12325) to work on /home/gabsiston/Documentos/projetos/airflow-data/venv/lib/python3.8/site-packages/airflow/example_dags/tutorial_taskflow_api_virtualenv.py
[2022-10-11T20:34:03.383-0500] {processor.py:758} INFO - Processing file /home/gabsiston/Documentos/projetos/airflow-data/venv/lib/python3.8/site-packages/airflow/example_dags/tutorial_taskflow_api_virtualenv.py for tasks to queue
[2022-10-11T20:34:03.384-0500] {logging_mixin.py:117} INFO - [2022-10-11T20:34:03.383-0500] {dagbag.py:525} INFO - Filling up the DagBag from /home/gabsiston/Documentos/projetos/airflow-data/venv/lib/python3.8/site-packages/airflow/example_dags/tutorial_taskflow_api_virtualenv.py
[2022-10-11T20:34:03.407-0500] {processor.py:768} INFO - DAG(s) dict_keys(['tutorial_taskflow_api_virtualenv']) retrieved from /home/gabsiston/Documentos/projetos/airflow-data/venv/lib/python3.8/site-packages/airflow/example_dags/tutorial_taskflow_api_virtualenv.py
[2022-10-11T20:34:03.427-0500] {logging_mixin.py:117} INFO - [2022-10-11T20:34:03.427-0500] {dag.py:2573} INFO - Sync 1 DAGs
[2022-10-11T20:34:03.442-0500] {logging_mixin.py:117} INFO - [2022-10-11T20:34:03.442-0500] {dag.py:3324} INFO - Setting next_dagrun for tutorial_taskflow_api_virtualenv to None, run_after=None
[2022-10-11T20:34:03.471-0500] {processor.py:178} INFO - Processing /home/gabsiston/Documentos/projetos/airflow-data/venv/lib/python3.8/site-packages/airflow/example_dags/tutorial_taskflow_api_virtualenv.py took 0.093 seconds
[2022-10-11T20:34:43.782-0500] {processor.py:156} INFO - Started process (PID=12551) to work on /home/gabsiston/Documentos/projetos/airflow-data/venv/lib/python3.8/site-packages/airflow/example_dags/tutorial_taskflow_api_virtualenv.py
[2022-10-11T20:34:43.785-0500] {processor.py:758} INFO - Processing file /home/gabsiston/Documentos/projetos/airflow-data/venv/lib/python3.8/site-packages/airflow/example_dags/tutorial_taskflow_api_virtualenv.py for tasks to queue
[2022-10-11T20:34:43.786-0500] {logging_mixin.py:117} INFO - [2022-10-11T20:34:43.785-0500] {dagbag.py:525} INFO - Filling up the DagBag from /home/gabsiston/Documentos/projetos/airflow-data/venv/lib/python3.8/site-packages/airflow/example_dags/tutorial_taskflow_api_virtualenv.py
[2022-10-11T20:34:43.812-0500] {processor.py:768} INFO - DAG(s) dict_keys(['tutorial_taskflow_api_virtualenv']) retrieved from /home/gabsiston/Documentos/projetos/airflow-data/venv/lib/python3.8/site-packages/airflow/example_dags/tutorial_taskflow_api_virtualenv.py
[2022-10-11T20:34:43.829-0500] {logging_mixin.py:117} INFO - [2022-10-11T20:34:43.829-0500] {dag.py:2573} INFO - Sync 1 DAGs
[2022-10-11T20:34:43.843-0500] {logging_mixin.py:117} INFO - [2022-10-11T20:34:43.843-0500] {dag.py:3324} INFO - Setting next_dagrun for tutorial_taskflow_api_virtualenv to None, run_after=None
[2022-10-11T20:34:43.863-0500] {processor.py:178} INFO - Processing /home/gabsiston/Documentos/projetos/airflow-data/venv/lib/python3.8/site-packages/airflow/example_dags/tutorial_taskflow_api_virtualenv.py took 0.085 seconds
[2022-10-11T20:35:21.564-0500] {processor.py:156} INFO - Started process (PID=12799) to work on /home/gabsiston/Documentos/projetos/airflow-data/venv/lib/python3.8/site-packages/airflow/example_dags/tutorial_taskflow_api_virtualenv.py
[2022-10-11T20:35:21.565-0500] {processor.py:758} INFO - Processing file /home/gabsiston/Documentos/projetos/airflow-data/venv/lib/python3.8/site-packages/airflow/example_dags/tutorial_taskflow_api_virtualenv.py for tasks to queue
[2022-10-11T20:35:21.565-0500] {logging_mixin.py:117} INFO - [2022-10-11T20:35:21.565-0500] {dagbag.py:525} INFO - Filling up the DagBag from /home/gabsiston/Documentos/projetos/airflow-data/venv/lib/python3.8/site-packages/airflow/example_dags/tutorial_taskflow_api_virtualenv.py
[2022-10-11T20:35:21.585-0500] {processor.py:768} INFO - DAG(s) dict_keys(['tutorial_taskflow_api_virtualenv']) retrieved from /home/gabsiston/Documentos/projetos/airflow-data/venv/lib/python3.8/site-packages/airflow/example_dags/tutorial_taskflow_api_virtualenv.py
[2022-10-11T20:35:21.603-0500] {logging_mixin.py:117} INFO - [2022-10-11T20:35:21.603-0500] {dag.py:2573} INFO - Sync 1 DAGs
[2022-10-11T20:35:21.617-0500] {logging_mixin.py:117} INFO - [2022-10-11T20:35:21.616-0500] {dag.py:3324} INFO - Setting next_dagrun for tutorial_taskflow_api_virtualenv to None, run_after=None
[2022-10-11T20:35:21.648-0500] {processor.py:178} INFO - Processing /home/gabsiston/Documentos/projetos/airflow-data/venv/lib/python3.8/site-packages/airflow/example_dags/tutorial_taskflow_api_virtualenv.py took 0.086 seconds
[2022-10-11T20:35:56.816-0500] {processor.py:156} INFO - Started process (PID=12982) to work on /home/gabsiston/Documentos/projetos/airflow-data/venv/lib/python3.8/site-packages/airflow/example_dags/tutorial_taskflow_api_virtualenv.py
[2022-10-11T20:35:56.818-0500] {processor.py:758} INFO - Processing file /home/gabsiston/Documentos/projetos/airflow-data/venv/lib/python3.8/site-packages/airflow/example_dags/tutorial_taskflow_api_virtualenv.py for tasks to queue
[2022-10-11T20:35:56.819-0500] {logging_mixin.py:117} INFO - [2022-10-11T20:35:56.819-0500] {dagbag.py:525} INFO - Filling up the DagBag from /home/gabsiston/Documentos/projetos/airflow-data/venv/lib/python3.8/site-packages/airflow/example_dags/tutorial_taskflow_api_virtualenv.py
[2022-10-11T20:35:56.850-0500] {processor.py:768} INFO - DAG(s) dict_keys(['tutorial_taskflow_api_virtualenv']) retrieved from /home/gabsiston/Documentos/projetos/airflow-data/venv/lib/python3.8/site-packages/airflow/example_dags/tutorial_taskflow_api_virtualenv.py
[2022-10-11T20:35:56.870-0500] {logging_mixin.py:117} INFO - [2022-10-11T20:35:56.870-0500] {dag.py:2573} INFO - Sync 1 DAGs
[2022-10-11T20:35:56.886-0500] {logging_mixin.py:117} INFO - [2022-10-11T20:35:56.886-0500] {dag.py:3324} INFO - Setting next_dagrun for tutorial_taskflow_api_virtualenv to None, run_after=None
[2022-10-11T20:35:56.916-0500] {processor.py:178} INFO - Processing /home/gabsiston/Documentos/projetos/airflow-data/venv/lib/python3.8/site-packages/airflow/example_dags/tutorial_taskflow_api_virtualenv.py took 0.103 seconds
[2022-10-11T20:36:37.163-0500] {processor.py:156} INFO - Started process (PID=13417) to work on /home/gabsiston/Documentos/projetos/airflow-data/venv/lib/python3.8/site-packages/airflow/example_dags/tutorial_taskflow_api_virtualenv.py
[2022-10-11T20:36:37.165-0500] {processor.py:758} INFO - Processing file /home/gabsiston/Documentos/projetos/airflow-data/venv/lib/python3.8/site-packages/airflow/example_dags/tutorial_taskflow_api_virtualenv.py for tasks to queue
[2022-10-11T20:36:37.165-0500] {logging_mixin.py:117} INFO - [2022-10-11T20:36:37.165-0500] {dagbag.py:525} INFO - Filling up the DagBag from /home/gabsiston/Documentos/projetos/airflow-data/venv/lib/python3.8/site-packages/airflow/example_dags/tutorial_taskflow_api_virtualenv.py
[2022-10-11T20:36:37.187-0500] {processor.py:768} INFO - DAG(s) dict_keys(['tutorial_taskflow_api_virtualenv']) retrieved from /home/gabsiston/Documentos/projetos/airflow-data/venv/lib/python3.8/site-packages/airflow/example_dags/tutorial_taskflow_api_virtualenv.py
[2022-10-11T20:36:37.209-0500] {logging_mixin.py:117} INFO - [2022-10-11T20:36:37.208-0500] {dag.py:2573} INFO - Sync 1 DAGs
[2022-10-11T20:36:37.227-0500] {logging_mixin.py:117} INFO - [2022-10-11T20:36:37.227-0500] {dag.py:3324} INFO - Setting next_dagrun for tutorial_taskflow_api_virtualenv to None, run_after=None
[2022-10-11T20:36:37.259-0500] {processor.py:178} INFO - Processing /home/gabsiston/Documentos/projetos/airflow-data/venv/lib/python3.8/site-packages/airflow/example_dags/tutorial_taskflow_api_virtualenv.py took 0.099 seconds
[2022-10-11T20:37:10.857-0500] {processor.py:156} INFO - Started process (PID=13591) to work on /home/gabsiston/Documentos/projetos/airflow-data/venv/lib/python3.8/site-packages/airflow/example_dags/tutorial_taskflow_api_virtualenv.py
[2022-10-11T20:37:10.860-0500] {processor.py:758} INFO - Processing file /home/gabsiston/Documentos/projetos/airflow-data/venv/lib/python3.8/site-packages/airflow/example_dags/tutorial_taskflow_api_virtualenv.py for tasks to queue
[2022-10-11T20:37:10.860-0500] {logging_mixin.py:117} INFO - [2022-10-11T20:37:10.860-0500] {dagbag.py:525} INFO - Filling up the DagBag from /home/gabsiston/Documentos/projetos/airflow-data/venv/lib/python3.8/site-packages/airflow/example_dags/tutorial_taskflow_api_virtualenv.py
[2022-10-11T20:37:10.889-0500] {processor.py:768} INFO - DAG(s) dict_keys(['tutorial_taskflow_api_virtualenv']) retrieved from /home/gabsiston/Documentos/projetos/airflow-data/venv/lib/python3.8/site-packages/airflow/example_dags/tutorial_taskflow_api_virtualenv.py
[2022-10-11T20:37:10.918-0500] {logging_mixin.py:117} INFO - [2022-10-11T20:37:10.918-0500] {dag.py:2573} INFO - Sync 1 DAGs
[2022-10-11T20:37:10.933-0500] {logging_mixin.py:117} INFO - [2022-10-11T20:37:10.933-0500] {dag.py:3324} INFO - Setting next_dagrun for tutorial_taskflow_api_virtualenv to None, run_after=None
[2022-10-11T20:37:10.955-0500] {processor.py:178} INFO - Processing /home/gabsiston/Documentos/projetos/airflow-data/venv/lib/python3.8/site-packages/airflow/example_dags/tutorial_taskflow_api_virtualenv.py took 0.101 seconds
