[2022-10-11T20:25:44.163-0500] {processor.py:156} INFO - Started process (PID=7998) to work on /home/gabsiston/Documentos/projetos/airflow-data/venv/lib/python3.8/site-packages/airflow/example_dags/tutorial_taskflow_api.py
[2022-10-11T20:25:44.164-0500] {processor.py:758} INFO - Processing file /home/gabsiston/Documentos/projetos/airflow-data/venv/lib/python3.8/site-packages/airflow/example_dags/tutorial_taskflow_api.py for tasks to queue
[2022-10-11T20:25:44.165-0500] {logging_mixin.py:117} INFO - [2022-10-11T20:25:44.164-0500] {dagbag.py:525} INFO - Filling up the DagBag from /home/gabsiston/Documentos/projetos/airflow-data/venv/lib/python3.8/site-packages/airflow/example_dags/tutorial_taskflow_api.py
[2022-10-11T20:25:44.186-0500] {processor.py:768} INFO - DAG(s) dict_keys(['tutorial_taskflow_api']) retrieved from /home/gabsiston/Documentos/projetos/airflow-data/venv/lib/python3.8/site-packages/airflow/example_dags/tutorial_taskflow_api.py
[2022-10-11T20:25:44.299-0500] {logging_mixin.py:117} INFO - [2022-10-11T20:25:44.299-0500] {manager.py:507} INFO - Created Permission View: can read on DAG:tutorial_taskflow_api
[2022-10-11T20:25:44.314-0500] {logging_mixin.py:117} INFO - [2022-10-11T20:25:44.313-0500] {manager.py:507} INFO - Created Permission View: can edit on DAG:tutorial_taskflow_api
[2022-10-11T20:25:44.326-0500] {logging_mixin.py:117} INFO - [2022-10-11T20:25:44.325-0500] {manager.py:507} INFO - Created Permission View: can delete on DAG:tutorial_taskflow_api
[2022-10-11T20:25:44.326-0500] {logging_mixin.py:117} INFO - [2022-10-11T20:25:44.326-0500] {dag.py:2573} INFO - Sync 1 DAGs
[2022-10-11T20:25:44.339-0500] {logging_mixin.py:117} INFO - [2022-10-11T20:25:44.338-0500] {dag.py:2594} INFO - Creating ORM DAG for tutorial_taskflow_api
[2022-10-11T20:25:44.347-0500] {logging_mixin.py:117} INFO - [2022-10-11T20:25:44.347-0500] {dag.py:3324} INFO - Setting next_dagrun for tutorial_taskflow_api to None, run_after=None
[2022-10-11T20:25:44.368-0500] {processor.py:178} INFO - Processing /home/gabsiston/Documentos/projetos/airflow-data/venv/lib/python3.8/site-packages/airflow/example_dags/tutorial_taskflow_api.py took 0.207 seconds
[2022-10-11T20:26:21.975-0500] {processor.py:156} INFO - Started process (PID=8435) to work on /home/gabsiston/Documentos/projetos/airflow-data/venv/lib/python3.8/site-packages/airflow/example_dags/tutorial_taskflow_api.py
[2022-10-11T20:26:21.977-0500] {processor.py:758} INFO - Processing file /home/gabsiston/Documentos/projetos/airflow-data/venv/lib/python3.8/site-packages/airflow/example_dags/tutorial_taskflow_api.py for tasks to queue
[2022-10-11T20:26:21.978-0500] {logging_mixin.py:117} INFO - [2022-10-11T20:26:21.978-0500] {dagbag.py:525} INFO - Filling up the DagBag from /home/gabsiston/Documentos/projetos/airflow-data/venv/lib/python3.8/site-packages/airflow/example_dags/tutorial_taskflow_api.py
[2022-10-11T20:26:21.995-0500] {processor.py:768} INFO - DAG(s) dict_keys(['tutorial_taskflow_api']) retrieved from /home/gabsiston/Documentos/projetos/airflow-data/venv/lib/python3.8/site-packages/airflow/example_dags/tutorial_taskflow_api.py
[2022-10-11T20:26:22.012-0500] {logging_mixin.py:117} INFO - [2022-10-11T20:26:22.012-0500] {dag.py:2573} INFO - Sync 1 DAGs
[2022-10-11T20:26:22.025-0500] {logging_mixin.py:117} INFO - [2022-10-11T20:26:22.025-0500] {dag.py:3324} INFO - Setting next_dagrun for tutorial_taskflow_api to None, run_after=None
[2022-10-11T20:26:22.046-0500] {processor.py:178} INFO - Processing /home/gabsiston/Documentos/projetos/airflow-data/venv/lib/python3.8/site-packages/airflow/example_dags/tutorial_taskflow_api.py took 0.072 seconds
[2022-10-11T20:26:56.085-0500] {processor.py:156} INFO - Started process (PID=8940) to work on /home/gabsiston/Documentos/projetos/airflow-data/venv/lib/python3.8/site-packages/airflow/example_dags/tutorial_taskflow_api.py
[2022-10-11T20:26:56.087-0500] {processor.py:758} INFO - Processing file /home/gabsiston/Documentos/projetos/airflow-data/venv/lib/python3.8/site-packages/airflow/example_dags/tutorial_taskflow_api.py for tasks to queue
[2022-10-11T20:26:56.088-0500] {logging_mixin.py:117} INFO - [2022-10-11T20:26:56.087-0500] {dagbag.py:525} INFO - Filling up the DagBag from /home/gabsiston/Documentos/projetos/airflow-data/venv/lib/python3.8/site-packages/airflow/example_dags/tutorial_taskflow_api.py
[2022-10-11T20:26:56.108-0500] {processor.py:768} INFO - DAG(s) dict_keys(['tutorial_taskflow_api']) retrieved from /home/gabsiston/Documentos/projetos/airflow-data/venv/lib/python3.8/site-packages/airflow/example_dags/tutorial_taskflow_api.py
[2022-10-11T20:26:56.130-0500] {logging_mixin.py:117} INFO - [2022-10-11T20:26:56.130-0500] {dag.py:2573} INFO - Sync 1 DAGs
[2022-10-11T20:26:56.148-0500] {logging_mixin.py:117} INFO - [2022-10-11T20:26:56.148-0500] {dag.py:3324} INFO - Setting next_dagrun for tutorial_taskflow_api to None, run_after=None
[2022-10-11T20:26:56.170-0500] {processor.py:178} INFO - Processing /home/gabsiston/Documentos/projetos/airflow-data/venv/lib/python3.8/site-packages/airflow/example_dags/tutorial_taskflow_api.py took 0.087 seconds
[2022-10-11T20:27:32.363-0500] {processor.py:156} INFO - Started process (PID=9477) to work on /home/gabsiston/Documentos/projetos/airflow-data/venv/lib/python3.8/site-packages/airflow/example_dags/tutorial_taskflow_api.py
[2022-10-11T20:27:32.365-0500] {processor.py:758} INFO - Processing file /home/gabsiston/Documentos/projetos/airflow-data/venv/lib/python3.8/site-packages/airflow/example_dags/tutorial_taskflow_api.py for tasks to queue
[2022-10-11T20:27:32.366-0500] {logging_mixin.py:117} INFO - [2022-10-11T20:27:32.366-0500] {dagbag.py:525} INFO - Filling up the DagBag from /home/gabsiston/Documentos/projetos/airflow-data/venv/lib/python3.8/site-packages/airflow/example_dags/tutorial_taskflow_api.py
[2022-10-11T20:27:32.393-0500] {processor.py:768} INFO - DAG(s) dict_keys(['tutorial_taskflow_api']) retrieved from /home/gabsiston/Documentos/projetos/airflow-data/venv/lib/python3.8/site-packages/airflow/example_dags/tutorial_taskflow_api.py
[2022-10-11T20:27:32.413-0500] {logging_mixin.py:117} INFO - [2022-10-11T20:27:32.413-0500] {dag.py:2573} INFO - Sync 1 DAGs
[2022-10-11T20:27:32.429-0500] {logging_mixin.py:117} INFO - [2022-10-11T20:27:32.429-0500] {dag.py:3324} INFO - Setting next_dagrun for tutorial_taskflow_api to None, run_after=None
[2022-10-11T20:27:32.458-0500] {processor.py:178} INFO - Processing /home/gabsiston/Documentos/projetos/airflow-data/venv/lib/python3.8/site-packages/airflow/example_dags/tutorial_taskflow_api.py took 0.099 seconds
[2022-10-11T20:28:11.564-0500] {processor.py:156} INFO - Started process (PID=9768) to work on /home/gabsiston/Documentos/projetos/airflow-data/venv/lib/python3.8/site-packages/airflow/example_dags/tutorial_taskflow_api.py
[2022-10-11T20:28:11.567-0500] {processor.py:758} INFO - Processing file /home/gabsiston/Documentos/projetos/airflow-data/venv/lib/python3.8/site-packages/airflow/example_dags/tutorial_taskflow_api.py for tasks to queue
[2022-10-11T20:28:11.568-0500] {logging_mixin.py:117} INFO - [2022-10-11T20:28:11.568-0500] {dagbag.py:525} INFO - Filling up the DagBag from /home/gabsiston/Documentos/projetos/airflow-data/venv/lib/python3.8/site-packages/airflow/example_dags/tutorial_taskflow_api.py
[2022-10-11T20:28:11.594-0500] {processor.py:768} INFO - DAG(s) dict_keys(['tutorial_taskflow_api']) retrieved from /home/gabsiston/Documentos/projetos/airflow-data/venv/lib/python3.8/site-packages/airflow/example_dags/tutorial_taskflow_api.py
[2022-10-11T20:28:11.612-0500] {logging_mixin.py:117} INFO - [2022-10-11T20:28:11.612-0500] {dag.py:2573} INFO - Sync 1 DAGs
[2022-10-11T20:28:11.627-0500] {logging_mixin.py:117} INFO - [2022-10-11T20:28:11.627-0500] {dag.py:3324} INFO - Setting next_dagrun for tutorial_taskflow_api to None, run_after=None
[2022-10-11T20:28:11.658-0500] {processor.py:178} INFO - Processing /home/gabsiston/Documentos/projetos/airflow-data/venv/lib/python3.8/site-packages/airflow/example_dags/tutorial_taskflow_api.py took 0.102 seconds
[2022-10-11T20:28:48.970-0500] {processor.py:156} INFO - Started process (PID=10066) to work on /home/gabsiston/Documentos/projetos/airflow-data/venv/lib/python3.8/site-packages/airflow/example_dags/tutorial_taskflow_api.py
[2022-10-11T20:28:48.971-0500] {processor.py:758} INFO - Processing file /home/gabsiston/Documentos/projetos/airflow-data/venv/lib/python3.8/site-packages/airflow/example_dags/tutorial_taskflow_api.py for tasks to queue
[2022-10-11T20:28:48.972-0500] {logging_mixin.py:117} INFO - [2022-10-11T20:28:48.972-0500] {dagbag.py:525} INFO - Filling up the DagBag from /home/gabsiston/Documentos/projetos/airflow-data/venv/lib/python3.8/site-packages/airflow/example_dags/tutorial_taskflow_api.py
[2022-10-11T20:28:48.988-0500] {processor.py:768} INFO - DAG(s) dict_keys(['tutorial_taskflow_api']) retrieved from /home/gabsiston/Documentos/projetos/airflow-data/venv/lib/python3.8/site-packages/airflow/example_dags/tutorial_taskflow_api.py
[2022-10-11T20:28:49.004-0500] {logging_mixin.py:117} INFO - [2022-10-11T20:28:49.004-0500] {dag.py:2573} INFO - Sync 1 DAGs
[2022-10-11T20:28:49.019-0500] {logging_mixin.py:117} INFO - [2022-10-11T20:28:49.018-0500] {dag.py:3324} INFO - Setting next_dagrun for tutorial_taskflow_api to None, run_after=None
[2022-10-11T20:28:49.039-0500] {processor.py:178} INFO - Processing /home/gabsiston/Documentos/projetos/airflow-data/venv/lib/python3.8/site-packages/airflow/example_dags/tutorial_taskflow_api.py took 0.070 seconds
[2022-10-11T20:29:26.253-0500] {processor.py:156} INFO - Started process (PID=10298) to work on /home/gabsiston/Documentos/projetos/airflow-data/venv/lib/python3.8/site-packages/airflow/example_dags/tutorial_taskflow_api.py
[2022-10-11T20:29:26.256-0500] {processor.py:758} INFO - Processing file /home/gabsiston/Documentos/projetos/airflow-data/venv/lib/python3.8/site-packages/airflow/example_dags/tutorial_taskflow_api.py for tasks to queue
[2022-10-11T20:29:26.256-0500] {logging_mixin.py:117} INFO - [2022-10-11T20:29:26.256-0500] {dagbag.py:525} INFO - Filling up the DagBag from /home/gabsiston/Documentos/projetos/airflow-data/venv/lib/python3.8/site-packages/airflow/example_dags/tutorial_taskflow_api.py
[2022-10-11T20:29:26.277-0500] {processor.py:768} INFO - DAG(s) dict_keys(['tutorial_taskflow_api']) retrieved from /home/gabsiston/Documentos/projetos/airflow-data/venv/lib/python3.8/site-packages/airflow/example_dags/tutorial_taskflow_api.py
[2022-10-11T20:29:26.297-0500] {logging_mixin.py:117} INFO - [2022-10-11T20:29:26.297-0500] {dag.py:2573} INFO - Sync 1 DAGs
[2022-10-11T20:29:26.313-0500] {logging_mixin.py:117} INFO - [2022-10-11T20:29:26.313-0500] {dag.py:3324} INFO - Setting next_dagrun for tutorial_taskflow_api to None, run_after=None
[2022-10-11T20:29:26.335-0500] {processor.py:178} INFO - Processing /home/gabsiston/Documentos/projetos/airflow-data/venv/lib/python3.8/site-packages/airflow/example_dags/tutorial_taskflow_api.py took 0.084 seconds
[2022-10-11T20:30:09.588-0500] {processor.py:156} INFO - Started process (PID=10574) to work on /home/gabsiston/Documentos/projetos/airflow-data/venv/lib/python3.8/site-packages/airflow/example_dags/tutorial_taskflow_api.py
[2022-10-11T20:30:09.590-0500] {processor.py:758} INFO - Processing file /home/gabsiston/Documentos/projetos/airflow-data/venv/lib/python3.8/site-packages/airflow/example_dags/tutorial_taskflow_api.py for tasks to queue
[2022-10-11T20:30:09.590-0500] {logging_mixin.py:117} INFO - [2022-10-11T20:30:09.590-0500] {dagbag.py:525} INFO - Filling up the DagBag from /home/gabsiston/Documentos/projetos/airflow-data/venv/lib/python3.8/site-packages/airflow/example_dags/tutorial_taskflow_api.py
[2022-10-11T20:30:09.614-0500] {processor.py:768} INFO - DAG(s) dict_keys(['tutorial_taskflow_api']) retrieved from /home/gabsiston/Documentos/projetos/airflow-data/venv/lib/python3.8/site-packages/airflow/example_dags/tutorial_taskflow_api.py
[2022-10-11T20:30:09.633-0500] {logging_mixin.py:117} INFO - [2022-10-11T20:30:09.633-0500] {dag.py:2573} INFO - Sync 1 DAGs
[2022-10-11T20:30:09.649-0500] {logging_mixin.py:117} INFO - [2022-10-11T20:30:09.649-0500] {dag.py:3324} INFO - Setting next_dagrun for tutorial_taskflow_api to None, run_after=None
[2022-10-11T20:30:09.677-0500] {processor.py:178} INFO - Processing /home/gabsiston/Documentos/projetos/airflow-data/venv/lib/python3.8/site-packages/airflow/example_dags/tutorial_taskflow_api.py took 0.092 seconds
[2022-10-11T20:30:49.674-0500] {processor.py:156} INFO - Started process (PID=10810) to work on /home/gabsiston/Documentos/projetos/airflow-data/venv/lib/python3.8/site-packages/airflow/example_dags/tutorial_taskflow_api.py
[2022-10-11T20:30:49.675-0500] {processor.py:758} INFO - Processing file /home/gabsiston/Documentos/projetos/airflow-data/venv/lib/python3.8/site-packages/airflow/example_dags/tutorial_taskflow_api.py for tasks to queue
[2022-10-11T20:30:49.675-0500] {logging_mixin.py:117} INFO - [2022-10-11T20:30:49.675-0500] {dagbag.py:525} INFO - Filling up the DagBag from /home/gabsiston/Documentos/projetos/airflow-data/venv/lib/python3.8/site-packages/airflow/example_dags/tutorial_taskflow_api.py
[2022-10-11T20:30:49.692-0500] {processor.py:768} INFO - DAG(s) dict_keys(['tutorial_taskflow_api']) retrieved from /home/gabsiston/Documentos/projetos/airflow-data/venv/lib/python3.8/site-packages/airflow/example_dags/tutorial_taskflow_api.py
[2022-10-11T20:30:49.708-0500] {logging_mixin.py:117} INFO - [2022-10-11T20:30:49.708-0500] {dag.py:2573} INFO - Sync 1 DAGs
[2022-10-11T20:30:49.722-0500] {logging_mixin.py:117} INFO - [2022-10-11T20:30:49.722-0500] {dag.py:3324} INFO - Setting next_dagrun for tutorial_taskflow_api to None, run_after=None
[2022-10-11T20:30:49.752-0500] {processor.py:178} INFO - Processing /home/gabsiston/Documentos/projetos/airflow-data/venv/lib/python3.8/site-packages/airflow/example_dags/tutorial_taskflow_api.py took 0.079 seconds
[2022-10-11T20:31:25.277-0500] {processor.py:156} INFO - Started process (PID=11130) to work on /home/gabsiston/Documentos/projetos/airflow-data/venv/lib/python3.8/site-packages/airflow/example_dags/tutorial_taskflow_api.py
[2022-10-11T20:31:25.281-0500] {processor.py:758} INFO - Processing file /home/gabsiston/Documentos/projetos/airflow-data/venv/lib/python3.8/site-packages/airflow/example_dags/tutorial_taskflow_api.py for tasks to queue
[2022-10-11T20:31:25.282-0500] {logging_mixin.py:117} INFO - [2022-10-11T20:31:25.282-0500] {dagbag.py:525} INFO - Filling up the DagBag from /home/gabsiston/Documentos/projetos/airflow-data/venv/lib/python3.8/site-packages/airflow/example_dags/tutorial_taskflow_api.py
[2022-10-11T20:31:25.307-0500] {processor.py:768} INFO - DAG(s) dict_keys(['tutorial_taskflow_api']) retrieved from /home/gabsiston/Documentos/projetos/airflow-data/venv/lib/python3.8/site-packages/airflow/example_dags/tutorial_taskflow_api.py
[2022-10-11T20:31:25.324-0500] {logging_mixin.py:117} INFO - [2022-10-11T20:31:25.324-0500] {dag.py:2573} INFO - Sync 1 DAGs
[2022-10-11T20:31:25.339-0500] {logging_mixin.py:117} INFO - [2022-10-11T20:31:25.339-0500] {dag.py:3324} INFO - Setting next_dagrun for tutorial_taskflow_api to None, run_after=None
[2022-10-11T20:31:25.361-0500] {processor.py:178} INFO - Processing /home/gabsiston/Documentos/projetos/airflow-data/venv/lib/python3.8/site-packages/airflow/example_dags/tutorial_taskflow_api.py took 0.087 seconds
[2022-10-11T20:32:02.923-0500] {processor.py:156} INFO - Started process (PID=11381) to work on /home/gabsiston/Documentos/projetos/airflow-data/venv/lib/python3.8/site-packages/airflow/example_dags/tutorial_taskflow_api.py
[2022-10-11T20:32:02.926-0500] {processor.py:758} INFO - Processing file /home/gabsiston/Documentos/projetos/airflow-data/venv/lib/python3.8/site-packages/airflow/example_dags/tutorial_taskflow_api.py for tasks to queue
[2022-10-11T20:32:02.928-0500] {logging_mixin.py:117} INFO - [2022-10-11T20:32:02.927-0500] {dagbag.py:525} INFO - Filling up the DagBag from /home/gabsiston/Documentos/projetos/airflow-data/venv/lib/python3.8/site-packages/airflow/example_dags/tutorial_taskflow_api.py
[2022-10-11T20:32:02.958-0500] {processor.py:768} INFO - DAG(s) dict_keys(['tutorial_taskflow_api']) retrieved from /home/gabsiston/Documentos/projetos/airflow-data/venv/lib/python3.8/site-packages/airflow/example_dags/tutorial_taskflow_api.py
[2022-10-11T20:32:02.978-0500] {logging_mixin.py:117} INFO - [2022-10-11T20:32:02.978-0500] {dag.py:2573} INFO - Sync 1 DAGs
[2022-10-11T20:32:02.994-0500] {logging_mixin.py:117} INFO - [2022-10-11T20:32:02.994-0500] {dag.py:3324} INFO - Setting next_dagrun for tutorial_taskflow_api to None, run_after=None
[2022-10-11T20:32:03.025-0500] {processor.py:178} INFO - Processing /home/gabsiston/Documentos/projetos/airflow-data/venv/lib/python3.8/site-packages/airflow/example_dags/tutorial_taskflow_api.py took 0.107 seconds
[2022-10-11T20:32:39.349-0500] {processor.py:156} INFO - Started process (PID=11652) to work on /home/gabsiston/Documentos/projetos/airflow-data/venv/lib/python3.8/site-packages/airflow/example_dags/tutorial_taskflow_api.py
[2022-10-11T20:32:39.351-0500] {processor.py:758} INFO - Processing file /home/gabsiston/Documentos/projetos/airflow-data/venv/lib/python3.8/site-packages/airflow/example_dags/tutorial_taskflow_api.py for tasks to queue
[2022-10-11T20:32:39.351-0500] {logging_mixin.py:117} INFO - [2022-10-11T20:32:39.351-0500] {dagbag.py:525} INFO - Filling up the DagBag from /home/gabsiston/Documentos/projetos/airflow-data/venv/lib/python3.8/site-packages/airflow/example_dags/tutorial_taskflow_api.py
[2022-10-11T20:32:39.367-0500] {processor.py:768} INFO - DAG(s) dict_keys(['tutorial_taskflow_api']) retrieved from /home/gabsiston/Documentos/projetos/airflow-data/venv/lib/python3.8/site-packages/airflow/example_dags/tutorial_taskflow_api.py
[2022-10-11T20:32:39.384-0500] {logging_mixin.py:117} INFO - [2022-10-11T20:32:39.383-0500] {dag.py:2573} INFO - Sync 1 DAGs
[2022-10-11T20:32:39.399-0500] {logging_mixin.py:117} INFO - [2022-10-11T20:32:39.398-0500] {dag.py:3324} INFO - Setting next_dagrun for tutorial_taskflow_api to None, run_after=None
[2022-10-11T20:32:39.417-0500] {processor.py:178} INFO - Processing /home/gabsiston/Documentos/projetos/airflow-data/venv/lib/python3.8/site-packages/airflow/example_dags/tutorial_taskflow_api.py took 0.071 seconds
[2022-10-11T20:33:15.657-0500] {processor.py:156} INFO - Started process (PID=12077) to work on /home/gabsiston/Documentos/projetos/airflow-data/venv/lib/python3.8/site-packages/airflow/example_dags/tutorial_taskflow_api.py
[2022-10-11T20:33:15.659-0500] {processor.py:758} INFO - Processing file /home/gabsiston/Documentos/projetos/airflow-data/venv/lib/python3.8/site-packages/airflow/example_dags/tutorial_taskflow_api.py for tasks to queue
[2022-10-11T20:33:15.660-0500] {logging_mixin.py:117} INFO - [2022-10-11T20:33:15.660-0500] {dagbag.py:525} INFO - Filling up the DagBag from /home/gabsiston/Documentos/projetos/airflow-data/venv/lib/python3.8/site-packages/airflow/example_dags/tutorial_taskflow_api.py
[2022-10-11T20:33:15.687-0500] {processor.py:768} INFO - DAG(s) dict_keys(['tutorial_taskflow_api']) retrieved from /home/gabsiston/Documentos/projetos/airflow-data/venv/lib/python3.8/site-packages/airflow/example_dags/tutorial_taskflow_api.py
[2022-10-11T20:33:15.706-0500] {logging_mixin.py:117} INFO - [2022-10-11T20:33:15.706-0500] {dag.py:2573} INFO - Sync 1 DAGs
[2022-10-11T20:33:15.722-0500] {logging_mixin.py:117} INFO - [2022-10-11T20:33:15.722-0500] {dag.py:3324} INFO - Setting next_dagrun for tutorial_taskflow_api to None, run_after=None
[2022-10-11T20:33:15.756-0500] {processor.py:178} INFO - Processing /home/gabsiston/Documentos/projetos/airflow-data/venv/lib/python3.8/site-packages/airflow/example_dags/tutorial_taskflow_api.py took 0.102 seconds
[2022-10-11T20:33:56.725-0500] {processor.py:156} INFO - Started process (PID=12292) to work on /home/gabsiston/Documentos/projetos/airflow-data/venv/lib/python3.8/site-packages/airflow/example_dags/tutorial_taskflow_api.py
[2022-10-11T20:33:56.727-0500] {processor.py:758} INFO - Processing file /home/gabsiston/Documentos/projetos/airflow-data/venv/lib/python3.8/site-packages/airflow/example_dags/tutorial_taskflow_api.py for tasks to queue
[2022-10-11T20:33:56.728-0500] {logging_mixin.py:117} INFO - [2022-10-11T20:33:56.728-0500] {dagbag.py:525} INFO - Filling up the DagBag from /home/gabsiston/Documentos/projetos/airflow-data/venv/lib/python3.8/site-packages/airflow/example_dags/tutorial_taskflow_api.py
[2022-10-11T20:33:56.755-0500] {processor.py:768} INFO - DAG(s) dict_keys(['tutorial_taskflow_api']) retrieved from /home/gabsiston/Documentos/projetos/airflow-data/venv/lib/python3.8/site-packages/airflow/example_dags/tutorial_taskflow_api.py
[2022-10-11T20:33:56.776-0500] {logging_mixin.py:117} INFO - [2022-10-11T20:33:56.776-0500] {dag.py:2573} INFO - Sync 1 DAGs
[2022-10-11T20:33:56.792-0500] {logging_mixin.py:117} INFO - [2022-10-11T20:33:56.792-0500] {dag.py:3324} INFO - Setting next_dagrun for tutorial_taskflow_api to None, run_after=None
[2022-10-11T20:33:56.814-0500] {processor.py:178} INFO - Processing /home/gabsiston/Documentos/projetos/airflow-data/venv/lib/python3.8/site-packages/airflow/example_dags/tutorial_taskflow_api.py took 0.093 seconds
[2022-10-11T20:34:38.611-0500] {processor.py:156} INFO - Started process (PID=12507) to work on /home/gabsiston/Documentos/projetos/airflow-data/venv/lib/python3.8/site-packages/airflow/example_dags/tutorial_taskflow_api.py
[2022-10-11T20:34:38.614-0500] {processor.py:758} INFO - Processing file /home/gabsiston/Documentos/projetos/airflow-data/venv/lib/python3.8/site-packages/airflow/example_dags/tutorial_taskflow_api.py for tasks to queue
[2022-10-11T20:34:38.615-0500] {logging_mixin.py:117} INFO - [2022-10-11T20:34:38.615-0500] {dagbag.py:525} INFO - Filling up the DagBag from /home/gabsiston/Documentos/projetos/airflow-data/venv/lib/python3.8/site-packages/airflow/example_dags/tutorial_taskflow_api.py
[2022-10-11T20:34:38.641-0500] {processor.py:768} INFO - DAG(s) dict_keys(['tutorial_taskflow_api']) retrieved from /home/gabsiston/Documentos/projetos/airflow-data/venv/lib/python3.8/site-packages/airflow/example_dags/tutorial_taskflow_api.py
[2022-10-11T20:34:38.660-0500] {logging_mixin.py:117} INFO - [2022-10-11T20:34:38.660-0500] {dag.py:2573} INFO - Sync 1 DAGs
[2022-10-11T20:34:38.676-0500] {logging_mixin.py:117} INFO - [2022-10-11T20:34:38.675-0500] {dag.py:3324} INFO - Setting next_dagrun for tutorial_taskflow_api to None, run_after=None
[2022-10-11T20:34:38.700-0500] {processor.py:178} INFO - Processing /home/gabsiston/Documentos/projetos/airflow-data/venv/lib/python3.8/site-packages/airflow/example_dags/tutorial_taskflow_api.py took 0.091 seconds
[2022-10-11T20:35:17.383-0500] {processor.py:156} INFO - Started process (PID=12772) to work on /home/gabsiston/Documentos/projetos/airflow-data/venv/lib/python3.8/site-packages/airflow/example_dags/tutorial_taskflow_api.py
[2022-10-11T20:35:17.385-0500] {processor.py:758} INFO - Processing file /home/gabsiston/Documentos/projetos/airflow-data/venv/lib/python3.8/site-packages/airflow/example_dags/tutorial_taskflow_api.py for tasks to queue
[2022-10-11T20:35:17.386-0500] {logging_mixin.py:117} INFO - [2022-10-11T20:35:17.386-0500] {dagbag.py:525} INFO - Filling up the DagBag from /home/gabsiston/Documentos/projetos/airflow-data/venv/lib/python3.8/site-packages/airflow/example_dags/tutorial_taskflow_api.py
[2022-10-11T20:35:17.403-0500] {processor.py:768} INFO - DAG(s) dict_keys(['tutorial_taskflow_api']) retrieved from /home/gabsiston/Documentos/projetos/airflow-data/venv/lib/python3.8/site-packages/airflow/example_dags/tutorial_taskflow_api.py
[2022-10-11T20:35:17.420-0500] {logging_mixin.py:117} INFO - [2022-10-11T20:35:17.420-0500] {dag.py:2573} INFO - Sync 1 DAGs
[2022-10-11T20:35:17.434-0500] {logging_mixin.py:117} INFO - [2022-10-11T20:35:17.434-0500] {dag.py:3324} INFO - Setting next_dagrun for tutorial_taskflow_api to None, run_after=None
[2022-10-11T20:35:17.455-0500] {processor.py:178} INFO - Processing /home/gabsiston/Documentos/projetos/airflow-data/venv/lib/python3.8/site-packages/airflow/example_dags/tutorial_taskflow_api.py took 0.074 seconds
[2022-10-11T20:35:54.071-0500] {processor.py:156} INFO - Started process (PID=12966) to work on /home/gabsiston/Documentos/projetos/airflow-data/venv/lib/python3.8/site-packages/airflow/example_dags/tutorial_taskflow_api.py
[2022-10-11T20:35:54.074-0500] {processor.py:758} INFO - Processing file /home/gabsiston/Documentos/projetos/airflow-data/venv/lib/python3.8/site-packages/airflow/example_dags/tutorial_taskflow_api.py for tasks to queue
[2022-10-11T20:35:54.076-0500] {logging_mixin.py:117} INFO - [2022-10-11T20:35:54.075-0500] {dagbag.py:525} INFO - Filling up the DagBag from /home/gabsiston/Documentos/projetos/airflow-data/venv/lib/python3.8/site-packages/airflow/example_dags/tutorial_taskflow_api.py
[2022-10-11T20:35:54.119-0500] {processor.py:768} INFO - DAG(s) dict_keys(['tutorial_taskflow_api']) retrieved from /home/gabsiston/Documentos/projetos/airflow-data/venv/lib/python3.8/site-packages/airflow/example_dags/tutorial_taskflow_api.py
[2022-10-11T20:35:54.138-0500] {logging_mixin.py:117} INFO - [2022-10-11T20:35:54.138-0500] {dag.py:2573} INFO - Sync 1 DAGs
[2022-10-11T20:35:54.154-0500] {logging_mixin.py:117} INFO - [2022-10-11T20:35:54.154-0500] {dag.py:3324} INFO - Setting next_dagrun for tutorial_taskflow_api to None, run_after=None
[2022-10-11T20:35:54.174-0500] {processor.py:178} INFO - Processing /home/gabsiston/Documentos/projetos/airflow-data/venv/lib/python3.8/site-packages/airflow/example_dags/tutorial_taskflow_api.py took 0.106 seconds
[2022-10-11T20:36:32.329-0500] {processor.py:156} INFO - Started process (PID=13371) to work on /home/gabsiston/Documentos/projetos/airflow-data/venv/lib/python3.8/site-packages/airflow/example_dags/tutorial_taskflow_api.py
[2022-10-11T20:36:32.330-0500] {processor.py:758} INFO - Processing file /home/gabsiston/Documentos/projetos/airflow-data/venv/lib/python3.8/site-packages/airflow/example_dags/tutorial_taskflow_api.py for tasks to queue
[2022-10-11T20:36:32.330-0500] {logging_mixin.py:117} INFO - [2022-10-11T20:36:32.330-0500] {dagbag.py:525} INFO - Filling up the DagBag from /home/gabsiston/Documentos/projetos/airflow-data/venv/lib/python3.8/site-packages/airflow/example_dags/tutorial_taskflow_api.py
[2022-10-11T20:36:32.349-0500] {processor.py:768} INFO - DAG(s) dict_keys(['tutorial_taskflow_api']) retrieved from /home/gabsiston/Documentos/projetos/airflow-data/venv/lib/python3.8/site-packages/airflow/example_dags/tutorial_taskflow_api.py
[2022-10-11T20:36:32.368-0500] {logging_mixin.py:117} INFO - [2022-10-11T20:36:32.367-0500] {dag.py:2573} INFO - Sync 1 DAGs
[2022-10-11T20:36:32.386-0500] {logging_mixin.py:117} INFO - [2022-10-11T20:36:32.385-0500] {dag.py:3324} INFO - Setting next_dagrun for tutorial_taskflow_api to None, run_after=None
[2022-10-11T20:36:32.407-0500] {processor.py:178} INFO - Processing /home/gabsiston/Documentos/projetos/airflow-data/venv/lib/python3.8/site-packages/airflow/example_dags/tutorial_taskflow_api.py took 0.080 seconds
