[2022-10-11T20:25:06.283-0500] {processor.py:156} INFO - Started process (PID=7595) to work on /home/gabsiston/Documentos/projetos/airflow-data/venv/lib/python3.8/site-packages/airflow/example_dags/subdags/subdag.py
[2022-10-11T20:25:06.283-0500] {processor.py:758} INFO - Processing file /home/gabsiston/Documentos/projetos/airflow-data/venv/lib/python3.8/site-packages/airflow/example_dags/subdags/subdag.py for tasks to queue
[2022-10-11T20:25:06.284-0500] {logging_mixin.py:117} INFO - [2022-10-11T20:25:06.284-0500] {dagbag.py:525} INFO - Filling up the DagBag from /home/gabsiston/Documentos/projetos/airflow-data/venv/lib/python3.8/site-packages/airflow/example_dags/subdags/subdag.py
[2022-10-11T20:25:06.287-0500] {processor.py:770} WARNING - No viable dags retrieved from /home/gabsiston/Documentos/projetos/airflow-data/venv/lib/python3.8/site-packages/airflow/example_dags/subdags/subdag.py
[2022-10-11T20:25:06.296-0500] {processor.py:178} INFO - Processing /home/gabsiston/Documentos/projetos/airflow-data/venv/lib/python3.8/site-packages/airflow/example_dags/subdags/subdag.py took 0.015 seconds
[2022-10-11T20:25:49.509-0500] {processor.py:156} INFO - Started process (PID=8059) to work on /home/gabsiston/Documentos/projetos/airflow-data/venv/lib/python3.8/site-packages/airflow/example_dags/subdags/subdag.py
[2022-10-11T20:25:49.511-0500] {processor.py:758} INFO - Processing file /home/gabsiston/Documentos/projetos/airflow-data/venv/lib/python3.8/site-packages/airflow/example_dags/subdags/subdag.py for tasks to queue
[2022-10-11T20:25:49.511-0500] {logging_mixin.py:117} INFO - [2022-10-11T20:25:49.511-0500] {dagbag.py:525} INFO - Filling up the DagBag from /home/gabsiston/Documentos/projetos/airflow-data/venv/lib/python3.8/site-packages/airflow/example_dags/subdags/subdag.py
[2022-10-11T20:25:49.513-0500] {processor.py:770} WARNING - No viable dags retrieved from /home/gabsiston/Documentos/projetos/airflow-data/venv/lib/python3.8/site-packages/airflow/example_dags/subdags/subdag.py
[2022-10-11T20:25:49.520-0500] {processor.py:178} INFO - Processing /home/gabsiston/Documentos/projetos/airflow-data/venv/lib/python3.8/site-packages/airflow/example_dags/subdags/subdag.py took 0.013 seconds
[2022-10-11T20:26:26.117-0500] {processor.py:156} INFO - Started process (PID=8500) to work on /home/gabsiston/Documentos/projetos/airflow-data/venv/lib/python3.8/site-packages/airflow/example_dags/subdags/subdag.py
[2022-10-11T20:26:26.118-0500] {processor.py:758} INFO - Processing file /home/gabsiston/Documentos/projetos/airflow-data/venv/lib/python3.8/site-packages/airflow/example_dags/subdags/subdag.py for tasks to queue
[2022-10-11T20:26:26.119-0500] {logging_mixin.py:117} INFO - [2022-10-11T20:26:26.119-0500] {dagbag.py:525} INFO - Filling up the DagBag from /home/gabsiston/Documentos/projetos/airflow-data/venv/lib/python3.8/site-packages/airflow/example_dags/subdags/subdag.py
[2022-10-11T20:26:26.124-0500] {processor.py:770} WARNING - No viable dags retrieved from /home/gabsiston/Documentos/projetos/airflow-data/venv/lib/python3.8/site-packages/airflow/example_dags/subdags/subdag.py
[2022-10-11T20:26:26.136-0500] {processor.py:178} INFO - Processing /home/gabsiston/Documentos/projetos/airflow-data/venv/lib/python3.8/site-packages/airflow/example_dags/subdags/subdag.py took 0.022 seconds
[2022-10-11T20:27:00.397-0500] {processor.py:156} INFO - Started process (PID=9053) to work on /home/gabsiston/Documentos/projetos/airflow-data/venv/lib/python3.8/site-packages/airflow/example_dags/subdags/subdag.py
[2022-10-11T20:27:00.399-0500] {processor.py:758} INFO - Processing file /home/gabsiston/Documentos/projetos/airflow-data/venv/lib/python3.8/site-packages/airflow/example_dags/subdags/subdag.py for tasks to queue
[2022-10-11T20:27:00.400-0500] {logging_mixin.py:117} INFO - [2022-10-11T20:27:00.400-0500] {dagbag.py:525} INFO - Filling up the DagBag from /home/gabsiston/Documentos/projetos/airflow-data/venv/lib/python3.8/site-packages/airflow/example_dags/subdags/subdag.py
[2022-10-11T20:27:00.403-0500] {processor.py:770} WARNING - No viable dags retrieved from /home/gabsiston/Documentos/projetos/airflow-data/venv/lib/python3.8/site-packages/airflow/example_dags/subdags/subdag.py
[2022-10-11T20:27:00.412-0500] {processor.py:178} INFO - Processing /home/gabsiston/Documentos/projetos/airflow-data/venv/lib/python3.8/site-packages/airflow/example_dags/subdags/subdag.py took 0.016 seconds
[2022-10-11T20:27:33.632-0500] {processor.py:156} INFO - Started process (PID=9482) to work on /home/gabsiston/Documentos/projetos/airflow-data/venv/lib/python3.8/site-packages/airflow/example_dags/subdags/subdag.py
[2022-10-11T20:27:33.636-0500] {processor.py:758} INFO - Processing file /home/gabsiston/Documentos/projetos/airflow-data/venv/lib/python3.8/site-packages/airflow/example_dags/subdags/subdag.py for tasks to queue
[2022-10-11T20:27:33.638-0500] {logging_mixin.py:117} INFO - [2022-10-11T20:27:33.637-0500] {dagbag.py:525} INFO - Filling up the DagBag from /home/gabsiston/Documentos/projetos/airflow-data/venv/lib/python3.8/site-packages/airflow/example_dags/subdags/subdag.py
[2022-10-11T20:27:33.648-0500] {processor.py:770} WARNING - No viable dags retrieved from /home/gabsiston/Documentos/projetos/airflow-data/venv/lib/python3.8/site-packages/airflow/example_dags/subdags/subdag.py
[2022-10-11T20:27:33.661-0500] {processor.py:178} INFO - Processing /home/gabsiston/Documentos/projetos/airflow-data/venv/lib/python3.8/site-packages/airflow/example_dags/subdags/subdag.py took 0.038 seconds
[2022-10-11T20:28:08.815-0500] {processor.py:156} INFO - Started process (PID=9751) to work on /home/gabsiston/Documentos/projetos/airflow-data/venv/lib/python3.8/site-packages/airflow/example_dags/subdags/subdag.py
[2022-10-11T20:28:08.817-0500] {processor.py:758} INFO - Processing file /home/gabsiston/Documentos/projetos/airflow-data/venv/lib/python3.8/site-packages/airflow/example_dags/subdags/subdag.py for tasks to queue
[2022-10-11T20:28:08.817-0500] {logging_mixin.py:117} INFO - [2022-10-11T20:28:08.817-0500] {dagbag.py:525} INFO - Filling up the DagBag from /home/gabsiston/Documentos/projetos/airflow-data/venv/lib/python3.8/site-packages/airflow/example_dags/subdags/subdag.py
[2022-10-11T20:28:08.820-0500] {processor.py:770} WARNING - No viable dags retrieved from /home/gabsiston/Documentos/projetos/airflow-data/venv/lib/python3.8/site-packages/airflow/example_dags/subdags/subdag.py
[2022-10-11T20:28:08.827-0500] {processor.py:178} INFO - Processing /home/gabsiston/Documentos/projetos/airflow-data/venv/lib/python3.8/site-packages/airflow/example_dags/subdags/subdag.py took 0.014 seconds
[2022-10-11T20:28:43.812-0500] {processor.py:156} INFO - Started process (PID=10036) to work on /home/gabsiston/Documentos/projetos/airflow-data/venv/lib/python3.8/site-packages/airflow/example_dags/subdags/subdag.py
[2022-10-11T20:28:43.813-0500] {processor.py:758} INFO - Processing file /home/gabsiston/Documentos/projetos/airflow-data/venv/lib/python3.8/site-packages/airflow/example_dags/subdags/subdag.py for tasks to queue
[2022-10-11T20:28:43.813-0500] {logging_mixin.py:117} INFO - [2022-10-11T20:28:43.813-0500] {dagbag.py:525} INFO - Filling up the DagBag from /home/gabsiston/Documentos/projetos/airflow-data/venv/lib/python3.8/site-packages/airflow/example_dags/subdags/subdag.py
[2022-10-11T20:28:43.816-0500] {processor.py:770} WARNING - No viable dags retrieved from /home/gabsiston/Documentos/projetos/airflow-data/venv/lib/python3.8/site-packages/airflow/example_dags/subdags/subdag.py
[2022-10-11T20:28:43.825-0500] {processor.py:178} INFO - Processing /home/gabsiston/Documentos/projetos/airflow-data/venv/lib/python3.8/site-packages/airflow/example_dags/subdags/subdag.py took 0.015 seconds
[2022-10-11T20:29:20.019-0500] {processor.py:156} INFO - Started process (PID=10270) to work on /home/gabsiston/Documentos/projetos/airflow-data/venv/lib/python3.8/site-packages/airflow/example_dags/subdags/subdag.py
[2022-10-11T20:29:20.020-0500] {processor.py:758} INFO - Processing file /home/gabsiston/Documentos/projetos/airflow-data/venv/lib/python3.8/site-packages/airflow/example_dags/subdags/subdag.py for tasks to queue
[2022-10-11T20:29:20.021-0500] {logging_mixin.py:117} INFO - [2022-10-11T20:29:20.021-0500] {dagbag.py:525} INFO - Filling up the DagBag from /home/gabsiston/Documentos/projetos/airflow-data/venv/lib/python3.8/site-packages/airflow/example_dags/subdags/subdag.py
[2022-10-11T20:29:20.024-0500] {processor.py:770} WARNING - No viable dags retrieved from /home/gabsiston/Documentos/projetos/airflow-data/venv/lib/python3.8/site-packages/airflow/example_dags/subdags/subdag.py
[2022-10-11T20:29:20.032-0500] {processor.py:178} INFO - Processing /home/gabsiston/Documentos/projetos/airflow-data/venv/lib/python3.8/site-packages/airflow/example_dags/subdags/subdag.py took 0.015 seconds
[2022-10-11T20:29:55.625-0500] {processor.py:156} INFO - Started process (PID=10451) to work on /home/gabsiston/Documentos/projetos/airflow-data/venv/lib/python3.8/site-packages/airflow/example_dags/subdags/subdag.py
[2022-10-11T20:29:55.628-0500] {processor.py:758} INFO - Processing file /home/gabsiston/Documentos/projetos/airflow-data/venv/lib/python3.8/site-packages/airflow/example_dags/subdags/subdag.py for tasks to queue
[2022-10-11T20:29:55.630-0500] {logging_mixin.py:117} INFO - [2022-10-11T20:29:55.630-0500] {dagbag.py:525} INFO - Filling up the DagBag from /home/gabsiston/Documentos/projetos/airflow-data/venv/lib/python3.8/site-packages/airflow/example_dags/subdags/subdag.py
[2022-10-11T20:29:55.640-0500] {processor.py:770} WARNING - No viable dags retrieved from /home/gabsiston/Documentos/projetos/airflow-data/venv/lib/python3.8/site-packages/airflow/example_dags/subdags/subdag.py
[2022-10-11T20:29:55.652-0500] {processor.py:178} INFO - Processing /home/gabsiston/Documentos/projetos/airflow-data/venv/lib/python3.8/site-packages/airflow/example_dags/subdags/subdag.py took 0.036 seconds
[2022-10-11T20:30:28.470-0500] {processor.py:156} INFO - Started process (PID=10672) to work on /home/gabsiston/Documentos/projetos/airflow-data/venv/lib/python3.8/site-packages/airflow/example_dags/subdags/subdag.py
[2022-10-11T20:30:28.473-0500] {processor.py:758} INFO - Processing file /home/gabsiston/Documentos/projetos/airflow-data/venv/lib/python3.8/site-packages/airflow/example_dags/subdags/subdag.py for tasks to queue
[2022-10-11T20:30:28.474-0500] {logging_mixin.py:117} INFO - [2022-10-11T20:30:28.474-0500] {dagbag.py:525} INFO - Filling up the DagBag from /home/gabsiston/Documentos/projetos/airflow-data/venv/lib/python3.8/site-packages/airflow/example_dags/subdags/subdag.py
[2022-10-11T20:30:28.481-0500] {processor.py:770} WARNING - No viable dags retrieved from /home/gabsiston/Documentos/projetos/airflow-data/venv/lib/python3.8/site-packages/airflow/example_dags/subdags/subdag.py
[2022-10-11T20:30:28.496-0500] {processor.py:178} INFO - Processing /home/gabsiston/Documentos/projetos/airflow-data/venv/lib/python3.8/site-packages/airflow/example_dags/subdags/subdag.py took 0.033 seconds
[2022-10-11T20:31:02.509-0500] {processor.py:156} INFO - Started process (PID=10879) to work on /home/gabsiston/Documentos/projetos/airflow-data/venv/lib/python3.8/site-packages/airflow/example_dags/subdags/subdag.py
[2022-10-11T20:31:02.512-0500] {processor.py:758} INFO - Processing file /home/gabsiston/Documentos/projetos/airflow-data/venv/lib/python3.8/site-packages/airflow/example_dags/subdags/subdag.py for tasks to queue
[2022-10-11T20:31:02.512-0500] {logging_mixin.py:117} INFO - [2022-10-11T20:31:02.512-0500] {dagbag.py:525} INFO - Filling up the DagBag from /home/gabsiston/Documentos/projetos/airflow-data/venv/lib/python3.8/site-packages/airflow/example_dags/subdags/subdag.py
[2022-10-11T20:31:02.515-0500] {processor.py:770} WARNING - No viable dags retrieved from /home/gabsiston/Documentos/projetos/airflow-data/venv/lib/python3.8/site-packages/airflow/example_dags/subdags/subdag.py
[2022-10-11T20:31:02.524-0500] {processor.py:178} INFO - Processing /home/gabsiston/Documentos/projetos/airflow-data/venv/lib/python3.8/site-packages/airflow/example_dags/subdags/subdag.py took 0.017 seconds
[2022-10-11T20:31:34.634-0500] {processor.py:156} INFO - Started process (PID=11183) to work on /home/gabsiston/Documentos/projetos/airflow-data/venv/lib/python3.8/site-packages/airflow/example_dags/subdags/subdag.py
[2022-10-11T20:31:34.637-0500] {processor.py:758} INFO - Processing file /home/gabsiston/Documentos/projetos/airflow-data/venv/lib/python3.8/site-packages/airflow/example_dags/subdags/subdag.py for tasks to queue
[2022-10-11T20:31:34.637-0500] {logging_mixin.py:117} INFO - [2022-10-11T20:31:34.637-0500] {dagbag.py:525} INFO - Filling up the DagBag from /home/gabsiston/Documentos/projetos/airflow-data/venv/lib/python3.8/site-packages/airflow/example_dags/subdags/subdag.py
[2022-10-11T20:31:34.640-0500] {processor.py:770} WARNING - No viable dags retrieved from /home/gabsiston/Documentos/projetos/airflow-data/venv/lib/python3.8/site-packages/airflow/example_dags/subdags/subdag.py
[2022-10-11T20:31:34.649-0500] {processor.py:178} INFO - Processing /home/gabsiston/Documentos/projetos/airflow-data/venv/lib/python3.8/site-packages/airflow/example_dags/subdags/subdag.py took 0.017 seconds
[2022-10-11T20:32:05.144-0500] {processor.py:156} INFO - Started process (PID=11392) to work on /home/gabsiston/Documentos/projetos/airflow-data/venv/lib/python3.8/site-packages/airflow/example_dags/subdags/subdag.py
[2022-10-11T20:32:05.148-0500] {processor.py:758} INFO - Processing file /home/gabsiston/Documentos/projetos/airflow-data/venv/lib/python3.8/site-packages/airflow/example_dags/subdags/subdag.py for tasks to queue
[2022-10-11T20:32:05.150-0500] {logging_mixin.py:117} INFO - [2022-10-11T20:32:05.150-0500] {dagbag.py:525} INFO - Filling up the DagBag from /home/gabsiston/Documentos/projetos/airflow-data/venv/lib/python3.8/site-packages/airflow/example_dags/subdags/subdag.py
[2022-10-11T20:32:05.160-0500] {processor.py:770} WARNING - No viable dags retrieved from /home/gabsiston/Documentos/projetos/airflow-data/venv/lib/python3.8/site-packages/airflow/example_dags/subdags/subdag.py
[2022-10-11T20:32:05.175-0500] {processor.py:178} INFO - Processing /home/gabsiston/Documentos/projetos/airflow-data/venv/lib/python3.8/site-packages/airflow/example_dags/subdags/subdag.py took 0.039 seconds
[2022-10-11T20:32:41.227-0500] {processor.py:156} INFO - Started process (PID=11693) to work on /home/gabsiston/Documentos/projetos/airflow-data/venv/lib/python3.8/site-packages/airflow/example_dags/subdags/subdag.py
[2022-10-11T20:32:41.231-0500] {processor.py:758} INFO - Processing file /home/gabsiston/Documentos/projetos/airflow-data/venv/lib/python3.8/site-packages/airflow/example_dags/subdags/subdag.py for tasks to queue
[2022-10-11T20:32:41.233-0500] {logging_mixin.py:117} INFO - [2022-10-11T20:32:41.232-0500] {dagbag.py:525} INFO - Filling up the DagBag from /home/gabsiston/Documentos/projetos/airflow-data/venv/lib/python3.8/site-packages/airflow/example_dags/subdags/subdag.py
[2022-10-11T20:32:41.241-0500] {processor.py:770} WARNING - No viable dags retrieved from /home/gabsiston/Documentos/projetos/airflow-data/venv/lib/python3.8/site-packages/airflow/example_dags/subdags/subdag.py
[2022-10-11T20:32:41.256-0500] {processor.py:178} INFO - Processing /home/gabsiston/Documentos/projetos/airflow-data/venv/lib/python3.8/site-packages/airflow/example_dags/subdags/subdag.py took 0.036 seconds
[2022-10-11T20:33:11.528-0500] {processor.py:156} INFO - Started process (PID=12059) to work on /home/gabsiston/Documentos/projetos/airflow-data/venv/lib/python3.8/site-packages/airflow/example_dags/subdags/subdag.py
[2022-10-11T20:33:11.531-0500] {processor.py:758} INFO - Processing file /home/gabsiston/Documentos/projetos/airflow-data/venv/lib/python3.8/site-packages/airflow/example_dags/subdags/subdag.py for tasks to queue
[2022-10-11T20:33:11.532-0500] {logging_mixin.py:117} INFO - [2022-10-11T20:33:11.532-0500] {dagbag.py:525} INFO - Filling up the DagBag from /home/gabsiston/Documentos/projetos/airflow-data/venv/lib/python3.8/site-packages/airflow/example_dags/subdags/subdag.py
[2022-10-11T20:33:11.540-0500] {processor.py:770} WARNING - No viable dags retrieved from /home/gabsiston/Documentos/projetos/airflow-data/venv/lib/python3.8/site-packages/airflow/example_dags/subdags/subdag.py
[2022-10-11T20:33:11.555-0500] {processor.py:178} INFO - Processing /home/gabsiston/Documentos/projetos/airflow-data/venv/lib/python3.8/site-packages/airflow/example_dags/subdags/subdag.py took 0.032 seconds
[2022-10-11T20:33:42.937-0500] {processor.py:156} INFO - Started process (PID=12229) to work on /home/gabsiston/Documentos/projetos/airflow-data/venv/lib/python3.8/site-packages/airflow/example_dags/subdags/subdag.py
[2022-10-11T20:33:42.938-0500] {processor.py:758} INFO - Processing file /home/gabsiston/Documentos/projetos/airflow-data/venv/lib/python3.8/site-packages/airflow/example_dags/subdags/subdag.py for tasks to queue
[2022-10-11T20:33:42.938-0500] {logging_mixin.py:117} INFO - [2022-10-11T20:33:42.938-0500] {dagbag.py:525} INFO - Filling up the DagBag from /home/gabsiston/Documentos/projetos/airflow-data/venv/lib/python3.8/site-packages/airflow/example_dags/subdags/subdag.py
[2022-10-11T20:33:42.940-0500] {processor.py:770} WARNING - No viable dags retrieved from /home/gabsiston/Documentos/projetos/airflow-data/venv/lib/python3.8/site-packages/airflow/example_dags/subdags/subdag.py
[2022-10-11T20:33:42.948-0500] {processor.py:178} INFO - Processing /home/gabsiston/Documentos/projetos/airflow-data/venv/lib/python3.8/site-packages/airflow/example_dags/subdags/subdag.py took 0.012 seconds
[2022-10-11T20:34:20.153-0500] {processor.py:156} INFO - Started process (PID=12409) to work on /home/gabsiston/Documentos/projetos/airflow-data/venv/lib/python3.8/site-packages/airflow/example_dags/subdags/subdag.py
[2022-10-11T20:34:20.155-0500] {processor.py:758} INFO - Processing file /home/gabsiston/Documentos/projetos/airflow-data/venv/lib/python3.8/site-packages/airflow/example_dags/subdags/subdag.py for tasks to queue
[2022-10-11T20:34:20.156-0500] {logging_mixin.py:117} INFO - [2022-10-11T20:34:20.155-0500] {dagbag.py:525} INFO - Filling up the DagBag from /home/gabsiston/Documentos/projetos/airflow-data/venv/lib/python3.8/site-packages/airflow/example_dags/subdags/subdag.py
[2022-10-11T20:34:20.159-0500] {processor.py:770} WARNING - No viable dags retrieved from /home/gabsiston/Documentos/projetos/airflow-data/venv/lib/python3.8/site-packages/airflow/example_dags/subdags/subdag.py
[2022-10-11T20:34:20.168-0500] {processor.py:178} INFO - Processing /home/gabsiston/Documentos/projetos/airflow-data/venv/lib/python3.8/site-packages/airflow/example_dags/subdags/subdag.py took 0.018 seconds
[2022-10-11T20:34:55.462-0500] {processor.py:156} INFO - Started process (PID=12608) to work on /home/gabsiston/Documentos/projetos/airflow-data/venv/lib/python3.8/site-packages/airflow/example_dags/subdags/subdag.py
[2022-10-11T20:34:55.466-0500] {processor.py:758} INFO - Processing file /home/gabsiston/Documentos/projetos/airflow-data/venv/lib/python3.8/site-packages/airflow/example_dags/subdags/subdag.py for tasks to queue
[2022-10-11T20:34:55.468-0500] {logging_mixin.py:117} INFO - [2022-10-11T20:34:55.467-0500] {dagbag.py:525} INFO - Filling up the DagBag from /home/gabsiston/Documentos/projetos/airflow-data/venv/lib/python3.8/site-packages/airflow/example_dags/subdags/subdag.py
[2022-10-11T20:34:55.477-0500] {processor.py:770} WARNING - No viable dags retrieved from /home/gabsiston/Documentos/projetos/airflow-data/venv/lib/python3.8/site-packages/airflow/example_dags/subdags/subdag.py
[2022-10-11T20:34:55.492-0500] {processor.py:178} INFO - Processing /home/gabsiston/Documentos/projetos/airflow-data/venv/lib/python3.8/site-packages/airflow/example_dags/subdags/subdag.py took 0.039 seconds
[2022-10-11T20:35:25.568-0500] {processor.py:156} INFO - Started process (PID=12819) to work on /home/gabsiston/Documentos/projetos/airflow-data/venv/lib/python3.8/site-packages/airflow/example_dags/subdags/subdag.py
[2022-10-11T20:35:25.570-0500] {processor.py:758} INFO - Processing file /home/gabsiston/Documentos/projetos/airflow-data/venv/lib/python3.8/site-packages/airflow/example_dags/subdags/subdag.py for tasks to queue
[2022-10-11T20:35:25.571-0500] {logging_mixin.py:117} INFO - [2022-10-11T20:35:25.571-0500] {dagbag.py:525} INFO - Filling up the DagBag from /home/gabsiston/Documentos/projetos/airflow-data/venv/lib/python3.8/site-packages/airflow/example_dags/subdags/subdag.py
[2022-10-11T20:35:25.575-0500] {processor.py:770} WARNING - No viable dags retrieved from /home/gabsiston/Documentos/projetos/airflow-data/venv/lib/python3.8/site-packages/airflow/example_dags/subdags/subdag.py
[2022-10-11T20:35:25.589-0500] {processor.py:178} INFO - Processing /home/gabsiston/Documentos/projetos/airflow-data/venv/lib/python3.8/site-packages/airflow/example_dags/subdags/subdag.py took 0.024 seconds
[2022-10-11T20:36:02.044-0500] {processor.py:156} INFO - Started process (PID=13009) to work on /home/gabsiston/Documentos/projetos/airflow-data/venv/lib/python3.8/site-packages/airflow/example_dags/subdags/subdag.py
[2022-10-11T20:36:02.048-0500] {processor.py:758} INFO - Processing file /home/gabsiston/Documentos/projetos/airflow-data/venv/lib/python3.8/site-packages/airflow/example_dags/subdags/subdag.py for tasks to queue
[2022-10-11T20:36:02.050-0500] {logging_mixin.py:117} INFO - [2022-10-11T20:36:02.049-0500] {dagbag.py:525} INFO - Filling up the DagBag from /home/gabsiston/Documentos/projetos/airflow-data/venv/lib/python3.8/site-packages/airflow/example_dags/subdags/subdag.py
[2022-10-11T20:36:02.058-0500] {processor.py:770} WARNING - No viable dags retrieved from /home/gabsiston/Documentos/projetos/airflow-data/venv/lib/python3.8/site-packages/airflow/example_dags/subdags/subdag.py
[2022-10-11T20:36:02.071-0500] {processor.py:178} INFO - Processing /home/gabsiston/Documentos/projetos/airflow-data/venv/lib/python3.8/site-packages/airflow/example_dags/subdags/subdag.py took 0.038 seconds
[2022-10-11T20:36:33.463-0500] {processor.py:156} INFO - Started process (PID=13376) to work on /home/gabsiston/Documentos/projetos/airflow-data/venv/lib/python3.8/site-packages/airflow/example_dags/subdags/subdag.py
[2022-10-11T20:36:33.464-0500] {processor.py:758} INFO - Processing file /home/gabsiston/Documentos/projetos/airflow-data/venv/lib/python3.8/site-packages/airflow/example_dags/subdags/subdag.py for tasks to queue
[2022-10-11T20:36:33.464-0500] {logging_mixin.py:117} INFO - [2022-10-11T20:36:33.464-0500] {dagbag.py:525} INFO - Filling up the DagBag from /home/gabsiston/Documentos/projetos/airflow-data/venv/lib/python3.8/site-packages/airflow/example_dags/subdags/subdag.py
[2022-10-11T20:36:33.467-0500] {processor.py:770} WARNING - No viable dags retrieved from /home/gabsiston/Documentos/projetos/airflow-data/venv/lib/python3.8/site-packages/airflow/example_dags/subdags/subdag.py
[2022-10-11T20:36:33.474-0500] {processor.py:178} INFO - Processing /home/gabsiston/Documentos/projetos/airflow-data/venv/lib/python3.8/site-packages/airflow/example_dags/subdags/subdag.py took 0.014 seconds
[2022-10-11T20:37:08.061-0500] {processor.py:156} INFO - Started process (PID=13574) to work on /home/gabsiston/Documentos/projetos/airflow-data/venv/lib/python3.8/site-packages/airflow/example_dags/subdags/subdag.py
[2022-10-11T20:37:08.062-0500] {processor.py:758} INFO - Processing file /home/gabsiston/Documentos/projetos/airflow-data/venv/lib/python3.8/site-packages/airflow/example_dags/subdags/subdag.py for tasks to queue
[2022-10-11T20:37:08.062-0500] {logging_mixin.py:117} INFO - [2022-10-11T20:37:08.062-0500] {dagbag.py:525} INFO - Filling up the DagBag from /home/gabsiston/Documentos/projetos/airflow-data/venv/lib/python3.8/site-packages/airflow/example_dags/subdags/subdag.py
[2022-10-11T20:37:08.064-0500] {processor.py:770} WARNING - No viable dags retrieved from /home/gabsiston/Documentos/projetos/airflow-data/venv/lib/python3.8/site-packages/airflow/example_dags/subdags/subdag.py
[2022-10-11T20:37:08.072-0500] {processor.py:178} INFO - Processing /home/gabsiston/Documentos/projetos/airflow-data/venv/lib/python3.8/site-packages/airflow/example_dags/subdags/subdag.py took 0.013 seconds
