[2022-10-12T20:07:30.844-0500] {processor.py:156} INFO - Started process (PID=178640) to work on /home/gabsiston/Documentos/projetos/airflow-data/dags/join.py
[2022-10-12T20:07:30.845-0500] {processor.py:758} INFO - Processing file /home/gabsiston/Documentos/projetos/airflow-data/dags/join.py for tasks to queue
[2022-10-12T20:07:30.846-0500] {logging_mixin.py:117} INFO - [2022-10-12T20:07:30.846-0500] {dagbag.py:525} INFO - Filling up the DagBag from /home/gabsiston/Documentos/projetos/airflow-data/dags/join.py
[2022-10-12T20:07:31.139-0500] {processor.py:770} WARNING - No viable dags retrieved from /home/gabsiston/Documentos/projetos/airflow-data/dags/join.py
[2022-10-12T20:07:31.147-0500] {processor.py:178} INFO - Processing /home/gabsiston/Documentos/projetos/airflow-data/dags/join.py took 0.305 seconds
[2022-10-12T20:08:01.590-0500] {processor.py:156} INFO - Started process (PID=178775) to work on /home/gabsiston/Documentos/projetos/airflow-data/dags/join.py
[2022-10-12T20:08:01.593-0500] {processor.py:758} INFO - Processing file /home/gabsiston/Documentos/projetos/airflow-data/dags/join.py for tasks to queue
[2022-10-12T20:08:01.594-0500] {logging_mixin.py:117} INFO - [2022-10-12T20:08:01.594-0500] {dagbag.py:525} INFO - Filling up the DagBag from /home/gabsiston/Documentos/projetos/airflow-data/dags/join.py
[2022-10-12T20:08:01.907-0500] {processor.py:770} WARNING - No viable dags retrieved from /home/gabsiston/Documentos/projetos/airflow-data/dags/join.py
[2022-10-12T20:08:01.913-0500] {processor.py:178} INFO - Processing /home/gabsiston/Documentos/projetos/airflow-data/dags/join.py took 0.326 seconds
[2022-10-12T20:08:32.106-0500] {processor.py:156} INFO - Started process (PID=178840) to work on /home/gabsiston/Documentos/projetos/airflow-data/dags/join.py
[2022-10-12T20:08:32.109-0500] {processor.py:758} INFO - Processing file /home/gabsiston/Documentos/projetos/airflow-data/dags/join.py for tasks to queue
[2022-10-12T20:08:32.109-0500] {logging_mixin.py:117} INFO - [2022-10-12T20:08:32.109-0500] {dagbag.py:525} INFO - Filling up the DagBag from /home/gabsiston/Documentos/projetos/airflow-data/dags/join.py
[2022-10-12T20:08:32.411-0500] {processor.py:770} WARNING - No viable dags retrieved from /home/gabsiston/Documentos/projetos/airflow-data/dags/join.py
[2022-10-12T20:08:32.416-0500] {processor.py:178} INFO - Processing /home/gabsiston/Documentos/projetos/airflow-data/dags/join.py took 0.312 seconds
[2022-10-12T20:09:02.774-0500] {processor.py:156} INFO - Started process (PID=178903) to work on /home/gabsiston/Documentos/projetos/airflow-data/dags/join.py
[2022-10-12T20:09:02.776-0500] {processor.py:758} INFO - Processing file /home/gabsiston/Documentos/projetos/airflow-data/dags/join.py for tasks to queue
[2022-10-12T20:09:02.778-0500] {logging_mixin.py:117} INFO - [2022-10-12T20:09:02.777-0500] {dagbag.py:525} INFO - Filling up the DagBag from /home/gabsiston/Documentos/projetos/airflow-data/dags/join.py
[2022-10-12T20:09:03.113-0500] {processor.py:770} WARNING - No viable dags retrieved from /home/gabsiston/Documentos/projetos/airflow-data/dags/join.py
[2022-10-12T20:09:03.119-0500] {processor.py:178} INFO - Processing /home/gabsiston/Documentos/projetos/airflow-data/dags/join.py took 0.351 seconds
[2022-10-12T20:09:34.140-0500] {processor.py:156} INFO - Started process (PID=178973) to work on /home/gabsiston/Documentos/projetos/airflow-data/dags/join.py
[2022-10-12T20:09:34.179-0500] {processor.py:758} INFO - Processing file /home/gabsiston/Documentos/projetos/airflow-data/dags/join.py for tasks to queue
[2022-10-12T20:09:34.179-0500] {logging_mixin.py:117} INFO - [2022-10-12T20:09:34.179-0500] {dagbag.py:525} INFO - Filling up the DagBag from /home/gabsiston/Documentos/projetos/airflow-data/dags/join.py
[2022-10-12T20:09:34.467-0500] {processor.py:770} WARNING - No viable dags retrieved from /home/gabsiston/Documentos/projetos/airflow-data/dags/join.py
[2022-10-12T20:09:34.473-0500] {processor.py:178} INFO - Processing /home/gabsiston/Documentos/projetos/airflow-data/dags/join.py took 0.335 seconds
[2022-10-12T20:10:04.871-0500] {processor.py:156} INFO - Started process (PID=179069) to work on /home/gabsiston/Documentos/projetos/airflow-data/dags/join.py
[2022-10-12T20:10:04.911-0500] {processor.py:758} INFO - Processing file /home/gabsiston/Documentos/projetos/airflow-data/dags/join.py for tasks to queue
[2022-10-12T20:10:04.912-0500] {logging_mixin.py:117} INFO - [2022-10-12T20:10:04.912-0500] {dagbag.py:525} INFO - Filling up the DagBag from /home/gabsiston/Documentos/projetos/airflow-data/dags/join.py
[2022-10-12T20:10:05.216-0500] {processor.py:770} WARNING - No viable dags retrieved from /home/gabsiston/Documentos/projetos/airflow-data/dags/join.py
[2022-10-12T20:10:05.222-0500] {processor.py:178} INFO - Processing /home/gabsiston/Documentos/projetos/airflow-data/dags/join.py took 0.356 seconds
[2022-10-12T20:10:35.321-0500] {processor.py:156} INFO - Started process (PID=179140) to work on /home/gabsiston/Documentos/projetos/airflow-data/dags/join.py
[2022-10-12T20:10:35.324-0500] {processor.py:758} INFO - Processing file /home/gabsiston/Documentos/projetos/airflow-data/dags/join.py for tasks to queue
[2022-10-12T20:10:35.327-0500] {logging_mixin.py:117} INFO - [2022-10-12T20:10:35.325-0500] {dagbag.py:525} INFO - Filling up the DagBag from /home/gabsiston/Documentos/projetos/airflow-data/dags/join.py
[2022-10-12T20:10:35.707-0500] {processor.py:770} WARNING - No viable dags retrieved from /home/gabsiston/Documentos/projetos/airflow-data/dags/join.py
[2022-10-12T20:10:35.715-0500] {processor.py:178} INFO - Processing /home/gabsiston/Documentos/projetos/airflow-data/dags/join.py took 0.399 seconds
