[2022-10-11T20:25:07.464-0500] {processor.py:156} INFO - Started process (PID=7601) to work on /home/gabsiston/Documentos/projetos/airflow-data/venv/lib/python3.8/site-packages/airflow/example_dags/plugins/workday.py
[2022-10-11T20:25:07.466-0500] {processor.py:758} INFO - Processing file /home/gabsiston/Documentos/projetos/airflow-data/venv/lib/python3.8/site-packages/airflow/example_dags/plugins/workday.py for tasks to queue
[2022-10-11T20:25:07.467-0500] {logging_mixin.py:117} INFO - [2022-10-11T20:25:07.466-0500] {dagbag.py:525} INFO - Filling up the DagBag from /home/gabsiston/Documentos/projetos/airflow-data/venv/lib/python3.8/site-packages/airflow/example_dags/plugins/workday.py
[2022-10-11T20:25:07.469-0500] {processor.py:770} WARNING - No viable dags retrieved from /home/gabsiston/Documentos/projetos/airflow-data/venv/lib/python3.8/site-packages/airflow/example_dags/plugins/workday.py
[2022-10-11T20:25:07.485-0500] {processor.py:178} INFO - Processing /home/gabsiston/Documentos/projetos/airflow-data/venv/lib/python3.8/site-packages/airflow/example_dags/plugins/workday.py took 0.025 seconds
[2022-10-11T20:25:50.641-0500] {processor.py:156} INFO - Started process (PID=8079) to work on /home/gabsiston/Documentos/projetos/airflow-data/venv/lib/python3.8/site-packages/airflow/example_dags/plugins/workday.py
[2022-10-11T20:25:50.643-0500] {processor.py:758} INFO - Processing file /home/gabsiston/Documentos/projetos/airflow-data/venv/lib/python3.8/site-packages/airflow/example_dags/plugins/workday.py for tasks to queue
[2022-10-11T20:25:50.643-0500] {logging_mixin.py:117} INFO - [2022-10-11T20:25:50.643-0500] {dagbag.py:525} INFO - Filling up the DagBag from /home/gabsiston/Documentos/projetos/airflow-data/venv/lib/python3.8/site-packages/airflow/example_dags/plugins/workday.py
[2022-10-11T20:25:50.644-0500] {processor.py:770} WARNING - No viable dags retrieved from /home/gabsiston/Documentos/projetos/airflow-data/venv/lib/python3.8/site-packages/airflow/example_dags/plugins/workday.py
[2022-10-11T20:25:50.650-0500] {processor.py:178} INFO - Processing /home/gabsiston/Documentos/projetos/airflow-data/venv/lib/python3.8/site-packages/airflow/example_dags/plugins/workday.py took 0.012 seconds
[2022-10-11T20:26:27.263-0500] {processor.py:156} INFO - Started process (PID=8530) to work on /home/gabsiston/Documentos/projetos/airflow-data/venv/lib/python3.8/site-packages/airflow/example_dags/plugins/workday.py
[2022-10-11T20:26:27.265-0500] {processor.py:758} INFO - Processing file /home/gabsiston/Documentos/projetos/airflow-data/venv/lib/python3.8/site-packages/airflow/example_dags/plugins/workday.py for tasks to queue
[2022-10-11T20:26:27.266-0500] {logging_mixin.py:117} INFO - [2022-10-11T20:26:27.266-0500] {dagbag.py:525} INFO - Filling up the DagBag from /home/gabsiston/Documentos/projetos/airflow-data/venv/lib/python3.8/site-packages/airflow/example_dags/plugins/workday.py
[2022-10-11T20:26:27.269-0500] {processor.py:770} WARNING - No viable dags retrieved from /home/gabsiston/Documentos/projetos/airflow-data/venv/lib/python3.8/site-packages/airflow/example_dags/plugins/workday.py
[2022-10-11T20:26:27.278-0500] {processor.py:178} INFO - Processing /home/gabsiston/Documentos/projetos/airflow-data/venv/lib/python3.8/site-packages/airflow/example_dags/plugins/workday.py took 0.018 seconds
[2022-10-11T20:27:01.234-0500] {processor.py:156} INFO - Started process (PID=9065) to work on /home/gabsiston/Documentos/projetos/airflow-data/venv/lib/python3.8/site-packages/airflow/example_dags/plugins/workday.py
[2022-10-11T20:27:01.235-0500] {processor.py:758} INFO - Processing file /home/gabsiston/Documentos/projetos/airflow-data/venv/lib/python3.8/site-packages/airflow/example_dags/plugins/workday.py for tasks to queue
[2022-10-11T20:27:01.236-0500] {logging_mixin.py:117} INFO - [2022-10-11T20:27:01.236-0500] {dagbag.py:525} INFO - Filling up the DagBag from /home/gabsiston/Documentos/projetos/airflow-data/venv/lib/python3.8/site-packages/airflow/example_dags/plugins/workday.py
[2022-10-11T20:27:01.238-0500] {processor.py:770} WARNING - No viable dags retrieved from /home/gabsiston/Documentos/projetos/airflow-data/venv/lib/python3.8/site-packages/airflow/example_dags/plugins/workday.py
[2022-10-11T20:27:01.245-0500] {processor.py:178} INFO - Processing /home/gabsiston/Documentos/projetos/airflow-data/venv/lib/python3.8/site-packages/airflow/example_dags/plugins/workday.py took 0.014 seconds
[2022-10-11T20:27:34.786-0500] {processor.py:156} INFO - Started process (PID=9485) to work on /home/gabsiston/Documentos/projetos/airflow-data/venv/lib/python3.8/site-packages/airflow/example_dags/plugins/workday.py
[2022-10-11T20:27:34.788-0500] {processor.py:758} INFO - Processing file /home/gabsiston/Documentos/projetos/airflow-data/venv/lib/python3.8/site-packages/airflow/example_dags/plugins/workday.py for tasks to queue
[2022-10-11T20:27:34.788-0500] {logging_mixin.py:117} INFO - [2022-10-11T20:27:34.788-0500] {dagbag.py:525} INFO - Filling up the DagBag from /home/gabsiston/Documentos/projetos/airflow-data/venv/lib/python3.8/site-packages/airflow/example_dags/plugins/workday.py
[2022-10-11T20:27:34.790-0500] {processor.py:770} WARNING - No viable dags retrieved from /home/gabsiston/Documentos/projetos/airflow-data/venv/lib/python3.8/site-packages/airflow/example_dags/plugins/workday.py
[2022-10-11T20:27:34.798-0500] {processor.py:178} INFO - Processing /home/gabsiston/Documentos/projetos/airflow-data/venv/lib/python3.8/site-packages/airflow/example_dags/plugins/workday.py took 0.014 seconds
[2022-10-11T20:28:09.158-0500] {processor.py:156} INFO - Started process (PID=9757) to work on /home/gabsiston/Documentos/projetos/airflow-data/venv/lib/python3.8/site-packages/airflow/example_dags/plugins/workday.py
[2022-10-11T20:28:09.160-0500] {processor.py:758} INFO - Processing file /home/gabsiston/Documentos/projetos/airflow-data/venv/lib/python3.8/site-packages/airflow/example_dags/plugins/workday.py for tasks to queue
[2022-10-11T20:28:09.161-0500] {logging_mixin.py:117} INFO - [2022-10-11T20:28:09.160-0500] {dagbag.py:525} INFO - Filling up the DagBag from /home/gabsiston/Documentos/projetos/airflow-data/venv/lib/python3.8/site-packages/airflow/example_dags/plugins/workday.py
[2022-10-11T20:28:09.162-0500] {processor.py:770} WARNING - No viable dags retrieved from /home/gabsiston/Documentos/projetos/airflow-data/venv/lib/python3.8/site-packages/airflow/example_dags/plugins/workday.py
[2022-10-11T20:28:09.171-0500] {processor.py:178} INFO - Processing /home/gabsiston/Documentos/projetos/airflow-data/venv/lib/python3.8/site-packages/airflow/example_dags/plugins/workday.py took 0.016 seconds
[2022-10-11T20:28:44.953-0500] {processor.py:156} INFO - Started process (PID=10042) to work on /home/gabsiston/Documentos/projetos/airflow-data/venv/lib/python3.8/site-packages/airflow/example_dags/plugins/workday.py
[2022-10-11T20:28:44.955-0500] {processor.py:758} INFO - Processing file /home/gabsiston/Documentos/projetos/airflow-data/venv/lib/python3.8/site-packages/airflow/example_dags/plugins/workday.py for tasks to queue
[2022-10-11T20:28:44.955-0500] {logging_mixin.py:117} INFO - [2022-10-11T20:28:44.955-0500] {dagbag.py:525} INFO - Filling up the DagBag from /home/gabsiston/Documentos/projetos/airflow-data/venv/lib/python3.8/site-packages/airflow/example_dags/plugins/workday.py
[2022-10-11T20:28:44.956-0500] {processor.py:770} WARNING - No viable dags retrieved from /home/gabsiston/Documentos/projetos/airflow-data/venv/lib/python3.8/site-packages/airflow/example_dags/plugins/workday.py
[2022-10-11T20:28:44.962-0500] {processor.py:178} INFO - Processing /home/gabsiston/Documentos/projetos/airflow-data/venv/lib/python3.8/site-packages/airflow/example_dags/plugins/workday.py took 0.011 seconds
[2022-10-11T20:29:20.498-0500] {processor.py:156} INFO - Started process (PID=10273) to work on /home/gabsiston/Documentos/projetos/airflow-data/venv/lib/python3.8/site-packages/airflow/example_dags/plugins/workday.py
[2022-10-11T20:29:20.500-0500] {processor.py:758} INFO - Processing file /home/gabsiston/Documentos/projetos/airflow-data/venv/lib/python3.8/site-packages/airflow/example_dags/plugins/workday.py for tasks to queue
[2022-10-11T20:29:20.501-0500] {logging_mixin.py:117} INFO - [2022-10-11T20:29:20.501-0500] {dagbag.py:525} INFO - Filling up the DagBag from /home/gabsiston/Documentos/projetos/airflow-data/venv/lib/python3.8/site-packages/airflow/example_dags/plugins/workday.py
[2022-10-11T20:29:20.503-0500] {processor.py:770} WARNING - No viable dags retrieved from /home/gabsiston/Documentos/projetos/airflow-data/venv/lib/python3.8/site-packages/airflow/example_dags/plugins/workday.py
[2022-10-11T20:29:20.512-0500] {processor.py:178} INFO - Processing /home/gabsiston/Documentos/projetos/airflow-data/venv/lib/python3.8/site-packages/airflow/example_dags/plugins/workday.py took 0.016 seconds
[2022-10-11T20:29:56.746-0500] {processor.py:156} INFO - Started process (PID=10456) to work on /home/gabsiston/Documentos/projetos/airflow-data/venv/lib/python3.8/site-packages/airflow/example_dags/plugins/workday.py
[2022-10-11T20:29:56.748-0500] {processor.py:758} INFO - Processing file /home/gabsiston/Documentos/projetos/airflow-data/venv/lib/python3.8/site-packages/airflow/example_dags/plugins/workday.py for tasks to queue
[2022-10-11T20:29:56.748-0500] {logging_mixin.py:117} INFO - [2022-10-11T20:29:56.748-0500] {dagbag.py:525} INFO - Filling up the DagBag from /home/gabsiston/Documentos/projetos/airflow-data/venv/lib/python3.8/site-packages/airflow/example_dags/plugins/workday.py
[2022-10-11T20:29:56.750-0500] {processor.py:770} WARNING - No viable dags retrieved from /home/gabsiston/Documentos/projetos/airflow-data/venv/lib/python3.8/site-packages/airflow/example_dags/plugins/workday.py
[2022-10-11T20:29:56.759-0500] {processor.py:178} INFO - Processing /home/gabsiston/Documentos/projetos/airflow-data/venv/lib/python3.8/site-packages/airflow/example_dags/plugins/workday.py took 0.014 seconds
[2022-10-11T20:30:29.256-0500] {processor.py:156} INFO - Started process (PID=10682) to work on /home/gabsiston/Documentos/projetos/airflow-data/venv/lib/python3.8/site-packages/airflow/example_dags/plugins/workday.py
[2022-10-11T20:30:29.259-0500] {processor.py:758} INFO - Processing file /home/gabsiston/Documentos/projetos/airflow-data/venv/lib/python3.8/site-packages/airflow/example_dags/plugins/workday.py for tasks to queue
[2022-10-11T20:30:29.261-0500] {logging_mixin.py:117} INFO - [2022-10-11T20:30:29.260-0500] {dagbag.py:525} INFO - Filling up the DagBag from /home/gabsiston/Documentos/projetos/airflow-data/venv/lib/python3.8/site-packages/airflow/example_dags/plugins/workday.py
[2022-10-11T20:30:29.265-0500] {processor.py:770} WARNING - No viable dags retrieved from /home/gabsiston/Documentos/projetos/airflow-data/venv/lib/python3.8/site-packages/airflow/example_dags/plugins/workday.py
[2022-10-11T20:30:29.288-0500] {processor.py:178} INFO - Processing /home/gabsiston/Documentos/projetos/airflow-data/venv/lib/python3.8/site-packages/airflow/example_dags/plugins/workday.py took 0.034 seconds
[2022-10-11T20:31:03.669-0500] {processor.py:156} INFO - Started process (PID=10885) to work on /home/gabsiston/Documentos/projetos/airflow-data/venv/lib/python3.8/site-packages/airflow/example_dags/plugins/workday.py
[2022-10-11T20:31:03.671-0500] {processor.py:758} INFO - Processing file /home/gabsiston/Documentos/projetos/airflow-data/venv/lib/python3.8/site-packages/airflow/example_dags/plugins/workday.py for tasks to queue
[2022-10-11T20:31:03.672-0500] {logging_mixin.py:117} INFO - [2022-10-11T20:31:03.672-0500] {dagbag.py:525} INFO - Filling up the DagBag from /home/gabsiston/Documentos/projetos/airflow-data/venv/lib/python3.8/site-packages/airflow/example_dags/plugins/workday.py
[2022-10-11T20:31:03.673-0500] {processor.py:770} WARNING - No viable dags retrieved from /home/gabsiston/Documentos/projetos/airflow-data/venv/lib/python3.8/site-packages/airflow/example_dags/plugins/workday.py
[2022-10-11T20:31:03.680-0500] {processor.py:178} INFO - Processing /home/gabsiston/Documentos/projetos/airflow-data/venv/lib/python3.8/site-packages/airflow/example_dags/plugins/workday.py took 0.013 seconds
[2022-10-11T20:31:35.811-0500] {processor.py:156} INFO - Started process (PID=11187) to work on /home/gabsiston/Documentos/projetos/airflow-data/venv/lib/python3.8/site-packages/airflow/example_dags/plugins/workday.py
[2022-10-11T20:31:35.813-0500] {processor.py:758} INFO - Processing file /home/gabsiston/Documentos/projetos/airflow-data/venv/lib/python3.8/site-packages/airflow/example_dags/plugins/workday.py for tasks to queue
[2022-10-11T20:31:35.813-0500] {logging_mixin.py:117} INFO - [2022-10-11T20:31:35.813-0500] {dagbag.py:525} INFO - Filling up the DagBag from /home/gabsiston/Documentos/projetos/airflow-data/venv/lib/python3.8/site-packages/airflow/example_dags/plugins/workday.py
[2022-10-11T20:31:35.814-0500] {processor.py:770} WARNING - No viable dags retrieved from /home/gabsiston/Documentos/projetos/airflow-data/venv/lib/python3.8/site-packages/airflow/example_dags/plugins/workday.py
[2022-10-11T20:31:35.822-0500] {processor.py:178} INFO - Processing /home/gabsiston/Documentos/projetos/airflow-data/venv/lib/python3.8/site-packages/airflow/example_dags/plugins/workday.py took 0.014 seconds
[2022-10-11T20:32:13.224-0500] {processor.py:156} INFO - Started process (PID=11433) to work on /home/gabsiston/Documentos/projetos/airflow-data/venv/lib/python3.8/site-packages/airflow/example_dags/plugins/workday.py
[2022-10-11T20:32:13.226-0500] {processor.py:758} INFO - Processing file /home/gabsiston/Documentos/projetos/airflow-data/venv/lib/python3.8/site-packages/airflow/example_dags/plugins/workday.py for tasks to queue
[2022-10-11T20:32:13.227-0500] {logging_mixin.py:117} INFO - [2022-10-11T20:32:13.227-0500] {dagbag.py:525} INFO - Filling up the DagBag from /home/gabsiston/Documentos/projetos/airflow-data/venv/lib/python3.8/site-packages/airflow/example_dags/plugins/workday.py
[2022-10-11T20:32:13.228-0500] {processor.py:770} WARNING - No viable dags retrieved from /home/gabsiston/Documentos/projetos/airflow-data/venv/lib/python3.8/site-packages/airflow/example_dags/plugins/workday.py
[2022-10-11T20:32:13.237-0500] {processor.py:178} INFO - Processing /home/gabsiston/Documentos/projetos/airflow-data/venv/lib/python3.8/site-packages/airflow/example_dags/plugins/workday.py took 0.015 seconds
[2022-10-11T20:32:49.177-0500] {processor.py:156} INFO - Started process (PID=11833) to work on /home/gabsiston/Documentos/projetos/airflow-data/venv/lib/python3.8/site-packages/airflow/example_dags/plugins/workday.py
[2022-10-11T20:32:49.178-0500] {processor.py:758} INFO - Processing file /home/gabsiston/Documentos/projetos/airflow-data/venv/lib/python3.8/site-packages/airflow/example_dags/plugins/workday.py for tasks to queue
[2022-10-11T20:32:49.179-0500] {logging_mixin.py:117} INFO - [2022-10-11T20:32:49.178-0500] {dagbag.py:525} INFO - Filling up the DagBag from /home/gabsiston/Documentos/projetos/airflow-data/venv/lib/python3.8/site-packages/airflow/example_dags/plugins/workday.py
[2022-10-11T20:32:49.180-0500] {processor.py:770} WARNING - No viable dags retrieved from /home/gabsiston/Documentos/projetos/airflow-data/venv/lib/python3.8/site-packages/airflow/example_dags/plugins/workday.py
[2022-10-11T20:32:49.187-0500] {processor.py:178} INFO - Processing /home/gabsiston/Documentos/projetos/airflow-data/venv/lib/python3.8/site-packages/airflow/example_dags/plugins/workday.py took 0.012 seconds
[2022-10-11T20:33:24.502-0500] {processor.py:156} INFO - Started process (PID=12129) to work on /home/gabsiston/Documentos/projetos/airflow-data/venv/lib/python3.8/site-packages/airflow/example_dags/plugins/workday.py
[2022-10-11T20:33:24.504-0500] {processor.py:758} INFO - Processing file /home/gabsiston/Documentos/projetos/airflow-data/venv/lib/python3.8/site-packages/airflow/example_dags/plugins/workday.py for tasks to queue
[2022-10-11T20:33:24.505-0500] {logging_mixin.py:117} INFO - [2022-10-11T20:33:24.505-0500] {dagbag.py:525} INFO - Filling up the DagBag from /home/gabsiston/Documentos/projetos/airflow-data/venv/lib/python3.8/site-packages/airflow/example_dags/plugins/workday.py
[2022-10-11T20:33:24.506-0500] {processor.py:770} WARNING - No viable dags retrieved from /home/gabsiston/Documentos/projetos/airflow-data/venv/lib/python3.8/site-packages/airflow/example_dags/plugins/workday.py
[2022-10-11T20:33:24.516-0500] {processor.py:178} INFO - Processing /home/gabsiston/Documentos/projetos/airflow-data/venv/lib/python3.8/site-packages/airflow/example_dags/plugins/workday.py took 0.017 seconds
[2022-10-11T20:33:58.116-0500] {processor.py:156} INFO - Started process (PID=12301) to work on /home/gabsiston/Documentos/projetos/airflow-data/venv/lib/python3.8/site-packages/airflow/example_dags/plugins/workday.py
[2022-10-11T20:33:58.119-0500] {processor.py:758} INFO - Processing file /home/gabsiston/Documentos/projetos/airflow-data/venv/lib/python3.8/site-packages/airflow/example_dags/plugins/workday.py for tasks to queue
[2022-10-11T20:33:58.120-0500] {logging_mixin.py:117} INFO - [2022-10-11T20:33:58.120-0500] {dagbag.py:525} INFO - Filling up the DagBag from /home/gabsiston/Documentos/projetos/airflow-data/venv/lib/python3.8/site-packages/airflow/example_dags/plugins/workday.py
[2022-10-11T20:33:58.123-0500] {processor.py:770} WARNING - No viable dags retrieved from /home/gabsiston/Documentos/projetos/airflow-data/venv/lib/python3.8/site-packages/airflow/example_dags/plugins/workday.py
[2022-10-11T20:33:58.141-0500] {processor.py:178} INFO - Processing /home/gabsiston/Documentos/projetos/airflow-data/venv/lib/python3.8/site-packages/airflow/example_dags/plugins/workday.py took 0.031 seconds
[2022-10-11T20:34:33.448-0500] {processor.py:156} INFO - Started process (PID=12483) to work on /home/gabsiston/Documentos/projetos/airflow-data/venv/lib/python3.8/site-packages/airflow/example_dags/plugins/workday.py
[2022-10-11T20:34:33.450-0500] {processor.py:758} INFO - Processing file /home/gabsiston/Documentos/projetos/airflow-data/venv/lib/python3.8/site-packages/airflow/example_dags/plugins/workday.py for tasks to queue
[2022-10-11T20:34:33.451-0500] {logging_mixin.py:117} INFO - [2022-10-11T20:34:33.451-0500] {dagbag.py:525} INFO - Filling up the DagBag from /home/gabsiston/Documentos/projetos/airflow-data/venv/lib/python3.8/site-packages/airflow/example_dags/plugins/workday.py
[2022-10-11T20:34:33.453-0500] {processor.py:770} WARNING - No viable dags retrieved from /home/gabsiston/Documentos/projetos/airflow-data/venv/lib/python3.8/site-packages/airflow/example_dags/plugins/workday.py
[2022-10-11T20:34:33.463-0500] {processor.py:178} INFO - Processing /home/gabsiston/Documentos/projetos/airflow-data/venv/lib/python3.8/site-packages/airflow/example_dags/plugins/workday.py took 0.018 seconds
[2022-10-11T20:35:07.219-0500] {processor.py:156} INFO - Started process (PID=12664) to work on /home/gabsiston/Documentos/projetos/airflow-data/venv/lib/python3.8/site-packages/airflow/example_dags/plugins/workday.py
[2022-10-11T20:35:07.221-0500] {processor.py:758} INFO - Processing file /home/gabsiston/Documentos/projetos/airflow-data/venv/lib/python3.8/site-packages/airflow/example_dags/plugins/workday.py for tasks to queue
[2022-10-11T20:35:07.222-0500] {logging_mixin.py:117} INFO - [2022-10-11T20:35:07.222-0500] {dagbag.py:525} INFO - Filling up the DagBag from /home/gabsiston/Documentos/projetos/airflow-data/venv/lib/python3.8/site-packages/airflow/example_dags/plugins/workday.py
[2022-10-11T20:35:07.224-0500] {processor.py:770} WARNING - No viable dags retrieved from /home/gabsiston/Documentos/projetos/airflow-data/venv/lib/python3.8/site-packages/airflow/example_dags/plugins/workday.py
[2022-10-11T20:35:07.234-0500] {processor.py:178} INFO - Processing /home/gabsiston/Documentos/projetos/airflow-data/venv/lib/python3.8/site-packages/airflow/example_dags/plugins/workday.py took 0.017 seconds
[2022-10-11T20:35:41.266-0500] {processor.py:156} INFO - Started process (PID=12901) to work on /home/gabsiston/Documentos/projetos/airflow-data/venv/lib/python3.8/site-packages/airflow/example_dags/plugins/workday.py
[2022-10-11T20:35:41.267-0500] {processor.py:758} INFO - Processing file /home/gabsiston/Documentos/projetos/airflow-data/venv/lib/python3.8/site-packages/airflow/example_dags/plugins/workday.py for tasks to queue
[2022-10-11T20:35:41.267-0500] {logging_mixin.py:117} INFO - [2022-10-11T20:35:41.267-0500] {dagbag.py:525} INFO - Filling up the DagBag from /home/gabsiston/Documentos/projetos/airflow-data/venv/lib/python3.8/site-packages/airflow/example_dags/plugins/workday.py
[2022-10-11T20:35:41.268-0500] {processor.py:770} WARNING - No viable dags retrieved from /home/gabsiston/Documentos/projetos/airflow-data/venv/lib/python3.8/site-packages/airflow/example_dags/plugins/workday.py
[2022-10-11T20:35:41.275-0500] {processor.py:178} INFO - Processing /home/gabsiston/Documentos/projetos/airflow-data/venv/lib/python3.8/site-packages/airflow/example_dags/plugins/workday.py took 0.011 seconds
[2022-10-11T20:36:17.113-0500] {processor.py:156} INFO - Started process (PID=13148) to work on /home/gabsiston/Documentos/projetos/airflow-data/venv/lib/python3.8/site-packages/airflow/example_dags/plugins/workday.py
[2022-10-11T20:36:17.114-0500] {processor.py:758} INFO - Processing file /home/gabsiston/Documentos/projetos/airflow-data/venv/lib/python3.8/site-packages/airflow/example_dags/plugins/workday.py for tasks to queue
[2022-10-11T20:36:17.115-0500] {logging_mixin.py:117} INFO - [2022-10-11T20:36:17.115-0500] {dagbag.py:525} INFO - Filling up the DagBag from /home/gabsiston/Documentos/projetos/airflow-data/venv/lib/python3.8/site-packages/airflow/example_dags/plugins/workday.py
[2022-10-11T20:36:17.116-0500] {processor.py:770} WARNING - No viable dags retrieved from /home/gabsiston/Documentos/projetos/airflow-data/venv/lib/python3.8/site-packages/airflow/example_dags/plugins/workday.py
[2022-10-11T20:36:17.125-0500] {processor.py:178} INFO - Processing /home/gabsiston/Documentos/projetos/airflow-data/venv/lib/python3.8/site-packages/airflow/example_dags/plugins/workday.py took 0.014 seconds
[2022-10-11T20:36:51.386-0500] {processor.py:156} INFO - Started process (PID=13487) to work on /home/gabsiston/Documentos/projetos/airflow-data/venv/lib/python3.8/site-packages/airflow/example_dags/plugins/workday.py
[2022-10-11T20:36:51.388-0500] {processor.py:758} INFO - Processing file /home/gabsiston/Documentos/projetos/airflow-data/venv/lib/python3.8/site-packages/airflow/example_dags/plugins/workday.py for tasks to queue
[2022-10-11T20:36:51.389-0500] {logging_mixin.py:117} INFO - [2022-10-11T20:36:51.389-0500] {dagbag.py:525} INFO - Filling up the DagBag from /home/gabsiston/Documentos/projetos/airflow-data/venv/lib/python3.8/site-packages/airflow/example_dags/plugins/workday.py
[2022-10-11T20:36:51.391-0500] {processor.py:770} WARNING - No viable dags retrieved from /home/gabsiston/Documentos/projetos/airflow-data/venv/lib/python3.8/site-packages/airflow/example_dags/plugins/workday.py
[2022-10-11T20:36:51.402-0500] {processor.py:178} INFO - Processing /home/gabsiston/Documentos/projetos/airflow-data/venv/lib/python3.8/site-packages/airflow/example_dags/plugins/workday.py took 0.018 seconds
