[2022-10-12T20:45:22.182-0500] {taskinstance.py:1165} INFO - Dependencies all met for <TaskInstance: DesafioAirflow.count_to_txt scheduled__2022-10-11T21:17:19.235697+00:00 [queued]>
[2022-10-12T20:45:22.241-0500] {taskinstance.py:1165} INFO - Dependencies all met for <TaskInstance: DesafioAirflow.count_to_txt scheduled__2022-10-11T21:17:19.235697+00:00 [queued]>
[2022-10-12T20:45:22.242-0500] {taskinstance.py:1362} INFO - 
--------------------------------------------------------------------------------
[2022-10-12T20:45:22.242-0500] {taskinstance.py:1363} INFO - Starting attempt 1 of 2
[2022-10-12T20:45:22.242-0500] {taskinstance.py:1364} INFO - 
--------------------------------------------------------------------------------
[2022-10-12T20:45:22.267-0500] {taskinstance.py:1383} INFO - Executing <Task(PythonOperator): count_to_txt> on 2022-10-11 21:17:19.235697+00:00
[2022-10-12T20:45:22.270-0500] {standard_task_runner.py:54} INFO - Started process 189370 to run task
[2022-10-12T20:45:22.277-0500] {standard_task_runner.py:82} INFO - Running: ['airflow', 'tasks', 'run', 'DesafioAirflow', 'count_to_txt', 'scheduled__2022-10-11T21:17:19.235697+00:00', '--job-id', '15', '--raw', '--subdir', 'DAGS_FOLDER/elt_dag.py', '--cfg-path', '/tmp/tmp0ecvo51q']
[2022-10-12T20:45:22.279-0500] {standard_task_runner.py:83} INFO - Job 15: Subtask count_to_txt
[2022-10-12T20:45:22.281-0500] {dagbag.py:525} INFO - Filling up the DagBag from /home/gabsiston/Documentos/projetos/airflow-data/dags/elt_dag.py
[2022-10-12T20:45:22.888-0500] {task_command.py:384} INFO - Running <TaskInstance: DesafioAirflow.count_to_txt scheduled__2022-10-11T21:17:19.235697+00:00 [running]> on host linux-gabi
[2022-10-12T20:45:22.971-0500] {taskinstance.py:1590} INFO - Exporting the following env vars:
AIRFLOW_CTX_DAG_EMAIL=gabriela.siston@indicium.tech
AIRFLOW_CTX_DAG_OWNER=airflow
AIRFLOW_CTX_DAG_ID=DesafioAirflow
AIRFLOW_CTX_TASK_ID=count_to_txt
AIRFLOW_CTX_EXECUTION_DATE=2022-10-11T21:17:19.235697+00:00
AIRFLOW_CTX_TRY_NUMBER=1
AIRFLOW_CTX_DAG_RUN_ID=scheduled__2022-10-11T21:17:19.235697+00:00
[2022-10-12T20:45:23.024-0500] {python.py:177} INFO - Done. Returned value was: None
[2022-10-12T20:45:23.032-0500] {taskinstance.py:1401} INFO - Marking task as SUCCESS. dag_id=DesafioAirflow, task_id=count_to_txt, execution_date=20221011T211719, start_date=20221013T014522, end_date=20221013T014523
[2022-10-12T20:45:23.090-0500] {local_task_job.py:164} INFO - Task exited with return code 0
[2022-10-12T20:45:23.107-0500] {local_task_job.py:273} INFO - 0 downstream tasks scheduled from follow-on schedule check
